04-16-19T12:54:05: Start Log
04-16-19T12:54:05: Found Input File: Supplier Item-STORE_STORE-STORE SUPPLIES PROMOS_01.csv
04-16-19T12:54:05: Processing Supplier: STORE-STORE SUPPLIES PROMOS Xref: STORE
04-16-19T12:54:08: Supplier Item Rows: 10
04-16-19T12:54:09: Supplier Item Rows: 20
04-16-19T12:54:09: Supplier Item Rows: 30
04-16-19T12:54:09: Supplier Item Rows: 40
04-16-19T12:54:09: Supplier Item Rows: 50
04-16-19T12:54:09: Supplier Item Rows: 60
04-16-19T12:54:09: Supplier Item Rows: 70
04-16-19T12:54:09: Supplier Item Rows: 80
04-16-19T12:54:09: Supplier Item Rows: 90
04-16-19T12:54:09: Supplier Item Rows: 100
04-16-19T12:54:09: Supplier Item Rows: 110
04-16-19T12:54:09: Supplier Item Rows: 120
04-16-19T12:54:09: Supplier Item Rows: 130
04-16-19T12:54:10: Supplier Item Rows: 140
04-16-19T12:54:10: Supplier Item Rows: 150
04-16-19T12:54:10: Supplier Item Rows: 160
04-16-19T12:54:10: Supplier Item Rows: 170
04-16-19T12:54:10: Supplier Item Rows: 180
04-16-19T12:54:10: Supplier Item Rows: 190
04-16-19T12:54:10: Supplier Item Rows: 200
04-16-19T12:54:10: Supplier Item Rows: 210
04-16-19T12:54:10: Supplier Item Rows: 220
04-16-19T12:54:10: Supplier Item Rows: 230
04-16-19T12:54:10: Supplier Item Rows: 240
04-16-19T12:54:11: Supplier Item Rows: 250
04-16-19T12:54:11: Supplier Item Rows: 260
04-16-19T12:54:11: Supplier Item Rows: 270
04-16-19T12:54:11: Supplier Item Rows: 280
04-16-19T12:54:11: Supplier Item Rows: 290
04-16-19T12:54:11: Supplier Item Rows: 300
04-16-19T12:54:11: Supplier Item Rows: 310
04-16-19T12:54:11: Supplier Item Rows: 320
04-16-19T12:54:11: Supplier Item Rows: 330
04-16-19T12:54:11: Supplier Item Rows: 340
04-16-19T12:54:11: Supplier Item Rows: 350
04-16-19T12:54:12: Supplier Item Rows: 360
04-16-19T12:54:12: Supplier Item Rows: 370
04-16-19T12:54:12: Supplier Item Rows: 380
04-16-19T12:54:12: Supplier Item Rows: 390
04-16-19T12:54:12: Supplier Item Rows: 400
04-16-19T12:54:12: Supplier Item Rows: 410
04-16-19T12:54:12: Supplier Item Rows: 420
04-16-19T12:54:12: Supplier Item Rows: 430
04-16-19T12:54:13: Supplier Item Rows: 440
04-16-19T12:54:13: Supplier Item Rows: 450
04-16-19T12:54:13: Supplier Item Rows: 460
04-16-19T12:54:13: Supplier Item Rows: 470
04-16-19T12:54:13: Supplier Item Rows: 480
04-16-19T12:54:13: Supplier Item Rows: 490
04-16-19T12:54:13: Supplier Item Rows: 500
04-16-19T12:54:13: Supplier Item Rows: 510
04-16-19T12:54:13: Supplier Item Rows: 520
04-16-19T12:54:13: Supplier Item Rows: 530
04-16-19T12:54:13: Supplier Item Rows: 540
04-16-19T12:54:13: Supplier Item Rows: 550
04-16-19T12:54:13: Supplier Item Rows: 560
04-16-19T12:54:14: Supplier Item Rows: 570
04-16-19T12:54:14: Supplier Item Rows: 580
04-16-19T12:54:14: Supplier Item Rows: 590
04-16-19T12:54:14: Supplier Item Rows: 600
04-16-19T12:54:14: Supplier Item Rows: 610
04-16-19T12:54:14: Supplier Item Rows: 620
04-16-19T12:54:14: Supplier Item Rows: 630
04-16-19T12:54:14: Supplier Item Rows: 640
04-16-19T12:54:14: Supplier Item Rows: 650
04-16-19T12:54:14: Supplier Item Rows: 660
04-16-19T12:54:14: Supplier Item Rows: 670
04-16-19T12:54:14: Supplier Item Rows: 680
04-16-19T12:54:14: Supplier Item Rows: 690
04-16-19T12:54:14: Supplier Item Rows: 700
04-16-19T12:54:15: Supplier Item Rows: 710
04-16-19T12:54:15: Supplier Item Rows: 720
04-16-19T12:54:15: Supplier Item Rows: 730
04-16-19T12:54:15: Supplier Item Rows: 740
04-16-19T12:54:15: Supplier Item Rows: 750
04-16-19T12:54:15: Supplier Item Rows: 760
04-16-19T12:54:15: Supplier Item Rows: 770
04-16-19T12:54:15: Supplier Item Rows: 780
04-16-19T12:54:15: Supplier Item Rows: 790
04-16-19T12:54:15: Supplier Item Rows: 800
04-16-19T12:54:15: Supplier Item Rows: 810
04-16-19T12:54:15: Supplier Item Rows: 820
04-16-19T12:54:16: Supplier Item Rows: 830
04-16-19T12:54:16: Supplier Item Rows: 840
04-16-19T12:54:16: Supplier Item Rows: 850
04-16-19T12:54:16: Supplier Item Rows: 860
04-16-19T12:54:16: Supplier Item Rows: 870
04-16-19T12:54:16: Supplier Item Rows: 880
04-16-19T12:54:16: Supplier Item Rows: 890
04-16-19T12:54:16: Supplier Item Rows: 900
04-16-19T12:54:16: Supplier Item Rows: 910
04-16-19T12:54:17: Supplier Item Rows: 920
04-16-19T12:54:17: Supplier Item Rows: 930
04-16-19T12:54:17: Supplier Item Rows: 940
04-16-19T12:54:17: Supplier Item Rows: 950
04-16-19T12:54:17: Supplier Item Rows: 960
04-16-19T12:54:18: Supplier Item Rows: 970
04-16-19T12:54:18: Supplier Item Rows: 980
04-16-19T12:54:18: Supplier Item Rows: 990
04-16-19T12:54:18: Supplier Item Rows: 1000
04-16-19T12:54:18: Supplier Item Rows: 1010
04-16-19T12:54:18: Supplier Item Rows: 1020
04-16-19T12:54:18: Supplier Item Rows: 1030
04-16-19T12:54:19: Supplier Item Rows: 1040
04-16-19T12:54:19: Supplier Item Rows: 1050
04-16-19T12:54:19: Supplier Item Rows: 1060
04-16-19T12:54:19: Supplier Item Rows: 1070
04-16-19T12:54:19: Supplier Item Rows: 1080
04-16-19T12:54:19: Supplier Item Rows: 1090
04-16-19T12:54:19: Supplier Item Rows: 1100
04-16-19T12:54:19: Supplier Item Rows: 1110
04-16-19T12:54:19: Supplier Item Rows: 1120
04-16-19T12:54:19: Supplier Item Rows: 1130
04-16-19T12:54:19: Supplier Item Rows: 1140
04-16-19T12:54:19: Supplier Item Rows: 1150
04-16-19T12:54:19: Supplier Item Rows: 1160
04-16-19T12:54:20: Supplier Item Rows: 1170
04-16-19T12:54:20: Supplier Item Rows: 1180
04-16-19T12:54:20: Supplier Item Rows: 1190
04-16-19T12:54:20: Supplier Item Rows: 1200
04-16-19T12:54:20: Supplier Item Rows: 1210
04-16-19T12:54:20: Supplier Item Rows: 1220
04-16-19T12:54:20: Supplier Item Rows: 1230
04-16-19T12:54:20: Supplier Item Rows: 1240
04-16-19T12:54:20: Supplier Item Rows: 1250
04-16-19T12:54:20: Supplier Item Rows: 1260
04-16-19T12:54:20: Supplier Item Rows: 1270
04-16-19T12:54:20: Supplier Item Rows: 1280
04-16-19T12:54:20: Supplier Item Rows: 1290
04-16-19T12:54:21: Supplier Item Rows: 1300
04-16-19T12:54:21: Supplier Item Rows: 1310
04-16-19T12:54:21: Supplier Item Rows: 1320
04-16-19T12:54:21: Supplier Item Rows: 1330
04-16-19T12:54:21: Supplier Item Rows: 1340
04-16-19T12:54:21: Supplier Item Rows: 1350
04-16-19T12:54:21: Supplier Item Rows: 1360
04-16-19T12:54:21: Supplier Item Rows: 1370
04-16-19T12:54:21: Supplier Item Rows: 1380
04-16-19T12:54:21: Supplier Item Rows: 1390
04-16-19T12:54:21: Supplier Item Rows: 1400
04-16-19T12:54:21: Supplier Item Rows: 1410
04-16-19T12:54:22: Supplier Item Rows: 1420
04-16-19T12:54:22: Supplier Item Rows: 1430
04-16-19T12:54:22: Supplier Item Rows: 1440
04-16-19T12:54:22: Supplier Item Rows: 1450
04-16-19T12:54:22: Supplier Item Rows: 1460
04-16-19T12:54:22: Supplier Item Rows: 1470
04-16-19T12:54:22: Supplier Item Rows: 1480
04-16-19T12:54:22: Supplier Item Rows: 1490
04-16-19T12:54:22: Supplier Item Rows: 1500
04-16-19T12:54:22: Supplier Item Rows: 1510
04-16-19T12:54:22: Supplier Item Rows: 1520
04-16-19T12:54:22: Supplier Item Rows: 1530
04-16-19T12:54:22: Supplier Item Rows: 1540
04-16-19T12:54:23: Supplier Item Rows: 1550
04-16-19T12:54:23: Supplier Item Rows: 1560
04-16-19T12:54:23: Supplier Item Rows: 1570
04-16-19T12:54:23: Supplier Item Rows: 1580
04-16-19T12:54:23: Supplier Item Rows: 1590
04-16-19T12:54:23: Supplier Item Rows: 1600
04-16-19T12:54:23: Supplier Item Rows: 1610
04-16-19T12:54:23: Supplier Item Rows: 1620
04-16-19T12:54:23: Supplier Item Rows: 1630
04-16-19T12:54:23: Supplier Item Rows: 1640
04-16-19T12:54:24: Supplier Item Rows: 1650
04-16-19T12:54:24: Supplier Item Rows: 1660
04-16-19T12:54:24: Supplier Item Rows: 1670
04-16-19T12:54:24: Supplier Item Rows: 1680
04-16-19T12:54:24: Supplier Item Rows: 1690
04-16-19T12:54:24: Supplier Item Rows: 1700
04-16-19T12:54:24: Supplier Item Rows: 1710
04-16-19T12:54:25: Supplier Item Rows: 1720
04-16-19T12:54:25: Supplier Item Rows: 1730
04-16-19T12:54:25: Supplier Item Rows: 1740
04-16-19T12:54:25: Supplier Item Rows: 1750
04-16-19T12:54:25: Supplier Item Rows: 1760
04-16-19T12:54:25: Supplier Item Rows: 1770
04-16-19T12:54:25: Supplier Item Rows: 1780
04-16-19T12:54:25: Supplier Item Rows: 1790
04-16-19T12:54:25: Supplier Item Rows: 1800
04-16-19T12:54:25: Supplier Item Rows: 1810
04-16-19T12:54:25: Supplier Item Rows: 1820
04-16-19T12:54:25: Supplier Item Rows: 1830
04-16-19T12:54:25: Supplier Item Rows: 1840
04-16-19T12:54:25: Supplier Item Rows: 1850
04-16-19T12:54:26: Supplier Item Rows: 1860
04-16-19T12:54:26: Supplier Item Rows: 1870
04-16-19T12:54:26: Supplier Item Rows: 1880
04-16-19T12:54:26: Supplier Item Rows: 1890
04-16-19T12:54:26: Supplier Item Rows: 1900
04-16-19T12:54:26: Supplier Item Rows: 1910
04-16-19T12:54:26: Supplier Item Rows: 1920
04-16-19T12:54:26: Supplier Item Rows: 1930
04-16-19T12:54:26: Supplier Item Rows: 1940
04-16-19T12:54:26: Supplier Item Rows: 1950
04-16-19T12:54:26: Supplier Item Rows: 1960
04-16-19T12:54:26: Supplier Item Rows: 1970
04-16-19T12:54:27: Supplier Item Rows: 1980
04-16-19T12:54:27: Supplier Item Rows: 1990
04-16-19T12:54:27: Supplier Item Rows: 2000
04-16-19T12:54:27: Supplier Item Rows: 2010
04-16-19T12:54:27: Supplier Item Rows: 2020
04-16-19T12:54:27: Supplier Item Rows: 2030
04-16-19T12:54:27: Supplier Item Rows: 2040
04-16-19T12:54:27: Supplier Item Rows: 2050
04-16-19T12:54:27: Supplier Item Rows: 2060
04-16-19T12:54:27: Supplier Item Rows: 2070
04-16-19T12:54:27: Supplier Item Rows: 2080
04-16-19T12:54:27: Supplier Item Rows: 2090
04-16-19T12:54:28: Supplier Item Rows: 2100
04-16-19T12:54:28: Supplier Item Rows: 2110
04-16-19T12:54:28: Supplier Item Rows: 2120
04-16-19T12:54:28: Supplier Item Rows: 2130
04-16-19T12:54:28: Supplier Item Rows: 2140
04-16-19T12:54:28: Supplier Item Rows: 2150
04-16-19T12:54:28: Supplier Item Rows: 2160
04-16-19T12:54:28: Supplier Item Rows: 2170
04-16-19T12:54:28: Supplier Item Rows: 2180
04-16-19T12:54:28: Supplier Item Rows: 2190
04-16-19T12:54:28: Supplier Item Rows: 2200
04-16-19T12:54:28: Supplier Item Rows: 2210
04-16-19T12:54:28: Supplier Item Rows: 2220
04-16-19T12:54:28: Supplier Item Rows: 2230
04-16-19T12:54:29: Supplier Item Rows: 2240
04-16-19T12:54:29: Supplier Item Rows: 2250
04-16-19T12:54:29: Supplier Item Rows: 2260
04-16-19T12:54:29: Supplier Item Rows: 2270
04-16-19T12:54:29: Supplier Item Rows: 2280
04-16-19T12:54:29: Supplier Item Rows: 2290
04-16-19T12:54:29: Supplier Item Rows: 2300
04-16-19T12:54:29: Supplier Item Rows: 2310
04-16-19T12:54:29: Supplier Item Rows: 2320
04-16-19T12:54:29: Supplier Item Rows: 2330
04-16-19T12:54:29: Supplier Item Rows: 2340
04-16-19T12:54:29: Supplier Item Rows: 2350
04-16-19T12:54:30: Supplier Item Rows: 2360
04-16-19T12:54:30: Finished Supplier: STORE-STORE SUPPLIES PROMOS Xref: STORE
04-16-19T12:54:30: Total Items: 2359
04-16-19T12:54:30: File created in working xls folder: Supplier Item-STORE-STORE SUPPLIES PROMOS_STORE_01.xlsx
04-16-19T12:54:30: ...
04-16-19T12:54:30: End Log
