04-11-19T13:30:30: Start Log
04-11-19T13:30:30: Found Input File: C:\Users\chuck\Documents\ROC\Speedway-Source\Data Extraction And Loading\Import Files\Supplier Item\FinalCSV\Supplier Item-ELMEJOR_EL MEJOR INC_01.csv
04-11-19T13:30:30: Supplier Name: EL MEJOR INC
04-11-19T13:30:30: Supplier Items Rows: 10
04-11-19T13:30:30: Supplier Items Rows: 20
04-11-19T13:30:30: Supplier Items Rows: 30
04-11-19T13:30:30: Supplier Items Rows: 40
04-11-19T13:30:30: Supplier Items Rows: 50
04-11-19T13:30:30: Supplier Items Rows: 60
04-11-19T13:30:30: Supplier Items Rows: 70
04-11-19T13:30:30: Starting XSL Transform, this may take awhile.
04-11-19T13:30:30: XSL Transform Completed.
04-11-19T13:30:30: Supplier Item-ELMEJOR_EL MEJOR INC_01 completed.
04-11-19T13:30:30: Found Input File: C:\Users\chuck\Documents\ROC\Speedway-Source\Data Extraction And Loading\Import Files\Supplier Item\FinalCSV\Supplier Item-FRITOEPO_FRITOASN-FRITO-LAY INC WESTERN ASN_01.csv
04-11-19T13:30:30: Supplier Name: FRITOASN-FRITO-LAY INC WESTERN ASN
04-11-19T13:30:30: Supplier Items Rows: 10
04-11-19T13:30:30: Supplier Items Rows: 20
04-11-19T13:30:30: Supplier Items Rows: 30
04-11-19T13:30:30: Supplier Items Rows: 40
04-11-19T13:30:30: Supplier Items Rows: 50
04-11-19T13:30:30: Supplier Items Rows: 60
04-11-19T13:30:30: Supplier Items Rows: 70
04-11-19T13:30:30: Supplier Items Rows: 80
04-11-19T13:30:30: Supplier Items Rows: 90
04-11-19T13:30:30: Supplier Items Rows: 100
04-11-19T13:30:30: Supplier Items Rows: 110
04-11-19T13:30:30: Supplier Items Rows: 120
04-11-19T13:30:30: Supplier Items Rows: 130
04-11-19T13:30:30: Supplier Items Rows: 140
04-11-19T13:30:30: Supplier Items Rows: 150
04-11-19T13:30:30: Supplier Items Rows: 160
04-11-19T13:30:30: Supplier Items Rows: 170
04-11-19T13:30:30: Supplier Items Rows: 180
04-11-19T13:30:30: Supplier Items Rows: 190
04-11-19T13:30:30: Supplier Items Rows: 200
04-11-19T13:30:30: Supplier Items Rows: 210
04-11-19T13:30:30: Supplier Items Rows: 220
04-11-19T13:30:30: Supplier Items Rows: 230
04-11-19T13:30:30: Supplier Items Rows: 240
04-11-19T13:30:30: Supplier Items Rows: 250
04-11-19T13:30:30: Supplier Items Rows: 260
04-11-19T13:30:30: Supplier Items Rows: 270
04-11-19T13:30:30: Supplier Items Rows: 280
04-11-19T13:30:30: Supplier Items Rows: 290
04-11-19T13:30:30: Supplier Items Rows: 300
04-11-19T13:30:30: Supplier Items Rows: 310
04-11-19T13:30:30: Supplier Items Rows: 320
04-11-19T13:30:30: Supplier Items Rows: 330
04-11-19T13:30:30: Supplier Items Rows: 340
04-11-19T13:30:30: Supplier Items Rows: 350
04-11-19T13:30:30: Supplier Items Rows: 360
04-11-19T13:30:30: Supplier Items Rows: 370
04-11-19T13:30:30: Supplier Items Rows: 380
04-11-19T13:30:30: Supplier Items Rows: 390
04-11-19T13:30:30: Supplier Items Rows: 400
04-11-19T13:30:30: Supplier Items Rows: 410
04-11-19T13:30:30: Supplier Items Rows: 420
04-11-19T13:30:30: Supplier Items Rows: 430
04-11-19T13:30:30: Supplier Items Rows: 440
04-11-19T13:30:30: Supplier Items Rows: 450
04-11-19T13:30:30: Supplier Items Rows: 460
04-11-19T13:30:30: Supplier Items Rows: 470
04-11-19T13:30:30: Supplier Items Rows: 480
04-11-19T13:30:30: Supplier Items Rows: 490
04-11-19T13:30:30: Supplier Items Rows: 500
04-11-19T13:30:30: Supplier Items Rows: 510
04-11-19T13:30:30: Supplier Items Rows: 520
04-11-19T13:30:30: Supplier Items Rows: 530
04-11-19T13:30:30: Supplier Items Rows: 540
04-11-19T13:30:30: Supplier Items Rows: 550
04-11-19T13:30:30: Supplier Items Rows: 560
04-11-19T13:30:30: Supplier Items Rows: 570
04-11-19T13:30:30: Supplier Items Rows: 580
04-11-19T13:30:30: Supplier Items Rows: 590
04-11-19T13:30:30: Supplier Items Rows: 600
04-11-19T13:30:30: Supplier Items Rows: 610
04-11-19T13:30:30: Supplier Items Rows: 620
04-11-19T13:30:30: Supplier Items Rows: 630
04-11-19T13:30:30: Supplier Items Rows: 640
04-11-19T13:30:30: Supplier Items Rows: 650
04-11-19T13:30:30: Supplier Items Rows: 660
04-11-19T13:30:30: Supplier Items Rows: 670
04-11-19T13:30:30: Supplier Items Rows: 680
04-11-19T13:30:30: Supplier Items Rows: 690
04-11-19T13:30:30: Supplier Items Rows: 700
04-11-19T13:30:30: Supplier Items Rows: 710
04-11-19T13:30:30: Supplier Items Rows: 720
04-11-19T13:30:30: Supplier Items Rows: 730
04-11-19T13:30:30: Supplier Items Rows: 740
04-11-19T13:30:30: Supplier Items Rows: 750
04-11-19T13:30:30: Supplier Items Rows: 760
04-11-19T13:30:30: Supplier Items Rows: 770
04-11-19T13:30:30: Supplier Items Rows: 780
04-11-19T13:30:30: Supplier Items Rows: 790
04-11-19T13:30:30: Supplier Items Rows: 800
04-11-19T13:30:30: Supplier Items Rows: 810
04-11-19T13:30:30: Supplier Items Rows: 820
04-11-19T13:30:30: Supplier Items Rows: 830
04-11-19T13:30:30: Supplier Items Rows: 840
04-11-19T13:30:30: Supplier Items Rows: 850
04-11-19T13:30:30: Supplier Items Rows: 860
04-11-19T13:30:30: Supplier Items Rows: 870
04-11-19T13:30:30: Supplier Items Rows: 880
04-11-19T13:30:30: Supplier Items Rows: 890
04-11-19T13:30:30: Supplier Items Rows: 900
04-11-19T13:30:30: Supplier Items Rows: 910
04-11-19T13:30:30: Supplier Items Rows: 920
04-11-19T13:30:30: Supplier Items Rows: 930
04-11-19T13:30:30: Supplier Items Rows: 940
04-11-19T13:30:30: Supplier Items Rows: 950
04-11-19T13:30:30: Supplier Items Rows: 960
04-11-19T13:30:30: Supplier Items Rows: 970
04-11-19T13:30:30: Supplier Items Rows: 980
04-11-19T13:30:30: Supplier Items Rows: 990
04-11-19T13:30:30: Supplier Items Rows: 1000
04-11-19T13:30:30: Supplier Items Rows: 1010
04-11-19T13:30:30: Supplier Items Rows: 1020
04-11-19T13:30:30: Supplier Items Rows: 1030
04-11-19T13:30:30: Supplier Items Rows: 1040
04-11-19T13:30:30: Supplier Items Rows: 1050
04-11-19T13:30:30: Supplier Items Rows: 1060
04-11-19T13:30:30: Supplier Items Rows: 1070
04-11-19T13:30:30: Supplier Items Rows: 1080
04-11-19T13:30:30: Supplier Items Rows: 1090
04-11-19T13:30:30: Supplier Items Rows: 1100
04-11-19T13:30:30: Supplier Items Rows: 1110
04-11-19T13:30:30: Supplier Items Rows: 1120
04-11-19T13:30:30: Supplier Items Rows: 1130
04-11-19T13:30:30: Supplier Items Rows: 1140
04-11-19T13:30:30: Supplier Items Rows: 1150
04-11-19T13:30:30: Supplier Items Rows: 1160
04-11-19T13:30:30: Supplier Items Rows: 1170
04-11-19T13:30:30: Supplier Items Rows: 1180
04-11-19T13:30:30: Supplier Items Rows: 1190
04-11-19T13:30:30: Supplier Items Rows: 1200
04-11-19T13:30:30: Supplier Items Rows: 1210
04-11-19T13:30:30: Supplier Items Rows: 1220
04-11-19T13:30:30: Supplier Items Rows: 1230
04-11-19T13:30:30: Supplier Items Rows: 1240
04-11-19T13:30:30: Supplier Items Rows: 1250
04-11-19T13:30:30: Supplier Items Rows: 1260
04-11-19T13:30:31: Supplier Items Rows: 1270
04-11-19T13:30:31: Supplier Items Rows: 1280
04-11-19T13:30:31: Supplier Items Rows: 1290
04-11-19T13:30:31: Supplier Items Rows: 1300
04-11-19T13:30:31: Supplier Items Rows: 1310
04-11-19T13:30:31: Supplier Items Rows: 1320
04-11-19T13:30:31: Supplier Items Rows: 1330
04-11-19T13:30:31: Supplier Items Rows: 1340
04-11-19T13:30:31: Supplier Items Rows: 1350
04-11-19T13:30:31: Supplier Items Rows: 1360
04-11-19T13:30:31: Supplier Items Rows: 1370
04-11-19T13:30:31: Supplier Items Rows: 1380
04-11-19T13:30:31: Supplier Items Rows: 1390
04-11-19T13:30:31: Supplier Items Rows: 1400
04-11-19T13:30:31: Supplier Items Rows: 1410
04-11-19T13:30:31: Supplier Items Rows: 1420
04-11-19T13:30:31: Supplier Items Rows: 1430
04-11-19T13:30:31: Supplier Items Rows: 1440
04-11-19T13:30:31: Supplier Items Rows: 1450
04-11-19T13:30:31: Supplier Items Rows: 1460
04-11-19T13:30:31: Supplier Items Rows: 1470
04-11-19T13:30:31: Supplier Items Rows: 1480
04-11-19T13:30:31: Supplier Items Rows: 1490
04-11-19T13:30:31: Supplier Items Rows: 1500
04-11-19T13:30:31: Supplier Items Rows: 1510
04-11-19T13:30:31: Supplier Items Rows: 1520
04-11-19T13:30:31: Supplier Items Rows: 1530
04-11-19T13:30:31: Supplier Items Rows: 1540
04-11-19T13:30:31: Supplier Items Rows: 1550
04-11-19T13:30:31: Supplier Items Rows: 1560
04-11-19T13:30:31: Supplier Items Rows: 1570
04-11-19T13:30:31: Supplier Items Rows: 1580
04-11-19T13:30:31: Supplier Items Rows: 1590
04-11-19T13:30:31: Supplier Items Rows: 1600
04-11-19T13:30:31: Supplier Items Rows: 1610
04-11-19T13:30:31: Supplier Items Rows: 1620
04-11-19T13:30:31: Supplier Items Rows: 1630
04-11-19T13:30:31: Supplier Items Rows: 1640
04-11-19T13:30:31: Supplier Items Rows: 1650
04-11-19T13:30:31: Supplier Items Rows: 1660
04-11-19T13:30:31: Supplier Items Rows: 1670
04-11-19T13:30:31: Supplier Items Rows: 1680
04-11-19T13:30:31: Supplier Items Rows: 1690
04-11-19T13:30:31: Supplier Items Rows: 1700
04-11-19T13:30:31: Supplier Items Rows: 1710
04-11-19T13:30:31: Supplier Items Rows: 1720
04-11-19T13:30:31: Supplier Items Rows: 1730
04-11-19T13:30:31: Supplier Items Rows: 1740
04-11-19T13:30:31: Supplier Items Rows: 1750
04-11-19T13:30:31: Supplier Items Rows: 1760
04-11-19T13:30:31: Supplier Items Rows: 1770
04-11-19T13:30:31: Supplier Items Rows: 1780
04-11-19T13:30:31: Supplier Items Rows: 1790
04-11-19T13:30:31: Supplier Items Rows: 1800
04-11-19T13:30:31: Supplier Items Rows: 1810
04-11-19T13:30:31: Supplier Items Rows: 1820
04-11-19T13:30:31: Supplier Items Rows: 1830
04-11-19T13:30:31: Supplier Items Rows: 1840
04-11-19T13:30:31: Supplier Items Rows: 1850
04-11-19T13:30:31: Supplier Items Rows: 1860
04-11-19T13:30:31: Supplier Items Rows: 1870
04-11-19T13:30:31: Supplier Items Rows: 1880
04-11-19T13:30:31: Supplier Items Rows: 1890
04-11-19T13:30:31: Supplier Items Rows: 1900
04-11-19T13:30:31: Starting XSL Transform, this may take awhile.
04-11-19T13:30:31: XSL Transform Completed.
04-11-19T13:30:31: Supplier Item-FRITOEPO_FRITOASN-FRITO-LAY INC WESTERN ASN_01 completed.
04-11-19T13:30:31: Found Input File: C:\Users\chuck\Documents\ROC\Speedway-Source\Data Extraction And Loading\Import Files\Supplier Item\FinalCSV\Supplier Item-FRITO_FRITO-FRITO-LAY INC WESTERN_01.csv
04-11-19T13:30:31: Supplier Name: FRITO-FRITO-LAY INC WESTERN
04-11-19T13:30:31: Supplier Items Rows: 10
04-11-19T13:30:31: Supplier Items Rows: 20
04-11-19T13:30:31: Supplier Items Rows: 30
04-11-19T13:30:31: Supplier Items Rows: 40
04-11-19T13:30:31: Supplier Items Rows: 50
04-11-19T13:30:31: Supplier Items Rows: 60
04-11-19T13:30:31: Supplier Items Rows: 70
04-11-19T13:30:31: Supplier Items Rows: 80
04-11-19T13:30:31: Supplier Items Rows: 90
04-11-19T13:30:31: Supplier Items Rows: 100
04-11-19T13:30:31: Supplier Items Rows: 110
04-11-19T13:30:31: Supplier Items Rows: 120
04-11-19T13:30:31: Supplier Items Rows: 130
04-11-19T13:30:31: Supplier Items Rows: 140
04-11-19T13:30:31: Supplier Items Rows: 150
04-11-19T13:30:31: Supplier Items Rows: 160
04-11-19T13:30:31: Supplier Items Rows: 170
04-11-19T13:30:31: Supplier Items Rows: 180
04-11-19T13:30:31: Supplier Items Rows: 190
04-11-19T13:30:31: Supplier Items Rows: 200
04-11-19T13:30:31: Supplier Items Rows: 210
04-11-19T13:30:31: Supplier Items Rows: 220
04-11-19T13:30:31: Supplier Items Rows: 230
04-11-19T13:30:31: Supplier Items Rows: 240
04-11-19T13:30:31: Supplier Items Rows: 250
04-11-19T13:30:31: Supplier Items Rows: 260
04-11-19T13:30:31: Supplier Items Rows: 270
04-11-19T13:30:31: Supplier Items Rows: 280
04-11-19T13:30:31: Supplier Items Rows: 290
04-11-19T13:30:31: Supplier Items Rows: 300
04-11-19T13:30:31: Supplier Items Rows: 310
04-11-19T13:30:31: Supplier Items Rows: 320
04-11-19T13:30:31: Supplier Items Rows: 330
04-11-19T13:30:31: Supplier Items Rows: 340
04-11-19T13:30:31: Supplier Items Rows: 350
04-11-19T13:30:31: Supplier Items Rows: 360
04-11-19T13:30:31: Supplier Items Rows: 370
04-11-19T13:30:31: Supplier Items Rows: 380
04-11-19T13:30:31: Supplier Items Rows: 390
04-11-19T13:30:31: Supplier Items Rows: 400
04-11-19T13:30:31: Supplier Items Rows: 410
04-11-19T13:30:31: Supplier Items Rows: 420
04-11-19T13:30:31: Supplier Items Rows: 430
04-11-19T13:30:31: Supplier Items Rows: 440
04-11-19T13:30:31: Supplier Items Rows: 450
04-11-19T13:30:31: Supplier Items Rows: 460
04-11-19T13:30:31: Supplier Items Rows: 470
04-11-19T13:30:31: Supplier Items Rows: 480
04-11-19T13:30:31: Supplier Items Rows: 490
04-11-19T13:30:31: Supplier Items Rows: 500
04-11-19T13:30:31: Supplier Items Rows: 510
04-11-19T13:30:31: Supplier Items Rows: 520
04-11-19T13:30:31: Supplier Items Rows: 530
04-11-19T13:30:31: Supplier Items Rows: 540
04-11-19T13:30:31: Supplier Items Rows: 550
04-11-19T13:30:31: Supplier Items Rows: 560
04-11-19T13:30:31: Supplier Items Rows: 570
04-11-19T13:30:31: Supplier Items Rows: 580
04-11-19T13:30:31: Supplier Items Rows: 590
04-11-19T13:30:31: Supplier Items Rows: 600
04-11-19T13:30:31: Supplier Items Rows: 610
04-11-19T13:30:31: Supplier Items Rows: 620
04-11-19T13:30:31: Supplier Items Rows: 630
04-11-19T13:30:31: Supplier Items Rows: 640
04-11-19T13:30:31: Supplier Items Rows: 650
04-11-19T13:30:31: Supplier Items Rows: 660
04-11-19T13:30:31: Supplier Items Rows: 670
04-11-19T13:30:31: Supplier Items Rows: 680
04-11-19T13:30:31: Supplier Items Rows: 690
04-11-19T13:30:31: Supplier Items Rows: 700
04-11-19T13:30:31: Supplier Items Rows: 710
04-11-19T13:30:31: Supplier Items Rows: 720
04-11-19T13:30:31: Supplier Items Rows: 730
04-11-19T13:30:31: Supplier Items Rows: 740
04-11-19T13:30:31: Supplier Items Rows: 750
04-11-19T13:30:31: Supplier Items Rows: 760
04-11-19T13:30:31: Supplier Items Rows: 770
04-11-19T13:30:31: Supplier Items Rows: 780
04-11-19T13:30:31: Supplier Items Rows: 790
04-11-19T13:30:31: Supplier Items Rows: 800
04-11-19T13:30:31: Supplier Items Rows: 810
04-11-19T13:30:31: Supplier Items Rows: 820
04-11-19T13:30:31: Supplier Items Rows: 830
04-11-19T13:30:31: Supplier Items Rows: 840
04-11-19T13:30:31: Supplier Items Rows: 850
04-11-19T13:30:31: Supplier Items Rows: 860
04-11-19T13:30:31: Supplier Items Rows: 870
04-11-19T13:30:31: Supplier Items Rows: 880
04-11-19T13:30:31: Supplier Items Rows: 890
04-11-19T13:30:31: Supplier Items Rows: 900
04-11-19T13:30:31: Supplier Items Rows: 910
04-11-19T13:30:31: Supplier Items Rows: 920
04-11-19T13:30:31: Supplier Items Rows: 930
04-11-19T13:30:31: Supplier Items Rows: 940
04-11-19T13:30:31: Supplier Items Rows: 950
04-11-19T13:30:31: Supplier Items Rows: 960
04-11-19T13:30:31: Supplier Items Rows: 970
04-11-19T13:30:31: Supplier Items Rows: 980
04-11-19T13:30:31: Supplier Items Rows: 990
04-11-19T13:30:31: Supplier Items Rows: 1000
04-11-19T13:30:31: Supplier Items Rows: 1010
04-11-19T13:30:31: Supplier Items Rows: 1020
04-11-19T13:30:31: Supplier Items Rows: 1030
04-11-19T13:30:31: Supplier Items Rows: 1040
04-11-19T13:30:31: Supplier Items Rows: 1050
04-11-19T13:30:31: Supplier Items Rows: 1060
04-11-19T13:30:31: Supplier Items Rows: 1070
04-11-19T13:30:31: Supplier Items Rows: 1080
04-11-19T13:30:31: Supplier Items Rows: 1090
04-11-19T13:30:31: Supplier Items Rows: 1100
04-11-19T13:30:31: Supplier Items Rows: 1110
04-11-19T13:30:31: Supplier Items Rows: 1120
04-11-19T13:30:31: Supplier Items Rows: 1130
04-11-19T13:30:31: Supplier Items Rows: 1140
04-11-19T13:30:31: Supplier Items Rows: 1150
04-11-19T13:30:31: Supplier Items Rows: 1160
04-11-19T13:30:31: Supplier Items Rows: 1170
04-11-19T13:30:31: Supplier Items Rows: 1180
04-11-19T13:30:31: Supplier Items Rows: 1190
04-11-19T13:30:31: Supplier Items Rows: 1200
04-11-19T13:30:31: Supplier Items Rows: 1210
04-11-19T13:30:31: Supplier Items Rows: 1220
04-11-19T13:30:31: Supplier Items Rows: 1230
04-11-19T13:30:31: Supplier Items Rows: 1240
04-11-19T13:30:31: Supplier Items Rows: 1250
04-11-19T13:30:31: Supplier Items Rows: 1260
04-11-19T13:30:31: Supplier Items Rows: 1270
04-11-19T13:30:31: Supplier Items Rows: 1280
04-11-19T13:30:31: Supplier Items Rows: 1290
04-11-19T13:30:31: Supplier Items Rows: 1300
04-11-19T13:30:31: Supplier Items Rows: 1310
04-11-19T13:30:31: Supplier Items Rows: 1320
04-11-19T13:30:31: Supplier Items Rows: 1330
04-11-19T13:30:31: Supplier Items Rows: 1340
04-11-19T13:30:31: Supplier Items Rows: 1350
04-11-19T13:30:31: Supplier Items Rows: 1360
04-11-19T13:30:31: Supplier Items Rows: 1370
04-11-19T13:30:31: Supplier Items Rows: 1380
04-11-19T13:30:31: Supplier Items Rows: 1390
04-11-19T13:30:31: Supplier Items Rows: 1400
04-11-19T13:30:31: Supplier Items Rows: 1410
04-11-19T13:30:31: Supplier Items Rows: 1420
04-11-19T13:30:31: Supplier Items Rows: 1430
04-11-19T13:30:31: Supplier Items Rows: 1440
04-11-19T13:30:31: Supplier Items Rows: 1450
04-11-19T13:30:31: Supplier Items Rows: 1460
04-11-19T13:30:31: Supplier Items Rows: 1470
04-11-19T13:30:31: Supplier Items Rows: 1480
04-11-19T13:30:31: Supplier Items Rows: 1490
04-11-19T13:30:31: Supplier Items Rows: 1500
04-11-19T13:30:31: Supplier Items Rows: 1510
04-11-19T13:30:31: Supplier Items Rows: 1520
04-11-19T13:30:31: Supplier Items Rows: 1530
04-11-19T13:30:31: Supplier Items Rows: 1540
04-11-19T13:30:31: Supplier Items Rows: 1550
04-11-19T13:30:31: Supplier Items Rows: 1560
04-11-19T13:30:31: Supplier Items Rows: 1570
04-11-19T13:30:31: Supplier Items Rows: 1580
04-11-19T13:30:31: Supplier Items Rows: 1590
04-11-19T13:30:31: Supplier Items Rows: 1600
04-11-19T13:30:32: Supplier Items Rows: 1610
04-11-19T13:30:32: Supplier Items Rows: 1620
04-11-19T13:30:32: Supplier Items Rows: 1630
04-11-19T13:30:32: Supplier Items Rows: 1640
04-11-19T13:30:32: Supplier Items Rows: 1650
04-11-19T13:30:32: Supplier Items Rows: 1660
04-11-19T13:30:32: Supplier Items Rows: 1670
04-11-19T13:30:32: Supplier Items Rows: 1680
04-11-19T13:30:32: Supplier Items Rows: 1690
04-11-19T13:30:32: Supplier Items Rows: 1700
04-11-19T13:30:32: Supplier Items Rows: 1710
04-11-19T13:30:32: Supplier Items Rows: 1720
04-11-19T13:30:32: Supplier Items Rows: 1730
04-11-19T13:30:32: Supplier Items Rows: 1740
04-11-19T13:30:32: Supplier Items Rows: 1750
04-11-19T13:30:32: Supplier Items Rows: 1760
04-11-19T13:30:32: Supplier Items Rows: 1770
04-11-19T13:30:32: Supplier Items Rows: 1780
04-11-19T13:30:32: Supplier Items Rows: 1790
04-11-19T13:30:32: Supplier Items Rows: 1800
04-11-19T13:30:32: Supplier Items Rows: 1810
04-11-19T13:30:32: Supplier Items Rows: 1820
04-11-19T13:30:32: Supplier Items Rows: 1830
04-11-19T13:30:32: Supplier Items Rows: 1840
04-11-19T13:30:32: Supplier Items Rows: 1850
04-11-19T13:30:32: Supplier Items Rows: 1860
04-11-19T13:30:32: Supplier Items Rows: 1870
04-11-19T13:30:32: Supplier Items Rows: 1880
04-11-19T13:30:32: Supplier Items Rows: 1890
04-11-19T13:30:32: Supplier Items Rows: 1900
04-11-19T13:30:32: Starting XSL Transform, this may take awhile.
04-11-19T13:30:32: XSL Transform Completed.
04-11-19T13:30:32: Supplier Item-FRITO_FRITO-FRITO-LAY INC WESTERN_01 completed.
04-11-19T13:30:32: End Log
