04-08-19T09:29:11: Start Log
04-08-19T09:29:11: Processing File: Supplier Item-BLMTN_BLMTN-BLUE MOUNTAIN ARTS  INC_01.xlsx
04-08-19T09:29:12: Finished File: Supplier Item-BLMTN_BLMTN-BLUE MOUNTAIN ARTS  INC_01.xlsx
04-08-19T09:29:12: File created in final csv folder: Supplier Item-BLMTN_BLMTN-BLUE MOUNTAIN ARTS  INC_01.csv
04-08-19T09:29:12: ...
04-08-19T09:29:12: Processing File: Supplier Item-DASDISTR_DASDISTR-DAS DISTRIBUTORS_01.xlsx
04-08-19T09:29:14: Finished File: Supplier Item-DASDISTR_DASDISTR-DAS DISTRIBUTORS_01.xlsx
04-08-19T09:29:14: File created in final csv folder: Supplier Item-DASDISTR_DASDISTR-DAS DISTRIBUTORS_01.csv
04-08-19T09:29:14: ...
04-08-19T09:29:14: Processing File: Supplier Item-DUTCHMN_DUTCHMN-Old Dutch Foods Inc_01.xlsx
04-08-19T09:29:15: Finished File: Supplier Item-DUTCHMN_DUTCHMN-Old Dutch Foods Inc_01.xlsx
04-08-19T09:29:15: File created in final csv folder: Supplier Item-DUTCHMN_DUTCHMN-Old Dutch Foods Inc_01.csv
04-08-19T09:29:15: ...
04-08-19T09:29:15: Processing File: Supplier Item-EASWEEN_EASWEEN-E A SWEEN COMPANY (MN)_01.xlsx
04-08-19T09:29:17: Finished File: Supplier Item-EASWEEN_EASWEEN-E A SWEEN COMPANY (MN)_01.xlsx
04-08-19T09:29:17: File created in final csv folder: Supplier Item-EASWEEN_EASWEEN-E A SWEEN COMPANY (MN)_01.csv
04-08-19T09:29:17: ...
04-08-19T09:29:17: Processing File: Supplier Item-FRITOEPO_FRITOASN-FRITO-LAY INC WESTERN ASN_01.xlsx
04-08-19T09:29:18: Finished File: Supplier Item-FRITOEPO_FRITOASN-FRITO-LAY INC WESTERN ASN_01.xlsx
04-08-19T09:29:18: File created in final csv folder: Supplier Item-FRITOEPO_FRITOASN-FRITO-LAY INC WESTERN ASN_01.csv
04-08-19T09:29:18: ...
04-08-19T09:29:18: Processing File: Supplier Item-FRITO_FRITO-FRITO-LAY INC WESTERN_01.xlsx
04-08-19T09:29:20: Finished File: Supplier Item-FRITO_FRITO-FRITO-LAY INC WESTERN_01.xlsx
04-08-19T09:29:20: File created in final csv folder: Supplier Item-FRITO_FRITO-FRITO-LAY INC WESTERN_01.csv
04-08-19T09:29:20: ...
04-08-19T09:29:20: Processing File: Supplier Item-HCKNDSD_HCKNDSD- HACKNEY DSD_01.xlsx
04-08-19T09:29:22: Finished File: Supplier Item-HCKNDSD_HCKNDSD- HACKNEY DSD_01.xlsx
04-08-19T09:29:22: File created in final csv folder: Supplier Item-HCKNDSD_HCKNDSD- HACKNEY DSD_01.csv
04-08-19T09:29:22: ...
04-08-19T09:29:22: Processing File: Supplier Item-LYNCODIS_LYNCODIS-LYNCO DISTRIBUTION INC_01.xlsx
04-08-19T09:29:23: Finished File: Supplier Item-LYNCODIS_LYNCODIS-LYNCO DISTRIBUTION INC_01.xlsx
04-08-19T09:29:23: File created in final csv folder: Supplier Item-LYNCODIS_LYNCODIS-LYNCO DISTRIBUTION INC_01.csv
04-08-19T09:29:23: ...
04-08-19T09:29:23: Processing File: Supplier Item-PEPSILBN_PEPSILBN-PEPSI LOUISVILLE  LEBANON (KY)-asn_01.xlsx
04-08-19T09:29:25: Finished File: Supplier Item-PEPSILBN_PEPSILBN-PEPSI LOUISVILLE  LEBANON (KY)-asn_01.xlsx
04-08-19T09:29:25: File created in final csv folder: Supplier Item-PEPSILBN_PEPSILBN-PEPSI LOUISVILLE  LEBANON (KY)-asn_01.csv
04-08-19T09:29:25: ...
04-08-19T09:29:25: Processing File: Supplier Item-SANDSTRM_SANDSTRM-Sandstrom's_01.xlsx
04-08-19T09:29:26: Finished File: Supplier Item-SANDSTRM_SANDSTRM-Sandstrom's_01.xlsx
04-08-19T09:29:26: File created in final csv folder: Supplier Item-SANDSTRM_SANDSTRM-Sandstrom's_01.csv
04-08-19T09:29:26: ...
04-08-19T09:29:26: Processing File: Supplier Item-SMOMSAND_SMOMSAND-SUPERMOMS SANDWICH_01.xlsx
04-08-19T09:29:28: Finished File: Supplier Item-SMOMSAND_SMOMSAND-SUPERMOMS SANDWICH_01.xlsx
04-08-19T09:29:28: File created in final csv folder: Supplier Item-SMOMSAND_SMOMSAND-SUPERMOMS SANDWICH_01.csv
04-08-19T09:29:28: ...
04-08-19T09:29:28: Processing File: Supplier Item-STUCKEYS_STUCKEYS-STUCKEYS CORPORATION_01.xlsx
04-08-19T09:29:30: Finished File: Supplier Item-STUCKEYS_STUCKEYS-STUCKEYS CORPORATION_01.xlsx
04-08-19T09:29:30: File created in final csv folder: Supplier Item-STUCKEYS_STUCKEYS-STUCKEYS CORPORATION_01.csv
04-08-19T09:29:30: ...
04-08-19T09:29:30: End Log
