04-09-19T16:36:30: Start Log
04-09-19T16:36:30: Processing File: Supplier Item-BLMTN_BLMTN-BLUE MOUNTAIN ARTS  INC_01.xlsx
04-09-19T16:36:32: Finished File: Supplier Item-BLMTN_BLMTN-BLUE MOUNTAIN ARTS  INC_01.xlsx
04-09-19T16:36:32: File created in final csv folder: Supplier Item-BLMTN_BLMTN-BLUE MOUNTAIN ARTS  INC_01.csv
04-09-19T16:36:32: ...
04-09-19T16:36:32: Processing File: Supplier Item-DASDISTR_DASDISTR-DAS DISTRIBUTORS_01.xlsx
04-09-19T16:36:35: Finished File: Supplier Item-DASDISTR_DASDISTR-DAS DISTRIBUTORS_01.xlsx
04-09-19T16:36:35: File created in final csv folder: Supplier Item-DASDISTR_DASDISTR-DAS DISTRIBUTORS_01.csv
04-09-19T16:36:35: ...
04-09-19T16:36:35: Processing File: Supplier Item-DUTCHMN_DUTCHMN-Old Dutch Foods Inc_01.xlsx
04-09-19T16:36:37: Finished File: Supplier Item-DUTCHMN_DUTCHMN-Old Dutch Foods Inc_01.xlsx
04-09-19T16:36:37: File created in final csv folder: Supplier Item-DUTCHMN_DUTCHMN-Old Dutch Foods Inc_01.csv
04-09-19T16:36:37: ...
04-09-19T16:36:37: Processing File: Supplier Item-EASWEEN_EASWEEN-E A SWEEN COMPANY (MN)_01.xlsx
04-09-19T16:36:40: Finished File: Supplier Item-EASWEEN_EASWEEN-E A SWEEN COMPANY (MN)_01.xlsx
04-09-19T16:36:40: File created in final csv folder: Supplier Item-EASWEEN_EASWEEN-E A SWEEN COMPANY (MN)_01.csv
04-09-19T16:36:40: ...
04-09-19T16:36:40: Processing File: Supplier Item-FRITOEPO_FRITOASN-FRITO-LAY INC WESTERN ASN_01.xlsx
04-09-19T16:36:42: Finished File: Supplier Item-FRITOEPO_FRITOASN-FRITO-LAY INC WESTERN ASN_01.xlsx
04-09-19T16:36:42: File created in final csv folder: Supplier Item-FRITOEPO_FRITOASN-FRITO-LAY INC WESTERN ASN_01.csv
04-09-19T16:36:42: ...
04-09-19T16:36:42: Processing File: Supplier Item-FRITO_FRITO-FRITO-LAY INC WESTERN_01.xlsx
04-09-19T16:36:45: Finished File: Supplier Item-FRITO_FRITO-FRITO-LAY INC WESTERN_01.xlsx
04-09-19T16:36:45: File created in final csv folder: Supplier Item-FRITO_FRITO-FRITO-LAY INC WESTERN_01.csv
04-09-19T16:36:45: ...
04-09-19T16:36:45: Processing File: Supplier Item-FRITO_FRITO-FRITO-LAY INC WESTERN_01_Test_Dupe_BC.xlsx
04-09-19T16:36:47: Finished File: Supplier Item-FRITO_FRITO-FRITO-LAY INC WESTERN_01_Test_Dupe_BC.xlsx
04-09-19T16:36:47: File created in final csv folder: Supplier Item-FRITO_FRITO-FRITO-LAY INC WESTERN_01_Test_Dupe_BC.csv
04-09-19T16:36:47: ...
04-09-19T16:36:47: Processing File: Supplier Item-HCKNDSD_HCKNDSD- HACKNEY DSD_01.xlsx
04-09-19T16:36:50: Finished File: Supplier Item-HCKNDSD_HCKNDSD- HACKNEY DSD_01.xlsx
04-09-19T16:36:50: File created in final csv folder: Supplier Item-HCKNDSD_HCKNDSD- HACKNEY DSD_01.csv
04-09-19T16:36:50: ...
04-09-19T16:36:50: Processing File: Supplier Item-LYNCODIS_LYNCODIS-LYNCO DISTRIBUTION INC_01.xlsx
04-09-19T16:36:52: Finished File: Supplier Item-LYNCODIS_LYNCODIS-LYNCO DISTRIBUTION INC_01.xlsx
04-09-19T16:36:52: File created in final csv folder: Supplier Item-LYNCODIS_LYNCODIS-LYNCO DISTRIBUTION INC_01.csv
04-09-19T16:36:52: ...
04-09-19T16:36:53: Processing File: Supplier Item-PEPSILBN_PEPSILBN-PEPSI LOUISVILLE  LEBANON (KY)-asn_01.xlsx
04-09-19T16:36:55: Finished File: Supplier Item-PEPSILBN_PEPSILBN-PEPSI LOUISVILLE  LEBANON (KY)-asn_01.xlsx
04-09-19T16:36:55: File created in final csv folder: Supplier Item-PEPSILBN_PEPSILBN-PEPSI LOUISVILLE  LEBANON (KY)-asn_01.csv
04-09-19T16:36:55: ...
04-09-19T16:36:55: Processing File: Supplier Item-SANDSTRM_SANDSTRM-Sandstrom's_01.xlsx
04-09-19T16:36:57: Finished File: Supplier Item-SANDSTRM_SANDSTRM-Sandstrom's_01.xlsx
04-09-19T16:36:57: File created in final csv folder: Supplier Item-SANDSTRM_SANDSTRM-Sandstrom's_01.csv
04-09-19T16:36:57: ...
04-09-19T16:36:57: Processing File: Supplier Item-SMOMSAND_SMOMSAND-SUPERMOMS SANDWICH_01.xlsx
04-09-19T16:37:00: Finished File: Supplier Item-SMOMSAND_SMOMSAND-SUPERMOMS SANDWICH_01.xlsx
04-09-19T16:37:00: File created in final csv folder: Supplier Item-SMOMSAND_SMOMSAND-SUPERMOMS SANDWICH_01.csv
04-09-19T16:37:00: ...
04-09-19T16:37:00: Processing File: Supplier Item-STUCKEYS_STUCKEYS-STUCKEYS CORPORATION_01.xlsx
04-09-19T16:37:02: Finished File: Supplier Item-STUCKEYS_STUCKEYS-STUCKEYS CORPORATION_01.xlsx
04-09-19T16:37:02: File created in final csv folder: Supplier Item-STUCKEYS_STUCKEYS-STUCKEYS CORPORATION_01.csv
04-09-19T16:37:02: ...
04-09-19T16:37:02: End Log
