04-09-19T16:37:08: Start Log
04-09-19T16:37:08: Found Input File: C:\Users\chuck\Documents\ROC\Speedway-Source\Data Extraction And Loading\Import Files\Supplier Item\FinalCSV\Supplier Item-BLMTN_BLMTN-BLUE MOUNTAIN ARTS  INC_01.csv
04-09-19T16:37:08: Supplier Name: BLMTN-BLUE MOUNTAIN ARTS  INC
04-09-19T16:37:08: Supplier Items Rows: 10
04-09-19T16:37:08: Supplier Items Rows: 20
04-09-19T16:37:08: Supplier Items Rows: 30
04-09-19T16:37:08: Supplier Items Rows: 40
04-09-19T16:37:08: Supplier Items Rows: 50
04-09-19T16:37:08: Supplier Items Rows: 60
04-09-19T16:37:08: Supplier Items Rows: 70
04-09-19T16:37:08: Supplier Items Rows: 80
04-09-19T16:37:08: Supplier Items Rows: 90
04-09-19T16:37:08: Supplier Items Rows: 100
04-09-19T16:37:08: Supplier Items Rows: 110
04-09-19T16:37:08: Supplier Items Rows: 120
04-09-19T16:37:08: Supplier Items Rows: 130
04-09-19T16:37:08: Supplier Items Rows: 140
04-09-19T16:37:08: Supplier Items Rows: 150
04-09-19T16:37:08: Supplier Items Rows: 160
04-09-19T16:37:08: Supplier Items Rows: 170
04-09-19T16:37:08: Supplier Items Rows: 180
04-09-19T16:37:08: Supplier Items Rows: 190
04-09-19T16:37:08: Supplier Items Rows: 200
04-09-19T16:37:08: Supplier Items Rows: 210
04-09-19T16:37:08: Supplier Items Rows: 220
04-09-19T16:37:08: Supplier Items Rows: 230
04-09-19T16:37:08: Supplier Items Rows: 240
04-09-19T16:37:08: Supplier Items Rows: 250
04-09-19T16:37:08: Supplier Items Rows: 260
04-09-19T16:37:08: Supplier Items Rows: 270
04-09-19T16:37:08: Supplier Items Rows: 280
04-09-19T16:37:08: Supplier Items Rows: 290
04-09-19T16:37:08: Supplier Items Rows: 300
04-09-19T16:37:08: Supplier Items Rows: 310
04-09-19T16:37:08: Supplier Items Rows: 320
04-09-19T16:37:08: Supplier Items Rows: 330
04-09-19T16:37:08: Supplier Items Rows: 340
04-09-19T16:37:08: Supplier Items Rows: 350
04-09-19T16:37:08: Supplier Items Rows: 360
04-09-19T16:37:08: Supplier Items Rows: 370
04-09-19T16:37:08: Supplier Items Rows: 380
04-09-19T16:37:08: Supplier Items Rows: 390
04-09-19T16:37:08: Supplier Items Rows: 400
04-09-19T16:37:08: Supplier Items Rows: 410
04-09-19T16:37:08: Supplier Items Rows: 420
04-09-19T16:37:08: Supplier Items Rows: 430
04-09-19T16:37:08: Supplier Items Rows: 440
04-09-19T16:37:08: Supplier Items Rows: 450
04-09-19T16:37:08: Supplier Items Rows: 460
04-09-19T16:37:09: Supplier Items Rows: 470
04-09-19T16:37:09: Supplier Items Rows: 480
04-09-19T16:37:09: Supplier Items Rows: 490
04-09-19T16:37:09: Supplier Items Rows: 500
04-09-19T16:37:09: Supplier Items Rows: 510
04-09-19T16:37:09: Supplier Items Rows: 520
04-09-19T16:37:09: Supplier Items Rows: 530
04-09-19T16:37:09: Supplier Items Rows: 540
04-09-19T16:37:09: Supplier Items Rows: 550
04-09-19T16:37:09: Supplier Items Rows: 560
04-09-19T16:37:09: Supplier Items Rows: 570
04-09-19T16:37:09: Supplier Items Rows: 580
04-09-19T16:37:09: Supplier Items Rows: 590
04-09-19T16:37:09: Supplier Items Rows: 600
04-09-19T16:37:09: Supplier Items Rows: 610
04-09-19T16:37:09: Supplier Items Rows: 620
04-09-19T16:37:09: Supplier Items Rows: 630
04-09-19T16:37:09: Supplier Items Rows: 640
04-09-19T16:37:09: Supplier Items Rows: 650
04-09-19T16:37:09: Supplier Items Rows: 660
04-09-19T16:37:09: Supplier Items Rows: 670
04-09-19T16:37:09: Supplier Items Rows: 680
04-09-19T16:37:09: Supplier Items Rows: 690
04-09-19T16:37:09: Supplier Items Rows: 700
04-09-19T16:37:09: Supplier Items Rows: 710
04-09-19T16:37:09: Supplier Items Rows: 720
04-09-19T16:37:09: Supplier Items Rows: 730
04-09-19T16:37:09: Supplier Items Rows: 740
04-09-19T16:37:09: Supplier Items Rows: 750
04-09-19T16:37:09: Supplier Items Rows: 760
04-09-19T16:37:09: Supplier Items Rows: 770
04-09-19T16:37:09: Supplier Items Rows: 780
04-09-19T16:37:09: Supplier Items Rows: 790
04-09-19T16:37:09: Supplier Items Rows: 800
04-09-19T16:37:09: Supplier Items Rows: 810
04-09-19T16:37:09: Supplier Items Rows: 820
04-09-19T16:37:09: Supplier Items Rows: 830
04-09-19T16:37:09: Supplier Items Rows: 840
04-09-19T16:37:09: Supplier Items Rows: 850
04-09-19T16:37:09: Supplier Items Rows: 860
04-09-19T16:37:09: Supplier Items Rows: 870
04-09-19T16:37:09: Supplier Items Rows: 880
04-09-19T16:37:09: Supplier Items Rows: 890
04-09-19T16:37:09: Supplier Items Rows: 900
04-09-19T16:37:09: Supplier Items Rows: 910
04-09-19T16:37:09: Supplier Items Rows: 920
04-09-19T16:37:09: Supplier Items Rows: 930
04-09-19T16:37:09: Supplier Items Rows: 940
04-09-19T16:37:09: Supplier Items Rows: 950
04-09-19T16:37:09: Supplier Items Rows: 960
04-09-19T16:37:09: Supplier Items Rows: 970
04-09-19T16:37:09: Supplier Items Rows: 980
04-09-19T16:37:09: Supplier Items Rows: 990
04-09-19T16:37:09: Supplier Items Rows: 1000
04-09-19T16:37:09: Supplier Items Rows: 1010
04-09-19T16:37:09: Supplier Items Rows: 1020
04-09-19T16:37:09: Supplier Items Rows: 1030
04-09-19T16:37:09: Supplier Items Rows: 1040
04-09-19T16:37:09: Supplier Items Rows: 1050
04-09-19T16:37:09: Supplier Items Rows: 1060
04-09-19T16:37:09: Supplier Items Rows: 1070
04-09-19T16:37:09: Supplier Items Rows: 1080
04-09-19T16:37:09: Supplier Items Rows: 1090
04-09-19T16:37:09: Supplier Items Rows: 1100
04-09-19T16:37:09: Supplier Items Rows: 1110
04-09-19T16:37:09: Supplier Items Rows: 1120
04-09-19T16:37:09: Supplier Items Rows: 1130
04-09-19T16:37:09: Supplier Items Rows: 1140
04-09-19T16:37:09: Supplier Items Rows: 1150
04-09-19T16:37:09: Supplier Items Rows: 1160
04-09-19T16:37:09: Supplier Items Rows: 1170
04-09-19T16:37:09: Supplier Items Rows: 1180
04-09-19T16:37:09: Supplier Items Rows: 1190
04-09-19T16:37:09: Supplier Items Rows: 1200
04-09-19T16:37:09: Supplier Items Rows: 1210
04-09-19T16:37:09: Supplier Items Rows: 1220
04-09-19T16:37:09: Supplier Items Rows: 1230
04-09-19T16:37:09: Supplier Items Rows: 1240
04-09-19T16:37:09: Supplier Items Rows: 1250
04-09-19T16:37:09: Supplier Items Rows: 1260
04-09-19T16:37:09: Supplier Items Rows: 1270
04-09-19T16:37:09: Supplier Items Rows: 1280
04-09-19T16:37:09: Supplier Items Rows: 1290
04-09-19T16:37:09: Supplier Items Rows: 1300
04-09-19T16:37:09: Supplier Items Rows: 1310
04-09-19T16:37:09: Supplier Items Rows: 1320
04-09-19T16:37:09: Supplier Items Rows: 1330
04-09-19T16:37:09: Supplier Items Rows: 1340
04-09-19T16:37:09: Supplier Items Rows: 1350
04-09-19T16:37:09: Supplier Items Rows: 1360
04-09-19T16:37:09: Supplier Items Rows: 1370
04-09-19T16:37:09: Supplier Items Rows: 1380
04-09-19T16:37:09: Supplier Items Rows: 1390
04-09-19T16:37:09: Supplier Items Rows: 1400
04-09-19T16:37:09: Supplier Items Rows: 1410
04-09-19T16:37:09: Supplier Items Rows: 1420
04-09-19T16:37:09: Supplier Items Rows: 1430
04-09-19T16:37:09: Supplier Items Rows: 1440
04-09-19T16:37:09: Supplier Items Rows: 1450
04-09-19T16:37:09: Supplier Items Rows: 1460
04-09-19T16:37:09: Supplier Items Rows: 1470
04-09-19T16:37:09: Starting XSL Transform, this may take awhile.
04-09-19T16:37:09: XSL Transform Completed.
04-09-19T16:37:09: Supplier Item-BLMTN_BLMTN-BLUE MOUNTAIN ARTS  INC_01 completed.
04-09-19T16:37:09: Found Input File: C:\Users\chuck\Documents\ROC\Speedway-Source\Data Extraction And Loading\Import Files\Supplier Item\FinalCSV\Supplier Item-DASDISTR_DASDISTR-DAS DISTRIBUTORS_01.csv
04-09-19T16:37:09: Supplier Name: DASDISTR-DAS DISTRIBUTORS
04-09-19T16:37:09: Supplier Items Rows: 10
04-09-19T16:37:09: Supplier Items Rows: 20
04-09-19T16:37:09: Supplier Items Rows: 30
04-09-19T16:37:09: Supplier Items Rows: 40
04-09-19T16:37:09: Supplier Items Rows: 50
04-09-19T16:37:09: Supplier Items Rows: 60
04-09-19T16:37:09: Supplier Items Rows: 70
04-09-19T16:37:09: Supplier Items Rows: 80
04-09-19T16:37:09: Supplier Items Rows: 90
04-09-19T16:37:09: Supplier Items Rows: 100
04-09-19T16:37:09: Supplier Items Rows: 110
04-09-19T16:37:09: Supplier Items Rows: 120
04-09-19T16:37:09: Supplier Items Rows: 130
04-09-19T16:37:09: Supplier Items Rows: 140
04-09-19T16:37:09: Supplier Items Rows: 150
04-09-19T16:37:09: Supplier Items Rows: 160
04-09-19T16:37:09: Supplier Items Rows: 170
04-09-19T16:37:09: Supplier Items Rows: 180
04-09-19T16:37:09: Supplier Items Rows: 190
04-09-19T16:37:09: Supplier Items Rows: 200
04-09-19T16:37:09: Supplier Items Rows: 210
04-09-19T16:37:09: Supplier Items Rows: 220
04-09-19T16:37:09: Supplier Items Rows: 230
04-09-19T16:37:09: Supplier Items Rows: 240
04-09-19T16:37:09: Supplier Items Rows: 250
04-09-19T16:37:09: Supplier Items Rows: 260
04-09-19T16:37:09: Supplier Items Rows: 270
04-09-19T16:37:09: Supplier Items Rows: 280
04-09-19T16:37:09: Supplier Items Rows: 290
04-09-19T16:37:09: Supplier Items Rows: 300
04-09-19T16:37:09: Supplier Items Rows: 310
04-09-19T16:37:09: Supplier Items Rows: 320
04-09-19T16:37:09: Supplier Items Rows: 330
04-09-19T16:37:09: Supplier Items Rows: 340
04-09-19T16:37:09: Supplier Items Rows: 350
04-09-19T16:37:09: Supplier Items Rows: 360
04-09-19T16:37:09: Supplier Items Rows: 370
04-09-19T16:37:09: Supplier Items Rows: 380
04-09-19T16:37:09: Supplier Items Rows: 390
04-09-19T16:37:09: Supplier Items Rows: 400
04-09-19T16:37:09: Supplier Items Rows: 410
04-09-19T16:37:09: Supplier Items Rows: 420
04-09-19T16:37:09: Supplier Items Rows: 430
04-09-19T16:37:09: Supplier Items Rows: 440
04-09-19T16:37:09: Supplier Items Rows: 450
04-09-19T16:37:09: Supplier Items Rows: 460
04-09-19T16:37:09: Supplier Items Rows: 470
04-09-19T16:37:09: Supplier Items Rows: 480
04-09-19T16:37:09: Supplier Items Rows: 490
04-09-19T16:37:09: Supplier Items Rows: 500
04-09-19T16:37:09: Supplier Items Rows: 510
04-09-19T16:37:09: Supplier Items Rows: 520
04-09-19T16:37:09: Supplier Items Rows: 530
04-09-19T16:37:09: Supplier Items Rows: 540
04-09-19T16:37:09: Supplier Items Rows: 550
04-09-19T16:37:09: Supplier Items Rows: 560
04-09-19T16:37:09: Supplier Items Rows: 570
04-09-19T16:37:09: Supplier Items Rows: 580
04-09-19T16:37:09: Supplier Items Rows: 590
04-09-19T16:37:09: Supplier Items Rows: 600
04-09-19T16:37:09: Supplier Items Rows: 610
04-09-19T16:37:09: Supplier Items Rows: 620
04-09-19T16:37:09: Supplier Items Rows: 630
04-09-19T16:37:09: Supplier Items Rows: 640
04-09-19T16:37:09: Supplier Items Rows: 650
04-09-19T16:37:09: Supplier Items Rows: 660
04-09-19T16:37:09: Supplier Items Rows: 670
04-09-19T16:37:09: Supplier Items Rows: 680
04-09-19T16:37:09: Supplier Items Rows: 690
04-09-19T16:37:09: Supplier Items Rows: 700
04-09-19T16:37:09: Supplier Items Rows: 710
04-09-19T16:37:09: Supplier Items Rows: 720
04-09-19T16:37:09: Supplier Items Rows: 730
04-09-19T16:37:09: Supplier Items Rows: 740
04-09-19T16:37:09: Supplier Items Rows: 750
04-09-19T16:37:09: Supplier Items Rows: 760
04-09-19T16:37:09: Supplier Items Rows: 770
04-09-19T16:37:09: Supplier Items Rows: 780
04-09-19T16:37:09: Supplier Items Rows: 790
04-09-19T16:37:09: Supplier Items Rows: 800
04-09-19T16:37:09: Supplier Items Rows: 810
04-09-19T16:37:09: Supplier Items Rows: 820
04-09-19T16:37:09: Supplier Items Rows: 830
04-09-19T16:37:10: Supplier Items Rows: 840
04-09-19T16:37:10: Supplier Items Rows: 850
04-09-19T16:37:10: Supplier Items Rows: 860
04-09-19T16:37:10: Supplier Items Rows: 870
04-09-19T16:37:10: Supplier Items Rows: 880
04-09-19T16:37:10: Supplier Items Rows: 890
04-09-19T16:37:10: Supplier Items Rows: 900
04-09-19T16:37:10: Supplier Items Rows: 910
04-09-19T16:37:10: Supplier Items Rows: 920
04-09-19T16:37:10: Supplier Items Rows: 930
04-09-19T16:37:10: Supplier Items Rows: 940
04-09-19T16:37:10: Supplier Items Rows: 950
04-09-19T16:37:10: Supplier Items Rows: 960
04-09-19T16:37:10: Supplier Items Rows: 970
04-09-19T16:37:10: Supplier Items Rows: 980
04-09-19T16:37:10: Supplier Items Rows: 990
04-09-19T16:37:10: Supplier Items Rows: 1000
04-09-19T16:37:10: Supplier Items Rows: 1010
04-09-19T16:37:10: Supplier Items Rows: 1020
04-09-19T16:37:10: Supplier Items Rows: 1030
04-09-19T16:37:10: Supplier Items Rows: 1040
04-09-19T16:37:10: Supplier Items Rows: 1050
04-09-19T16:37:10: Supplier Items Rows: 1060
04-09-19T16:37:10: Supplier Items Rows: 1070
04-09-19T16:37:10: Supplier Items Rows: 1080
04-09-19T16:37:10: Supplier Items Rows: 1090
04-09-19T16:37:10: Supplier Items Rows: 1100
04-09-19T16:37:10: Supplier Items Rows: 1110
04-09-19T16:37:10: Supplier Items Rows: 1120
04-09-19T16:37:10: Supplier Items Rows: 1130
04-09-19T16:37:10: Supplier Items Rows: 1140
04-09-19T16:37:10: Supplier Items Rows: 1150
04-09-19T16:37:10: Supplier Items Rows: 1160
04-09-19T16:37:10: Supplier Items Rows: 1170
04-09-19T16:37:10: Supplier Items Rows: 1180
04-09-19T16:37:10: Supplier Items Rows: 1190
04-09-19T16:37:10: Supplier Items Rows: 1200
04-09-19T16:37:10: Supplier Items Rows: 1210
04-09-19T16:37:10: Supplier Items Rows: 1220
04-09-19T16:37:10: Supplier Items Rows: 1230
04-09-19T16:37:10: Supplier Items Rows: 1240
04-09-19T16:37:10: Supplier Items Rows: 1250
04-09-19T16:37:10: Supplier Items Rows: 1260
04-09-19T16:37:10: Supplier Items Rows: 1270
04-09-19T16:37:10: Supplier Items Rows: 1280
04-09-19T16:37:10: Supplier Items Rows: 1290
04-09-19T16:37:10: Supplier Items Rows: 1300
04-09-19T16:37:10: Supplier Items Rows: 1310
04-09-19T16:37:10: Supplier Items Rows: 1320
04-09-19T16:37:10: Supplier Items Rows: 1330
04-09-19T16:37:10: Supplier Items Rows: 1340
04-09-19T16:37:10: Supplier Items Rows: 1350
04-09-19T16:37:10: Supplier Items Rows: 1360
04-09-19T16:37:10: Supplier Items Rows: 1370
04-09-19T16:37:10: Supplier Items Rows: 1380
04-09-19T16:37:10: Supplier Items Rows: 1390
04-09-19T16:37:10: Supplier Items Rows: 1400
04-09-19T16:37:10: Supplier Items Rows: 1410
04-09-19T16:37:10: Supplier Items Rows: 1420
04-09-19T16:37:10: Supplier Items Rows: 1430
04-09-19T16:37:10: Supplier Items Rows: 1440
04-09-19T16:37:10: Supplier Items Rows: 1450
04-09-19T16:37:10: Supplier Items Rows: 1460
04-09-19T16:37:10: Supplier Items Rows: 1470
04-09-19T16:37:10: Supplier Items Rows: 1480
04-09-19T16:37:10: Supplier Items Rows: 1490
04-09-19T16:37:10: Supplier Items Rows: 1500
04-09-19T16:37:10: Supplier Items Rows: 1510
04-09-19T16:37:10: Supplier Items Rows: 1520
04-09-19T16:37:10: Supplier Items Rows: 1530
04-09-19T16:37:10: Supplier Items Rows: 1540
04-09-19T16:37:10: Supplier Items Rows: 1550
04-09-19T16:37:10: Supplier Items Rows: 1560
04-09-19T16:37:10: Supplier Items Rows: 1570
04-09-19T16:37:10: Supplier Items Rows: 1580
04-09-19T16:37:10: Supplier Items Rows: 1590
04-09-19T16:37:10: Supplier Items Rows: 1600
04-09-19T16:37:10: Supplier Items Rows: 1610
04-09-19T16:37:10: Supplier Items Rows: 1620
04-09-19T16:37:10: Supplier Items Rows: 1630
04-09-19T16:37:10: Supplier Items Rows: 1640
04-09-19T16:37:10: Supplier Items Rows: 1650
04-09-19T16:37:10: Supplier Items Rows: 1660
04-09-19T16:37:10: Supplier Items Rows: 1670
04-09-19T16:37:10: Supplier Items Rows: 1680
04-09-19T16:37:10: Supplier Items Rows: 1690
04-09-19T16:37:10: Supplier Items Rows: 1700
04-09-19T16:37:10: Supplier Items Rows: 1710
04-09-19T16:37:10: Supplier Items Rows: 1720
04-09-19T16:37:10: Starting XSL Transform, this may take awhile.
04-09-19T16:37:10: XSL Transform Completed.
04-09-19T16:37:10: Supplier Item-DASDISTR_DASDISTR-DAS DISTRIBUTORS_01 completed.
04-09-19T16:37:10: Found Input File: C:\Users\chuck\Documents\ROC\Speedway-Source\Data Extraction And Loading\Import Files\Supplier Item\FinalCSV\Supplier Item-DUTCHMN_DUTCHMN-Old Dutch Foods Inc_01.csv
04-09-19T16:37:10: Supplier Name: DUTCHMN-Old Dutch Foods Inc
04-09-19T16:37:10: Supplier Items Rows: 10
04-09-19T16:37:10: Supplier Items Rows: 20
04-09-19T16:37:10: Supplier Items Rows: 30
04-09-19T16:37:10: Supplier Items Rows: 40
04-09-19T16:37:10: Supplier Items Rows: 50
04-09-19T16:37:10: Supplier Items Rows: 60
04-09-19T16:37:10: Supplier Items Rows: 70
04-09-19T16:37:10: Supplier Items Rows: 80
04-09-19T16:37:10: Supplier Items Rows: 90
04-09-19T16:37:10: Supplier Items Rows: 100
04-09-19T16:37:10: Supplier Items Rows: 110
04-09-19T16:37:10: Supplier Items Rows: 120
04-09-19T16:37:10: Starting XSL Transform, this may take awhile.
04-09-19T16:37:10: XSL Transform Completed.
04-09-19T16:37:10: Supplier Item-DUTCHMN_DUTCHMN-Old Dutch Foods Inc_01 completed.
04-09-19T16:37:10: Found Input File: C:\Users\chuck\Documents\ROC\Speedway-Source\Data Extraction And Loading\Import Files\Supplier Item\FinalCSV\Supplier Item-EASWEEN_EASWEEN-E A SWEEN COMPANY (MN)_01.csv
04-09-19T16:37:10: Supplier Name: EASWEEN-E A SWEEN COMPANY (MN)
04-09-19T16:37:10: Supplier Items Rows: 10
04-09-19T16:37:10: Supplier Items Rows: 20
04-09-19T16:37:10: Supplier Items Rows: 30
04-09-19T16:37:10: Supplier Items Rows: 40
04-09-19T16:37:10: Supplier Items Rows: 50
04-09-19T16:37:10: Supplier Items Rows: 60
04-09-19T16:37:10: Supplier Items Rows: 70
04-09-19T16:37:10: Supplier Items Rows: 80
04-09-19T16:37:10: Supplier Items Rows: 90
04-09-19T16:37:10: Supplier Items Rows: 100
04-09-19T16:37:10: Starting XSL Transform, this may take awhile.
04-09-19T16:37:10: XSL Transform Completed.
04-09-19T16:37:10: Supplier Item-EASWEEN_EASWEEN-E A SWEEN COMPANY (MN)_01 completed.
04-09-19T16:37:10: Found Input File: C:\Users\chuck\Documents\ROC\Speedway-Source\Data Extraction And Loading\Import Files\Supplier Item\FinalCSV\Supplier Item-FRITOEPO_FRITOASN-FRITO-LAY INC WESTERN ASN_01.csv
04-09-19T16:37:10: Supplier Name: FRITOASN-FRITO-LAY INC WESTERN ASN
04-09-19T16:37:10: Supplier Items Rows: 10
04-09-19T16:37:10: Supplier Items Rows: 20
04-09-19T16:37:10: Supplier Items Rows: 30
04-09-19T16:37:10: Supplier Items Rows: 40
04-09-19T16:37:10: Supplier Items Rows: 50
04-09-19T16:37:10: Supplier Items Rows: 60
04-09-19T16:37:10: Supplier Items Rows: 70
04-09-19T16:37:10: Supplier Items Rows: 80
04-09-19T16:37:10: Supplier Items Rows: 90
04-09-19T16:37:10: Supplier Items Rows: 100
04-09-19T16:37:10: Supplier Items Rows: 110
04-09-19T16:37:10: Supplier Items Rows: 120
04-09-19T16:37:10: Supplier Items Rows: 130
04-09-19T16:37:10: Supplier Items Rows: 140
04-09-19T16:37:10: Supplier Items Rows: 150
04-09-19T16:37:10: Supplier Items Rows: 160
04-09-19T16:37:10: Supplier Items Rows: 170
04-09-19T16:37:10: Supplier Items Rows: 180
04-09-19T16:37:10: Supplier Items Rows: 190
04-09-19T16:37:10: Supplier Items Rows: 200
04-09-19T16:37:10: Supplier Items Rows: 210
04-09-19T16:37:10: Supplier Items Rows: 220
04-09-19T16:37:10: Supplier Items Rows: 230
04-09-19T16:37:10: Supplier Items Rows: 240
04-09-19T16:37:10: Supplier Items Rows: 250
04-09-19T16:37:10: Supplier Items Rows: 260
04-09-19T16:37:10: Supplier Items Rows: 270
04-09-19T16:37:10: Supplier Items Rows: 280
04-09-19T16:37:10: Supplier Items Rows: 290
04-09-19T16:37:10: Supplier Items Rows: 300
04-09-19T16:37:10: Supplier Items Rows: 310
04-09-19T16:37:10: Supplier Items Rows: 320
04-09-19T16:37:10: Supplier Items Rows: 330
04-09-19T16:37:10: Supplier Items Rows: 340
04-09-19T16:37:10: Supplier Items Rows: 350
04-09-19T16:37:10: Supplier Items Rows: 360
04-09-19T16:37:10: Supplier Items Rows: 370
04-09-19T16:37:10: Supplier Items Rows: 380
04-09-19T16:37:10: Supplier Items Rows: 390
04-09-19T16:37:10: Supplier Items Rows: 400
04-09-19T16:37:10: Supplier Items Rows: 410
04-09-19T16:37:10: Supplier Items Rows: 420
04-09-19T16:37:10: Supplier Items Rows: 430
04-09-19T16:37:10: Supplier Items Rows: 440
04-09-19T16:37:11: Supplier Items Rows: 450
04-09-19T16:37:11: Supplier Items Rows: 460
04-09-19T16:37:11: Supplier Items Rows: 470
04-09-19T16:37:11: Supplier Items Rows: 480
04-09-19T16:37:11: Supplier Items Rows: 490
04-09-19T16:37:11: Supplier Items Rows: 500
04-09-19T16:37:11: Supplier Items Rows: 510
04-09-19T16:37:11: Supplier Items Rows: 520
04-09-19T16:37:11: Supplier Items Rows: 530
04-09-19T16:37:11: Supplier Items Rows: 540
04-09-19T16:37:11: Supplier Items Rows: 550
04-09-19T16:37:11: Supplier Items Rows: 560
04-09-19T16:37:11: Supplier Items Rows: 570
04-09-19T16:37:11: Supplier Items Rows: 580
04-09-19T16:37:11: Supplier Items Rows: 590
04-09-19T16:37:11: Supplier Items Rows: 600
04-09-19T16:37:11: Supplier Items Rows: 610
04-09-19T16:37:11: Supplier Items Rows: 620
04-09-19T16:37:11: Supplier Items Rows: 630
04-09-19T16:37:11: Supplier Items Rows: 640
04-09-19T16:37:11: Supplier Items Rows: 650
04-09-19T16:37:11: Supplier Items Rows: 660
04-09-19T16:37:11: Supplier Items Rows: 670
04-09-19T16:37:11: Supplier Items Rows: 680
04-09-19T16:37:11: Supplier Items Rows: 690
04-09-19T16:37:11: Supplier Items Rows: 700
04-09-19T16:37:11: Supplier Items Rows: 710
04-09-19T16:37:11: Supplier Items Rows: 720
04-09-19T16:37:11: Supplier Items Rows: 730
04-09-19T16:37:11: Supplier Items Rows: 740
04-09-19T16:37:11: Supplier Items Rows: 750
04-09-19T16:37:11: Supplier Items Rows: 760
04-09-19T16:37:11: Supplier Items Rows: 770
04-09-19T16:37:11: Supplier Items Rows: 780
04-09-19T16:37:11: Supplier Items Rows: 790
04-09-19T16:37:11: Supplier Items Rows: 800
04-09-19T16:37:11: Supplier Items Rows: 810
04-09-19T16:37:11: Supplier Items Rows: 820
04-09-19T16:37:11: Supplier Items Rows: 830
04-09-19T16:37:11: Supplier Items Rows: 840
04-09-19T16:37:11: Supplier Items Rows: 850
04-09-19T16:37:11: Supplier Items Rows: 860
04-09-19T16:37:11: Supplier Items Rows: 870
04-09-19T16:37:11: Supplier Items Rows: 880
04-09-19T16:37:11: Supplier Items Rows: 890
04-09-19T16:37:11: Supplier Items Rows: 900
04-09-19T16:37:11: Supplier Items Rows: 910
04-09-19T16:37:11: Supplier Items Rows: 920
04-09-19T16:37:11: Supplier Items Rows: 930
04-09-19T16:37:11: Supplier Items Rows: 940
04-09-19T16:37:11: Supplier Items Rows: 950
04-09-19T16:37:11: Supplier Items Rows: 960
04-09-19T16:37:11: Supplier Items Rows: 970
04-09-19T16:37:11: Supplier Items Rows: 980
04-09-19T16:37:11: Supplier Items Rows: 990
04-09-19T16:37:11: Supplier Items Rows: 1000
04-09-19T16:37:11: Supplier Items Rows: 1010
04-09-19T16:37:11: Supplier Items Rows: 1020
04-09-19T16:37:11: Supplier Items Rows: 1030
04-09-19T16:37:11: Supplier Items Rows: 1040
04-09-19T16:37:11: Supplier Items Rows: 1050
04-09-19T16:37:11: Supplier Items Rows: 1060
04-09-19T16:37:11: Supplier Items Rows: 1070
04-09-19T16:37:11: Supplier Items Rows: 1080
04-09-19T16:37:11: Supplier Items Rows: 1090
04-09-19T16:37:11: Supplier Items Rows: 1100
04-09-19T16:37:11: Supplier Items Rows: 1110
04-09-19T16:37:11: Supplier Items Rows: 1120
04-09-19T16:37:11: Supplier Items Rows: 1130
04-09-19T16:37:11: Supplier Items Rows: 1140
04-09-19T16:37:11: Supplier Items Rows: 1150
04-09-19T16:37:11: Supplier Items Rows: 1160
04-09-19T16:37:11: Supplier Items Rows: 1170
04-09-19T16:37:11: Supplier Items Rows: 1180
04-09-19T16:37:11: Supplier Items Rows: 1190
04-09-19T16:37:11: Supplier Items Rows: 1200
04-09-19T16:37:11: Supplier Items Rows: 1210
04-09-19T16:37:11: Supplier Items Rows: 1220
04-09-19T16:37:11: Supplier Items Rows: 1230
04-09-19T16:37:11: Supplier Items Rows: 1240
04-09-19T16:37:11: Supplier Items Rows: 1250
04-09-19T16:37:11: Supplier Items Rows: 1260
04-09-19T16:37:11: Supplier Items Rows: 1270
04-09-19T16:37:11: Supplier Items Rows: 1280
04-09-19T16:37:11: Supplier Items Rows: 1290
04-09-19T16:37:11: Supplier Items Rows: 1300
04-09-19T16:37:11: Supplier Items Rows: 1310
04-09-19T16:37:11: Supplier Items Rows: 1320
04-09-19T16:37:11: Supplier Items Rows: 1330
04-09-19T16:37:11: Supplier Items Rows: 1340
04-09-19T16:37:11: Supplier Items Rows: 1350
04-09-19T16:37:11: Supplier Items Rows: 1360
04-09-19T16:37:11: Supplier Items Rows: 1370
04-09-19T16:37:11: Supplier Items Rows: 1380
04-09-19T16:37:11: Supplier Items Rows: 1390
04-09-19T16:37:11: Supplier Items Rows: 1400
04-09-19T16:37:11: Supplier Items Rows: 1410
04-09-19T16:37:11: Supplier Items Rows: 1420
04-09-19T16:37:11: Supplier Items Rows: 1430
04-09-19T16:37:11: Supplier Items Rows: 1440
04-09-19T16:37:11: Supplier Items Rows: 1450
04-09-19T16:37:11: Supplier Items Rows: 1460
04-09-19T16:37:11: Supplier Items Rows: 1470
04-09-19T16:37:11: Supplier Items Rows: 1480
04-09-19T16:37:11: Supplier Items Rows: 1490
04-09-19T16:37:11: Supplier Items Rows: 1500
04-09-19T16:37:11: Supplier Items Rows: 1510
04-09-19T16:37:11: Supplier Items Rows: 1520
04-09-19T16:37:11: Supplier Items Rows: 1530
04-09-19T16:37:11: Supplier Items Rows: 1540
04-09-19T16:37:11: Supplier Items Rows: 1550
04-09-19T16:37:11: Supplier Items Rows: 1560
04-09-19T16:37:11: Supplier Items Rows: 1570
04-09-19T16:37:11: Supplier Items Rows: 1580
04-09-19T16:37:11: Supplier Items Rows: 1590
04-09-19T16:37:11: Supplier Items Rows: 1600
04-09-19T16:37:11: Supplier Items Rows: 1610
04-09-19T16:37:11: Supplier Items Rows: 1620
04-09-19T16:37:11: Supplier Items Rows: 1630
04-09-19T16:37:11: Supplier Items Rows: 1640
04-09-19T16:37:11: Supplier Items Rows: 1650
04-09-19T16:37:11: Supplier Items Rows: 1660
04-09-19T16:37:11: Supplier Items Rows: 1670
04-09-19T16:37:11: Supplier Items Rows: 1680
04-09-19T16:37:11: Supplier Items Rows: 1690
04-09-19T16:37:11: Supplier Items Rows: 1700
04-09-19T16:37:11: Supplier Items Rows: 1710
04-09-19T16:37:11: Supplier Items Rows: 1720
04-09-19T16:37:11: Supplier Items Rows: 1730
04-09-19T16:37:11: Supplier Items Rows: 1740
04-09-19T16:37:11: Supplier Items Rows: 1750
04-09-19T16:37:11: Supplier Items Rows: 1760
04-09-19T16:37:11: Supplier Items Rows: 1770
04-09-19T16:37:11: Supplier Items Rows: 1780
04-09-19T16:37:11: Supplier Items Rows: 1790
04-09-19T16:37:11: Supplier Items Rows: 1800
04-09-19T16:37:11: Supplier Items Rows: 1810
04-09-19T16:37:11: Supplier Items Rows: 1820
04-09-19T16:37:11: Supplier Items Rows: 1830
04-09-19T16:37:11: Supplier Items Rows: 1840
04-09-19T16:37:11: Supplier Items Rows: 1850
04-09-19T16:37:11: Supplier Items Rows: 1860
04-09-19T16:37:11: Supplier Items Rows: 1870
04-09-19T16:37:11: Supplier Items Rows: 1880
04-09-19T16:37:11: Supplier Items Rows: 1890
04-09-19T16:37:11: Supplier Items Rows: 1900
04-09-19T16:37:11: Starting XSL Transform, this may take awhile.
04-09-19T16:37:11: XSL Transform Completed.
04-09-19T16:37:11: Supplier Item-FRITOEPO_FRITOASN-FRITO-LAY INC WESTERN ASN_01 completed.
04-09-19T16:37:11: Found Input File: C:\Users\chuck\Documents\ROC\Speedway-Source\Data Extraction And Loading\Import Files\Supplier Item\FinalCSV\Supplier Item-FRITO_FRITO-FRITO-LAY INC WESTERN_01.csv
04-09-19T16:37:11: Supplier Name: FRITO-FRITO-LAY INC WESTERN
04-09-19T16:37:11: Supplier Items Rows: 10
04-09-19T16:37:11: Supplier Items Rows: 20
04-09-19T16:37:11: Supplier Items Rows: 30
04-09-19T16:37:11: Supplier Items Rows: 40
04-09-19T16:37:11: Supplier Items Rows: 50
04-09-19T16:37:11: Supplier Items Rows: 60
04-09-19T16:37:11: Supplier Items Rows: 70
04-09-19T16:37:11: Supplier Items Rows: 80
04-09-19T16:37:11: Supplier Items Rows: 90
04-09-19T16:37:11: Supplier Items Rows: 100
04-09-19T16:37:11: Supplier Items Rows: 110
04-09-19T16:37:11: Supplier Items Rows: 120
04-09-19T16:37:11: Supplier Items Rows: 130
04-09-19T16:37:11: Supplier Items Rows: 140
04-09-19T16:37:11: Supplier Items Rows: 150
04-09-19T16:37:11: Supplier Items Rows: 160
04-09-19T16:37:11: Supplier Items Rows: 170
04-09-19T16:37:11: Supplier Items Rows: 180
04-09-19T16:37:12: Supplier Items Rows: 190
04-09-19T16:37:12: Supplier Items Rows: 200
04-09-19T16:37:12: Supplier Items Rows: 210
04-09-19T16:37:12: Supplier Items Rows: 220
04-09-19T16:37:12: Supplier Items Rows: 230
04-09-19T16:37:12: Supplier Items Rows: 240
04-09-19T16:37:12: Supplier Items Rows: 250
04-09-19T16:37:12: Supplier Items Rows: 260
04-09-19T16:37:12: Supplier Items Rows: 270
04-09-19T16:37:12: Supplier Items Rows: 280
04-09-19T16:37:12: Supplier Items Rows: 290
04-09-19T16:37:12: Supplier Items Rows: 300
04-09-19T16:37:12: Supplier Items Rows: 310
04-09-19T16:37:12: Supplier Items Rows: 320
04-09-19T16:37:12: Supplier Items Rows: 330
04-09-19T16:37:12: Supplier Items Rows: 340
04-09-19T16:37:12: Supplier Items Rows: 350
04-09-19T16:37:12: Supplier Items Rows: 360
04-09-19T16:37:12: Supplier Items Rows: 370
04-09-19T16:37:12: Supplier Items Rows: 380
04-09-19T16:37:12: Supplier Items Rows: 390
04-09-19T16:37:12: Supplier Items Rows: 400
04-09-19T16:37:12: Supplier Items Rows: 410
04-09-19T16:37:12: Supplier Items Rows: 420
04-09-19T16:37:12: Supplier Items Rows: 430
04-09-19T16:37:12: Supplier Items Rows: 440
04-09-19T16:37:12: Supplier Items Rows: 450
04-09-19T16:37:12: Supplier Items Rows: 460
04-09-19T16:37:12: Supplier Items Rows: 470
04-09-19T16:37:12: Supplier Items Rows: 480
04-09-19T16:37:12: Supplier Items Rows: 490
04-09-19T16:37:12: Supplier Items Rows: 500
04-09-19T16:37:12: Supplier Items Rows: 510
04-09-19T16:37:12: Supplier Items Rows: 520
04-09-19T16:37:12: Supplier Items Rows: 530
04-09-19T16:37:12: Supplier Items Rows: 540
04-09-19T16:37:12: Supplier Items Rows: 550
04-09-19T16:37:12: Supplier Items Rows: 560
04-09-19T16:37:12: Supplier Items Rows: 570
04-09-19T16:37:12: Supplier Items Rows: 580
04-09-19T16:37:12: Supplier Items Rows: 590
04-09-19T16:37:12: Supplier Items Rows: 600
04-09-19T16:37:12: Supplier Items Rows: 610
04-09-19T16:37:12: Supplier Items Rows: 620
04-09-19T16:37:12: Supplier Items Rows: 630
04-09-19T16:37:12: Supplier Items Rows: 640
04-09-19T16:37:12: Supplier Items Rows: 650
04-09-19T16:37:12: Supplier Items Rows: 660
04-09-19T16:37:12: Supplier Items Rows: 670
04-09-19T16:37:12: Supplier Items Rows: 680
04-09-19T16:37:12: Supplier Items Rows: 690
04-09-19T16:37:12: Supplier Items Rows: 700
04-09-19T16:37:12: Supplier Items Rows: 710
04-09-19T16:37:12: Supplier Items Rows: 720
04-09-19T16:37:12: Supplier Items Rows: 730
04-09-19T16:37:12: Supplier Items Rows: 740
04-09-19T16:37:12: Supplier Items Rows: 750
04-09-19T16:37:12: Supplier Items Rows: 760
04-09-19T16:37:12: Supplier Items Rows: 770
04-09-19T16:37:12: Supplier Items Rows: 780
04-09-19T16:37:12: Supplier Items Rows: 790
04-09-19T16:37:12: Supplier Items Rows: 800
04-09-19T16:37:12: Supplier Items Rows: 810
04-09-19T16:37:12: Supplier Items Rows: 820
04-09-19T16:37:12: Supplier Items Rows: 830
04-09-19T16:37:12: Supplier Items Rows: 840
04-09-19T16:37:12: Supplier Items Rows: 850
04-09-19T16:37:12: Supplier Items Rows: 860
04-09-19T16:37:12: Supplier Items Rows: 870
04-09-19T16:37:12: Supplier Items Rows: 880
04-09-19T16:37:12: Supplier Items Rows: 890
04-09-19T16:37:12: Supplier Items Rows: 900
04-09-19T16:37:12: Supplier Items Rows: 910
04-09-19T16:37:12: Supplier Items Rows: 920
04-09-19T16:37:12: Supplier Items Rows: 930
04-09-19T16:37:12: Supplier Items Rows: 940
04-09-19T16:37:12: Supplier Items Rows: 950
04-09-19T16:37:12: Supplier Items Rows: 960
04-09-19T16:37:12: Supplier Items Rows: 970
04-09-19T16:37:12: Supplier Items Rows: 980
04-09-19T16:37:12: Supplier Items Rows: 990
04-09-19T16:37:12: Supplier Items Rows: 1000
04-09-19T16:37:12: Supplier Items Rows: 1010
04-09-19T16:37:12: Supplier Items Rows: 1020
04-09-19T16:37:12: Supplier Items Rows: 1030
04-09-19T16:37:12: Supplier Items Rows: 1040
04-09-19T16:37:12: Supplier Items Rows: 1050
04-09-19T16:37:12: Supplier Items Rows: 1060
04-09-19T16:37:12: Supplier Items Rows: 1070
04-09-19T16:37:12: Supplier Items Rows: 1080
04-09-19T16:37:12: Supplier Items Rows: 1090
04-09-19T16:37:12: Supplier Items Rows: 1100
04-09-19T16:37:12: Supplier Items Rows: 1110
04-09-19T16:37:12: Supplier Items Rows: 1120
04-09-19T16:37:12: Supplier Items Rows: 1130
04-09-19T16:37:12: Supplier Items Rows: 1140
04-09-19T16:37:12: Supplier Items Rows: 1150
04-09-19T16:37:12: Supplier Items Rows: 1160
04-09-19T16:37:12: Supplier Items Rows: 1170
04-09-19T16:37:12: Supplier Items Rows: 1180
04-09-19T16:37:12: Supplier Items Rows: 1190
04-09-19T16:37:12: Supplier Items Rows: 1200
04-09-19T16:37:12: Supplier Items Rows: 1210
04-09-19T16:37:12: Supplier Items Rows: 1220
04-09-19T16:37:12: Supplier Items Rows: 1230
04-09-19T16:37:12: Supplier Items Rows: 1240
04-09-19T16:37:12: Supplier Items Rows: 1250
04-09-19T16:37:12: Supplier Items Rows: 1260
04-09-19T16:37:12: Supplier Items Rows: 1270
04-09-19T16:37:12: Supplier Items Rows: 1280
04-09-19T16:37:12: Supplier Items Rows: 1290
04-09-19T16:37:12: Supplier Items Rows: 1300
04-09-19T16:37:12: Supplier Items Rows: 1310
04-09-19T16:37:12: Supplier Items Rows: 1320
04-09-19T16:37:12: Supplier Items Rows: 1330
04-09-19T16:37:12: Supplier Items Rows: 1340
04-09-19T16:37:12: Supplier Items Rows: 1350
04-09-19T16:37:12: Supplier Items Rows: 1360
04-09-19T16:37:12: Supplier Items Rows: 1370
04-09-19T16:37:12: Supplier Items Rows: 1380
04-09-19T16:37:12: Supplier Items Rows: 1390
04-09-19T16:37:12: Supplier Items Rows: 1400
04-09-19T16:37:12: Supplier Items Rows: 1410
04-09-19T16:37:12: Supplier Items Rows: 1420
04-09-19T16:37:12: Supplier Items Rows: 1430
04-09-19T16:37:12: Supplier Items Rows: 1440
04-09-19T16:37:12: Supplier Items Rows: 1450
04-09-19T16:37:12: Supplier Items Rows: 1460
04-09-19T16:37:12: Supplier Items Rows: 1470
04-09-19T16:37:12: Supplier Items Rows: 1480
04-09-19T16:37:12: Supplier Items Rows: 1490
04-09-19T16:37:12: Supplier Items Rows: 1500
04-09-19T16:37:12: Supplier Items Rows: 1510
04-09-19T16:37:12: Supplier Items Rows: 1520
04-09-19T16:37:12: Supplier Items Rows: 1530
04-09-19T16:37:12: Supplier Items Rows: 1540
04-09-19T16:37:12: Supplier Items Rows: 1550
04-09-19T16:37:12: Supplier Items Rows: 1560
04-09-19T16:37:12: Supplier Items Rows: 1570
04-09-19T16:37:12: Supplier Items Rows: 1580
04-09-19T16:37:12: Supplier Items Rows: 1590
04-09-19T16:37:12: Supplier Items Rows: 1600
04-09-19T16:37:12: Supplier Items Rows: 1610
04-09-19T16:37:12: Supplier Items Rows: 1620
04-09-19T16:37:12: Supplier Items Rows: 1630
04-09-19T16:37:12: Supplier Items Rows: 1640
04-09-19T16:37:12: Supplier Items Rows: 1650
04-09-19T16:37:12: Supplier Items Rows: 1660
04-09-19T16:37:12: Supplier Items Rows: 1670
04-09-19T16:37:12: Supplier Items Rows: 1680
04-09-19T16:37:12: Supplier Items Rows: 1690
04-09-19T16:37:12: Supplier Items Rows: 1700
04-09-19T16:37:12: Supplier Items Rows: 1710
04-09-19T16:37:12: Supplier Items Rows: 1720
04-09-19T16:37:12: Supplier Items Rows: 1730
04-09-19T16:37:12: Supplier Items Rows: 1740
04-09-19T16:37:12: Supplier Items Rows: 1750
04-09-19T16:37:12: Supplier Items Rows: 1760
04-09-19T16:37:12: Supplier Items Rows: 1770
04-09-19T16:37:12: Supplier Items Rows: 1780
04-09-19T16:37:12: Supplier Items Rows: 1790
04-09-19T16:37:12: Supplier Items Rows: 1800
04-09-19T16:37:12: Supplier Items Rows: 1810
04-09-19T16:37:12: Supplier Items Rows: 1820
04-09-19T16:37:12: Supplier Items Rows: 1830
04-09-19T16:37:12: Supplier Items Rows: 1840
04-09-19T16:37:12: Supplier Items Rows: 1850
04-09-19T16:37:12: Supplier Items Rows: 1860
04-09-19T16:37:12: Supplier Items Rows: 1870
04-09-19T16:37:12: Supplier Items Rows: 1880
04-09-19T16:37:12: Supplier Items Rows: 1890
04-09-19T16:37:12: Supplier Items Rows: 1900
04-09-19T16:37:12: Starting XSL Transform, this may take awhile.
04-09-19T16:37:13: XSL Transform Completed.
04-09-19T16:37:13: Supplier Item-FRITO_FRITO-FRITO-LAY INC WESTERN_01 completed.
04-09-19T16:37:13: Found Input File: C:\Users\chuck\Documents\ROC\Speedway-Source\Data Extraction And Loading\Import Files\Supplier Item\FinalCSV\Supplier Item-FRITO_FRITO-FRITO-LAY INC WESTERN_01_Test_Dupe_BC.csv
04-09-19T16:37:13: Supplier Name: FRITO-FRITO-LAY INC WESTERN
04-09-19T16:37:13: Supplier Items Rows: 10
04-09-19T16:37:13: Starting XSL Transform, this may take awhile.
04-09-19T16:37:13: XSL Transform Completed.
04-09-19T16:37:13: Supplier Item-FRITO_FRITO-FRITO-LAY INC WESTERN_01_Test_Dupe_BC completed.
04-09-19T16:37:13: Found Input File: C:\Users\chuck\Documents\ROC\Speedway-Source\Data Extraction And Loading\Import Files\Supplier Item\FinalCSV\Supplier Item-HCKNDSD_HCKNDSD- HACKNEY DSD_01.csv
04-09-19T16:37:13: Supplier Name: HCKNDSD- HACKNEY DSD
04-09-19T16:37:13: Supplier Items Rows: 10
04-09-19T16:37:13: Supplier Items Rows: 20
04-09-19T16:37:13: Supplier Items Rows: 30
04-09-19T16:37:13: Supplier Items Rows: 40
04-09-19T16:37:13: Supplier Items Rows: 50
04-09-19T16:37:13: Supplier Items Rows: 60
04-09-19T16:37:13: Supplier Items Rows: 70
04-09-19T16:37:13: Supplier Items Rows: 80
04-09-19T16:37:13: Supplier Items Rows: 90
04-09-19T16:37:13: Supplier Items Rows: 100
04-09-19T16:37:13: Supplier Items Rows: 110
04-09-19T16:37:13: Supplier Items Rows: 120
04-09-19T16:37:13: Supplier Items Rows: 130
04-09-19T16:37:13: Supplier Items Rows: 140
04-09-19T16:37:13: Supplier Items Rows: 150
04-09-19T16:37:13: Supplier Items Rows: 160
04-09-19T16:37:13: Supplier Items Rows: 170
04-09-19T16:37:13: Supplier Items Rows: 180
04-09-19T16:37:13: Supplier Items Rows: 190
04-09-19T16:37:13: Supplier Items Rows: 200
04-09-19T16:37:13: Supplier Items Rows: 210
04-09-19T16:37:13: Supplier Items Rows: 220
04-09-19T16:37:13: Supplier Items Rows: 230
04-09-19T16:37:13: Supplier Items Rows: 240
04-09-19T16:37:13: Supplier Items Rows: 250
04-09-19T16:37:13: Supplier Items Rows: 260
04-09-19T16:37:13: Supplier Items Rows: 270
04-09-19T16:37:13: Supplier Items Rows: 280
04-09-19T16:37:13: Supplier Items Rows: 290
04-09-19T16:37:13: Supplier Items Rows: 300
04-09-19T16:37:13: Supplier Items Rows: 310
04-09-19T16:37:13: Supplier Items Rows: 320
04-09-19T16:37:13: Supplier Items Rows: 330
04-09-19T16:37:13: Supplier Items Rows: 340
04-09-19T16:37:13: Supplier Items Rows: 350
04-09-19T16:37:13: Supplier Items Rows: 360
04-09-19T16:37:13: Supplier Items Rows: 370
04-09-19T16:37:13: Supplier Items Rows: 380
04-09-19T16:37:13: Supplier Items Rows: 390
04-09-19T16:37:13: Supplier Items Rows: 400
04-09-19T16:37:13: Supplier Items Rows: 410
04-09-19T16:37:13: Supplier Items Rows: 420
04-09-19T16:37:13: Supplier Items Rows: 430
04-09-19T16:37:13: Supplier Items Rows: 440
04-09-19T16:37:13: Supplier Items Rows: 450
04-09-19T16:37:13: Supplier Items Rows: 460
04-09-19T16:37:13: Supplier Items Rows: 470
04-09-19T16:37:13: Supplier Items Rows: 480
04-09-19T16:37:13: Supplier Items Rows: 490
04-09-19T16:37:13: Supplier Items Rows: 500
04-09-19T16:37:13: Supplier Items Rows: 510
04-09-19T16:37:13: Supplier Items Rows: 520
04-09-19T16:37:13: Supplier Items Rows: 530
04-09-19T16:37:13: Supplier Items Rows: 540
04-09-19T16:37:13: Supplier Items Rows: 550
04-09-19T16:37:13: Supplier Items Rows: 560
04-09-19T16:37:13: Supplier Items Rows: 570
04-09-19T16:37:13: Supplier Items Rows: 580
04-09-19T16:37:13: Supplier Items Rows: 590
04-09-19T16:37:13: Supplier Items Rows: 600
04-09-19T16:37:13: Supplier Items Rows: 610
04-09-19T16:37:13: Supplier Items Rows: 620
04-09-19T16:37:13: Supplier Items Rows: 630
04-09-19T16:37:13: Supplier Items Rows: 640
04-09-19T16:37:13: Supplier Items Rows: 650
04-09-19T16:37:13: Supplier Items Rows: 660
04-09-19T16:37:13: Supplier Items Rows: 670
04-09-19T16:37:13: Supplier Items Rows: 680
04-09-19T16:37:13: Supplier Items Rows: 690
04-09-19T16:37:13: Supplier Items Rows: 700
04-09-19T16:37:13: Supplier Items Rows: 710
04-09-19T16:37:13: Supplier Items Rows: 720
04-09-19T16:37:13: Supplier Items Rows: 730
04-09-19T16:37:13: Supplier Items Rows: 740
04-09-19T16:37:13: Supplier Items Rows: 750
04-09-19T16:37:13: Supplier Items Rows: 760
04-09-19T16:37:13: Supplier Items Rows: 770
04-09-19T16:37:13: Supplier Items Rows: 780
04-09-19T16:37:13: Supplier Items Rows: 790
04-09-19T16:37:13: Supplier Items Rows: 800
04-09-19T16:37:13: Supplier Items Rows: 810
04-09-19T16:37:13: Supplier Items Rows: 820
04-09-19T16:37:13: Supplier Items Rows: 830
04-09-19T16:37:13: Supplier Items Rows: 840
04-09-19T16:37:13: Supplier Items Rows: 850
04-09-19T16:37:13: Supplier Items Rows: 860
04-09-19T16:37:13: Supplier Items Rows: 870
04-09-19T16:37:13: Supplier Items Rows: 880
04-09-19T16:37:13: Supplier Items Rows: 890
04-09-19T16:37:13: Supplier Items Rows: 900
04-09-19T16:37:13: Supplier Items Rows: 910
04-09-19T16:37:13: Supplier Items Rows: 920
04-09-19T16:37:13: Supplier Items Rows: 930
04-09-19T16:37:13: Supplier Items Rows: 940
04-09-19T16:37:13: Supplier Items Rows: 950
04-09-19T16:37:13: Supplier Items Rows: 960
04-09-19T16:37:13: Supplier Items Rows: 970
04-09-19T16:37:13: Supplier Items Rows: 980
04-09-19T16:37:13: Supplier Items Rows: 990
04-09-19T16:37:13: Supplier Items Rows: 1000
04-09-19T16:37:13: Supplier Items Rows: 1010
04-09-19T16:37:13: Supplier Items Rows: 1020
04-09-19T16:37:13: Supplier Items Rows: 1030
04-09-19T16:37:13: Supplier Items Rows: 1040
04-09-19T16:37:13: Supplier Items Rows: 1050
04-09-19T16:37:13: Supplier Items Rows: 1060
04-09-19T16:37:13: Supplier Items Rows: 1070
04-09-19T16:37:13: Supplier Items Rows: 1080
04-09-19T16:37:13: Supplier Items Rows: 1090
04-09-19T16:37:13: Supplier Items Rows: 1100
04-09-19T16:37:13: Supplier Items Rows: 1110
04-09-19T16:37:13: Supplier Items Rows: 1120
04-09-19T16:37:13: Supplier Items Rows: 1130
04-09-19T16:37:13: Supplier Items Rows: 1140
04-09-19T16:37:13: Supplier Items Rows: 1150
04-09-19T16:37:13: Supplier Items Rows: 1160
04-09-19T16:37:13: Supplier Items Rows: 1170
04-09-19T16:37:13: Supplier Items Rows: 1180
04-09-19T16:37:13: Supplier Items Rows: 1190
04-09-19T16:37:13: Supplier Items Rows: 1200
04-09-19T16:37:13: Supplier Items Rows: 1210
04-09-19T16:37:13: Supplier Items Rows: 1220
04-09-19T16:37:13: Supplier Items Rows: 1230
04-09-19T16:37:13: Supplier Items Rows: 1240
04-09-19T16:37:13: Supplier Items Rows: 1250
04-09-19T16:37:13: Supplier Items Rows: 1260
04-09-19T16:37:13: Supplier Items Rows: 1270
04-09-19T16:37:13: Supplier Items Rows: 1280
04-09-19T16:37:13: Supplier Items Rows: 1290
04-09-19T16:37:13: Supplier Items Rows: 1300
04-09-19T16:37:13: Supplier Items Rows: 1310
04-09-19T16:37:13: Supplier Items Rows: 1320
04-09-19T16:37:13: Starting XSL Transform, this may take awhile.
04-09-19T16:37:13: XSL Transform Completed.
04-09-19T16:37:13: Supplier Item-HCKNDSD_HCKNDSD- HACKNEY DSD_01 completed.
04-09-19T16:37:13: Found Input File: C:\Users\chuck\Documents\ROC\Speedway-Source\Data Extraction And Loading\Import Files\Supplier Item\FinalCSV\Supplier Item-LYNCODIS_LYNCODIS-LYNCO DISTRIBUTION INC_01.csv
04-09-19T16:37:13: Supplier Name: LYNCODIS-LYNCO DISTRIBUTION INC
04-09-19T16:37:14: Supplier Items Rows: 10
04-09-19T16:37:14: Supplier Items Rows: 20
04-09-19T16:37:14: Supplier Items Rows: 30
04-09-19T16:37:14: Supplier Items Rows: 40
04-09-19T16:37:14: Supplier Items Rows: 50
04-09-19T16:37:14: Supplier Items Rows: 60
04-09-19T16:37:14: Supplier Items Rows: 70
04-09-19T16:37:14: Supplier Items Rows: 80
04-09-19T16:37:14: Supplier Items Rows: 90
04-09-19T16:37:14: Supplier Items Rows: 100
04-09-19T16:37:14: Supplier Items Rows: 110
04-09-19T16:37:14: Supplier Items Rows: 120
04-09-19T16:37:14: Supplier Items Rows: 130
04-09-19T16:37:14: Supplier Items Rows: 140
04-09-19T16:37:14: Supplier Items Rows: 150
04-09-19T16:37:14: Supplier Items Rows: 160
04-09-19T16:37:14: Supplier Items Rows: 170
04-09-19T16:37:14: Supplier Items Rows: 180
04-09-19T16:37:14: Supplier Items Rows: 190
04-09-19T16:37:14: Supplier Items Rows: 200
04-09-19T16:37:14: Supplier Items Rows: 210
04-09-19T16:37:14: Supplier Items Rows: 220
04-09-19T16:37:14: Supplier Items Rows: 230
04-09-19T16:37:14: Supplier Items Rows: 240
04-09-19T16:37:14: Supplier Items Rows: 250
04-09-19T16:37:14: Supplier Items Rows: 260
04-09-19T16:37:14: Supplier Items Rows: 270
04-09-19T16:37:14: Supplier Items Rows: 280
04-09-19T16:37:14: Supplier Items Rows: 290
04-09-19T16:37:14: Supplier Items Rows: 300
04-09-19T16:37:14: Supplier Items Rows: 310
04-09-19T16:37:14: Supplier Items Rows: 320
04-09-19T16:37:14: Supplier Items Rows: 330
04-09-19T16:37:14: Supplier Items Rows: 340
04-09-19T16:37:14: Supplier Items Rows: 350
04-09-19T16:37:14: Supplier Items Rows: 360
04-09-19T16:37:14: Supplier Items Rows: 370
04-09-19T16:37:14: Supplier Items Rows: 380
04-09-19T16:37:14: Supplier Items Rows: 390
04-09-19T16:37:14: Supplier Items Rows: 400
04-09-19T16:37:14: Supplier Items Rows: 410
04-09-19T16:37:14: Supplier Items Rows: 420
04-09-19T16:37:14: Supplier Items Rows: 430
04-09-19T16:37:14: Supplier Items Rows: 440
04-09-19T16:37:14: Supplier Items Rows: 450
04-09-19T16:37:14: Supplier Items Rows: 460
04-09-19T16:37:14: Supplier Items Rows: 470
04-09-19T16:37:14: Supplier Items Rows: 480
04-09-19T16:37:14: Supplier Items Rows: 490
04-09-19T16:37:14: Supplier Items Rows: 500
04-09-19T16:37:14: Supplier Items Rows: 510
04-09-19T16:37:14: Supplier Items Rows: 520
04-09-19T16:37:14: Supplier Items Rows: 530
04-09-19T16:37:14: Supplier Items Rows: 540
04-09-19T16:37:14: Supplier Items Rows: 550
04-09-19T16:37:14: Supplier Items Rows: 560
04-09-19T16:37:14: Supplier Items Rows: 570
04-09-19T16:37:14: Supplier Items Rows: 580
04-09-19T16:37:14: Supplier Items Rows: 590
04-09-19T16:37:14: Supplier Items Rows: 600
04-09-19T16:37:14: Supplier Items Rows: 610
04-09-19T16:37:14: Supplier Items Rows: 620
04-09-19T16:37:14: Supplier Items Rows: 630
04-09-19T16:37:14: Supplier Items Rows: 640
04-09-19T16:37:14: Supplier Items Rows: 650
04-09-19T16:37:14: Supplier Items Rows: 660
04-09-19T16:37:14: Supplier Items Rows: 670
04-09-19T16:37:14: Supplier Items Rows: 680
04-09-19T16:37:14: Supplier Items Rows: 690
04-09-19T16:37:14: Supplier Items Rows: 700
04-09-19T16:37:14: Supplier Items Rows: 710
04-09-19T16:37:14: Supplier Items Rows: 720
04-09-19T16:37:14: Supplier Items Rows: 730
04-09-19T16:37:14: Supplier Items Rows: 740
04-09-19T16:37:14: Supplier Items Rows: 750
04-09-19T16:37:14: Supplier Items Rows: 760
04-09-19T16:37:14: Supplier Items Rows: 770
04-09-19T16:37:14: Supplier Items Rows: 780
04-09-19T16:37:14: Supplier Items Rows: 790
04-09-19T16:37:14: Supplier Items Rows: 800
04-09-19T16:37:14: Supplier Items Rows: 810
04-09-19T16:37:14: Supplier Items Rows: 820
04-09-19T16:37:14: Supplier Items Rows: 830
04-09-19T16:37:14: Supplier Items Rows: 840
04-09-19T16:37:14: Supplier Items Rows: 850
04-09-19T16:37:14: Supplier Items Rows: 860
04-09-19T16:37:14: Supplier Items Rows: 870
04-09-19T16:37:14: Supplier Items Rows: 880
04-09-19T16:37:14: Supplier Items Rows: 890
04-09-19T16:37:14: Supplier Items Rows: 900
04-09-19T16:37:14: Supplier Items Rows: 910
04-09-19T16:37:14: Supplier Items Rows: 920
04-09-19T16:37:14: Supplier Items Rows: 930
04-09-19T16:37:14: Supplier Items Rows: 940
04-09-19T16:37:14: Supplier Items Rows: 950
04-09-19T16:37:14: Supplier Items Rows: 960
04-09-19T16:37:14: Supplier Items Rows: 970
04-09-19T16:37:14: Supplier Items Rows: 980
04-09-19T16:37:14: Supplier Items Rows: 990
04-09-19T16:37:14: Supplier Items Rows: 1000
04-09-19T16:37:14: Supplier Items Rows: 1010
04-09-19T16:37:14: Supplier Items Rows: 1020
04-09-19T16:37:14: Supplier Items Rows: 1030
04-09-19T16:37:14: Supplier Items Rows: 1040
04-09-19T16:37:14: Supplier Items Rows: 1050
04-09-19T16:37:14: Supplier Items Rows: 1060
04-09-19T16:37:14: Supplier Items Rows: 1070
04-09-19T16:37:14: Supplier Items Rows: 1080
04-09-19T16:37:14: Supplier Items Rows: 1090
04-09-19T16:37:14: Supplier Items Rows: 1100
04-09-19T16:37:14: Supplier Items Rows: 1110
04-09-19T16:37:14: Supplier Items Rows: 1120
04-09-19T16:37:14: Supplier Items Rows: 1130
04-09-19T16:37:14: Supplier Items Rows: 1140
04-09-19T16:37:14: Supplier Items Rows: 1150
04-09-19T16:37:14: Supplier Items Rows: 1160
04-09-19T16:37:14: Supplier Items Rows: 1170
04-09-19T16:37:14: Supplier Items Rows: 1180
04-09-19T16:37:14: Supplier Items Rows: 1190
04-09-19T16:37:14: Supplier Items Rows: 1200
04-09-19T16:37:14: Supplier Items Rows: 1210
04-09-19T16:37:14: Supplier Items Rows: 1220
04-09-19T16:37:14: Supplier Items Rows: 1230
04-09-19T16:37:14: Supplier Items Rows: 1240
04-09-19T16:37:14: Supplier Items Rows: 1250
04-09-19T16:37:14: Supplier Items Rows: 1260
04-09-19T16:37:14: Supplier Items Rows: 1270
04-09-19T16:37:14: Supplier Items Rows: 1280
04-09-19T16:37:14: Starting XSL Transform, this may take awhile.
04-09-19T16:37:15: XSL Transform Completed.
04-09-19T16:37:15: Supplier Item-LYNCODIS_LYNCODIS-LYNCO DISTRIBUTION INC_01 completed.
04-09-19T16:37:15: Found Input File: C:\Users\chuck\Documents\ROC\Speedway-Source\Data Extraction And Loading\Import Files\Supplier Item\FinalCSV\Supplier Item-PEPSILBN_PEPSILBN-PEPSI LOUISVILLE  LEBANON (KY)-asn_01.csv
04-09-19T16:37:15: Supplier Name: PEPSILBN-PEPSI LOUISVILLE  LEBANON (KY)-asn
04-09-19T16:37:15: Supplier Items Rows: 10
04-09-19T16:37:15: Supplier Items Rows: 20
04-09-19T16:37:15: Supplier Items Rows: 30
04-09-19T16:37:15: Supplier Items Rows: 40
04-09-19T16:37:15: Supplier Items Rows: 50
04-09-19T16:37:15: Supplier Items Rows: 60
04-09-19T16:37:15: Supplier Items Rows: 70
04-09-19T16:37:15: Supplier Items Rows: 80
04-09-19T16:37:15: Supplier Items Rows: 90
04-09-19T16:37:15: Supplier Items Rows: 100
04-09-19T16:37:15: Supplier Items Rows: 110
04-09-19T16:37:15: Supplier Items Rows: 120
04-09-19T16:37:15: Supplier Items Rows: 130
04-09-19T16:37:15: Supplier Items Rows: 140
04-09-19T16:37:15: Supplier Items Rows: 150
04-09-19T16:37:15: Supplier Items Rows: 160
04-09-19T16:37:15: Supplier Items Rows: 170
04-09-19T16:37:15: Supplier Items Rows: 180
04-09-19T16:37:15: Supplier Items Rows: 190
04-09-19T16:37:15: Supplier Items Rows: 200
04-09-19T16:37:15: Supplier Items Rows: 210
04-09-19T16:37:15: Supplier Items Rows: 220
04-09-19T16:37:15: Supplier Items Rows: 230
04-09-19T16:37:15: Supplier Items Rows: 240
04-09-19T16:37:15: Supplier Items Rows: 250
04-09-19T16:37:15: Supplier Items Rows: 260
04-09-19T16:37:15: Supplier Items Rows: 270
04-09-19T16:37:15: Supplier Items Rows: 280
04-09-19T16:37:15: Supplier Items Rows: 290
04-09-19T16:37:15: Supplier Items Rows: 300
04-09-19T16:37:15: Supplier Items Rows: 310
04-09-19T16:37:15: Supplier Items Rows: 320
04-09-19T16:37:15: Supplier Items Rows: 330
04-09-19T16:37:15: Supplier Items Rows: 340
04-09-19T16:37:15: Supplier Items Rows: 350
04-09-19T16:37:15: Supplier Items Rows: 360
04-09-19T16:37:15: Supplier Items Rows: 370
04-09-19T16:37:15: Supplier Items Rows: 380
04-09-19T16:37:15: Supplier Items Rows: 390
04-09-19T16:37:15: Supplier Items Rows: 400
04-09-19T16:37:15: Supplier Items Rows: 410
04-09-19T16:37:15: Supplier Items Rows: 420
04-09-19T16:37:15: Supplier Items Rows: 430
04-09-19T16:37:15: Supplier Items Rows: 440
04-09-19T16:37:15: Supplier Items Rows: 450
04-09-19T16:37:15: Supplier Items Rows: 460
04-09-19T16:37:15: Supplier Items Rows: 470
04-09-19T16:37:15: Supplier Items Rows: 480
04-09-19T16:37:15: Supplier Items Rows: 490
04-09-19T16:37:15: Supplier Items Rows: 500
04-09-19T16:37:15: Supplier Items Rows: 510
04-09-19T16:37:15: Supplier Items Rows: 520
04-09-19T16:37:15: Supplier Items Rows: 530
04-09-19T16:37:15: Supplier Items Rows: 540
04-09-19T16:37:15: Supplier Items Rows: 550
04-09-19T16:37:15: Supplier Items Rows: 560
04-09-19T16:37:15: Supplier Items Rows: 570
04-09-19T16:37:15: Supplier Items Rows: 580
04-09-19T16:37:15: Supplier Items Rows: 590
04-09-19T16:37:15: Supplier Items Rows: 600
04-09-19T16:37:15: Supplier Items Rows: 610
04-09-19T16:37:15: Supplier Items Rows: 620
04-09-19T16:37:15: Supplier Items Rows: 630
04-09-19T16:37:15: Supplier Items Rows: 640
04-09-19T16:37:15: Supplier Items Rows: 650
04-09-19T16:37:15: Supplier Items Rows: 660
04-09-19T16:37:15: Supplier Items Rows: 670
04-09-19T16:37:15: Supplier Items Rows: 680
04-09-19T16:37:15: Supplier Items Rows: 690
04-09-19T16:37:15: Supplier Items Rows: 700
04-09-19T16:37:15: Supplier Items Rows: 710
04-09-19T16:37:15: Supplier Items Rows: 720
04-09-19T16:37:15: Supplier Items Rows: 730
04-09-19T16:37:15: Supplier Items Rows: 740
04-09-19T16:37:15: Supplier Items Rows: 750
04-09-19T16:37:15: Supplier Items Rows: 760
04-09-19T16:37:15: Supplier Items Rows: 770
04-09-19T16:37:15: Supplier Items Rows: 780
04-09-19T16:37:15: Supplier Items Rows: 790
04-09-19T16:37:15: Supplier Items Rows: 800
04-09-19T16:37:15: Supplier Items Rows: 810
04-09-19T16:37:15: Supplier Items Rows: 820
04-09-19T16:37:15: Supplier Items Rows: 830
04-09-19T16:37:15: Supplier Items Rows: 840
04-09-19T16:37:15: Supplier Items Rows: 850
04-09-19T16:37:15: Supplier Items Rows: 860
04-09-19T16:37:15: Supplier Items Rows: 870
04-09-19T16:37:15: Supplier Items Rows: 880
04-09-19T16:37:15: Supplier Items Rows: 890
04-09-19T16:37:15: Supplier Items Rows: 900
04-09-19T16:37:15: Supplier Items Rows: 910
04-09-19T16:37:15: Supplier Items Rows: 920
04-09-19T16:37:15: Supplier Items Rows: 930
04-09-19T16:37:15: Supplier Items Rows: 940
04-09-19T16:37:15: Supplier Items Rows: 950
04-09-19T16:37:15: Supplier Items Rows: 960
04-09-19T16:37:15: Supplier Items Rows: 970
04-09-19T16:37:15: Supplier Items Rows: 980
04-09-19T16:37:15: Supplier Items Rows: 990
04-09-19T16:37:15: Supplier Items Rows: 1000
04-09-19T16:37:15: Supplier Items Rows: 1010
04-09-19T16:37:15: Supplier Items Rows: 1020
04-09-19T16:37:15: Supplier Items Rows: 1030
04-09-19T16:37:15: Supplier Items Rows: 1040
04-09-19T16:37:15: Supplier Items Rows: 1050
04-09-19T16:37:15: Supplier Items Rows: 1060
04-09-19T16:37:15: Supplier Items Rows: 1070
04-09-19T16:37:15: Supplier Items Rows: 1080
04-09-19T16:37:15: Supplier Items Rows: 1090
04-09-19T16:37:15: Supplier Items Rows: 1100
04-09-19T16:37:15: Supplier Items Rows: 1110
04-09-19T16:37:15: Supplier Items Rows: 1120
04-09-19T16:37:15: Supplier Items Rows: 1130
04-09-19T16:37:15: Supplier Items Rows: 1140
04-09-19T16:37:15: Supplier Items Rows: 1150
04-09-19T16:37:15: Supplier Items Rows: 1160
04-09-19T16:37:15: Supplier Items Rows: 1170
04-09-19T16:37:15: Supplier Items Rows: 1180
04-09-19T16:37:15: Supplier Items Rows: 1190
04-09-19T16:37:15: Supplier Items Rows: 1200
04-09-19T16:37:15: Supplier Items Rows: 1210
04-09-19T16:37:15: Supplier Items Rows: 1220
04-09-19T16:37:15: Supplier Items Rows: 1230
04-09-19T16:37:15: Supplier Items Rows: 1240
04-09-19T16:37:15: Supplier Items Rows: 1250
04-09-19T16:37:15: Supplier Items Rows: 1260
04-09-19T16:37:15: Supplier Items Rows: 1270
04-09-19T16:37:15: Supplier Items Rows: 1280
04-09-19T16:37:15: Supplier Items Rows: 1290
04-09-19T16:37:15: Supplier Items Rows: 1300
04-09-19T16:37:15: Supplier Items Rows: 1310
04-09-19T16:37:15: Supplier Items Rows: 1320
04-09-19T16:37:15: Supplier Items Rows: 1330
04-09-19T16:37:15: Supplier Items Rows: 1340
04-09-19T16:37:15: Supplier Items Rows: 1350
04-09-19T16:37:15: Supplier Items Rows: 1360
04-09-19T16:37:15: Supplier Items Rows: 1370
04-09-19T16:37:15: Supplier Items Rows: 1380
04-09-19T16:37:15: Supplier Items Rows: 1390
04-09-19T16:37:15: Starting XSL Transform, this may take awhile.
04-09-19T16:37:15: XSL Transform Completed.
04-09-19T16:37:15: Supplier Item-PEPSILBN_PEPSILBN-PEPSI LOUISVILLE  LEBANON (KY)-asn_01 completed.
04-09-19T16:37:15: Found Input File: C:\Users\chuck\Documents\ROC\Speedway-Source\Data Extraction And Loading\Import Files\Supplier Item\FinalCSV\Supplier Item-SANDSTRM_SANDSTRM-Sandstrom's_01.csv
04-09-19T16:37:15: Supplier Name: SANDSTRM-Sandstrom's
04-09-19T16:37:15: Supplier Items Rows: 10
04-09-19T16:37:15: Supplier Items Rows: 20
04-09-19T16:37:15: Supplier Items Rows: 30
04-09-19T16:37:15: Supplier Items Rows: 40
04-09-19T16:37:15: Supplier Items Rows: 50
04-09-19T16:37:15: Supplier Items Rows: 60
04-09-19T16:37:15: Supplier Items Rows: 70
04-09-19T16:37:15: Supplier Items Rows: 80
04-09-19T16:37:15: Supplier Items Rows: 90
04-09-19T16:37:15: Supplier Items Rows: 100
04-09-19T16:37:15: Supplier Items Rows: 110
04-09-19T16:37:15: Supplier Items Rows: 120
04-09-19T16:37:15: Supplier Items Rows: 130
04-09-19T16:37:15: Supplier Items Rows: 140
04-09-19T16:37:15: Supplier Items Rows: 150
04-09-19T16:37:15: Supplier Items Rows: 160
04-09-19T16:37:15: Supplier Items Rows: 170
04-09-19T16:37:15: Supplier Items Rows: 180
04-09-19T16:37:15: Supplier Items Rows: 190
04-09-19T16:37:15: Supplier Items Rows: 200
04-09-19T16:37:15: Supplier Items Rows: 210
04-09-19T16:37:15: Supplier Items Rows: 220
04-09-19T16:37:15: Supplier Items Rows: 230
04-09-19T16:37:15: Supplier Items Rows: 240
04-09-19T16:37:15: Supplier Items Rows: 250
04-09-19T16:37:15: Supplier Items Rows: 260
04-09-19T16:37:15: Supplier Items Rows: 270
04-09-19T16:37:15: Supplier Items Rows: 280
04-09-19T16:37:15: Supplier Items Rows: 290
04-09-19T16:37:15: Supplier Items Rows: 300
04-09-19T16:37:15: Supplier Items Rows: 310
04-09-19T16:37:15: Supplier Items Rows: 320
04-09-19T16:37:15: Supplier Items Rows: 330
04-09-19T16:37:15: Supplier Items Rows: 340
04-09-19T16:37:15: Supplier Items Rows: 350
04-09-19T16:37:15: Supplier Items Rows: 360
04-09-19T16:37:15: Supplier Items Rows: 370
04-09-19T16:37:15: Supplier Items Rows: 380
04-09-19T16:37:15: Supplier Items Rows: 390
04-09-19T16:37:15: Supplier Items Rows: 400
04-09-19T16:37:15: Supplier Items Rows: 410
04-09-19T16:37:15: Supplier Items Rows: 420
04-09-19T16:37:15: Supplier Items Rows: 430
04-09-19T16:37:15: Supplier Items Rows: 440
04-09-19T16:37:15: Supplier Items Rows: 450
04-09-19T16:37:15: Supplier Items Rows: 460
04-09-19T16:37:15: Supplier Items Rows: 470
04-09-19T16:37:15: Supplier Items Rows: 480
04-09-19T16:37:15: Supplier Items Rows: 490
04-09-19T16:37:15: Supplier Items Rows: 500
04-09-19T16:37:15: Supplier Items Rows: 510
04-09-19T16:37:15: Supplier Items Rows: 520
04-09-19T16:37:15: Supplier Items Rows: 530
04-09-19T16:37:15: Supplier Items Rows: 540
04-09-19T16:37:15: Starting XSL Transform, this may take awhile.
04-09-19T16:37:15: XSL Transform Completed.
04-09-19T16:37:15: Supplier Item-SANDSTRM_SANDSTRM-Sandstrom's_01 completed.
04-09-19T16:37:15: Found Input File: C:\Users\chuck\Documents\ROC\Speedway-Source\Data Extraction And Loading\Import Files\Supplier Item\FinalCSV\Supplier Item-SMOMSAND_SMOMSAND-SUPERMOMS SANDWICH_01.csv
04-09-19T16:37:15: Supplier Name: SMOMSAND-SUPERMOMS SANDWICH
04-09-19T16:37:15: Supplier Items Rows: 10
04-09-19T16:37:15: Supplier Items Rows: 20
04-09-19T16:37:15: Supplier Items Rows: 30
04-09-19T16:37:15: Supplier Items Rows: 40
04-09-19T16:37:15: Supplier Items Rows: 50
04-09-19T16:37:15: Supplier Items Rows: 60
04-09-19T16:37:15: Supplier Items Rows: 70
04-09-19T16:37:15: Supplier Items Rows: 80
04-09-19T16:37:15: Starting XSL Transform, this may take awhile.
04-09-19T16:37:15: XSL Transform Completed.
04-09-19T16:37:15: Supplier Item-SMOMSAND_SMOMSAND-SUPERMOMS SANDWICH_01 completed.
04-09-19T16:37:15: Found Input File: C:\Users\chuck\Documents\ROC\Speedway-Source\Data Extraction And Loading\Import Files\Supplier Item\FinalCSV\Supplier Item-STUCKEYS_STUCKEYS-STUCKEYS CORPORATION_01.csv
04-09-19T16:37:15: Supplier Name: STUCKEYS-STUCKEYS CORPORATION
04-09-19T16:37:15: Supplier Items Rows: 10
04-09-19T16:37:15: Supplier Items Rows: 20
04-09-19T16:37:15: Supplier Items Rows: 30
04-09-19T16:37:15: Supplier Items Rows: 40
04-09-19T16:37:15: Supplier Items Rows: 50
04-09-19T16:37:15: Supplier Items Rows: 60
04-09-19T16:37:15: Supplier Items Rows: 70
04-09-19T16:37:15: Supplier Items Rows: 80
04-09-19T16:37:15: Supplier Items Rows: 90
04-09-19T16:37:15: Supplier Items Rows: 100
04-09-19T16:37:16: Supplier Items Rows: 110
04-09-19T16:37:16: Supplier Items Rows: 120
04-09-19T16:37:16: Supplier Items Rows: 130
04-09-19T16:37:16: Supplier Items Rows: 140
04-09-19T16:37:16: Supplier Items Rows: 150
04-09-19T16:37:16: Supplier Items Rows: 160
04-09-19T16:37:16: Supplier Items Rows: 170
04-09-19T16:37:16: Supplier Items Rows: 180
04-09-19T16:37:16: Supplier Items Rows: 190
04-09-19T16:37:16: Supplier Items Rows: 200
04-09-19T16:37:16: Supplier Items Rows: 210
04-09-19T16:37:16: Supplier Items Rows: 220
04-09-19T16:37:16: Supplier Items Rows: 230
04-09-19T16:37:16: Supplier Items Rows: 240
04-09-19T16:37:16: Supplier Items Rows: 250
04-09-19T16:37:16: Supplier Items Rows: 260
04-09-19T16:37:16: Supplier Items Rows: 270
04-09-19T16:37:16: Supplier Items Rows: 280
04-09-19T16:37:16: Supplier Items Rows: 290
04-09-19T16:37:16: Supplier Items Rows: 300
04-09-19T16:37:16: Supplier Items Rows: 310
04-09-19T16:37:16: Supplier Items Rows: 320
04-09-19T16:37:16: Supplier Items Rows: 330
04-09-19T16:37:16: Supplier Items Rows: 340
04-09-19T16:37:16: Supplier Items Rows: 350
04-09-19T16:37:16: Supplier Items Rows: 360
04-09-19T16:37:16: Supplier Items Rows: 370
04-09-19T16:37:16: Supplier Items Rows: 380
04-09-19T16:37:16: Supplier Items Rows: 390
04-09-19T16:37:16: Supplier Items Rows: 400
04-09-19T16:37:16: Supplier Items Rows: 410
04-09-19T16:37:16: Supplier Items Rows: 420
04-09-19T16:37:16: Supplier Items Rows: 430
04-09-19T16:37:16: Supplier Items Rows: 440
04-09-19T16:37:16: Supplier Items Rows: 450
04-09-19T16:37:16: Supplier Items Rows: 460
04-09-19T16:37:16: Supplier Items Rows: 470
04-09-19T16:37:16: Supplier Items Rows: 480
04-09-19T16:37:16: Supplier Items Rows: 490
04-09-19T16:37:16: Supplier Items Rows: 500
04-09-19T16:37:16: Supplier Items Rows: 510
04-09-19T16:37:16: Supplier Items Rows: 520
04-09-19T16:37:16: Supplier Items Rows: 530
04-09-19T16:37:16: Supplier Items Rows: 540
04-09-19T16:37:16: Supplier Items Rows: 550
04-09-19T16:37:16: Supplier Items Rows: 560
04-09-19T16:37:16: Supplier Items Rows: 570
04-09-19T16:37:16: Supplier Items Rows: 580
04-09-19T16:37:16: Supplier Items Rows: 590
04-09-19T16:37:16: Supplier Items Rows: 600
04-09-19T16:37:16: Supplier Items Rows: 610
04-09-19T16:37:16: Supplier Items Rows: 620
04-09-19T16:37:16: Supplier Items Rows: 630
04-09-19T16:37:16: Supplier Items Rows: 640
04-09-19T16:37:16: Supplier Items Rows: 650
04-09-19T16:37:16: Supplier Items Rows: 660
04-09-19T16:37:16: Supplier Items Rows: 670
04-09-19T16:37:16: Supplier Items Rows: 680
04-09-19T16:37:16: Supplier Items Rows: 690
04-09-19T16:37:16: Supplier Items Rows: 700
04-09-19T16:37:16: Supplier Items Rows: 710
04-09-19T16:37:16: Supplier Items Rows: 720
04-09-19T16:37:16: Supplier Items Rows: 730
04-09-19T16:37:16: Supplier Items Rows: 740
04-09-19T16:37:16: Supplier Items Rows: 750
04-09-19T16:37:16: Supplier Items Rows: 760
04-09-19T16:37:16: Supplier Items Rows: 770
04-09-19T16:37:16: Supplier Items Rows: 780
04-09-19T16:37:16: Supplier Items Rows: 790
04-09-19T16:37:16: Supplier Items Rows: 800
04-09-19T16:37:16: Supplier Items Rows: 810
04-09-19T16:37:16: Supplier Items Rows: 820
04-09-19T16:37:16: Supplier Items Rows: 830
04-09-19T16:37:16: Supplier Items Rows: 840
04-09-19T16:37:16: Supplier Items Rows: 850
04-09-19T16:37:16: Supplier Items Rows: 860
04-09-19T16:37:16: Supplier Items Rows: 870
04-09-19T16:37:16: Supplier Items Rows: 880
04-09-19T16:37:16: Supplier Items Rows: 890
04-09-19T16:37:16: Supplier Items Rows: 900
04-09-19T16:37:16: Supplier Items Rows: 910
04-09-19T16:37:16: Supplier Items Rows: 920
04-09-19T16:37:16: Supplier Items Rows: 930
04-09-19T16:37:16: Supplier Items Rows: 940
04-09-19T16:37:16: Supplier Items Rows: 950
04-09-19T16:37:16: Supplier Items Rows: 960
04-09-19T16:37:16: Supplier Items Rows: 970
04-09-19T16:37:16: Supplier Items Rows: 980
04-09-19T16:37:16: Supplier Items Rows: 990
04-09-19T16:37:16: Supplier Items Rows: 1000
04-09-19T16:37:16: Supplier Items Rows: 1010
04-09-19T16:37:16: Supplier Items Rows: 1020
04-09-19T16:37:16: Supplier Items Rows: 1030
04-09-19T16:37:16: Supplier Items Rows: 1040
04-09-19T16:37:16: Supplier Items Rows: 1050
04-09-19T16:37:16: Supplier Items Rows: 1060
04-09-19T16:37:16: Supplier Items Rows: 1070
04-09-19T16:37:16: Supplier Items Rows: 1080
04-09-19T16:37:16: Supplier Items Rows: 1090
04-09-19T16:37:16: Supplier Items Rows: 1100
04-09-19T16:37:16: Supplier Items Rows: 1110
04-09-19T16:37:16: Supplier Items Rows: 1120
04-09-19T16:37:16: Supplier Items Rows: 1130
04-09-19T16:37:16: Supplier Items Rows: 1140
04-09-19T16:37:16: Starting XSL Transform, this may take awhile.
04-09-19T16:37:16: XSL Transform Completed.
04-09-19T16:37:16: Supplier Item-STUCKEYS_STUCKEYS-STUCKEYS CORPORATION_01 completed.
04-09-19T16:37:16: End Log
