09-04-18T13:35:56: Start Log
09-04-18T13:35:56: Found Input File: C:\Users\chuck\Documents\ROC\Data Extraction and Loading\Import Files\Retail Item\FinalCSV\Not Sold.csv
09-04-18T13:35:56: Items Rows: 10
09-04-18T13:35:56: Items Rows: 20
09-04-18T13:35:56: Items Rows: 30
09-04-18T13:35:56: Items Rows: 40
09-04-18T13:35:56: Items Rows: 50
09-04-18T13:35:56: Items Rows: 60
09-04-18T13:35:56: Items Rows: 70
09-04-18T13:35:56: Starting XSL Transform, this may take awhile.
09-04-18T13:35:56: XSL Transform Complete.
09-04-18T13:35:56: Finished Items
09-04-18T13:35:56: Total Items: 75
09-04-18T13:35:56: File created in final xml folder: Not Sold.xml
09-04-18T13:35:56: ...
09-04-18T13:35:56: Found Input File: C:\Users\chuck\Documents\ROC\Data Extraction and Loading\Import Files\Retail Item\FinalCSV\Not Sold2.csv
09-04-18T13:35:56: Items Rows: 10
09-04-18T13:35:56: Items Rows: 20
09-04-18T13:35:56: Items Rows: 30
09-04-18T13:35:56: Items Rows: 40
09-04-18T13:35:56: Items Rows: 50
09-04-18T13:35:56: Items Rows: 60
09-04-18T13:35:56: Items Rows: 70
09-04-18T13:35:56: Items Rows: 80
09-04-18T13:35:56: Items Rows: 90
09-04-18T13:35:56: Items Rows: 100
09-04-18T13:35:56: Items Rows: 110
09-04-18T13:35:56: Items Rows: 120
09-04-18T13:35:56: Items Rows: 130
09-04-18T13:35:56: Items Rows: 140
09-04-18T13:35:56: Items Rows: 150
09-04-18T13:35:56: Items Rows: 160
09-04-18T13:35:56: Items Rows: 170
09-04-18T13:35:56: Items Rows: 180
09-04-18T13:35:56: Items Rows: 190
09-04-18T13:35:56: Items Rows: 200
09-04-18T13:35:56: Items Rows: 210
09-04-18T13:35:56: Items Rows: 220
09-04-18T13:35:56: Items Rows: 230
09-04-18T13:35:56: Items Rows: 240
09-04-18T13:35:56: Items Rows: 250
09-04-18T13:35:56: Items Rows: 260
09-04-18T13:35:56: Items Rows: 270
09-04-18T13:35:56: Items Rows: 280
09-04-18T13:35:56: Items Rows: 290
09-04-18T13:35:56: Items Rows: 300
09-04-18T13:35:56: Items Rows: 310
09-04-18T13:35:56: Items Rows: 320
09-04-18T13:35:56: Items Rows: 330
09-04-18T13:35:56: Items Rows: 340
09-04-18T13:35:56: Items Rows: 350
09-04-18T13:35:56: Items Rows: 360
09-04-18T13:35:56: Items Rows: 370
09-04-18T13:35:56: Items Rows: 380
09-04-18T13:35:56: Items Rows: 390
09-04-18T13:35:56: Items Rows: 400
09-04-18T13:35:56: Items Rows: 410
09-04-18T13:35:56: Items Rows: 420
09-04-18T13:35:56: Items Rows: 430
09-04-18T13:35:56: Items Rows: 440
09-04-18T13:35:56: Items Rows: 450
09-04-18T13:35:56: Items Rows: 460
09-04-18T13:35:56: Items Rows: 470
09-04-18T13:35:56: Items Rows: 480
09-04-18T13:35:56: Items Rows: 490
09-04-18T13:35:56: Items Rows: 500
09-04-18T13:35:56: Items Rows: 510
09-04-18T13:35:56: Items Rows: 520
09-04-18T13:35:56: Items Rows: 530
09-04-18T13:35:56: Items Rows: 540
09-04-18T13:35:56: Items Rows: 550
09-04-18T13:35:56: Items Rows: 560
09-04-18T13:35:56: Items Rows: 570
09-04-18T13:35:56: Items Rows: 580
09-04-18T13:35:56: Items Rows: 590
09-04-18T13:35:56: Items Rows: 600
09-04-18T13:35:56: Items Rows: 610
09-04-18T13:35:56: Items Rows: 620
09-04-18T13:35:56: Items Rows: 630
09-04-18T13:35:56: Items Rows: 640
09-04-18T13:35:56: Items Rows: 650
09-04-18T13:35:56: Items Rows: 660
09-04-18T13:35:56: Items Rows: 670
09-04-18T13:35:56: Items Rows: 680
09-04-18T13:35:56: Items Rows: 690
09-04-18T13:35:56: Items Rows: 700
09-04-18T13:35:56: Items Rows: 710
09-04-18T13:35:56: Items Rows: 720
09-04-18T13:35:56: Items Rows: 730
09-04-18T13:35:56: Items Rows: 740
09-04-18T13:35:56: Items Rows: 750
09-04-18T13:35:56: Items Rows: 760
09-04-18T13:35:56: Items Rows: 770
09-04-18T13:35:56: Items Rows: 780
09-04-18T13:35:56: Items Rows: 790
09-04-18T13:35:56: Items Rows: 800
09-04-18T13:35:56: Items Rows: 810
09-04-18T13:35:56: Items Rows: 820
09-04-18T13:35:56: Items Rows: 830
09-04-18T13:35:56: Items Rows: 840
09-04-18T13:35:56: Items Rows: 850
09-04-18T13:35:56: Items Rows: 860
09-04-18T13:35:56: Items Rows: 870
09-04-18T13:35:56: Items Rows: 880
09-04-18T13:35:56: Items Rows: 890
09-04-18T13:35:56: Items Rows: 900
09-04-18T13:35:56: Items Rows: 910
09-04-18T13:35:56: Items Rows: 920
09-04-18T13:35:56: Items Rows: 930
09-04-18T13:35:56: Items Rows: 940
09-04-18T13:35:56: Items Rows: 950
09-04-18T13:35:56: Items Rows: 960
09-04-18T13:35:56: Items Rows: 970
09-04-18T13:35:56: Items Rows: 980
09-04-18T13:35:56: Items Rows: 990
09-04-18T13:35:56: Items Rows: 1000
09-04-18T13:35:56: Items Rows: 1010
09-04-18T13:35:56: Items Rows: 1020
09-04-18T13:35:56: Items Rows: 1030
09-04-18T13:35:56: Items Rows: 1040
09-04-18T13:35:56: Items Rows: 1050
09-04-18T13:35:56: Items Rows: 1060
09-04-18T13:35:56: Items Rows: 1070
09-04-18T13:35:56: Items Rows: 1080
09-04-18T13:35:56: Items Rows: 1090
09-04-18T13:35:56: Items Rows: 1100
09-04-18T13:35:56: Items Rows: 1110
09-04-18T13:35:56: Items Rows: 1120
09-04-18T13:35:56: Items Rows: 1130
09-04-18T13:35:56: Items Rows: 1140
09-04-18T13:35:56: Items Rows: 1150
09-04-18T13:35:56: Items Rows: 1160
09-04-18T13:35:56: Items Rows: 1170
09-04-18T13:35:56: Items Rows: 1180
09-04-18T13:35:56: Items Rows: 1190
09-04-18T13:35:56: Items Rows: 1200
09-04-18T13:35:56: Items Rows: 1210
09-04-18T13:35:56: Items Rows: 1220
09-04-18T13:35:56: Items Rows: 1230
09-04-18T13:35:56: Items Rows: 1240
09-04-18T13:35:56: Items Rows: 1250
09-04-18T13:35:56: Items Rows: 1260
09-04-18T13:35:56: Items Rows: 1270
09-04-18T13:35:56: Items Rows: 1280
09-04-18T13:35:56: Items Rows: 1290
09-04-18T13:35:56: Items Rows: 1300
09-04-18T13:35:56: Items Rows: 1310
09-04-18T13:35:57: Items Rows: 1320
09-04-18T13:35:57: Items Rows: 1330
09-04-18T13:35:57: Items Rows: 1340
09-04-18T13:35:57: Items Rows: 1350
09-04-18T13:35:57: Items Rows: 1360
09-04-18T13:35:57: Items Rows: 1370
09-04-18T13:35:57: Items Rows: 1380
09-04-18T13:35:57: Items Rows: 1390
09-04-18T13:35:57: Items Rows: 1400
09-04-18T13:35:57: Items Rows: 1410
09-04-18T13:35:57: Items Rows: 1420
09-04-18T13:35:57: Items Rows: 1430
09-04-18T13:35:57: Items Rows: 1440
09-04-18T13:35:57: Items Rows: 1450
09-04-18T13:35:57: Items Rows: 1460
09-04-18T13:35:57: Items Rows: 1470
09-04-18T13:35:57: Items Rows: 1480
09-04-18T13:35:57: Items Rows: 1490
09-04-18T13:35:57: Items Rows: 1500
09-04-18T13:35:57: Items Rows: 1510
09-04-18T13:35:57: Items Rows: 1520
09-04-18T13:35:57: Items Rows: 1530
09-04-18T13:35:57: Items Rows: 1540
09-04-18T13:35:57: Items Rows: 1550
09-04-18T13:35:57: Items Rows: 1560
09-04-18T13:35:57: Items Rows: 1570
09-04-18T13:35:57: Items Rows: 1580
09-04-18T13:35:57: Items Rows: 1590
09-04-18T13:35:57: Items Rows: 1600
09-04-18T13:35:57: Items Rows: 1610
09-04-18T13:35:57: Items Rows: 1620
09-04-18T13:35:57: Items Rows: 1630
09-04-18T13:35:57: Items Rows: 1640
09-04-18T13:35:57: Items Rows: 1650
09-04-18T13:35:57: Items Rows: 1660
09-04-18T13:35:57: Items Rows: 1670
09-04-18T13:35:57: Items Rows: 1680
09-04-18T13:35:57: Items Rows: 1690
09-04-18T13:35:57: Items Rows: 1700
09-04-18T13:35:57: Items Rows: 1710
09-04-18T13:35:57: Items Rows: 1720
09-04-18T13:35:57: Items Rows: 1730
09-04-18T13:35:57: Items Rows: 1740
09-04-18T13:35:57: Items Rows: 1750
09-04-18T13:35:57: Items Rows: 1760
09-04-18T13:35:57: Items Rows: 1770
09-04-18T13:35:57: Items Rows: 1780
09-04-18T13:35:57: Items Rows: 1790
09-04-18T13:35:57: Items Rows: 1800
09-04-18T13:35:57: Items Rows: 1810
09-04-18T13:35:57: Items Rows: 1820
09-04-18T13:35:57: Items Rows: 1830
09-04-18T13:35:57: Items Rows: 1840
09-04-18T13:35:57: Items Rows: 1850
09-04-18T13:35:57: Items Rows: 1860
09-04-18T13:35:57: Items Rows: 1870
09-04-18T13:35:57: Items Rows: 1880
09-04-18T13:35:57: Items Rows: 1890
09-04-18T13:35:57: Items Rows: 1900
09-04-18T13:35:57: Items Rows: 1910
09-04-18T13:35:57: Items Rows: 1920
09-04-18T13:35:57: Items Rows: 1930
09-04-18T13:35:57: Items Rows: 1940
09-04-18T13:35:57: Items Rows: 1950
09-04-18T13:35:57: Items Rows: 1960
09-04-18T13:35:57: Items Rows: 1970
09-04-18T13:35:57: Items Rows: 1980
09-04-18T13:35:57: Items Rows: 1990
09-04-18T13:35:57: Items Rows: 2000
09-04-18T13:35:57: Items Rows: 2010
09-04-18T13:35:57: Items Rows: 2020
09-04-18T13:35:57: Items Rows: 2030
09-04-18T13:35:57: Items Rows: 2040
09-04-18T13:35:57: Items Rows: 2050
09-04-18T13:35:57: Items Rows: 2060
09-04-18T13:35:57: Items Rows: 2070
09-04-18T13:35:57: Items Rows: 2080
09-04-18T13:35:57: Items Rows: 2090
09-04-18T13:35:57: Items Rows: 2100
09-04-18T13:35:57: Items Rows: 2110
09-04-18T13:35:57: Items Rows: 2120
09-04-18T13:35:57: Items Rows: 2130
09-04-18T13:35:57: Items Rows: 2140
09-04-18T13:35:57: Items Rows: 2150
09-04-18T13:35:57: Items Rows: 2160
09-04-18T13:35:57: Items Rows: 2170
09-04-18T13:35:57: Items Rows: 2180
09-04-18T13:35:57: Items Rows: 2190
09-04-18T13:35:57: Items Rows: 2200
09-04-18T13:35:57: Items Rows: 2210
09-04-18T13:35:57: Items Rows: 2220
09-04-18T13:35:57: Items Rows: 2230
09-04-18T13:35:57: Items Rows: 2240
09-04-18T13:35:57: Items Rows: 2250
09-04-18T13:35:57: Items Rows: 2260
09-04-18T13:35:57: Items Rows: 2270
09-04-18T13:35:57: Items Rows: 2280
09-04-18T13:35:57: Items Rows: 2290
09-04-18T13:35:57: Items Rows: 2300
09-04-18T13:35:57: Items Rows: 2310
09-04-18T13:35:57: Items Rows: 2320
09-04-18T13:35:57: Items Rows: 2330
09-04-18T13:35:57: Items Rows: 2340
09-04-18T13:35:57: Items Rows: 2350
09-04-18T13:35:57: Items Rows: 2360
09-04-18T13:35:57: Items Rows: 2370
09-04-18T13:35:57: Items Rows: 2380
09-04-18T13:35:57: Items Rows: 2390
09-04-18T13:35:57: Items Rows: 2400
09-04-18T13:35:57: Items Rows: 2410
09-04-18T13:35:57: Items Rows: 2420
09-04-18T13:35:57: Items Rows: 2430
09-04-18T13:35:57: Items Rows: 2440
09-04-18T13:35:57: Items Rows: 2450
09-04-18T13:35:57: Items Rows: 2460
09-04-18T13:35:57: Items Rows: 2470
09-04-18T13:35:57: Items Rows: 2480
09-04-18T13:35:57: Items Rows: 2490
09-04-18T13:35:57: Items Rows: 2500
09-04-18T13:35:57: Items Rows: 2510
09-04-18T13:35:57: Items Rows: 2520
09-04-18T13:35:57: Items Rows: 2530
09-04-18T13:35:57: Items Rows: 2540
09-04-18T13:35:57: Items Rows: 2550
09-04-18T13:35:57: Items Rows: 2560
09-04-18T13:35:57: Items Rows: 2570
09-04-18T13:35:57: Items Rows: 2580
09-04-18T13:35:57: Items Rows: 2590
09-04-18T13:35:57: Items Rows: 2600
09-04-18T13:35:57: Items Rows: 2610
09-04-18T13:35:57: Items Rows: 2620
09-04-18T13:35:57: Items Rows: 2630
09-04-18T13:35:57: Items Rows: 2640
09-04-18T13:35:57: Items Rows: 2650
09-04-18T13:35:57: Items Rows: 2660
09-04-18T13:35:57: Items Rows: 2670
09-04-18T13:35:57: Items Rows: 2680
09-04-18T13:35:57: Items Rows: 2690
09-04-18T13:35:57: Items Rows: 2700
09-04-18T13:35:57: Items Rows: 2710
09-04-18T13:35:57: Items Rows: 2720
09-04-18T13:35:57: Items Rows: 2730
09-04-18T13:35:57: Items Rows: 2740
09-04-18T13:35:57: Items Rows: 2750
09-04-18T13:35:57: Items Rows: 2760
09-04-18T13:35:57: Items Rows: 2770
09-04-18T13:35:57: Items Rows: 2780
09-04-18T13:35:57: Items Rows: 2790
09-04-18T13:35:57: Items Rows: 2800
09-04-18T13:35:57: Items Rows: 2810
09-04-18T13:35:57: Items Rows: 2820
09-04-18T13:35:57: Items Rows: 2830
09-04-18T13:35:57: Items Rows: 2840
09-04-18T13:35:57: Items Rows: 2850
09-04-18T13:35:57: Items Rows: 2860
09-04-18T13:35:57: Items Rows: 2870
09-04-18T13:35:57: Items Rows: 2880
09-04-18T13:35:57: Items Rows: 2890
09-04-18T13:35:57: Items Rows: 2900
09-04-18T13:35:57: Items Rows: 2910
09-04-18T13:35:57: Items Rows: 2920
09-04-18T13:35:57: Items Rows: 2930
09-04-18T13:35:57: Items Rows: 2940
09-04-18T13:35:57: Items Rows: 2950
09-04-18T13:35:57: Items Rows: 2960
09-04-18T13:35:57: Items Rows: 2970
09-04-18T13:35:57: Items Rows: 2980
09-04-18T13:35:57: Items Rows: 2990
09-04-18T13:35:58: Items Rows: 3000
09-04-18T13:35:58: Items Rows: 3010
09-04-18T13:35:58: Items Rows: 3020
09-04-18T13:35:58: Items Rows: 3030
09-04-18T13:35:58: Items Rows: 3040
09-04-18T13:35:58: Items Rows: 3050
09-04-18T13:35:58: Items Rows: 3060
09-04-18T13:35:58: Items Rows: 3070
09-04-18T13:35:58: Items Rows: 3080
09-04-18T13:35:58: Items Rows: 3090
09-04-18T13:35:58: Items Rows: 3100
09-04-18T13:35:58: Items Rows: 3110
09-04-18T13:35:58: Items Rows: 3120
09-04-18T13:35:58: Items Rows: 3130
09-04-18T13:35:58: Items Rows: 3140
09-04-18T13:35:58: Items Rows: 3150
09-04-18T13:35:58: Items Rows: 3160
09-04-18T13:35:58: Items Rows: 3170
09-04-18T13:35:58: Items Rows: 3180
09-04-18T13:35:58: Items Rows: 3190
09-04-18T13:35:58: Items Rows: 3200
09-04-18T13:35:58: Items Rows: 3210
09-04-18T13:35:58: Items Rows: 3220
09-04-18T13:35:58: Items Rows: 3230
09-04-18T13:35:58: Items Rows: 3240
09-04-18T13:35:58: Items Rows: 3250
09-04-18T13:35:58: Items Rows: 3260
09-04-18T13:35:58: Items Rows: 3270
09-04-18T13:35:58: Items Rows: 3280
09-04-18T13:35:58: Items Rows: 3290
09-04-18T13:35:58: Items Rows: 3300
09-04-18T13:35:58: Items Rows: 3310
09-04-18T13:35:58: Items Rows: 3320
09-04-18T13:35:58: Items Rows: 3330
09-04-18T13:35:58: Items Rows: 3340
09-04-18T13:35:58: Items Rows: 3350
09-04-18T13:35:58: Items Rows: 3360
09-04-18T13:35:58: Items Rows: 3370
09-04-18T13:35:58: Items Rows: 3380
09-04-18T13:35:58: Items Rows: 3390
09-04-18T13:35:58: Items Rows: 3400
09-04-18T13:35:58: Items Rows: 3410
09-04-18T13:35:58: Items Rows: 3420
09-04-18T13:35:58: Items Rows: 3430
09-04-18T13:35:58: Items Rows: 3440
09-04-18T13:35:58: Items Rows: 3450
09-04-18T13:35:58: Items Rows: 3460
09-04-18T13:35:58: Items Rows: 3470
09-04-18T13:35:58: Items Rows: 3480
09-04-18T13:35:58: Items Rows: 3490
09-04-18T13:35:58: Items Rows: 3500
09-04-18T13:35:58: Items Rows: 3510
09-04-18T13:35:58: Items Rows: 3520
09-04-18T13:35:58: Items Rows: 3530
09-04-18T13:35:58: Items Rows: 3540
09-04-18T13:35:58: Items Rows: 3550
09-04-18T13:35:58: Items Rows: 3560
09-04-18T13:35:58: Items Rows: 3570
09-04-18T13:35:58: Items Rows: 3580
09-04-18T13:35:58: Items Rows: 3590
09-04-18T13:35:58: Items Rows: 3600
09-04-18T13:35:58: Items Rows: 3610
09-04-18T13:35:58: Items Rows: 3620
09-04-18T13:35:58: Items Rows: 3630
09-04-18T13:35:58: Items Rows: 3640
09-04-18T13:35:58: Items Rows: 3650
09-04-18T13:35:58: Items Rows: 3660
09-04-18T13:35:58: Items Rows: 3670
09-04-18T13:35:58: Items Rows: 3680
09-04-18T13:35:58: Items Rows: 3690
09-04-18T13:35:58: Items Rows: 3700
09-04-18T13:35:58: Items Rows: 3710
09-04-18T13:35:58: Items Rows: 3720
09-04-18T13:35:58: Items Rows: 3730
09-04-18T13:35:58: Items Rows: 3740
09-04-18T13:35:58: Items Rows: 3750
09-04-18T13:35:58: Items Rows: 3760
09-04-18T13:35:58: Items Rows: 3770
09-04-18T13:35:58: Items Rows: 3780
09-04-18T13:35:58: Items Rows: 3790
09-04-18T13:35:58: Items Rows: 3800
09-04-18T13:35:58: Items Rows: 3810
09-04-18T13:35:58: Items Rows: 3820
09-04-18T13:35:58: Items Rows: 3830
09-04-18T13:35:58: Items Rows: 3840
09-04-18T13:35:58: Items Rows: 3850
09-04-18T13:35:58: Items Rows: 3860
09-04-18T13:35:58: Items Rows: 3870
09-04-18T13:35:58: Items Rows: 3880
09-04-18T13:35:58: Items Rows: 3890
09-04-18T13:35:58: Items Rows: 3900
09-04-18T13:35:58: Items Rows: 3910
09-04-18T13:35:58: Items Rows: 3920
09-04-18T13:35:58: Items Rows: 3930
09-04-18T13:35:58: Items Rows: 3940
09-04-18T13:35:58: Items Rows: 3950
09-04-18T13:35:58: Items Rows: 3960
09-04-18T13:35:58: Items Rows: 3970
09-04-18T13:35:58: Items Rows: 3980
09-04-18T13:35:58: Items Rows: 3990
09-04-18T13:35:58: Items Rows: 4000
09-04-18T13:35:58: Items Rows: 4010
09-04-18T13:35:58: Items Rows: 4020
09-04-18T13:35:58: Items Rows: 4030
09-04-18T13:35:58: Items Rows: 4040
09-04-18T13:35:58: Items Rows: 4050
09-04-18T13:35:58: Items Rows: 4060
09-04-18T13:35:58: Items Rows: 4070
09-04-18T13:35:58: Items Rows: 4080
09-04-18T13:35:58: Items Rows: 4090
09-04-18T13:35:58: Items Rows: 4100
09-04-18T13:35:58: Items Rows: 4110
09-04-18T13:35:58: Items Rows: 4120
09-04-18T13:35:58: Items Rows: 4130
09-04-18T13:35:58: Items Rows: 4140
09-04-18T13:35:58: Items Rows: 4150
09-04-18T13:35:58: Items Rows: 4160
09-04-18T13:35:58: Items Rows: 4170
09-04-18T13:35:58: Items Rows: 4180
09-04-18T13:35:58: Items Rows: 4190
09-04-18T13:35:58: Items Rows: 4200
09-04-18T13:35:58: Items Rows: 4210
09-04-18T13:35:58: Items Rows: 4220
09-04-18T13:35:58: Items Rows: 4230
09-04-18T13:35:58: Items Rows: 4240
09-04-18T13:35:58: Items Rows: 4250
09-04-18T13:35:58: Items Rows: 4260
09-04-18T13:35:58: Items Rows: 4270
09-04-18T13:35:58: Items Rows: 4280
09-04-18T13:35:58: Items Rows: 4290
09-04-18T13:35:58: Items Rows: 4300
09-04-18T13:35:58: Items Rows: 4310
09-04-18T13:35:58: Items Rows: 4320
09-04-18T13:35:58: Items Rows: 4330
09-04-18T13:35:58: Items Rows: 4340
09-04-18T13:35:58: Items Rows: 4350
09-04-18T13:35:58: Items Rows: 4360
09-04-18T13:35:58: Items Rows: 4370
09-04-18T13:35:58: Items Rows: 4380
09-04-18T13:35:58: Items Rows: 4390
09-04-18T13:35:58: Items Rows: 4400
09-04-18T13:35:58: Items Rows: 4410
09-04-18T13:35:58: Items Rows: 4420
09-04-18T13:35:58: Items Rows: 4430
09-04-18T13:35:58: Items Rows: 4440
09-04-18T13:35:58: Items Rows: 4450
09-04-18T13:35:58: Items Rows: 4460
09-04-18T13:35:58: Items Rows: 4470
09-04-18T13:35:58: Items Rows: 4480
09-04-18T13:35:58: Items Rows: 4490
09-04-18T13:35:58: Items Rows: 4500
09-04-18T13:35:58: Items Rows: 4510
09-04-18T13:35:58: Items Rows: 4520
09-04-18T13:35:58: Items Rows: 4530
09-04-18T13:35:58: Items Rows: 4540
09-04-18T13:35:58: Items Rows: 4550
09-04-18T13:35:58: Items Rows: 4560
09-04-18T13:35:58: Items Rows: 4570
09-04-18T13:35:58: Items Rows: 4580
09-04-18T13:35:58: Items Rows: 4590
09-04-18T13:35:58: Items Rows: 4600
09-04-18T13:35:58: Items Rows: 4610
09-04-18T13:35:58: Items Rows: 4620
09-04-18T13:35:58: Items Rows: 4630
09-04-18T13:35:58: Items Rows: 4640
09-04-18T13:35:58: Items Rows: 4650
09-04-18T13:35:58: Items Rows: 4660
09-04-18T13:35:58: Items Rows: 4670
09-04-18T13:35:58: Items Rows: 4680
09-04-18T13:35:58: Items Rows: 4690
09-04-18T13:35:58: Items Rows: 4700
09-04-18T13:35:58: Items Rows: 4710
09-04-18T13:35:58: Items Rows: 4720
09-04-18T13:35:58: Items Rows: 4730
09-04-18T13:35:58: Items Rows: 4740
09-04-18T13:35:58: Items Rows: 4750
09-04-18T13:35:58: Items Rows: 4760
09-04-18T13:35:58: Items Rows: 4770
09-04-18T13:35:58: Items Rows: 4780
09-04-18T13:35:58: Items Rows: 4790
09-04-18T13:35:58: Items Rows: 4800
09-04-18T13:35:58: Items Rows: 4810
09-04-18T13:35:58: Items Rows: 4820
09-04-18T13:35:58: Items Rows: 4830
09-04-18T13:35:58: Items Rows: 4840
09-04-18T13:35:58: Items Rows: 4850
09-04-18T13:35:58: Items Rows: 4860
09-04-18T13:35:58: Items Rows: 4870
09-04-18T13:35:58: Items Rows: 4880
09-04-18T13:35:58: Items Rows: 4890
09-04-18T13:35:58: Items Rows: 4900
09-04-18T13:35:58: Items Rows: 4910
09-04-18T13:35:58: Items Rows: 4920
09-04-18T13:35:58: Items Rows: 4930
09-04-18T13:35:58: Items Rows: 4940
09-04-18T13:35:58: Items Rows: 4950
09-04-18T13:35:58: Items Rows: 4960
09-04-18T13:35:58: Items Rows: 4970
09-04-18T13:35:58: Items Rows: 4980
09-04-18T13:35:58: Items Rows: 4990
09-04-18T13:35:58: Items Rows: 5000
09-04-18T13:35:58: Items Rows: 5010
09-04-18T13:35:58: Items Rows: 5020
09-04-18T13:35:58: Items Rows: 5030
09-04-18T13:35:58: Items Rows: 5040
09-04-18T13:35:58: Items Rows: 5050
09-04-18T13:35:58: Items Rows: 5060
09-04-18T13:35:58: Items Rows: 5070
09-04-18T13:35:58: Items Rows: 5080
09-04-18T13:35:58: Items Rows: 5090
09-04-18T13:35:58: Items Rows: 5100
09-04-18T13:35:58: Items Rows: 5110
09-04-18T13:35:58: Items Rows: 5120
09-04-18T13:35:58: Items Rows: 5130
09-04-18T13:35:58: Items Rows: 5140
09-04-18T13:35:58: Items Rows: 5150
09-04-18T13:35:59: Items Rows: 5160
09-04-18T13:35:59: Items Rows: 5170
09-04-18T13:35:59: Items Rows: 5180
09-04-18T13:35:59: Items Rows: 5190
09-04-18T13:35:59: Items Rows: 5200
09-04-18T13:35:59: Items Rows: 5210
09-04-18T13:35:59: Items Rows: 5220
09-04-18T13:35:59: Items Rows: 5230
09-04-18T13:35:59: Items Rows: 5240
09-04-18T13:35:59: Items Rows: 5250
09-04-18T13:35:59: Items Rows: 5260
09-04-18T13:35:59: Items Rows: 5270
09-04-18T13:35:59: Items Rows: 5280
09-04-18T13:35:59: Items Rows: 5290
09-04-18T13:35:59: Items Rows: 5300
09-04-18T13:35:59: Items Rows: 5310
09-04-18T13:35:59: Items Rows: 5320
09-04-18T13:35:59: Items Rows: 5330
09-04-18T13:35:59: Items Rows: 5340
09-04-18T13:35:59: Items Rows: 5350
09-04-18T13:35:59: Items Rows: 5360
09-04-18T13:35:59: Items Rows: 5370
09-04-18T13:35:59: Items Rows: 5380
09-04-18T13:35:59: Items Rows: 5390
09-04-18T13:35:59: Items Rows: 5400
09-04-18T13:35:59: Items Rows: 5410
09-04-18T13:35:59: Items Rows: 5420
09-04-18T13:35:59: Items Rows: 5430
09-04-18T13:35:59: Items Rows: 5440
09-04-18T13:35:59: Items Rows: 5450
09-04-18T13:35:59: Items Rows: 5460
09-04-18T13:35:59: Items Rows: 5470
09-04-18T13:35:59: Items Rows: 5480
09-04-18T13:35:59: Items Rows: 5490
09-04-18T13:35:59: Items Rows: 5500
09-04-18T13:35:59: Items Rows: 5510
09-04-18T13:35:59: Items Rows: 5520
09-04-18T13:35:59: Items Rows: 5530
09-04-18T13:35:59: Items Rows: 5540
09-04-18T13:35:59: Items Rows: 5550
09-04-18T13:35:59: Items Rows: 5560
09-04-18T13:35:59: Items Rows: 5570
09-04-18T13:35:59: Items Rows: 5580
09-04-18T13:35:59: Items Rows: 5590
09-04-18T13:35:59: Items Rows: 5600
09-04-18T13:35:59: Items Rows: 5610
09-04-18T13:35:59: Items Rows: 5620
09-04-18T13:35:59: Items Rows: 5630
09-04-18T13:35:59: Items Rows: 5640
09-04-18T13:35:59: Items Rows: 5650
09-04-18T13:35:59: Items Rows: 5660
09-04-18T13:35:59: Items Rows: 5670
09-04-18T13:35:59: Items Rows: 5680
09-04-18T13:35:59: Items Rows: 5690
09-04-18T13:35:59: Items Rows: 5700
09-04-18T13:35:59: Items Rows: 5710
09-04-18T13:35:59: Items Rows: 5720
09-04-18T13:35:59: Items Rows: 5730
09-04-18T13:35:59: Items Rows: 5740
09-04-18T13:35:59: Items Rows: 5750
09-04-18T13:35:59: Items Rows: 5760
09-04-18T13:35:59: Items Rows: 5770
09-04-18T13:35:59: Items Rows: 5780
09-04-18T13:35:59: Items Rows: 5790
09-04-18T13:35:59: Items Rows: 5800
09-04-18T13:35:59: Items Rows: 5810
09-04-18T13:35:59: Items Rows: 5820
09-04-18T13:35:59: Items Rows: 5830
09-04-18T13:35:59: Items Rows: 5840
09-04-18T13:35:59: Items Rows: 5850
09-04-18T13:35:59: Items Rows: 5860
09-04-18T13:35:59: Items Rows: 5870
09-04-18T13:35:59: Items Rows: 5880
09-04-18T13:35:59: Items Rows: 5890
09-04-18T13:35:59: Items Rows: 5900
09-04-18T13:35:59: Items Rows: 5910
09-04-18T13:35:59: Items Rows: 5920
09-04-18T13:35:59: Items Rows: 5930
09-04-18T13:35:59: Items Rows: 5940
09-04-18T13:35:59: Items Rows: 5950
09-04-18T13:35:59: Items Rows: 5960
09-04-18T13:35:59: Items Rows: 5970
09-04-18T13:35:59: Items Rows: 5980
09-04-18T13:35:59: Items Rows: 5990
09-04-18T13:35:59: Items Rows: 6000
09-04-18T13:35:59: Items Rows: 6010
09-04-18T13:35:59: Items Rows: 6020
09-04-18T13:35:59: Items Rows: 6030
09-04-18T13:35:59: Items Rows: 6040
09-04-18T13:35:59: Items Rows: 6050
09-04-18T13:35:59: Items Rows: 6060
09-04-18T13:35:59: Items Rows: 6070
09-04-18T13:35:59: Items Rows: 6080
09-04-18T13:35:59: Items Rows: 6090
09-04-18T13:35:59: Items Rows: 6100
09-04-18T13:35:59: Items Rows: 6110
09-04-18T13:35:59: Items Rows: 6120
09-04-18T13:35:59: Items Rows: 6130
09-04-18T13:35:59: Items Rows: 6140
09-04-18T13:35:59: Items Rows: 6150
09-04-18T13:35:59: Items Rows: 6160
09-04-18T13:35:59: Items Rows: 6170
09-04-18T13:35:59: Items Rows: 6180
09-04-18T13:35:59: Items Rows: 6190
09-04-18T13:35:59: Items Rows: 6200
09-04-18T13:35:59: Items Rows: 6210
09-04-18T13:35:59: Items Rows: 6220
09-04-18T13:35:59: Items Rows: 6230
09-04-18T13:35:59: Items Rows: 6240
09-04-18T13:35:59: Items Rows: 6250
09-04-18T13:35:59: Items Rows: 6260
09-04-18T13:35:59: Items Rows: 6270
09-04-18T13:35:59: Items Rows: 6280
09-04-18T13:35:59: Items Rows: 6290
09-04-18T13:35:59: Items Rows: 6300
09-04-18T13:35:59: Items Rows: 6310
09-04-18T13:35:59: Items Rows: 6320
09-04-18T13:35:59: Items Rows: 6330
09-04-18T13:35:59: Items Rows: 6340
09-04-18T13:35:59: Items Rows: 6350
09-04-18T13:35:59: Items Rows: 6360
09-04-18T13:35:59: Items Rows: 6370
09-04-18T13:35:59: Items Rows: 6380
09-04-18T13:35:59: Items Rows: 6390
09-04-18T13:35:59: Items Rows: 6400
09-04-18T13:35:59: Items Rows: 6410
09-04-18T13:35:59: Items Rows: 6420
09-04-18T13:35:59: Items Rows: 6430
09-04-18T13:35:59: Items Rows: 6440
09-04-18T13:35:59: Items Rows: 6450
09-04-18T13:35:59: Items Rows: 6460
09-04-18T13:35:59: Items Rows: 6470
09-04-18T13:35:59: Items Rows: 6480
09-04-18T13:35:59: Items Rows: 6490
09-04-18T13:35:59: Items Rows: 6500
09-04-18T13:35:59: Items Rows: 6510
09-04-18T13:35:59: Items Rows: 6520
09-04-18T13:35:59: Items Rows: 6530
09-04-18T13:35:59: Items Rows: 6540
09-04-18T13:35:59: Items Rows: 6550
09-04-18T13:35:59: Items Rows: 6560
09-04-18T13:35:59: Items Rows: 6570
09-04-18T13:35:59: Items Rows: 6580
09-04-18T13:35:59: Items Rows: 6590
09-04-18T13:35:59: Items Rows: 6600
09-04-18T13:35:59: Items Rows: 6610
09-04-18T13:35:59: Items Rows: 6620
09-04-18T13:35:59: Items Rows: 6630
09-04-18T13:35:59: Items Rows: 6640
09-04-18T13:35:59: Items Rows: 6650
09-04-18T13:35:59: Items Rows: 6660
09-04-18T13:35:59: Items Rows: 6670
09-04-18T13:35:59: Items Rows: 6680
09-04-18T13:35:59: Items Rows: 6690
09-04-18T13:35:59: Items Rows: 6700
09-04-18T13:35:59: Items Rows: 6710
09-04-18T13:35:59: Items Rows: 6720
09-04-18T13:35:59: Items Rows: 6730
09-04-18T13:35:59: Items Rows: 6740
09-04-18T13:35:59: Items Rows: 6750
09-04-18T13:35:59: Items Rows: 6760
09-04-18T13:35:59: Items Rows: 6770
09-04-18T13:35:59: Items Rows: 6780
09-04-18T13:35:59: Items Rows: 6790
09-04-18T13:35:59: Items Rows: 6800
09-04-18T13:35:59: Items Rows: 6810
09-04-18T13:35:59: Items Rows: 6820
09-04-18T13:35:59: Items Rows: 6830
09-04-18T13:35:59: Items Rows: 6840
09-04-18T13:35:59: Items Rows: 6850
09-04-18T13:35:59: Items Rows: 6860
09-04-18T13:35:59: Items Rows: 6870
09-04-18T13:35:59: Items Rows: 6880
09-04-18T13:35:59: Items Rows: 6890
09-04-18T13:35:59: Items Rows: 6900
09-04-18T13:35:59: Items Rows: 6910
09-04-18T13:35:59: Items Rows: 6920
09-04-18T13:35:59: Items Rows: 6930
09-04-18T13:35:59: Items Rows: 6940
09-04-18T13:35:59: Items Rows: 6950
09-04-18T13:35:59: Items Rows: 6960
09-04-18T13:35:59: Items Rows: 6970
09-04-18T13:35:59: Items Rows: 6980
09-04-18T13:35:59: Items Rows: 6990
09-04-18T13:35:59: Items Rows: 7000
09-04-18T13:35:59: Items Rows: 7010
09-04-18T13:35:59: Items Rows: 7020
09-04-18T13:35:59: Items Rows: 7030
09-04-18T13:35:59: Items Rows: 7040
09-04-18T13:35:59: Items Rows: 7050
09-04-18T13:35:59: Items Rows: 7060
09-04-18T13:36:00: Items Rows: 7070
09-04-18T13:36:00: Items Rows: 7080
09-04-18T13:36:00: Items Rows: 7090
09-04-18T13:36:00: Items Rows: 7100
09-04-18T13:36:00: Items Rows: 7110
09-04-18T13:36:00: Items Rows: 7120
09-04-18T13:36:00: Items Rows: 7130
09-04-18T13:36:00: Items Rows: 7140
09-04-18T13:36:00: Items Rows: 7150
09-04-18T13:36:00: Items Rows: 7160
09-04-18T13:36:00: Items Rows: 7170
09-04-18T13:36:00: Items Rows: 7180
09-04-18T13:36:00: Items Rows: 7190
09-04-18T13:36:00: Items Rows: 7200
09-04-18T13:36:00: Items Rows: 7210
09-04-18T13:36:00: Items Rows: 7220
09-04-18T13:36:00: Items Rows: 7230
09-04-18T13:36:00: Items Rows: 7240
09-04-18T13:36:00: Items Rows: 7250
09-04-18T13:36:00: Items Rows: 7260
09-04-18T13:36:00: Items Rows: 7270
09-04-18T13:36:00: Items Rows: 7280
09-04-18T13:36:00: Items Rows: 7290
09-04-18T13:36:00: Items Rows: 7300
09-04-18T13:36:00: Items Rows: 7310
09-04-18T13:36:00: Items Rows: 7320
09-04-18T13:36:00: Items Rows: 7330
09-04-18T13:36:00: Items Rows: 7340
09-04-18T13:36:00: Items Rows: 7350
09-04-18T13:36:00: Items Rows: 7360
09-04-18T13:36:00: Items Rows: 7370
09-04-18T13:36:00: Items Rows: 7380
09-04-18T13:36:00: Items Rows: 7390
09-04-18T13:36:00: Items Rows: 7400
09-04-18T13:36:00: Items Rows: 7410
09-04-18T13:36:00: Items Rows: 7420
09-04-18T13:36:00: Items Rows: 7430
09-04-18T13:36:00: Items Rows: 7440
09-04-18T13:36:00: Items Rows: 7450
09-04-18T13:36:00: Items Rows: 7460
09-04-18T13:36:00: Items Rows: 7470
09-04-18T13:36:00: Items Rows: 7480
09-04-18T13:36:00: Items Rows: 7490
09-04-18T13:36:00: Items Rows: 7500
09-04-18T13:36:00: Items Rows: 7510
09-04-18T13:36:00: Items Rows: 7520
09-04-18T13:36:00: Items Rows: 7530
09-04-18T13:36:00: Items Rows: 7540
09-04-18T13:36:00: Items Rows: 7550
09-04-18T13:36:00: Items Rows: 7560
09-04-18T13:36:00: Items Rows: 7570
09-04-18T13:36:00: Items Rows: 7580
09-04-18T13:36:00: Items Rows: 7590
09-04-18T13:36:00: Items Rows: 7600
09-04-18T13:36:00: Items Rows: 7610
09-04-18T13:36:00: Items Rows: 7620
09-04-18T13:36:00: Items Rows: 7630
09-04-18T13:36:00: Items Rows: 7640
09-04-18T13:36:00: Items Rows: 7650
09-04-18T13:36:00: Items Rows: 7660
09-04-18T13:36:00: Items Rows: 7670
09-04-18T13:36:00: Items Rows: 7680
09-04-18T13:36:00: Items Rows: 7690
09-04-18T13:36:00: Items Rows: 7700
09-04-18T13:36:00: Items Rows: 7710
09-04-18T13:36:00: Items Rows: 7720
09-04-18T13:36:00: Items Rows: 7730
09-04-18T13:36:00: Items Rows: 7740
09-04-18T13:36:00: Items Rows: 7750
09-04-18T13:36:00: Items Rows: 7760
09-04-18T13:36:00: Items Rows: 7770
09-04-18T13:36:00: Items Rows: 7780
09-04-18T13:36:00: Items Rows: 7790
09-04-18T13:36:00: Items Rows: 7800
09-04-18T13:36:00: Items Rows: 7810
09-04-18T13:36:00: Items Rows: 7820
09-04-18T13:36:00: Items Rows: 7830
09-04-18T13:36:00: Items Rows: 7840
09-04-18T13:36:00: Items Rows: 7850
09-04-18T13:36:00: Items Rows: 7860
09-04-18T13:36:00: Items Rows: 7870
09-04-18T13:36:00: Items Rows: 7880
09-04-18T13:36:00: Items Rows: 7890
09-04-18T13:36:00: Items Rows: 7900
09-04-18T13:36:00: Items Rows: 7910
09-04-18T13:36:00: Items Rows: 7920
09-04-18T13:36:00: Items Rows: 7930
09-04-18T13:36:00: Items Rows: 7940
09-04-18T13:36:00: Items Rows: 7950
09-04-18T13:36:00: Items Rows: 7960
09-04-18T13:36:00: Items Rows: 7970
09-04-18T13:36:00: Items Rows: 7980
09-04-18T13:36:00: Items Rows: 7990
09-04-18T13:36:00: Items Rows: 8000
09-04-18T13:36:00: Items Rows: 8010
09-04-18T13:36:00: Items Rows: 8020
09-04-18T13:36:00: Items Rows: 8030
09-04-18T13:36:00: Items Rows: 8040
09-04-18T13:36:00: Items Rows: 8050
09-04-18T13:36:00: Items Rows: 8060
09-04-18T13:36:00: Starting XSL Transform, this may take awhile.
09-04-18T13:36:01: XSL Transform Complete.
09-04-18T13:36:01: Finished Items
09-04-18T13:36:01: Total Items: 8068
09-04-18T13:36:01: File created in final xml folder: Not Sold2.xml
09-04-18T13:36:01: ...
09-04-18T13:36:01: End Log
