08-13-18T20:00:26: Start Log
08-13-18T20:00:26: Found Input File: Retail Item-601 General Merchan_01.csv
08-13-18T20:00:26: Department: 601 General Merchan
08-13-18T20:00:33: Item Rows: 10
08-13-18T20:00:34: Item Rows: 20
08-13-18T20:00:34: Item Rows: 30
08-13-18T20:00:35: Item Rows: 40
08-13-18T20:00:35: Item Rows: 50
08-13-18T20:00:36: Item Rows: 60
08-13-18T20:00:36: Item Rows: 70
08-13-18T20:00:37: Item Rows: 80
08-13-18T20:00:37: Item Rows: 90
08-13-18T20:00:38: Item Rows: 100
08-13-18T20:00:38: Item Rows: 110
08-13-18T20:00:39: Item Rows: 120
08-13-18T20:00:39: Item Rows: 130
08-13-18T20:00:40: Item Rows: 140
08-13-18T20:00:40: Item Rows: 150
08-13-18T20:00:41: Item Rows: 160
08-13-18T20:00:41: Item Rows: 170
08-13-18T20:00:42: Item Rows: 180
08-13-18T20:00:42: Item Rows: 190
08-13-18T20:00:43: Item Rows: 200
08-13-18T20:00:43: Item Rows: 210
08-13-18T20:00:44: Item Rows: 220
08-13-18T20:00:44: Item Rows: 230
08-13-18T20:00:45: Item Rows: 240
08-13-18T20:00:45: Item Rows: 250
08-13-18T20:00:46: Item Rows: 260
08-13-18T20:00:46: Item Rows: 270
08-13-18T20:00:47: Item Rows: 280
08-13-18T20:00:47: Item Rows: 290
08-13-18T20:00:48: Item Rows: 300
08-13-18T20:00:48: Item Rows: 310
08-13-18T20:00:49: Item Rows: 320
08-13-18T20:00:49: Item Rows: 330
08-13-18T20:00:50: Item Rows: 340
08-13-18T20:00:50: Item Rows: 350
08-13-18T20:00:51: Item Rows: 360
08-13-18T20:00:51: Item Rows: 370
08-13-18T20:00:52: Item Rows: 380
08-13-18T20:00:52: Item Rows: 390
08-13-18T20:00:53: Item Rows: 400
08-13-18T20:00:53: Item Rows: 410
08-13-18T20:00:54: Item Rows: 420
08-13-18T20:00:54: Item Rows: 430
08-13-18T20:00:55: Item Rows: 440
08-13-18T20:00:55: Item Rows: 450
08-13-18T20:00:56: Item Rows: 460
08-13-18T20:00:56: Item Rows: 470
08-13-18T20:00:56: Item Rows: 480
08-13-18T20:00:57: Item Rows: 490
08-13-18T20:00:57: Item Rows: 500
08-13-18T20:00:58: Item Rows: 510
08-13-18T20:00:58: Item Rows: 520
08-13-18T20:00:59: Item Rows: 530
08-13-18T20:00:59: Item Rows: 540
08-13-18T20:01:00: Item Rows: 550
08-13-18T20:01:00: Item Rows: 560
08-13-18T20:01:01: Item Rows: 570
08-13-18T20:01:01: Item Rows: 580
08-13-18T20:01:02: Item Rows: 590
08-13-18T20:01:02: Item Rows: 600
08-13-18T20:01:03: Item Rows: 610
08-13-18T20:01:03: Item Rows: 620
08-13-18T20:01:04: Item Rows: 630
08-13-18T20:01:04: Item Rows: 640
08-13-18T20:01:05: Item Rows: 650
08-13-18T20:01:05: Item Rows: 660
08-13-18T20:01:05: Item Rows: 670
08-13-18T20:01:06: Item Rows: 680
08-13-18T20:01:06: Item Rows: 690
08-13-18T20:01:07: Item Rows: 700
08-13-18T20:01:07: Item Rows: 710
08-13-18T20:01:08: Item Rows: 720
08-13-18T20:01:08: Item Rows: 730
08-13-18T20:01:09: Item Rows: 740
08-13-18T20:01:09: Item Rows: 750
08-13-18T20:01:10: Item Rows: 760
08-13-18T20:01:10: Item Rows: 770
08-13-18T20:01:11: Item Rows: 780
08-13-18T20:01:11: Item Rows: 790
08-13-18T20:01:12: Item Rows: 800
08-13-18T20:01:12: Item Rows: 810
08-13-18T20:01:12: Item Rows: 820
08-13-18T20:01:13: Item Rows: 830
08-13-18T20:01:13: Item Rows: 840
08-13-18T20:01:14: Item Rows: 850
08-13-18T20:01:14: Item Rows: 860
08-13-18T20:01:15: Item Rows: 870
08-13-18T20:01:15: Item Rows: 880
08-13-18T20:01:16: Item Rows: 890
08-13-18T20:01:16: Item Rows: 900
08-13-18T20:01:17: Item Rows: 910
08-13-18T20:01:17: Item Rows: 920
08-13-18T20:01:17: Item Rows: 930
08-13-18T20:01:18: Item Rows: 940
08-13-18T20:01:18: Item Rows: 950
08-13-18T20:01:19: Item Rows: 960
08-13-18T20:01:19: Item Rows: 970
08-13-18T20:01:20: Item Rows: 980
08-13-18T20:01:20: Item Rows: 990
08-13-18T20:01:21: Item Rows: 1000
08-13-18T20:01:21: Item Rows: 1010
08-13-18T20:01:22: Item Rows: 1020
08-13-18T20:01:22: Item Rows: 1030
08-13-18T20:01:23: Item Rows: 1040
08-13-18T20:01:23: Item Rows: 1050
08-13-18T20:01:24: Item Rows: 1060
08-13-18T20:01:24: Item Rows: 1070
08-13-18T20:01:25: Item Rows: 1080
08-13-18T20:01:25: Item Rows: 1090
08-13-18T20:01:26: Item Rows: 1100
08-13-18T20:01:26: Item Rows: 1110
08-13-18T20:01:27: Item Rows: 1120
08-13-18T20:01:27: Item Rows: 1130
08-13-18T20:01:28: Item Rows: 1140
08-13-18T20:01:28: Item Rows: 1150
08-13-18T20:01:28: Item Rows: 1160
08-13-18T20:01:29: Item Rows: 1170
08-13-18T20:01:29: Item Rows: 1180
08-13-18T20:01:30: Item Rows: 1190
08-13-18T20:01:30: Item Rows: 1200
08-13-18T20:01:31: Item Rows: 1210
08-13-18T20:01:31: Item Rows: 1220
08-13-18T20:01:32: Item Rows: 1230
08-13-18T20:01:32: Item Rows: 1240
08-13-18T20:01:33: Item Rows: 1250
08-13-18T20:01:33: Item Rows: 1260
08-13-18T20:01:34: Item Rows: 1270
08-13-18T20:01:34: Item Rows: 1280
08-13-18T20:01:35: Item Rows: 1290
08-13-18T20:01:35: Item Rows: 1300
08-13-18T20:01:36: Item Rows: 1310
08-13-18T20:01:36: Item Rows: 1320
08-13-18T20:01:37: Item Rows: 1330
08-13-18T20:01:37: Item Rows: 1340
08-13-18T20:01:38: Item Rows: 1350
08-13-18T20:01:38: Item Rows: 1360
08-13-18T20:01:38: Item Rows: 1370
08-13-18T20:01:39: Item Rows: 1380
08-13-18T20:01:39: Item Rows: 1390
08-13-18T20:01:40: Item Rows: 1400
08-13-18T20:01:40: Item Rows: 1410
08-13-18T20:01:41: Item Rows: 1420
08-13-18T20:01:41: Item Rows: 1430
08-13-18T20:01:42: Item Rows: 1440
08-13-18T20:01:42: Item Rows: 1450
08-13-18T20:01:43: Item Rows: 1460
08-13-18T20:01:43: Item Rows: 1470
08-13-18T20:01:44: Item Rows: 1480
08-13-18T20:01:44: Item Rows: 1490
08-13-18T20:01:45: Item Rows: 1500
08-13-18T20:01:45: Item Rows: 1510
08-13-18T20:01:46: Item Rows: 1520
08-13-18T20:01:46: Item Rows: 1530
08-13-18T20:01:46: Item Rows: 1540
08-13-18T20:01:47: Item Rows: 1550
08-13-18T20:01:47: Item Rows: 1560
08-13-18T20:01:48: Item Rows: 1570
08-13-18T20:01:48: Item Rows: 1580
08-13-18T20:01:49: Item Rows: 1590
08-13-18T20:01:49: Item Rows: 1600
08-13-18T20:01:50: Item Rows: 1610
08-13-18T20:01:50: Item Rows: 1620
08-13-18T20:01:50: Item Rows: 1630
08-13-18T20:01:51: Item Rows: 1640
08-13-18T20:01:52: Item Rows: 1650
08-13-18T20:01:52: Item Rows: 1660
08-13-18T20:01:53: Item Rows: 1670
08-13-18T20:01:53: Item Rows: 1680
08-13-18T20:01:54: Item Rows: 1690
08-13-18T20:01:54: Item Rows: 1700
08-13-18T20:01:55: Item Rows: 1710
08-13-18T20:01:55: Item Rows: 1720
08-13-18T20:01:56: Item Rows: 1730
08-13-18T20:01:56: Item Rows: 1740
08-13-18T20:01:57: Item Rows: 1750
08-13-18T20:01:57: Item Rows: 1760
08-13-18T20:01:58: Item Rows: 1770
08-13-18T20:01:58: Item Rows: 1780
08-13-18T20:01:59: Item Rows: 1790
08-13-18T20:01:59: Item Rows: 1800
08-13-18T20:01:59: Item Rows: 1810
08-13-18T20:02:00: Item Rows: 1820
08-13-18T20:02:00: Item Rows: 1830
08-13-18T20:02:01: Item Rows: 1840
08-13-18T20:02:02: Item Rows: 1850
08-13-18T20:02:02: Item Rows: 1860
08-13-18T20:02:03: Item Rows: 1870
08-13-18T20:02:03: Item Rows: 1880
08-13-18T20:02:04: Item Rows: 1890
08-13-18T20:02:04: Item Rows: 1900
08-13-18T20:02:05: Item Rows: 1910
08-13-18T20:02:05: Item Rows: 1920
08-13-18T20:02:06: Item Rows: 1930
08-13-18T20:02:06: Item Rows: 1940
08-13-18T20:02:07: Item Rows: 1950
08-13-18T20:02:07: Item Rows: 1960
08-13-18T20:02:08: Item Rows: 1970
08-13-18T20:02:09: Item Rows: 1980
08-13-18T20:02:09: Item Rows: 1990
08-13-18T20:02:10: Item Rows: 2000
08-13-18T20:02:11: Item Rows: 2010
08-13-18T20:02:11: Item Rows: 2020
08-13-18T20:02:12: Item Rows: 2030
08-13-18T20:02:13: Item Rows: 2040
08-13-18T20:02:13: Item Rows: 2050
08-13-18T20:02:14: Item Rows: 2060
08-13-18T20:02:14: Item Rows: 2070
08-13-18T20:02:15: Item Rows: 2080
08-13-18T20:02:15: Item Rows: 2090
08-13-18T20:02:16: Item Rows: 2100
08-13-18T20:02:16: Item Rows: 2110
08-13-18T20:02:17: Item Rows: 2120
08-13-18T20:02:17: Item Rows: 2130
08-13-18T20:02:18: Item Rows: 2140
08-13-18T20:02:18: Item Rows: 2150
08-13-18T20:02:19: Item Rows: 2160
08-13-18T20:02:19: Item Rows: 2170
08-13-18T20:02:20: Item Rows: 2180
08-13-18T20:02:20: Item Rows: 2190
08-13-18T20:02:21: Item Rows: 2200
08-13-18T20:02:21: Item Rows: 2210
08-13-18T20:02:22: Item Rows: 2220
08-13-18T20:02:22: Item Rows: 2230
08-13-18T20:02:23: Item Rows: 2240
08-13-18T20:02:23: Item Rows: 2250
08-13-18T20:02:24: Item Rows: 2260
08-13-18T20:02:24: Item Rows: 2270
08-13-18T20:02:25: Item Rows: 2280
08-13-18T20:02:25: Item Rows: 2290
08-13-18T20:02:26: Item Rows: 2300
08-13-18T20:02:26: Item Rows: 2310
08-13-18T20:02:27: Item Rows: 2320
08-13-18T20:02:28: Item Rows: 2330
08-13-18T20:02:29: Item Rows: 2340
08-13-18T20:02:29: Item Rows: 2350
08-13-18T20:02:30: Item Rows: 2360
08-13-18T20:02:30: Item Rows: 2370
08-13-18T20:02:31: Item Rows: 2380
08-13-18T20:02:31: Item Rows: 2390
08-13-18T20:02:32: Item Rows: 2400
08-13-18T20:02:32: Item Rows: 2410
08-13-18T20:08:17: Finished Department: 601 General Merchan
08-13-18T20:08:17: Total Items: 2407
08-13-18T20:08:17: File created in working xls folder: Retail Item-Retail Item-601 General Merchan_01.xlsx
08-13-18T20:08:17: Moving file Retail Item-601 General Merchan_01.csv to Archive 
08-13-18T20:08:20: Error --> Path not found
08-13-18T20:08:20: End Log
