08-30-18T10:47:39: Start Log
08-30-18T10:47:39: Found Input File: Retail Item-401 Beer & Wine_01.csv
08-30-18T10:47:39: Department: 401 Beer & Wine
08-30-18T10:47:41: Item Rows: 10
08-30-18T10:47:41: Item Rows: 20
08-30-18T10:47:42: Item Rows: 30
08-30-18T10:47:42: Item Rows: 40
08-30-18T10:47:42: Item Rows: 50
08-30-18T10:47:43: Item Rows: 60
08-30-18T10:47:43: Item Rows: 70
08-30-18T10:47:44: Item Rows: 80
08-30-18T10:47:44: Item Rows: 90
08-30-18T10:47:44: Item Rows: 100
08-30-18T10:47:45: Item Rows: 110
08-30-18T10:47:45: Item Rows: 120
08-30-18T10:47:46: Item Rows: 130
08-30-18T10:47:46: Item Rows: 140
08-30-18T10:47:47: Item Rows: 150
08-30-18T10:47:47: Item Rows: 160
08-30-18T10:47:47: Item Rows: 170
08-30-18T10:47:48: Item Rows: 180
08-30-18T10:47:48: Item Rows: 190
08-30-18T10:47:48: Item Rows: 200
08-30-18T10:47:49: Item Rows: 210
08-30-18T10:47:49: Item Rows: 220
08-30-18T10:47:50: Item Rows: 230
08-30-18T10:47:50: Item Rows: 240
08-30-18T10:47:50: Item Rows: 250
08-30-18T10:47:51: Item Rows: 260
08-30-18T10:47:51: Item Rows: 270
08-30-18T10:47:51: Item Rows: 280
08-30-18T10:47:52: Item Rows: 290
08-30-18T10:47:52: Item Rows: 300
08-30-18T10:47:53: Item Rows: 310
08-30-18T10:47:53: Item Rows: 320
08-30-18T10:47:53: Item Rows: 330
08-30-18T10:47:54: Item Rows: 340
08-30-18T10:47:54: Item Rows: 350
08-30-18T10:47:54: Item Rows: 360
08-30-18T10:47:55: Item Rows: 370
08-30-18T10:47:55: Item Rows: 380
08-30-18T10:47:56: Item Rows: 390
08-30-18T10:47:56: Item Rows: 400
08-30-18T10:47:56: Item Rows: 410
08-30-18T10:47:57: Item Rows: 420
08-30-18T10:47:57: Item Rows: 430
08-30-18T10:47:57: Item Rows: 440
08-30-18T10:47:58: Item Rows: 450
08-30-18T10:47:58: Item Rows: 460
08-30-18T10:47:58: Item Rows: 470
08-30-18T10:47:59: Item Rows: 480
08-30-18T10:47:59: Item Rows: 490
08-30-18T10:47:59: Item Rows: 500
08-30-18T10:48:00: Item Rows: 510
08-30-18T10:48:00: Item Rows: 520
08-30-18T10:48:01: Item Rows: 530
08-30-18T10:48:01: Item Rows: 540
08-30-18T10:48:01: Item Rows: 550
08-30-18T10:48:02: Item Rows: 560
08-30-18T10:48:02: Item Rows: 570
08-30-18T10:48:03: Item Rows: 580
08-30-18T10:48:03: Item Rows: 590
08-30-18T10:48:03: Item Rows: 600
08-30-18T10:48:04: Item Rows: 610
08-30-18T10:48:04: Item Rows: 620
08-30-18T10:48:04: Item Rows: 630
08-30-18T10:48:05: Item Rows: 640
08-30-18T10:48:05: Item Rows: 650
08-30-18T10:48:05: Item Rows: 660
08-30-18T10:48:06: Item Rows: 670
08-30-18T10:48:06: Item Rows: 680
08-30-18T10:48:07: Item Rows: 690
08-30-18T10:48:07: Item Rows: 700
08-30-18T10:48:08: Item Rows: 710
08-30-18T10:48:08: Item Rows: 720
08-30-18T10:48:09: Item Rows: 730
08-30-18T10:48:09: Item Rows: 740
08-30-18T10:48:10: Item Rows: 750
08-30-18T10:48:10: Item Rows: 760
08-30-18T10:48:10: Item Rows: 770
08-30-18T10:48:11: Item Rows: 780
08-30-18T10:48:11: Item Rows: 790
08-30-18T10:48:11: Item Rows: 800
08-30-18T10:48:12: Item Rows: 810
08-30-18T10:48:12: Item Rows: 820
08-30-18T10:48:13: Item Rows: 830
08-30-18T10:48:13: Item Rows: 840
08-30-18T10:48:14: Item Rows: 850
08-30-18T10:48:14: Item Rows: 860
08-30-18T10:48:14: Item Rows: 870
08-30-18T10:48:15: Item Rows: 880
08-30-18T10:48:15: Item Rows: 890
08-30-18T10:48:15: Item Rows: 900
08-30-18T10:48:16: Item Rows: 910
08-30-18T10:48:16: Item Rows: 920
08-30-18T10:48:17: Item Rows: 930
08-30-18T10:48:17: Item Rows: 940
08-30-18T10:48:17: Item Rows: 950
08-30-18T10:48:18: Item Rows: 960
08-30-18T10:48:18: Item Rows: 970
08-30-18T10:48:18: Item Rows: 980
08-30-18T10:48:19: Item Rows: 990
08-30-18T10:48:19: Item Rows: 1000
08-30-18T10:48:20: Item Rows: 1010
08-30-18T10:48:20: Item Rows: 1020
08-30-18T10:48:20: Item Rows: 1030
08-30-18T10:48:21: Item Rows: 1040
08-30-18T10:48:21: Item Rows: 1050
08-30-18T10:48:22: Item Rows: 1060
08-30-18T10:48:22: Item Rows: 1070
08-30-18T10:48:22: Item Rows: 1080
08-30-18T10:48:23: Item Rows: 1090
08-30-18T10:48:23: Item Rows: 1100
08-30-18T10:48:24: Item Rows: 1110
08-30-18T10:48:24: Item Rows: 1120
08-30-18T10:48:24: Item Rows: 1130
08-30-18T10:48:25: Item Rows: 1140
08-30-18T10:48:25: Item Rows: 1150
08-30-18T10:48:25: Item Rows: 1160
08-30-18T10:48:26: Item Rows: 1170
08-30-18T10:48:26: Item Rows: 1180
08-30-18T10:48:26: Item Rows: 1190
08-30-18T10:48:27: Item Rows: 1200
08-30-18T10:48:27: Item Rows: 1210
08-30-18T10:48:28: Item Rows: 1220
08-30-18T10:48:28: Item Rows: 1230
08-30-18T10:48:28: Item Rows: 1240
08-30-18T10:48:29: Item Rows: 1250
08-30-18T10:48:29: Item Rows: 1260
08-30-18T10:48:29: Item Rows: 1270
08-30-18T10:48:30: Item Rows: 1280
08-30-18T10:48:30: Item Rows: 1290
08-30-18T10:48:30: Item Rows: 1300
08-30-18T10:48:31: Item Rows: 1310
08-30-18T10:48:31: Item Rows: 1320
08-30-18T10:48:32: Item Rows: 1330
08-30-18T10:48:32: Item Rows: 1340
08-30-18T10:48:32: Item Rows: 1350
08-30-18T10:48:33: Item Rows: 1360
08-30-18T10:48:33: Item Rows: 1370
08-30-18T10:48:34: Item Rows: 1380
08-30-18T10:48:34: Item Rows: 1390
08-30-18T10:48:34: Item Rows: 1400
08-30-18T10:48:35: Item Rows: 1410
08-30-18T10:48:35: Item Rows: 1420
08-30-18T10:48:35: Item Rows: 1430
08-30-18T10:48:36: Item Rows: 1440
08-30-18T10:48:36: Item Rows: 1450
08-30-18T10:48:37: Item Rows: 1460
08-30-18T10:48:37: Item Rows: 1470
08-30-18T10:48:37: Item Rows: 1480
08-30-18T10:48:38: Item Rows: 1490
08-30-18T10:48:38: Item Rows: 1500
08-30-18T10:48:38: Item Rows: 1510
08-30-18T10:48:39: Item Rows: 1520
08-30-18T10:48:39: Item Rows: 1530
08-30-18T10:48:39: Item Rows: 1540
08-30-18T10:48:40: Item Rows: 1550
08-30-18T10:48:40: Item Rows: 1560
08-30-18T10:48:41: Item Rows: 1570
08-30-18T10:48:41: Item Rows: 1580
08-30-18T10:48:41: Item Rows: 1590
08-30-18T10:48:42: Item Rows: 1600
08-30-18T10:48:42: Item Rows: 1610
08-30-18T10:48:43: Item Rows: 1620
08-30-18T10:48:43: Item Rows: 1630
08-30-18T10:48:44: Item Rows: 1640
08-30-18T10:48:44: Item Rows: 1650
08-30-18T10:48:45: Item Rows: 1660
08-30-18T10:48:45: Item Rows: 1670
08-30-18T10:48:45: Item Rows: 1680
08-30-18T10:48:46: Item Rows: 1690
08-30-18T10:48:46: Item Rows: 1700
08-30-18T10:48:47: Item Rows: 1710
08-30-18T10:48:47: Item Rows: 1720
08-30-18T10:48:48: Item Rows: 1730
08-30-18T10:48:48: Item Rows: 1740
08-30-18T10:48:48: Item Rows: 1750
08-30-18T10:48:49: Item Rows: 1760
08-30-18T10:48:49: Item Rows: 1770
08-30-18T10:48:50: Item Rows: 1780
08-30-18T10:48:50: Item Rows: 1790
08-30-18T10:48:50: Item Rows: 1800
08-30-18T10:48:51: Item Rows: 1810
08-30-18T10:48:51: Item Rows: 1820
08-30-18T10:48:51: Item Rows: 1830
08-30-18T10:48:52: Item Rows: 1840
08-30-18T10:48:52: Item Rows: 1850
08-30-18T10:48:52: Item Rows: 1860
08-30-18T10:48:53: Item Rows: 1870
08-30-18T10:48:53: Item Rows: 1880
08-30-18T10:48:53: Item Rows: 1890
08-30-18T10:48:54: Item Rows: 1900
08-30-18T10:48:54: Item Rows: 1910
08-30-18T10:48:54: Item Rows: 1920
08-30-18T10:48:55: Item Rows: 1930
08-30-18T10:48:55: Item Rows: 1940
08-30-18T10:48:56: Item Rows: 1950
08-30-18T10:48:56: Item Rows: 1960
08-30-18T10:48:56: Error --> Cannot access 'Retail Item-401 Beer & Wine_01.xlsx'.
08-30-18T10:48:56: End Log
