09-06-18T14:16:40: Start Log
09-06-18T14:16:40: Found Input File: Test.csv
09-06-18T14:16:40: Department: 
09-06-18T14:16:42: Item Rows: 10
09-06-18T14:16:43: Item Rows: 20
09-06-18T14:16:43: Item Rows: 30
09-06-18T14:16:44: Item Rows: 40
09-06-18T14:16:44: Item Rows: 50
09-06-18T14:16:45: Item Rows: 60
09-06-18T14:16:45: Item Rows: 70
09-06-18T14:16:46: Item Rows: 80
09-06-18T14:16:46: Item Rows: 90
09-06-18T14:16:47: Item Rows: 100
09-06-18T14:16:47: Item Rows: 110
09-06-18T14:16:48: Item Rows: 120
09-06-18T14:16:48: Item Rows: 130
09-06-18T14:16:49: Item Rows: 140
09-06-18T14:16:49: Item Rows: 150
09-06-18T14:16:50: Item Rows: 160
09-06-18T14:16:50: Item Rows: 170
09-06-18T14:16:51: Item Rows: 180
09-06-18T14:16:51: Item Rows: 190
09-06-18T14:16:52: Item Rows: 200
09-06-18T14:16:52: Item Rows: 210
09-06-18T14:16:53: Item Rows: 220
09-06-18T14:16:53: Item Rows: 230
09-06-18T14:16:54: Item Rows: 240
09-06-18T14:16:54: Item Rows: 250
09-06-18T14:16:55: Item Rows: 260
09-06-18T14:16:55: Item Rows: 270
09-06-18T14:16:56: Item Rows: 280
09-06-18T14:16:56: Item Rows: 290
09-06-18T14:16:57: Item Rows: 300
09-06-18T14:16:57: Item Rows: 310
09-06-18T14:16:58: Item Rows: 320
09-06-18T14:16:58: Item Rows: 330
09-06-18T14:16:59: Item Rows: 340
09-06-18T14:16:59: Item Rows: 350
09-06-18T14:16:59: Item Rows: 360
09-06-18T14:17:00: Item Rows: 370
09-06-18T14:17:00: Item Rows: 380
09-06-18T14:17:01: Item Rows: 390
09-06-18T14:17:01: Item Rows: 400
09-06-18T14:17:02: Item Rows: 410
09-06-18T14:17:02: Item Rows: 420
09-06-18T14:17:03: Item Rows: 430
09-06-18T14:17:03: Item Rows: 440
09-06-18T14:17:04: Item Rows: 450
09-06-18T14:17:04: Item Rows: 460
09-06-18T14:17:04: Item Rows: 470
09-06-18T14:17:05: Item Rows: 480
09-06-18T14:17:05: Item Rows: 490
09-06-18T14:17:06: Item Rows: 500
09-06-18T14:17:06: Item Rows: 510
09-06-18T14:17:07: Item Rows: 520
09-06-18T14:17:07: Item Rows: 530
09-06-18T14:17:08: Item Rows: 540
09-06-18T14:17:08: Item Rows: 550
09-06-18T14:17:09: Item Rows: 560
09-06-18T14:17:09: Item Rows: 570
09-06-18T14:17:10: Item Rows: 580
09-06-18T14:17:10: Item Rows: 590
09-06-18T14:17:10: Item Rows: 600
09-06-18T14:17:11: Item Rows: 610
09-06-18T14:17:11: Item Rows: 620
09-06-18T14:17:12: Item Rows: 630
09-06-18T14:17:12: Item Rows: 640
09-06-18T14:17:13: Item Rows: 650
09-06-18T14:17:13: Item Rows: 660
09-06-18T14:17:14: Item Rows: 670
09-06-18T14:17:14: Item Rows: 680
09-06-18T14:17:15: Item Rows: 690
09-06-18T14:17:15: Item Rows: 700
09-06-18T14:17:16: Item Rows: 710
09-06-18T14:17:16: Item Rows: 720
09-06-18T14:17:17: Item Rows: 730
09-06-18T14:17:17: Item Rows: 740
09-06-18T14:17:18: Item Rows: 750
09-06-18T14:17:18: Item Rows: 760
09-06-18T14:17:19: Item Rows: 770
09-06-18T14:17:19: Item Rows: 780
09-06-18T14:17:20: Item Rows: 790
09-06-18T14:17:20: Item Rows: 800
09-06-18T14:17:21: Item Rows: 810
09-06-18T14:17:21: Item Rows: 820
09-06-18T14:17:22: Item Rows: 830
09-06-18T14:17:22: Item Rows: 840
09-06-18T14:17:23: Item Rows: 850
09-06-18T14:17:23: Item Rows: 860
09-06-18T14:17:23: Item Rows: 870
09-06-18T14:17:24: Item Rows: 880
09-06-18T14:17:24: Item Rows: 890
09-06-18T14:17:25: Item Rows: 900
09-06-18T14:17:25: Item Rows: 910
09-06-18T14:17:26: Item Rows: 920
09-06-18T14:17:26: Item Rows: 930
09-06-18T14:17:26: Item Rows: 940
09-06-18T14:17:27: Item Rows: 950
09-06-18T14:17:27: Item Rows: 960
09-06-18T14:17:28: Item Rows: 970
09-06-18T14:17:28: Item Rows: 980
09-06-18T14:17:29: Item Rows: 990
09-06-18T14:17:29: Item Rows: 1000
09-06-18T14:17:30: Item Rows: 1010
09-06-18T14:17:30: Item Rows: 1020
09-06-18T14:17:31: Item Rows: 1030
09-06-18T14:17:31: Item Rows: 1040
09-06-18T14:17:32: Item Rows: 1050
09-06-18T14:17:32: Item Rows: 1060
09-06-18T14:17:33: Item Rows: 1070
09-06-18T14:17:33: Item Rows: 1080
09-06-18T14:17:33: Item Rows: 1090
09-06-18T14:17:34: Item Rows: 1100
09-06-18T14:17:34: Item Rows: 1110
09-06-18T14:17:35: Item Rows: 1120
09-06-18T14:17:35: Item Rows: 1130
09-06-18T14:17:36: Item Rows: 1140
09-06-18T14:17:36: Item Rows: 1150
09-06-18T14:17:36: Item Rows: 1160
09-06-18T14:17:37: Item Rows: 1170
09-06-18T14:17:38: Item Rows: 1180
09-06-18T14:17:38: Item Rows: 1190
09-06-18T14:17:39: Item Rows: 1200
09-06-18T14:17:39: Item Rows: 1210
09-06-18T14:17:40: Item Rows: 1220
09-06-18T14:17:40: Item Rows: 1230
09-06-18T14:17:41: Item Rows: 1240
09-06-18T14:17:41: Item Rows: 1250
09-06-18T14:17:42: Item Rows: 1260
09-06-18T14:17:42: Item Rows: 1270
09-06-18T14:17:42: Item Rows: 1280
09-06-18T14:17:43: Item Rows: 1290
09-06-18T14:17:43: Item Rows: 1300
09-06-18T14:17:44: Item Rows: 1310
09-06-18T14:17:44: Item Rows: 1320
09-06-18T14:17:45: Item Rows: 1330
09-06-18T14:17:45: Item Rows: 1340
09-06-18T14:17:46: Item Rows: 1350
09-06-18T14:17:46: Item Rows: 1360
09-06-18T14:17:47: Item Rows: 1370
09-06-18T14:17:47: Item Rows: 1380
09-06-18T14:17:48: Item Rows: 1390
09-06-18T14:17:48: Item Rows: 1400
09-06-18T14:17:48: Item Rows: 1410
09-06-18T14:17:49: Item Rows: 1420
09-06-18T14:17:49: Item Rows: 1430
09-06-18T14:17:50: Item Rows: 1440
09-06-18T14:17:50: Item Rows: 1450
09-06-18T14:17:51: Item Rows: 1460
09-06-18T14:17:51: Item Rows: 1470
09-06-18T14:17:52: Item Rows: 1480
09-06-18T14:17:53: Item Rows: 1490
09-06-18T14:17:54: Item Rows: 1500
09-06-18T14:17:54: Item Rows: 1510
09-06-18T14:17:55: Item Rows: 1520
09-06-18T14:17:55: Item Rows: 1530
09-06-18T14:17:56: Item Rows: 1540
09-06-18T14:17:56: Item Rows: 1550
09-06-18T14:17:57: Item Rows: 1560
09-06-18T14:17:57: Item Rows: 1570
09-06-18T14:17:58: Item Rows: 1580
09-06-18T14:17:59: Item Rows: 1590
09-06-18T14:18:00: Item Rows: 1600
09-06-18T14:18:00: Item Rows: 1610
09-06-18T14:18:01: Item Rows: 1620
09-06-18T14:18:01: Item Rows: 1630
09-06-18T14:18:02: Item Rows: 1640
09-06-18T14:18:02: Item Rows: 1650
09-06-18T14:18:03: Item Rows: 1660
09-06-18T14:18:03: Item Rows: 1670
09-06-18T14:18:04: Item Rows: 1680
09-06-18T14:18:04: Item Rows: 1690
09-06-18T14:18:05: Item Rows: 1700
09-06-18T14:18:05: Item Rows: 1710
09-06-18T14:18:06: Item Rows: 1720
09-06-18T14:18:06: Item Rows: 1730
09-06-18T14:18:06: Item Rows: 1740
09-06-18T14:18:07: Item Rows: 1750
09-06-18T14:18:07: Item Rows: 1760
09-06-18T14:18:08: Item Rows: 1770
09-06-18T14:18:08: Item Rows: 1780
09-06-18T14:18:09: Item Rows: 1790
09-06-18T14:18:09: Item Rows: 1800
09-06-18T14:18:10: Item Rows: 1810
09-06-18T14:18:10: Item Rows: 1820
09-06-18T14:18:10: Item Rows: 1830
09-06-18T14:18:11: Item Rows: 1840
09-06-18T14:18:11: Item Rows: 1850
09-06-18T14:18:12: Item Rows: 1860
09-06-18T14:18:12: Item Rows: 1870
09-06-18T14:18:13: Item Rows: 1880
09-06-18T14:18:13: Item Rows: 1890
09-06-18T14:18:14: Item Rows: 1900
09-06-18T14:18:14: Item Rows: 1910
09-06-18T14:18:14: Item Rows: 1920
09-06-18T14:18:15: Item Rows: 1930
09-06-18T14:18:15: Item Rows: 1940
09-06-18T14:18:16: Item Rows: 1950
09-06-18T14:18:16: Item Rows: 1960
09-06-18T14:18:17: Item Rows: 1970
09-06-18T14:18:17: Item Rows: 1980
09-06-18T14:18:18: Item Rows: 1990
09-06-18T14:18:18: Item Rows: 2000
09-06-18T14:18:18: Item Rows: 2010
09-06-18T14:18:19: Item Rows: 2020
09-06-18T14:18:19: Item Rows: 2030
09-06-18T14:18:20: Item Rows: 2040
09-06-18T14:18:20: Item Rows: 2050
09-06-18T14:18:21: Item Rows: 2060
09-06-18T14:18:21: Item Rows: 2070
09-06-18T14:18:21: Item Rows: 2080
09-06-18T14:18:22: Item Rows: 2090
09-06-18T14:18:22: Item Rows: 2100
09-06-18T14:18:23: Item Rows: 2110
09-06-18T14:18:23: Item Rows: 2120
09-06-18T14:18:24: Item Rows: 2130
09-06-18T14:18:24: Item Rows: 2140
09-06-18T14:18:24: Item Rows: 2150
09-06-18T14:18:25: Item Rows: 2160
09-06-18T14:18:25: Item Rows: 2170
09-06-18T14:18:26: Item Rows: 2180
09-06-18T14:18:26: Item Rows: 2190
09-06-18T14:18:26: Item Rows: 2200
09-06-18T14:18:27: Item Rows: 2210
09-06-18T14:18:27: Item Rows: 2220
09-06-18T14:18:28: Item Rows: 2230
09-06-18T14:18:28: Finished Department: 
09-06-18T14:18:28: Total Items: 2225
09-06-18T14:18:28: File created in working xls folder: Retail Item-Test.xlsx
09-06-18T14:18:28: Moving file Test.csv to Archive 
09-06-18T14:18:28: ...
09-06-18T14:18:28: Found Input File: uomtest.csv
09-06-18T14:18:28: Department: 
09-06-18T14:18:31: Item Rows: 10
09-06-18T14:18:31: Item Rows: 20
09-06-18T14:18:32: Item Rows: 30
09-06-18T14:18:33: Item Rows: 40
09-06-18T14:18:33: Item Rows: 50
09-06-18T14:18:34: Item Rows: 60
09-06-18T14:18:34: Item Rows: 70
09-06-18T14:18:35: Item Rows: 80
09-06-18T14:18:35: Item Rows: 90
09-06-18T14:18:36: Item Rows: 100
09-06-18T14:18:36: Item Rows: 110
09-06-18T14:18:37: Item Rows: 120
09-06-18T14:18:37: Item Rows: 130
09-06-18T14:18:38: Item Rows: 140
09-06-18T14:18:38: Item Rows: 150
09-06-18T14:18:38: Item Rows: 160
09-06-18T14:18:39: Item Rows: 170
09-06-18T14:18:39: Item Rows: 180
09-06-18T14:18:40: Item Rows: 190
09-06-18T14:18:40: Item Rows: 200
09-06-18T14:18:41: Item Rows: 210
09-06-18T14:18:41: Item Rows: 220
09-06-18T14:18:42: Item Rows: 230
09-06-18T14:18:42: Item Rows: 240
09-06-18T14:18:43: Item Rows: 250
09-06-18T14:18:43: Item Rows: 260
09-06-18T14:18:44: Item Rows: 270
09-06-18T14:18:44: Item Rows: 280
09-06-18T14:18:44: Item Rows: 290
09-06-18T14:18:45: Item Rows: 300
09-06-18T14:18:45: Item Rows: 310
09-06-18T14:18:46: Item Rows: 320
09-06-18T14:18:46: Item Rows: 330
09-06-18T14:18:47: Item Rows: 340
09-06-18T14:18:47: Item Rows: 350
09-06-18T14:18:48: Item Rows: 360
09-06-18T14:18:48: Item Rows: 370
09-06-18T14:18:49: Item Rows: 380
09-06-18T14:18:49: Item Rows: 390
09-06-18T14:18:49: Item Rows: 400
09-06-18T14:18:50: Item Rows: 410
09-06-18T14:18:50: Item Rows: 420
09-06-18T14:18:51: Item Rows: 430
09-06-18T14:18:51: Item Rows: 440
09-06-18T14:18:51: Item Rows: 450
09-06-18T14:18:52: Item Rows: 460
09-06-18T14:18:52: Item Rows: 470
09-06-18T14:18:53: Item Rows: 480
09-06-18T14:18:53: Item Rows: 490
09-06-18T14:18:54: Item Rows: 500
09-06-18T14:18:54: Item Rows: 510
09-06-18T14:18:55: Item Rows: 520
09-06-18T14:18:55: Item Rows: 530
09-06-18T14:18:57: Item Rows: 540
09-06-18T14:18:57: Item Rows: 550
09-06-18T14:18:58: Item Rows: 560
09-06-18T14:18:58: Item Rows: 570
09-06-18T14:18:59: Item Rows: 580
09-06-18T14:18:59: Item Rows: 590
09-06-18T14:19:00: Item Rows: 600
09-06-18T14:19:00: Item Rows: 610
09-06-18T14:19:01: Item Rows: 620
09-06-18T14:19:01: Item Rows: 630
09-06-18T14:19:02: Item Rows: 640
09-06-18T14:19:02: Item Rows: 650
09-06-18T14:19:02: Item Rows: 660
09-06-18T14:19:03: Item Rows: 670
09-06-18T14:19:03: Item Rows: 680
09-06-18T14:19:04: Item Rows: 690
09-06-18T14:19:04: Item Rows: 700
09-06-18T14:19:05: Item Rows: 710
09-06-18T14:19:05: Item Rows: 720
09-06-18T14:19:05: Item Rows: 730
09-06-18T14:19:06: Item Rows: 740
09-06-18T14:19:06: Item Rows: 750
09-06-18T14:19:07: Item Rows: 760
09-06-18T14:19:07: Item Rows: 770
09-06-18T14:19:08: Item Rows: 780
09-06-18T14:19:08: Item Rows: 790
09-06-18T14:19:08: Item Rows: 800
09-06-18T14:19:09: Item Rows: 810
09-06-18T14:19:09: Item Rows: 820
09-06-18T14:19:10: Item Rows: 830
09-06-18T14:19:10: Item Rows: 840
09-06-18T14:19:11: Item Rows: 850
09-06-18T14:19:11: Item Rows: 860
09-06-18T14:19:11: Item Rows: 870
09-06-18T14:19:12: Item Rows: 880
09-06-18T14:19:12: Item Rows: 890
09-06-18T14:19:13: Item Rows: 900
09-06-18T14:19:13: Item Rows: 910
09-06-18T14:19:14: Item Rows: 920
09-06-18T14:19:14: Item Rows: 930
09-06-18T14:19:14: Item Rows: 940
09-06-18T14:19:15: Item Rows: 950
09-06-18T14:19:15: Item Rows: 960
09-06-18T14:19:16: Item Rows: 970
09-06-18T14:19:16: Item Rows: 980
09-06-18T14:19:17: Item Rows: 990
09-06-18T14:19:17: Item Rows: 1000
09-06-18T14:19:18: Item Rows: 1010
09-06-18T14:19:18: Item Rows: 1020
09-06-18T14:19:18: Item Rows: 1030
09-06-18T14:19:19: Item Rows: 1040
09-06-18T14:19:19: Item Rows: 1050
09-06-18T14:19:20: Item Rows: 1060
09-06-18T14:19:20: Item Rows: 1070
09-06-18T14:19:21: Item Rows: 1080
09-06-18T14:19:21: Item Rows: 1090
09-06-18T14:19:21: Item Rows: 1100
09-06-18T14:19:22: Item Rows: 1110
09-06-18T14:19:22: Item Rows: 1120
09-06-18T14:19:23: Item Rows: 1130
09-06-18T14:19:23: Item Rows: 1140
09-06-18T14:19:23: Item Rows: 1150
09-06-18T14:19:24: Item Rows: 1160
09-06-18T14:19:24: Item Rows: 1170
09-06-18T14:19:25: Item Rows: 1180
09-06-18T14:19:25: Item Rows: 1190
09-06-18T14:19:26: Item Rows: 1200
09-06-18T14:19:26: Item Rows: 1210
09-06-18T14:19:26: Item Rows: 1220
09-06-18T14:19:27: Item Rows: 1230
09-06-18T14:19:27: Item Rows: 1240
09-06-18T14:19:28: Item Rows: 1250
09-06-18T14:19:28: Item Rows: 1260
09-06-18T14:19:29: Item Rows: 1270
09-06-18T14:19:29: Item Rows: 1280
09-06-18T14:19:30: Item Rows: 1290
09-06-18T14:19:30: Item Rows: 1300
09-06-18T14:19:30: Item Rows: 1310
09-06-18T14:19:31: Item Rows: 1320
09-06-18T14:19:31: Item Rows: 1330
09-06-18T14:19:32: Item Rows: 1340
09-06-18T14:19:32: Item Rows: 1350
09-06-18T14:19:33: Item Rows: 1360
09-06-18T14:19:33: Item Rows: 1370
09-06-18T14:19:33: Item Rows: 1380
09-06-18T14:19:34: Item Rows: 1390
09-06-18T14:19:34: Item Rows: 1400
09-06-18T14:19:35: Item Rows: 1410
09-06-18T14:19:35: Item Rows: 1420
09-06-18T14:19:36: Item Rows: 1430
09-06-18T14:19:36: Item Rows: 1440
09-06-18T14:19:37: Item Rows: 1450
09-06-18T14:19:37: Item Rows: 1460
09-06-18T14:19:37: Item Rows: 1470
09-06-18T14:19:38: Item Rows: 1480
09-06-18T14:19:38: Item Rows: 1490
09-06-18T14:19:39: Item Rows: 1500
09-06-18T14:19:39: Item Rows: 1510
09-06-18T14:19:40: Item Rows: 1520
09-06-18T14:19:40: Item Rows: 1530
09-06-18T14:19:40: Item Rows: 1540
09-06-18T14:19:41: Item Rows: 1550
09-06-18T14:19:41: Item Rows: 1560
09-06-18T14:19:42: Item Rows: 1570
09-06-18T14:19:42: Item Rows: 1580
09-06-18T14:19:43: Item Rows: 1590
09-06-18T14:19:43: Item Rows: 1600
09-06-18T14:19:43: Item Rows: 1610
09-06-18T14:19:44: Item Rows: 1620
09-06-18T14:19:44: Item Rows: 1630
09-06-18T14:19:45: Item Rows: 1640
09-06-18T14:19:45: Item Rows: 1650
09-06-18T14:19:45: Item Rows: 1660
09-06-18T14:19:46: Item Rows: 1670
09-06-18T14:19:46: Item Rows: 1680
09-06-18T14:19:47: Item Rows: 1690
09-06-18T14:19:47: Item Rows: 1700
09-06-18T14:19:48: Item Rows: 1710
09-06-18T14:19:48: Item Rows: 1720
09-06-18T14:19:48: Item Rows: 1730
09-06-18T14:19:49: Item Rows: 1740
09-06-18T14:19:49: Item Rows: 1750
09-06-18T14:19:50: Item Rows: 1760
09-06-18T14:19:50: Item Rows: 1770
09-06-18T14:19:51: Item Rows: 1780
09-06-18T14:19:51: Item Rows: 1790
09-06-18T14:19:51: Item Rows: 1800
09-06-18T14:19:52: Item Rows: 1810
09-06-18T14:19:52: Item Rows: 1820
09-06-18T14:19:53: Item Rows: 1830
09-06-18T14:19:53: Item Rows: 1840
09-06-18T14:19:54: Item Rows: 1850
09-06-18T14:19:54: Item Rows: 1860
09-06-18T14:19:54: Item Rows: 1870
09-06-18T14:19:55: Item Rows: 1880
09-06-18T14:19:55: Item Rows: 1890
09-06-18T14:19:56: Item Rows: 1900
09-06-18T14:19:56: Item Rows: 1910
09-06-18T14:19:56: Item Rows: 1920
09-06-18T14:19:57: Item Rows: 1930
09-06-18T14:19:57: Item Rows: 1940
09-06-18T14:19:58: Item Rows: 1950
09-06-18T14:19:58: Item Rows: 1960
09-06-18T14:19:59: Item Rows: 1970
09-06-18T14:19:59: Item Rows: 1980
09-06-18T14:19:59: Item Rows: 1990
09-06-18T14:20:00: Item Rows: 2000
09-06-18T14:20:00: Item Rows: 2010
09-06-18T14:20:01: Item Rows: 2020
09-06-18T14:20:01: Item Rows: 2030
09-06-18T14:20:02: Item Rows: 2040
09-06-18T14:20:02: Item Rows: 2050
09-06-18T14:20:02: Item Rows: 2060
09-06-18T14:20:03: Item Rows: 2070
09-06-18T14:20:03: Item Rows: 2080
09-06-18T14:20:04: Item Rows: 2090
09-06-18T14:20:04: Item Rows: 2100
09-06-18T14:20:05: Item Rows: 2110
09-06-18T14:20:05: Item Rows: 2120
09-06-18T14:20:05: Item Rows: 2130
09-06-18T14:20:06: Item Rows: 2140
09-06-18T14:20:06: Item Rows: 2150
09-06-18T14:20:07: Item Rows: 2160
09-06-18T14:20:07: Item Rows: 2170
09-06-18T14:20:08: Item Rows: 2180
09-06-18T14:20:08: Item Rows: 2190
09-06-18T14:20:08: Item Rows: 2200
09-06-18T14:20:09: Item Rows: 2210
09-06-18T14:20:09: Item Rows: 2220
09-06-18T14:20:10: Item Rows: 2230
09-06-18T14:20:10: Item Rows: 2240
09-06-18T14:20:11: Item Rows: 2250
09-06-18T14:20:11: Item Rows: 2260
09-06-18T14:20:12: Item Rows: 2270
09-06-18T14:20:12: Item Rows: 2280
09-06-18T14:20:13: Item Rows: 2290
09-06-18T14:20:13: Item Rows: 2300
09-06-18T14:20:13: Item Rows: 2310
09-06-18T14:20:14: Item Rows: 2320
09-06-18T14:20:14: Item Rows: 2330
09-06-18T14:20:15: Item Rows: 2340
09-06-18T14:20:15: Item Rows: 2350
09-06-18T14:20:16: Item Rows: 2360
09-06-18T14:20:16: Item Rows: 2370
09-06-18T14:20:16: Item Rows: 2380
09-06-18T14:20:17: Item Rows: 2390
09-06-18T14:20:17: Item Rows: 2400
09-06-18T14:20:18: Item Rows: 2410
09-06-18T14:20:18: Item Rows: 2420
09-06-18T14:20:18: Item Rows: 2430
09-06-18T14:20:19: Item Rows: 2440
09-06-18T14:20:19: Item Rows: 2450
09-06-18T14:20:20: Item Rows: 2460
09-06-18T14:20:20: Item Rows: 2470
09-06-18T14:20:21: Item Rows: 2480
09-06-18T14:20:21: Item Rows: 2490
09-06-18T14:20:21: Item Rows: 2500
09-06-18T14:20:22: Item Rows: 2510
09-06-18T14:20:22: Item Rows: 2520
09-06-18T14:20:23: Item Rows: 2530
09-06-18T14:20:23: Item Rows: 2540
09-06-18T14:20:23: Error --> Cannot access 'uomtest.xlsx'.
09-06-18T14:20:23: End Log
