09-06-18T13:33:06: Start Log
09-06-18T13:33:06: Found Input File: Test.csv
09-06-18T13:33:06: Department: 
09-06-18T13:33:08: Item Rows: 10
09-06-18T13:33:08: Item Rows: 20
09-06-18T13:33:09: Item Rows: 30
09-06-18T13:33:09: Item Rows: 40
09-06-18T13:33:09: Item Rows: 50
09-06-18T13:33:10: Item Rows: 60
09-06-18T13:33:10: Item Rows: 70
09-06-18T13:33:10: Item Rows: 80
09-06-18T13:33:11: Item Rows: 90
09-06-18T13:33:11: Item Rows: 100
09-06-18T13:33:11: Item Rows: 110
09-06-18T13:33:12: Item Rows: 120
09-06-18T13:33:12: Item Rows: 130
09-06-18T13:33:13: Item Rows: 140
09-06-18T13:33:13: Item Rows: 150
09-06-18T13:33:13: Item Rows: 160
09-06-18T13:33:14: Item Rows: 170
09-06-18T13:33:14: Item Rows: 180
09-06-18T13:33:14: Item Rows: 190
09-06-18T13:33:15: Item Rows: 200
09-06-18T13:33:15: Item Rows: 210
09-06-18T13:33:16: Item Rows: 220
09-06-18T13:33:16: Item Rows: 230
09-06-18T13:33:16: Item Rows: 240
09-06-18T13:33:17: Item Rows: 250
09-06-18T13:33:17: Item Rows: 260
09-06-18T13:33:17: Item Rows: 270
09-06-18T13:33:18: Item Rows: 280
09-06-18T13:33:18: Item Rows: 290
09-06-18T13:33:18: Item Rows: 300
09-06-18T13:33:19: Item Rows: 310
09-06-18T13:33:19: Item Rows: 320
09-06-18T13:33:19: Item Rows: 330
09-06-18T13:33:20: Item Rows: 340
09-06-18T13:33:20: Item Rows: 350
09-06-18T13:33:20: Item Rows: 360
09-06-18T13:33:21: Item Rows: 370
09-06-18T13:33:21: Item Rows: 380
09-06-18T13:33:21: Item Rows: 390
09-06-18T13:33:22: Item Rows: 400
09-06-18T13:33:22: Item Rows: 410
09-06-18T13:33:22: Item Rows: 420
09-06-18T13:33:23: Item Rows: 430
09-06-18T13:33:23: Item Rows: 440
09-06-18T13:33:23: Item Rows: 450
09-06-18T13:33:24: Item Rows: 460
09-06-18T13:33:24: Item Rows: 470
09-06-18T13:33:24: Item Rows: 480
09-06-18T13:33:25: Item Rows: 490
09-06-18T13:33:25: Item Rows: 500
09-06-18T13:33:25: Item Rows: 510
09-06-18T13:33:25: Item Rows: 520
09-06-18T13:33:26: Item Rows: 530
09-06-18T13:33:26: Item Rows: 540
09-06-18T13:33:26: Item Rows: 550
09-06-18T13:33:27: Item Rows: 560
09-06-18T13:33:27: Item Rows: 570
09-06-18T13:33:28: Item Rows: 580
09-06-18T13:33:28: Item Rows: 590
09-06-18T13:33:29: Item Rows: 600
09-06-18T13:33:29: Item Rows: 610
09-06-18T13:33:29: Item Rows: 620
09-06-18T13:33:29: Item Rows: 630
09-06-18T13:33:30: Item Rows: 640
09-06-18T13:33:30: Item Rows: 650
09-06-18T13:33:31: Item Rows: 660
09-06-18T13:33:31: Item Rows: 670
09-06-18T13:33:31: Item Rows: 680
09-06-18T13:33:32: Item Rows: 690
09-06-18T13:33:32: Item Rows: 700
09-06-18T13:33:32: Item Rows: 710
09-06-18T13:33:33: Item Rows: 720
09-06-18T13:33:33: Item Rows: 730
09-06-18T13:33:33: Item Rows: 740
09-06-18T13:33:34: Item Rows: 750
09-06-18T13:33:35: Item Rows: 760
09-06-18T13:33:35: Item Rows: 770
09-06-18T13:33:36: Item Rows: 780
09-06-18T13:33:36: Item Rows: 790
09-06-18T13:33:36: Item Rows: 800
09-06-18T13:33:37: Item Rows: 810
09-06-18T13:33:37: Item Rows: 820
09-06-18T13:33:37: Item Rows: 830
09-06-18T13:33:38: Item Rows: 840
09-06-18T13:33:38: Item Rows: 850
09-06-18T13:33:38: Item Rows: 860
09-06-18T13:33:38: Item Rows: 870
09-06-18T13:33:39: Item Rows: 880
09-06-18T13:33:39: Item Rows: 890
09-06-18T13:33:39: Item Rows: 900
09-06-18T13:33:40: Item Rows: 910
09-06-18T13:33:40: Item Rows: 920
09-06-18T13:33:40: Item Rows: 930
09-06-18T13:33:40: Item Rows: 940
09-06-18T13:33:41: Item Rows: 950
09-06-18T13:33:41: Item Rows: 960
09-06-18T13:33:41: Item Rows: 970
09-06-18T13:33:42: Item Rows: 980
09-06-18T13:33:42: Item Rows: 990
09-06-18T13:33:42: Item Rows: 1000
09-06-18T13:33:42: Item Rows: 1010
09-06-18T13:33:43: Item Rows: 1020
09-06-18T13:33:43: Item Rows: 1030
09-06-18T13:33:43: Item Rows: 1040
09-06-18T13:33:44: Item Rows: 1050
09-06-18T13:33:44: Item Rows: 1060
09-06-18T13:33:44: Item Rows: 1070
09-06-18T13:33:44: Item Rows: 1080
09-06-18T13:33:45: Item Rows: 1090
09-06-18T13:33:45: Item Rows: 1100
09-06-18T13:33:45: Item Rows: 1110
09-06-18T13:33:46: Item Rows: 1120
09-06-18T13:33:46: Item Rows: 1130
09-06-18T13:33:46: Item Rows: 1140
09-06-18T13:33:46: Item Rows: 1150
09-06-18T13:33:47: Item Rows: 1160
09-06-18T13:33:47: Item Rows: 1170
09-06-18T13:33:47: Item Rows: 1180
09-06-18T13:33:48: Item Rows: 1190
09-06-18T13:33:48: Item Rows: 1200
09-06-18T13:33:48: Item Rows: 1210
09-06-18T13:33:48: Item Rows: 1220
09-06-18T13:33:49: Item Rows: 1230
09-06-18T13:33:49: Item Rows: 1240
09-06-18T13:33:49: Item Rows: 1250
09-06-18T13:33:50: Item Rows: 1260
09-06-18T13:33:50: Item Rows: 1270
09-06-18T13:33:50: Item Rows: 1280
09-06-18T13:33:51: Item Rows: 1290
09-06-18T13:33:51: Item Rows: 1300
09-06-18T13:33:51: Item Rows: 1310
09-06-18T13:33:52: Item Rows: 1320
09-06-18T13:33:52: Item Rows: 1330
09-06-18T13:33:52: Item Rows: 1340
09-06-18T13:33:52: Item Rows: 1350
09-06-18T13:33:53: Item Rows: 1360
09-06-18T13:33:53: Item Rows: 1370
09-06-18T13:33:54: Item Rows: 1380
09-06-18T13:33:54: Item Rows: 1390
09-06-18T13:33:55: Item Rows: 1400
09-06-18T13:33:55: Item Rows: 1410
09-06-18T13:33:56: Item Rows: 1420
09-06-18T13:33:57: Item Rows: 1430
09-06-18T13:33:57: Item Rows: 1440
09-06-18T13:33:58: Item Rows: 1450
09-06-18T13:33:59: Item Rows: 1460
09-06-18T13:33:59: Item Rows: 1470
09-06-18T13:33:59: Item Rows: 1480
09-06-18T13:34:00: Item Rows: 1490
09-06-18T13:34:00: Item Rows: 1500
09-06-18T13:34:01: Item Rows: 1510
09-06-18T13:34:01: Item Rows: 1520
09-06-18T13:34:01: Item Rows: 1530
09-06-18T13:34:02: Item Rows: 1540
09-06-18T13:34:02: Item Rows: 1550
09-06-18T13:34:02: Item Rows: 1560
09-06-18T13:34:03: Item Rows: 1570
09-06-18T13:34:03: Item Rows: 1580
09-06-18T13:34:04: Item Rows: 1590
09-06-18T13:34:04: Item Rows: 1600
09-06-18T13:34:05: Item Rows: 1610
09-06-18T13:34:05: Item Rows: 1620
09-06-18T13:34:05: Item Rows: 1630
09-06-18T13:34:06: Item Rows: 1640
09-06-18T13:34:06: Item Rows: 1650
09-06-18T13:34:06: Item Rows: 1660
09-06-18T13:34:07: Item Rows: 1670
09-06-18T13:34:07: Item Rows: 1680
09-06-18T13:34:08: Item Rows: 1690
09-06-18T13:34:09: Item Rows: 1700
09-06-18T13:34:09: Item Rows: 1710
09-06-18T13:34:10: Item Rows: 1720
09-06-18T13:34:11: Item Rows: 1730
09-06-18T13:34:11: Item Rows: 1740
09-06-18T13:34:12: Item Rows: 1750
09-06-18T13:34:13: Item Rows: 1760
09-06-18T13:34:13: Item Rows: 1770
09-06-18T13:34:14: Item Rows: 1780
09-06-18T13:34:15: Item Rows: 1790
09-06-18T13:34:15: Item Rows: 1800
09-06-18T13:34:16: Item Rows: 1810
09-06-18T13:34:16: Item Rows: 1820
09-06-18T13:34:17: Item Rows: 1830
09-06-18T13:34:17: Item Rows: 1840
09-06-18T13:34:18: Item Rows: 1850
09-06-18T13:34:18: Item Rows: 1860
09-06-18T13:34:19: Item Rows: 1870
09-06-18T13:34:20: Item Rows: 1880
09-06-18T13:34:21: Item Rows: 1890
09-06-18T13:34:21: Item Rows: 1900
09-06-18T13:34:22: Item Rows: 1910
09-06-18T13:34:23: Item Rows: 1920
09-06-18T13:34:23: Item Rows: 1930
09-06-18T13:34:24: Item Rows: 1940
09-06-18T13:34:24: Item Rows: 1950
09-06-18T13:34:25: Item Rows: 1960
09-06-18T13:34:25: Item Rows: 1970
09-06-18T13:34:26: Item Rows: 1980
09-06-18T13:34:26: Item Rows: 1990
09-06-18T13:34:27: Item Rows: 2000
09-06-18T13:34:28: Item Rows: 2010
09-06-18T13:34:28: Item Rows: 2020
09-06-18T13:34:29: Item Rows: 2030
09-06-18T13:34:30: Item Rows: 2040
09-06-18T13:34:30: Item Rows: 2050
09-06-18T13:34:31: Item Rows: 2060
09-06-18T13:34:31: Item Rows: 2070
09-06-18T13:34:32: Item Rows: 2080
09-06-18T13:34:32: Item Rows: 2090
09-06-18T13:34:32: Item Rows: 2100
09-06-18T13:34:33: Item Rows: 2110
09-06-18T13:34:33: Item Rows: 2120
09-06-18T13:34:34: Item Rows: 2130
09-06-18T13:34:34: Item Rows: 2140
09-06-18T13:34:34: Item Rows: 2150
09-06-18T13:34:35: Item Rows: 2160
09-06-18T13:34:35: Item Rows: 2170
09-06-18T13:34:36: Item Rows: 2180
09-06-18T13:34:36: Item Rows: 2190
09-06-18T13:34:36: Item Rows: 2200
09-06-18T13:34:37: Item Rows: 2210
09-06-18T13:34:37: Item Rows: 2220
09-06-18T13:34:38: Item Rows: 2230
09-06-18T13:34:38: Finished Department: 
09-06-18T13:34:38: Total Items: 2225
09-06-18T13:34:38: File created in working xls folder: Retail Item-Test.xlsx
09-06-18T13:34:38: Moving file Test.csv to Archive 
09-06-18T13:34:38: ...
09-06-18T13:34:38: Found Input File: uomtest.csv
09-06-18T13:34:38: Department: 
09-06-18T13:34:41: Item Rows: 10
09-06-18T13:34:42: Item Rows: 20
09-06-18T13:34:42: Item Rows: 30
09-06-18T13:34:43: Item Rows: 40
09-06-18T13:34:43: Item Rows: 50
09-06-18T13:34:44: Item Rows: 60
09-06-18T13:34:44: Item Rows: 70
09-06-18T13:34:45: Item Rows: 80
09-06-18T13:34:45: Item Rows: 90
09-06-18T13:34:46: Item Rows: 100
09-06-18T13:34:46: Item Rows: 110
09-06-18T13:34:47: Item Rows: 120
09-06-18T13:34:47: Item Rows: 130
09-06-18T13:34:47: Item Rows: 140
09-06-18T13:34:48: Item Rows: 150
09-06-18T13:34:48: Item Rows: 160
09-06-18T13:34:49: Item Rows: 170
09-06-18T13:34:49: Item Rows: 180
09-06-18T13:34:50: Item Rows: 190
09-06-18T13:34:50: Item Rows: 200
09-06-18T13:34:50: Item Rows: 210
09-06-18T13:34:51: Item Rows: 220
09-06-18T13:34:51: Item Rows: 230
09-06-18T13:34:52: Item Rows: 240
09-06-18T13:34:52: Item Rows: 250
09-06-18T13:34:53: Item Rows: 260
09-06-18T13:34:55: Item Rows: 270
09-06-18T13:34:56: Item Rows: 280
09-06-18T13:34:58: Item Rows: 290
09-06-18T13:34:59: Item Rows: 300
09-06-18T13:34:59: Item Rows: 310
09-06-18T13:35:00: Item Rows: 320
09-06-18T13:35:01: Item Rows: 330
09-06-18T13:35:01: Item Rows: 340
09-06-18T13:35:02: Item Rows: 350
09-06-18T13:35:03: Item Rows: 360
09-06-18T13:35:04: Item Rows: 370
09-06-18T13:35:05: Item Rows: 380
09-06-18T13:35:07: Item Rows: 390
09-06-18T13:35:07: Item Rows: 400
09-06-18T13:35:08: Item Rows: 410
09-06-18T13:35:09: Item Rows: 420
09-06-18T13:35:09: Item Rows: 430
09-06-18T13:35:10: Item Rows: 440
09-06-18T13:35:11: Item Rows: 450
09-06-18T13:35:12: Item Rows: 460
09-06-18T13:35:14: Item Rows: 470
09-06-18T13:35:15: Item Rows: 480
09-06-18T13:35:16: Item Rows: 490
09-06-18T13:35:18: Item Rows: 500
09-06-18T13:35:19: Item Rows: 510
09-06-18T13:35:20: Item Rows: 520
09-06-18T13:35:20: Item Rows: 530
09-06-18T13:35:21: Item Rows: 540
09-06-18T13:35:22: Item Rows: 550
09-06-18T13:35:22: Item Rows: 560
09-06-18T13:35:23: Item Rows: 570
09-06-18T13:35:24: Item Rows: 580
09-06-18T13:35:24: Item Rows: 590
09-06-18T13:35:25: Item Rows: 600
09-06-18T13:35:25: Item Rows: 610
09-06-18T13:35:26: Item Rows: 620
09-06-18T13:35:26: Item Rows: 630
09-06-18T13:35:26: Item Rows: 640
09-06-18T13:35:27: Item Rows: 650
09-06-18T13:35:27: Item Rows: 660
09-06-18T13:35:28: Item Rows: 670
09-06-18T13:35:28: Item Rows: 680
09-06-18T13:35:29: Item Rows: 690
09-06-18T13:35:29: Item Rows: 700
09-06-18T13:35:30: Item Rows: 710
09-06-18T13:35:30: Item Rows: 720
09-06-18T13:35:30: Item Rows: 730
09-06-18T13:35:31: Item Rows: 740
09-06-18T13:35:31: Item Rows: 750
09-06-18T13:35:32: Item Rows: 760
09-06-18T13:35:32: Item Rows: 770
09-06-18T13:35:33: Item Rows: 780
09-06-18T13:35:33: Item Rows: 790
09-06-18T13:35:34: Item Rows: 800
09-06-18T13:35:34: Item Rows: 810
09-06-18T13:35:34: Item Rows: 820
09-06-18T13:35:35: Item Rows: 830
09-06-18T13:35:35: Item Rows: 840
09-06-18T13:35:36: Item Rows: 850
09-06-18T13:35:36: Item Rows: 860
09-06-18T13:35:37: Item Rows: 870
09-06-18T13:35:37: Item Rows: 880
09-06-18T13:35:38: Item Rows: 890
09-06-18T13:35:38: Item Rows: 900
09-06-18T13:35:39: Item Rows: 910
09-06-18T13:35:39: Item Rows: 920
09-06-18T13:35:39: Item Rows: 930
09-06-18T13:35:40: Item Rows: 940
09-06-18T13:35:40: Item Rows: 950
09-06-18T13:35:41: Item Rows: 960
09-06-18T13:35:41: Item Rows: 970
09-06-18T13:35:42: Item Rows: 980
09-06-18T13:35:42: Item Rows: 990
09-06-18T13:35:43: Item Rows: 1000
09-06-18T13:35:43: Item Rows: 1010
09-06-18T13:35:43: Item Rows: 1020
09-06-18T13:35:44: Item Rows: 1030
09-06-18T13:35:44: Item Rows: 1040
09-06-18T13:35:45: Item Rows: 1050
09-06-18T13:35:45: Item Rows: 1060
09-06-18T13:35:46: Item Rows: 1070
09-06-18T13:35:47: Item Rows: 1080
09-06-18T13:35:47: Item Rows: 1090
09-06-18T13:35:48: Item Rows: 1100
09-06-18T13:35:48: Item Rows: 1110
09-06-18T13:35:49: Item Rows: 1120
09-06-18T13:35:49: Item Rows: 1130
09-06-18T13:35:50: Item Rows: 1140
09-06-18T13:35:50: Item Rows: 1150
09-06-18T13:35:51: Item Rows: 1160
09-06-18T13:35:51: Item Rows: 1170
09-06-18T13:35:52: Item Rows: 1180
09-06-18T13:35:52: Item Rows: 1190
09-06-18T13:35:52: Item Rows: 1200
09-06-18T13:35:53: Item Rows: 1210
09-06-18T13:35:53: Item Rows: 1220
09-06-18T13:35:54: Item Rows: 1230
09-06-18T13:35:54: Item Rows: 1240
09-06-18T13:35:55: Item Rows: 1250
09-06-18T13:35:56: Item Rows: 1260
09-06-18T13:35:56: Item Rows: 1270
09-06-18T13:35:56: Item Rows: 1280
09-06-18T13:35:57: Item Rows: 1290
09-06-18T13:35:57: Item Rows: 1300
09-06-18T13:35:58: Item Rows: 1310
09-06-18T13:35:58: Item Rows: 1320
09-06-18T13:35:59: Item Rows: 1330
09-06-18T13:35:59: Item Rows: 1340
09-06-18T13:36:00: Item Rows: 1350
09-06-18T13:36:00: Item Rows: 1360
09-06-18T13:36:01: Item Rows: 1370
09-06-18T13:36:01: Item Rows: 1380
09-06-18T13:36:02: Item Rows: 1390
09-06-18T13:36:02: Item Rows: 1400
09-06-18T13:36:02: Item Rows: 1410
09-06-18T13:36:04: Item Rows: 1420
09-06-18T13:36:04: Item Rows: 1430
09-06-18T13:36:05: Item Rows: 1440
09-06-18T13:36:05: Item Rows: 1450
09-06-18T13:36:05: Item Rows: 1460
09-06-18T13:36:06: Item Rows: 1470
09-06-18T13:36:06: Item Rows: 1480
09-06-18T13:36:07: Item Rows: 1490
09-06-18T13:36:07: Item Rows: 1500
09-06-18T13:36:08: Item Rows: 1510
09-06-18T13:36:08: Item Rows: 1520
09-06-18T13:36:09: Item Rows: 1530
09-06-18T13:36:10: Item Rows: 1540
09-06-18T13:36:11: Item Rows: 1550
09-06-18T13:36:11: Item Rows: 1560
09-06-18T13:36:11: Item Rows: 1570
09-06-18T13:36:13: Item Rows: 1580
09-06-18T13:36:14: Item Rows: 1590
09-06-18T13:36:15: Item Rows: 1600
09-06-18T13:36:15: Item Rows: 1610
09-06-18T13:36:15: Item Rows: 1620
09-06-18T13:36:16: Item Rows: 1630
09-06-18T13:36:17: Item Rows: 1640
09-06-18T13:36:18: Item Rows: 1650
09-06-18T13:36:18: Item Rows: 1660
09-06-18T13:36:20: Item Rows: 1670
09-06-18T13:36:20: Item Rows: 1680
09-06-18T13:36:21: Item Rows: 1690
09-06-18T13:36:22: Item Rows: 1700
09-06-18T13:36:23: Item Rows: 1710
09-06-18T13:36:24: Item Rows: 1720
09-06-18T13:36:24: Item Rows: 1730
09-06-18T13:36:25: Item Rows: 1740
09-06-18T13:36:26: Item Rows: 1750
09-06-18T13:36:26: Item Rows: 1760
09-06-18T13:36:27: Item Rows: 1770
09-06-18T13:36:27: Item Rows: 1780
09-06-18T13:36:28: Item Rows: 1790
09-06-18T13:36:29: Item Rows: 1800
09-06-18T13:36:29: Item Rows: 1810
09-06-18T13:36:29: Item Rows: 1820
09-06-18T13:36:30: Item Rows: 1830
09-06-18T13:36:30: Item Rows: 1840
09-06-18T13:36:31: Item Rows: 1850
09-06-18T13:36:31: Item Rows: 1860
09-06-18T13:36:32: Item Rows: 1870
09-06-18T13:36:33: Item Rows: 1880
09-06-18T13:36:33: Item Rows: 1890
09-06-18T13:36:33: Item Rows: 1900
09-06-18T13:36:34: Item Rows: 1910
09-06-18T13:36:34: Item Rows: 1920
09-06-18T13:36:35: Item Rows: 1930
09-06-18T13:36:35: Item Rows: 1940
09-06-18T13:36:36: Item Rows: 1950
09-06-18T13:36:36: Item Rows: 1960
09-06-18T13:36:37: Item Rows: 1970
09-06-18T13:36:37: Item Rows: 1980
09-06-18T13:36:38: Item Rows: 1990
09-06-18T13:36:38: Item Rows: 2000
09-06-18T13:36:39: Item Rows: 2010
09-06-18T13:36:39: Item Rows: 2020
09-06-18T13:36:40: Item Rows: 2030
09-06-18T13:36:40: Item Rows: 2040
09-06-18T13:36:41: Item Rows: 2050
09-06-18T13:36:41: Item Rows: 2060
09-06-18T13:36:42: Item Rows: 2070
09-06-18T13:36:42: Item Rows: 2080
09-06-18T13:36:43: Item Rows: 2090
09-06-18T13:36:43: Item Rows: 2100
09-06-18T13:36:44: Item Rows: 2110
09-06-18T13:36:44: Item Rows: 2120
09-06-18T13:36:44: Item Rows: 2130
09-06-18T13:36:45: Item Rows: 2140
09-06-18T13:36:45: Item Rows: 2150
09-06-18T13:36:46: Item Rows: 2160
09-06-18T13:36:46: Item Rows: 2170
09-06-18T13:36:47: Item Rows: 2180
09-06-18T13:36:47: Item Rows: 2190
09-06-18T13:36:48: Item Rows: 2200
09-06-18T13:36:48: Item Rows: 2210
09-06-18T13:36:49: Item Rows: 2220
09-06-18T13:36:49: Item Rows: 2230
09-06-18T13:36:49: Item Rows: 2240
09-06-18T13:36:50: Item Rows: 2250
09-06-18T13:36:50: Item Rows: 2260
09-06-18T13:36:51: Item Rows: 2270
09-06-18T13:36:51: Item Rows: 2280
09-06-18T13:36:51: Item Rows: 2290
09-06-18T13:36:52: Item Rows: 2300
09-06-18T13:36:52: Item Rows: 2310
09-06-18T13:36:53: Item Rows: 2320
09-06-18T13:36:53: Item Rows: 2330
09-06-18T13:36:54: Item Rows: 2340
09-06-18T13:36:54: Item Rows: 2350
09-06-18T13:36:54: Item Rows: 2360
09-06-18T13:36:55: Item Rows: 2370
09-06-18T13:36:56: Item Rows: 2380
09-06-18T13:36:56: Item Rows: 2390
09-06-18T13:36:57: Item Rows: 2400
09-06-18T13:36:57: Item Rows: 2410
09-06-18T13:36:57: Item Rows: 2420
09-06-18T13:36:58: Item Rows: 2430
09-06-18T13:36:58: Item Rows: 2440
09-06-18T13:36:59: Item Rows: 2450
09-06-18T13:37:00: Item Rows: 2460
09-06-18T13:37:00: Item Rows: 2470
09-06-18T13:37:00: Item Rows: 2480
09-06-18T13:37:01: Item Rows: 2490
09-06-18T13:37:01: Item Rows: 2500
09-06-18T13:37:02: Item Rows: 2510
09-06-18T13:37:02: Item Rows: 2520
09-06-18T13:37:03: Item Rows: 2530
09-06-18T13:37:03: Item Rows: 2540
09-06-18T13:37:03: Item Rows: 2550
09-06-18T13:37:04: Item Rows: 2560
09-06-18T13:37:04: Item Rows: 2570
09-06-18T13:37:05: Item Rows: 2580
09-06-18T13:37:05: Item Rows: 2590
09-06-18T13:37:06: Item Rows: 2600
09-06-18T13:37:06: Item Rows: 2610
09-06-18T13:37:07: Item Rows: 2620
09-06-18T13:37:07: Item Rows: 2630
09-06-18T13:37:08: Item Rows: 2640
09-06-18T13:37:08: Item Rows: 2650
09-06-18T13:37:09: Item Rows: 2660
09-06-18T13:37:09: Item Rows: 2670
09-06-18T13:37:10: Item Rows: 2680
09-06-18T13:37:10: Item Rows: 2690
09-06-18T13:37:11: Item Rows: 2700
09-06-18T13:37:11: Item Rows: 2710
09-06-18T13:37:11: Item Rows: 2720
09-06-18T13:37:12: Item Rows: 2730
09-06-18T13:37:12: Item Rows: 2740
09-06-18T13:37:13: Item Rows: 2750
09-06-18T13:37:13: Item Rows: 2760
09-06-18T13:37:14: Item Rows: 2770
09-06-18T13:37:14: Item Rows: 2780
09-06-18T13:37:15: Item Rows: 2790
09-06-18T13:37:15: Item Rows: 2800
09-06-18T13:37:16: Item Rows: 2810
09-06-18T13:37:16: Item Rows: 2820
09-06-18T13:37:16: Item Rows: 2830
09-06-18T13:37:17: Item Rows: 2840
09-06-18T13:37:17: Item Rows: 2850
09-06-18T13:37:18: Item Rows: 2860
09-06-18T13:37:18: Item Rows: 2870
09-06-18T13:37:19: Item Rows: 2880
09-06-18T13:37:19: Item Rows: 2890
09-06-18T13:37:20: Item Rows: 2900
09-06-18T13:37:21: Item Rows: 2910
09-06-18T13:37:22: Item Rows: 2920
09-06-18T13:37:23: Item Rows: 2930
09-06-18T13:37:23: Item Rows: 2940
09-06-18T13:37:24: Item Rows: 2950
09-06-18T13:37:25: Item Rows: 2960
09-06-18T13:37:26: Item Rows: 2970
09-06-18T13:37:26: Item Rows: 2980
09-06-18T13:37:27: Item Rows: 2990
09-06-18T13:37:28: Item Rows: 3000
09-06-18T13:37:28: Item Rows: 3010
09-06-18T13:37:29: Item Rows: 3020
09-06-18T13:37:30: Item Rows: 3030
09-06-18T13:37:31: Item Rows: 3040
09-06-18T13:37:31: Item Rows: 3050
09-06-18T13:37:32: Item Rows: 3060
09-06-18T13:37:32: Item Rows: 3070
09-06-18T13:37:33: Item Rows: 3080
09-06-18T13:37:33: Item Rows: 3090
09-06-18T13:37:34: Item Rows: 3100
09-06-18T13:37:34: Item Rows: 3110
09-06-18T13:37:35: Item Rows: 3120
09-06-18T13:37:35: Item Rows: 3130
09-06-18T13:37:35: Item Rows: 3140
09-06-18T13:37:36: Item Rows: 3150
09-06-18T13:37:36: Item Rows: 3160
09-06-18T13:37:37: Item Rows: 3170
09-06-18T13:37:37: Item Rows: 3180
09-06-18T13:37:38: Item Rows: 3190
09-06-18T13:37:38: Item Rows: 3200
09-06-18T13:37:39: Item Rows: 3210
09-06-18T13:37:39: Item Rows: 3220
09-06-18T13:37:40: Item Rows: 3230
09-06-18T13:37:41: Item Rows: 3240
09-06-18T13:37:42: Item Rows: 3250
09-06-18T13:37:43: Item Rows: 3260
09-06-18T13:37:43: Item Rows: 3270
09-06-18T13:37:44: Item Rows: 3280
09-06-18T13:37:45: Item Rows: 3290
09-06-18T13:37:46: Item Rows: 3300
09-06-18T13:37:47: Item Rows: 3310
09-06-18T13:37:48: Item Rows: 3320
09-06-18T13:37:48: Item Rows: 3330
09-06-18T13:37:49: Item Rows: 3340
09-06-18T13:37:50: Item Rows: 3350
09-06-18T13:37:51: Item Rows: 3360
09-06-18T13:37:51: Item Rows: 3370
09-06-18T13:37:52: Item Rows: 3380
09-06-18T13:37:53: Item Rows: 3390
09-06-18T13:37:53: Item Rows: 3400
09-06-18T13:37:54: Item Rows: 3410
09-06-18T13:37:55: Item Rows: 3420
09-06-18T13:37:56: Item Rows: 3430
09-06-18T13:37:56: Item Rows: 3440
09-06-18T13:37:57: Item Rows: 3450
09-06-18T13:37:57: Item Rows: 3460
09-06-18T13:37:58: Item Rows: 3470
09-06-18T13:37:58: Item Rows: 3480
09-06-18T13:37:59: Item Rows: 3490
09-06-18T13:38:00: Item Rows: 3500
09-06-18T13:38:01: Item Rows: 3510
09-06-18T13:38:02: Item Rows: 3520
09-06-18T13:38:02: Item Rows: 3530
09-06-18T13:38:03: Item Rows: 3540
09-06-18T13:38:04: Item Rows: 3550
09-06-18T13:38:05: Item Rows: 3560
09-06-18T13:38:06: Item Rows: 3570
09-06-18T13:38:06: Item Rows: 3580
09-06-18T13:38:07: Item Rows: 3590
09-06-18T13:38:08: Item Rows: 3600
09-06-18T13:38:08: Item Rows: 3610
09-06-18T13:38:09: Item Rows: 3620
09-06-18T13:38:10: Item Rows: 3630
09-06-18T13:38:10: Item Rows: 3640
09-06-18T13:38:11: Item Rows: 3650
09-06-18T13:38:12: Item Rows: 3660
09-06-18T13:38:12: Item Rows: 3670
09-06-18T13:38:13: Item Rows: 3680
09-06-18T13:38:13: Item Rows: 3690
09-06-18T13:38:14: Item Rows: 3700
09-06-18T13:38:14: Item Rows: 3710
09-06-18T13:38:15: Item Rows: 3720
09-06-18T13:38:15: Item Rows: 3730
09-06-18T13:38:16: Item Rows: 3740
09-06-18T13:38:16: Item Rows: 3750
09-06-18T13:38:17: Item Rows: 3760
09-06-18T13:38:18: Item Rows: 3770
09-06-18T13:38:18: Item Rows: 3780
09-06-18T13:38:19: Item Rows: 3790
09-06-18T13:38:19: Item Rows: 3800
09-06-18T13:38:20: Item Rows: 3810
09-06-18T13:38:20: Item Rows: 3820
09-06-18T13:38:21: Item Rows: 3830
09-06-18T13:38:22: Item Rows: 3840
09-06-18T13:38:22: Item Rows: 3850
09-06-18T13:38:23: Item Rows: 3860
09-06-18T13:38:24: Item Rows: 3870
09-06-18T13:38:25: Item Rows: 3880
09-06-18T13:38:26: Item Rows: 3890
09-06-18T13:38:27: Item Rows: 3900
09-06-18T13:38:27: Item Rows: 3910
09-06-18T13:38:28: Item Rows: 3920
09-06-18T13:38:28: Item Rows: 3930
09-06-18T13:38:29: Item Rows: 3940
09-06-18T13:38:29: Item Rows: 3950
09-06-18T13:38:30: Item Rows: 3960
09-06-18T13:38:30: Item Rows: 3970
09-06-18T13:38:31: Item Rows: 3980
09-06-18T13:38:31: Item Rows: 3990
09-06-18T13:38:32: Item Rows: 4000
09-06-18T13:38:33: Item Rows: 4010
09-06-18T13:38:33: Item Rows: 4020
09-06-18T13:38:34: Item Rows: 4030
09-06-18T13:38:34: Item Rows: 4040
09-06-18T13:38:35: Item Rows: 4050
09-06-18T13:38:35: Item Rows: 4060
09-06-18T13:38:36: Item Rows: 4070
09-06-18T13:38:37: Item Rows: 4080
09-06-18T13:38:37: Item Rows: 4090
09-06-18T13:38:38: Item Rows: 4100
09-06-18T13:38:39: Item Rows: 4110
09-06-18T13:38:39: Item Rows: 4120
09-06-18T13:38:40: Item Rows: 4130
09-06-18T13:38:40: Item Rows: 4140
09-06-18T13:38:41: Item Rows: 4150
09-06-18T13:38:41: Item Rows: 4160
09-06-18T13:38:42: Item Rows: 4170
09-06-18T13:38:42: Item Rows: 4180
09-06-18T13:38:43: Item Rows: 4190
09-06-18T13:38:44: Item Rows: 4200
09-06-18T13:38:44: Item Rows: 4210
09-06-18T13:38:45: Item Rows: 4220
09-06-18T13:38:46: Item Rows: 4230
09-06-18T13:38:46: Item Rows: 4240
09-06-18T13:38:48: Item Rows: 4250
09-06-18T13:38:48: Item Rows: 4260
09-06-18T13:38:49: Item Rows: 4270
09-06-18T13:38:50: Item Rows: 4280
09-06-18T13:38:50: Item Rows: 4290
09-06-18T13:38:51: Item Rows: 4300
09-06-18T13:38:51: Item Rows: 4310
09-06-18T13:38:52: Item Rows: 4320
09-06-18T13:38:52: Item Rows: 4330
09-06-18T13:38:53: Item Rows: 4340
09-06-18T13:38:53: Item Rows: 4350
09-06-18T13:38:54: Item Rows: 4360
09-06-18T13:38:54: Item Rows: 4370
09-06-18T13:38:55: Item Rows: 4380
09-06-18T13:38:55: Item Rows: 4390
09-06-18T13:38:56: Item Rows: 4400
09-06-18T13:38:57: Item Rows: 4410
09-06-18T13:38:58: Item Rows: 4420
09-06-18T13:39:00: Item Rows: 4430
09-06-18T13:39:01: Item Rows: 4440
09-06-18T13:39:02: Item Rows: 4450
09-06-18T13:39:03: Item Rows: 4460
09-06-18T13:39:04: Item Rows: 4470
09-06-18T13:39:05: Item Rows: 4480
09-06-18T13:39:06: Item Rows: 4490
09-06-18T13:39:07: Item Rows: 4500
09-06-18T13:39:07: Item Rows: 4510
09-06-18T13:39:08: Item Rows: 4520
09-06-18T13:39:09: Item Rows: 4530
09-06-18T13:39:10: Item Rows: 4540
09-06-18T13:39:11: Item Rows: 4550
09-06-18T13:39:13: Item Rows: 4560
09-06-18T13:39:14: Item Rows: 4570
09-06-18T13:39:15: Item Rows: 4580
09-06-18T13:39:16: Item Rows: 4590
09-06-18T13:39:17: Item Rows: 4600
09-06-18T13:39:18: Item Rows: 4610
09-06-18T13:39:19: Item Rows: 4620
09-06-18T13:39:20: Item Rows: 4630
09-06-18T13:39:20: Item Rows: 4640
09-06-18T13:39:21: Item Rows: 4650
09-06-18T13:39:21: Item Rows: 4660
09-06-18T13:39:22: Item Rows: 4670
09-06-18T13:39:22: Item Rows: 4680
09-06-18T13:39:23: Item Rows: 4690
09-06-18T13:39:23: Item Rows: 4700
09-06-18T13:39:23: Item Rows: 4710
09-06-18T13:39:24: Item Rows: 4720
09-06-18T13:39:24: Item Rows: 4730
09-06-18T13:39:25: Item Rows: 4740
09-06-18T13:39:26: Item Rows: 4750
09-06-18T13:39:26: Item Rows: 4760
09-06-18T13:39:26: Item Rows: 4770
09-06-18T13:39:27: Item Rows: 4780
09-06-18T13:39:27: Item Rows: 4790
09-06-18T13:39:28: Item Rows: 4800
09-06-18T13:39:28: Item Rows: 4810
09-06-18T13:39:29: Item Rows: 4820
09-06-18T13:39:29: Item Rows: 4830
09-06-18T13:39:30: Item Rows: 4840
09-06-18T13:39:30: Item Rows: 4850
09-06-18T13:39:30: Item Rows: 4860
09-06-18T13:39:31: Item Rows: 4870
09-06-18T13:39:31: Item Rows: 4880
09-06-18T13:39:32: Item Rows: 4890
09-06-18T13:39:32: Item Rows: 4900
09-06-18T13:39:33: Item Rows: 4910
09-06-18T13:39:33: Item Rows: 4920
09-06-18T13:39:33: Item Rows: 4930
09-06-18T13:39:34: Item Rows: 4940
09-06-18T13:39:35: Item Rows: 4950
09-06-18T13:39:35: Item Rows: 4960
09-06-18T13:39:36: Item Rows: 4970
09-06-18T13:39:36: Item Rows: 4980
09-06-18T13:39:37: Item Rows: 4990
09-06-18T13:39:37: Item Rows: 5000
09-06-18T13:39:37: Item Rows: 5010
09-06-18T13:39:38: Item Rows: 5020
09-06-18T13:39:38: Item Rows: 5030
09-06-18T13:39:39: Item Rows: 5040
09-06-18T13:39:39: Item Rows: 5050
09-06-18T13:39:40: Item Rows: 5060
09-06-18T13:39:40: Item Rows: 5070
09-06-18T13:39:40: Item Rows: 5080
09-06-18T13:39:41: Item Rows: 5090
09-06-18T13:39:41: Item Rows: 5100
09-06-18T13:39:42: Item Rows: 5110
09-06-18T13:39:42: Item Rows: 5120
09-06-18T13:39:42: Item Rows: 5130
09-06-18T13:39:43: Item Rows: 5140
09-06-18T13:39:43: Item Rows: 5150
09-06-18T13:39:44: Item Rows: 5160
09-06-18T13:39:44: Item Rows: 5170
09-06-18T13:39:44: Item Rows: 5180
09-06-18T13:39:45: Item Rows: 5190
09-06-18T13:39:45: Item Rows: 5200
09-06-18T13:39:46: Item Rows: 5210
09-06-18T13:39:46: Item Rows: 5220
09-06-18T13:39:46: Item Rows: 5230
09-06-18T13:39:47: Item Rows: 5240
09-06-18T13:39:47: Item Rows: 5250
09-06-18T13:39:47: Item Rows: 5260
09-06-18T13:39:48: Item Rows: 5270
09-06-18T13:39:48: Item Rows: 5280
09-06-18T13:39:49: Item Rows: 5290
09-06-18T13:39:49: Item Rows: 5300
09-06-18T13:39:50: Item Rows: 5310
09-06-18T13:39:50: Item Rows: 5320
09-06-18T13:39:51: Item Rows: 5330
09-06-18T13:39:51: Item Rows: 5340
09-06-18T13:39:52: Item Rows: 5350
09-06-18T13:39:52: Item Rows: 5360
09-06-18T13:39:53: Item Rows: 5370
09-06-18T13:39:53: Item Rows: 5380
09-06-18T13:39:54: Item Rows: 5390
09-06-18T13:39:54: Item Rows: 5400
09-06-18T13:39:54: Item Rows: 5410
09-06-18T13:39:55: Item Rows: 5420
09-06-18T13:39:55: Item Rows: 5430
09-06-18T13:39:56: Item Rows: 5440
09-06-18T13:39:56: Item Rows: 5450
09-06-18T13:39:56: Item Rows: 5460
09-06-18T13:39:57: Item Rows: 5470
09-06-18T13:39:58: Item Rows: 5480
09-06-18T13:39:58: Item Rows: 5490
09-06-18T13:39:58: Item Rows: 5500
09-06-18T13:39:59: Item Rows: 5510
09-06-18T13:39:59: Item Rows: 5520
09-06-18T13:39:59: Item Rows: 5530
09-06-18T13:40:00: Item Rows: 5540
09-06-18T13:40:00: Item Rows: 5550
09-06-18T13:40:01: Item Rows: 5560
09-06-18T13:40:01: Item Rows: 5570
09-06-18T13:40:01: Item Rows: 5580
09-06-18T13:40:02: Item Rows: 5590
09-06-18T13:40:02: Item Rows: 5600
09-06-18T13:40:02: Item Rows: 5610
09-06-18T13:40:03: Item Rows: 5620
09-06-18T13:40:03: Item Rows: 5630
09-06-18T13:40:03: Item Rows: 5640
09-06-18T13:40:04: Item Rows: 5650
09-06-18T13:40:04: Item Rows: 5660
09-06-18T13:40:04: Item Rows: 5670
09-06-18T13:40:05: Item Rows: 5680
09-06-18T13:40:05: Item Rows: 5690
09-06-18T13:40:05: Item Rows: 5700
09-06-18T13:40:06: Item Rows: 5710
09-06-18T13:40:06: Item Rows: 5720
09-06-18T13:40:06: Item Rows: 5730
09-06-18T13:40:07: Item Rows: 5740
09-06-18T13:40:07: Item Rows: 5750
09-06-18T13:40:07: Item Rows: 5760
09-06-18T13:40:08: Item Rows: 5770
09-06-18T13:40:08: Item Rows: 5780
09-06-18T13:40:08: Item Rows: 5790
09-06-18T13:40:09: Item Rows: 5800
09-06-18T13:40:09: Item Rows: 5810
09-06-18T13:40:09: Item Rows: 5820
09-06-18T13:40:10: Item Rows: 5830
09-06-18T13:40:10: Item Rows: 5840
09-06-18T13:40:11: Item Rows: 5850
09-06-18T13:40:11: Item Rows: 5860
09-06-18T13:40:12: Item Rows: 5870
09-06-18T13:40:12: Item Rows: 5880
09-06-18T13:40:13: Item Rows: 5890
09-06-18T13:40:13: Item Rows: 5900
09-06-18T13:40:14: Item Rows: 5910
09-06-18T13:40:14: Item Rows: 5920
09-06-18T13:40:14: Item Rows: 5930
09-06-18T13:40:15: Item Rows: 5940
09-06-18T13:40:15: Item Rows: 5950
09-06-18T13:40:15: Item Rows: 5960
09-06-18T13:40:16: Item Rows: 5970
09-06-18T13:40:16: Item Rows: 5980
09-06-18T13:40:16: Item Rows: 5990
09-06-18T13:40:17: Item Rows: 6000
09-06-18T13:40:17: Item Rows: 6010
09-06-18T13:40:18: Item Rows: 6020
09-06-18T13:40:18: Item Rows: 6030
09-06-18T13:40:18: Item Rows: 6040
09-06-18T13:40:19: Item Rows: 6050
09-06-18T13:40:19: Item Rows: 6060
09-06-18T13:40:19: Item Rows: 6070
09-06-18T13:40:20: Item Rows: 6080
09-06-18T13:40:20: Item Rows: 6090
09-06-18T13:40:21: Item Rows: 6100
09-06-18T13:40:21: Item Rows: 6110
09-06-18T13:40:21: Item Rows: 6120
09-06-18T13:40:22: Item Rows: 6130
09-06-18T13:40:22: Item Rows: 6140
09-06-18T13:40:22: Item Rows: 6150
09-06-18T13:40:23: Item Rows: 6160
09-06-18T13:40:23: Item Rows: 6170
09-06-18T13:40:23: Item Rows: 6180
09-06-18T13:40:24: Item Rows: 6190
09-06-18T13:40:24: Item Rows: 6200
09-06-18T13:40:25: Item Rows: 6210
09-06-18T13:40:25: Item Rows: 6220
09-06-18T13:40:25: Item Rows: 6230
09-06-18T13:40:26: Item Rows: 6240
09-06-18T13:40:26: Item Rows: 6250
09-06-18T13:40:27: Item Rows: 6260
09-06-18T13:40:27: Item Rows: 6270
09-06-18T13:40:27: Item Rows: 6280
09-06-18T13:40:28: Item Rows: 6290
09-06-18T13:40:28: Item Rows: 6300
09-06-18T13:40:29: Item Rows: 6310
09-06-18T13:40:29: Item Rows: 6320
09-06-18T13:40:29: Item Rows: 6330
09-06-18T13:40:30: Item Rows: 6340
09-06-18T13:40:30: Item Rows: 6350
09-06-18T13:40:30: Item Rows: 6360
09-06-18T13:40:31: Item Rows: 6370
09-06-18T13:40:31: Item Rows: 6380
09-06-18T13:40:31: Item Rows: 6390
09-06-18T13:40:32: Item Rows: 6400
09-06-18T13:40:32: Item Rows: 6410
09-06-18T13:40:32: Item Rows: 6420
09-06-18T13:40:33: Item Rows: 6430
09-06-18T13:40:33: Item Rows: 6440
09-06-18T13:40:33: Item Rows: 6450
09-06-18T13:40:34: Item Rows: 6460
09-06-18T13:40:34: Item Rows: 6470
09-06-18T13:40:34: Item Rows: 6480
09-06-18T13:40:35: Item Rows: 6490
09-06-18T13:40:35: Item Rows: 6500
09-06-18T13:40:35: Item Rows: 6510
09-06-18T13:40:36: Item Rows: 6520
09-06-18T13:40:36: Item Rows: 6530
09-06-18T13:40:36: Item Rows: 6540
09-06-18T13:40:37: Item Rows: 6550
09-06-18T13:40:37: Item Rows: 6560
09-06-18T13:40:38: Item Rows: 6570
09-06-18T13:40:38: Item Rows: 6580
09-06-18T13:40:38: Item Rows: 6590
09-06-18T13:40:39: Item Rows: 6600
09-06-18T13:40:39: Item Rows: 6610
09-06-18T13:40:40: Item Rows: 6620
09-06-18T13:40:40: Item Rows: 6630
09-06-18T13:40:41: Item Rows: 6640
09-06-18T13:40:41: Item Rows: 6650
09-06-18T13:40:41: Item Rows: 6660
09-06-18T13:40:42: Item Rows: 6670
09-06-18T13:40:42: Item Rows: 6680
09-06-18T13:40:42: Item Rows: 6690
09-06-18T13:40:43: Item Rows: 6700
09-06-18T13:40:43: Item Rows: 6710
09-06-18T13:40:43: Item Rows: 6720
09-06-18T13:40:44: Item Rows: 6730
09-06-18T13:40:44: Item Rows: 6740
09-06-18T13:40:44: Item Rows: 6750
09-06-18T13:40:45: Item Rows: 6760
09-06-18T13:40:45: Item Rows: 6770
09-06-18T13:40:45: Item Rows: 6780
09-06-18T13:40:46: Item Rows: 6790
09-06-18T13:40:46: Item Rows: 6800
09-06-18T13:40:46: Item Rows: 6810
09-06-18T13:40:47: Item Rows: 6820
09-06-18T13:40:47: Item Rows: 6830
09-06-18T13:40:48: Item Rows: 6840
09-06-18T13:40:48: Item Rows: 6850
09-06-18T13:40:49: Item Rows: 6860
09-06-18T13:40:49: Item Rows: 6870
09-06-18T13:40:50: Item Rows: 6880
09-06-18T13:40:51: Item Rows: 6890
09-06-18T13:40:51: Item Rows: 6900
09-06-18T13:40:52: Item Rows: 6910
09-06-18T13:40:52: Item Rows: 6920
09-06-18T13:40:52: Item Rows: 6930
09-06-18T13:40:53: Item Rows: 6940
09-06-18T13:40:53: Item Rows: 6950
09-06-18T13:40:53: Item Rows: 6960
09-06-18T13:40:54: Item Rows: 6970
09-06-18T13:40:54: Item Rows: 6980
09-06-18T13:40:54: Item Rows: 6990
09-06-18T13:40:55: Item Rows: 7000
09-06-18T13:40:55: Item Rows: 7010
09-06-18T13:40:56: Item Rows: 7020
09-06-18T13:40:56: Item Rows: 7030
09-06-18T13:40:56: Item Rows: 7040
09-06-18T13:40:57: Item Rows: 7050
09-06-18T13:40:57: Item Rows: 7060
09-06-18T13:40:57: Item Rows: 7070
09-06-18T13:40:58: Item Rows: 7080
09-06-18T13:40:58: Item Rows: 7090
09-06-18T13:40:59: Item Rows: 7100
09-06-18T13:40:59: Item Rows: 7110
09-06-18T13:41:00: Item Rows: 7120
09-06-18T13:41:00: Item Rows: 7130
09-06-18T13:41:00: Item Rows: 7140
09-06-18T13:41:01: Item Rows: 7150
09-06-18T13:41:02: Item Rows: 7160
09-06-18T13:41:02: Item Rows: 7170
09-06-18T13:41:02: Item Rows: 7180
09-06-18T13:41:03: Item Rows: 7190
09-06-18T13:41:03: Item Rows: 7200
09-06-18T13:41:04: Item Rows: 7210
09-06-18T13:41:04: Item Rows: 7220
09-06-18T13:41:04: Item Rows: 7230
09-06-18T13:41:05: Item Rows: 7240
09-06-18T13:41:05: Item Rows: 7250
09-06-18T13:41:05: Item Rows: 7260
09-06-18T13:41:06: Item Rows: 7270
09-06-18T13:41:06: Item Rows: 7280
09-06-18T13:41:06: Item Rows: 7290
09-06-18T13:41:07: Item Rows: 7300
09-06-18T13:41:07: Item Rows: 7310
09-06-18T13:41:07: Item Rows: 7320
09-06-18T13:41:08: Item Rows: 7330
09-06-18T13:41:08: Item Rows: 7340
09-06-18T13:41:09: Item Rows: 7350
09-06-18T13:41:09: Item Rows: 7360
09-06-18T13:41:09: Item Rows: 7370
09-06-18T13:41:09: Item Rows: 7380
09-06-18T13:41:10: Item Rows: 7390
09-06-18T13:41:10: Item Rows: 7400
09-06-18T13:41:10: Item Rows: 7410
09-06-18T13:41:11: Item Rows: 7420
09-06-18T13:41:11: Item Rows: 7430
09-06-18T13:41:12: Item Rows: 7440
09-06-18T13:41:12: Item Rows: 7450
09-06-18T13:41:12: Item Rows: 7460
09-06-18T13:41:13: Item Rows: 7470
09-06-18T13:41:13: Item Rows: 7480
09-06-18T13:41:13: Item Rows: 7490
09-06-18T13:41:14: Item Rows: 7500
09-06-18T13:41:14: Item Rows: 7510
09-06-18T13:41:14: Item Rows: 7520
09-06-18T13:41:15: Item Rows: 7530
09-06-18T13:41:15: Item Rows: 7540
09-06-18T13:41:15: Item Rows: 7550
09-06-18T13:41:16: Item Rows: 7560
09-06-18T13:41:16: Item Rows: 7570
09-06-18T13:41:17: Item Rows: 7580
09-06-18T13:41:18: Item Rows: 7590
09-06-18T13:41:19: Item Rows: 7600
09-06-18T13:41:19: Item Rows: 7610
09-06-18T13:41:20: Item Rows: 7620
09-06-18T13:41:20: Item Rows: 7630
09-06-18T13:41:21: Item Rows: 7640
09-06-18T13:41:21: Item Rows: 7650
09-06-18T13:41:22: Item Rows: 7660
09-06-18T13:41:23: Item Rows: 7670
09-06-18T13:41:23: Finished Department: 
09-06-18T13:41:23: Total Items: 7668
09-06-18T13:41:23: File created in working xls folder: Retail Item-uomtest.xlsx
09-06-18T13:41:23: Moving file uomtest.csv to Archive 
09-06-18T13:41:23: ...
09-06-18T13:41:23: End Log
