01-30-19T13:28:44: Start Log
01-30-19T13:28:44: Found Input File: Retail Item-201 Other Fast Food_01.csv
01-30-19T13:28:44: Department: 201 Other Fast Food
01-30-19T13:28:48: Item Rows: 10
01-30-19T13:28:48: Item Rows: 20
01-30-19T13:28:48: Item Rows: 30
01-30-19T13:28:48: Item Rows: 40
01-30-19T13:28:48: Item Rows: 50
01-30-19T13:28:49: Item Rows: 60
01-30-19T13:28:49: Item Rows: 70
01-30-19T13:28:49: Item Rows: 80
01-30-19T13:28:49: Item Rows: 90
01-30-19T13:28:49: Item Rows: 100
01-30-19T13:28:49: Item Rows: 110
01-30-19T13:28:49: Item Rows: 120
01-30-19T13:28:50: Item Rows: 130
01-30-19T13:28:50: Item Rows: 140
01-30-19T13:28:50: Item Rows: 150
01-30-19T13:28:50: Item Rows: 160
01-30-19T13:28:50: Item Rows: 170
01-30-19T13:28:50: Item Rows: 180
01-30-19T13:28:50: Item Rows: 190
01-30-19T13:28:51: Item Rows: 200
01-30-19T13:28:51: Item Rows: 210
01-30-19T13:28:51: Item Rows: 220
01-30-19T13:28:51: Item Rows: 230
01-30-19T13:28:51: Item Rows: 240
01-30-19T13:28:51: Item Rows: 250
01-30-19T13:28:51: Item Rows: 260
01-30-19T13:28:52: Item Rows: 270
01-30-19T13:28:52: Item Rows: 280
01-30-19T13:28:52: Item Rows: 290
01-30-19T13:28:52: Item Rows: 300
01-30-19T13:28:52: Item Rows: 310
01-30-19T13:28:52: Item Rows: 320
01-30-19T13:28:52: Item Rows: 330
01-30-19T13:28:52: Item Rows: 340
01-30-19T13:28:53: Item Rows: 350
01-30-19T13:28:53: Item Rows: 360
01-30-19T13:28:53: Item Rows: 370
01-30-19T13:28:53: Item Rows: 380
01-30-19T13:28:53: Item Rows: 390
01-30-19T13:28:53: Item Rows: 400
01-30-19T13:28:53: Item Rows: 410
01-30-19T13:28:54: Item Rows: 420
01-30-19T13:28:54: Item Rows: 430
01-30-19T13:28:54: Item Rows: 440
01-30-19T13:28:54: Finished Department: 201 Other Fast Food
01-30-19T13:28:54: Total Items: 445
01-30-19T13:28:54: File created in working xls folder: Retail Item-Retail Item-201 Other Fast Food_01.xlsx
01-30-19T13:28:54: Moving file Retail Item-201 Other Fast Food_01.csv to Archive 
01-30-19T13:28:54: ...
01-30-19T13:28:54: Found Input File: Retail Item-204 Restaurant_01.csv
01-30-19T13:28:54: Department: 204 Restaurant
01-30-19T13:28:56: Finished Department: 204 Restaurant
01-30-19T13:28:56: Total Items: 1
01-30-19T13:28:56: File created in working xls folder: Retail Item-Retail Item-204 Restaurant_01.xlsx
01-30-19T13:28:56: Moving file Retail Item-204 Restaurant_01.csv to Archive 
01-30-19T13:28:56: ...
01-30-19T13:28:56: Found Input File: Retail Item-206 Franchise Food_01.csv
01-30-19T13:28:56: Department: 206 Franchise Food
01-30-19T13:28:59: Item Rows: 10
01-30-19T13:28:59: Item Rows: 20
01-30-19T13:29:00: Item Rows: 30
01-30-19T13:29:00: Item Rows: 40
01-30-19T13:29:00: Item Rows: 50
01-30-19T13:29:00: Item Rows: 60
01-30-19T13:29:00: Item Rows: 70
01-30-19T13:29:00: Item Rows: 80
01-30-19T13:29:01: Item Rows: 90
01-30-19T13:29:01: Item Rows: 100
01-30-19T13:29:01: Item Rows: 110
01-30-19T13:29:01: Item Rows: 120
01-30-19T13:29:01: Item Rows: 130
01-30-19T13:29:01: Item Rows: 140
01-30-19T13:29:01: Item Rows: 150
01-30-19T13:29:02: Item Rows: 160
01-30-19T13:29:02: Item Rows: 170
01-30-19T13:29:02: Item Rows: 180
01-30-19T13:29:02: Item Rows: 190
01-30-19T13:29:02: Item Rows: 200
01-30-19T13:29:02: Item Rows: 210
01-30-19T13:29:03: Item Rows: 220
01-30-19T13:29:03: Item Rows: 230
01-30-19T13:29:03: Item Rows: 240
01-30-19T13:29:03: Item Rows: 250
01-30-19T13:29:03: Item Rows: 260
01-30-19T13:29:03: Item Rows: 270
01-30-19T13:29:04: Item Rows: 280
01-30-19T13:29:04: Item Rows: 290
01-30-19T13:29:04: Item Rows: 300
01-30-19T13:29:04: Item Rows: 310
01-30-19T13:29:04: Item Rows: 320
01-30-19T13:29:04: Item Rows: 330
01-30-19T13:29:05: Item Rows: 340
01-30-19T13:29:05: Item Rows: 350
01-30-19T13:29:05: Item Rows: 360
01-30-19T13:29:05: Item Rows: 370
01-30-19T13:29:05: Item Rows: 380
01-30-19T13:29:06: Item Rows: 390
01-30-19T13:29:06: Item Rows: 400
01-30-19T13:29:06: Item Rows: 410
01-30-19T13:29:06: Item Rows: 420
01-30-19T13:29:06: Item Rows: 430
01-30-19T13:29:07: Item Rows: 440
01-30-19T13:29:07: Item Rows: 450
01-30-19T13:29:07: Item Rows: 460
01-30-19T13:29:07: Item Rows: 470
01-30-19T13:29:07: Item Rows: 480
01-30-19T13:29:08: Item Rows: 490
01-30-19T13:29:08: Item Rows: 500
01-30-19T13:29:08: Item Rows: 510
01-30-19T13:29:08: Item Rows: 520
01-30-19T13:29:09: Item Rows: 530
01-30-19T13:29:09: Item Rows: 540
01-30-19T13:29:09: Item Rows: 550
01-30-19T13:29:09: Item Rows: 560
01-30-19T13:29:09: Item Rows: 570
01-30-19T13:29:09: Item Rows: 580
01-30-19T13:29:10: Item Rows: 590
01-30-19T13:29:10: Item Rows: 600
01-30-19T13:29:10: Item Rows: 610
01-30-19T13:29:10: Item Rows: 620
01-30-19T13:29:10: Item Rows: 630
01-30-19T13:29:10: Item Rows: 640
01-30-19T13:29:11: Item Rows: 650
01-30-19T13:29:11: Item Rows: 660
01-30-19T13:29:11: Item Rows: 670
01-30-19T13:29:11: Item Rows: 680
01-30-19T13:29:11: Item Rows: 690
01-30-19T13:29:11: Item Rows: 700
01-30-19T13:29:11: Item Rows: 710
01-30-19T13:29:12: Item Rows: 720
01-30-19T13:29:12: Item Rows: 730
01-30-19T13:29:12: Item Rows: 740
01-30-19T13:29:12: Item Rows: 750
01-30-19T13:29:12: Item Rows: 760
01-30-19T13:29:13: Item Rows: 770
01-30-19T13:29:13: Item Rows: 780
01-30-19T13:29:13: Item Rows: 790
01-30-19T13:29:13: Item Rows: 800
01-30-19T13:29:13: Item Rows: 810
01-30-19T13:29:13: Item Rows: 820
01-30-19T13:29:14: Item Rows: 830
01-30-19T13:29:14: Item Rows: 840
01-30-19T13:29:14: Item Rows: 850
01-30-19T13:29:14: Item Rows: 860
01-30-19T13:29:14: Item Rows: 870
01-30-19T13:29:15: Item Rows: 880
01-30-19T13:29:15: Item Rows: 890
01-30-19T13:29:15: Item Rows: 900
01-30-19T13:29:15: Item Rows: 910
01-30-19T13:29:15: Item Rows: 920
01-30-19T13:29:15: Item Rows: 930
01-30-19T13:29:16: Item Rows: 940
01-30-19T13:29:16: Item Rows: 950
01-30-19T13:29:16: Item Rows: 960
01-30-19T13:29:16: Item Rows: 970
01-30-19T13:29:16: Item Rows: 980
01-30-19T13:29:17: Item Rows: 990
01-30-19T13:29:17: Item Rows: 1000
01-30-19T13:29:17: Item Rows: 1010
01-30-19T13:29:17: Item Rows: 1020
01-30-19T13:29:17: Item Rows: 1030
01-30-19T13:29:17: Item Rows: 1040
01-30-19T13:29:17: Item Rows: 1050
01-30-19T13:29:18: Item Rows: 1060
01-30-19T13:29:18: Item Rows: 1070
01-30-19T13:29:18: Item Rows: 1080
01-30-19T13:29:18: Item Rows: 1090
01-30-19T13:29:18: Item Rows: 1100
01-30-19T13:29:19: Item Rows: 1110
01-30-19T13:29:19: Item Rows: 1120
01-30-19T13:29:19: Item Rows: 1130
01-30-19T13:29:19: Item Rows: 1140
01-30-19T13:29:19: Item Rows: 1150
01-30-19T13:29:19: Item Rows: 1160
01-30-19T13:29:20: Item Rows: 1170
01-30-19T13:29:20: Item Rows: 1180
01-30-19T13:29:20: Item Rows: 1190
01-30-19T13:29:20: Item Rows: 1200
01-30-19T13:29:20: Item Rows: 1210
01-30-19T13:29:20: Item Rows: 1220
01-30-19T13:29:20: Item Rows: 1230
01-30-19T13:29:21: Item Rows: 1240
01-30-19T13:29:21: Item Rows: 1250
01-30-19T13:29:21: Item Rows: 1260
01-30-19T13:29:21: Item Rows: 1270
01-30-19T13:29:21: Item Rows: 1280
01-30-19T13:29:21: Item Rows: 1290
01-30-19T13:29:22: Item Rows: 1300
01-30-19T13:29:22: Item Rows: 1310
01-30-19T13:29:22: Item Rows: 1320
01-30-19T13:29:22: Item Rows: 1330
01-30-19T13:29:22: Item Rows: 1340
01-30-19T13:29:22: Item Rows: 1350
01-30-19T13:29:22: Item Rows: 1360
01-30-19T13:29:23: Item Rows: 1370
01-30-19T13:29:23: Item Rows: 1380
01-30-19T13:29:23: Item Rows: 1390
01-30-19T13:29:23: Item Rows: 1400
01-30-19T13:29:23: Item Rows: 1410
01-30-19T13:29:23: Item Rows: 1420
01-30-19T13:29:23: Item Rows: 1430
01-30-19T13:29:24: Item Rows: 1440
01-30-19T13:29:24: Item Rows: 1450
01-30-19T13:29:24: Item Rows: 1460
01-30-19T13:29:24: Item Rows: 1470
01-30-19T13:29:24: Item Rows: 1480
01-30-19T13:29:24: Item Rows: 1490
01-30-19T13:29:24: Item Rows: 1500
01-30-19T13:29:24: Item Rows: 1510
01-30-19T13:29:25: Item Rows: 1520
01-30-19T13:29:25: Item Rows: 1530
01-30-19T13:29:25: Item Rows: 1540
01-30-19T13:29:25: Item Rows: 1550
01-30-19T13:29:25: Item Rows: 1560
01-30-19T13:29:25: Item Rows: 1570
01-30-19T13:29:25: Item Rows: 1580
01-30-19T13:29:26: Item Rows: 1590
01-30-19T13:29:26: Item Rows: 1600
01-30-19T13:29:26: Item Rows: 1610
01-30-19T13:29:26: Item Rows: 1620
01-30-19T13:29:26: Item Rows: 1630
01-30-19T13:29:26: Item Rows: 1640
01-30-19T13:29:26: Item Rows: 1650
01-30-19T13:29:26: Item Rows: 1660
01-30-19T13:29:27: Item Rows: 1670
01-30-19T13:29:27: Item Rows: 1680
01-30-19T13:29:27: Item Rows: 1690
01-30-19T13:29:27: Item Rows: 1700
01-30-19T13:29:27: Item Rows: 1710
01-30-19T13:29:27: Item Rows: 1720
01-30-19T13:29:28: Item Rows: 1730
01-30-19T13:29:28: Item Rows: 1740
01-30-19T13:29:28: Item Rows: 1750
01-30-19T13:29:28: Item Rows: 1760
01-30-19T13:29:28: Item Rows: 1770
01-30-19T13:29:29: Item Rows: 1780
01-30-19T13:29:29: Item Rows: 1790
01-30-19T13:29:29: Item Rows: 1800
01-30-19T13:29:31: Item Rows: 1810
01-30-19T13:29:31: Item Rows: 1820
01-30-19T13:29:31: Item Rows: 1830
01-30-19T13:29:31: Item Rows: 1840
01-30-19T13:29:31: Item Rows: 1850
01-30-19T13:29:31: Item Rows: 1860
01-30-19T13:29:32: Item Rows: 1870
01-30-19T13:29:32: Item Rows: 1880
01-30-19T13:29:32: Item Rows: 1890
01-30-19T13:29:32: Item Rows: 1900
01-30-19T13:29:32: Item Rows: 1910
01-30-19T13:29:33: Item Rows: 1920
01-30-19T13:29:33: Item Rows: 1930
01-30-19T13:29:33: Item Rows: 1940
01-30-19T13:29:33: Item Rows: 1950
01-30-19T13:29:33: Item Rows: 1960
01-30-19T13:29:33: Item Rows: 1970
01-30-19T13:29:34: Item Rows: 1980
01-30-19T13:29:34: Item Rows: 1990
01-30-19T13:29:34: Item Rows: 2000
01-30-19T13:29:34: Item Rows: 2010
01-30-19T13:29:34: Item Rows: 2020
01-30-19T13:29:34: Item Rows: 2030
01-30-19T13:29:35: Item Rows: 2040
01-30-19T13:29:35: Item Rows: 2050
01-30-19T13:29:35: Item Rows: 2060
01-30-19T13:29:35: Item Rows: 2070
01-30-19T13:29:35: Item Rows: 2080
01-30-19T13:29:35: Item Rows: 2090
01-30-19T13:29:35: Item Rows: 2100
01-30-19T13:29:36: Item Rows: 2110
01-30-19T13:29:36: Item Rows: 2120
01-30-19T13:29:36: Item Rows: 2130
01-30-19T13:29:36: Item Rows: 2140
01-30-19T13:29:36: Item Rows: 2150
01-30-19T13:29:36: Item Rows: 2160
01-30-19T13:29:36: Item Rows: 2170
01-30-19T13:29:37: Item Rows: 2180
01-30-19T13:29:37: Item Rows: 2190
01-30-19T13:29:37: Item Rows: 2200
01-30-19T13:29:37: Item Rows: 2210
01-30-19T13:29:37: Item Rows: 2220
01-30-19T13:29:37: Item Rows: 2230
01-30-19T13:29:37: Item Rows: 2240
01-30-19T13:29:38: Item Rows: 2250
01-30-19T13:29:38: Item Rows: 2260
01-30-19T13:29:38: Item Rows: 2270
01-30-19T13:29:38: Finished Department: 206 Franchise Food
01-30-19T13:29:38: Total Items: 2275
01-30-19T13:29:38: File created in working xls folder: Retail Item-Retail Item-206 Franchise Food_01.xlsx
01-30-19T13:29:38: Moving file Retail Item-206 Franchise Food_01.csv to Archive 
01-30-19T13:29:38: ...
01-30-19T13:29:38: Found Input File: Retail Item-212 Hot Beverage_01.csv
01-30-19T13:29:38: Department: 212 Hot Beverage
01-30-19T13:29:41: Item Rows: 10
01-30-19T13:29:41: Item Rows: 20
01-30-19T13:29:42: Item Rows: 30
01-30-19T13:29:42: Item Rows: 40
01-30-19T13:29:42: Item Rows: 50
01-30-19T13:29:42: Item Rows: 60
01-30-19T13:29:42: Item Rows: 70
01-30-19T13:29:42: Item Rows: 80
01-30-19T13:29:43: Item Rows: 90
01-30-19T13:29:43: Item Rows: 100
01-30-19T13:29:43: Item Rows: 110
01-30-19T13:29:43: Item Rows: 120
01-30-19T13:29:43: Item Rows: 130
01-30-19T13:29:43: Item Rows: 140
01-30-19T13:29:43: Item Rows: 150
01-30-19T13:29:43: Item Rows: 160
01-30-19T13:29:44: Item Rows: 170
01-30-19T13:29:44: Item Rows: 180
01-30-19T13:29:44: Item Rows: 190
01-30-19T13:29:44: Item Rows: 200
01-30-19T13:29:44: Item Rows: 210
01-30-19T13:29:44: Item Rows: 220
01-30-19T13:29:44: Item Rows: 230
01-30-19T13:29:45: Item Rows: 240
01-30-19T13:29:45: Item Rows: 250
01-30-19T13:29:45: Item Rows: 260
01-30-19T13:29:45: Item Rows: 270
01-30-19T13:29:45: Item Rows: 280
01-30-19T13:29:45: Item Rows: 290
01-30-19T13:29:45: Item Rows: 300
01-30-19T13:29:46: Item Rows: 310
01-30-19T13:29:46: Item Rows: 320
01-30-19T13:29:46: Item Rows: 330
01-30-19T13:29:46: Item Rows: 340
01-30-19T13:29:46: Item Rows: 350
01-30-19T13:29:46: Item Rows: 360
01-30-19T13:29:46: Item Rows: 370
01-30-19T13:29:47: Item Rows: 380
01-30-19T13:29:47: Item Rows: 390
01-30-19T13:29:47: Item Rows: 400
01-30-19T13:29:47: Item Rows: 410
01-30-19T13:29:47: Item Rows: 420
01-30-19T13:29:47: Item Rows: 430
01-30-19T13:29:48: Item Rows: 440
01-30-19T13:29:48: Item Rows: 450
01-30-19T13:29:48: Item Rows: 460
01-30-19T13:29:48: Item Rows: 470
01-30-19T13:29:48: Item Rows: 480
01-30-19T13:29:49: Item Rows: 490
01-30-19T13:29:49: Item Rows: 500
01-30-19T13:29:49: Finished Department: 212 Hot Beverage
01-30-19T13:29:49: Total Items: 503
01-30-19T13:29:49: File created in working xls folder: Retail Item-Retail Item-212 Hot Beverage_01.xlsx
01-30-19T13:29:49: Moving file Retail Item-212 Hot Beverage_01.csv to Archive 
01-30-19T13:29:49: ...
01-30-19T13:29:49: Found Input File: Retail Item-215 Cold Beverage_01.csv
01-30-19T13:29:49: Department: 215 Cold Beverage
01-30-19T13:29:52: Item Rows: 10
01-30-19T13:29:52: Item Rows: 20
01-30-19T13:29:52: Item Rows: 30
01-30-19T13:29:53: Item Rows: 40
01-30-19T13:29:53: Item Rows: 50
01-30-19T13:29:53: Item Rows: 60
01-30-19T13:29:53: Item Rows: 70
01-30-19T13:29:54: Item Rows: 80
01-30-19T13:29:54: Item Rows: 90
01-30-19T13:29:54: Item Rows: 100
01-30-19T13:29:54: Item Rows: 110
01-30-19T13:29:54: Item Rows: 120
01-30-19T13:29:54: Item Rows: 130
01-30-19T13:29:55: Item Rows: 140
01-30-19T13:29:55: Item Rows: 150
01-30-19T13:29:55: Item Rows: 160
01-30-19T13:29:55: Item Rows: 170
01-30-19T13:29:55: Item Rows: 180
01-30-19T13:29:55: Item Rows: 190
01-30-19T13:29:56: Item Rows: 200
01-30-19T13:29:56: Item Rows: 210
01-30-19T13:29:56: Item Rows: 220
01-30-19T13:29:56: Item Rows: 230
01-30-19T13:29:56: Item Rows: 240
01-30-19T13:29:56: Item Rows: 250
01-30-19T13:29:56: Item Rows: 260
01-30-19T13:29:56: Item Rows: 270
01-30-19T13:29:57: Item Rows: 280
01-30-19T13:29:57: Item Rows: 290
01-30-19T13:29:57: Item Rows: 300
01-30-19T13:29:57: Item Rows: 310
01-30-19T13:29:58: Item Rows: 320
01-30-19T13:29:58: Item Rows: 330
01-30-19T13:29:59: Item Rows: 340
01-30-19T13:29:59: Item Rows: 350
01-30-19T13:29:59: Item Rows: 360
01-30-19T13:29:59: Item Rows: 370
01-30-19T13:29:59: Item Rows: 380
01-30-19T13:30:00: Item Rows: 390
01-30-19T13:30:00: Item Rows: 400
01-30-19T13:30:00: Item Rows: 410
01-30-19T13:30:00: Item Rows: 420
01-30-19T13:30:00: Item Rows: 430
01-30-19T13:30:00: Item Rows: 440
01-30-19T13:30:00: Item Rows: 450
01-30-19T13:30:01: Item Rows: 460
01-30-19T13:30:01: Item Rows: 470
01-30-19T13:30:01: Item Rows: 480
01-30-19T13:30:01: Item Rows: 490
01-30-19T13:30:01: Finished Department: 215 Cold Beverage
01-30-19T13:30:01: Total Items: 489
01-30-19T13:30:01: File created in working xls folder: Retail Item-Retail Item-215 Cold Beverage_01.xlsx
01-30-19T13:30:01: Moving file Retail Item-215 Cold Beverage_01.csv to Archive 
01-30-19T13:30:01: ...
01-30-19T13:30:01: Found Input File: Retail Item-218 Hot Food_01.csv
01-30-19T13:30:01: Department: 218 Hot Food
01-30-19T13:30:04: Item Rows: 10
01-30-19T13:30:05: Item Rows: 20
01-30-19T13:30:05: Item Rows: 30
01-30-19T13:30:05: Item Rows: 40
01-30-19T13:30:05: Item Rows: 50
01-30-19T13:30:05: Item Rows: 60
01-30-19T13:30:05: Item Rows: 70
01-30-19T13:30:06: Item Rows: 80
01-30-19T13:30:06: Item Rows: 90
01-30-19T13:30:06: Item Rows: 100
01-30-19T13:30:06: Item Rows: 110
01-30-19T13:30:06: Item Rows: 120
01-30-19T13:30:06: Item Rows: 130
01-30-19T13:30:07: Item Rows: 140
01-30-19T13:30:07: Item Rows: 150
01-30-19T13:30:07: Item Rows: 160
01-30-19T13:30:07: Item Rows: 170
01-30-19T13:30:07: Item Rows: 180
01-30-19T13:30:07: Item Rows: 190
01-30-19T13:30:08: Item Rows: 200
01-30-19T13:30:08: Item Rows: 210
01-30-19T13:30:08: Item Rows: 220
01-30-19T13:30:08: Item Rows: 230
01-30-19T13:30:08: Item Rows: 240
01-30-19T13:30:08: Item Rows: 250
01-30-19T13:30:08: Item Rows: 260
01-30-19T13:30:08: Item Rows: 270
01-30-19T13:30:09: Item Rows: 280
01-30-19T13:30:09: Item Rows: 290
01-30-19T13:30:09: Item Rows: 300
01-30-19T13:30:09: Item Rows: 310
01-30-19T13:30:09: Item Rows: 320
01-30-19T13:30:09: Item Rows: 330
01-30-19T13:30:09: Item Rows: 340
01-30-19T13:30:10: Item Rows: 350
01-30-19T13:30:10: Item Rows: 360
01-30-19T13:30:10: Item Rows: 370
01-30-19T13:30:10: Finished Department: 218 Hot Food
01-30-19T13:30:10: Total Items: 372
01-30-19T13:30:10: File created in working xls folder: Retail Item-Retail Item-218 Hot Food_01.xlsx
01-30-19T13:30:10: Moving file Retail Item-218 Hot Food_01.csv to Archive 
01-30-19T13:30:10: ...
01-30-19T13:30:10: Found Input File: Retail Item-221 Sandwich_01.csv
01-30-19T13:30:10: Department: 221 Sandwich
01-30-19T13:30:14: Item Rows: 10
01-30-19T13:30:15: Item Rows: 20
01-30-19T13:30:15: Item Rows: 30
01-30-19T13:30:16: Item Rows: 40
01-30-19T13:30:16: Item Rows: 50
01-30-19T13:30:16: Item Rows: 60
01-30-19T13:30:16: Item Rows: 70
01-30-19T13:30:16: Item Rows: 80
01-30-19T13:30:16: Item Rows: 90
01-30-19T13:30:17: Item Rows: 100
01-30-19T13:30:17: Item Rows: 110
01-30-19T13:30:17: Item Rows: 120
01-30-19T13:30:17: Item Rows: 130
01-30-19T13:30:17: Item Rows: 140
01-30-19T13:30:17: Item Rows: 150
01-30-19T13:30:17: Item Rows: 160
01-30-19T13:30:18: Item Rows: 170
01-30-19T13:30:18: Item Rows: 180
01-30-19T13:30:18: Item Rows: 190
01-30-19T13:30:18: Item Rows: 200
01-30-19T13:30:18: Item Rows: 210
01-30-19T13:30:18: Item Rows: 220
01-30-19T13:30:19: Item Rows: 230
01-30-19T13:30:19: Item Rows: 240
01-30-19T13:30:19: Item Rows: 250
01-30-19T13:30:19: Item Rows: 260
01-30-19T13:30:19: Item Rows: 270
01-30-19T13:30:19: Item Rows: 280
01-30-19T13:30:19: Item Rows: 290
01-30-19T13:30:20: Item Rows: 300
01-30-19T13:30:20: Item Rows: 310
01-30-19T13:30:20: Item Rows: 320
01-30-19T13:30:20: Item Rows: 330
01-30-19T13:30:20: Item Rows: 340
01-30-19T13:30:20: Item Rows: 350
01-30-19T13:30:21: Item Rows: 360
01-30-19T13:30:21: Item Rows: 370
01-30-19T13:30:22: Item Rows: 380
01-30-19T13:30:22: Item Rows: 390
01-30-19T13:30:22: Item Rows: 400
01-30-19T13:30:22: Item Rows: 410
01-30-19T13:30:22: Item Rows: 420
01-30-19T13:30:23: Item Rows: 430
01-30-19T13:30:23: Item Rows: 440
01-30-19T13:30:23: Item Rows: 450
01-30-19T13:30:23: Item Rows: 460
01-30-19T13:30:23: Item Rows: 470
01-30-19T13:30:23: Item Rows: 480
01-30-19T13:30:23: Item Rows: 490
01-30-19T13:30:24: Item Rows: 500
01-30-19T13:30:24: Item Rows: 510
01-30-19T13:30:24: Item Rows: 520
01-30-19T13:30:24: Item Rows: 530
01-30-19T13:30:24: Item Rows: 540
01-30-19T13:30:24: Item Rows: 550
01-30-19T13:30:25: Item Rows: 560
01-30-19T13:30:25: Item Rows: 570
01-30-19T13:30:25: Item Rows: 580
01-30-19T13:30:25: Item Rows: 590
01-30-19T13:30:25: Item Rows: 600
01-30-19T13:30:25: Item Rows: 610
01-30-19T13:30:25: Item Rows: 620
01-30-19T13:30:26: Item Rows: 630
01-30-19T13:30:26: Item Rows: 640
01-30-19T13:30:26: Item Rows: 650
01-30-19T13:30:26: Item Rows: 660
01-30-19T13:30:26: Item Rows: 670
01-30-19T13:30:26: Item Rows: 680
01-30-19T13:30:26: Item Rows: 690
01-30-19T13:30:26: Item Rows: 700
01-30-19T13:30:27: Item Rows: 710
01-30-19T13:30:27: Item Rows: 720
01-30-19T13:30:27: Item Rows: 730
01-30-19T13:30:27: Item Rows: 740
01-30-19T13:30:27: Item Rows: 750
01-30-19T13:30:27: Item Rows: 760
01-30-19T13:30:27: Item Rows: 770
01-30-19T13:30:28: Item Rows: 780
01-30-19T13:30:28: Item Rows: 790
01-30-19T13:30:28: Item Rows: 800
01-30-19T13:30:28: Item Rows: 810
01-30-19T13:30:28: Item Rows: 820
01-30-19T13:30:28: Item Rows: 830
01-30-19T13:30:28: Item Rows: 840
01-30-19T13:30:28: Item Rows: 850
01-30-19T13:30:29: Item Rows: 860
01-30-19T13:30:29: Item Rows: 870
01-30-19T13:30:29: Item Rows: 880
01-30-19T13:30:29: Item Rows: 890
01-30-19T13:30:29: Item Rows: 900
01-30-19T13:30:29: Item Rows: 910
01-30-19T13:30:29: Item Rows: 920
01-30-19T13:30:30: Item Rows: 930
01-30-19T13:30:30: Item Rows: 940
01-30-19T13:30:30: Item Rows: 950
01-30-19T13:30:30: Item Rows: 960
01-30-19T13:30:30: Item Rows: 970
01-30-19T13:30:30: Item Rows: 980
01-30-19T13:30:31: Item Rows: 990
01-30-19T13:30:31: Item Rows: 1000
01-30-19T13:30:31: Item Rows: 1010
01-30-19T13:30:31: Item Rows: 1020
01-30-19T13:30:31: Item Rows: 1030
01-30-19T13:30:31: Item Rows: 1040
01-30-19T13:30:31: Item Rows: 1050
01-30-19T13:30:31: Item Rows: 1060
01-30-19T13:30:32: Item Rows: 1070
01-30-19T13:30:32: Item Rows: 1080
01-30-19T13:30:32: Item Rows: 1090
01-30-19T13:30:32: Item Rows: 1100
01-30-19T13:30:33: Item Rows: 1110
01-30-19T13:30:33: Item Rows: 1120
01-30-19T13:30:33: Item Rows: 1130
01-30-19T13:30:34: Item Rows: 1140
01-30-19T13:30:34: Item Rows: 1150
01-30-19T13:30:35: Item Rows: 1160
01-30-19T13:30:35: Item Rows: 1170
01-30-19T13:30:35: Item Rows: 1180
01-30-19T13:30:35: Item Rows: 1190
01-30-19T13:30:36: Item Rows: 1200
01-30-19T13:30:36: Item Rows: 1210
01-30-19T13:30:36: Item Rows: 1220
01-30-19T13:30:36: Item Rows: 1230
01-30-19T13:30:36: Item Rows: 1240
01-30-19T13:30:36: Item Rows: 1250
01-30-19T13:30:36: Item Rows: 1260
01-30-19T13:30:37: Item Rows: 1270
01-30-19T13:30:37: Item Rows: 1280
01-30-19T13:30:37: Item Rows: 1290
01-30-19T13:30:38: Item Rows: 1300
01-30-19T13:30:38: Item Rows: 1310
01-30-19T13:30:38: Item Rows: 1320
01-30-19T13:30:38: Item Rows: 1330
01-30-19T13:30:39: Item Rows: 1340
01-30-19T13:30:39: Item Rows: 1350
01-30-19T13:30:39: Item Rows: 1360
01-30-19T13:30:39: Item Rows: 1370
01-30-19T13:30:39: Item Rows: 1380
01-30-19T13:30:40: Item Rows: 1390
01-30-19T13:30:40: Item Rows: 1400
01-30-19T13:30:40: Item Rows: 1410
01-30-19T13:30:40: Item Rows: 1420
01-30-19T13:30:41: Item Rows: 1430
01-30-19T13:30:41: Item Rows: 1440
01-30-19T13:30:41: Item Rows: 1450
01-30-19T13:30:41: Item Rows: 1460
01-30-19T13:30:41: Item Rows: 1470
01-30-19T13:30:41: Item Rows: 1480
01-30-19T13:30:42: Item Rows: 1490
01-30-19T13:30:42: Item Rows: 1500
01-30-19T13:30:42: Item Rows: 1510
01-30-19T13:30:42: Item Rows: 1520
01-30-19T13:30:42: Item Rows: 1530
01-30-19T13:30:42: Item Rows: 1540
01-30-19T13:30:42: Item Rows: 1550
01-30-19T13:30:43: Item Rows: 1560
01-30-19T13:30:43: Item Rows: 1570
01-30-19T13:30:43: Item Rows: 1580
01-30-19T13:30:43: Item Rows: 1590
01-30-19T13:30:43: Item Rows: 1600
01-30-19T13:30:43: Item Rows: 1610
01-30-19T13:30:43: Item Rows: 1620
01-30-19T13:30:44: Item Rows: 1630
01-30-19T13:30:44: Item Rows: 1640
01-30-19T13:30:44: Item Rows: 1650
01-30-19T13:30:44: Item Rows: 1660
01-30-19T13:30:44: Item Rows: 1670
01-30-19T13:30:44: Item Rows: 1680
01-30-19T13:30:45: Item Rows: 1690
01-30-19T13:30:45: Item Rows: 1700
01-30-19T13:30:45: Item Rows: 1710
01-30-19T13:30:45: Item Rows: 1720
01-30-19T13:30:45: Item Rows: 1730
01-30-19T13:30:45: Item Rows: 1740
01-30-19T13:30:46: Item Rows: 1750
01-30-19T13:30:46: Item Rows: 1760
01-30-19T13:30:46: Item Rows: 1770
01-30-19T13:30:46: Item Rows: 1780
01-30-19T13:30:46: Item Rows: 1790
01-30-19T13:30:46: Item Rows: 1800
01-30-19T13:30:47: Item Rows: 1810
01-30-19T13:30:47: Item Rows: 1820
01-30-19T13:30:47: Item Rows: 1830
01-30-19T13:30:47: Item Rows: 1840
01-30-19T13:30:47: Item Rows: 1850
01-30-19T13:30:47: Item Rows: 1860
01-30-19T13:30:47: Item Rows: 1870
01-30-19T13:30:48: Item Rows: 1880
01-30-19T13:30:48: Item Rows: 1890
01-30-19T13:30:48: Item Rows: 1900
01-30-19T13:30:48: Item Rows: 1910
01-30-19T13:30:48: Item Rows: 1920
01-30-19T13:30:48: Item Rows: 1930
01-30-19T13:30:48: Item Rows: 1940
01-30-19T13:30:49: Item Rows: 1950
01-30-19T13:30:49: Item Rows: 1960
01-30-19T13:30:49: Item Rows: 1970
01-30-19T13:30:49: Item Rows: 1980
01-30-19T13:30:49: Item Rows: 1990
01-30-19T13:30:49: Item Rows: 2000
01-30-19T13:30:50: Item Rows: 2010
01-30-19T13:30:50: Item Rows: 2020
01-30-19T13:30:50: Item Rows: 2030
01-30-19T13:30:50: Item Rows: 2040
01-30-19T13:30:50: Item Rows: 2050
01-30-19T13:30:51: Item Rows: 2060
01-30-19T13:30:52: Item Rows: 2070
01-30-19T13:30:52: Item Rows: 2080
01-30-19T13:30:52: Item Rows: 2090
01-30-19T13:30:53: Item Rows: 2100
01-30-19T13:30:53: Item Rows: 2110
01-30-19T13:30:53: Item Rows: 2120
01-30-19T13:30:53: Item Rows: 2130
01-30-19T13:30:54: Item Rows: 2140
01-30-19T13:30:54: Item Rows: 2150
01-30-19T13:30:54: Item Rows: 2160
01-30-19T13:30:54: Item Rows: 2170
01-30-19T13:30:55: Item Rows: 2180
01-30-19T13:30:55: Item Rows: 2190
01-30-19T13:30:56: Item Rows: 2200
01-30-19T13:30:57: Item Rows: 2210
01-30-19T13:30:57: Item Rows: 2220
01-30-19T13:30:57: Item Rows: 2230
01-30-19T13:30:58: Item Rows: 2240
01-30-19T13:30:58: Item Rows: 2250
01-30-19T13:30:59: Item Rows: 2260
01-30-19T13:30:59: Item Rows: 2270
01-30-19T13:30:59: Item Rows: 2280
01-30-19T13:31:00: Item Rows: 2290
01-30-19T13:31:00: Finished Department: 221 Sandwich
01-30-19T13:31:00: Total Items: 2288
01-30-19T13:31:00: File created in working xls folder: Retail Item-Retail Item-221 Sandwich_01.xlsx
01-30-19T13:31:00: Moving file Retail Item-221 Sandwich_01.csv to Archive 
01-30-19T13:31:00: ...
01-30-19T13:31:00: Found Input File: Retail Item-221 Sandwich_02.csv
01-30-19T13:31:00: Department: 221 Sandwich
01-30-19T13:31:04: Item Rows: 10
01-30-19T13:31:05: Item Rows: 20
01-30-19T13:31:05: Item Rows: 30
01-30-19T13:31:06: Item Rows: 40
01-30-19T13:31:06: Item Rows: 50
01-30-19T13:31:06: Item Rows: 60
01-30-19T13:31:06: Item Rows: 70
01-30-19T13:31:07: Item Rows: 80
01-30-19T13:31:07: Item Rows: 90
01-30-19T13:31:07: Item Rows: 100
01-30-19T13:31:08: Item Rows: 110
01-30-19T13:31:08: Item Rows: 120
01-30-19T13:31:08: Item Rows: 130
01-30-19T13:31:08: Item Rows: 140
01-30-19T13:31:08: Item Rows: 150
01-30-19T13:31:09: Item Rows: 160
01-30-19T13:31:09: Item Rows: 170
01-30-19T13:31:09: Item Rows: 180
01-30-19T13:31:10: Item Rows: 190
01-30-19T13:31:10: Item Rows: 200
01-30-19T13:31:10: Item Rows: 210
01-30-19T13:31:10: Item Rows: 220
01-30-19T13:31:11: Item Rows: 230
01-30-19T13:31:11: Item Rows: 240
01-30-19T13:31:12: Item Rows: 250
01-30-19T13:31:12: Item Rows: 260
01-30-19T13:31:13: Item Rows: 270
01-30-19T13:31:13: Item Rows: 280
01-30-19T13:31:13: Item Rows: 290
01-30-19T13:31:13: Item Rows: 300
01-30-19T13:31:14: Item Rows: 310
