09-05-18T19:07:23: Start Log
09-05-18T19:07:23: Found Input File: Test.csv
09-05-18T19:07:23: Department: 
09-05-18T19:07:26: Item Rows: 10
09-05-18T19:07:26: Item Rows: 20
09-05-18T19:07:27: Item Rows: 30
09-05-18T19:07:27: Item Rows: 40
09-05-18T19:07:28: Item Rows: 50
09-05-18T19:07:28: Item Rows: 60
09-05-18T19:07:28: Item Rows: 70
09-05-18T19:07:29: Item Rows: 80
09-05-18T19:07:29: Item Rows: 90
09-05-18T19:07:30: Item Rows: 100
09-05-18T19:07:30: Item Rows: 110
09-05-18T19:07:30: Item Rows: 120
09-05-18T19:07:31: Item Rows: 130
09-05-18T19:07:31: Item Rows: 140
09-05-18T19:07:31: Item Rows: 150
09-05-18T19:07:32: Item Rows: 160
09-05-18T19:07:32: Item Rows: 170
09-05-18T19:07:32: Item Rows: 180
09-05-18T19:07:33: Item Rows: 190
09-05-18T19:07:33: Item Rows: 200
09-05-18T19:07:34: Item Rows: 210
09-05-18T19:07:34: Item Rows: 220
09-05-18T19:07:34: Item Rows: 230
09-05-18T19:07:35: Item Rows: 240
09-05-18T19:07:35: Item Rows: 250
09-05-18T19:07:36: Item Rows: 260
09-05-18T19:07:36: Item Rows: 270
09-05-18T19:07:36: Item Rows: 280
09-05-18T19:07:37: Item Rows: 290
09-05-18T19:07:37: Item Rows: 300
09-05-18T19:07:37: Item Rows: 310
09-05-18T19:07:38: Item Rows: 320
09-05-18T19:07:38: Item Rows: 330
09-05-18T19:07:38: Item Rows: 340
09-05-18T19:07:39: Item Rows: 350
09-05-18T19:07:39: Item Rows: 360
09-05-18T19:07:40: Item Rows: 370
09-05-18T19:07:40: Item Rows: 380
09-05-18T19:07:40: Item Rows: 390
09-05-18T19:07:41: Item Rows: 400
09-05-18T19:07:41: Item Rows: 410
09-05-18T19:07:42: Item Rows: 420
09-05-18T19:07:42: Item Rows: 430
09-05-18T19:07:42: Item Rows: 440
09-05-18T19:07:43: Item Rows: 450
09-05-18T19:07:43: Item Rows: 460
09-05-18T19:07:43: Item Rows: 470
09-05-18T19:07:44: Item Rows: 480
09-05-18T19:07:44: Item Rows: 490
09-05-18T19:07:45: Item Rows: 500
09-05-18T19:07:45: Item Rows: 510
09-05-18T19:07:45: Item Rows: 520
09-05-18T19:07:46: Item Rows: 530
09-05-18T19:07:46: Item Rows: 540
09-05-18T19:07:46: Item Rows: 550
09-05-18T19:07:47: Item Rows: 560
09-05-18T19:07:47: Item Rows: 570
09-05-18T19:07:47: Item Rows: 580
09-05-18T19:07:48: Item Rows: 590
09-05-18T19:07:48: Item Rows: 600
09-05-18T19:07:49: Item Rows: 610
09-05-18T19:07:49: Item Rows: 620
09-05-18T19:07:49: Item Rows: 630
09-05-18T19:07:50: Item Rows: 640
09-05-18T19:07:50: Item Rows: 650
09-05-18T19:07:50: Item Rows: 660
09-05-18T19:07:51: Item Rows: 670
09-05-18T19:07:51: Item Rows: 680
09-05-18T19:07:52: Item Rows: 690
09-05-18T19:07:52: Item Rows: 700
09-05-18T19:07:52: Item Rows: 710
09-05-18T19:07:53: Item Rows: 720
09-05-18T19:07:53: Item Rows: 730
09-05-18T19:07:53: Item Rows: 740
09-05-18T19:07:54: Item Rows: 750
09-05-18T19:07:54: Item Rows: 760
09-05-18T19:07:54: Item Rows: 770
09-05-18T19:07:55: Item Rows: 780
09-05-18T19:07:55: Item Rows: 790
09-05-18T19:07:55: Item Rows: 800
09-05-18T19:07:56: Item Rows: 810
09-05-18T19:07:56: Item Rows: 820
09-05-18T19:07:56: Item Rows: 830
09-05-18T19:07:57: Item Rows: 840
09-05-18T19:07:57: Item Rows: 850
09-05-18T19:07:57: Item Rows: 860
09-05-18T19:07:58: Item Rows: 870
09-05-18T19:07:58: Item Rows: 880
09-05-18T19:07:58: Item Rows: 890
09-05-18T19:07:59: Item Rows: 900
09-05-18T19:07:59: Item Rows: 910
09-05-18T19:08:00: Item Rows: 920
09-05-18T19:08:00: Item Rows: 930
09-05-18T19:08:00: Item Rows: 940
09-05-18T19:08:01: Item Rows: 950
09-05-18T19:08:01: Item Rows: 960
09-05-18T19:08:01: Item Rows: 970
09-05-18T19:08:02: Item Rows: 980
09-05-18T19:08:02: Item Rows: 990
09-05-18T19:08:02: Item Rows: 1000
09-05-18T19:08:03: Item Rows: 1010
09-05-18T19:08:03: Item Rows: 1020
09-05-18T19:08:03: Item Rows: 1030
09-05-18T19:08:03: Item Rows: 1040
09-05-18T19:08:04: Item Rows: 1050
09-05-18T19:08:04: Item Rows: 1060
09-05-18T19:08:05: Item Rows: 1070
09-05-18T19:08:05: Item Rows: 1080
09-05-18T19:08:05: Item Rows: 1090
09-05-18T19:08:06: Item Rows: 1100
09-05-18T19:08:06: Item Rows: 1110
09-05-18T19:08:06: Item Rows: 1120
09-05-18T19:08:07: Item Rows: 1130
09-05-18T19:08:07: Item Rows: 1140
09-05-18T19:08:07: Item Rows: 1150
09-05-18T19:08:08: Item Rows: 1160
09-05-18T19:08:08: Item Rows: 1170
09-05-18T19:08:08: Item Rows: 1180
09-05-18T19:08:08: Item Rows: 1190
09-05-18T19:08:09: Item Rows: 1200
09-05-18T19:08:09: Item Rows: 1210
09-05-18T19:08:10: Item Rows: 1220
09-05-18T19:08:10: Item Rows: 1230
09-05-18T19:08:10: Item Rows: 1240
09-05-18T19:08:11: Item Rows: 1250
09-05-18T19:08:11: Item Rows: 1260
09-05-18T19:08:11: Item Rows: 1270
09-05-18T19:08:12: Item Rows: 1280
09-05-18T19:08:12: Item Rows: 1290
09-05-18T19:08:12: Item Rows: 1300
09-05-18T19:08:13: Item Rows: 1310
09-05-18T19:08:13: Item Rows: 1320
09-05-18T19:08:13: Item Rows: 1330
09-05-18T19:08:14: Item Rows: 1340
09-05-18T19:08:14: Item Rows: 1350
09-05-18T19:08:14: Item Rows: 1360
09-05-18T19:08:15: Item Rows: 1370
09-05-18T19:08:15: Item Rows: 1380
09-05-18T19:08:15: Item Rows: 1390
09-05-18T19:08:16: Item Rows: 1400
09-05-18T19:08:16: Item Rows: 1410
09-05-18T19:08:16: Item Rows: 1420
09-05-18T19:08:16: Item Rows: 1430
09-05-18T19:08:17: Item Rows: 1440
09-05-18T19:08:17: Item Rows: 1450
09-05-18T19:08:17: Item Rows: 1460
09-05-18T19:08:18: Item Rows: 1470
09-05-18T19:08:18: Item Rows: 1480
09-05-18T19:08:19: Item Rows: 1490
09-05-18T19:08:19: Item Rows: 1500
09-05-18T19:08:20: Item Rows: 1510
09-05-18T19:08:20: Item Rows: 1520
09-05-18T19:08:20: Item Rows: 1530
09-05-18T19:08:21: Item Rows: 1540
09-05-18T19:08:21: Item Rows: 1550
09-05-18T19:08:21: Item Rows: 1560
09-05-18T19:08:22: Item Rows: 1570
09-05-18T19:08:22: Item Rows: 1580
09-05-18T19:08:22: Item Rows: 1590
09-05-18T19:08:23: Item Rows: 1600
09-05-18T19:08:23: Item Rows: 1610
09-05-18T19:08:23: Item Rows: 1620
09-05-18T19:08:24: Item Rows: 1630
09-05-18T19:08:24: Item Rows: 1640
09-05-18T19:08:25: Item Rows: 1650
09-05-18T19:08:25: Item Rows: 1660
09-05-18T19:08:25: Item Rows: 1670
09-05-18T19:08:25: Item Rows: 1680
09-05-18T19:08:26: Item Rows: 1690
09-05-18T19:08:26: Item Rows: 1700
09-05-18T19:08:26: Item Rows: 1710
09-05-18T19:08:27: Item Rows: 1720
09-05-18T19:08:27: Item Rows: 1730
09-05-18T19:08:27: Item Rows: 1740
09-05-18T19:08:28: Item Rows: 1750
09-05-18T19:08:28: Item Rows: 1760
09-05-18T19:08:29: Item Rows: 1770
09-05-18T19:08:29: Item Rows: 1780
09-05-18T19:08:29: Item Rows: 1790
09-05-18T19:08:30: Item Rows: 1800
09-05-18T19:08:30: Item Rows: 1810
09-05-18T19:08:30: Item Rows: 1820
09-05-18T19:08:31: Item Rows: 1830
09-05-18T19:08:31: Item Rows: 1840
09-05-18T19:08:31: Item Rows: 1850
09-05-18T19:08:32: Item Rows: 1860
09-05-18T19:08:32: Item Rows: 1870
09-05-18T19:08:32: Item Rows: 1880
09-05-18T19:08:33: Item Rows: 1890
09-05-18T19:08:33: Item Rows: 1900
09-05-18T19:08:33: Item Rows: 1910
09-05-18T19:08:34: Item Rows: 1920
09-05-18T19:08:34: Item Rows: 1930
09-05-18T19:08:34: Item Rows: 1940
09-05-18T19:08:35: Item Rows: 1950
09-05-18T19:08:35: Item Rows: 1960
09-05-18T19:08:35: Item Rows: 1970
09-05-18T19:08:36: Item Rows: 1980
09-05-18T19:08:36: Item Rows: 1990
09-05-18T19:08:36: Item Rows: 2000
09-05-18T19:08:37: Item Rows: 2010
09-05-18T19:08:37: Item Rows: 2020
09-05-18T19:08:37: Item Rows: 2030
09-05-18T19:08:38: Item Rows: 2040
09-05-18T19:08:38: Item Rows: 2050
09-05-18T19:08:38: Item Rows: 2060
09-05-18T19:08:39: Item Rows: 2070
09-05-18T19:08:39: Item Rows: 2080
09-05-18T19:08:39: Item Rows: 2090
09-05-18T19:08:40: Item Rows: 2100
09-05-18T19:08:40: Item Rows: 2110
09-05-18T19:08:41: Item Rows: 2120
09-05-18T19:08:41: Item Rows: 2130
09-05-18T19:08:41: Item Rows: 2140
09-05-18T19:08:42: Item Rows: 2150
09-05-18T19:08:42: Item Rows: 2160
09-05-18T19:08:42: Item Rows: 2170
09-05-18T19:08:43: Item Rows: 2180
09-05-18T19:08:43: Item Rows: 2190
09-05-18T19:08:43: Item Rows: 2200
09-05-18T19:08:44: Item Rows: 2210
09-05-18T19:08:44: Item Rows: 2220
09-05-18T19:08:44: Item Rows: 2230
09-05-18T19:08:45: Finished Department: 
09-05-18T19:08:45: Total Items: 2225
09-05-18T19:08:45: File created in working xls folder: Retail Item-Test.xlsx
09-05-18T19:08:45: Moving file Test.csv to Archive 
09-05-18T19:08:45: ...
09-05-18T19:08:45: End Log
