02-01-19T16:02:15: Start Log
02-01-19T16:02:15: Processing File: Retail Item-401 Beer & Wine_01.xlsx
02-01-19T16:02:17: Finished File: Retail Item-401 Beer & Wine_01.xlsx
02-01-19T16:02:17: File created in final csv folder: Retail Item-401 Beer & Wine_01.csv
02-01-19T16:02:17: ...
02-01-19T16:02:17: Processing File: Retail Item-501 Cigarettes_01.xlsx
02-01-19T16:02:21: Finished File: Retail Item-501 Cigarettes_01.xlsx
02-01-19T16:02:21: File created in final csv folder: Retail Item-501 Cigarettes_01.csv
02-01-19T16:02:21: ...
02-01-19T16:02:21: Processing File: Retail Item-501 Cigarettes_02.xlsx
02-01-19T16:02:26: Finished File: Retail Item-501 Cigarettes_02.xlsx
02-01-19T16:02:26: File created in final csv folder: Retail Item-501 Cigarettes_02.csv
02-01-19T16:02:26: ...
02-01-19T16:02:26: Processing File: Retail Item-501 Cigarettes_03.xlsx
02-01-19T16:02:30: Finished File: Retail Item-501 Cigarettes_03.xlsx
02-01-19T16:02:30: File created in final csv folder: Retail Item-501 Cigarettes_03.csv
02-01-19T16:02:31: ...
02-01-19T16:02:31: Processing File: Retail Item-511 Tourney_01.xlsx
02-01-19T16:02:35: Finished File: Retail Item-511 Tourney_01.xlsx
02-01-19T16:02:35: File created in final csv folder: Retail Item-511 Tourney_01.csv
02-01-19T16:02:35: ...
02-01-19T16:02:35: Processing File: Retail Item-601 General Merchan_01.xlsx
02-01-19T16:02:40: Finished File: Retail Item-601 General Merchan_01.xlsx
02-01-19T16:02:40: File created in final csv folder: Retail Item-601 General Merchan_01.csv
02-01-19T16:02:40: ...
02-01-19T16:02:40: Processing File: Retail Item-601 General Merchan_02.xlsx
02-01-19T16:02:44: Finished File: Retail Item-601 General Merchan_02.xlsx
02-01-19T16:02:44: File created in final csv folder: Retail Item-601 General Merchan_02.csv
02-01-19T16:02:44: ...
02-01-19T16:02:45: Processing File: Retail Item-601 General Merchan_03.xlsx
02-01-19T16:02:49: Finished File: Retail Item-601 General Merchan_03.xlsx
02-01-19T16:02:49: File created in final csv folder: Retail Item-601 General Merchan_03.csv
02-01-19T16:02:49: ...
02-01-19T16:02:49: Processing File: Retail Item-601 General Merchan_04.xlsx
02-01-19T16:02:54: Finished File: Retail Item-601 General Merchan_04.xlsx
02-01-19T16:02:54: File created in final csv folder: Retail Item-601 General Merchan_04.csv
02-01-19T16:02:54: ...
02-01-19T16:02:54: Processing File: Retail Item-601 General Merchan_05.xlsx
02-01-19T16:02:59: Finished File: Retail Item-601 General Merchan_05.xlsx
02-01-19T16:02:59: File created in final csv folder: Retail Item-601 General Merchan_05.csv
02-01-19T16:02:59: ...
02-01-19T16:02:59: Processing File: Retail Item-601 General Merchan_06.xlsx
02-01-19T16:03:04: Finished File: Retail Item-601 General Merchan_06.xlsx
02-01-19T16:03:04: File created in final csv folder: Retail Item-601 General Merchan_06.csv
02-01-19T16:03:05: ...
02-01-19T16:03:05: Processing File: Retail Item-601 General Merchan_07.xlsx
02-01-19T16:03:09: Finished File: Retail Item-601 General Merchan_07.xlsx
02-01-19T16:03:09: File created in final csv folder: Retail Item-601 General Merchan_07.csv
02-01-19T16:03:09: ...
02-01-19T16:03:09: Processing File: Retail Item-601 General Merchan_08.xlsx
02-01-19T16:03:14: Finished File: Retail Item-601 General Merchan_08.xlsx
02-01-19T16:03:14: File created in final csv folder: Retail Item-601 General Merchan_08.csv
02-01-19T16:03:14: ...
02-01-19T16:03:15: Processing File: Retail Item-601 General Merchan_09.xlsx
02-01-19T16:03:19: Finished File: Retail Item-601 General Merchan_09.xlsx
02-01-19T16:03:19: File created in final csv folder: Retail Item-601 General Merchan_09.csv
02-01-19T16:03:19: ...
02-01-19T16:03:19: Processing File: Retail Item-601 General Merchan_10.xlsx
02-01-19T16:03:23: Finished File: Retail Item-601 General Merchan_10.xlsx
02-01-19T16:03:24: File created in final csv folder: Retail Item-601 General Merchan_10.csv
02-01-19T16:03:24: ...
02-01-19T16:03:24: Processing File: Retail Item-601 General Merchan_11.xlsx
02-01-19T16:03:30: Finished File: Retail Item-601 General Merchan_11.xlsx
02-01-19T16:03:30: File created in final csv folder: Retail Item-601 General Merchan_11.csv
02-01-19T16:03:30: ...
02-01-19T16:03:30: Processing File: Retail Item-601 General Merchan_12.xlsx
02-01-19T16:03:35: Finished File: Retail Item-601 General Merchan_12.xlsx
02-01-19T16:03:35: File created in final csv folder: Retail Item-601 General Merchan_12.csv
02-01-19T16:03:35: ...
02-01-19T16:03:35: Processing File: Retail Item-601 General Merchan_13.xlsx
02-01-19T16:03:40: Finished File: Retail Item-601 General Merchan_13.xlsx
02-01-19T16:03:40: File created in final csv folder: Retail Item-601 General Merchan_13.csv
02-01-19T16:03:40: ...
02-01-19T16:03:40: Processing File: Retail Item-601 General Merchan_14.xlsx
02-01-19T16:03:45: Finished File: Retail Item-601 General Merchan_14.xlsx
02-01-19T16:03:45: File created in final csv folder: Retail Item-601 General Merchan_14.csv
02-01-19T16:03:45: ...
02-01-19T16:03:45: Processing File: Retail Item-601 General Merchan_15.xlsx
02-01-19T16:03:50: Finished File: Retail Item-601 General Merchan_15.xlsx
02-01-19T16:03:50: File created in final csv folder: Retail Item-601 General Merchan_15.csv
02-01-19T16:03:50: ...
02-01-19T16:03:50: Processing File: Retail Item-601 General Merchan_16.xlsx
02-01-19T16:03:55: Finished File: Retail Item-601 General Merchan_16.xlsx
02-01-19T16:03:55: File created in final csv folder: Retail Item-601 General Merchan_16.csv
02-01-19T16:03:55: ...
02-01-19T16:03:55: Processing File: Retail Item-601 General Merchan_17.xlsx
02-01-19T16:04:00: Finished File: Retail Item-601 General Merchan_17.xlsx
02-01-19T16:04:00: File created in final csv folder: Retail Item-601 General Merchan_17.csv
02-01-19T16:04:00: ...
02-01-19T16:04:00: Processing File: Retail Item-601 General Merchan_18.xlsx
02-01-19T16:04:05: Finished File: Retail Item-601 General Merchan_18.xlsx
02-01-19T16:04:05: File created in final csv folder: Retail Item-601 General Merchan_18.csv
02-01-19T16:04:05: ...
02-01-19T16:04:05: Processing File: Retail Item-601 General Merchan_19.xlsx
02-01-19T16:04:09: Finished File: Retail Item-601 General Merchan_19.xlsx
02-01-19T16:04:09: File created in final csv folder: Retail Item-601 General Merchan_19.csv
02-01-19T16:04:09: ...
02-01-19T16:04:09: Processing File: Retail Item-601 General Merchan_20.xlsx
02-01-19T16:04:14: Finished File: Retail Item-601 General Merchan_20.xlsx
02-01-19T16:04:14: File created in final csv folder: Retail Item-601 General Merchan_20.csv
02-01-19T16:04:14: ...
02-01-19T16:04:14: Processing File: Retail Item-601 General Merchan_21.xlsx
02-01-19T16:04:21: Finished File: Retail Item-601 General Merchan_21.xlsx
02-01-19T16:04:21: File created in final csv folder: Retail Item-601 General Merchan_21.csv
02-01-19T16:04:21: ...
02-01-19T16:04:21: Processing File: Retail Item-601 General Merchan_22.xlsx
02-01-19T16:04:27: Finished File: Retail Item-601 General Merchan_22.xlsx
02-01-19T16:04:27: File created in final csv folder: Retail Item-601 General Merchan_22.csv
02-01-19T16:04:27: ...
02-01-19T16:04:27: Processing File: Retail Item-601 General Merchan_23.xlsx
02-01-19T16:04:32: Finished File: Retail Item-601 General Merchan_23.xlsx
02-01-19T16:04:32: File created in final csv folder: Retail Item-601 General Merchan_23.csv
02-01-19T16:04:32: ...
02-01-19T16:04:32: Processing File: Retail Item-601 General Merchan_24.xlsx
02-01-19T16:04:37: Finished File: Retail Item-601 General Merchan_24.xlsx
02-01-19T16:04:37: File created in final csv folder: Retail Item-601 General Merchan_24.csv
02-01-19T16:04:37: ...
02-01-19T16:04:37: Processing File: Retail Item-601 General Merchan_25.xlsx
02-01-19T16:04:42: Finished File: Retail Item-601 General Merchan_25.xlsx
02-01-19T16:04:43: File created in final csv folder: Retail Item-601 General Merchan_25.csv
02-01-19T16:04:43: ...
02-01-19T16:04:43: Processing File: Retail Item-601 General Merchan_26.xlsx
02-01-19T16:04:47: Finished File: Retail Item-601 General Merchan_26.xlsx
02-01-19T16:04:47: File created in final csv folder: Retail Item-601 General Merchan_26.csv
02-01-19T16:04:47: ...
02-01-19T16:04:47: Processing File: Retail Item-601 General Merchan_27.xlsx
02-01-19T16:04:52: Finished File: Retail Item-601 General Merchan_27.xlsx
02-01-19T16:04:52: File created in final csv folder: Retail Item-601 General Merchan_27.csv
02-01-19T16:04:52: ...
02-01-19T16:04:52: Processing File: Retail Item-601 General Merchan_28.xlsx
02-01-19T16:04:57: Finished File: Retail Item-601 General Merchan_28.xlsx
02-01-19T16:04:57: File created in final csv folder: Retail Item-601 General Merchan_28.csv
02-01-19T16:04:57: ...
02-01-19T16:04:57: Processing File: Retail Item-601 General Merchan_29.xlsx
02-01-19T16:05:03: Finished File: Retail Item-601 General Merchan_29.xlsx
02-01-19T16:05:03: File created in final csv folder: Retail Item-601 General Merchan_29.csv
02-01-19T16:05:03: ...
02-01-19T16:05:03: Processing File: Retail Item-601 General Merchan_30.xlsx
02-01-19T16:05:08: Finished File: Retail Item-601 General Merchan_30.xlsx
02-01-19T16:05:08: File created in final csv folder: Retail Item-601 General Merchan_30.csv
02-01-19T16:05:08: ...
02-01-19T16:05:08: Processing File: Retail Item-601 General Merchan_31.xlsx
02-01-19T16:05:13: Finished File: Retail Item-601 General Merchan_31.xlsx
02-01-19T16:05:13: File created in final csv folder: Retail Item-601 General Merchan_31.csv
02-01-19T16:05:13: ...
02-01-19T16:05:13: Processing File: Retail Item-601 General Merchan_32.xlsx
02-01-19T16:05:17: Finished File: Retail Item-601 General Merchan_32.xlsx
02-01-19T16:05:18: File created in final csv folder: Retail Item-601 General Merchan_32.csv
02-01-19T16:05:18: ...
02-01-19T16:05:18: Processing File: Retail Item-601 General Merchan_33.xlsx
02-01-19T16:05:22: Finished File: Retail Item-601 General Merchan_33.xlsx
02-01-19T16:05:22: File created in final csv folder: Retail Item-601 General Merchan_33.csv
02-01-19T16:05:22: ...
02-01-19T16:05:22: Processing File: Retail Item-601 General Merchan_34.xlsx
02-01-19T16:05:27: Finished File: Retail Item-601 General Merchan_34.xlsx
02-01-19T16:05:27: File created in final csv folder: Retail Item-601 General Merchan_34.csv
02-01-19T16:05:27: ...
02-01-19T16:05:27: Processing File: Retail Item-601 General Merchan_35.xlsx
02-01-19T16:05:31: Finished File: Retail Item-601 General Merchan_35.xlsx
02-01-19T16:05:31: File created in final csv folder: Retail Item-601 General Merchan_35.csv
02-01-19T16:05:31: ...
02-01-19T16:05:32: Processing File: Retail Item-601 General Merchan_36.xlsx
02-01-19T16:05:36: Finished File: Retail Item-601 General Merchan_36.xlsx
02-01-19T16:05:36: File created in final csv folder: Retail Item-601 General Merchan_36.csv
02-01-19T16:05:36: ...
02-01-19T16:05:36: Processing File: Retail Item-703 Sony MGM_01.xlsx
02-01-19T16:05:41: Finished File: Retail Item-703 Sony MGM_01.xlsx
02-01-19T16:05:41: File created in final csv folder: Retail Item-703 Sony MGM_01.csv
02-01-19T16:05:41: ...
02-01-19T16:05:41: Processing File: Retail Item-704 Incomm Prepaid Cards_01.xlsx
02-01-19T16:05:45: Finished File: Retail Item-704 Incomm Prepaid Cards_01.xlsx
02-01-19T16:05:45: File created in final csv folder: Retail Item-704 Incomm Prepaid Cards_01.csv
02-01-19T16:05:45: ...
02-01-19T16:05:45: Processing File: Retail Item-705 Netspend_01.xlsx
02-01-19T16:05:51: Finished File: Retail Item-705 Netspend_01.xlsx
02-01-19T16:05:51: File created in final csv folder: Retail Item-705 Netspend_01.csv
02-01-19T16:05:51: ...
02-01-19T16:05:51: Processing File: Retail Item-706 Consignment - Gen Mdse_01.xlsx
02-01-19T16:05:56: Finished File: Retail Item-706 Consignment - Gen Mdse_01.xlsx
02-01-19T16:05:56: File created in final csv folder: Retail Item-706 Consignment - Gen Mdse_01.csv
02-01-19T16:05:56: ...
02-01-19T16:05:56: Processing File: Retail Item-706 Consignment - Gen Mdse_02.xlsx
02-01-19T16:06:01: Finished File: Retail Item-706 Consignment - Gen Mdse_02.xlsx
02-01-19T16:06:01: File created in final csv folder: Retail Item-706 Consignment - Gen Mdse_02.csv
02-01-19T16:06:01: ...
02-01-19T16:06:01: Processing File: Retail Item-706 Consignment - Gen Mdse_03.xlsx
02-01-19T16:06:06: Finished File: Retail Item-706 Consignment - Gen Mdse_03.xlsx
02-01-19T16:06:06: File created in final csv folder: Retail Item-706 Consignment - Gen Mdse_03.csv
02-01-19T16:06:06: ...
02-01-19T16:06:06: Processing File: Retail Item-706 Consignment - Gen Mdse_04.xlsx
02-01-19T16:06:11: Finished File: Retail Item-706 Consignment - Gen Mdse_04.xlsx
02-01-19T16:06:11: File created in final csv folder: Retail Item-706 Consignment - Gen Mdse_04.csv
02-01-19T16:06:11: ...
02-01-19T16:06:11: Processing File: Retail Item-706 Consignment - Gen Mdse_05.xlsx
02-01-19T16:06:16: Finished File: Retail Item-706 Consignment - Gen Mdse_05.xlsx
02-01-19T16:06:16: File created in final csv folder: Retail Item-706 Consignment - Gen Mdse_05.csv
02-01-19T16:06:16: ...
02-01-19T16:06:16: Processing File: Retail Item-706 Consignment - Gen Mdse_06.xlsx
02-01-19T16:06:21: Finished File: Retail Item-706 Consignment - Gen Mdse_06.xlsx
02-01-19T16:06:21: File created in final csv folder: Retail Item-706 Consignment - Gen Mdse_06.csv
02-01-19T16:06:21: ...
02-01-19T16:06:21: Processing File: Retail Item-707 Consignment - Foodservice_01.xlsx
02-01-19T16:06:26: Finished File: Retail Item-707 Consignment - Foodservice_01.xlsx
02-01-19T16:06:26: File created in final csv folder: Retail Item-707 Consignment - Foodservice_01.csv
02-01-19T16:06:26: ...
02-01-19T16:06:26: Processing File: Retail Item-800 Miscellanous Sales_01.xlsx
02-01-19T16:06:30: Finished File: Retail Item-800 Miscellanous Sales_01.xlsx
02-01-19T16:06:30: File created in final csv folder: Retail Item-800 Miscellanous Sales_01.csv
02-01-19T16:06:30: ...
02-01-19T16:06:30: Processing File: Retail Item-901 Soft Drinks_01.xlsx
02-01-19T16:06:34: Finished File: Retail Item-901 Soft Drinks_01.xlsx
02-01-19T16:06:34: File created in final csv folder: Retail Item-901 Soft Drinks_01.csv
02-01-19T16:06:34: ...
02-01-19T16:06:34: Processing File: Retail Item-901 Soft Drinks_02.xlsx
02-01-19T16:06:39: Finished File: Retail Item-901 Soft Drinks_02.xlsx
02-01-19T16:06:39: File created in final csv folder: Retail Item-901 Soft Drinks_02.csv
02-01-19T16:06:39: ...
02-01-19T16:06:39: Processing File: Retail Item-901 Soft Drinks_03.xlsx
02-01-19T16:06:44: Finished File: Retail Item-901 Soft Drinks_03.xlsx
02-01-19T16:06:44: File created in final csv folder: Retail Item-901 Soft Drinks_03.csv
02-01-19T16:06:44: ...
02-01-19T16:06:44: Processing File: Retail Item-952 Containers_01.xlsx
02-01-19T16:06:48: Finished File: Retail Item-952 Containers_01.xlsx
02-01-19T16:06:48: File created in final csv folder: Retail Item-952 Containers_01.csv
02-01-19T16:06:48: ...
02-01-19T16:06:48: Processing File: Retail Item-PGA Prepaid Card-Activate_01.xlsx
02-01-19T16:06:53: Finished File: Retail Item-PGA Prepaid Card-Activate_01.xlsx
02-01-19T16:06:53: File created in final csv folder: Retail Item-PGA Prepaid Card-Activate_01.csv
02-01-19T16:06:53: ...
02-01-19T16:06:53: Processing File: Retail Item-T5 Post Office_01.xlsx
02-01-19T16:06:57: Finished File: Retail Item-T5 Post Office_01.xlsx
02-01-19T16:06:57: File created in final csv folder: Retail Item-T5 Post Office_01.csv
02-01-19T16:06:57: ...
02-01-19T16:06:58: Processing File: Retail Item-TRU Truth MC New_01.xlsx
02-01-19T16:07:02: Finished File: Retail Item-TRU Truth MC New_01.xlsx
02-01-19T16:07:02: File created in final csv folder: Retail Item-TRU Truth MC New_01.csv
02-01-19T16:07:02: ...
02-01-19T16:07:02: End Log
