02-02-19T16:55:03: Start Log
02-02-19T16:55:04: Processing File: Retail Item-401 Beer & Wine_01.xlsx
02-02-19T16:55:07: Finished File: Retail Item-401 Beer & Wine_01.xlsx
02-02-19T16:55:07: File created in final csv folder: Retail Item-401 Beer & Wine_01.csv
02-02-19T16:55:07: ...
02-02-19T16:55:07: Processing File: Retail Item-501 Cigarettes_01.xlsx
02-02-19T16:55:13: Finished File: Retail Item-501 Cigarettes_01.xlsx
02-02-19T16:55:13: File created in final csv folder: Retail Item-501 Cigarettes_01.csv
02-02-19T16:55:13: ...
02-02-19T16:55:13: Processing File: Retail Item-501 Cigarettes_02.xlsx
02-02-19T16:55:20: Finished File: Retail Item-501 Cigarettes_02.xlsx
02-02-19T16:55:20: File created in final csv folder: Retail Item-501 Cigarettes_02.csv
02-02-19T16:55:20: ...
02-02-19T16:55:20: Processing File: Retail Item-501 Cigarettes_03.xlsx
02-02-19T16:55:28: Finished File: Retail Item-501 Cigarettes_03.xlsx
02-02-19T16:55:28: File created in final csv folder: Retail Item-501 Cigarettes_03.csv
02-02-19T16:55:29: ...
02-02-19T16:55:29: Processing File: Retail Item-511 Tourney_01.xlsx
02-02-19T16:55:35: Finished File: Retail Item-511 Tourney_01.xlsx
02-02-19T16:55:35: File created in final csv folder: Retail Item-511 Tourney_01.csv
02-02-19T16:55:35: ...
02-02-19T16:55:36: Processing File: Retail Item-601 General Merchan_01.xlsx
02-02-19T16:55:41: Finished File: Retail Item-601 General Merchan_01.xlsx
02-02-19T16:55:41: File created in final csv folder: Retail Item-601 General Merchan_01.csv
02-02-19T16:55:42: ...
02-02-19T16:55:42: Processing File: Retail Item-601 General Merchan_02.xlsx
02-02-19T16:55:48: Finished File: Retail Item-601 General Merchan_02.xlsx
02-02-19T16:55:48: File created in final csv folder: Retail Item-601 General Merchan_02.csv
02-02-19T16:55:48: ...
02-02-19T16:55:49: Processing File: Retail Item-601 General Merchan_03.xlsx
02-02-19T16:56:01: Finished File: Retail Item-601 General Merchan_03.xlsx
02-02-19T16:56:01: File created in final csv folder: Retail Item-601 General Merchan_03.csv
02-02-19T16:56:02: ...
02-02-19T16:56:02: Processing File: Retail Item-601 General Merchan_04.xlsx
02-02-19T16:56:13: Finished File: Retail Item-601 General Merchan_04.xlsx
02-02-19T16:56:13: File created in final csv folder: Retail Item-601 General Merchan_04.csv
02-02-19T16:56:14: ...
02-02-19T16:56:14: Processing File: Retail Item-601 General Merchan_05.xlsx
02-02-19T16:56:20: Finished File: Retail Item-601 General Merchan_05.xlsx
02-02-19T16:56:20: File created in final csv folder: Retail Item-601 General Merchan_05.csv
02-02-19T16:56:20: ...
02-02-19T16:56:20: Processing File: Retail Item-601 General Merchan_06.xlsx
02-02-19T16:56:26: Finished File: Retail Item-601 General Merchan_06.xlsx
02-02-19T16:56:26: File created in final csv folder: Retail Item-601 General Merchan_06.csv
02-02-19T16:56:26: ...
02-02-19T16:56:26: Processing File: Retail Item-601 General Merchan_07.xlsx
02-02-19T16:56:31: Finished File: Retail Item-601 General Merchan_07.xlsx
02-02-19T16:56:31: File created in final csv folder: Retail Item-601 General Merchan_07.csv
02-02-19T16:56:31: ...
02-02-19T16:56:31: Processing File: Retail Item-601 General Merchan_08.xlsx
02-02-19T16:56:37: Finished File: Retail Item-601 General Merchan_08.xlsx
02-02-19T16:56:37: File created in final csv folder: Retail Item-601 General Merchan_08.csv
02-02-19T16:56:37: ...
02-02-19T16:56:37: Processing File: Retail Item-601 General Merchan_09.xlsx
02-02-19T16:56:43: Finished File: Retail Item-601 General Merchan_09.xlsx
02-02-19T16:56:43: File created in final csv folder: Retail Item-601 General Merchan_09.csv
02-02-19T16:56:44: ...
02-02-19T16:56:44: Processing File: Retail Item-601 General Merchan_10.xlsx
02-02-19T16:56:50: Finished File: Retail Item-601 General Merchan_10.xlsx
02-02-19T16:56:50: File created in final csv folder: Retail Item-601 General Merchan_10.csv
02-02-19T16:56:50: ...
02-02-19T16:56:50: Processing File: Retail Item-601 General Merchan_11.xlsx
02-02-19T16:56:59: Finished File: Retail Item-601 General Merchan_11.xlsx
02-02-19T16:56:59: File created in final csv folder: Retail Item-601 General Merchan_11.csv
02-02-19T16:56:59: ...
02-02-19T16:56:59: Processing File: Retail Item-601 General Merchan_12.xlsx
02-02-19T16:57:05: Finished File: Retail Item-601 General Merchan_12.xlsx
02-02-19T16:57:06: File created in final csv folder: Retail Item-601 General Merchan_12.csv
02-02-19T16:57:06: ...
02-02-19T16:57:06: Processing File: Retail Item-601 General Merchan_13.xlsx
02-02-19T16:57:17: Finished File: Retail Item-601 General Merchan_13.xlsx
02-02-19T16:57:17: File created in final csv folder: Retail Item-601 General Merchan_13.csv
02-02-19T16:57:17: ...
02-02-19T16:57:17: Processing File: Retail Item-601 General Merchan_14.xlsx
02-02-19T16:57:26: Finished File: Retail Item-601 General Merchan_14.xlsx
02-02-19T16:57:26: File created in final csv folder: Retail Item-601 General Merchan_14.csv
02-02-19T16:57:27: ...
02-02-19T16:57:27: Processing File: Retail Item-601 General Merchan_15.xlsx
02-02-19T16:57:36: Finished File: Retail Item-601 General Merchan_15.xlsx
02-02-19T16:57:36: File created in final csv folder: Retail Item-601 General Merchan_15.csv
02-02-19T16:57:36: ...
02-02-19T16:57:36: Processing File: Retail Item-601 General Merchan_16.xlsx
02-02-19T16:57:42: Finished File: Retail Item-601 General Merchan_16.xlsx
02-02-19T16:57:42: File created in final csv folder: Retail Item-601 General Merchan_16.csv
02-02-19T16:57:42: ...
02-02-19T16:57:42: Processing File: Retail Item-601 General Merchan_17.xlsx
02-02-19T16:57:48: Finished File: Retail Item-601 General Merchan_17.xlsx
02-02-19T16:57:49: File created in final csv folder: Retail Item-601 General Merchan_17.csv
02-02-19T16:57:49: ...
02-02-19T16:57:49: Processing File: Retail Item-601 General Merchan_18.xlsx
02-02-19T16:57:57: Finished File: Retail Item-601 General Merchan_18.xlsx
02-02-19T16:57:57: File created in final csv folder: Retail Item-601 General Merchan_18.csv
02-02-19T16:57:57: ...
02-02-19T16:57:57: Processing File: Retail Item-601 General Merchan_19.xlsx
02-02-19T16:58:06: Finished File: Retail Item-601 General Merchan_19.xlsx
02-02-19T16:58:06: File created in final csv folder: Retail Item-601 General Merchan_19.csv
02-02-19T16:58:07: ...
02-02-19T16:58:07: Processing File: Retail Item-601 General Merchan_20.xlsx
02-02-19T16:58:16: Finished File: Retail Item-601 General Merchan_20.xlsx
02-02-19T16:58:16: File created in final csv folder: Retail Item-601 General Merchan_20.csv
02-02-19T16:58:16: ...
02-02-19T16:58:16: Processing File: Retail Item-601 General Merchan_21.xlsx
02-02-19T16:58:22: Finished File: Retail Item-601 General Merchan_21.xlsx
02-02-19T16:58:22: File created in final csv folder: Retail Item-601 General Merchan_21.csv
02-02-19T16:58:22: ...
02-02-19T16:58:22: Processing File: Retail Item-601 General Merchan_22.xlsx
02-02-19T16:58:29: Finished File: Retail Item-601 General Merchan_22.xlsx
02-02-19T16:58:29: File created in final csv folder: Retail Item-601 General Merchan_22.csv
02-02-19T16:58:29: ...
02-02-19T16:58:29: Processing File: Retail Item-601 General Merchan_23.xlsx
02-02-19T16:58:35: Finished File: Retail Item-601 General Merchan_23.xlsx
02-02-19T16:58:35: File created in final csv folder: Retail Item-601 General Merchan_23.csv
02-02-19T16:58:36: ...
02-02-19T16:58:36: Processing File: Retail Item-601 General Merchan_24.xlsx
02-02-19T16:58:42: Finished File: Retail Item-601 General Merchan_24.xlsx
02-02-19T16:58:42: File created in final csv folder: Retail Item-601 General Merchan_24.csv
02-02-19T16:58:43: ...
02-02-19T16:58:43: Processing File: Retail Item-601 General Merchan_25.xlsx
02-02-19T16:58:49: Finished File: Retail Item-601 General Merchan_25.xlsx
02-02-19T16:58:49: File created in final csv folder: Retail Item-601 General Merchan_25.csv
02-02-19T16:58:49: ...
02-02-19T16:58:49: Processing File: Retail Item-601 General Merchan_26.xlsx
02-02-19T16:58:55: Finished File: Retail Item-601 General Merchan_26.xlsx
02-02-19T16:58:55: File created in final csv folder: Retail Item-601 General Merchan_26.csv
02-02-19T16:58:55: ...
02-02-19T16:58:55: Processing File: Retail Item-601 General Merchan_27.xlsx
02-02-19T16:59:01: Finished File: Retail Item-601 General Merchan_27.xlsx
02-02-19T16:59:01: File created in final csv folder: Retail Item-601 General Merchan_27.csv
02-02-19T16:59:01: ...
02-02-19T16:59:01: Processing File: Retail Item-601 General Merchan_28.xlsx
02-02-19T16:59:06: Finished File: Retail Item-601 General Merchan_28.xlsx
02-02-19T16:59:06: File created in final csv folder: Retail Item-601 General Merchan_28.csv
02-02-19T16:59:06: ...
02-02-19T16:59:07: Processing File: Retail Item-601 General Merchan_29.xlsx
02-02-19T16:59:14: Finished File: Retail Item-601 General Merchan_29.xlsx
02-02-19T16:59:14: File created in final csv folder: Retail Item-601 General Merchan_29.csv
02-02-19T16:59:15: ...
02-02-19T16:59:15: Processing File: Retail Item-601 General Merchan_30.xlsx
02-02-19T16:59:23: Finished File: Retail Item-601 General Merchan_30.xlsx
02-02-19T16:59:23: File created in final csv folder: Retail Item-601 General Merchan_30.csv
02-02-19T16:59:24: ...
02-02-19T16:59:24: Processing File: Retail Item-601 General Merchan_31.xlsx
02-02-19T16:59:34: Finished File: Retail Item-601 General Merchan_31.xlsx
02-02-19T16:59:34: File created in final csv folder: Retail Item-601 General Merchan_31.csv
02-02-19T16:59:34: ...
02-02-19T16:59:34: Processing File: Retail Item-601 General Merchan_32.xlsx
02-02-19T16:59:41: Finished File: Retail Item-601 General Merchan_32.xlsx
02-02-19T16:59:41: File created in final csv folder: Retail Item-601 General Merchan_32.csv
02-02-19T16:59:41: ...
02-02-19T16:59:42: Processing File: Retail Item-601 General Merchan_33.xlsx
02-02-19T16:59:47: Finished File: Retail Item-601 General Merchan_33.xlsx
02-02-19T16:59:47: File created in final csv folder: Retail Item-601 General Merchan_33.csv
02-02-19T16:59:47: ...
02-02-19T16:59:48: Processing File: Retail Item-601 General Merchan_34.xlsx
02-02-19T16:59:56: Finished File: Retail Item-601 General Merchan_34.xlsx
02-02-19T16:59:57: File created in final csv folder: Retail Item-601 General Merchan_34.csv
02-02-19T16:59:58: ...
02-02-19T16:59:58: Processing File: Retail Item-601 General Merchan_35.xlsx
02-02-19T17:00:05: Finished File: Retail Item-601 General Merchan_35.xlsx
02-02-19T17:00:05: File created in final csv folder: Retail Item-601 General Merchan_35.csv
02-02-19T17:00:05: ...
02-02-19T17:00:05: Processing File: Retail Item-601 General Merchan_36.xlsx
02-02-19T17:00:13: Finished File: Retail Item-601 General Merchan_36.xlsx
02-02-19T17:00:13: File created in final csv folder: Retail Item-601 General Merchan_36.csv
02-02-19T17:00:13: ...
02-02-19T17:00:14: Processing File: Retail Item-703 Sony MGM_01.xlsx
02-02-19T17:00:20: Finished File: Retail Item-703 Sony MGM_01.xlsx
02-02-19T17:00:20: File created in final csv folder: Retail Item-703 Sony MGM_01.csv
02-02-19T17:00:20: ...
02-02-19T17:00:20: Processing File: Retail Item-704 Incomm Prepaid Cards_01.xlsx
02-02-19T17:00:27: Finished File: Retail Item-704 Incomm Prepaid Cards_01.xlsx
02-02-19T17:00:27: File created in final csv folder: Retail Item-704 Incomm Prepaid Cards_01.csv
02-02-19T17:00:27: ...
02-02-19T17:00:27: Processing File: Retail Item-705 Netspend_01.xlsx
02-02-19T17:00:32: Finished File: Retail Item-705 Netspend_01.xlsx
02-02-19T17:00:32: File created in final csv folder: Retail Item-705 Netspend_01.csv
02-02-19T17:00:33: ...
02-02-19T17:00:33: Processing File: Retail Item-706 Consignment - Gen Mdse_01.xlsx
02-02-19T17:00:39: Finished File: Retail Item-706 Consignment - Gen Mdse_01.xlsx
02-02-19T17:00:39: File created in final csv folder: Retail Item-706 Consignment - Gen Mdse_01.csv
02-02-19T17:00:39: ...
02-02-19T17:00:39: Processing File: Retail Item-706 Consignment - Gen Mdse_02.xlsx
02-02-19T17:00:45: Finished File: Retail Item-706 Consignment - Gen Mdse_02.xlsx
02-02-19T17:00:45: File created in final csv folder: Retail Item-706 Consignment - Gen Mdse_02.csv
02-02-19T17:00:46: ...
02-02-19T17:00:46: Processing File: Retail Item-706 Consignment - Gen Mdse_03.xlsx
02-02-19T17:00:51: Finished File: Retail Item-706 Consignment - Gen Mdse_03.xlsx
02-02-19T17:00:51: File created in final csv folder: Retail Item-706 Consignment - Gen Mdse_03.csv
02-02-19T17:00:51: ...
02-02-19T17:00:51: Processing File: Retail Item-706 Consignment - Gen Mdse_04.xlsx
02-02-19T17:00:58: Finished File: Retail Item-706 Consignment - Gen Mdse_04.xlsx
02-02-19T17:00:58: File created in final csv folder: Retail Item-706 Consignment - Gen Mdse_04.csv
02-02-19T17:00:58: ...
02-02-19T17:00:58: Processing File: Retail Item-706 Consignment - Gen Mdse_05.xlsx
02-02-19T17:01:03: Finished File: Retail Item-706 Consignment - Gen Mdse_05.xlsx
02-02-19T17:01:03: File created in final csv folder: Retail Item-706 Consignment - Gen Mdse_05.csv
02-02-19T17:01:03: ...
02-02-19T17:01:03: Processing File: Retail Item-706 Consignment - Gen Mdse_06.xlsx
02-02-19T17:01:10: Finished File: Retail Item-706 Consignment - Gen Mdse_06.xlsx
02-02-19T17:01:10: File created in final csv folder: Retail Item-706 Consignment - Gen Mdse_06.csv
02-02-19T17:01:10: ...
02-02-19T17:01:10: Processing File: Retail Item-707 Consignment - Foodservice_01.xlsx
02-02-19T17:01:17: Finished File: Retail Item-707 Consignment - Foodservice_01.xlsx
02-02-19T17:01:17: File created in final csv folder: Retail Item-707 Consignment - Foodservice_01.csv
02-02-19T17:01:17: ...
02-02-19T17:01:18: Processing File: Retail Item-800 Miscellanous Sales_01.xlsx
02-02-19T17:01:26: Finished File: Retail Item-800 Miscellanous Sales_01.xlsx
02-02-19T17:01:26: File created in final csv folder: Retail Item-800 Miscellanous Sales_01.csv
02-02-19T17:01:26: ...
02-02-19T17:01:26: Processing File: Retail Item-901 Soft Drinks_01.xlsx
02-02-19T17:01:33: Finished File: Retail Item-901 Soft Drinks_01.xlsx
02-02-19T17:01:34: File created in final csv folder: Retail Item-901 Soft Drinks_01.csv
02-02-19T17:01:34: ...
02-02-19T17:01:35: Processing File: Retail Item-901 Soft Drinks_02.xlsx
02-02-19T17:01:40: Finished File: Retail Item-901 Soft Drinks_02.xlsx
02-02-19T17:01:40: File created in final csv folder: Retail Item-901 Soft Drinks_02.csv
02-02-19T17:01:40: ...
02-02-19T17:01:40: Processing File: Retail Item-901 Soft Drinks_03.xlsx
02-02-19T17:01:46: Finished File: Retail Item-901 Soft Drinks_03.xlsx
02-02-19T17:01:46: File created in final csv folder: Retail Item-901 Soft Drinks_03.csv
02-02-19T17:01:46: ...
02-02-19T17:01:46: Processing File: Retail Item-952 Containers_01.xlsx
02-02-19T17:01:53: Finished File: Retail Item-952 Containers_01.xlsx
02-02-19T17:01:53: File created in final csv folder: Retail Item-952 Containers_01.csv
02-02-19T17:01:53: ...
02-02-19T17:01:53: Processing File: Retail Item-PGA Prepaid Card-Activate_01.xlsx
02-02-19T17:02:01: Finished File: Retail Item-PGA Prepaid Card-Activate_01.xlsx
02-02-19T17:02:01: File created in final csv folder: Retail Item-PGA Prepaid Card-Activate_01.csv
02-02-19T17:02:01: ...
02-02-19T17:02:02: Processing File: Retail Item-T5 Post Office_01.xlsx
02-02-19T17:02:09: Finished File: Retail Item-T5 Post Office_01.xlsx
02-02-19T17:02:09: File created in final csv folder: Retail Item-T5 Post Office_01.csv
02-02-19T17:02:09: ...
02-02-19T17:02:09: Processing File: Retail Item-TRU Truth MC New_01.xlsx
02-02-19T17:02:17: Finished File: Retail Item-TRU Truth MC New_01.xlsx
02-02-19T17:02:17: File created in final csv folder: Retail Item-TRU Truth MC New_01.csv
02-02-19T17:02:17: ...
02-02-19T17:02:17: End Log
