02-01-19T14:53:47: Start Log
02-01-19T14:53:48: Processing File: Retail Item-401 Beer & Wine_01.xlsx
02-01-19T14:53:57: Finished File: Retail Item-401 Beer & Wine_01.xlsx
02-01-19T14:53:57: File created in final csv folder: Retail Item-401 Beer & Wine_01.csv
02-01-19T14:53:57: ...
02-01-19T14:53:58: Processing File: Retail Item-501 Cigarettes_01.xlsx
02-01-19T14:54:07: Finished File: Retail Item-501 Cigarettes_01.xlsx
02-01-19T14:54:07: File created in final csv folder: Retail Item-501 Cigarettes_01.csv
02-01-19T14:54:07: ...
02-01-19T14:54:07: Processing File: Retail Item-501 Cigarettes_02.xlsx
02-01-19T14:54:15: Finished File: Retail Item-501 Cigarettes_02.xlsx
02-01-19T14:54:15: File created in final csv folder: Retail Item-501 Cigarettes_02.csv
02-01-19T14:54:15: ...
02-01-19T14:54:15: Processing File: Retail Item-501 Cigarettes_03.xlsx
02-01-19T14:54:26: Finished File: Retail Item-501 Cigarettes_03.xlsx
02-01-19T14:54:26: File created in final csv folder: Retail Item-501 Cigarettes_03.csv
02-01-19T14:54:27: ...
02-01-19T14:54:27: Processing File: Retail Item-511 Tourney_01.xlsx
02-01-19T14:54:37: Finished File: Retail Item-511 Tourney_01.xlsx
02-01-19T14:54:37: File created in final csv folder: Retail Item-511 Tourney_01.csv
02-01-19T14:54:37: ...
02-01-19T14:54:37: Processing File: Retail Item-601 General Merchan_01.xlsx
02-01-19T14:54:46: Finished File: Retail Item-601 General Merchan_01.xlsx
02-01-19T14:54:46: File created in final csv folder: Retail Item-601 General Merchan_01.csv
02-01-19T14:54:47: ...
02-01-19T14:54:47: Processing File: Retail Item-601 General Merchan_02.xlsx
02-01-19T14:54:57: Finished File: Retail Item-601 General Merchan_02.xlsx
02-01-19T14:54:57: File created in final csv folder: Retail Item-601 General Merchan_02.csv
02-01-19T14:54:57: ...
02-01-19T14:54:57: Processing File: Retail Item-601 General Merchan_03.xlsx
02-01-19T14:55:06: Finished File: Retail Item-601 General Merchan_03.xlsx
02-01-19T14:55:06: File created in final csv folder: Retail Item-601 General Merchan_03.csv
02-01-19T14:55:06: ...
02-01-19T14:55:06: Processing File: Retail Item-601 General Merchan_04.xlsx
02-01-19T14:55:14: Finished File: Retail Item-601 General Merchan_04.xlsx
02-01-19T14:55:14: File created in final csv folder: Retail Item-601 General Merchan_04.csv
02-01-19T14:55:15: ...
02-01-19T14:55:15: Processing File: Retail Item-601 General Merchan_05.xlsx
02-01-19T14:55:25: Finished File: Retail Item-601 General Merchan_05.xlsx
02-01-19T14:55:25: File created in final csv folder: Retail Item-601 General Merchan_05.csv
02-01-19T14:55:25: ...
02-01-19T14:55:25: Processing File: Retail Item-601 General Merchan_06.xlsx
02-01-19T14:55:34: Finished File: Retail Item-601 General Merchan_06.xlsx
02-01-19T14:55:34: File created in final csv folder: Retail Item-601 General Merchan_06.csv
02-01-19T14:55:34: ...
02-01-19T14:55:34: Processing File: Retail Item-601 General Merchan_07.xlsx
02-01-19T14:55:44: Finished File: Retail Item-601 General Merchan_07.xlsx
02-01-19T14:55:44: File created in final csv folder: Retail Item-601 General Merchan_07.csv
02-01-19T14:55:44: ...
02-01-19T14:55:44: Processing File: Retail Item-601 General Merchan_08.xlsx
02-01-19T14:55:54: Finished File: Retail Item-601 General Merchan_08.xlsx
02-01-19T14:55:54: File created in final csv folder: Retail Item-601 General Merchan_08.csv
02-01-19T14:55:54: ...
02-01-19T14:55:55: Processing File: Retail Item-601 General Merchan_09.xlsx
02-01-19T14:56:04: Finished File: Retail Item-601 General Merchan_09.xlsx
02-01-19T14:56:04: File created in final csv folder: Retail Item-601 General Merchan_09.csv
02-01-19T14:56:04: ...
02-01-19T14:56:05: Processing File: Retail Item-601 General Merchan_10.xlsx
02-01-19T14:56:13: Finished File: Retail Item-601 General Merchan_10.xlsx
02-01-19T14:56:13: File created in final csv folder: Retail Item-601 General Merchan_10.csv
02-01-19T14:56:13: ...
02-01-19T14:56:13: Processing File: Retail Item-601 General Merchan_11.xlsx
02-01-19T14:56:22: Finished File: Retail Item-601 General Merchan_11.xlsx
02-01-19T14:56:22: File created in final csv folder: Retail Item-601 General Merchan_11.csv
02-01-19T14:56:22: ...
02-01-19T14:56:22: Processing File: Retail Item-601 General Merchan_12.xlsx
02-01-19T14:56:31: Finished File: Retail Item-601 General Merchan_12.xlsx
02-01-19T14:56:31: File created in final csv folder: Retail Item-601 General Merchan_12.csv
02-01-19T14:56:31: ...
02-01-19T14:56:31: Processing File: Retail Item-601 General Merchan_13.xlsx
02-01-19T14:56:41: Finished File: Retail Item-601 General Merchan_13.xlsx
02-01-19T14:56:41: File created in final csv folder: Retail Item-601 General Merchan_13.csv
02-01-19T14:56:41: ...
02-01-19T14:56:41: Processing File: Retail Item-601 General Merchan_14.xlsx
02-01-19T14:56:50: Finished File: Retail Item-601 General Merchan_14.xlsx
02-01-19T14:56:50: File created in final csv folder: Retail Item-601 General Merchan_14.csv
02-01-19T14:56:51: ...
02-01-19T14:56:51: Processing File: Retail Item-601 General Merchan_15.xlsx
02-01-19T14:56:59: Finished File: Retail Item-601 General Merchan_15.xlsx
02-01-19T14:56:59: File created in final csv folder: Retail Item-601 General Merchan_15.csv
02-01-19T14:56:59: ...
02-01-19T14:56:59: Processing File: Retail Item-601 General Merchan_16.xlsx
02-01-19T14:57:08: Finished File: Retail Item-601 General Merchan_16.xlsx
02-01-19T14:57:08: File created in final csv folder: Retail Item-601 General Merchan_16.csv
02-01-19T14:57:08: ...
02-01-19T14:57:09: Processing File: Retail Item-601 General Merchan_17.xlsx
02-01-19T14:57:18: Finished File: Retail Item-601 General Merchan_17.xlsx
02-01-19T14:57:18: File created in final csv folder: Retail Item-601 General Merchan_17.csv
02-01-19T14:57:18: ...
02-01-19T14:57:18: Processing File: Retail Item-601 General Merchan_18.xlsx
02-01-19T14:57:27: Finished File: Retail Item-601 General Merchan_18.xlsx
02-01-19T14:57:27: File created in final csv folder: Retail Item-601 General Merchan_18.csv
02-01-19T14:57:27: ...
02-01-19T14:57:27: Processing File: Retail Item-601 General Merchan_19.xlsx
02-01-19T14:57:35: Finished File: Retail Item-601 General Merchan_19.xlsx
02-01-19T14:57:35: File created in final csv folder: Retail Item-601 General Merchan_19.csv
02-01-19T14:57:35: ...
02-01-19T14:57:35: Processing File: Retail Item-601 General Merchan_20.xlsx
02-01-19T14:57:42: Finished File: Retail Item-601 General Merchan_20.xlsx
02-01-19T14:57:42: File created in final csv folder: Retail Item-601 General Merchan_20.csv
02-01-19T14:57:42: ...
02-01-19T14:57:42: Processing File: Retail Item-601 General Merchan_21.xlsx
02-01-19T14:57:51: Finished File: Retail Item-601 General Merchan_21.xlsx
02-01-19T14:57:51: File created in final csv folder: Retail Item-601 General Merchan_21.csv
02-01-19T14:57:51: ...
02-01-19T14:57:52: Processing File: Retail Item-601 General Merchan_22.xlsx
02-01-19T14:57:59: Finished File: Retail Item-601 General Merchan_22.xlsx
02-01-19T14:57:59: File created in final csv folder: Retail Item-601 General Merchan_22.csv
02-01-19T14:57:59: ...
02-01-19T14:57:59: Processing File: Retail Item-601 General Merchan_23.xlsx
02-01-19T14:58:06: Finished File: Retail Item-601 General Merchan_23.xlsx
02-01-19T14:58:06: File created in final csv folder: Retail Item-601 General Merchan_23.csv
02-01-19T14:58:06: ...
02-01-19T14:58:06: Processing File: Retail Item-601 General Merchan_24.xlsx
02-01-19T14:58:14: Finished File: Retail Item-601 General Merchan_24.xlsx
02-01-19T14:58:15: File created in final csv folder: Retail Item-601 General Merchan_24.csv
02-01-19T14:58:15: ...
02-01-19T14:58:15: Processing File: Retail Item-601 General Merchan_25.xlsx
02-01-19T14:58:23: Finished File: Retail Item-601 General Merchan_25.xlsx
02-01-19T14:58:23: File created in final csv folder: Retail Item-601 General Merchan_25.csv
02-01-19T14:58:23: ...
02-01-19T14:58:23: Processing File: Retail Item-601 General Merchan_26.xlsx
02-01-19T14:58:30: Finished File: Retail Item-601 General Merchan_26.xlsx
02-01-19T14:58:30: File created in final csv folder: Retail Item-601 General Merchan_26.csv
02-01-19T14:58:30: ...
02-01-19T14:58:30: Processing File: Retail Item-601 General Merchan_27.xlsx
02-01-19T14:58:38: Finished File: Retail Item-601 General Merchan_27.xlsx
02-01-19T14:58:38: File created in final csv folder: Retail Item-601 General Merchan_27.csv
02-01-19T14:58:38: ...
02-01-19T14:58:39: Processing File: Retail Item-601 General Merchan_28.xlsx
02-01-19T14:58:46: Finished File: Retail Item-601 General Merchan_28.xlsx
02-01-19T14:58:46: File created in final csv folder: Retail Item-601 General Merchan_28.csv
02-01-19T14:58:46: ...
02-01-19T14:58:46: Processing File: Retail Item-601 General Merchan_29.xlsx
02-01-19T14:58:53: Finished File: Retail Item-601 General Merchan_29.xlsx
02-01-19T14:58:53: File created in final csv folder: Retail Item-601 General Merchan_29.csv
02-01-19T14:58:54: ...
02-01-19T14:58:54: Processing File: Retail Item-601 General Merchan_30.xlsx
02-01-19T14:59:01: Finished File: Retail Item-601 General Merchan_30.xlsx
02-01-19T14:59:01: File created in final csv folder: Retail Item-601 General Merchan_30.csv
02-01-19T14:59:01: ...
02-01-19T14:59:01: Processing File: Retail Item-601 General Merchan_31.xlsx
02-01-19T14:59:08: Finished File: Retail Item-601 General Merchan_31.xlsx
02-01-19T14:59:08: File created in final csv folder: Retail Item-601 General Merchan_31.csv
02-01-19T14:59:08: ...
02-01-19T14:59:09: Processing File: Retail Item-601 General Merchan_32.xlsx
02-01-19T14:59:16: Finished File: Retail Item-601 General Merchan_32.xlsx
02-01-19T14:59:16: File created in final csv folder: Retail Item-601 General Merchan_32.csv
02-01-19T14:59:16: ...
02-01-19T14:59:16: Processing File: Retail Item-601 General Merchan_33.xlsx
02-01-19T14:59:24: Finished File: Retail Item-601 General Merchan_33.xlsx
02-01-19T14:59:24: File created in final csv folder: Retail Item-601 General Merchan_33.csv
02-01-19T14:59:24: ...
02-01-19T14:59:24: Processing File: Retail Item-601 General Merchan_34.xlsx
02-01-19T14:59:32: Finished File: Retail Item-601 General Merchan_34.xlsx
02-01-19T14:59:33: File created in final csv folder: Retail Item-601 General Merchan_34.csv
02-01-19T14:59:33: ...
02-01-19T14:59:33: Processing File: Retail Item-601 General Merchan_35.xlsx
02-01-19T14:59:42: Finished File: Retail Item-601 General Merchan_35.xlsx
02-01-19T14:59:42: File created in final csv folder: Retail Item-601 General Merchan_35.csv
02-01-19T14:59:42: ...
02-01-19T14:59:42: Processing File: Retail Item-601 General Merchan_36.xlsx
02-01-19T14:59:49: Finished File: Retail Item-601 General Merchan_36.xlsx
02-01-19T14:59:49: File created in final csv folder: Retail Item-601 General Merchan_36.csv
02-01-19T14:59:49: ...
02-01-19T14:59:49: Processing File: Retail Item-703 Sony MGM_01.xlsx
02-01-19T14:59:57: Finished File: Retail Item-703 Sony MGM_01.xlsx
02-01-19T14:59:57: File created in final csv folder: Retail Item-703 Sony MGM_01.csv
02-01-19T14:59:57: ...
02-01-19T14:59:57: Processing File: Retail Item-704 Incomm Prepaid Cards_01.xlsx
02-01-19T15:00:06: Finished File: Retail Item-704 Incomm Prepaid Cards_01.xlsx
02-01-19T15:00:06: File created in final csv folder: Retail Item-704 Incomm Prepaid Cards_01.csv
02-01-19T15:00:06: ...
02-01-19T15:00:06: Processing File: Retail Item-705 Netspend_01.xlsx
02-01-19T15:00:13: Finished File: Retail Item-705 Netspend_01.xlsx
02-01-19T15:00:13: File created in final csv folder: Retail Item-705 Netspend_01.csv
02-01-19T15:00:13: ...
02-01-19T15:00:13: Processing File: Retail Item-706 Consignment - Gen Mdse_01.xlsx
02-01-19T15:00:21: Finished File: Retail Item-706 Consignment - Gen Mdse_01.xlsx
02-01-19T15:00:21: File created in final csv folder: Retail Item-706 Consignment - Gen Mdse_01.csv
02-01-19T15:00:21: ...
02-01-19T15:00:22: Processing File: Retail Item-706 Consignment - Gen Mdse_02.xlsx
02-01-19T15:00:35: Finished File: Retail Item-706 Consignment - Gen Mdse_02.xlsx
02-01-19T15:00:35: File created in final csv folder: Retail Item-706 Consignment - Gen Mdse_02.csv
02-01-19T15:00:35: ...
02-01-19T15:00:35: Processing File: Retail Item-706 Consignment - Gen Mdse_03.xlsx
02-01-19T15:00:43: Finished File: Retail Item-706 Consignment - Gen Mdse_03.xlsx
02-01-19T15:00:43: File created in final csv folder: Retail Item-706 Consignment - Gen Mdse_03.csv
02-01-19T15:00:43: ...
02-01-19T15:00:43: Processing File: Retail Item-706 Consignment - Gen Mdse_04.xlsx
02-01-19T15:00:51: Finished File: Retail Item-706 Consignment - Gen Mdse_04.xlsx
02-01-19T15:00:51: File created in final csv folder: Retail Item-706 Consignment - Gen Mdse_04.csv
02-01-19T15:00:51: ...
02-01-19T15:00:52: Processing File: Retail Item-706 Consignment - Gen Mdse_05.xlsx
02-01-19T15:00:59: Finished File: Retail Item-706 Consignment - Gen Mdse_05.xlsx
02-01-19T15:00:59: File created in final csv folder: Retail Item-706 Consignment - Gen Mdse_05.csv
02-01-19T15:00:59: ...
02-01-19T15:00:59: Processing File: Retail Item-706 Consignment - Gen Mdse_06.xlsx
02-01-19T15:01:07: Finished File: Retail Item-706 Consignment - Gen Mdse_06.xlsx
02-01-19T15:01:07: File created in final csv folder: Retail Item-706 Consignment - Gen Mdse_06.csv
02-01-19T15:01:07: ...
02-01-19T15:01:07: Processing File: Retail Item-707 Consignment - Foodservice_01.xlsx
02-01-19T15:01:14: Finished File: Retail Item-707 Consignment - Foodservice_01.xlsx
02-01-19T15:01:15: File created in final csv folder: Retail Item-707 Consignment - Foodservice_01.csv
02-01-19T15:01:15: ...
02-01-19T15:01:15: Processing File: Retail Item-800 Miscellanous Sales_01.xlsx
02-01-19T15:01:22: Finished File: Retail Item-800 Miscellanous Sales_01.xlsx
02-01-19T15:01:22: File created in final csv folder: Retail Item-800 Miscellanous Sales_01.csv
02-01-19T15:01:22: ...
02-01-19T15:01:22: Processing File: Retail Item-901 Soft Drinks_01.xlsx
02-01-19T15:01:29: Finished File: Retail Item-901 Soft Drinks_01.xlsx
02-01-19T15:01:29: File created in final csv folder: Retail Item-901 Soft Drinks_01.csv
02-01-19T15:01:29: ...
02-01-19T15:01:29: Processing File: Retail Item-901 Soft Drinks_02.xlsx
02-01-19T15:01:36: Finished File: Retail Item-901 Soft Drinks_02.xlsx
02-01-19T15:01:36: File created in final csv folder: Retail Item-901 Soft Drinks_02.csv
02-01-19T15:01:36: ...
02-01-19T15:01:36: Processing File: Retail Item-901 Soft Drinks_03.xlsx
02-01-19T15:01:42: Finished File: Retail Item-901 Soft Drinks_03.xlsx
02-01-19T15:01:42: File created in final csv folder: Retail Item-901 Soft Drinks_03.csv
02-01-19T15:01:42: ...
02-01-19T15:01:43: Processing File: Retail Item-952 Containers_01.xlsx
02-01-19T15:01:51: Finished File: Retail Item-952 Containers_01.xlsx
02-01-19T15:01:52: File created in final csv folder: Retail Item-952 Containers_01.csv
02-01-19T15:01:52: ...
02-01-19T15:01:52: Processing File: Retail Item-PGA Prepaid Card-Activate_01.xlsx
02-01-19T15:02:00: Finished File: Retail Item-PGA Prepaid Card-Activate_01.xlsx
02-01-19T15:02:00: File created in final csv folder: Retail Item-PGA Prepaid Card-Activate_01.csv
02-01-19T15:02:00: ...
02-01-19T15:02:00: Processing File: Retail Item-T5 Post Office_01.xlsx
02-01-19T15:02:08: Finished File: Retail Item-T5 Post Office_01.xlsx
02-01-19T15:02:09: File created in final csv folder: Retail Item-T5 Post Office_01.csv
02-01-19T15:02:09: ...
02-01-19T15:02:09: Processing File: Retail Item-TRU Truth MC New_01.xlsx
02-01-19T15:02:17: Finished File: Retail Item-TRU Truth MC New_01.xlsx
02-01-19T15:02:17: File created in final csv folder: Retail Item-TRU Truth MC New_01.csv
02-01-19T15:02:17: ...
02-01-19T15:02:17: End Log
