10-09-19T12:21:19: Start Log
10-09-19T12:21:19: Processing File: Supplier Item-CRMKALBQ_CRMKALBQ-CORE-MARK INTERNATIONAL ALBUQUERQUE_01.xlsx
10-09-19T12:21:22: Finished File: Supplier Item-CRMKALBQ_CRMKALBQ-CORE-MARK INTERNATIONAL ALBUQUERQUE_01.xlsx
10-09-19T12:21:22: File created in final csv folder: Supplier Item-CRMKALBQ_CRMKALBQ-CORE-MARK INTERNATIONAL ALBUQUERQUE_01.csv
10-09-19T12:21:22: ...
10-09-19T12:21:22: Processing File: Supplier Item-CRMKALBQ_CRMKALBQ-CORE-MARK INTERNATIONAL ALBUQUERQUE_02.xlsx
10-09-19T12:21:25: Finished File: Supplier Item-CRMKALBQ_CRMKALBQ-CORE-MARK INTERNATIONAL ALBUQUERQUE_02.xlsx
10-09-19T12:21:25: File created in final csv folder: Supplier Item-CRMKALBQ_CRMKALBQ-CORE-MARK INTERNATIONAL ALBUQUERQUE_02.csv
10-09-19T12:21:25: ...
10-09-19T12:21:25: Processing File: Supplier Item-CRMKBKFD_CRMKBKFD-CORE-MARK INTERNATIONAL BAKERSFIELD_01.xlsx
10-09-19T12:21:28: Finished File: Supplier Item-CRMKBKFD_CRMKBKFD-CORE-MARK INTERNATIONAL BAKERSFIELD_01.xlsx
10-09-19T12:21:28: File created in final csv folder: Supplier Item-CRMKBKFD_CRMKBKFD-CORE-MARK INTERNATIONAL BAKERSFIELD_01.csv
10-09-19T12:21:28: ...
10-09-19T12:21:28: Processing File: Supplier Item-CRMKBKFD_CRMKBKFD-CORE-MARK INTERNATIONAL BAKERSFIELD_02.xlsx
10-09-19T12:21:31: Finished File: Supplier Item-CRMKBKFD_CRMKBKFD-CORE-MARK INTERNATIONAL BAKERSFIELD_02.xlsx
10-09-19T12:21:31: File created in final csv folder: Supplier Item-CRMKBKFD_CRMKBKFD-CORE-MARK INTERNATIONAL BAKERSFIELD_02.csv
10-09-19T12:21:31: ...
10-09-19T12:21:31: Processing File: Supplier Item-CRMKCRNA_CRMKCRNA-CORE-MARK INTERNATIONAL CORONA_01.xlsx
10-09-19T12:21:34: Finished File: Supplier Item-CRMKCRNA_CRMKCRNA-CORE-MARK INTERNATIONAL CORONA_01.xlsx
10-09-19T12:21:34: File created in final csv folder: Supplier Item-CRMKCRNA_CRMKCRNA-CORE-MARK INTERNATIONAL CORONA_01.csv
10-09-19T12:21:34: ...
10-09-19T12:21:34: Processing File: Supplier Item-CRMKCRNA_CRMKCRNA-CORE-MARK INTERNATIONAL CORONA_02.xlsx
10-09-19T12:21:37: Finished File: Supplier Item-CRMKCRNA_CRMKCRNA-CORE-MARK INTERNATIONAL CORONA_02.xlsx
10-09-19T12:21:37: File created in final csv folder: Supplier Item-CRMKCRNA_CRMKCRNA-CORE-MARK INTERNATIONAL CORONA_02.csv
10-09-19T12:21:37: ...
10-09-19T12:21:37: Processing File: Supplier Item-CRMKHWRD_CRMKHWRD-CORE-MARK INTERNATIONAL HAYWARD_01.xlsx
10-09-19T12:21:41: Finished File: Supplier Item-CRMKHWRD_CRMKHWRD-CORE-MARK INTERNATIONAL HAYWARD_01.xlsx
10-09-19T12:21:41: File created in final csv folder: Supplier Item-CRMKHWRD_CRMKHWRD-CORE-MARK INTERNATIONAL HAYWARD_01.csv
10-09-19T12:21:41: ...
10-09-19T12:21:41: Processing File: Supplier Item-CRMKHWRD_CRMKHWRD-CORE-MARK INTERNATIONAL HAYWARD_02.xlsx
10-09-19T12:21:44: Finished File: Supplier Item-CRMKHWRD_CRMKHWRD-CORE-MARK INTERNATIONAL HAYWARD_02.xlsx
10-09-19T12:21:44: File created in final csv folder: Supplier Item-CRMKHWRD_CRMKHWRD-CORE-MARK INTERNATIONAL HAYWARD_02.csv
10-09-19T12:21:44: ...
10-09-19T12:21:44: Processing File: Supplier Item-CRMKLAXX_CRMKLAXX-CORE-MARK INTERNATIONAL LOS ANGELES_01.xlsx
10-09-19T12:21:47: Finished File: Supplier Item-CRMKLAXX_CRMKLAXX-CORE-MARK INTERNATIONAL LOS ANGELES_01.xlsx
10-09-19T12:21:47: File created in final csv folder: Supplier Item-CRMKLAXX_CRMKLAXX-CORE-MARK INTERNATIONAL LOS ANGELES_01.csv
10-09-19T12:21:47: ...
10-09-19T12:21:47: Processing File: Supplier Item-CRMKLAXX_CRMKLAXX-CORE-MARK INTERNATIONAL LOS ANGELES_02.xlsx
10-09-19T12:21:51: Finished File: Supplier Item-CRMKLAXX_CRMKLAXX-CORE-MARK INTERNATIONAL LOS ANGELES_02.xlsx
10-09-19T12:21:51: File created in final csv folder: Supplier Item-CRMKLAXX_CRMKLAXX-CORE-MARK INTERNATIONAL LOS ANGELES_02.csv
10-09-19T12:21:51: ...
10-09-19T12:21:51: Processing File: Supplier Item-CRMKSCRM_CRMKSCRM-CORE-MARK INTERNATIONAL SACRAMENTO_01.xlsx
10-09-19T12:21:54: Finished File: Supplier Item-CRMKSCRM_CRMKSCRM-CORE-MARK INTERNATIONAL SACRAMENTO_01.xlsx
10-09-19T12:21:54: File created in final csv folder: Supplier Item-CRMKSCRM_CRMKSCRM-CORE-MARK INTERNATIONAL SACRAMENTO_01.csv
10-09-19T12:21:54: ...
10-09-19T12:21:54: Processing File: Supplier Item-CRMKSCRM_CRMKSCRM-CORE-MARK INTERNATIONAL SACRAMENTO_02.xlsx
10-09-19T12:21:57: Finished File: Supplier Item-CRMKSCRM_CRMKSCRM-CORE-MARK INTERNATIONAL SACRAMENTO_02.xlsx
10-09-19T12:21:57: File created in final csv folder: Supplier Item-CRMKSCRM_CRMKSCRM-CORE-MARK INTERNATIONAL SACRAMENTO_02.csv
10-09-19T12:21:57: ...
10-09-19T12:21:57: Processing File: Supplier Item-EBYAUROR_EBYAUROR-EBY-BROWN_01.xlsx
10-09-19T12:22:00: Finished File: Supplier Item-EBYAUROR_EBYAUROR-EBY-BROWN_01.xlsx
10-09-19T12:22:00: File created in final csv folder: Supplier Item-EBYAUROR_EBYAUROR-EBY-BROWN_01.csv
10-09-19T12:22:00: ...
10-09-19T12:22:00: Processing File: Supplier Item-EBYAUROR_EBYAUROR-EBY-BROWN_02.xlsx
10-09-19T12:22:03: Finished File: Supplier Item-EBYAUROR_EBYAUROR-EBY-BROWN_02.xlsx
10-09-19T12:22:03: File created in final csv folder: Supplier Item-EBYAUROR_EBYAUROR-EBY-BROWN_02.csv
10-09-19T12:22:03: ...
10-09-19T12:22:03: Processing File: Supplier Item-EBYAUROR_EBYAUROR-EBY-BROWN_03.xlsx
10-09-19T12:22:06: Finished File: Supplier Item-EBYAUROR_EBYAUROR-EBY-BROWN_03.xlsx
10-09-19T12:22:06: File created in final csv folder: Supplier Item-EBYAUROR_EBYAUROR-EBY-BROWN_03.csv
10-09-19T12:22:06: ...
10-09-19T12:22:06: Processing File: Supplier Item-EBYAUROR_EBYAUROR-EBY-BROWN_04.xlsx
10-09-19T12:22:09: Finished File: Supplier Item-EBYAUROR_EBYAUROR-EBY-BROWN_04.xlsx
10-09-19T12:22:09: File created in final csv folder: Supplier Item-EBYAUROR_EBYAUROR-EBY-BROWN_04.csv
10-09-19T12:22:09: ...
10-09-19T12:22:09: Processing File: Supplier Item-EBYAUROR_EBYAUROR-EBY-BROWN_05.xlsx
10-09-19T12:22:12: Finished File: Supplier Item-EBYAUROR_EBYAUROR-EBY-BROWN_05.xlsx
10-09-19T12:22:12: File created in final csv folder: Supplier Item-EBYAUROR_EBYAUROR-EBY-BROWN_05.csv
10-09-19T12:22:12: ...
10-09-19T12:22:13: Processing File: Supplier Item-EBYAUROR_EBYAUROR-EBY-BROWN_06.xlsx
10-09-19T12:22:16: Finished File: Supplier Item-EBYAUROR_EBYAUROR-EBY-BROWN_06.xlsx
10-09-19T12:22:16: File created in final csv folder: Supplier Item-EBYAUROR_EBYAUROR-EBY-BROWN_06.csv
10-09-19T12:22:16: ...
10-09-19T12:22:16: Processing File: Supplier Item-EBYLBRTY_EBYLBRTY- EBY-BROWN LIBERTY_01.xlsx
10-09-19T12:22:19: Finished File: Supplier Item-EBYLBRTY_EBYLBRTY- EBY-BROWN LIBERTY_01.xlsx
10-09-19T12:22:19: File created in final csv folder: Supplier Item-EBYLBRTY_EBYLBRTY- EBY-BROWN LIBERTY_01.csv
10-09-19T12:22:19: ...
10-09-19T12:22:19: Processing File: Supplier Item-EBYLBRTY_EBYLBRTY- EBY-BROWN LIBERTY_02.xlsx
10-09-19T12:22:22: Finished File: Supplier Item-EBYLBRTY_EBYLBRTY- EBY-BROWN LIBERTY_02.xlsx
10-09-19T12:22:22: File created in final csv folder: Supplier Item-EBYLBRTY_EBYLBRTY- EBY-BROWN LIBERTY_02.csv
10-09-19T12:22:22: ...
10-09-19T12:22:22: Processing File: Supplier Item-EBYMONTY_EBYMONTY- EBY-BROWN MONTGOMERY_01.xlsx
10-09-19T12:22:25: Finished File: Supplier Item-EBYMONTY_EBYMONTY- EBY-BROWN MONTGOMERY_01.xlsx
10-09-19T12:22:25: File created in final csv folder: Supplier Item-EBYMONTY_EBYMONTY- EBY-BROWN MONTGOMERY_01.csv
10-09-19T12:22:25: ...
10-09-19T12:22:25: Processing File: Supplier Item-EBYMONTY_EBYMONTY- EBY-BROWN MONTGOMERY_02.xlsx
10-09-19T12:22:28: Finished File: Supplier Item-EBYMONTY_EBYMONTY- EBY-BROWN MONTGOMERY_02.xlsx
10-09-19T12:22:28: File created in final csv folder: Supplier Item-EBYMONTY_EBYMONTY- EBY-BROWN MONTGOMERY_02.csv
10-09-19T12:22:28: ...
10-09-19T12:22:28: Processing File: Supplier Item-EBYPLNFD_EBYPLNFD- EBY-BROWN PLAINFIELD_01.xlsx
10-09-19T12:22:31: Finished File: Supplier Item-EBYPLNFD_EBYPLNFD- EBY-BROWN PLAINFIELD_01.xlsx
10-09-19T12:22:31: File created in final csv folder: Supplier Item-EBYPLNFD_EBYPLNFD- EBY-BROWN PLAINFIELD_01.csv
10-09-19T12:22:31: ...
10-09-19T12:22:31: Processing File: Supplier Item-EBYPLNFD_EBYPLNFD- EBY-BROWN PLAINFIELD_02.xlsx
10-09-19T12:22:34: Finished File: Supplier Item-EBYPLNFD_EBYPLNFD- EBY-BROWN PLAINFIELD_02.xlsx
10-09-19T12:22:34: File created in final csv folder: Supplier Item-EBYPLNFD_EBYPLNFD- EBY-BROWN PLAINFIELD_02.csv
10-09-19T12:22:34: ...
10-09-19T12:22:34: Processing File: Supplier Item-EBYSAWIS_EBYSAWIS-EBY-BROWN (WI)_01.xlsx
10-09-19T12:22:39: Finished File: Supplier Item-EBYSAWIS_EBYSAWIS-EBY-BROWN (WI)_01.xlsx
10-09-19T12:22:39: File created in final csv folder: Supplier Item-EBYSAWIS_EBYSAWIS-EBY-BROWN (WI)_01.csv
10-09-19T12:22:39: ...
10-09-19T12:22:39: Processing File: Supplier Item-EBYSAWIS_EBYSAWIS-EBY-BROWN (WI)_02.xlsx
10-09-19T12:22:43: Finished File: Supplier Item-EBYSAWIS_EBYSAWIS-EBY-BROWN (WI)_02.xlsx
10-09-19T12:22:43: File created in final csv folder: Supplier Item-EBYSAWIS_EBYSAWIS-EBY-BROWN (WI)_02.csv
10-09-19T12:22:43: ...
10-09-19T12:22:43: Processing File: Supplier Item-EBYSAWIS_EBYSAWIS-EBY-BROWN (WI)_03.xlsx
10-09-19T12:22:47: Finished File: Supplier Item-EBYSAWIS_EBYSAWIS-EBY-BROWN (WI)_03.xlsx
10-09-19T12:22:47: File created in final csv folder: Supplier Item-EBYSAWIS_EBYSAWIS-EBY-BROWN (WI)_03.csv
10-09-19T12:22:47: ...
10-09-19T12:22:47: Processing File: Supplier Item-EBYSAWIS_EBYSAWIS-EBY-BROWN (WI)_04.xlsx
10-09-19T12:22:51: Finished File: Supplier Item-EBYSAWIS_EBYSAWIS-EBY-BROWN (WI)_04.xlsx
10-09-19T12:22:51: File created in final csv folder: Supplier Item-EBYSAWIS_EBYSAWIS-EBY-BROWN (WI)_04.csv
10-09-19T12:22:51: ...
10-09-19T12:22:51: Processing File: Supplier Item-EBYSAWIS_EBYSAWIS-EBY-BROWN (WI)_05.xlsx
10-09-19T12:22:55: Finished File: Supplier Item-EBYSAWIS_EBYSAWIS-EBY-BROWN (WI)_05.xlsx
10-09-19T12:22:55: File created in final csv folder: Supplier Item-EBYSAWIS_EBYSAWIS-EBY-BROWN (WI)_05.csv
10-09-19T12:22:55: ...
10-09-19T12:22:55: Processing File: Supplier Item-EBYSAWIS_EBYSAWIS-EBY-BROWN (WI)_06.xlsx
10-09-19T12:22:59: Finished File: Supplier Item-EBYSAWIS_EBYSAWIS-EBY-BROWN (WI)_06.xlsx
10-09-19T12:22:59: File created in final csv folder: Supplier Item-EBYSAWIS_EBYSAWIS-EBY-BROWN (WI)_06.csv
10-09-19T12:22:59: ...
10-09-19T12:23:00: Processing File: Supplier Item-EBYSAWIS_EBYSAWIS-EBY-BROWN (WI)_07.xlsx
10-09-19T12:23:03: Finished File: Supplier Item-EBYSAWIS_EBYSAWIS-EBY-BROWN (WI)_07.xlsx
10-09-19T12:23:03: File created in final csv folder: Supplier Item-EBYSAWIS_EBYSAWIS-EBY-BROWN (WI)_07.csv
10-09-19T12:23:03: ...
10-09-19T12:23:03: Processing File: Supplier Item-EBYSAWIS_EBYSAWIS-EBY-BROWN (WI)_08.xlsx
10-09-19T12:23:07: Finished File: Supplier Item-EBYSAWIS_EBYSAWIS-EBY-BROWN (WI)_08.xlsx
10-09-19T12:23:07: File created in final csv folder: Supplier Item-EBYSAWIS_EBYSAWIS-EBY-BROWN (WI)_08.csv
10-09-19T12:23:07: ...
10-09-19T12:23:07: Processing File: Supplier Item-EBYSAWIS_EBYSAWIS-EBY-BROWN (WI)_09.xlsx
10-09-19T12:23:11: Finished File: Supplier Item-EBYSAWIS_EBYSAWIS-EBY-BROWN (WI)_09.xlsx
10-09-19T12:23:11: File created in final csv folder: Supplier Item-EBYSAWIS_EBYSAWIS-EBY-BROWN (WI)_09.csv
10-09-19T12:23:11: ...
10-09-19T12:23:11: Processing File: Supplier Item-EBYSAWIS_EBYSAWIS-EBY-BROWN (WI)_10.xlsx
10-09-19T12:23:15: Finished File: Supplier Item-EBYSAWIS_EBYSAWIS-EBY-BROWN (WI)_10.xlsx
10-09-19T12:23:15: File created in final csv folder: Supplier Item-EBYSAWIS_EBYSAWIS-EBY-BROWN (WI)_10.csv
10-09-19T12:23:15: ...
10-09-19T12:23:15: Processing File: Supplier Item-EBYSAWIS_EBYSAWIS-EBY-BROWN (WI)_11.xlsx
10-09-19T12:23:19: Finished File: Supplier Item-EBYSAWIS_EBYSAWIS-EBY-BROWN (WI)_11.xlsx
10-09-19T12:23:19: File created in final csv folder: Supplier Item-EBYSAWIS_EBYSAWIS-EBY-BROWN (WI)_11.csv
10-09-19T12:23:19: ...
10-09-19T12:23:19: Processing File: Supplier Item-EBYSAWIS_EBYSAWIS-EBY-BROWN (WI)_12.xlsx
10-09-19T12:23:23: Finished File: Supplier Item-EBYSAWIS_EBYSAWIS-EBY-BROWN (WI)_12.xlsx
10-09-19T12:23:23: File created in final csv folder: Supplier Item-EBYSAWIS_EBYSAWIS-EBY-BROWN (WI)_12.csv
10-09-19T12:23:23: ...
10-09-19T12:23:23: Processing File: Supplier Item-EBYSHPVL_EBYSHPVL- EBY-BROWN SHEPHERDSVILLE_01.xlsx
10-09-19T12:23:26: Finished File: Supplier Item-EBYSHPVL_EBYSHPVL- EBY-BROWN SHEPHERDSVILLE_01.xlsx
10-09-19T12:23:26: File created in final csv folder: Supplier Item-EBYSHPVL_EBYSHPVL- EBY-BROWN SHEPHERDSVILLE_01.csv
10-09-19T12:23:26: ...
10-09-19T12:23:26: Processing File: Supplier Item-EBYSHPVL_EBYSHPVL- EBY-BROWN SHEPHERDSVILLE_02.xlsx
10-09-19T12:23:29: Finished File: Supplier Item-EBYSHPVL_EBYSHPVL- EBY-BROWN SHEPHERDSVILLE_02.xlsx
10-09-19T12:23:29: File created in final csv folder: Supplier Item-EBYSHPVL_EBYSHPVL- EBY-BROWN SHEPHERDSVILLE_02.csv
10-09-19T12:23:29: ...
10-09-19T12:23:29: Processing File: Supplier Item-EBYSMOKE_EBYSMOKE-EBY-BROWN_01.xlsx
10-09-19T12:23:32: Finished File: Supplier Item-EBYSMOKE_EBYSMOKE-EBY-BROWN_01.xlsx
10-09-19T12:23:32: File created in final csv folder: Supplier Item-EBYSMOKE_EBYSMOKE-EBY-BROWN_01.csv
10-09-19T12:23:32: ...
10-09-19T12:23:32: Processing File: Supplier Item-EBYSMOKE_EBYSMOKE-EBY-BROWN_02.xlsx
10-09-19T12:23:36: Finished File: Supplier Item-EBYSMOKE_EBYSMOKE-EBY-BROWN_02.xlsx
10-09-19T12:23:36: File created in final csv folder: Supplier Item-EBYSMOKE_EBYSMOKE-EBY-BROWN_02.csv
10-09-19T12:23:36: ...
10-09-19T12:23:36: Processing File: Supplier Item-EBYSPGFD_EBYSPGFD- EBY-BROWN SPRINGFIELD_01.xlsx
10-09-19T12:23:39: Finished File: Supplier Item-EBYSPGFD_EBYSPGFD- EBY-BROWN SPRINGFIELD_01.xlsx
10-09-19T12:23:39: File created in final csv folder: Supplier Item-EBYSPGFD_EBYSPGFD- EBY-BROWN SPRINGFIELD_01.csv
10-09-19T12:23:39: ...
10-09-19T12:23:39: Processing File: Supplier Item-EBYSPGFD_EBYSPGFD- EBY-BROWN SPRINGFIELD_02.xlsx
10-09-19T12:23:42: Finished File: Supplier Item-EBYSPGFD_EBYSPGFD- EBY-BROWN SPRINGFIELD_02.xlsx
10-09-19T12:23:42: File created in final csv folder: Supplier Item-EBYSPGFD_EBYSPGFD- EBY-BROWN SPRINGFIELD_02.csv
10-09-19T12:23:42: ...
10-09-19T12:23:42: Processing File: Supplier Item-EBYYPSIL_EBYYPSIL- EBY-BROWN YPSILANTI_01.xlsx
10-09-19T12:23:45: Finished File: Supplier Item-EBYYPSIL_EBYYPSIL- EBY-BROWN YPSILANTI_01.xlsx
10-09-19T12:23:45: File created in final csv folder: Supplier Item-EBYYPSIL_EBYYPSIL- EBY-BROWN YPSILANTI_01.csv
10-09-19T12:23:45: ...
10-09-19T12:23:46: Processing File: Supplier Item-EBYYPSIL_EBYYPSIL- EBY-BROWN YPSILANTI_02.xlsx
10-09-19T12:23:49: Finished File: Supplier Item-EBYYPSIL_EBYYPSIL- EBY-BROWN YPSILANTI_02.xlsx
10-09-19T12:23:49: File created in final csv folder: Supplier Item-EBYYPSIL_EBYYPSIL- EBY-BROWN YPSILANTI_02.csv
10-09-19T12:23:49: ...
10-09-19T12:23:49: Processing File: Supplier Item-MCLNCONC_MCLNCONC- MCLANE CONCORD (MY)_01.xlsx
10-09-19T12:23:52: Finished File: Supplier Item-MCLNCONC_MCLNCONC- MCLANE CONCORD (MY)_01.xlsx
10-09-19T12:23:52: File created in final csv folder: Supplier Item-MCLNCONC_MCLNCONC- MCLANE CONCORD (MY)_01.csv
10-09-19T12:23:52: ...
10-09-19T12:23:52: Processing File: Supplier Item-MCLNCONC_MCLNCONC- MCLANE CONCORD (MY)_02.xlsx
10-09-19T12:23:54: Finished File: Supplier Item-MCLNCONC_MCLNCONC- MCLANE CONCORD (MY)_02.xlsx
10-09-19T12:23:55: File created in final csv folder: Supplier Item-MCLNCONC_MCLNCONC- MCLANE CONCORD (MY)_02.csv
10-09-19T12:23:55: ...
10-09-19T12:23:55: Processing File: Supplier Item-MCLNCONC_MCLNCONC- MCLANE CONCORD (MY)_03.xlsx
10-09-19T12:23:57: Finished File: Supplier Item-MCLNCONC_MCLNCONC- MCLANE CONCORD (MY)_03.xlsx
10-09-19T12:23:57: File created in final csv folder: Supplier Item-MCLNCONC_MCLNCONC- MCLANE CONCORD (MY)_03.csv
10-09-19T12:23:57: ...
10-09-19T12:23:57: Processing File: Supplier Item-MCLNCONC_MCLNCONC- MCLANE CONCORD (MY)_04.xlsx
10-09-19T12:24:00: Finished File: Supplier Item-MCLNCONC_MCLNCONC- MCLANE CONCORD (MY)_04.xlsx
10-09-19T12:24:00: File created in final csv folder: Supplier Item-MCLNCONC_MCLNCONC- MCLANE CONCORD (MY)_04.csv
10-09-19T12:24:00: ...
10-09-19T12:24:01: Processing File: Supplier Item-MCLNCONC_MCLNCONC- MCLANE CONCORD (MY)_05.xlsx
10-09-19T12:24:04: Finished File: Supplier Item-MCLNCONC_MCLNCONC- MCLANE CONCORD (MY)_05.xlsx
10-09-19T12:24:04: File created in final csv folder: Supplier Item-MCLNCONC_MCLNCONC- MCLANE CONCORD (MY)_05.csv
10-09-19T12:24:04: ...
10-09-19T12:24:04: Processing File: Supplier Item-MCLNCRLN_MCLNCRLN- MCLANE CAROLINA (NC)_01.xlsx
10-09-19T12:24:07: Finished File: Supplier Item-MCLNCRLN_MCLNCRLN- MCLANE CAROLINA (NC)_01.xlsx
10-09-19T12:24:07: File created in final csv folder: Supplier Item-MCLNCRLN_MCLNCRLN- MCLANE CAROLINA (NC)_01.csv
10-09-19T12:24:07: ...
10-09-19T12:24:07: Processing File: Supplier Item-MCLNCRLN_MCLNCRLN- MCLANE CAROLINA (NC)_02.xlsx
10-09-19T12:24:09: Finished File: Supplier Item-MCLNCRLN_MCLNCRLN- MCLANE CAROLINA (NC)_02.xlsx
10-09-19T12:24:09: File created in final csv folder: Supplier Item-MCLNCRLN_MCLNCRLN- MCLANE CAROLINA (NC)_02.csv
10-09-19T12:24:10: ...
10-09-19T12:24:10: Processing File: Supplier Item-MCLNCRLN_MCLNCRLN- MCLANE CAROLINA (NC)_03.xlsx
10-09-19T12:24:12: Finished File: Supplier Item-MCLNCRLN_MCLNCRLN- MCLANE CAROLINA (NC)_03.xlsx
10-09-19T12:24:12: File created in final csv folder: Supplier Item-MCLNCRLN_MCLNCRLN- MCLANE CAROLINA (NC)_03.csv
10-09-19T12:24:12: ...
10-09-19T12:24:12: Processing File: Supplier Item-MCLNCRLN_MCLNCRLN- MCLANE CAROLINA (NC)_04.xlsx
10-09-19T12:24:15: Finished File: Supplier Item-MCLNCRLN_MCLNCRLN- MCLANE CAROLINA (NC)_04.xlsx
10-09-19T12:24:15: File created in final csv folder: Supplier Item-MCLNCRLN_MCLNCRLN- MCLANE CAROLINA (NC)_04.csv
10-09-19T12:24:15: ...
10-09-19T12:24:15: Processing File: Supplier Item-MCLNCRLN_MCLNCRLN- MCLANE CAROLINA (NC)_05.xlsx
10-09-19T12:24:18: Finished File: Supplier Item-MCLNCRLN_MCLNCRLN- MCLANE CAROLINA (NC)_05.xlsx
10-09-19T12:24:18: File created in final csv folder: Supplier Item-MCLNCRLN_MCLNCRLN- MCLANE CAROLINA (NC)_05.csv
10-09-19T12:24:18: ...
10-09-19T12:24:18: Processing File: Supplier Item-MCLNCRLN_MCLNCRLN- MCLANE CAROLINA (NC)_06.xlsx
10-09-19T12:24:21: Finished File: Supplier Item-MCLNCRLN_MCLNCRLN- MCLANE CAROLINA (NC)_06.xlsx
10-09-19T12:24:21: File created in final csv folder: Supplier Item-MCLNCRLN_MCLNCRLN- MCLANE CAROLINA (NC)_06.csv
10-09-19T12:24:21: ...
10-09-19T12:24:21: Processing File: Supplier Item-MCLNCRLN_MCLNCRLN- MCLANE CAROLINA (NC)_07.xlsx
10-09-19T12:24:24: Finished File: Supplier Item-MCLNCRLN_MCLNCRLN- MCLANE CAROLINA (NC)_07.xlsx
10-09-19T12:24:24: File created in final csv folder: Supplier Item-MCLNCRLN_MCLNCRLN- MCLANE CAROLINA (NC)_07.csv
10-09-19T12:24:24: ...
10-09-19T12:24:24: Processing File: Supplier Item-MCLNCRLN_MCLNCRLN- MCLANE CAROLINA (NC)_08.xlsx
10-09-19T12:24:27: Finished File: Supplier Item-MCLNCRLN_MCLNCRLN- MCLANE CAROLINA (NC)_08.xlsx
10-09-19T12:24:27: File created in final csv folder: Supplier Item-MCLNCRLN_MCLNCRLN- MCLANE CAROLINA (NC)_08.csv
10-09-19T12:24:27: ...
10-09-19T12:24:27: Processing File: Supplier Item-MCLNCRLN_MCLNCRLN- MCLANE CAROLINA (NC)_09.xlsx
10-09-19T12:24:30: Finished File: Supplier Item-MCLNCRLN_MCLNCRLN- MCLANE CAROLINA (NC)_09.xlsx
10-09-19T12:24:30: File created in final csv folder: Supplier Item-MCLNCRLN_MCLNCRLN- MCLANE CAROLINA (NC)_09.csv
10-09-19T12:24:30: ...
10-09-19T12:24:30: Processing File: Supplier Item-MCLNCRLN_MCLNCRLN- MCLANE CAROLINA (NC)_10.xlsx
10-09-19T12:24:33: Finished File: Supplier Item-MCLNCRLN_MCLNCRLN- MCLANE CAROLINA (NC)_10.xlsx
10-09-19T12:24:33: File created in final csv folder: Supplier Item-MCLNCRLN_MCLNCRLN- MCLANE CAROLINA (NC)_10.csv
10-09-19T12:24:33: ...
10-09-19T12:24:33: Processing File: Supplier Item-MCLNDTHN_MCLNDTHN- MCLANE DOTHAN (MD)_01.xlsx
10-09-19T12:24:37: Finished File: Supplier Item-MCLNDTHN_MCLNDTHN- MCLANE DOTHAN (MD)_01.xlsx
10-09-19T12:24:37: File created in final csv folder: Supplier Item-MCLNDTHN_MCLNDTHN- MCLANE DOTHAN (MD)_01.csv
10-09-19T12:24:37: ...
10-09-19T12:24:37: Processing File: Supplier Item-MCLNMIDA_MCLNMIDA- MCLANE MID ATLANTIC (MZ)_01.xlsx
10-09-19T12:24:40: Finished File: Supplier Item-MCLNMIDA_MCLNMIDA- MCLANE MID ATLANTIC (MZ)_01.xlsx
10-09-19T12:24:40: File created in final csv folder: Supplier Item-MCLNMIDA_MCLNMIDA- MCLANE MID ATLANTIC (MZ)_01.csv
10-09-19T12:24:40: ...
10-09-19T12:24:40: Processing File: Supplier Item-MCLNMIDA_MCLNMIDA- MCLANE MID ATLANTIC (MZ)_02.xlsx
10-09-19T12:24:43: Finished File: Supplier Item-MCLNMIDA_MCLNMIDA- MCLANE MID ATLANTIC (MZ)_02.xlsx
10-09-19T12:24:43: File created in final csv folder: Supplier Item-MCLNMIDA_MCLNMIDA- MCLANE MID ATLANTIC (MZ)_02.csv
10-09-19T12:24:43: ...
10-09-19T12:24:43: Processing File: Supplier Item-MCLNMIDA_MCLNMIDA- MCLANE MID ATLANTIC (MZ)_03.xlsx
10-09-19T12:24:46: Finished File: Supplier Item-MCLNMIDA_MCLNMIDA- MCLANE MID ATLANTIC (MZ)_03.xlsx
10-09-19T12:24:46: File created in final csv folder: Supplier Item-MCLNMIDA_MCLNMIDA- MCLANE MID ATLANTIC (MZ)_03.csv
10-09-19T12:24:46: ...
10-09-19T12:24:46: Processing File: Supplier Item-MCLNMIDA_MCLNMIDA- MCLANE MID ATLANTIC (MZ)_04.xlsx
10-09-19T12:24:49: Finished File: Supplier Item-MCLNMIDA_MCLNMIDA- MCLANE MID ATLANTIC (MZ)_04.xlsx
10-09-19T12:24:50: File created in final csv folder: Supplier Item-MCLNMIDA_MCLNMIDA- MCLANE MID ATLANTIC (MZ)_04.csv
10-09-19T12:24:50: ...
10-09-19T12:24:50: Processing File: Supplier Item-MCLNMIDA_MCLNMIDA- MCLANE MID ATLANTIC (MZ)_05.xlsx
10-09-19T12:24:53: Finished File: Supplier Item-MCLNMIDA_MCLNMIDA- MCLANE MID ATLANTIC (MZ)_05.xlsx
10-09-19T12:24:53: File created in final csv folder: Supplier Item-MCLNMIDA_MCLNMIDA- MCLANE MID ATLANTIC (MZ)_05.csv
10-09-19T12:24:53: ...
10-09-19T12:24:53: Processing File: Supplier Item-MCLNNTHE_MCLNNTHE- MCLANE NORTHEAST (NE)_01.xlsx
10-09-19T12:24:56: Finished File: Supplier Item-MCLNNTHE_MCLNNTHE- MCLANE NORTHEAST (NE)_01.xlsx
10-09-19T12:24:56: File created in final csv folder: Supplier Item-MCLNNTHE_MCLNNTHE- MCLANE NORTHEAST (NE)_01.csv
10-09-19T12:24:56: ...
10-09-19T12:24:56: Processing File: Supplier Item-MCLNNTHE_MCLNNTHE- MCLANE NORTHEAST (NE)_02.xlsx
10-09-19T12:24:59: Finished File: Supplier Item-MCLNNTHE_MCLNNTHE- MCLANE NORTHEAST (NE)_02.xlsx
10-09-19T12:24:59: File created in final csv folder: Supplier Item-MCLNNTHE_MCLNNTHE- MCLANE NORTHEAST (NE)_02.csv
10-09-19T12:24:59: ...
10-09-19T12:24:59: Processing File: Supplier Item-MCLNOCAL_MCLNOCAL- MCLANE OCALA (FE)_01.xlsx
10-09-19T12:25:03: Finished File: Supplier Item-MCLNOCAL_MCLNOCAL- MCLANE OCALA (FE)_01.xlsx
10-09-19T12:25:03: File created in final csv folder: Supplier Item-MCLNOCAL_MCLNOCAL- MCLANE OCALA (FE)_01.csv
10-09-19T12:25:03: ...
10-09-19T12:25:03: Processing File: Supplier Item-MCLNPENN_MCLNPENN- MCLANE PENNSYLVANIA (PA)_01.xlsx
10-09-19T12:25:06: Finished File: Supplier Item-MCLNPENN_MCLNPENN- MCLANE PENNSYLVANIA (PA)_01.xlsx
10-09-19T12:25:06: File created in final csv folder: Supplier Item-MCLNPENN_MCLNPENN- MCLANE PENNSYLVANIA (PA)_01.csv
10-09-19T12:25:06: ...
10-09-19T12:25:06: Processing File: Supplier Item-MCLNPENN_MCLNPENN- MCLANE PENNSYLVANIA (PA)_02.xlsx
10-09-19T12:25:09: Finished File: Supplier Item-MCLNPENN_MCLNPENN- MCLANE PENNSYLVANIA (PA)_02.xlsx
10-09-19T12:25:09: File created in final csv folder: Supplier Item-MCLNPENN_MCLNPENN- MCLANE PENNSYLVANIA (PA)_02.csv
10-09-19T12:25:09: ...
10-09-19T12:25:09: Processing File: Supplier Item-MCLNPENN_MCLNPENN- MCLANE PENNSYLVANIA (PA)_03.xlsx
10-09-19T12:25:12: Finished File: Supplier Item-MCLNPENN_MCLNPENN- MCLANE PENNSYLVANIA (PA)_03.xlsx
10-09-19T12:25:12: File created in final csv folder: Supplier Item-MCLNPENN_MCLNPENN- MCLANE PENNSYLVANIA (PA)_03.csv
10-09-19T12:25:12: ...
10-09-19T12:25:12: Processing File: Supplier Item-MCLNPENN_MCLNPENN- MCLANE PENNSYLVANIA (PA)_04.xlsx
10-09-19T12:25:15: Finished File: Supplier Item-MCLNPENN_MCLNPENN- MCLANE PENNSYLVANIA (PA)_04.xlsx
10-09-19T12:25:15: File created in final csv folder: Supplier Item-MCLNPENN_MCLNPENN- MCLANE PENNSYLVANIA (PA)_04.csv
10-09-19T12:25:15: ...
10-09-19T12:25:15: Processing File: Supplier Item-MCLNSTHE_MCLNSTHE- MCLANE SOUTHEAST (SE)_01.xlsx
10-09-19T12:25:18: Finished File: Supplier Item-MCLNSTHE_MCLNSTHE- MCLANE SOUTHEAST (SE)_01.xlsx
10-09-19T12:25:18: File created in final csv folder: Supplier Item-MCLNSTHE_MCLNSTHE- MCLANE SOUTHEAST (SE)_01.csv
10-09-19T12:25:18: ...
10-09-19T12:25:18: Processing File: Supplier Item-MCLNSTHE_MCLNSTHE- MCLANE SOUTHEAST (SE)_02.xlsx
10-09-19T12:25:21: Finished File: Supplier Item-MCLNSTHE_MCLNSTHE- MCLANE SOUTHEAST (SE)_02.xlsx
10-09-19T12:25:21: File created in final csv folder: Supplier Item-MCLNSTHE_MCLNSTHE- MCLANE SOUTHEAST (SE)_02.csv
10-09-19T12:25:21: ...
10-09-19T12:25:22: Processing File: Supplier Item-MCLNSTHE_MCLNSTHE- MCLANE SOUTHEAST (SE)_03.xlsx
10-09-19T12:25:24: Finished File: Supplier Item-MCLNSTHE_MCLNSTHE- MCLANE SOUTHEAST (SE)_03.xlsx
10-09-19T12:25:24: File created in final csv folder: Supplier Item-MCLNSTHE_MCLNSTHE- MCLANE SOUTHEAST (SE)_03.csv
10-09-19T12:25:24: ...
10-09-19T12:25:24: Processing File: Supplier Item-MCLNSTHW_MCLNSTHW- MCLANE SOUTHWEST (SW)_01.xlsx
10-09-19T12:25:28: Finished File: Supplier Item-MCLNSTHW_MCLNSTHW- MCLANE SOUTHWEST (SW)_01.xlsx
10-09-19T12:25:28: File created in final csv folder: Supplier Item-MCLNSTHW_MCLNSTHW- MCLANE SOUTHWEST (SW)_01.csv
10-09-19T12:25:28: ...
10-09-19T12:25:28: Processing File: Supplier Item-MCLNSUNE_MCLNSUNE- MCLANE SUNEAST (ME)_01.xlsx
10-09-19T12:25:31: Finished File: Supplier Item-MCLNSUNE_MCLNSUNE- MCLANE SUNEAST (ME)_01.xlsx
10-09-19T12:25:31: File created in final csv folder: Supplier Item-MCLNSUNE_MCLNSUNE- MCLANE SUNEAST (ME)_01.csv
10-09-19T12:25:31: ...
10-09-19T12:25:31: End Log
