06-27-19T15:31:40: Start Log
06-27-19T15:31:40: Processing File: Supplier Item-HAMANBRO_HAMANBRO-HAMAN BROS PROD CO_01 (New).xlsx
06-27-19T15:31:42: Finished File: Supplier Item-HAMANBRO_HAMANBRO-HAMAN BROS PROD CO_01 (New).xlsx
06-27-19T15:31:42: File created in final csv folder: Supplier Item-HAMANBRO_HAMANBRO-HAMAN BROS PROD CO_01 (New).csv
06-27-19T15:31:42: ...
06-27-19T15:31:42: Processing File: Supplier Item-PEPSICOL_PEPSICOL-PEPSI COLUMBUS G&J (OH) (asn)_01.xlsx
06-27-19T15:31:45: Finished File: Supplier Item-PEPSICOL_PEPSICOL-PEPSI COLUMBUS G&J (OH) (asn)_01.xlsx
06-27-19T15:31:45: File created in final csv folder: Supplier Item-PEPSICOL_PEPSICOL-PEPSI COLUMBUS G&J (OH) (asn)_01.csv
06-27-19T15:31:45: ...
06-27-19T15:31:45: Processing File: Supplier Item-PEPSLEXI_PEPSLEXI-PEPSI LEXINGTON G&J (KY)-asn_01.xlsx
06-27-19T15:31:47: Finished File: Supplier Item-PEPSLEXI_PEPSLEXI-PEPSI LEXINGTON G&J (KY)-asn_01.xlsx
06-27-19T15:31:47: File created in final csv folder: Supplier Item-PEPSLEXI_PEPSLEXI-PEPSI LEXINGTON G&J (KY)-asn_01.csv
06-27-19T15:31:47: ...
06-27-19T15:31:47: Processing File: Supplier Item-SHELTONS_SHELTONS-SHELTONS FARM MARKET_01 (New).xlsx
06-27-19T15:31:50: Finished File: Supplier Item-SHELTONS_SHELTONS-SHELTONS FARM MARKET_01 (New).xlsx
06-27-19T15:31:50: File created in final csv folder: Supplier Item-SHELTONS_SHELTONS-SHELTONS FARM MARKET_01 (New).csv
06-27-19T15:31:50: ...
06-27-19T15:31:50: Processing File: Supplier Item-STEUBEN_STEUBEN-STEUBENVILLE FRUIT_01 (New).xlsx
06-27-19T15:31:52: Finished File: Supplier Item-STEUBEN_STEUBEN-STEUBENVILLE FRUIT_01 (New).xlsx
06-27-19T15:31:52: File created in final csv folder: Supplier Item-STEUBEN_STEUBEN-STEUBENVILLE FRUIT_01 (New).csv
06-27-19T15:31:52: ...
06-27-19T15:31:52: Processing File: Supplier Item-STEVES_STEVES-STEVES PRODUCE_01 (New).xlsx
06-27-19T15:31:55: Finished File: Supplier Item-STEVES_STEVES-STEVES PRODUCE_01 (New).xlsx
06-27-19T15:31:55: File created in final csv folder: Supplier Item-STEVES_STEVES-STEVES PRODUCE_01 (New).csv
06-27-19T15:31:55: ...
06-27-19T15:31:55: Processing File: Supplier Item-__HERR SNACKS.xlsx
06-27-19T15:31:57: Finished File: Supplier Item-__HERR SNACKS.xlsx
06-27-19T15:31:57: File created in final csv folder: Supplier Item-__HERR SNACKS.csv
06-27-19T15:31:57: ...
06-27-19T15:31:57: End Log
