09-14-19T16:24:53: Start Log
09-14-19T16:24:53: Processing File: Supplier Item-AMRBOTCO_AMRBOTCO-AMERICAN BOTTLING COMPANY_01.xlsx
09-14-19T16:24:57: Finished File: Supplier Item-AMRBOTCO_AMRBOTCO-AMERICAN BOTTLING COMPANY_01.xlsx
09-14-19T16:24:57: File created in final csv folder: Supplier Item-AMRBOTCO_AMRBOTCO-AMERICAN BOTTLING COMPANY_01.csv
09-14-19T16:24:57: ...
09-14-19T16:24:57: Processing File: Supplier Item-BARDFLWR_BARDFLWR-BARD FLOWERS CORPORATION_01.xlsx
09-14-19T16:25:02: Finished File: Supplier Item-BARDFLWR_BARDFLWR-BARD FLOWERS CORPORATION_01.xlsx
09-14-19T16:25:02: File created in final csv folder: Supplier Item-BARDFLWR_BARDFLWR-BARD FLOWERS CORPORATION_01.csv
09-14-19T16:25:02: ...
09-14-19T16:25:02: Processing File: Supplier Item-BERNALC_BERNALC-BERNICKS ALC (MLR)(MN) m o_01.xlsx
09-14-19T16:25:08: Finished File: Supplier Item-BERNALC_BERNALC-BERNICKS ALC (MLR)(MN) m o_01.xlsx
09-14-19T16:25:08: File created in final csv folder: Supplier Item-BERNALC_BERNALC-BERNICKS ALC (MLR)(MN) m o_01.csv
09-14-19T16:25:08: ...
09-14-19T16:25:08: Processing File: Supplier Item-BERNICK_BERNICK-Bernick's Beverages & Vending Pepsi_01.xlsx
09-14-19T16:25:13: Finished File: Supplier Item-BERNICK_BERNICK-Bernick's Beverages & Vending Pepsi_01.xlsx
09-14-19T16:25:13: File created in final csv folder: Supplier Item-BERNICK_BERNICK-Bernick's Beverages & Vending Pepsi_01.csv
09-14-19T16:25:13: ...
09-14-19T16:25:13: Processing File: Supplier Item-BERNINO_BERNINO-Bernick's Beverages & Vending Innovation_01.xlsx
09-14-19T16:25:18: Finished File: Supplier Item-BERNINO_BERNINO-Bernick's Beverages & Vending Innovation_01.xlsx
09-14-19T16:25:18: File created in final csv folder: Supplier Item-BERNINO_BERNINO-Bernick's Beverages & Vending Innovation_01.csv
09-14-19T16:25:18: ...
09-14-19T16:25:18: Processing File: Supplier Item-BEVWHOLE_BEVWHOLE-BEVERAGE WHOLESALERS INC (MLR)(MN) m o_01.xlsx
09-14-19T16:25:22: Finished File: Supplier Item-BEVWHOLE_BEVWHOLE-BEVERAGE WHOLESALERS INC (MLR)(MN) m o_01.xlsx
09-14-19T16:25:22: File created in final csv folder: Supplier Item-BEVWHOLE_BEVWHOLE-BEVERAGE WHOLESALERS INC (MLR)(MN) m o_01.csv
09-14-19T16:25:22: ...
09-14-19T16:25:22: Processing File: Supplier Item-BILLDIST_BILLDIST-BILLS DISTRIBUTING (AB)(CRS)(WI) m o_01.xlsx
09-14-19T16:25:27: Finished File: Supplier Item-BILLDIST_BILLDIST-BILLS DISTRIBUTING (AB)(CRS)(WI) m o_01.xlsx
09-14-19T16:25:27: File created in final csv folder: Supplier Item-BILLDIST_BILLDIST-BILLS DISTRIBUTING (AB)(CRS)(WI) m o_01.csv
09-14-19T16:25:27: ...
09-14-19T16:25:27: Processing File: Supplier Item-BREAKTHR_BREAKTHR-BREAKTHRU BEVERAGE BEER (CRS)(MN) m o_01.xlsx
09-14-19T16:25:31: Finished File: Supplier Item-BREAKTHR_BREAKTHR-BREAKTHRU BEVERAGE BEER (CRS)(MN) m o_01.xlsx
09-14-19T16:25:31: File created in final csv folder: Supplier Item-BREAKTHR_BREAKTHR-BREAKTHRU BEVERAGE BEER (CRS)(MN) m o_01.csv
09-14-19T16:25:31: ...
09-14-19T16:25:31: Processing File: Supplier Item-BROWNSIC_BROWNSIC-BROWN'S ICE CREAM CO (MN)_01.xlsx
09-14-19T16:25:36: Finished File: Supplier Item-BROWNSIC_BROWNSIC-BROWN'S ICE CREAM CO (MN)_01.xlsx
09-14-19T16:25:36: File created in final csv folder: Supplier Item-BROWNSIC_BROWNSIC-BROWN'S ICE CREAM CO (MN)_01.csv
09-14-19T16:25:36: ...
09-14-19T16:25:36: Processing File: Supplier Item-CANNONTK_CANNONTK-CANNON TACKLE SUPPLY INC_01.xlsx
09-14-19T16:25:41: Finished File: Supplier Item-CANNONTK_CANNONTK-CANNON TACKLE SUPPLY INC_01.xlsx
09-14-19T16:25:41: File created in final csv folder: Supplier Item-CANNONTK_CANNONTK-CANNON TACKLE SUPPLY INC_01.csv
09-14-19T16:25:41: ...
09-14-19T16:25:41: Processing File: Supplier Item-CAPITLBV_CAPITLBV-CAPITOL BEVERAGE SALES (AB)(MN) m o_01.xlsx
09-14-19T16:25:45: Finished File: Supplier Item-CAPITLBV_CAPITLBV-CAPITOL BEVERAGE SALES (AB)(MN) m o_01.xlsx
09-14-19T16:25:45: File created in final csv folder: Supplier Item-CAPITLBV_CAPITLBV-CAPITOL BEVERAGE SALES (AB)(MN) m o_01.csv
09-14-19T16:25:45: ...
09-14-19T16:25:45: Processing File: Supplier Item-CAPPTSMK_CAPPTSMK-CAPPTS MARKETING LLC_01.xlsx
09-14-19T16:25:49: Finished File: Supplier Item-CAPPTSMK_CAPPTSMK-CAPPTS MARKETING LLC_01.xlsx
09-14-19T16:25:49: File created in final csv folder: Supplier Item-CAPPTSMK_CAPPTSMK-CAPPTS MARKETING LLC_01.csv
09-14-19T16:25:50: ...
09-14-19T16:25:50: Processing File: Supplier Item-CLDIST_CLDIST-C & L DISTRIBUTING INC (AB)(MN) m o_01.xlsx
09-14-19T16:25:54: Finished File: Supplier Item-CLDIST_CLDIST-C & L DISTRIBUTING INC (AB)(MN) m o_01.xlsx
09-14-19T16:25:54: File created in final csv folder: Supplier Item-CLDIST_CLDIST-C & L DISTRIBUTING INC (AB)(MN) m o_01.csv
09-14-19T16:25:54: ...
09-14-19T16:25:54: Processing File: Supplier Item-COKCHEST_COKCHEST-COKE CHESTERMAN (SD)-asn_01.xlsx
09-14-19T16:25:59: Finished File: Supplier Item-COKCHEST_COKCHEST-COKE CHESTERMAN (SD)-asn_01.xlsx
09-14-19T16:25:59: File created in final csv folder: Supplier Item-COKCHEST_COKCHEST-COKE CHESTERMAN (SD)-asn_01.csv
09-14-19T16:25:59: ...
09-14-19T16:25:59: Processing File: Supplier Item-COKGREAT_COKGREAT-GREAT LAKES COCA-COLA DISTRIBUTION LLC_01.xlsx
09-14-19T16:26:05: Finished File: Supplier Item-COKGREAT_COKGREAT-GREAT LAKES COCA-COLA DISTRIBUTION LLC_01.xlsx
09-14-19T16:26:05: File created in final csv folder: Supplier Item-COKGREAT_COKGREAT-GREAT LAKES COCA-COLA DISTRIBUTION LLC_01.csv
09-14-19T16:26:05: ...
09-14-19T16:26:05: Processing File: Supplier Item-COKVKING_COKVKING-VIKING COCA COLA BOTTLING CO-asn_01.xlsx
09-14-19T16:26:09: Finished File: Supplier Item-COKVKING_COKVKING-VIKING COCA COLA BOTTLING CO-asn_01.xlsx
09-14-19T16:26:09: File created in final csv folder: Supplier Item-COKVKING_COKVKING-VIKING COCA COLA BOTTLING CO-asn_01.csv
09-14-19T16:26:09: ...
09-14-19T16:26:09: Processing File: Supplier Item-COLLEGE_COLLEGE-COLLEGE CITY BEVERAGE INC (AB)(MN) m o_01.xlsx
09-14-19T16:26:14: Finished File: Supplier Item-COLLEGE_COLLEGE-COLLEGE CITY BEVERAGE INC (AB)(MN) m o_01.xlsx
09-14-19T16:26:14: File created in final csv folder: Supplier Item-COLLEGE_COLLEGE-COLLEGE CITY BEVERAGE INC (AB)(MN) m o_01.csv
09-14-19T16:26:14: ...
09-14-19T16:26:15: Processing File: Supplier Item-CRAFTDIS_CRAFTDIS-CRAFT DISTRIBUTING_01.xlsx
09-14-19T16:26:19: Finished File: Supplier Item-CRAFTDIS_CRAFTDIS-CRAFT DISTRIBUTING_01.xlsx
09-14-19T16:26:19: File created in final csv folder: Supplier Item-CRAFTDIS_CRAFTDIS-CRAFT DISTRIBUTING_01.csv
09-14-19T16:26:19: ...
09-14-19T16:26:19: Processing File: Supplier Item-CSTDIST_CSTDIST-CST DISTRIBUTION LLC_01.xlsx
09-14-19T16:26:23: Finished File: Supplier Item-CSTDIST_CSTDIST-CST DISTRIBUTION LLC_01.xlsx
09-14-19T16:26:23: File created in final csv folder: Supplier Item-CSTDIST_CSTDIST-CST DISTRIBUTION LLC_01.csv
09-14-19T16:26:23: ...
09-14-19T16:26:23: Processing File: Supplier Item-DAHLHIMR_DAHLHIMR-DAHLHEIMER BEVERAGE LLC(MLR)(CRS)(MN)-asn_01.xlsx
09-14-19T16:26:28: Finished File: Supplier Item-DAHLHIMR_DAHLHIMR-DAHLHEIMER BEVERAGE LLC(MLR)(CRS)(MN)-asn_01.xlsx
09-14-19T16:26:28: File created in final csv folder: Supplier Item-DAHLHIMR_DAHLHIMR-DAHLHEIMER BEVERAGE LLC(MLR)(CRS)(MN)-asn_01.csv
09-14-19T16:26:28: ...
09-14-19T16:26:29: Processing File: Supplier Item-DAKTANEW_DAKTANEW-Dakota News Inc_01.xlsx
09-14-19T16:26:33: Finished File: Supplier Item-DAKTANEW_DAKTANEW-Dakota News Inc_01.xlsx
09-14-19T16:26:33: File created in final csv folder: Supplier Item-DAKTANEW_DAKTANEW-Dakota News Inc_01.csv
09-14-19T16:26:33: ...
09-14-19T16:26:33: Processing File: Supplier Item-DASDISTR_DASDISTR-DAS DISTRIBUTORS_01.xlsx
09-14-19T16:26:38: Finished File: Supplier Item-DASDISTR_DASDISTR-DAS DISTRIBUTORS_01.xlsx
09-14-19T16:26:38: File created in final csv folder: Supplier Item-DASDISTR_DASDISTR-DAS DISTRIBUTORS_01.csv
09-14-19T16:26:38: ...
09-14-19T16:26:38: Processing File: Supplier Item-DDBEVRGE_DDBEVRGE-D&D BEVERAGE LLC (CRS)(MN) m o_01.xlsx
09-14-19T16:26:43: Finished File: Supplier Item-DDBEVRGE_DDBEVRGE-D&D BEVERAGE LLC (CRS)(MN) m o_01.xlsx
09-14-19T16:26:43: File created in final csv folder: Supplier Item-DDBEVRGE_DDBEVRGE-D&D BEVERAGE LLC (CRS)(MN) m o_01.csv
09-14-19T16:26:43: ...
09-14-19T16:26:43: Processing File: Supplier Item-DEANFDNC_DEANFDNC-DEAN FOODS NC INC_01.xlsx
09-14-19T16:26:47: Finished File: Supplier Item-DEANFDNC_DEANFDNC-DEAN FOODS NC INC_01.xlsx
09-14-19T16:26:47: File created in final csv folder: Supplier Item-DEANFDNC_DEANFDNC-DEAN FOODS NC INC_01.csv
09-14-19T16:26:47: ...
09-14-19T16:26:47: Processing File: Supplier Item-DEBBIE_DEBBIE-MCKEE BAKING CO_01.xlsx
09-14-19T16:26:52: Finished File: Supplier Item-DEBBIE_DEBBIE-MCKEE BAKING CO_01.xlsx
09-14-19T16:26:52: File created in final csv folder: Supplier Item-DEBBIE_DEBBIE-MCKEE BAKING CO_01.csv
09-14-19T16:26:52: ...
09-14-19T16:26:52: Processing File: Supplier Item-DOLLBEV_F DOLLBEV - DOLL BEV DISTRICT_01.xlsx
09-14-19T16:26:57: Finished File: Supplier Item-DOLLBEV_F DOLLBEV - DOLL BEV DISTRICT_01.xlsx
09-14-19T16:26:57: File created in final csv folder: Supplier Item-DOLLBEV_F DOLLBEV - DOLL BEV DISTRICT_01.csv
09-14-19T16:26:57: ...
09-14-19T16:26:57: Processing File: Supplier Item-DUTCHMN_DUTCHMN-Old Dutch Foods Inc_01.xlsx
09-14-19T16:27:02: Finished File: Supplier Item-DUTCHMN_DUTCHMN-Old Dutch Foods Inc_01.xlsx
09-14-19T16:27:02: File created in final csv folder: Supplier Item-DUTCHMN_DUTCHMN-Old Dutch Foods Inc_01.csv
09-14-19T16:27:02: ...
09-14-19T16:27:02: Processing File: Supplier Item-EARLFOOD_EARLFOOD-EARLS FOOD PRODUCTS_01.xlsx
09-14-19T16:27:07: Finished File: Supplier Item-EARLFOOD_EARLFOOD-EARLS FOOD PRODUCTS_01.xlsx
09-14-19T16:27:07: File created in final csv folder: Supplier Item-EARLFOOD_EARLFOOD-EARLS FOOD PRODUCTS_01.csv
09-14-19T16:27:07: ...
09-14-19T16:27:07: Processing File: Supplier Item-EASWEEN_EASWEEN-E A SWEEN COMPANY (MN)_01.xlsx
09-14-19T16:27:11: Finished File: Supplier Item-EASWEEN_EASWEEN-E A SWEEN COMPANY (MN)_01.xlsx
09-14-19T16:27:11: File created in final csv folder: Supplier Item-EASWEEN_EASWEEN-E A SWEEN COMPANY (MN)_01.csv
09-14-19T16:27:11: ...
09-14-19T16:27:11: Processing File: Supplier Item-FISHBAIT_FISHBAIT-COLUMBUS WHOLESALE FISHBAIT INC_01.xlsx
09-14-19T16:27:16: Finished File: Supplier Item-FISHBAIT_FISHBAIT-COLUMBUS WHOLESALE FISHBAIT INC_01.xlsx
09-14-19T16:27:16: File created in final csv folder: Supplier Item-FISHBAIT_FISHBAIT-COLUMBUS WHOLESALE FISHBAIT INC_01.csv
09-14-19T16:27:16: ...
09-14-19T16:27:16: Processing File: Supplier Item-FRIESSES_FRIESSES-FRIESSES MINNOW FARM_01.xlsx
09-14-19T16:27:21: Finished File: Supplier Item-FRIESSES_FRIESSES-FRIESSES MINNOW FARM_01.xlsx
09-14-19T16:27:21: File created in final csv folder: Supplier Item-FRIESSES_FRIESSES-FRIESSES MINNOW FARM_01.csv
09-14-19T16:27:21: ...
09-14-19T16:27:21: Processing File: Supplier Item-FRITO_FRITO-FRITO-LAY INC WESTERN_01.xlsx
09-14-19T16:27:27: Finished File: Supplier Item-FRITO_FRITO-FRITO-LAY INC WESTERN_01.xlsx
09-14-19T16:27:27: File created in final csv folder: Supplier Item-FRITO_FRITO-FRITO-LAY INC WESTERN_01.csv
09-14-19T16:27:27: ...
09-14-19T16:27:27: Processing File: Supplier Item-GENERAL_GENERAL-GENERAL BEER NORTHWEST (MLR CRS)(WI) asn_01.xlsx
09-14-19T16:27:41: Finished File: Supplier Item-GENERAL_GENERAL-GENERAL BEER NORTHWEST (MLR CRS)(WI) asn_01.xlsx
09-14-19T16:27:41: File created in final csv folder: Supplier Item-GENERAL_GENERAL-GENERAL BEER NORTHWEST (MLR CRS)(WI) asn_01.csv
09-14-19T16:27:41: ...
09-14-19T16:27:41: Processing File: Supplier Item-HBOYDNEL_HBOYDNEL-H BOYD NELSON INC (AB)(CRS)(MN) m o_01.xlsx
09-14-19T16:28:21: Finished File: Supplier Item-HBOYDNEL_HBOYDNEL-H BOYD NELSON INC (AB)(CRS)(MN) m o_01.xlsx
09-14-19T16:28:21: File created in final csv folder: Supplier Item-HBOYDNEL_HBOYDNEL-H BOYD NELSON INC (AB)(CRS)(MN) m o_01.csv
09-14-19T16:28:21: ...
09-14-19T16:28:21: Processing File: Supplier Item-HEGGIES_HEGGIES-HEGGIES PIZZA LLC_01.xlsx
09-14-19T16:28:27: Finished File: Supplier Item-HEGGIES_HEGGIES-HEGGIES PIZZA LLC_01.xlsx
09-14-19T16:28:27: File created in final csv folder: Supplier Item-HEGGIES_HEGGIES-HEGGIES PIZZA LLC_01.csv
09-14-19T16:28:28: ...
09-14-19T16:28:28: Processing File: Supplier Item-HOHENSTN_HOHENSTN-HOHENSTEINS INC (CRS)(MN) m o_01.xlsx
09-14-19T16:28:37: Finished File: Supplier Item-HOHENSTN_HOHENSTN-HOHENSTEINS INC (CRS)(MN) m o_01.xlsx
09-14-19T16:28:37: File created in final csv folder: Supplier Item-HOHENSTN_HOHENSTN-HOHENSTEINS INC (CRS)(MN) m o_01.csv
09-14-19T16:28:37: ...
09-14-19T16:28:37: Processing File: Supplier Item-HOTSTUFF_HOTSTUFF-HOT STUFF FOODS LLC_01.xlsx
09-14-19T16:28:39: Finished File: Supplier Item-HOTSTUFF_HOTSTUFF-HOT STUFF FOODS LLC_01.xlsx
09-14-19T16:28:39: File created in final csv folder: Supplier Item-HOTSTUFF_HOTSTUFF-HOT STUFF FOODS LLC_01.csv
09-14-19T16:28:39: ...
09-14-19T16:28:39: Processing File: Supplier Item-HRIZNGAS_HRIZNGAS-AMERIGAS PROPANE_01.xlsx
09-14-19T16:28:43: Finished File: Supplier Item-HRIZNGAS_HRIZNGAS-AMERIGAS PROPANE_01.xlsx
09-14-19T16:28:43: File created in final csv folder: Supplier Item-HRIZNGAS_HRIZNGAS-AMERIGAS PROPANE_01.csv
09-14-19T16:28:43: ...
09-14-19T16:28:43: Processing File: Supplier Item-INCOMM_INCOMM-INCOMM_01.xlsx
09-14-19T16:28:45: Finished File: Supplier Item-INCOMM_INCOMM-INCOMM_01.xlsx
09-14-19T16:28:45: File created in final csv folder: Supplier Item-INCOMM_INCOMM-INCOMM_01.csv
09-14-19T16:28:45: ...
09-14-19T16:28:45: Processing File: Supplier Item-JHNSNLQ_JHNSNLQ-JOHNSON BROTHERS LIQUOR (LQ)(MN) m o_01.xlsx
09-14-19T16:28:48: Finished File: Supplier Item-JHNSNLQ_JHNSNLQ-JOHNSON BROTHERS LIQUOR (LQ)(MN) m o_01.xlsx
09-14-19T16:28:48: File created in final csv folder: Supplier Item-JHNSNLQ_JHNSNLQ-JOHNSON BROTHERS LIQUOR (LQ)(MN) m o_01.csv
09-14-19T16:28:48: ...
09-14-19T16:28:48: Processing File: Supplier Item-JJTAYMN_JJTAYMN-JJ TAYLOR DISTRIBUTING INC (MLR)(MN) asn_01.xlsx
09-14-19T16:28:51: Finished File: Supplier Item-JJTAYMN_JJTAYMN-JJ TAYLOR DISTRIBUTING INC (MLR)(MN) asn_01.xlsx
09-14-19T16:28:51: File created in final csv folder: Supplier Item-JJTAYMN_JJTAYMN-JJ TAYLOR DISTRIBUTING INC (MLR)(MN) asn_01.csv
09-14-19T16:28:51: ...
09-14-19T16:28:51: Processing File: Supplier Item-KTCHNFD_KTCHNFD-Kitchen Fresh Foods (WI)_01.xlsx
09-14-19T16:28:53: Finished File: Supplier Item-KTCHNFD_KTCHNFD-Kitchen Fresh Foods (WI)_01.xlsx
09-14-19T16:28:53: File created in final csv folder: Supplier Item-KTCHNFD_KTCHNFD-Kitchen Fresh Foods (WI)_01.csv
09-14-19T16:28:53: ...
09-14-19T16:28:53: Processing File: Supplier Item-LAKEMAP_LAKEMAP - LAKEMAPS_01.xlsx
09-14-19T16:28:56: Finished File: Supplier Item-LAKEMAP_LAKEMAP - LAKEMAPS_01.xlsx
09-14-19T16:28:56: File created in final csv folder: Supplier Item-LAKEMAP_LAKEMAP - LAKEMAPS_01.csv
09-14-19T16:28:56: ...
09-14-19T16:28:56: Processing File: Supplier Item-LAKESGAS_LAKESGAS-LAKES GAS CO (MN)_01.xlsx
09-14-19T16:29:22: Finished File: Supplier Item-LAKESGAS_LAKESGAS-LAKES GAS CO (MN)_01.xlsx
09-14-19T16:29:22: File created in final csv folder: Supplier Item-LAKESGAS_LAKESGAS-LAKES GAS CO (MN)_01.csv
09-14-19T16:29:22: ...
09-14-19T16:29:22: Processing File: Supplier Item-LANGBAIT_LANGBAIT-Lang's Wholesale Bait_01.xlsx
09-14-19T16:29:34: Finished File: Supplier Item-LANGBAIT_LANGBAIT-Lang's Wholesale Bait_01.xlsx
09-14-19T16:29:34: File created in final csv folder: Supplier Item-LANGBAIT_LANGBAIT-Lang's Wholesale Bait_01.csv
09-14-19T16:29:34: ...
09-14-19T16:29:34: Processing File: Supplier Item-LEEBEVWI_LEEBEVWI-LEE BEVERAGE OF WISCONSON (OTHER)(WI) m o_01.xlsx
09-14-19T16:29:41: Finished File: Supplier Item-LEEBEVWI_LEEBEVWI-LEE BEVERAGE OF WISCONSON (OTHER)(WI) m o_01.xlsx
09-14-19T16:29:41: File created in final csv folder: Supplier Item-LEEBEVWI_LEEBEVWI-LEE BEVERAGE OF WISCONSON (OTHER)(WI) m o_01.csv
09-14-19T16:29:41: ...
09-14-19T16:29:41: Processing File: Supplier Item-LOCHERBR_LOCHERBR-LOCHER BROTHERS INC (CRS)(MN)m o_01.xlsx
09-14-19T16:29:45: Finished File: Supplier Item-LOCHERBR_LOCHERBR-LOCHER BROTHERS INC (CRS)(MN)m o_01.xlsx
09-14-19T16:29:45: File created in final csv folder: Supplier Item-LOCHERBR_LOCHERBR-LOCHER BROTHERS INC (CRS)(MN)m o_01.csv
09-14-19T16:29:45: ...
09-14-19T16:29:45: Processing File: Supplier Item-LOYALTY_LOYALTY-LOYALTY_01.xlsx
09-14-19T16:29:49: Finished File: Supplier Item-LOYALTY_LOYALTY-LOYALTY_01.xlsx
09-14-19T16:29:49: File created in final csv folder: Supplier Item-LOYALTY_LOYALTY-LOYALTY_01.csv
09-14-19T16:29:49: ...
09-14-19T16:29:49: Processing File: Supplier Item-LYNCODIS_LYNCODIS-LYNCO DISTRIBUTION INC_01.xlsx
09-14-19T16:29:53: Finished File: Supplier Item-LYNCODIS_LYNCODIS-LYNCO DISTRIBUTION INC_01.xlsx
09-14-19T16:29:53: File created in final csv folder: Supplier Item-LYNCODIS_LYNCODIS-LYNCO DISTRIBUTION INC_01.csv
09-14-19T16:29:53: ...
09-14-19T16:29:53: Processing File: Supplier Item-MCDONALD_MCDONALD-MCDONALD DISTRIBUTING (AB)(MN) m o_01.xlsx
09-14-19T16:29:56: Finished File: Supplier Item-MCDONALD_MCDONALD-MCDONALD DISTRIBUTING (AB)(MN) m o_01.xlsx
09-14-19T16:29:56: File created in final csv folder: Supplier Item-MCDONALD_MCDONALD-MCDONALD DISTRIBUTING (AB)(MN) m o_01.csv
09-14-19T16:29:56: ...
09-14-19T16:29:56: Processing File: Supplier Item-MIDAMERI_MIDAMERI-MID AMERICA FESTIVALS_01.xlsx
09-14-19T16:30:00: Finished File: Supplier Item-MIDAMERI_MIDAMERI-MID AMERICA FESTIVALS_01.xlsx
09-14-19T16:30:00: File created in final csv folder: Supplier Item-MIDAMERI_MIDAMERI-MID AMERICA FESTIVALS_01.csv
09-14-19T16:30:00: ...
09-14-19T16:30:00: Processing File: Supplier Item-NEXXUS_NEXXUS-_01.xlsx
09-14-19T16:30:03: Finished File: Supplier Item-NEXXUS_NEXXUS-_01.xlsx
09-14-19T16:30:03: File created in final csv folder: Supplier Item-NEXXUS_NEXXUS-_01.csv
09-14-19T16:30:03: ...
09-14-19T16:30:03: Processing File: Supplier Item-NOVELTY_NOVELTY-NOVELTY INC_01.xlsx
09-14-19T16:30:07: Finished File: Supplier Item-NOVELTY_NOVELTY-NOVELTY INC_01.xlsx
09-14-19T16:30:07: File created in final csv folder: Supplier Item-NOVELTY_NOVELTY-NOVELTY INC_01.csv
09-14-19T16:30:07: ...
09-14-19T16:30:07: Processing File: Supplier Item-NRTHWOOD_NRTHWOOD-Northern Woods Distributing_01.xlsx
09-14-19T16:30:10: Finished File: Supplier Item-NRTHWOOD_NRTHWOOD-Northern Woods Distributing_01.xlsx
09-14-19T16:30:10: File created in final csv folder: Supplier Item-NRTHWOOD_NRTHWOOD-Northern Woods Distributing_01.csv
09-14-19T16:30:10: ...
09-14-19T16:30:10: Processing File: Supplier Item-OILDIST_RELADYNE - Previously OIL DISTRIBUTING_01.xlsx
09-14-19T16:30:13: Finished File: Supplier Item-OILDIST_RELADYNE - Previously OIL DISTRIBUTING_01.xlsx
09-14-19T16:30:13: File created in final csv folder: Supplier Item-OILDIST_RELADYNE - Previously OIL DISTRIBUTING_01.csv
09-14-19T16:30:13: ...
09-14-19T16:30:13: Processing File: Supplier Item-PANOGOLD_PANOGOLD-Pan-O-Gold Baking Co_01.xlsx
09-14-19T16:30:16: Finished File: Supplier Item-PANOGOLD_PANOGOLD-Pan-O-Gold Baking Co_01.xlsx
09-14-19T16:30:16: File created in final csv folder: Supplier Item-PANOGOLD_PANOGOLD-Pan-O-Gold Baking Co_01.csv
09-14-19T16:30:16: ...
09-14-19T16:30:16: Processing File: Supplier Item-PEPTWIN_F PEPTWIN - PEPSI TWIN CITIES_01.xlsx
09-14-19T16:30:19: Finished File: Supplier Item-PEPTWIN_F PEPTWIN - PEPSI TWIN CITIES_01.xlsx
09-14-19T16:30:19: File created in final csv folder: Supplier Item-PEPTWIN_F PEPTWIN - PEPSI TWIN CITIES_01.csv
09-14-19T16:30:19: ...
09-14-19T16:30:19: Processing File: Supplier Item-POSTOFFC_POSTOFFC-POST OFFICE (MASTER)_01.xlsx
09-14-19T16:30:22: Finished File: Supplier Item-POSTOFFC_POSTOFFC-POST OFFICE (MASTER)_01.xlsx
09-14-19T16:30:22: File created in final csv folder: Supplier Item-POSTOFFC_POSTOFFC-POST OFFICE (MASTER)_01.csv
09-14-19T16:30:22: ...
09-14-19T16:30:22: Processing File: Supplier Item-PRFRMANC_PRFRMANC - Performance Food Group Inc_01.xlsx
09-14-19T16:30:26: Finished File: Supplier Item-PRFRMANC_PRFRMANC - Performance Food Group Inc_01.xlsx
09-14-19T16:30:26: File created in final csv folder: Supplier Item-PRFRMANC_PRFRMANC - Performance Food Group Inc_01.csv
09-14-19T16:30:26: ...
09-14-19T16:30:26: Processing File: Supplier Item-PUGSINC_PUGSINC-PUGS  INC_01.xlsx
09-14-19T16:30:29: Finished File: Supplier Item-PUGSINC_PUGSINC-PUGS  INC_01.xlsx
09-14-19T16:30:29: File created in final csv folder: Supplier Item-PUGSINC_PUGSINC-PUGS  INC_01.csv
09-14-19T16:30:29: ...
09-14-19T16:30:29: Processing File: Supplier Item-REDBULL_REDBULL-RED BULL DISTRIBUTION_01.xlsx
09-14-19T16:30:32: Finished File: Supplier Item-REDBULL_REDBULL-RED BULL DISTRIBUTION_01.xlsx
09-14-19T16:30:32: File created in final csv folder: Supplier Item-REDBULL_REDBULL-RED BULL DISTRIBUTION_01.csv
09-14-19T16:30:32: ...
09-14-19T16:30:32: Processing File: Supplier Item-REINHART_REINHART-REINHART FOODSERVICE_01.xlsx
09-14-19T16:30:37: Finished File: Supplier Item-REINHART_REINHART-REINHART FOODSERVICE_01.xlsx
09-14-19T16:30:37: File created in final csv folder: Supplier Item-REINHART_REINHART-REINHART FOODSERVICE_01.csv
09-14-19T16:30:37: ...
09-14-19T16:30:37: Processing File: Supplier Item-SANDSTRM_SANDSTRM-Sandstrom's_01.xlsx
09-14-19T16:30:40: Finished File: Supplier Item-SANDSTRM_SANDSTRM-Sandstrom's_01.xlsx
09-14-19T16:30:40: File created in final csv folder: Supplier Item-SANDSTRM_SANDSTRM-Sandstrom's_01.csv
09-14-19T16:30:40: ...
09-14-19T16:30:40: Processing File: Supplier Item-SHAMRCK_SHAMRCK-Kelbro Company Shamrock Group_01.xlsx
09-14-19T16:30:43: Finished File: Supplier Item-SHAMRCK_SHAMRCK-Kelbro Company Shamrock Group_01.xlsx
09-14-19T16:30:43: File created in final csv folder: Supplier Item-SHAMRCK_SHAMRCK-Kelbro Company Shamrock Group_01.csv
09-14-19T16:30:44: ...
09-14-19T16:30:44: Processing File: Supplier Item-SMOMCFO_SMOMCFO-SUPERMOMS CFO_01.xlsx
09-14-19T16:30:47: Finished File: Supplier Item-SMOMCFO_SMOMCFO-SUPERMOMS CFO_01.xlsx
09-14-19T16:30:47: File created in final csv folder: Supplier Item-SMOMCFO_SMOMCFO-SUPERMOMS CFO_01.csv
09-14-19T16:30:47: ...
09-14-19T16:30:47: Processing File: Supplier Item-SMOMFRSH_SMOMFRSH-SUPERMOMS FRESH PASTRY DONUT_01.xlsx
09-14-19T16:30:49: Finished File: Supplier Item-SMOMFRSH_SMOMFRSH-SUPERMOMS FRESH PASTRY DONUT_01.xlsx
09-14-19T16:30:49: File created in final csv folder: Supplier Item-SMOMFRSH_SMOMFRSH-SUPERMOMS FRESH PASTRY DONUT_01.csv
09-14-19T16:30:49: ...
09-14-19T16:30:49: Processing File: Supplier Item-SMOMPKGD_SMOMPKGD-SUPERMOMS PREPKGD PASTRY_01.xlsx
09-14-19T16:30:53: Finished File: Supplier Item-SMOMPKGD_SMOMPKGD-SUPERMOMS PREPKGD PASTRY_01.xlsx
09-14-19T16:30:53: File created in final csv folder: Supplier Item-SMOMPKGD_SMOMPKGD-SUPERMOMS PREPKGD PASTRY_01.csv
09-14-19T16:30:53: ...
09-14-19T16:30:53: Processing File: Supplier Item-SMOMSAND_SMOMSAND-SUPERMOMS SANDWICH_01.xlsx
09-14-19T16:30:56: Finished File: Supplier Item-SMOMSAND_SMOMSAND-SUPERMOMS SANDWICH_01.xlsx
09-14-19T16:30:56: File created in final csv folder: Supplier Item-SMOMSAND_SMOMSAND-SUPERMOMS SANDWICH_01.csv
09-14-19T16:30:56: ...
09-14-19T16:30:56: Processing File: Supplier Item-SRATGALQ_SRATGALQ-SARATOGA LIQUOR CO m o_01.xlsx
09-14-19T16:30:59: Finished File: Supplier Item-SRATGALQ_SRATGALQ-SARATOGA LIQUOR CO m o_01.xlsx
09-14-19T16:30:59: File created in final csv folder: Supplier Item-SRATGALQ_SRATGALQ-SARATOGA LIQUOR CO m o_01.csv
09-14-19T16:30:59: ...
09-14-19T16:30:59: Processing File: Supplier Item-TOMBSTON_TOMBSTON-NESTLE PIZZA_01.xlsx
09-14-19T16:31:02: Finished File: Supplier Item-TOMBSTON_TOMBSTON-NESTLE PIZZA_01.xlsx
09-14-19T16:31:02: File created in final csv folder: Supplier Item-TOMBSTON_TOMBSTON-NESTLE PIZZA_01.csv
09-14-19T16:31:02: ...
09-14-19T16:31:02: Processing File: Supplier Item-VIKINGBV_VIKINGBV-VIKING BEVERAGES (CRS)(MN) m o_01.xlsx
09-14-19T16:31:05: Finished File: Supplier Item-VIKINGBV_VIKINGBV-VIKING BEVERAGES (CRS)(MN) m o_01.xlsx
09-14-19T16:31:05: File created in final csv folder: Supplier Item-VIKINGBV_VIKINGBV-VIKING BEVERAGES (CRS)(MN) m o_01.csv
09-14-19T16:31:05: ...
09-14-19T16:31:05: Processing File: Supplier Item-WAUKFAIR_WAUKFAIR-WAUKESHA COUNTY FAIR_01.xlsx
09-14-19T16:31:08: Finished File: Supplier Item-WAUKFAIR_WAUKFAIR-WAUKESHA COUNTY FAIR_01.xlsx
09-14-19T16:31:08: File created in final csv folder: Supplier Item-WAUKFAIR_WAUKFAIR-WAUKESHA COUNTY FAIR_01.csv
09-14-19T16:31:08: ...
09-14-19T16:31:08: End Log
