10-10-19T22:32:16: Start Log
10-10-19T22:32:16: Processing File: Supplier Item-EBYEAUCL_EBYEAUCL-EBY-BROWN (WI)_01_Duplicates_Removed.xlsx
10-10-19T22:32:18: Finished File: Supplier Item-EBYEAUCL_EBYEAUCL-EBY-BROWN (WI)_01_Duplicates_Removed.xlsx
10-10-19T22:32:18: File created in final csv folder: Supplier Item-EBYEAUCL_EBYEAUCL-EBY-BROWN (WI)_01_Duplicates_Removed.csv
10-10-19T22:32:18: ...
10-10-19T22:32:18: Processing File: Supplier Item-EBYEAUCL_EBYEAUCL-EBY-BROWN (WI)_02.xlsx
10-10-19T22:32:24: Finished File: Supplier Item-EBYEAUCL_EBYEAUCL-EBY-BROWN (WI)_02.xlsx
10-10-19T22:32:25: File created in final csv folder: Supplier Item-EBYEAUCL_EBYEAUCL-EBY-BROWN (WI)_02.csv
10-10-19T22:32:25: ...
10-10-19T22:32:25: Processing File: Supplier Item-EBYEAUCL_EBYEAUCL-EBY-BROWN (WI)_03.xlsx
10-10-19T22:32:29: Finished File: Supplier Item-EBYEAUCL_EBYEAUCL-EBY-BROWN (WI)_03.xlsx
10-10-19T22:32:29: File created in final csv folder: Supplier Item-EBYEAUCL_EBYEAUCL-EBY-BROWN (WI)_03.csv
10-10-19T22:32:29: ...
10-10-19T22:32:29: Processing File: Supplier Item-EBYEAUCL_EBYEAUCL-EBY-BROWN (WI)_04.xlsx
10-10-19T22:32:35: Finished File: Supplier Item-EBYEAUCL_EBYEAUCL-EBY-BROWN (WI)_04.xlsx
10-10-19T22:32:35: File created in final csv folder: Supplier Item-EBYEAUCL_EBYEAUCL-EBY-BROWN (WI)_04.csv
10-10-19T22:32:35: ...
10-10-19T22:32:35: Processing File: Supplier Item-EBYEAUCL_EBYEAUCL-EBY-BROWN (WI)_05.xlsx
10-10-19T22:32:41: Finished File: Supplier Item-EBYEAUCL_EBYEAUCL-EBY-BROWN (WI)_05.xlsx
10-10-19T22:32:41: File created in final csv folder: Supplier Item-EBYEAUCL_EBYEAUCL-EBY-BROWN (WI)_05.csv
10-10-19T22:32:41: ...
10-10-19T22:32:41: Processing File: Supplier Item-EBYEAUCL_EBYEAUCL-EBY-BROWN (WI)_06.xlsx
10-10-19T22:32:47: Finished File: Supplier Item-EBYEAUCL_EBYEAUCL-EBY-BROWN (WI)_06.xlsx
10-10-19T22:32:47: File created in final csv folder: Supplier Item-EBYEAUCL_EBYEAUCL-EBY-BROWN (WI)_06.csv
10-10-19T22:32:47: ...
10-10-19T22:32:47: Processing File: Supplier Item-EBYEAUCL_EBYEAUCL-EBY-BROWN (WI)_07.xlsx
10-10-19T22:32:52: Finished File: Supplier Item-EBYEAUCL_EBYEAUCL-EBY-BROWN (WI)_07.xlsx
10-10-19T22:32:52: File created in final csv folder: Supplier Item-EBYEAUCL_EBYEAUCL-EBY-BROWN (WI)_07.csv
10-10-19T22:32:52: ...
10-10-19T22:32:55: Processing File: Supplier Item-EBYEAUCL_EBYEAUCL-EBY-BROWN (WI)_08.xlsx
10-10-19T22:33:05: Finished File: Supplier Item-EBYEAUCL_EBYEAUCL-EBY-BROWN (WI)_08.xlsx
10-10-19T22:33:05: File created in final csv folder: Supplier Item-EBYEAUCL_EBYEAUCL-EBY-BROWN (WI)_08.csv
10-10-19T22:33:05: ...
10-10-19T22:33:05: Processing File: Supplier Item-EBYEAUCL_EBYEAUCL-EBY-BROWN (WI)_09.xlsx
10-10-19T22:33:12: Finished File: Supplier Item-EBYEAUCL_EBYEAUCL-EBY-BROWN (WI)_09.xlsx
10-10-19T22:33:12: File created in final csv folder: Supplier Item-EBYEAUCL_EBYEAUCL-EBY-BROWN (WI)_09.csv
10-10-19T22:33:12: ...
10-10-19T22:33:12: Processing File: Supplier Item-EBYEAUCL_EBYEAUCL-EBY-BROWN (WI)_10.xlsx
10-10-19T22:33:22: Finished File: Supplier Item-EBYEAUCL_EBYEAUCL-EBY-BROWN (WI)_10.xlsx
10-10-19T22:33:22: File created in final csv folder: Supplier Item-EBYEAUCL_EBYEAUCL-EBY-BROWN (WI)_10.csv
10-10-19T22:33:22: ...
10-10-19T22:33:22: Processing File: Supplier Item-EBYEAUCL_EBYEAUCL-EBY-BROWN (WI)_11.xlsx
10-10-19T22:33:27: Finished File: Supplier Item-EBYEAUCL_EBYEAUCL-EBY-BROWN (WI)_11.xlsx
10-10-19T22:33:27: File created in final csv folder: Supplier Item-EBYEAUCL_EBYEAUCL-EBY-BROWN (WI)_11.csv
10-10-19T22:33:27: ...
10-10-19T22:33:27: Processing File: Supplier Item-EBYEAUCL_EBYEAUCL-EBY-BROWN (WI)_12.xlsx
10-10-19T22:33:35: Finished File: Supplier Item-EBYEAUCL_EBYEAUCL-EBY-BROWN (WI)_12.xlsx
10-10-19T22:33:35: File created in final csv folder: Supplier Item-EBYEAUCL_EBYEAUCL-EBY-BROWN (WI)_12.csv
10-10-19T22:33:35: ...
10-10-19T22:33:35: Processing File: Supplier Item-EBYEAUCL_EBYEAUCL-EBY-BROWN (WI)_12_Duplicates_Removed.xlsx
10-10-19T22:33:42: Finished File: Supplier Item-EBYEAUCL_EBYEAUCL-EBY-BROWN (WI)_12_Duplicates_Removed.xlsx
10-10-19T22:33:45: File created in final csv folder: Supplier Item-EBYEAUCL_EBYEAUCL-EBY-BROWN (WI)_12_Duplicates_Removed.csv
10-10-19T22:33:45: ...
10-10-19T22:33:45: End Log
