05-09-19T10:14:30: Start Log
05-09-19T10:14:30: Processing File: Supplier Item-EBYAUROR_EBYAUROR-EBY-BROWN_01.xlsx
05-09-19T10:14:32: Finished File: Supplier Item-EBYAUROR_EBYAUROR-EBY-BROWN_01.xlsx
05-09-19T10:14:32: File created in final csv folder: Supplier Item-EBYAUROR_EBYAUROR-EBY-BROWN_01.csv
05-09-19T10:14:32: ...
05-09-19T10:14:32: Processing File: Supplier Item-EBYAUROR_EBYAUROR-EBY-BROWN_02.xlsx
05-09-19T10:14:34: Finished File: Supplier Item-EBYAUROR_EBYAUROR-EBY-BROWN_02.xlsx
05-09-19T10:14:34: File created in final csv folder: Supplier Item-EBYAUROR_EBYAUROR-EBY-BROWN_02.csv
05-09-19T10:14:34: ...
05-09-19T10:14:34: Processing File: Supplier Item-EBYAUROR_EBYAUROR-EBY-BROWN_03.xlsx
05-09-19T10:14:36: Finished File: Supplier Item-EBYAUROR_EBYAUROR-EBY-BROWN_03.xlsx
05-09-19T10:14:36: File created in final csv folder: Supplier Item-EBYAUROR_EBYAUROR-EBY-BROWN_03.csv
05-09-19T10:14:36: ...
05-09-19T10:14:36: Processing File: Supplier Item-EBYAUROR_EBYAUROR-EBY-BROWN_04.xlsx
05-09-19T10:14:39: Finished File: Supplier Item-EBYAUROR_EBYAUROR-EBY-BROWN_04.xlsx
05-09-19T10:14:39: File created in final csv folder: Supplier Item-EBYAUROR_EBYAUROR-EBY-BROWN_04.csv
05-09-19T10:14:39: ...
05-09-19T10:14:39: Processing File: Supplier Item-EBYAUROR_EBYAUROR-EBY-BROWN_05.xlsx
05-09-19T10:14:41: Finished File: Supplier Item-EBYAUROR_EBYAUROR-EBY-BROWN_05.xlsx
05-09-19T10:14:41: File created in final csv folder: Supplier Item-EBYAUROR_EBYAUROR-EBY-BROWN_05.csv
05-09-19T10:14:41: ...
05-09-19T10:14:41: Processing File: Supplier Item-EBYSPGFD_EBYSPGFD- EBY-BROWN SPRINGFIELD_01.xlsx
05-09-19T10:14:43: Finished File: Supplier Item-EBYSPGFD_EBYSPGFD- EBY-BROWN SPRINGFIELD_01.xlsx
05-09-19T10:14:43: File created in final csv folder: Supplier Item-EBYSPGFD_EBYSPGFD- EBY-BROWN SPRINGFIELD_01.csv
05-09-19T10:14:43: ...
05-09-19T10:14:43: Processing File: Supplier Item-EBYSPGFD_EBYSPGFD- EBY-BROWN SPRINGFIELD_02.xlsx
05-09-19T10:14:45: Finished File: Supplier Item-EBYSPGFD_EBYSPGFD- EBY-BROWN SPRINGFIELD_02.xlsx
05-09-19T10:14:45: File created in final csv folder: Supplier Item-EBYSPGFD_EBYSPGFD- EBY-BROWN SPRINGFIELD_02.csv
05-09-19T10:14:45: ...
05-09-19T10:14:45: Processing File: Supplier Item-EBYSPGFD_EBYSPGFD- EBY-BROWN SPRINGFIELD_03.xlsx
05-09-19T10:14:47: Finished File: Supplier Item-EBYSPGFD_EBYSPGFD- EBY-BROWN SPRINGFIELD_03.xlsx
05-09-19T10:14:47: File created in final csv folder: Supplier Item-EBYSPGFD_EBYSPGFD- EBY-BROWN SPRINGFIELD_03.csv
05-09-19T10:14:47: ...
05-09-19T10:14:47: Processing File: Supplier Item-EBYSPGFD_EBYSPGFD- EBY-BROWN SPRINGFIELD_04.xlsx
05-09-19T10:14:49: Finished File: Supplier Item-EBYSPGFD_EBYSPGFD- EBY-BROWN SPRINGFIELD_04.xlsx
05-09-19T10:14:49: File created in final csv folder: Supplier Item-EBYSPGFD_EBYSPGFD- EBY-BROWN SPRINGFIELD_04.csv
05-09-19T10:14:49: ...
05-09-19T10:14:50: Processing File: Supplier Item-EBYSPGFD_EBYSPGFD- EBY-BROWN SPRINGFIELD_05.xlsx
05-09-19T10:14:52: Finished File: Supplier Item-EBYSPGFD_EBYSPGFD- EBY-BROWN SPRINGFIELD_05.xlsx
05-09-19T10:14:52: File created in final csv folder: Supplier Item-EBYSPGFD_EBYSPGFD- EBY-BROWN SPRINGFIELD_05.csv
05-09-19T10:14:52: ...
05-09-19T10:14:52: End Log
