10-10-19T18:35:40: Start Log
10-10-19T18:35:40: Processing File: Supplier Item-EBYEAUCL_EBYEAUCL-EBY-BROWN (WI)_01.xlsx
10-10-19T18:35:43: Finished File: Supplier Item-EBYEAUCL_EBYEAUCL-EBY-BROWN (WI)_01.xlsx
10-10-19T18:35:43: File created in final csv folder: Supplier Item-EBYEAUCL_EBYEAUCL-EBY-BROWN (WI)_01.csv
10-10-19T18:35:43: ...
10-10-19T18:35:43: Processing File: Supplier Item-EBYEAUCL_EBYEAUCL-EBY-BROWN (WI)_02.xlsx
10-10-19T18:35:45: Finished File: Supplier Item-EBYEAUCL_EBYEAUCL-EBY-BROWN (WI)_02.xlsx
10-10-19T18:35:45: File created in final csv folder: Supplier Item-EBYEAUCL_EBYEAUCL-EBY-BROWN (WI)_02.csv
10-10-19T18:35:45: ...
10-10-19T18:35:45: Processing File: Supplier Item-EBYEAUCL_EBYEAUCL-EBY-BROWN (WI)_03.xlsx
10-10-19T18:35:48: Finished File: Supplier Item-EBYEAUCL_EBYEAUCL-EBY-BROWN (WI)_03.xlsx
10-10-19T18:35:48: File created in final csv folder: Supplier Item-EBYEAUCL_EBYEAUCL-EBY-BROWN (WI)_03.csv
10-10-19T18:35:48: ...
10-10-19T18:35:48: Processing File: Supplier Item-EBYEAUCL_EBYEAUCL-EBY-BROWN (WI)_04.xlsx
10-10-19T18:35:51: Finished File: Supplier Item-EBYEAUCL_EBYEAUCL-EBY-BROWN (WI)_04.xlsx
10-10-19T18:35:51: File created in final csv folder: Supplier Item-EBYEAUCL_EBYEAUCL-EBY-BROWN (WI)_04.csv
10-10-19T18:35:51: ...
10-10-19T18:35:51: Processing File: Supplier Item-EBYEAUCL_EBYEAUCL-EBY-BROWN (WI)_05.xlsx
10-10-19T18:35:53: Finished File: Supplier Item-EBYEAUCL_EBYEAUCL-EBY-BROWN (WI)_05.xlsx
10-10-19T18:35:53: File created in final csv folder: Supplier Item-EBYEAUCL_EBYEAUCL-EBY-BROWN (WI)_05.csv
10-10-19T18:35:53: ...
10-10-19T18:35:54: Processing File: Supplier Item-EBYEAUCL_EBYEAUCL-EBY-BROWN (WI)_06.xlsx
10-10-19T18:35:56: Finished File: Supplier Item-EBYEAUCL_EBYEAUCL-EBY-BROWN (WI)_06.xlsx
10-10-19T18:35:56: File created in final csv folder: Supplier Item-EBYEAUCL_EBYEAUCL-EBY-BROWN (WI)_06.csv
10-10-19T18:35:56: ...
10-10-19T18:35:56: Processing File: Supplier Item-EBYEAUCL_EBYEAUCL-EBY-BROWN (WI)_07.xlsx
10-10-19T18:35:59: Finished File: Supplier Item-EBYEAUCL_EBYEAUCL-EBY-BROWN (WI)_07.xlsx
10-10-19T18:35:59: File created in final csv folder: Supplier Item-EBYEAUCL_EBYEAUCL-EBY-BROWN (WI)_07.csv
10-10-19T18:35:59: ...
10-10-19T18:35:59: Processing File: Supplier Item-EBYEAUCL_EBYEAUCL-EBY-BROWN (WI)_08.xlsx
10-10-19T18:36:02: Finished File: Supplier Item-EBYEAUCL_EBYEAUCL-EBY-BROWN (WI)_08.xlsx
10-10-19T18:36:02: File created in final csv folder: Supplier Item-EBYEAUCL_EBYEAUCL-EBY-BROWN (WI)_08.csv
10-10-19T18:36:02: ...
10-10-19T18:36:02: Processing File: Supplier Item-EBYEAUCL_EBYEAUCL-EBY-BROWN (WI)_09.xlsx
10-10-19T18:36:04: Finished File: Supplier Item-EBYEAUCL_EBYEAUCL-EBY-BROWN (WI)_09.xlsx
10-10-19T18:36:04: File created in final csv folder: Supplier Item-EBYEAUCL_EBYEAUCL-EBY-BROWN (WI)_09.csv
10-10-19T18:36:04: ...
10-10-19T18:36:04: Processing File: Supplier Item-EBYEAUCL_EBYEAUCL-EBY-BROWN (WI)_10.xlsx
10-10-19T18:36:07: Finished File: Supplier Item-EBYEAUCL_EBYEAUCL-EBY-BROWN (WI)_10.xlsx
10-10-19T18:36:07: File created in final csv folder: Supplier Item-EBYEAUCL_EBYEAUCL-EBY-BROWN (WI)_10.csv
10-10-19T18:36:07: ...
10-10-19T18:36:07: Processing File: Supplier Item-EBYEAUCL_EBYEAUCL-EBY-BROWN (WI)_11.xlsx
10-10-19T18:36:09: Finished File: Supplier Item-EBYEAUCL_EBYEAUCL-EBY-BROWN (WI)_11.xlsx
10-10-19T18:36:09: File created in final csv folder: Supplier Item-EBYEAUCL_EBYEAUCL-EBY-BROWN (WI)_11.csv
10-10-19T18:36:09: ...
10-10-19T18:36:09: Processing File: Supplier Item-EBYEAUCL_EBYEAUCL-EBY-BROWN (WI)_12.xlsx
10-10-19T18:36:12: Finished File: Supplier Item-EBYEAUCL_EBYEAUCL-EBY-BROWN (WI)_12.xlsx
10-10-19T18:36:12: File created in final csv folder: Supplier Item-EBYEAUCL_EBYEAUCL-EBY-BROWN (WI)_12.csv
10-10-19T18:36:12: ...
10-10-19T18:36:12: End Log
