04-09-19T14:43:20: Start Log
04-09-19T14:43:20: Processing File: Supplier Item-BLMTN_BLMTN-BLUE MOUNTAIN ARTS  INC_01.xlsx
04-09-19T14:43:23: Finished File: Supplier Item-BLMTN_BLMTN-BLUE MOUNTAIN ARTS  INC_01.xlsx
04-09-19T14:43:23: File created in final csv folder: Supplier Item-BLMTN_BLMTN-BLUE MOUNTAIN ARTS  INC_01.csv
04-09-19T14:43:23: ...
04-09-19T14:43:23: Processing File: Supplier Item-DASDISTR_DASDISTR-DAS DISTRIBUTORS_01.xlsx
04-09-19T14:43:26: Finished File: Supplier Item-DASDISTR_DASDISTR-DAS DISTRIBUTORS_01.xlsx
04-09-19T14:43:26: File created in final csv folder: Supplier Item-DASDISTR_DASDISTR-DAS DISTRIBUTORS_01.csv
04-09-19T14:43:26: ...
04-09-19T14:43:26: Processing File: Supplier Item-DUTCHMN_DUTCHMN-Old Dutch Foods Inc_01.xlsx
04-09-19T14:43:29: Finished File: Supplier Item-DUTCHMN_DUTCHMN-Old Dutch Foods Inc_01.xlsx
04-09-19T14:43:29: File created in final csv folder: Supplier Item-DUTCHMN_DUTCHMN-Old Dutch Foods Inc_01.csv
04-09-19T14:43:29: ...
04-09-19T14:43:29: Processing File: Supplier Item-EASWEEN_EASWEEN-E A SWEEN COMPANY (MN)_01.xlsx
04-09-19T14:43:31: Finished File: Supplier Item-EASWEEN_EASWEEN-E A SWEEN COMPANY (MN)_01.xlsx
04-09-19T14:43:31: File created in final csv folder: Supplier Item-EASWEEN_EASWEEN-E A SWEEN COMPANY (MN)_01.csv
04-09-19T14:43:31: ...
04-09-19T14:43:32: Processing File: Supplier Item-FRITOEPO_FRITOASN-FRITO-LAY INC WESTERN ASN_01.xlsx
04-09-19T14:43:34: Finished File: Supplier Item-FRITOEPO_FRITOASN-FRITO-LAY INC WESTERN ASN_01.xlsx
04-09-19T14:43:34: File created in final csv folder: Supplier Item-FRITOEPO_FRITOASN-FRITO-LAY INC WESTERN ASN_01.csv
04-09-19T14:43:34: ...
04-09-19T14:43:34: Processing File: Supplier Item-FRITO_FRITO-FRITO-LAY INC WESTERN_01.xlsx
04-09-19T14:43:37: Finished File: Supplier Item-FRITO_FRITO-FRITO-LAY INC WESTERN_01.xlsx
04-09-19T14:43:37: File created in final csv folder: Supplier Item-FRITO_FRITO-FRITO-LAY INC WESTERN_01.csv
04-09-19T14:43:37: ...
04-09-19T14:43:37: Processing File: Supplier Item-FRITO_FRITO-FRITO-LAY INC WESTERN_01_Test_Dupe_BC.xlsx
04-09-19T14:43:41: Finished File: Supplier Item-FRITO_FRITO-FRITO-LAY INC WESTERN_01_Test_Dupe_BC.xlsx
04-09-19T14:43:41: File created in final csv folder: Supplier Item-FRITO_FRITO-FRITO-LAY INC WESTERN_01_Test_Dupe_BC.csv
04-09-19T14:43:41: ...
04-09-19T14:43:41: Processing File: Supplier Item-HCKNDSD_HCKNDSD- HACKNEY DSD_01.xlsx
04-09-19T14:43:43: Finished File: Supplier Item-HCKNDSD_HCKNDSD- HACKNEY DSD_01.xlsx
04-09-19T14:43:43: File created in final csv folder: Supplier Item-HCKNDSD_HCKNDSD- HACKNEY DSD_01.csv
04-09-19T14:43:43: ...
04-09-19T14:43:43: Processing File: Supplier Item-LYNCODIS_LYNCODIS-LYNCO DISTRIBUTION INC_01.xlsx
04-09-19T14:43:46: Finished File: Supplier Item-LYNCODIS_LYNCODIS-LYNCO DISTRIBUTION INC_01.xlsx
04-09-19T14:43:46: File created in final csv folder: Supplier Item-LYNCODIS_LYNCODIS-LYNCO DISTRIBUTION INC_01.csv
04-09-19T14:43:46: ...
04-09-19T14:43:47: Processing File: Supplier Item-PEPSILBN_PEPSILBN-PEPSI LOUISVILLE  LEBANON (KY)-asn_01.xlsx
04-09-19T14:43:50: Finished File: Supplier Item-PEPSILBN_PEPSILBN-PEPSI LOUISVILLE  LEBANON (KY)-asn_01.xlsx
04-09-19T14:43:50: File created in final csv folder: Supplier Item-PEPSILBN_PEPSILBN-PEPSI LOUISVILLE  LEBANON (KY)-asn_01.csv
04-09-19T14:43:50: ...
04-09-19T14:43:50: Processing File: Supplier Item-SANDSTRM_SANDSTRM-Sandstrom's_01.xlsx
04-09-19T14:43:53: Finished File: Supplier Item-SANDSTRM_SANDSTRM-Sandstrom's_01.xlsx
04-09-19T14:43:53: File created in final csv folder: Supplier Item-SANDSTRM_SANDSTRM-Sandstrom's_01.csv
04-09-19T14:43:53: ...
04-09-19T14:43:53: Processing File: Supplier Item-SMOMSAND_SMOMSAND-SUPERMOMS SANDWICH_01.xlsx
04-09-19T14:43:57: Finished File: Supplier Item-SMOMSAND_SMOMSAND-SUPERMOMS SANDWICH_01.xlsx
04-09-19T14:43:57: File created in final csv folder: Supplier Item-SMOMSAND_SMOMSAND-SUPERMOMS SANDWICH_01.csv
04-09-19T14:43:57: ...
04-09-19T14:43:57: Processing File: Supplier Item-STUCKEYS_STUCKEYS-STUCKEYS CORPORATION_01.xlsx
04-09-19T14:44:00: Finished File: Supplier Item-STUCKEYS_STUCKEYS-STUCKEYS CORPORATION_01.xlsx
04-09-19T14:44:00: File created in final csv folder: Supplier Item-STUCKEYS_STUCKEYS-STUCKEYS CORPORATION_01.csv
04-09-19T14:44:00: ...
04-09-19T14:44:00: End Log
