09-14-19T17:36:54: Start Log
09-14-19T17:36:54: Processing File: Supplier Item-ACEICECO_F ACEICECO - ACE ICE COMPANY_01.xlsx
09-14-19T17:36:56: Finished File: Supplier Item-ACEICECO_F ACEICECO - ACE ICE COMPANY_01.xlsx
09-14-19T17:36:56: File created in final csv folder: Supplier Item-ACEICECO_F ACEICECO - ACE ICE COMPANY_01.csv
09-14-19T17:36:56: ...
09-14-19T17:36:56: Processing File: Supplier Item-AMERMFG_F AMERMFG - MID AMERICA MFG & DIST_01.xlsx
09-14-19T17:36:58: Finished File: Supplier Item-AMERMFG_F AMERMFG - MID AMERICA MFG & DIST_01.xlsx
09-14-19T17:36:58: File created in final csv folder: Supplier Item-AMERMFG_F AMERMFG - MID AMERICA MFG & DIST_01.csv
09-14-19T17:36:58: ...
09-14-19T17:36:58: Processing File: Supplier Item-AMEXPRES_F AMEXPRES - AM EXPRESS DYNAMEX_01.xlsx
09-14-19T17:36:59: Finished File: Supplier Item-AMEXPRES_F AMEXPRES - AM EXPRESS DYNAMEX_01.xlsx
09-14-19T17:36:59: File created in final csv folder: Supplier Item-AMEXPRES_F AMEXPRES - AM EXPRESS DYNAMEX_01.csv
09-14-19T17:36:59: ...
09-14-19T17:36:59: Processing File: Supplier Item-AMRICE_F AMRICE - AMERICAN ICE_01.xlsx
09-14-19T17:37:01: Finished File: Supplier Item-AMRICE_F AMRICE - AMERICAN ICE_01.xlsx
09-14-19T17:37:01: File created in final csv folder: Supplier Item-AMRICE_F AMRICE - AMERICAN ICE_01.csv
09-14-19T17:37:01: ...
09-14-19T17:37:01: Processing File: Supplier Item-ANOKA_F ANOKA - ANOKA COUNTY_01.xlsx
09-14-19T17:37:02: Finished File: Supplier Item-ANOKA_F ANOKA - ANOKA COUNTY_01.xlsx
09-14-19T17:37:02: File created in final csv folder: Supplier Item-ANOKA_F ANOKA - ANOKA COUNTY_01.csv
09-14-19T17:37:02: ...
09-14-19T17:37:02: Processing File: Supplier Item-ARGUS_F ARGUS - ARGUS LEADER_01.xlsx
09-14-19T17:37:04: Finished File: Supplier Item-ARGUS_F ARGUS - ARGUS LEADER_01.xlsx
09-14-19T17:37:04: File created in final csv folder: Supplier Item-ARGUS_F ARGUS - ARGUS LEADER_01.csv
09-14-19T17:37:04: ...
09-14-19T17:37:04: Processing File: Supplier Item-ARNESON_F ARNESON - ARNESON DISTRIBUTING CO_01.xlsx
09-14-19T17:37:06: Finished File: Supplier Item-ARNESON_F ARNESON - ARNESON DISTRIBUTING CO_01.xlsx
09-14-19T17:37:06: File created in final csv folder: Supplier Item-ARNESON_F ARNESON - ARNESON DISTRIBUTING CO_01.csv
09-14-19T17:37:06: ...
09-14-19T17:37:06: Processing File: Supplier Item-BADGER_F BADGER - BADGER WEST_01.xlsx
09-14-19T17:37:07: Finished File: Supplier Item-BADGER_F BADGER - BADGER WEST_01.xlsx
09-14-19T17:37:07: File created in final csv folder: Supplier Item-BADGER_F BADGER - BADGER WEST_01.csv
09-14-19T17:37:07: ...
09-14-19T17:37:07: Processing File: Supplier Item-BEERCENT_F BEERCENT - BEER CENTRAL_01.xlsx
09-14-19T17:37:08: Finished File: Supplier Item-BEERCENT_F BEERCENT - BEER CENTRAL_01.xlsx
09-14-19T17:37:08: File created in final csv folder: Supplier Item-BEERCENT_F BEERCENT - BEER CENTRAL_01.csv
09-14-19T17:37:08: ...
09-14-19T17:37:09: Processing File: Supplier Item-BLUERHINO_F BLUERHINO - BLUE RHINO_01.xlsx
09-14-19T17:37:10: Finished File: Supplier Item-BLUERHINO_F BLUERHINO - BLUE RHINO_01.xlsx
09-14-19T17:37:10: File created in final csv folder: Supplier Item-BLUERHINO_F BLUERHINO - BLUE RHINO_01.csv
09-14-19T17:37:10: ...
09-14-19T17:37:10: Processing File: Supplier Item-BRAINERD_F BRAINERD - BRAINERD DISPATCH_01.xlsx
09-14-19T17:37:11: Finished File: Supplier Item-BRAINERD_F BRAINERD - BRAINERD DISPATCH_01.xlsx
09-14-19T17:37:11: File created in final csv folder: Supplier Item-BRAINERD_F BRAINERD - BRAINERD DISPATCH_01.csv
09-14-19T17:37:11: ...
09-14-19T17:37:11: Processing File: Supplier Item-BULLETIN_F BULLETIN - POST-BULLETIN CO_01.xlsx
09-14-19T17:37:12: Finished File: Supplier Item-BULLETIN_F BULLETIN - POST-BULLETIN CO_01.xlsx
09-14-19T17:37:12: File created in final csv folder: Supplier Item-BULLETIN_F BULLETIN - POST-BULLETIN CO_01.csv
09-14-19T17:37:12: ...
09-14-19T17:37:12: Processing File: Supplier Item-BUNDLES_F BUNDLES - BUNDLES OF NEWS_01.xlsx
09-14-19T17:37:14: Finished File: Supplier Item-BUNDLES_F BUNDLES - BUNDLES OF NEWS_01.xlsx
09-14-19T17:37:14: File created in final csv folder: Supplier Item-BUNDLES_F BUNDLES - BUNDLES OF NEWS_01.csv
09-14-19T17:37:14: ...
09-14-19T17:37:14: Processing File: Supplier Item-BURNETT_F BURNETT - BURNETT DAIRY_01.xlsx
09-14-19T17:37:15: Finished File: Supplier Item-BURNETT_F BURNETT - BURNETT DAIRY_01.xlsx
09-14-19T17:37:15: File created in final csv folder: Supplier Item-BURNETT_F BURNETT - BURNETT DAIRY_01.csv
09-14-19T17:37:15: ...
09-14-19T17:37:15: Processing File: Supplier Item-BUSTED_F BUSTED - BUSTED_01.xlsx
09-14-19T17:37:16: Finished File: Supplier Item-BUSTED_F BUSTED - BUSTED_01.xlsx
09-14-19T17:37:16: File created in final csv folder: Supplier Item-BUSTED_F BUSTED - BUSTED_01.csv
09-14-19T17:37:16: ...
09-14-19T17:37:16: Processing File: Supplier Item-CARGILL_F CARGILL - CARGILL INC-SALT DIVISION_01.xlsx
09-14-19T17:37:17: Finished File: Supplier Item-CARGILL_F CARGILL - CARGILL INC-SALT DIVISION_01.xlsx
09-14-19T17:37:17: File created in final csv folder: Supplier Item-CARGILL_F CARGILL - CARGILL INC-SALT DIVISION_01.csv
09-14-19T17:37:17: ...
09-14-19T17:37:17: Processing File: Supplier Item-CARHARTT_F CARHARTT - CARHARTT_01.xlsx
09-14-19T17:37:19: Finished File: Supplier Item-CARHARTT_F CARHARTT - CARHARTT_01.xlsx
09-14-19T17:37:19: File created in final csv folder: Supplier Item-CARHARTT_F CARHARTT - CARHARTT_01.csv
09-14-19T17:37:19: ...
09-14-19T17:37:19: Processing File: Supplier Item-CASEYNEW_F CASEYNEW - CASEY NEWS_01.xlsx
09-14-19T17:37:20: Finished File: Supplier Item-CASEYNEW_F CASEYNEW - CASEY NEWS_01.xlsx
09-14-19T17:37:20: File created in final csv folder: Supplier Item-CASEYNEW_F CASEYNEW - CASEY NEWS_01.csv
09-14-19T17:37:20: ...
09-14-19T17:37:20: Processing File: Supplier Item-CBDIST_F CBDIST - CB DISTRIBUTORS INC_01.xlsx
09-14-19T17:37:21: Finished File: Supplier Item-CBDIST_F CBDIST - CB DISTRIBUTORS INC_01.xlsx
09-14-19T17:37:21: File created in final csv folder: Supplier Item-CBDIST_F CBDIST - CB DISTRIBUTORS INC_01.csv
09-14-19T17:37:21: ...
09-14-19T17:37:21: Processing File: Supplier Item-CENTRLWD_F CENTRLWD - CENTRAL WOOD PRODUCTS_01.xlsx
09-14-19T17:37:23: Finished File: Supplier Item-CENTRLWD_F CENTRLWD - CENTRAL WOOD PRODUCTS_01.xlsx
09-14-19T17:37:23: File created in final csv folder: Supplier Item-CENTRLWD_F CENTRLWD - CENTRAL WOOD PRODUCTS_01.csv
09-14-19T17:37:23: ...
09-14-19T17:37:23: Processing File: Supplier Item-CLDSPRNG_F CLDSPRNG - COLD SPRING_01.xlsx
09-14-19T17:37:24: Finished File: Supplier Item-CLDSPRNG_F CLDSPRNG - COLD SPRING_01.xlsx
09-14-19T17:37:24: File created in final csv folder: Supplier Item-CLDSPRNG_F CLDSPRNG - COLD SPRING_01.csv
09-14-19T17:37:24: ...
09-14-19T17:37:24: Processing File: Supplier Item-CNRTYMT_F CNRTYMT - COUNTRY FRESH MEATS_01.xlsx
09-14-19T17:37:25: Finished File: Supplier Item-CNRTYMT_F CNRTYMT - COUNTRY FRESH MEATS_01.xlsx
09-14-19T17:37:25: File created in final csv folder: Supplier Item-CNRTYMT_F CNRTYMT - COUNTRY FRESH MEATS_01.csv
09-14-19T17:37:25: ...
09-14-19T17:37:25: Processing File: Supplier Item-DALENEWS_F DALENEWS - DALE'S NEWS SERVICE_01.xlsx
09-14-19T17:37:27: Finished File: Supplier Item-DALENEWS_F DALENEWS - DALE'S NEWS SERVICE_01.xlsx
09-14-19T17:37:27: File created in final csv folder: Supplier Item-DALENEWS_F DALENEWS - DALE'S NEWS SERVICE_01.csv
09-14-19T17:37:27: ...
09-14-19T17:37:27: Processing File: Supplier Item-DOOLEYS_F DOOLEYS - DOOLEY'S PROPANE_01.xlsx
09-14-19T17:37:28: Finished File: Supplier Item-DOOLEYS_F DOOLEYS - DOOLEY'S PROPANE_01.xlsx
09-14-19T17:37:28: File created in final csv folder: Supplier Item-DOOLEYS_F DOOLEYS - DOOLEY'S PROPANE_01.csv
09-14-19T17:37:28: ...
09-14-19T17:37:28: Processing File: Supplier Item-DUNLAY_F DUNLAY - DUNLAY DISTRIBUTION_01.xlsx
09-14-19T17:37:29: Finished File: Supplier Item-DUNLAY_F DUNLAY - DUNLAY DISTRIBUTION_01.xlsx
09-14-19T17:37:29: File created in final csv folder: Supplier Item-DUNLAY_F DUNLAY - DUNLAY DISTRIBUTION_01.csv
09-14-19T17:37:29: ...
09-14-19T17:37:30: Processing File: Supplier Item-ECHOPUB_F ECHOPUB - ECHO PUBLISHING_01.xlsx
09-14-19T17:37:31: Finished File: Supplier Item-ECHOPUB_F ECHOPUB - ECHO PUBLISHING_01.xlsx
09-14-19T17:37:31: File created in final csv folder: Supplier Item-ECHOPUB_F ECHOPUB - ECHO PUBLISHING_01.csv
09-14-19T17:37:31: ...
09-14-19T17:37:31: Processing File: Supplier Item-EILEENS_F EILEENS - EILEEN'S CANDIES_01.xlsx
09-14-19T17:37:32: Finished File: Supplier Item-EILEENS_F EILEENS - EILEEN'S CANDIES_01.xlsx
09-14-19T17:37:32: File created in final csv folder: Supplier Item-EILEENS_F EILEENS - EILEEN'S CANDIES_01.csv
09-14-19T17:37:32: ...
09-14-19T17:37:32: Processing File: Supplier Item-FACMOTOR_F FACMOTOR - FACTORY MOTOR PARTS_01.xlsx
09-14-19T17:37:33: Finished File: Supplier Item-FACMOTOR_F FACMOTOR - FACTORY MOTOR PARTS_01.xlsx
09-14-19T17:37:33: File created in final csv folder: Supplier Item-FACMOTOR_F FACMOTOR - FACTORY MOTOR PARTS_01.csv
09-14-19T17:37:33: ...
09-14-19T17:37:33: Processing File: Supplier Item-FAIRNEWS_F FAIRNEWS - FARIBAULT DAILY NEWS_01.xlsx
09-14-19T17:37:35: Finished File: Supplier Item-FAIRNEWS_F FAIRNEWS - FARIBAULT DAILY NEWS_01.xlsx
09-14-19T17:37:35: File created in final csv folder: Supplier Item-FAIRNEWS_F FAIRNEWS - FARIBAULT DAILY NEWS_01.csv
09-14-19T17:37:35: ...
09-14-19T17:37:35: Processing File: Supplier Item-FIREHOUS_F FIREHOUS - FIREHOUSE PIZZA_01.xlsx
09-14-19T17:37:36: Finished File: Supplier Item-FIREHOUS_F FIREHOUS - FIREHOUSE PIZZA_01.xlsx
09-14-19T17:37:36: File created in final csv folder: Supplier Item-FIREHOUS_F FIREHOUS - FIREHOUSE PIZZA_01.csv
09-14-19T17:37:36: ...
09-14-19T17:37:36: Processing File: Supplier Item-GRANDY_F GRANDY - GRANDY DAIRY INC_01.xlsx
09-14-19T17:37:37: Finished File: Supplier Item-GRANDY_F GRANDY - GRANDY DAIRY INC_01.xlsx
09-14-19T17:37:37: File created in final csv folder: Supplier Item-GRANDY_F GRANDY - GRANDY DAIRY INC_01.csv
09-14-19T17:37:37: ...
09-14-19T17:37:37: Processing File: Supplier Item-HAPPYGR_F HAPPYGR - HAPPY GREETINGS_01.xlsx
09-14-19T17:37:38: Finished File: Supplier Item-HAPPYGR_F HAPPYGR - HAPPY GREETINGS_01.xlsx
09-14-19T17:37:38: File created in final csv folder: Supplier Item-HAPPYGR_F HAPPYGR - HAPPY GREETINGS_01.csv
09-14-19T17:37:38: ...
09-14-19T17:37:38: Processing File: Supplier Item-HEGERS_F HEGERS - HEGER'S DAIRY_01.xlsx
09-14-19T17:37:39: Finished File: Supplier Item-HEGERS_F HEGERS - HEGER'S DAIRY_01.xlsx
09-14-19T17:37:39: File created in final csv folder: Supplier Item-HEGERS_F HEGERS - HEGER'S DAIRY_01.csv
09-14-19T17:37:39: ...
09-14-19T17:37:39: Processing File: Supplier Item-HOPBAREL_F HOPBAREL - HOP & BARREL BREWING COMPANY_01.xlsx
09-14-19T17:37:40: Finished File: Supplier Item-HOPBAREL_F HOPBAREL - HOP & BARREL BREWING COMPANY_01.xlsx
09-14-19T17:37:40: File created in final csv folder: Supplier Item-HOPBAREL_F HOPBAREL - HOP & BARREL BREWING COMPANY_01.csv
09-14-19T17:37:40: ...
09-14-19T17:37:40: Processing File: Supplier Item-INDPNDNT_F INDPNDNT - INDEPENDENT REVIEW_01.xlsx
09-14-19T17:37:41: Finished File: Supplier Item-INDPNDNT_F INDPNDNT - INDEPENDENT REVIEW_01.xlsx
09-14-19T17:37:41: File created in final csv folder: Supplier Item-INDPNDNT_F INDPNDNT - INDEPENDENT REVIEW_01.csv
09-14-19T17:37:41: ...
09-14-19T17:37:41: Processing File: Supplier Item-JEROMES_F JEROMES - JEROMES_01.xlsx
09-14-19T17:37:42: Finished File: Supplier Item-JEROMES_F JEROMES - JEROMES_01.xlsx
09-14-19T17:37:42: File created in final csv folder: Supplier Item-JEROMES_F JEROMES - JEROMES_01.csv
09-14-19T17:37:42: ...
09-14-19T17:37:42: Processing File: Supplier Item-JIMCHEES_F JIMCHEES - JIM'S CHEESE PANTRY INC_01.xlsx
09-14-19T17:37:43: Finished File: Supplier Item-JIMCHEES_F JIMCHEES - JIM'S CHEESE PANTRY INC_01.xlsx
09-14-19T17:37:43: File created in final csv folder: Supplier Item-JIMCHEES_F JIMCHEES - JIM'S CHEESE PANTRY INC_01.csv
09-14-19T17:37:43: ...
09-14-19T17:37:43: Processing File: Supplier Item-JOHNFEED_F JOHNFEED - JOHNSON FEED CO_01.xlsx
09-14-19T17:37:45: Finished File: Supplier Item-JOHNFEED_F JOHNFEED - JOHNSON FEED CO_01.xlsx
09-14-19T17:37:45: File created in final csv folder: Supplier Item-JOHNFEED_F JOHNFEED - JOHNSON FEED CO_01.csv
09-14-19T17:37:45: ...
09-14-19T17:37:45: Processing File: Supplier Item-JPRDIST_F JPRDIST - JPR DISTRIBUTION_01.xlsx
09-14-19T17:37:46: Finished File: Supplier Item-JPRDIST_F JPRDIST - JPR DISTRIBUTION_01.xlsx
09-14-19T17:37:46: File created in final csv folder: Supplier Item-JPRDIST_F JPRDIST - JPR DISTRIBUTION_01.csv
09-14-19T17:37:46: ...
09-14-19T17:37:46: Processing File: Supplier Item-KATHFUEL_F KATHFUEL - KATH FUEL OIL SERVICE_01.xlsx
09-14-19T17:37:47: Finished File: Supplier Item-KATHFUEL_F KATHFUEL - KATH FUEL OIL SERVICE_01.xlsx
09-14-19T17:37:47: File created in final csv folder: Supplier Item-KATHFUEL_F KATHFUEL - KATH FUEL OIL SERVICE_01.csv
09-14-19T17:37:47: ...
09-14-19T17:37:47: Processing File: Supplier Item-KINCO_F KINCO - KINCO LLC_01.xlsx
09-14-19T17:37:48: Finished File: Supplier Item-KINCO_F KINCO - KINCO LLC_01.xlsx
09-14-19T17:37:48: File created in final csv folder: Supplier Item-KINCO_F KINCO - KINCO LLC_01.csv
09-14-19T17:37:48: ...
09-14-19T17:37:48: Processing File: Supplier Item-KRIEGER_F KRIEGER - KRIEGER BEVERAGE_01.xlsx
09-14-19T17:37:49: Finished File: Supplier Item-KRIEGER_F KRIEGER - KRIEGER BEVERAGE_01.xlsx
09-14-19T17:37:49: File created in final csv folder: Supplier Item-KRIEGER_F KRIEGER - KRIEGER BEVERAGE_01.csv
09-14-19T17:37:49: ...
09-14-19T17:37:49: Processing File: Supplier Item-LAIDLAW_F LAIDLAW - LAIDLAW SALES_01.xlsx
09-14-19T17:37:50: Finished File: Supplier Item-LAIDLAW_F LAIDLAW - LAIDLAW SALES_01.xlsx
09-14-19T17:37:50: File created in final csv folder: Supplier Item-LAIDLAW_F LAIDLAW - LAIDLAW SALES_01.csv
09-14-19T17:37:50: ...
09-14-19T17:37:50: Processing File: Supplier Item-LAKEDIST_F LAKEDIST - LAKES DIST._01.xlsx
09-14-19T17:37:52: Finished File: Supplier Item-LAKEDIST_F LAKEDIST - LAKES DIST._01.xlsx
09-14-19T17:37:52: File created in final csv folder: Supplier Item-LAKEDIST_F LAKEDIST - LAKES DIST._01.csv
09-14-19T17:37:52: ...
09-14-19T17:37:52: Processing File: Supplier Item-LEDGER_F LEDGER - THE LEDGER_01.xlsx
09-14-19T17:37:53: Finished File: Supplier Item-LEDGER_F LEDGER - THE LEDGER_01.xlsx
09-14-19T17:37:53: File created in final csv folder: Supplier Item-LEDGER_F LEDGER - THE LEDGER_01.csv
09-14-19T17:37:53: ...
09-14-19T17:37:53: Processing File: Supplier Item-LESUER_F LESUER - LESUER NEWS_01.xlsx
09-14-19T17:37:54: Finished File: Supplier Item-LESUER_F LESUER - LESUER NEWS_01.xlsx
09-14-19T17:37:54: File created in final csv folder: Supplier Item-LESUER_F LESUER - LESUER NEWS_01.csv
09-14-19T17:37:54: ...
09-14-19T17:37:54: Processing File: Supplier Item-LINKSNCK_F LINKSNCK - LINKS SNACKS_01.xlsx
09-14-19T17:37:55: Finished File: Supplier Item-LINKSNCK_F LINKSNCK - LINKS SNACKS_01.xlsx
09-14-19T17:37:55: File created in final csv folder: Supplier Item-LINKSNCK_F LINKSNCK - LINKS SNACKS_01.csv
09-14-19T17:37:55: ...
09-14-19T17:37:55: Processing File: Supplier Item-LIQUIDMN_F LIQUIDMN - LIQUID MANAGEMENT_01.xlsx
09-14-19T17:37:56: Finished File: Supplier Item-LIQUIDMN_F LIQUIDMN - LIQUID MANAGEMENT_01.xlsx
09-14-19T17:37:56: File created in final csv folder: Supplier Item-LIQUIDMN_F LIQUIDMN - LIQUID MANAGEMENT_01.csv
09-14-19T17:37:56: ...
09-14-19T17:37:56: Processing File: Supplier Item-LIVEWIRE_F LIVEWIRE - LIVEWIRE PRINTING_01.xlsx
09-14-19T17:37:58: Finished File: Supplier Item-LIVEWIRE_F LIVEWIRE - LIVEWIRE PRINTING_01.xlsx
09-14-19T17:37:58: File created in final csv folder: Supplier Item-LIVEWIRE_F LIVEWIRE - LIVEWIRE PRINTING_01.csv
09-14-19T17:37:58: ...
09-14-19T17:37:58: Processing File: Supplier Item-MIDWEST_F MIDWEST - MIDWEST SUPPLY_01.xlsx
09-14-19T17:37:59: Finished File: Supplier Item-MIDWEST_F MIDWEST - MIDWEST SUPPLY_01.xlsx
09-14-19T17:37:59: File created in final csv folder: Supplier Item-MIDWEST_F MIDWEST - MIDWEST SUPPLY_01.csv
09-14-19T17:37:59: ...
09-14-19T17:37:59: Processing File: Supplier Item-MSDISTR_F MSDISTR - M&S UP NORTH DISTRIBUTING LLC_01.xlsx
09-14-19T17:38:00: Finished File: Supplier Item-MSDISTR_F MSDISTR - M&S UP NORTH DISTRIBUTING LLC_01.xlsx
09-14-19T17:38:00: File created in final csv folder: Supplier Item-MSDISTR_F MSDISTR - M&S UP NORTH DISTRIBUTING LLC_01.csv
09-14-19T17:38:00: ...
09-14-19T17:38:00: Processing File: Supplier Item-NEBOLGHT_F NEBOLGHT - NEBO LIGHTS_01.xlsx
09-14-19T17:38:01: Finished File: Supplier Item-NEBOLGHT_F NEBOLGHT - NEBO LIGHTS_01.xlsx
09-14-19T17:38:01: File created in final csv folder: Supplier Item-NEBOLGHT_F NEBOLGHT - NEBO LIGHTS_01.csv
09-14-19T17:38:01: ...
09-14-19T17:38:01: Processing File: Supplier Item-NEEDHAM_F NEEDHAM - NEEDHAM DISTRIBUTING CO._01.xlsx
09-14-19T17:38:02: Finished File: Supplier Item-NEEDHAM_F NEEDHAM - NEEDHAM DISTRIBUTING CO._01.xlsx
09-14-19T17:38:02: File created in final csv folder: Supplier Item-NEEDHAM_F NEEDHAM - NEEDHAM DISTRIBUTING CO._01.csv
09-14-19T17:38:02: ...
09-14-19T17:38:02: Processing File: Supplier Item-NRTHNBAT_F NRTHNBAT - NORTHERN BATTERY_01.xlsx
09-14-19T17:38:03: Finished File: Supplier Item-NRTHNBAT_F NRTHNBAT - NORTHERN BATTERY_01.xlsx
09-14-19T17:38:03: File created in final csv folder: Supplier Item-NRTHNBAT_F NRTHNBAT - NORTHERN BATTERY_01.csv
09-14-19T17:38:03: ...
09-14-19T17:38:03: Processing File: Supplier Item-PEPCHAM_F PEPCHAM - PEPSI-COLA CHAMBERLAIN_01.xlsx
09-14-19T17:38:04: Finished File: Supplier Item-PEPCHAM_F PEPCHAM - PEPSI-COLA CHAMBERLAIN_01.xlsx
09-14-19T17:38:04: File created in final csv folder: Supplier Item-PEPCHAM_F PEPCHAM - PEPSI-COLA CHAMBERLAIN_01.csv
09-14-19T17:38:04: ...
09-14-19T17:38:04: Processing File: Supplier Item-PEPESTHR_F PEPESTHR - PEPSI BOTTLING CO OF ESTHERVILLE_01.xlsx
09-14-19T17:38:05: Finished File: Supplier Item-PEPESTHR_F PEPESTHR - PEPSI BOTTLING CO OF ESTHERVILLE_01.xlsx
09-14-19T17:38:05: File created in final csv folder: Supplier Item-PEPESTHR_F PEPESTHR - PEPSI BOTTLING CO OF ESTHERVILLE_01.csv
09-14-19T17:38:06: ...
09-14-19T17:38:06: Processing File: Supplier Item-PEPMANK_F PEPMANK - PEPSI-COLA COMPANY OF MANKATO GILLETTE_01.xlsx
09-14-19T17:38:07: Finished File: Supplier Item-PEPMANK_F PEPMANK - PEPSI-COLA COMPANY OF MANKATO GILLETTE_01.xlsx
09-14-19T17:38:07: File created in final csv folder: Supplier Item-PEPMANK_F PEPMANK - PEPSI-COLA COMPANY OF MANKATO GILLETTE_01.csv
09-14-19T17:38:07: ...
09-14-19T17:38:07: Processing File: Supplier Item-PEPPBC_F PEPPBC - PEPSI PBC ORTONVILLE_01.xlsx
09-14-19T17:38:08: Finished File: Supplier Item-PEPPBC_F PEPPBC - PEPSI PBC ORTONVILLE_01.xlsx
09-14-19T17:38:08: File created in final csv folder: Supplier Item-PEPPBC_F PEPPBC - PEPSI PBC ORTONVILLE_01.csv
09-14-19T17:38:08: ...
09-14-19T17:38:08: Processing File: Supplier Item-PEPROCH_F PEPROCH - PEPSI-COLA BOTTLING CO. OF ROCHESTER_01.xlsx
09-14-19T17:38:09: Finished File: Supplier Item-PEPROCH_F PEPROCH - PEPSI-COLA BOTTLING CO. OF ROCHESTER_01.xlsx
09-14-19T17:38:09: File created in final csv folder: Supplier Item-PEPROCH_F PEPROCH - PEPSI-COLA BOTTLING CO. OF ROCHESTER_01.csv
09-14-19T17:38:09: ...
09-14-19T17:38:09: Processing File: Supplier Item-PEPTWIN_F PEPTWIN - PEPSI TWIN CITIES_02.xlsx
09-14-19T17:38:10: Finished File: Supplier Item-PEPTWIN_F PEPTWIN - PEPSI TWIN CITIES_02.xlsx
09-14-19T17:38:10: File created in final csv folder: Supplier Item-PEPTWIN_F PEPTWIN - PEPSI TWIN CITIES_02.csv
09-14-19T17:38:10: ...
09-14-19T17:38:10: Processing File: Supplier Item-PEPTWIN_F PEPTWIN - PEPSI TWIN CITIES_03.xlsx
09-14-19T17:38:11: Finished File: Supplier Item-PEPTWIN_F PEPTWIN - PEPSI TWIN CITIES_03.xlsx
09-14-19T17:38:11: File created in final csv folder: Supplier Item-PEPTWIN_F PEPTWIN - PEPSI TWIN CITIES_03.csv
09-14-19T17:38:11: ...
09-14-19T17:38:11: Processing File: Supplier Item-PIONEER_F PIONEER - ST PAUL PIONEER PRESS_01.xlsx
09-14-19T17:38:12: Finished File: Supplier Item-PIONEER_F PIONEER - ST PAUL PIONEER PRESS_01.xlsx
09-14-19T17:38:12: File created in final csv folder: Supplier Item-PIONEER_F PIONEER - ST PAUL PIONEER PRESS_01.csv
09-14-19T17:38:12: ...
09-14-19T17:38:12: Processing File: Supplier Item-PLMADIST_F PLMADIST - PALMA DISTRIBUTION - TAKIS_01.xlsx
09-14-19T17:38:13: Finished File: Supplier Item-PLMADIST_F PLMADIST - PALMA DISTRIBUTION - TAKIS_01.xlsx
09-14-19T17:38:13: File created in final csv folder: Supplier Item-PLMADIST_F PLMADIST - PALMA DISTRIBUTION - TAKIS_01.csv
09-14-19T17:38:13: ...
09-14-19T17:38:13: Processing File: Supplier Item-POLKADOT_F POLKADOT - POLKA DOT DAIRY_01.xlsx
09-14-19T17:38:15: Finished File: Supplier Item-POLKADOT_F POLKADOT - POLKA DOT DAIRY_01.xlsx
09-14-19T17:38:15: File created in final csv folder: Supplier Item-POLKADOT_F POLKADOT - POLKA DOT DAIRY_01.csv
09-14-19T17:38:15: ...
09-14-19T17:38:15: Processing File: Supplier Item-PRESSTME_F PRESSTME - PRESS TIME DELIVERY LLC_01.xlsx
09-14-19T17:38:16: Finished File: Supplier Item-PRESSTME_F PRESSTME - PRESS TIME DELIVERY LLC_01.xlsx
09-14-19T17:38:16: File created in final csv folder: Supplier Item-PRESSTME_F PRESSTME - PRESS TIME DELIVERY LLC_01.csv
09-14-19T17:38:16: ...
09-14-19T17:38:16: Processing File: Supplier Item-PRGUETIM_F PRGUETIM - NEW PRAGUE TIMES_01.xlsx
09-14-19T17:38:17: Finished File: Supplier Item-PRGUETIM_F PRGUETIM - NEW PRAGUE TIMES_01.xlsx
09-14-19T17:38:17: File created in final csv folder: Supplier Item-PRGUETIM_F PRGUETIM - NEW PRAGUE TIMES_01.csv
09-14-19T17:38:17: ...
09-14-19T17:38:17: Processing File: Supplier Item-QUALITY_F QUALITY - QUALITY BRANDS_01.xlsx
09-14-19T17:38:18: Finished File: Supplier Item-QUALITY_F QUALITY - QUALITY BRANDS_01.xlsx
09-14-19T17:38:18: File created in final csv folder: Supplier Item-QUALITY_F QUALITY - QUALITY BRANDS_01.csv
09-14-19T17:38:18: ...
09-14-19T17:38:18: Processing File: Supplier Item-REDWING_F REDWING - RED WING SHOES_01.xlsx
09-14-19T17:38:19: Finished File: Supplier Item-REDWING_F REDWING - RED WING SHOES_01.xlsx
09-14-19T17:38:19: File created in final csv folder: Supplier Item-REDWING_F REDWING - RED WING SHOES_01.csv
09-14-19T17:38:19: ...
09-14-19T17:38:19: Processing File: Supplier Item-REPEAGLE_F REPEAGLE - DAILY REPUBLICAN EAGLE_01.xlsx
09-14-19T17:38:20: Finished File: Supplier Item-REPEAGLE_F REPEAGLE - DAILY REPUBLICAN EAGLE_01.xlsx
09-14-19T17:38:20: File created in final csv folder: Supplier Item-REPEAGLE_F REPEAGLE - DAILY REPUBLICAN EAGLE_01.csv
09-14-19T17:38:20: ...
09-14-19T17:38:20: Processing File: Supplier Item-RICHMOND_F RICHMOND - NEW RICHMOND NEWS_01.xlsx
09-14-19T17:38:21: Finished File: Supplier Item-RICHMOND_F RICHMOND - NEW RICHMOND NEWS_01.xlsx
09-14-19T17:38:21: File created in final csv folder: Supplier Item-RICHMOND_F RICHMOND - NEW RICHMOND NEWS_01.csv
09-14-19T17:38:21: ...
09-14-19T17:38:21: Processing File: Supplier Item-RJOUTDOR_F RJOUTDOR - R&J OUTDOOR SERVICES_01.xlsx
09-14-19T17:38:23: Finished File: Supplier Item-RJOUTDOR_F RJOUTDOR - R&J OUTDOOR SERVICES_01.xlsx
09-14-19T17:38:23: File created in final csv folder: Supplier Item-RJOUTDOR_F RJOUTDOR - R&J OUTDOOR SERVICES_01.csv
09-14-19T17:38:23: ...
09-14-19T17:38:23: Processing File: Supplier Item-RONNOCO_F RONNOCO - RONNOCO_01.xlsx
09-14-19T17:38:24: Finished File: Supplier Item-RONNOCO_F RONNOCO - RONNOCO_01.xlsx
09-14-19T17:38:24: File created in final csv folder: Supplier Item-RONNOCO_F RONNOCO - RONNOCO_01.csv
09-14-19T17:38:24: ...
09-14-19T17:38:24: Processing File: Supplier Item-SARALEE_F SARALEE - SARA LEE BAKERY GROUP_01.xlsx
09-14-19T17:38:25: Finished File: Supplier Item-SARALEE_F SARALEE - SARA LEE BAKERY GROUP_01.xlsx
09-14-19T17:38:25: File created in final csv folder: Supplier Item-SARALEE_F SARALEE - SARA LEE BAKERY GROUP_01.csv
09-14-19T17:38:25: ...
09-14-19T17:38:25: Processing File: Supplier Item-SCHROEDR_F SCHROEDR - SCHROEDER MILK_01.xlsx
09-14-19T17:38:26: Finished File: Supplier Item-SCHROEDR_F SCHROEDR - SCHROEDER MILK_01.xlsx
09-14-19T17:38:26: File created in final csv folder: Supplier Item-SCHROEDR_F SCHROEDR - SCHROEDER MILK_01.csv
09-14-19T17:38:26: ...
09-14-19T17:38:26: Processing File: Supplier Item-SENTINEL_F SENTINEL - SENTINEL NEWS_01.xlsx
09-14-19T17:38:27: Finished File: Supplier Item-SENTINEL_F SENTINEL - SENTINEL NEWS_01.xlsx
09-14-19T17:38:27: File created in final csv folder: Supplier Item-SENTINEL_F SENTINEL - SENTINEL NEWS_01.csv
09-14-19T17:38:27: ...
09-14-19T17:38:27: Processing File: Supplier Item-SMOMALL_F SMOMALL - SMOM ALL PRODUCTS_01.xlsx
09-14-19T17:38:28: Finished File: Supplier Item-SMOMALL_F SMOMALL - SMOM ALL PRODUCTS_01.xlsx
09-14-19T17:38:28: File created in final csv folder: Supplier Item-SMOMALL_F SMOMALL - SMOM ALL PRODUCTS_01.csv
09-14-19T17:38:28: ...
09-14-19T17:38:28: Processing File: Supplier Item-STAROBSR_F STAROBSR - STAR OBSERVER_01.xlsx
09-14-19T17:38:29: Finished File: Supplier Item-STAROBSR_F STAROBSR - STAR OBSERVER_01.xlsx
09-14-19T17:38:29: File created in final csv folder: Supplier Item-STAROBSR_F STAROBSR - STAR OBSERVER_01.csv
09-14-19T17:38:29: ...
09-14-19T17:38:29: Processing File: Supplier Item-STARTRIB_F STARTRIB - STAR TRIBUNE_01.xlsx
09-14-19T17:38:30: Finished File: Supplier Item-STARTRIB_F STARTRIB - STAR TRIBUNE_01.xlsx
09-14-19T17:38:30: File created in final csv folder: Supplier Item-STARTRIB_F STARTRIB - STAR TRIBUNE_01.csv
09-14-19T17:38:30: ...
09-14-19T17:38:30: Processing File: Supplier Item-STCLOUD_F STCLOUD - ST CLOUD TIMES_01.xlsx
09-14-19T17:38:31: Finished File: Supplier Item-STCLOUD_F STCLOUD - ST CLOUD TIMES_01.xlsx
09-14-19T17:38:31: File created in final csv folder: Supplier Item-STCLOUD_F STCLOUD - ST CLOUD TIMES_01.csv
09-14-19T17:38:31: ...
09-14-19T17:38:31: Processing File: Supplier Item-SWIFTCO_F SWIFTCO - SWIFT COUNTY MONITOR_01.xlsx
09-14-19T17:38:33: Finished File: Supplier Item-SWIFTCO_F SWIFTCO - SWIFT COUNTY MONITOR_01.xlsx
09-14-19T17:38:33: File created in final csv folder: Supplier Item-SWIFTCO_F SWIFTCO - SWIFT COUNTY MONITOR_01.csv
09-14-19T17:38:33: ...
09-14-19T17:38:33: Processing File: Supplier Item-TOWDISTR_F TOWDISTR - TOW DISTRICT_01.xlsx
09-14-19T17:38:34: Finished File: Supplier Item-TOWDISTR_F TOWDISTR - TOW DISTRICT_01.xlsx
09-14-19T17:38:34: File created in final csv folder: Supplier Item-TOWDISTR_F TOWDISTR - TOW DISTRICT_01.csv
09-14-19T17:38:34: ...
09-14-19T17:38:34: Processing File: Supplier Item-TREATPL_F TREATPL - TREAT PLANET_01.xlsx
09-14-19T17:38:35: Finished File: Supplier Item-TREATPL_F TREATPL - TREAT PLANET_01.xlsx
09-14-19T17:38:35: File created in final csv folder: Supplier Item-TREATPL_F TREATPL - TREAT PLANET_01.csv
09-14-19T17:38:35: ...
09-14-19T17:38:35: Processing File: Supplier Item-TRIANGLE_F TRIANGLE - TRIANGLE OIL CO_01.xlsx
09-14-19T17:38:36: Finished File: Supplier Item-TRIANGLE_F TRIANGLE - TRIANGLE OIL CO_01.xlsx
09-14-19T17:38:36: File created in final csv folder: Supplier Item-TRIANGLE_F TRIANGLE - TRIANGLE OIL CO_01.csv
09-14-19T17:38:36: ...
09-14-19T17:38:36: Processing File: Supplier Item-TRISTAR_F TRISTAR - TRISTAR FOODS CIN_01.xlsx
09-14-19T17:38:37: Finished File: Supplier Item-TRISTAR_F TRISTAR - TRISTAR FOODS CIN_01.xlsx
09-14-19T17:38:37: File created in final csv folder: Supplier Item-TRISTAR_F TRISTAR - TRISTAR FOODS CIN_01.csv
09-14-19T17:38:37: ...
09-14-19T17:38:37: Processing File: Supplier Item-TWINDIST_F TWINDIST - TWIN CITIES DISTRIBUTION_01.xlsx
09-14-19T17:38:38: Finished File: Supplier Item-TWINDIST_F TWINDIST - TWIN CITIES DISTRIBUTION_01.xlsx
09-14-19T17:38:38: File created in final csv folder: Supplier Item-TWINDIST_F TWINDIST - TWIN CITIES DISTRIBUTION_01.csv
09-14-19T17:38:38: ...
09-14-19T17:38:38: Processing File: Supplier Item-USATODAY_F USATODAY - USA TODAY_01.xlsx
09-14-19T17:38:39: Finished File: Supplier Item-USATODAY_F USATODAY - USA TODAY_01.xlsx
09-14-19T17:38:39: File created in final csv folder: Supplier Item-USATODAY_F USATODAY - USA TODAY_01.csv
09-14-19T17:38:39: ...
09-14-19T17:38:39: Processing File: Supplier Item-VALLYNEW_F VALLYNEW - VALLEY NEWS COMPANY_02.xlsx
09-14-19T17:38:41: Finished File: Supplier Item-VALLYNEW_F VALLYNEW - VALLEY NEWS COMPANY_02.xlsx
09-14-19T17:38:41: File created in final csv folder: Supplier Item-VALLYNEW_F VALLYNEW - VALLEY NEWS COMPANY_02.csv
09-14-19T17:38:41: ...
09-14-19T17:38:41: Processing File: Supplier Item-VONHANSN_F VONHANSN - VON HANSON'S_01.xlsx
09-14-19T17:38:42: Finished File: Supplier Item-VONHANSN_F VONHANSN - VON HANSON'S_01.xlsx
09-14-19T17:38:42: File created in final csv folder: Supplier Item-VONHANSN_F VONHANSN - VON HANSON'S_01.csv
09-14-19T17:38:42: ...
09-14-19T17:38:42: Processing File: Supplier Item-WESTCENT_F WESTCENT - WEST CENTRAL TRIBUNE_01.xlsx
09-14-19T17:38:43: Finished File: Supplier Item-WESTCENT_F WESTCENT - WEST CENTRAL TRIBUNE_01.xlsx
09-14-19T17:38:43: File created in final csv folder: Supplier Item-WESTCENT_F WESTCENT - WEST CENTRAL TRIBUNE_01.csv
09-14-19T17:38:43: ...
09-14-19T17:38:43: Processing File: Supplier Item-WILLOW_F WILLOW - WILLOW RIVER TREE FARM_01.xlsx
09-14-19T17:38:44: Finished File: Supplier Item-WILLOW_F WILLOW - WILLOW RIVER TREE FARM_01.xlsx
09-14-19T17:38:44: File created in final csv folder: Supplier Item-WILLOW_F WILLOW - WILLOW RIVER TREE FARM_01.csv
09-14-19T17:38:44: ...
09-14-19T17:38:44: Processing File: Supplier Item-WILLSON_F WILLSON - WILL & SONÆS DISTRIBUTING CO_01.xlsx
09-14-19T17:38:45: Finished File: Supplier Item-WILLSON_F WILLSON - WILL & SONÆS DISTRIBUTING CO_01.xlsx
09-14-19T17:38:45: File created in final csv folder: Supplier Item-WILLSON_F WILLSON - WILL & SONÆS DISTRIBUTING CO_01.csv
09-14-19T17:38:45: ...
09-14-19T17:38:45: Processing File: Supplier Item-WNTRCRNV_F WNTRCRNV - WINTER CARNIVAL_01.xlsx
09-14-19T17:38:46: Finished File: Supplier Item-WNTRCRNV_F WNTRCRNV - WINTER CARNIVAL_01.xlsx
09-14-19T17:38:46: File created in final csv folder: Supplier Item-WNTRCRNV_F WNTRCRNV - WINTER CARNIVAL_01.csv
09-14-19T17:38:46: ...
09-14-19T17:38:46: Processing File: Supplier Item-WOODWICK_F WOODWICK - WOODWICK CANDLE_01.xlsx
09-14-19T17:38:47: Finished File: Supplier Item-WOODWICK_F WOODWICK - WOODWICK CANDLE_01.xlsx
09-14-19T17:38:47: File created in final csv folder: Supplier Item-WOODWICK_F WOODWICK - WOODWICK CANDLE_01.csv
09-14-19T17:38:47: ...
09-14-19T17:38:47: Processing File: Supplier Item-WRTHNGTN_F WRTHNGTN - WORTHINGTON DAILY GLOBE_01.xlsx
09-14-19T17:38:48: Finished File: Supplier Item-WRTHNGTN_F WRTHNGTN - WORTHINGTON DAILY GLOBE_01.xlsx
09-14-19T17:38:48: File created in final csv folder: Supplier Item-WRTHNGTN_F WRTHNGTN - WORTHINGTON DAILY GLOBE_01.csv
09-14-19T17:38:48: ...
09-14-19T17:38:48: Processing File: Supplier Item-XTREME_F XTREME - XTREME ENTERPRISES INC_01.xlsx
09-14-19T17:38:49: Finished File: Supplier Item-XTREME_F XTREME - XTREME ENTERPRISES INC_01.xlsx
09-14-19T17:38:49: File created in final csv folder: Supplier Item-XTREME_F XTREME - XTREME ENTERPRISES INC_01.csv
09-14-19T17:38:49: ...
09-14-19T17:38:49: End Log
