04-09-19T16:57:44: Start Log
04-09-19T16:57:44: Processing File: Supplier Item-BLMTN_BLMTN-BLUE MOUNTAIN ARTS  INC_01.xlsx
04-09-19T16:57:48: Finished File: Supplier Item-BLMTN_BLMTN-BLUE MOUNTAIN ARTS  INC_01.xlsx
04-09-19T16:57:48: File created in final csv folder: Supplier Item-BLMTN_BLMTN-BLUE MOUNTAIN ARTS  INC_01.csv
04-09-19T16:57:48: ...
04-09-19T16:57:48: Processing File: Supplier Item-DASDISTR_DASDISTR-DAS DISTRIBUTORS_01.xlsx
04-09-19T16:57:51: Finished File: Supplier Item-DASDISTR_DASDISTR-DAS DISTRIBUTORS_01.xlsx
04-09-19T16:57:51: File created in final csv folder: Supplier Item-DASDISTR_DASDISTR-DAS DISTRIBUTORS_01.csv
04-09-19T16:57:51: ...
04-09-19T16:57:51: Processing File: Supplier Item-DUTCHMN_DUTCHMN-Old Dutch Foods Inc_01.xlsx
04-09-19T16:57:55: Finished File: Supplier Item-DUTCHMN_DUTCHMN-Old Dutch Foods Inc_01.xlsx
04-09-19T16:57:55: File created in final csv folder: Supplier Item-DUTCHMN_DUTCHMN-Old Dutch Foods Inc_01.csv
04-09-19T16:57:55: ...
04-09-19T16:57:55: Processing File: Supplier Item-EASWEEN_EASWEEN-E A SWEEN COMPANY (MN)_01.xlsx
04-09-19T16:57:58: Finished File: Supplier Item-EASWEEN_EASWEEN-E A SWEEN COMPANY (MN)_01.xlsx
04-09-19T16:57:58: File created in final csv folder: Supplier Item-EASWEEN_EASWEEN-E A SWEEN COMPANY (MN)_01.csv
04-09-19T16:57:58: ...
04-09-19T16:57:58: Processing File: Supplier Item-FRITOEPO_FRITOASN-FRITO-LAY INC WESTERN ASN_01.xlsx
04-09-19T16:58:01: Finished File: Supplier Item-FRITOEPO_FRITOASN-FRITO-LAY INC WESTERN ASN_01.xlsx
04-09-19T16:58:01: File created in final csv folder: Supplier Item-FRITOEPO_FRITOASN-FRITO-LAY INC WESTERN ASN_01.csv
04-09-19T16:58:01: ...
04-09-19T16:58:01: Processing File: Supplier Item-FRITOEPO_FRITOASN-FRITO-LAY INC WESTERN ASN_01_names_shortened.xlsx
04-09-19T16:58:05: Finished File: Supplier Item-FRITOEPO_FRITOASN-FRITO-LAY INC WESTERN ASN_01_names_shortened.xlsx
04-09-19T16:58:05: File created in final csv folder: Supplier Item-FRITOEPO_FRITOASN-FRITO-LAY INC WESTERN ASN_01_names_shortened.csv
04-09-19T16:58:05: ...
04-09-19T16:58:05: Processing File: Supplier Item-FRITO_FRITO-FRITO-LAY INC WESTERN_01.xlsx
04-09-19T16:58:08: Finished File: Supplier Item-FRITO_FRITO-FRITO-LAY INC WESTERN_01.xlsx
04-09-19T16:58:08: File created in final csv folder: Supplier Item-FRITO_FRITO-FRITO-LAY INC WESTERN_01.csv
04-09-19T16:58:08: ...
04-09-19T16:58:08: Processing File: Supplier Item-FRITO_FRITO-FRITO-LAY INC WESTERN_01_Test_Dupe_BC.xlsx
04-09-19T16:58:11: Finished File: Supplier Item-FRITO_FRITO-FRITO-LAY INC WESTERN_01_Test_Dupe_BC.xlsx
04-09-19T16:58:11: File created in final csv folder: Supplier Item-FRITO_FRITO-FRITO-LAY INC WESTERN_01_Test_Dupe_BC.csv
04-09-19T16:58:11: ...
04-09-19T16:58:11: Processing File: Supplier Item-HCKNDSD_HCKNDSD- HACKNEY DSD_01.xlsx
04-09-19T16:58:14: Finished File: Supplier Item-HCKNDSD_HCKNDSD- HACKNEY DSD_01.xlsx
04-09-19T16:58:14: File created in final csv folder: Supplier Item-HCKNDSD_HCKNDSD- HACKNEY DSD_01.csv
04-09-19T16:58:14: ...
04-09-19T16:58:14: Processing File: Supplier Item-LYNCODIS_LYNCODIS-LYNCO DISTRIBUTION INC_01.xlsx
04-09-19T16:58:17: Finished File: Supplier Item-LYNCODIS_LYNCODIS-LYNCO DISTRIBUTION INC_01.xlsx
04-09-19T16:58:17: File created in final csv folder: Supplier Item-LYNCODIS_LYNCODIS-LYNCO DISTRIBUTION INC_01.csv
04-09-19T16:58:17: ...
04-09-19T16:58:17: Processing File: Supplier Item-PEPSILBN_PEPSILBN-PEPSI LOUISVILLE  LEBANON (KY)-asn_01.xlsx
04-09-19T16:58:20: Finished File: Supplier Item-PEPSILBN_PEPSILBN-PEPSI LOUISVILLE  LEBANON (KY)-asn_01.xlsx
04-09-19T16:58:20: File created in final csv folder: Supplier Item-PEPSILBN_PEPSILBN-PEPSI LOUISVILLE  LEBANON (KY)-asn_01.csv
04-09-19T16:58:20: ...
04-09-19T16:58:20: Processing File: Supplier Item-SANDSTRM_SANDSTRM-Sandstrom's_01.xlsx
04-09-19T16:58:23: Finished File: Supplier Item-SANDSTRM_SANDSTRM-Sandstrom's_01.xlsx
04-09-19T16:58:23: File created in final csv folder: Supplier Item-SANDSTRM_SANDSTRM-Sandstrom's_01.csv
04-09-19T16:58:23: ...
04-09-19T16:58:23: Processing File: Supplier Item-SMOMSAND_SMOMSAND-SUPERMOMS SANDWICH_01.xlsx
04-09-19T16:58:27: Finished File: Supplier Item-SMOMSAND_SMOMSAND-SUPERMOMS SANDWICH_01.xlsx
04-09-19T16:58:27: File created in final csv folder: Supplier Item-SMOMSAND_SMOMSAND-SUPERMOMS SANDWICH_01.csv
04-09-19T16:58:27: ...
04-09-19T16:58:27: Processing File: Supplier Item-STUCKEYS_STUCKEYS-STUCKEYS CORPORATION_01.xlsx
04-09-19T16:58:30: Finished File: Supplier Item-STUCKEYS_STUCKEYS-STUCKEYS CORPORATION_01.xlsx
04-09-19T16:58:30: File created in final csv folder: Supplier Item-STUCKEYS_STUCKEYS-STUCKEYS CORPORATION_01.csv
04-09-19T16:58:30: ...
04-09-19T16:58:30: End Log
