05-23-19T13:09:25: Start Log
05-23-19T13:09:25: Found Input File: C:\Users\chuck\Documents\ROC\Speedway-Source\Data Extraction And Loading\Import Files\Supplier Item\FinalCSV\Supplier Item-ALLIANTC_ALLIANTC-ALLIANTIC_01_No_UPC.csv
05-23-19T13:09:25: Supplier Name: ALLIANTC-ALLIANTIC
05-23-19T13:09:25: Supplier Items Rows: 10
05-23-19T13:09:25: Supplier Items Rows: 20
05-23-19T13:09:25: Supplier Items Rows: 30
05-23-19T13:09:25: Supplier Items Rows: 40
05-23-19T13:09:25: Supplier Items Rows: 50
05-23-19T13:09:25: Supplier Items Rows: 60
05-23-19T13:09:25: Supplier Items Rows: 70
05-23-19T13:09:25: Supplier Items Rows: 80
05-23-19T13:09:25: Supplier Items Rows: 90
05-23-19T13:09:25: Supplier Items Rows: 100
05-23-19T13:09:25: Supplier Items Rows: 110
05-23-19T13:09:25: Supplier Items Rows: 120
05-23-19T13:09:25: Supplier Items Rows: 130
05-23-19T13:09:25: Supplier Items Rows: 140
05-23-19T13:09:25: Supplier Items Rows: 150
05-23-19T13:09:25: Supplier Items Rows: 160
05-23-19T13:09:25: Supplier Items Rows: 170
05-23-19T13:09:25: Starting XSL Transform, this may take awhile.
05-23-19T13:09:25: XSL Transform Completed.
05-23-19T13:09:25: Supplier Item-ALLIANTC_ALLIANTC-ALLIANTIC_01_No_UPC completed.
05-23-19T13:09:25: End Log
