10-10-19T16:28:16: Start Log
10-10-19T16:28:16: Processing File: Supplier Item-EBYSAWIS_EBYSAWIS-EBY-BROWN (WI)_01.xlsx
10-10-19T16:28:22: Finished File: Supplier Item-EBYSAWIS_EBYSAWIS-EBY-BROWN (WI)_01.xlsx
10-10-19T16:28:22: File created in final csv folder: Supplier Item-EBYSAWIS_EBYSAWIS-EBY-BROWN (WI)_01.csv
10-10-19T16:28:22: ...
10-10-19T16:28:22: Processing File: Supplier Item-EBYSAWIS_EBYSAWIS-EBY-BROWN (WI)_02.xlsx
10-10-19T16:28:37: Finished File: Supplier Item-EBYSAWIS_EBYSAWIS-EBY-BROWN (WI)_02.xlsx
10-10-19T16:28:37: File created in final csv folder: Supplier Item-EBYSAWIS_EBYSAWIS-EBY-BROWN (WI)_02.csv
10-10-19T16:28:37: ...
10-10-19T16:28:38: Processing File: Supplier Item-EBYSAWIS_EBYSAWIS-EBY-BROWN (WI)_03.xlsx
10-10-19T16:28:55: Finished File: Supplier Item-EBYSAWIS_EBYSAWIS-EBY-BROWN (WI)_03.xlsx
10-10-19T16:28:55: File created in final csv folder: Supplier Item-EBYSAWIS_EBYSAWIS-EBY-BROWN (WI)_03.csv
10-10-19T16:28:55: ...
10-10-19T16:28:55: Processing File: Supplier Item-EBYSAWIS_EBYSAWIS-EBY-BROWN (WI)_04.xlsx
10-10-19T16:29:11: Finished File: Supplier Item-EBYSAWIS_EBYSAWIS-EBY-BROWN (WI)_04.xlsx
10-10-19T16:29:11: File created in final csv folder: Supplier Item-EBYSAWIS_EBYSAWIS-EBY-BROWN (WI)_04.csv
10-10-19T16:29:11: ...
10-10-19T16:29:11: Processing File: Supplier Item-EBYSAWIS_EBYSAWIS-EBY-BROWN (WI)_05.xlsx
10-10-19T16:29:24: Finished File: Supplier Item-EBYSAWIS_EBYSAWIS-EBY-BROWN (WI)_05.xlsx
10-10-19T16:29:24: File created in final csv folder: Supplier Item-EBYSAWIS_EBYSAWIS-EBY-BROWN (WI)_05.csv
10-10-19T16:29:24: ...
10-10-19T16:29:25: Processing File: Supplier Item-EBYSAWIS_EBYSAWIS-EBY-BROWN (WI)_06.xlsx
10-10-19T16:29:31: Finished File: Supplier Item-EBYSAWIS_EBYSAWIS-EBY-BROWN (WI)_06.xlsx
10-10-19T16:29:31: File created in final csv folder: Supplier Item-EBYSAWIS_EBYSAWIS-EBY-BROWN (WI)_06.csv
10-10-19T16:29:31: ...
10-10-19T16:29:32: Processing File: Supplier Item-EBYSAWIS_EBYSAWIS-EBY-BROWN (WI)_07.xlsx
10-10-19T16:29:41: Finished File: Supplier Item-EBYSAWIS_EBYSAWIS-EBY-BROWN (WI)_07.xlsx
10-10-19T16:29:41: File created in final csv folder: Supplier Item-EBYSAWIS_EBYSAWIS-EBY-BROWN (WI)_07.csv
10-10-19T16:29:41: ...
10-10-19T16:29:43: Processing File: Supplier Item-EBYSAWIS_EBYSAWIS-EBY-BROWN (WI)_08.xlsx
10-10-19T16:29:52: Finished File: Supplier Item-EBYSAWIS_EBYSAWIS-EBY-BROWN (WI)_08.xlsx
10-10-19T16:29:52: File created in final csv folder: Supplier Item-EBYSAWIS_EBYSAWIS-EBY-BROWN (WI)_08.csv
10-10-19T16:29:52: ...
10-10-19T16:29:52: Processing File: Supplier Item-EBYSAWIS_EBYSAWIS-EBY-BROWN (WI)_09.xlsx
10-10-19T16:30:00: Finished File: Supplier Item-EBYSAWIS_EBYSAWIS-EBY-BROWN (WI)_09.xlsx
10-10-19T16:30:00: File created in final csv folder: Supplier Item-EBYSAWIS_EBYSAWIS-EBY-BROWN (WI)_09.csv
10-10-19T16:30:00: ...
10-10-19T16:30:00: Processing File: Supplier Item-EBYSAWIS_EBYSAWIS-EBY-BROWN (WI)_10.xlsx
10-10-19T16:30:05: Finished File: Supplier Item-EBYSAWIS_EBYSAWIS-EBY-BROWN (WI)_10.xlsx
10-10-19T16:30:05: File created in final csv folder: Supplier Item-EBYSAWIS_EBYSAWIS-EBY-BROWN (WI)_10.csv
10-10-19T16:30:05: ...
10-10-19T16:30:05: Processing File: Supplier Item-EBYSAWIS_EBYSAWIS-EBY-BROWN (WI)_11.xlsx
10-10-19T16:30:10: Finished File: Supplier Item-EBYSAWIS_EBYSAWIS-EBY-BROWN (WI)_11.xlsx
10-10-19T16:30:10: File created in final csv folder: Supplier Item-EBYSAWIS_EBYSAWIS-EBY-BROWN (WI)_11.csv
10-10-19T16:30:10: ...
10-10-19T16:30:10: Processing File: Supplier Item-EBYSAWIS_EBYSAWIS-EBY-BROWN (WI)_12.xlsx
10-10-19T16:30:16: Finished File: Supplier Item-EBYSAWIS_EBYSAWIS-EBY-BROWN (WI)_12.xlsx
10-10-19T16:30:16: File created in final csv folder: Supplier Item-EBYSAWIS_EBYSAWIS-EBY-BROWN (WI)_12.csv
10-10-19T16:30:16: ...
10-10-19T16:30:16: End Log
