10-10-19T16:42:07: Start Log
10-10-19T16:42:07: Processing File: Supplier Item-EBYEAUCL_EBYEAUCL-EBY-BROWN (WI)_01.xlsx
10-10-19T16:42:09: Finished File: Supplier Item-EBYEAUCL_EBYEAUCL-EBY-BROWN (WI)_01.xlsx
10-10-19T16:42:09: File created in final csv folder: Supplier Item-EBYEAUCL_EBYEAUCL-EBY-BROWN (WI)_01.csv
10-10-19T16:42:09: ...
10-10-19T16:42:09: Processing File: Supplier Item-EBYEAUCL_EBYEAUCL-EBY-BROWN (WI)_02.xlsx
10-10-19T16:42:12: Finished File: Supplier Item-EBYEAUCL_EBYEAUCL-EBY-BROWN (WI)_02.xlsx
10-10-19T16:42:13: File created in final csv folder: Supplier Item-EBYEAUCL_EBYEAUCL-EBY-BROWN (WI)_02.csv
10-10-19T16:42:13: ...
10-10-19T16:42:13: Processing File: Supplier Item-EBYEAUCL_EBYEAUCL-EBY-BROWN (WI)_03.xlsx
10-10-19T16:42:15: Finished File: Supplier Item-EBYEAUCL_EBYEAUCL-EBY-BROWN (WI)_03.xlsx
10-10-19T16:42:15: File created in final csv folder: Supplier Item-EBYEAUCL_EBYEAUCL-EBY-BROWN (WI)_03.csv
10-10-19T16:42:15: ...
10-10-19T16:42:15: Processing File: Supplier Item-EBYEAUCL_EBYEAUCL-EBY-BROWN (WI)_04.xlsx
10-10-19T16:42:18: Finished File: Supplier Item-EBYEAUCL_EBYEAUCL-EBY-BROWN (WI)_04.xlsx
10-10-19T16:42:18: File created in final csv folder: Supplier Item-EBYEAUCL_EBYEAUCL-EBY-BROWN (WI)_04.csv
10-10-19T16:42:18: ...
10-10-19T16:42:18: Processing File: Supplier Item-EBYEAUCL_EBYEAUCL-EBY-BROWN (WI)_05.xlsx
10-10-19T16:42:21: Finished File: Supplier Item-EBYEAUCL_EBYEAUCL-EBY-BROWN (WI)_05.xlsx
10-10-19T16:42:21: File created in final csv folder: Supplier Item-EBYEAUCL_EBYEAUCL-EBY-BROWN (WI)_05.csv
10-10-19T16:42:21: ...
10-10-19T16:42:21: Processing File: Supplier Item-EBYEAUCL_EBYEAUCL-EBY-BROWN (WI)_06.xlsx
10-10-19T16:42:24: Finished File: Supplier Item-EBYEAUCL_EBYEAUCL-EBY-BROWN (WI)_06.xlsx
10-10-19T16:42:24: File created in final csv folder: Supplier Item-EBYEAUCL_EBYEAUCL-EBY-BROWN (WI)_06.csv
10-10-19T16:42:24: ...
10-10-19T16:42:24: Processing File: Supplier Item-EBYEAUCL_EBYEAUCL-EBY-BROWN (WI)_07.xlsx
10-10-19T16:42:27: Finished File: Supplier Item-EBYEAUCL_EBYEAUCL-EBY-BROWN (WI)_07.xlsx
10-10-19T16:42:27: File created in final csv folder: Supplier Item-EBYEAUCL_EBYEAUCL-EBY-BROWN (WI)_07.csv
10-10-19T16:42:27: ...
10-10-19T16:42:27: Processing File: Supplier Item-EBYEAUCL_EBYEAUCL-EBY-BROWN (WI)_08.xlsx
10-10-19T16:42:30: Finished File: Supplier Item-EBYEAUCL_EBYEAUCL-EBY-BROWN (WI)_08.xlsx
10-10-19T16:42:30: File created in final csv folder: Supplier Item-EBYEAUCL_EBYEAUCL-EBY-BROWN (WI)_08.csv
10-10-19T16:42:30: ...
10-10-19T16:42:30: Processing File: Supplier Item-EBYEAUCL_EBYEAUCL-EBY-BROWN (WI)_09.xlsx
10-10-19T16:42:32: Finished File: Supplier Item-EBYEAUCL_EBYEAUCL-EBY-BROWN (WI)_09.xlsx
10-10-19T16:42:32: File created in final csv folder: Supplier Item-EBYEAUCL_EBYEAUCL-EBY-BROWN (WI)_09.csv
10-10-19T16:42:32: ...
10-10-19T16:42:32: Processing File: Supplier Item-EBYEAUCL_EBYEAUCL-EBY-BROWN (WI)_10.xlsx
10-10-19T16:42:35: Finished File: Supplier Item-EBYEAUCL_EBYEAUCL-EBY-BROWN (WI)_10.xlsx
10-10-19T16:42:35: File created in final csv folder: Supplier Item-EBYEAUCL_EBYEAUCL-EBY-BROWN (WI)_10.csv
10-10-19T16:42:35: ...
10-10-19T16:42:36: Processing File: Supplier Item-EBYEAUCL_EBYEAUCL-EBY-BROWN (WI)_11.xlsx
10-10-19T16:42:38: Finished File: Supplier Item-EBYEAUCL_EBYEAUCL-EBY-BROWN (WI)_11.xlsx
10-10-19T16:42:38: File created in final csv folder: Supplier Item-EBYEAUCL_EBYEAUCL-EBY-BROWN (WI)_11.csv
10-10-19T16:42:38: ...
10-10-19T16:42:38: Processing File: Supplier Item-EBYEAUCL_EBYEAUCL-EBY-BROWN (WI)_12.xlsx
10-10-19T16:42:41: Finished File: Supplier Item-EBYEAUCL_EBYEAUCL-EBY-BROWN (WI)_12.xlsx
10-10-19T16:42:41: File created in final csv folder: Supplier Item-EBYEAUCL_EBYEAUCL-EBY-BROWN (WI)_12.csv
10-10-19T16:42:41: ...
10-10-19T16:42:41: End Log
