01-30-19T15:23:23: Start Log
01-30-19T15:23:23: Found Input File: Item Hierarchy-All.csv
01-30-19T15:23:26: Item Rows: 10
01-30-19T15:23:26: Item Rows: 20
01-30-19T15:23:26: Item Rows: 30
01-30-19T15:23:26: Item Rows: 40
01-30-19T15:23:26: Item Rows: 50
01-30-19T15:23:27: Item Rows: 60
01-30-19T15:23:27: Item Rows: 70
01-30-19T15:23:27: Item Rows: 80
01-30-19T15:23:27: Item Rows: 90
01-30-19T15:23:27: Item Rows: 100
01-30-19T15:23:28: Item Rows: 110
01-30-19T15:23:28: Item Rows: 120
01-30-19T15:23:28: Item Rows: 130
01-30-19T15:23:28: Item Rows: 140
01-30-19T15:23:28: Item Rows: 150
01-30-19T15:23:28: Item Rows: 160
01-30-19T15:23:29: Item Rows: 170
01-30-19T15:23:29: Item Rows: 180
01-30-19T15:23:29: Item Rows: 190
01-30-19T15:23:29: Item Rows: 200
01-30-19T15:23:29: Item Rows: 210
01-30-19T15:23:30: Item Rows: 220
01-30-19T15:23:30: Item Rows: 230
01-30-19T15:23:30: Item Rows: 240
01-30-19T15:23:30: Item Rows: 250
01-30-19T15:23:30: Item Rows: 260
01-30-19T15:23:30: Item Rows: 270
01-30-19T15:23:31: Item Rows: 280
01-30-19T15:23:31: Item Rows: 290
01-30-19T15:23:31: Item Rows: 300
01-30-19T15:23:31: Item Rows: 310
01-30-19T15:23:31: Item Rows: 320
01-30-19T15:23:32: Item Rows: 330
01-30-19T15:23:32: Item Rows: 340
01-30-19T15:23:32: Item Rows: 350
01-30-19T15:23:32: Item Rows: 360
01-30-19T15:23:32: Item Rows: 370
01-30-19T15:23:33: Item Rows: 380
01-30-19T15:23:33: Item Rows: 390
01-30-19T15:23:33: Item Rows: 400
01-30-19T15:23:33: Item Rows: 410
01-30-19T15:23:33: Item Rows: 420
01-30-19T15:23:34: Item Rows: 430
01-30-19T15:23:34: Item Rows: 440
01-30-19T15:23:34: Item Rows: 450
01-30-19T15:23:34: Item Rows: 460
01-30-19T15:23:35: Item Rows: 470
01-30-19T15:23:35: Item Rows: 480
01-30-19T15:23:35: Item Rows: 490
01-30-19T15:23:35: Item Rows: 500
01-30-19T15:23:35: Item Rows: 510
01-30-19T15:23:35: Item Rows: 520
01-30-19T15:23:36: Item Rows: 530
01-30-19T15:23:36: Item Rows: 540
01-30-19T15:23:36: Item Rows: 550
01-30-19T15:23:36: Item Rows: 560
01-30-19T15:23:36: Item Rows: 570
01-30-19T15:23:37: Item Rows: 580
01-30-19T15:23:37: Item Rows: 590
01-30-19T15:23:37: Item Rows: 600
01-30-19T15:23:37: Item Rows: 610
01-30-19T15:23:37: Item Rows: 620
01-30-19T15:23:38: Item Rows: 630
01-30-19T15:23:38: Item Rows: 640
01-30-19T15:23:38: Item Rows: 650
01-30-19T15:23:38: Item Rows: 660
01-30-19T15:23:39: Item Rows: 670
01-30-19T15:23:39: Item Rows: 680
01-30-19T15:23:39: Item Rows: 690
01-30-19T15:23:39: Item Rows: 700
01-30-19T15:23:40: Item Rows: 710
01-30-19T15:23:40: Item Rows: 720
01-30-19T15:23:40: Item Rows: 730
01-30-19T15:23:41: Item Rows: 740
01-30-19T15:23:41: Item Rows: 750
01-30-19T15:23:41: Item Rows: 760
01-30-19T15:23:41: Item Rows: 770
01-30-19T15:23:41: Item Rows: 780
01-30-19T15:23:41: Item Rows: 790
01-30-19T15:23:42: Item Rows: 800
01-30-19T15:23:42: Item Rows: 810
01-30-19T15:23:42: Item Rows: 820
01-30-19T15:23:42: Item Rows: 830
01-30-19T15:23:42: Item Rows: 840
01-30-19T15:23:43: Item Rows: 850
01-30-19T15:23:43: Item Rows: 860
01-30-19T15:23:43: Item Rows: 870
01-30-19T15:23:43: Item Rows: 880
01-30-19T15:23:43: Item Rows: 890
01-30-19T15:23:44: Item Rows: 900
01-30-19T15:23:44: Item Rows: 910
01-30-19T15:23:44: Item Rows: 920
01-30-19T15:23:44: Item Rows: 930
01-30-19T15:23:44: Item Rows: 940
01-30-19T15:23:45: Item Rows: 950
01-30-19T15:23:45: Item Rows: 960
01-30-19T15:23:45: Item Rows: 970
01-30-19T15:23:45: Item Rows: 980
01-30-19T15:23:45: Item Rows: 990
01-30-19T15:23:46: Item Rows: 1000
01-30-19T15:23:46: Item Rows: 1010
01-30-19T15:23:46: Item Rows: 1020
01-30-19T15:23:46: Item Rows: 1030
01-30-19T15:23:46: Item Rows: 1040
01-30-19T15:23:46: Item Rows: 1050
01-30-19T15:23:47: Item Rows: 1060
01-30-19T15:23:47: Item Rows: 1070
01-30-19T15:23:47: Item Rows: 1080
01-30-19T15:23:47: Item Rows: 1090
01-30-19T15:23:47: Item Rows: 1100
01-30-19T15:23:47: Item Rows: 1110
01-30-19T15:23:48: Item Rows: 1120
01-30-19T15:23:48: Item Rows: 1130
01-30-19T15:23:48: Item Rows: 1140
01-30-19T15:23:48: Item Rows: 1150
01-30-19T15:23:48: Item Rows: 1160
01-30-19T15:23:49: Item Rows: 1170
01-30-19T15:23:49: Item Rows: 1180
01-30-19T15:23:49: Item Rows: 1190
01-30-19T15:23:49: Item Rows: 1200
01-30-19T15:23:49: Item Rows: 1210
01-30-19T15:23:50: Item Rows: 1220
01-30-19T15:23:50: Item Rows: 1230
01-30-19T15:23:50: Item Rows: 1240
01-30-19T15:23:50: Item Rows: 1250
01-30-19T15:23:50: Item Rows: 1260
01-30-19T15:23:51: Item Rows: 1270
01-30-19T15:23:51: Item Rows: 1280
01-30-19T15:23:51: Item Rows: 1290
01-30-19T15:23:51: Item Rows: 1300
01-30-19T15:23:51: Item Rows: 1310
01-30-19T15:23:51: Item Rows: 1320
01-30-19T15:23:52: Item Rows: 1330
01-30-19T15:23:52: Item Rows: 1340
01-30-19T15:23:52: Item Rows: 1350
01-30-19T15:23:52: Item Rows: 1360
01-30-19T15:23:52: Item Rows: 1370
01-30-19T15:23:53: Item Rows: 1380
01-30-19T15:23:53: Item Rows: 1390
01-30-19T15:23:53: Item Rows: 1400
01-30-19T15:23:53: Item Rows: 1410
01-30-19T15:23:54: Item Rows: 1420
01-30-19T15:23:54: Item Rows: 1430
01-30-19T15:23:54: Item Rows: 1440
01-30-19T15:23:54: Item Rows: 1450
01-30-19T15:23:55: Item Rows: 1460
01-30-19T15:23:55: Item Rows: 1470
01-30-19T15:23:55: Item Rows: 1480
01-30-19T15:23:56: Item Rows: 1490
01-30-19T15:23:56: Item Rows: 1500
01-30-19T15:23:56: Item Rows: 1510
01-30-19T15:23:56: Item Rows: 1520
01-30-19T15:23:56: Item Rows: 1530
01-30-19T15:23:57: Item Rows: 1540
01-30-19T15:23:57: Item Rows: 1550
01-30-19T15:23:57: Item Rows: 1560
01-30-19T15:23:57: Item Rows: 1570
01-30-19T15:23:57: Item Rows: 1580
01-30-19T15:23:58: Item Rows: 1590
01-30-19T15:23:58: Item Rows: 1600
01-30-19T15:23:58: Item Rows: 1610
01-30-19T15:23:58: Item Rows: 1620
01-30-19T15:23:58: Item Rows: 1630
01-30-19T15:23:58: Item Rows: 1640
01-30-19T15:23:59: Item Rows: 1650
01-30-19T15:23:59: Item Rows: 1660
01-30-19T15:23:59: Item Rows: 1670
01-30-19T15:23:59: Item Rows: 1680
01-30-19T15:23:59: Item Rows: 1690
01-30-19T15:24:00: Item Rows: 1700
01-30-19T15:24:00: Item Rows: 1710
01-30-19T15:24:00: Item Rows: 1720
01-30-19T15:24:00: Item Rows: 1730
01-30-19T15:24:00: Item Rows: 1740
01-30-19T15:24:00: Item Rows: 1750
01-30-19T15:24:01: Item Rows: 1760
01-30-19T15:24:01: Item Rows: 1770
01-30-19T15:24:01: Item Rows: 1780
01-30-19T15:24:01: Item Rows: 1790
01-30-19T15:24:01: Item Rows: 1800
01-30-19T15:24:02: Item Rows: 1810
01-30-19T15:24:02: Item Rows: 1820
01-30-19T15:24:02: Item Rows: 1830
01-30-19T15:24:02: Item Rows: 1840
01-30-19T15:24:02: Item Rows: 1850
01-30-19T15:24:03: Item Rows: 1860
01-30-19T15:24:03: Item Rows: 1870
01-30-19T15:24:03: Total Items: 1873
01-30-19T15:24:03: File created in working xls folder: Item Hierarchy-Item Hierarchy-All.xlsx
01-30-19T15:24:03: ...
01-30-19T15:24:03: End Log
