02-01-19T20:50:40: Start Log
02-01-19T20:50:40: Item Hierarchy #1 Name: 010 Instant Lottery
02-01-19T20:50:40: Item Hierarchy #2 Name: 011 Machine Lottery
02-01-19T20:50:40: Item Hierarchy #3 Name: 06 Eby Tote
02-01-19T20:50:40: Item Hierarchy #4 Name: 100 Gasoline
02-01-19T20:50:40: Item Hierarchy #5 Name: 12 Franchise Supplies
02-01-19T20:50:40: Item Hierarchy #6 Name: 201 Alternative Food Service
02-01-19T20:50:40: Item Hierarchy #7 Name: 204 Restaurant
02-01-19T20:50:40: Item Hierarchy #8 Name: 206 Franchise Food
02-01-19T20:50:40: Item Hierarchy #9 Name: 212 Hot Beverage
02-01-19T20:50:40: Item Hierarchy #10 Name: 215 Cold Beverage
02-01-19T20:50:40: Item Hierarchy #11 Name: 218 Pre-Packaged Food Service
02-01-19T20:50:40: Item Hierarchy #12 Name: 221 Prepared Food Service
02-01-19T20:50:40: Item Hierarchy #13 Name: 231 Food Service Bakery
02-01-19T20:50:40: Item Hierarchy #14 Name: 401 Beer & Wine
02-01-19T20:50:40: Item Hierarchy #15 Name: 501 Cigarettes
02-01-19T20:50:40: Item Hierarchy #16 Name: 511 Tourney
02-01-19T20:50:40: Item Hierarchy #17 Name: 601 General Merchan
02-01-19T20:50:40: Item Hierarchy #18 Name: 63 M&S Marketing
02-01-19T20:50:40: Item Hierarchy #19 Name: 64 M&S Gift Card & Resale
02-01-19T20:50:40: Item Hierarchy #20 Name: 702 State Lottery Loyalty
02-01-19T20:50:40: Item Hierarchy #21 Name: 703 Sony MGM
02-01-19T20:50:40: Item Hierarchy #22 Name: 704 Incomm Prepaid Cards
02-01-19T20:50:40: Item Hierarchy #23 Name: 705 Netspend
02-01-19T20:50:40: Item Hierarchy #24 Name: 706 Consignment - Gen Mdse
02-01-19T20:50:40: Item Hierarchy #25 Name: 707 Consignment - Foodservice
02-01-19T20:50:40: Item Hierarchy #26 Name: 708 Moneygram
02-01-19T20:50:40: Item Hierarchy #27 Name: 76 Office Supplies
02-01-19T20:50:40: Item Hierarchy #28 Name: 77 Store Supplies
02-01-19T20:50:40: Item Hierarchy #29 Name: 800 Miscellanous Sales
02-01-19T20:50:40: Item Hierarchy #30 Name: 810 Carwash
02-01-19T20:50:40: Item Hierarchy #31 Name: 820 Money Order
02-01-19T20:50:40: Item Hierarchy #32 Name: 901 Soft Drinks
02-01-19T20:50:40: Item Hierarchy #33 Name: 909 Loyalty Soft Drinks
02-01-19T20:50:40: Item Hierarchy #34 Name: 94 M&S Food
02-01-19T20:50:40: Item Hierarchy #35 Name: 95 M&S Petroleum
02-01-19T20:50:40: Item Hierarchy #36 Name: 950 Fees
02-01-19T20:50:40: Item Hierarchy #37 Name: 952 Containers
02-01-19T20:50:40: Item Hierarchy #38 Name: 97 Eby Delivery Allowance
02-01-19T20:50:40: Item Hierarchy #39 Name: PGA Prepaid Card-Activate
02-01-19T20:50:40: Item Hierarchy #40 Name: PGR Prepaid Card-Recharge
02-01-19T20:50:40: Item Hierarchy #41 Name: T5 Post Office
02-01-19T20:50:40: Item Hierarchy #42 Name: TRU Truth MC New
02-01-19T20:50:40: Item Hierarchy #43 Name: VC Vendor Credit
02-01-19T20:50:40: Item Hierarchy #44 Name: 010 01 Instant Lottery
02-01-19T20:50:40: Item Hierarchy #45 Name: LO
02-01-19T20:50:40: Item Hierarchy #46 Name: 011 01 Machine Lottery
02-01-19T20:50:40: Item Hierarchy #47 Name: LO
02-01-19T20:50:40: Item Hierarchy #48 Name: 06 01 Eby Tote
02-01-19T20:50:40: Item Hierarchy #49 Name: 100 01 Fuel
02-01-19T20:50:40: Item Hierarchy #50 Name: 100 02 Diesel
02-01-19T20:50:40: Item Hierarchy #51 Name: 100 03 BIO/DIESEL
02-01-19T20:50:40: Item Hierarchy #52 Name: 12 01 Franchise Supplies
02-01-19T20:50:40: Item Hierarchy #53 Name: 201 01 Non Consignment Ice
02-01-19T20:50:40: Item Hierarchy #54 Name: 201 02 Sellable Produce
02-01-19T20:50:40: Item Hierarchy #55 Name: 204 02 Restaurant N-Tx
02-01-19T20:50:40: Item Hierarchy #56 Name: 206 01 Subway
02-01-19T20:50:40: Item Hierarchy #57 Name: 206 101 Dunkin Hot Beverage Supply
02-01-19T20:50:40: Item Hierarchy #58 Name: 206 102 Dunkin Hot Beverage 
02-01-19T20:50:40: Item Hierarchy #59 Name: 206 103 Dunkin Cold Beverage Supply
02-01-19T20:50:40: Item Hierarchy #60 Name: 206 104 Dunkin Cold Beverage 
02-01-19T20:50:40: Item Hierarchy #61 Name: 206 105 Dunkin Food Supply
02-01-19T20:50:40: Item Hierarchy #62 Name: 206 106 Dunkin Food
02-01-19T20:50:40: Item Hierarchy #63 Name: 212 01 Hot Beverage Supply
02-01-19T20:50:40: Item Hierarchy #64 Name: 212 02 Hot Beverages
02-01-19T20:50:40: Item Hierarchy #65 Name: 215 01 Cold Beverage Supply
02-01-19T20:50:40: Item Hierarchy #66 Name: 215 02 Cold Beverages
02-01-19T20:50:40: Item Hierarchy #67 Name: 215 03 Misc Other
02-01-19T20:50:40: Item Hierarchy #68 Name: 218 01 Entrees & Sides
02-01-19T20:50:40: Item Hierarchy #69 Name: 218 02 Dairy & Other Deli Products
02-01-19T20:50:40: Item Hierarchy #70 Name: 218 03 Misc Other
02-01-19T20:50:40: Item Hierarchy #71 Name: 221 01 Prepared Food Service Supply
02-01-19T20:50:40: Item Hierarchy #72 Name: 221 02 Roller Grill
02-01-19T20:50:40: Item Hierarchy #73 Name: 221 03 Sandwich
02-01-19T20:50:40: Item Hierarchy #74 Name: 221 04 Entrees & Sides
02-01-19T20:50:40: Item Hierarchy #75 Name: 221 05 Misc Other
02-01-19T20:50:40: Item Hierarchy #76 Name: 231 01 Food Service Bakery Supplies
02-01-19T20:50:40: Item Hierarchy #77 Name: 231 02 Pastry/Donut
02-01-19T20:50:40: Item Hierarchy #78 Name: 231 03 Other Baked Goods
02-01-19T20:50:40: Item Hierarchy #79 Name: 231 04 Misc Other
02-01-19T20:50:40: Item Hierarchy #80 Name: BW
02-01-19T20:50:40: Item Hierarchy #81 Name: BW
02-01-19T20:50:40: Item Hierarchy #82 Name: BW
02-01-19T20:50:40: Item Hierarchy #83 Name: BW
02-01-19T20:50:40: Item Hierarchy #84 Name: 55
02-01-19T20:50:40: Item Hierarchy #85 Name: 55
02-01-19T20:50:40: Item Hierarchy #86 Name: 55
02-01-19T20:50:40: Item Hierarchy #87 Name: 55
02-01-19T20:50:40: Item Hierarchy #88 Name: 55
02-01-19T20:50:40: Item Hierarchy #89 Name: 55
02-01-19T20:50:40: Item Hierarchy #90 Name: 55
02-01-19T20:50:40: Item Hierarchy #91 Name: 511 99 Msa Upcharge
02-01-19T20:50:40: Item Hierarchy #92 Name: 601 01 Tobacco
02-01-19T20:50:40: Item Hierarchy #93 Name: 601 02 Candy
02-01-19T20:50:40: Item Hierarchy #94 Name: 601 02A Gum/Mints
02-01-19T20:50:40: Item Hierarchy #95 Name: 601 02B Bag Candy
02-01-19T20:50:40: Item Hierarchy #96 Name: 601 02G Gum/Mints Kids
02-01-19T20:50:40: Item Hierarchy #97 Name: 601 02K Candy- Kids
02-01-19T20:50:40: Item Hierarchy #98 Name: 601 02S Candy-Holiday
02-01-19T20:50:40: Item Hierarchy #99 Name: 601 02W Candy W/Flour
02-01-19T20:50:40: Item Hierarchy #100 Name: 601 02X Bag Candy W/Flour
02-01-19T20:50:40: Item Hierarchy #101 Name: 601 03 Cookie/Cracker
02-01-19T20:50:40: Item Hierarchy #102 Name: 601 04 Snack
02-01-19T20:50:40: Item Hierarchy #103 Name: 601 04A Chips
02-01-19T20:50:40: Item Hierarchy #104 Name: 601 04B Salty
02-01-19T20:50:40: Item Hierarchy #105 Name: 601 04C Meat Snacks
02-01-19T20:50:40: Item Hierarchy #106 Name: 601 05 Pastry
02-01-19T20:50:40: Item Hierarchy #107 Name: 601 06 Bread
02-01-19T20:50:40: Item Hierarchy #108 Name: 601 07 Dairy
02-01-19T20:50:40: Item Hierarchy #109 Name: 601 08 Ice Cream
02-01-19T20:50:40: Item Hierarchy #110 Name: 601 09 Packaged Deli
02-01-19T20:50:40: Item Hierarchy #111 Name: 58
02-01-19T20:50:40: Item Hierarchy #112 Name: 601 11 Flavor Water Carb
02-01-19T20:50:40: Item Hierarchy #113 Name: 601 11A Flvr Watr Noncarb
02-01-19T20:50:40: Item Hierarchy #114 Name: 601 11B Flvr Watr Noncarb Othe
02-01-19T20:50:40: Item Hierarchy #115 Name: 601 11C Flvr Watr Carb Dairy
02-01-19T20:50:40: Item Hierarchy #116 Name: 601 12 Juice 100%
02-01-19T20:50:40: Item Hierarchy #117 Name: 601 12A Juice Blend
02-01-19T20:50:40: Item Hierarchy #118 Name: 601 12B Juice Blend Carb
02-01-19T20:50:40: Item Hierarchy #119 Name: 601 13 Sprtdrk Noncarb
02-01-19T20:50:40: Item Hierarchy #120 Name: 601 13A Energy Drink Carb
02-01-19T20:50:40: Item Hierarchy #121 Name: 601 13B Energy Drink Other
02-01-19T20:50:40: Item Hierarchy #122 Name: 601 13C Energy Drink Noncarb
02-01-19T20:50:40: Item Hierarchy #123 Name: 601 13D RELAXATION BEVERA
02-01-19T20:50:40: Item Hierarchy #124 Name: 601 13E Energy Restricted
02-01-19T20:50:40: Item Hierarchy #125 Name: 601 14 Tea
02-01-19T20:50:40: Item Hierarchy #126 Name: 601 14A Tea Energy
02-01-19T20:50:40: Item Hierarchy #127 Name: 601 14B Tea Unsweet
02-01-19T20:50:40: Item Hierarchy #128 Name: 601 14C Tea Relaxation
02-01-19T20:50:40: Item Hierarchy #129 Name: 601 14D Tea Carb
02-01-19T20:50:40: Item Hierarchy #130 Name: 601 15 HBA
02-01-19T20:50:40: Item Hierarchy #131 Name: 601 15A HBA-Oral Medication
02-01-19T20:50:40: Item Hierarchy #132 Name: 601 15B Pep & Energy Restricte
02-01-19T20:50:40: Item Hierarchy #133 Name: 601 15C Pep & Energy Shots
02-01-19T20:50:40: Item Hierarchy #134 Name: 601 15D NEW Pep & Engy Rstrctd
02-01-19T20:50:40: Item Hierarchy #135 Name: 601 17 Frozen Food
02-01-19T20:50:40: Item Hierarchy #136 Name: 601 17A Frozen Food-Simeks Onl
02-01-19T20:50:40: Item Hierarchy #137 Name: 601 18 Cigarette Lighters
02-01-19T20:50:40: Item Hierarchy #138 Name: 601 19 Sunglasses
02-01-19T20:50:40: Item Hierarchy #139 Name: 601 20 Oil
02-01-19T20:50:40: Item Hierarchy #140 Name: 601 20A Auto/Truck Additives &
02-01-19T20:50:40: Item Hierarchy #141 Name: 601 20B Auto/Truck Misc. & Acc
02-01-19T20:50:40: Item Hierarchy #142 Name: 601 21 Clothing
02-01-19T20:50:40: Item Hierarchy #143 Name: 601 22 Novelty
02-01-19T20:50:40: Item Hierarchy #144 Name: 601 22B Postage Stamps
02-01-19T20:50:40: Item Hierarchy #145 Name: 601 22C Phone/Accessories
02-01-19T20:50:40: Item Hierarchy #146 Name: 601 23 Household~Paper~Chemcl
02-01-19T20:50:40: Item Hierarchy #147 Name: 601 24 Film/Batteries
02-01-19T20:50:40: Item Hierarchy #148 Name: 601 25 Maps
02-01-19T20:50:40: Item Hierarchy #149 Name: 601 26 School Supplies
02-01-19T20:50:40: Item Hierarchy #150 Name: 601 27 Seasonal Items
02-01-19T20:50:40: Item Hierarchy #151 Name: 601 28 Newspapers
02-01-19T20:50:40: Item Hierarchy #152 Name: 601 28A Periodicals
02-01-19T20:50:40: Item Hierarchy #153 Name: 601 30 Pet Goods
02-01-19T20:50:40: Item Hierarchy #154 Name: 601 31 Outside Items
02-01-19T20:50:40: Item Hierarchy #155 Name: 601 33 Grocery
02-01-19T20:50:40: Item Hierarchy #156 Name: 601 34 Non-Foods
02-01-19T20:50:40: Item Hierarchy #157 Name: 601 34A Non-Foods / Non-Tax
02-01-19T20:50:40: Item Hierarchy #158 Name: 601 35 Fireworks
02-01-19T20:50:40: Item Hierarchy #159 Name: 601 36 BULK PROPANE
02-01-19T20:50:40: Item Hierarchy #160 Name: 601 37 Bulk Water
02-01-19T20:50:40: Item Hierarchy #161 Name: BG
02-01-19T20:50:40: Item Hierarchy #162 Name: 6C
02-01-19T20:50:40: Item Hierarchy #163 Name: 601 40 EM Car Wash Gift Card
02-01-19T20:50:40: Item Hierarchy #164 Name: 63 01 M&S Marketing
02-01-19T20:50:40: Item Hierarchy #165 Name: 64 01 M&S Gift Card & Resale
02-01-19T20:50:40: Item Hierarchy #166 Name: LD
02-01-19T20:50:40: Item Hierarchy #167 Name: 48
02-01-19T20:50:40: Item Hierarchy #168 Name: IN~IQ
02-01-19T20:50:40: Item Hierarchy #169 Name: IN~IQ
02-01-19T20:50:40: Item Hierarchy #170 Name: IN~IQ~IR
02-01-19T20:50:40: Item Hierarchy #171 Name: IN~IQ~IR
02-01-19T20:50:40: Item Hierarchy #172 Name: IN~IQ
02-01-19T20:50:40: Item Hierarchy #173 Name: IN
02-01-19T20:50:40: Item Hierarchy #174 Name: IN~IQ~IR
02-01-19T20:50:40: Item Hierarchy #175 Name: 704 D01 Incomm Swipe Reload
02-01-19T20:50:40: Item Hierarchy #176 Name: IN~IQ
02-01-19T20:50:40: Item Hierarchy #177 Name: IN~IQ
02-01-19T20:50:40: Item Hierarchy #178 Name: IN~IQ
02-01-19T20:50:40: Item Hierarchy #179 Name: IN~IQ
02-01-19T20:50:40: Item Hierarchy #180 Name: IN~IQ
02-01-19T20:50:40: Item Hierarchy #181 Name: IN~IQ
02-01-19T20:50:40: Item Hierarchy #182 Name: IN~IQ
02-01-19T20:50:40: Item Hierarchy #183 Name: IN~IQ
02-01-19T20:50:40: Item Hierarchy #184 Name: IN~IQ
02-01-19T20:50:40: Item Hierarchy #185 Name: IN~IQ
02-01-19T20:50:40: Item Hierarchy #186 Name: IN~ IQ
02-01-19T20:50:40: Item Hierarchy #187 Name: IN~ IQ
02-01-19T20:50:40: Item Hierarchy #188 Name: IN~ IQ
02-01-19T20:50:40: Item Hierarchy #189 Name: IN~ IQ
02-01-19T20:50:40: Item Hierarchy #190 Name: IN~ IQ
02-01-19T20:50:40: Item Hierarchy #191 Name: IN~ IQ
02-01-19T20:50:40: Item Hierarchy #192 Name: IN~ IQ
02-01-19T20:50:40: Item Hierarchy #193 Name: IN~ IQ
02-01-19T20:50:40: Item Hierarchy #194 Name: IN~ IQ
02-01-19T20:50:40: Item Hierarchy #195 Name: IN~IQ
02-01-19T20:50:40: Item Hierarchy #196 Name: IN~IQ
02-01-19T20:50:40: Item Hierarchy #197 Name: IN~IQ
02-01-19T20:50:40: Item Hierarchy #198 Name: IN~IQ
02-01-19T20:50:40: Item Hierarchy #199 Name: IN~IQ
02-01-19T20:50:40: Item Hierarchy #200 Name: IN~IQ
02-01-19T20:50:40: Item Hierarchy #201 Name: IN~IQ
02-01-19T20:50:40: Item Hierarchy #202 Name: IN~IQ
02-01-19T20:50:40: Item Hierarchy #203 Name: IN~IQ
02-01-19T20:50:41: Item Hierarchy #204 Name: IN~IQ
02-01-19T20:50:41: Item Hierarchy #205 Name: IN~IQ
02-01-19T20:50:41: Item Hierarchy #206 Name: IN~IQ
02-01-19T20:50:41: Item Hierarchy #207 Name: IN~ IQ
02-01-19T20:50:41: Item Hierarchy #208 Name: IN~ IQ
02-01-19T20:50:41: Item Hierarchy #209 Name: IN~IQ
02-01-19T20:50:41: Item Hierarchy #210 Name: IN~ IQ
02-01-19T20:50:41: Item Hierarchy #211 Name: IN~ IQ
02-01-19T20:50:41: Item Hierarchy #212 Name: IN~ IQ
02-01-19T20:50:41: Item Hierarchy #213 Name: IN~ IQ
02-01-19T20:50:41: Item Hierarchy #214 Name: IN~ IQ
02-01-19T20:50:41: Item Hierarchy #215 Name: IN~ IQ
02-01-19T20:50:41: Item Hierarchy #216 Name: IN~ IQ
02-01-19T20:50:41: Item Hierarchy #217 Name: IN~IQ
02-01-19T20:50:41: Item Hierarchy #218 Name: IN~ IQ
02-01-19T20:50:41: Item Hierarchy #219 Name: IN~IQ
02-01-19T20:50:41: Item Hierarchy #220 Name: IN~IQ
02-01-19T20:50:41: Item Hierarchy #221 Name: IN~IQ
02-01-19T20:50:41: Item Hierarchy #222 Name: IN~IQ
02-01-19T20:50:41: Item Hierarchy #223 Name: IN~IQ
02-01-19T20:50:41: Item Hierarchy #224 Name: IN~IQ
02-01-19T20:50:41: Item Hierarchy #225 Name: IN~IQ
02-01-19T20:50:41: Item Hierarchy #226 Name: IN~IQ
02-01-19T20:50:41: Item Hierarchy #227 Name: IN~ IQ
02-01-19T20:50:41: Item Hierarchy #228 Name: IN~ IQ
02-01-19T20:50:41: Item Hierarchy #229 Name: IN~ IQ
02-01-19T20:50:41: Item Hierarchy #230 Name: IN~ IQ
02-01-19T20:50:41: Item Hierarchy #231 Name: IN~IQ
02-01-19T20:50:41: Item Hierarchy #232 Name: IN~IQ
02-01-19T20:50:41: Item Hierarchy #233 Name: IN~IQ
02-01-19T20:50:41: Item Hierarchy #234 Name: IN~ IQ
02-01-19T20:50:41: Item Hierarchy #235 Name: PS
02-01-19T20:50:41: Item Hierarchy #236 Name: PS
02-01-19T20:50:41: Item Hierarchy #237 Name: PS
02-01-19T20:50:41: Item Hierarchy #238 Name: PS
02-01-19T20:50:41: Item Hierarchy #239 Name: PS
02-01-19T20:50:41: Item Hierarchy #240 Name: NT~NX
02-01-19T20:50:41: Item Hierarchy #241 Name: NT~NX
02-01-19T20:50:41: Item Hierarchy #242 Name: NT~NX
02-01-19T20:50:41: Item Hierarchy #243 Name: NT~NX
02-01-19T20:50:41: Item Hierarchy #244 Name: NT~NX
02-01-19T20:50:41: Item Hierarchy #245 Name: NT~NX
02-01-19T20:50:41: Item Hierarchy #246 Name: NT~NX
02-01-19T20:50:41: Item Hierarchy #247 Name: NT~NX
02-01-19T20:50:41: Item Hierarchy #248 Name: NT~NX
02-01-19T20:50:41: Item Hierarchy #249 Name: NT~NX
02-01-19T20:50:41: Item Hierarchy #250 Name: NT~NX
02-01-19T20:50:41: Item Hierarchy #251 Name: NT~NX
02-01-19T20:50:41: Item Hierarchy #252 Name: NT~NX
02-01-19T20:50:41: Item Hierarchy #253 Name: NT~NX
02-01-19T20:50:41: Item Hierarchy #254 Name: 706 14 SBT Chips
02-01-19T20:50:41: Item Hierarchy #255 Name: 706 15 PUGS - Energy Restricte
02-01-19T20:50:41: Item Hierarchy #256 Name: 706 15C PUGS - Energy
02-01-19T20:50:41: Item Hierarchy #257 Name: 706 15D PUGS Pill Non-Restrict
02-01-19T20:50:41: Item Hierarchy #258 Name: 706 19 PUGS Sunglasses
02-01-19T20:50:41: Item Hierarchy #259 Name: 706 21 PUGS - Clothing/Novelty
02-01-19T20:50:41: Item Hierarchy #260 Name: 706 22 PUGS Phone Accessories
02-01-19T20:50:41: Item Hierarchy #261 Name: 706 27 PUGS Seasonal Items
02-01-19T20:50:41: Item Hierarchy #262 Name: 706 28 SBT Pastry
02-01-19T20:50:41: Item Hierarchy #263 Name: NY~NZ
02-01-19T20:50:41: Item Hierarchy #264 Name: NY~NZ
02-01-19T20:50:41: Item Hierarchy #265 Name: DH
02-01-19T20:50:41: Item Hierarchy #266 Name: DJ
02-01-19T20:50:41: Item Hierarchy #267 Name: NP~NQ~NR
02-01-19T20:50:41: Item Hierarchy #268 Name: NP~NQ~NR
02-01-19T20:50:41: Item Hierarchy #269 Name: NY~NZ~NV
02-01-19T20:50:41: Item Hierarchy #270 Name: MY
02-01-19T20:50:41: Item Hierarchy #271 Name: 76 01 Office Supplies
02-01-19T20:50:41: Item Hierarchy #272 Name: 77 01 Store Supplies
02-01-19T20:50:41: Item Hierarchy #273 Name: 77 02 PREPAID CARD SUPPLIES
02-01-19T20:50:41: Item Hierarchy #274 Name: 77 03 Magazine Supplies
02-01-19T20:50:41: Item Hierarchy #275 Name: 67
02-01-19T20:50:41: Item Hierarchy #276 Name: FX
02-01-19T20:50:41: Item Hierarchy #277 Name: IF
02-01-19T20:50:41: Item Hierarchy #278 Name: LK
02-01-19T20:50:41: Item Hierarchy #279 Name: LV
02-01-19T20:50:41: Item Hierarchy #280 Name: MU
02-01-19T20:50:41: Item Hierarchy #281 Name: SI
02-01-19T20:50:41: Item Hierarchy #282 Name: SQ
02-01-19T20:50:41: Item Hierarchy #283 Name: WD
02-01-19T20:50:41: Item Hierarchy #284 Name: CL
02-01-19T20:50:41: Item Hierarchy #285 Name: T3
02-01-19T20:50:41: Item Hierarchy #286 Name: SL
02-01-19T20:50:41: Item Hierarchy #287 Name: DP
02-01-19T20:50:41: Item Hierarchy #288 Name: CF
02-01-19T20:50:41: Item Hierarchy #289 Name: SF
02-01-19T20:50:41: Item Hierarchy #290 Name: 10
02-01-19T20:50:41: Item Hierarchy #291 Name: PQ
02-01-19T20:50:41: Item Hierarchy #292 Name: TD
02-01-19T20:50:41: Item Hierarchy #293 Name: TB
02-01-19T20:50:41: Item Hierarchy #294 Name: FC
02-01-19T20:50:41: Item Hierarchy #295 Name: 69
02-01-19T20:50:41: Item Hierarchy #296 Name: MO
02-01-19T20:50:41: Item Hierarchy #297 Name: MF
02-01-19T20:50:41: Item Hierarchy #298 Name: MR
02-01-19T20:50:41: Item Hierarchy #299 Name: 37
02-01-19T20:50:41: Item Hierarchy #300 Name: 37
02-01-19T20:50:41: Item Hierarchy #301 Name: 37
02-01-19T20:50:41: Item Hierarchy #302 Name: 37
02-01-19T20:50:41: Item Hierarchy #303 Name: 37
02-01-19T20:50:41: Item Hierarchy #304 Name: 37
02-01-19T20:50:41: Item Hierarchy #305 Name: 37
02-01-19T20:50:41: Item Hierarchy #306 Name: 37
02-01-19T20:50:41: Item Hierarchy #307 Name: 37
02-01-19T20:50:41: Item Hierarchy #308 Name: 37
02-01-19T20:50:41: Item Hierarchy #309 Name: 37
02-01-19T20:50:41: Item Hierarchy #310 Name: 37
02-01-19T20:50:41: Item Hierarchy #311 Name: 37
02-01-19T20:50:41: Item Hierarchy #312 Name: 37
02-01-19T20:50:41: Item Hierarchy #313 Name: 37
02-01-19T20:50:41: Item Hierarchy #314 Name: 37
02-01-19T20:50:41: Item Hierarchy #315 Name: 37
02-01-19T20:50:41: Item Hierarchy #316 Name: 37
02-01-19T20:50:41: Item Hierarchy #317 Name: 37
02-01-19T20:50:41: Item Hierarchy #318 Name: 37
02-01-19T20:50:41: Item Hierarchy #319 Name: 37
02-01-19T20:50:41: Item Hierarchy #320 Name: 37
02-01-19T20:50:41: Item Hierarchy #321 Name: 37
02-01-19T20:50:41: Item Hierarchy #322 Name: 37
02-01-19T20:50:41: Item Hierarchy #323 Name: 37
02-01-19T20:50:41: Item Hierarchy #324 Name: 37
02-01-19T20:50:41: Item Hierarchy #325 Name: 37
02-01-19T20:50:41: Item Hierarchy #326 Name: 37
02-01-19T20:50:41: Item Hierarchy #327 Name: 37
02-01-19T20:50:41: Item Hierarchy #328 Name: 37
02-01-19T20:50:41: Item Hierarchy #329 Name: 37
02-01-19T20:50:41: Item Hierarchy #330 Name: 9C
02-01-19T20:50:41: Item Hierarchy #331 Name: 901 22 Deposit
02-01-19T20:50:41: Item Hierarchy #332 Name: 909 01 12Z Can
02-01-19T20:50:41: Item Hierarchy #333 Name: 909 03 2 Liter
02-01-19T20:50:41: Item Hierarchy #334 Name: 909 04 20Z Nr Bottle
02-01-19T20:50:41: Item Hierarchy #335 Name: 909 05 1 Liter
02-01-19T20:50:41: Item Hierarchy #336 Name: 94 01 M&S Food
02-01-19T20:50:41: Item Hierarchy #337 Name: 95 01 M&S Petroleum
02-01-19T20:50:41: Item Hierarchy #338 Name: BC
02-01-19T20:50:41: Item Hierarchy #339 Name: B1~B2
02-01-19T20:50:41: Item Hierarchy #340 Name: B3~B4
02-01-19T20:50:41: Item Hierarchy #341 Name: 952 01 Sft Drnk Contnr
02-01-19T20:50:41: Item Hierarchy #342 Name: 952 02 MI Returns/Deposits
02-01-19T20:50:41: Item Hierarchy #343 Name: 952 02D Container Deposit
02-01-19T20:50:41: Item Hierarchy #344 Name: 952 02R Container Return
02-01-19T20:50:41: Item Hierarchy #345 Name: 97 01 Eby Delivery Allowance
02-01-19T20:50:41: Item Hierarchy #346 Name: IN~IQ
02-01-19T20:50:41: Item Hierarchy #347 Name: IN~IQ
02-01-19T20:50:41: Item Hierarchy #348 Name: IN~IQ
02-01-19T20:50:41: Item Hierarchy #349 Name: IN~IQ
02-01-19T20:50:41: Item Hierarchy #350 Name: IN~IQ
02-01-19T20:50:41: Item Hierarchy #351 Name: IN~IQ
02-01-19T20:50:41: Item Hierarchy #352 Name: IN~IQ
02-01-19T20:50:41: Item Hierarchy #353 Name: IN~IQ
02-01-19T20:50:41: Item Hierarchy #354 Name: IN~IQ
02-01-19T20:50:41: Item Hierarchy #355 Name: IN~IQ
02-01-19T20:50:41: Item Hierarchy #356 Name: IN~ IQ
02-01-19T20:50:41: Item Hierarchy #357 Name: IN~ IQ
02-01-19T20:50:41: Item Hierarchy #358 Name: IN~ IQ
02-01-19T20:50:41: Item Hierarchy #359 Name: IN~ IQ
02-01-19T20:50:41: Item Hierarchy #360 Name: IN~ IQ
02-01-19T20:50:41: Item Hierarchy #361 Name: IN~ IQ
02-01-19T20:50:41: Item Hierarchy #362 Name: IN~ IQ
02-01-19T20:50:41: Item Hierarchy #363 Name: PS
02-01-19T20:50:41: Item Hierarchy #364 Name: PS
02-01-19T20:50:41: Item Hierarchy #365 Name: PS
02-01-19T20:50:41: Item Hierarchy #366 Name: PS
02-01-19T20:50:41: Item Hierarchy #367 Name: PS
02-01-19T20:50:41: Item Hierarchy #368 Name: PS
02-01-19T20:50:41: Item Hierarchy #369 Name: PG
02-01-19T20:50:41: Item Hierarchy #370 Name: PGA NSF Netspend MC Fees
02-01-19T20:50:41: Item Hierarchy #371 Name: PGA NSN Netspend MC Nonreload
02-01-19T20:50:41: Item Hierarchy #372 Name: PGA NSR Netspend MC Reload ACT
02-01-19T20:50:41: Item Hierarchy #373 Name: PG
02-01-19T20:50:41: Item Hierarchy #374 Name: PG
02-01-19T20:50:41: Item Hierarchy #375 Name: PG
02-01-19T20:50:41: Item Hierarchy #376 Name: PG
02-01-19T20:50:41: Item Hierarchy #377 Name: T5 01 Postal Products
02-01-19T20:50:41: Item Hierarchy #378 Name: TRU MCA Truth MC New
02-01-19T20:50:41: Item Hierarchy #379 Name: TRU MCR Truth MC Reload
02-01-19T20:50:41: Item Hierarchy #380 Name: VC 01 Vendor Credit
02-01-19T20:50:41: Item Hierarchy #381 Name: 010 01 000 Instant Lottery
02-01-19T20:50:41: Item Hierarchy #382 Name: 010 02 000 Instant Cashless
02-01-19T20:50:41: Item Hierarchy #383 Name: 011 01 000 Machine Lottery
02-01-19T20:50:41: Item Hierarchy #384 Name: 011 02 000 Machine Cashless
02-01-19T20:50:41: Item Hierarchy #385 Name: 06 01 000 Eby Tote
02-01-19T20:50:41: Item Hierarchy #386 Name: 100 01 001 FUEL 101-000 Reg Ga
02-01-19T20:50:41: Item Hierarchy #387 Name: 100 01 002 FUEL 102-112 Plus
02-01-19T20:50:41: Item Hierarchy #388 Name: 100 01 003 FUEL 103-113 Unlead
02-01-19T20:50:41: Item Hierarchy #389 Name: 100 01 004 FUEL 104-114 Premiu
02-01-19T20:50:41: Item Hierarchy #390 Name: 100 01 005 FUEL 106-000 CAM2 R
02-01-19T20:50:41: Item Hierarchy #391 Name: 100 01 006 FUEL 107-000 CAM2 U
02-01-19T20:50:41: Item Hierarchy #392 Name: 100 01 007 FUEL 115-000 Bl Stk
02-01-19T20:50:41: Item Hierarchy #393 Name: 100 01 008 FUEL 116-000 E-80
02-01-19T20:50:41: Item Hierarchy #394 Name: 100 01 009 FUEL 117-000 E-75
02-01-19T20:50:41: Item Hierarchy #395 Name: 100 01 010 FUEL 118-000 E-85
02-01-19T20:50:41: Item Hierarchy #396 Name: 100 01 013 FUEL 171-000 CNG
02-01-19T20:50:41: Item Hierarchy #397 Name: 100 01 014 FUEL 176-000 Eth
02-01-19T20:50:41: Item Hierarchy #398 Name: 100 01 015 FUEL 177-000 Raf
02-01-19T20:50:41: Item Hierarchy #399 Name: 100 01 016 FUEL 108-000 RECFU
02-01-19T20:50:41: Item Hierarchy #400 Name: 100 02 001 DSL 123-000 #1Dsl
02-01-19T20:50:41: Item Hierarchy #401 Name: 100 02 002 DSL 124-000 #1Dsl E
02-01-19T20:50:41: Item Hierarchy #402 Name: 100 02 003 DSL 125-000 #2FOil
02-01-19T20:50:41: Item Hierarchy #403 Name: 100 02 004 DSL 127-000 #2Dsl E
02-01-19T20:50:41: Item Hierarchy #404 Name: 100 02 005 DSL 126-000 #2 DSL
02-01-19T20:50:41: Item Hierarchy #405 Name: 100 02 006 DSL 128-CAR #2 Dsl
02-01-19T20:50:41: Item Hierarchy #406 Name: 100 02 007 DSL 129-Off Rd DSL
02-01-19T20:50:41: Item Hierarchy #407 Name: 100 02 011 FUEL 121-000 Kero
02-01-19T20:50:41: Item Hierarchy #408 Name: 100 02 012 FUEL 122-000 #1Fuel
02-01-19T20:50:41: Item Hierarchy #409 Name: 100 02 016 FUEL 130-DEF
02-01-19T20:50:41: Item Hierarchy #410 Name: 100 03 001 BIO/DIESEL DSC0C
02-01-19T20:50:41: Item Hierarchy #411 Name: 100 03 002 BIO/DIESEL DST0T
02-01-19T20:50:41: Item Hierarchy #412 Name: 201 01 000 Ice
02-01-19T20:50:41: Item Hierarchy #413 Name: 201 02 000 Fruit
02-01-19T20:50:41: Item Hierarchy #414 Name: 201 02 001 Vegetables
02-01-19T20:50:41: Item Hierarchy #415 Name: 206 01 000 Subway
02-01-19T20:50:42: Item Hierarchy #416 Name: 206 101 000 Non Perishable Supply
02-01-19T20:50:42: Item Hierarchy #417 Name: 206 101 001 Perishable Supply
02-01-19T20:50:42: Item Hierarchy #418 Name: 206 102 000 Hot Beverage
02-01-19T20:50:42: Item Hierarchy #419 Name: 206 103 000 Non Perishable Supply
02-01-19T20:50:42: Item Hierarchy #420 Name: 206 103 001 Perishable Supply
02-01-19T20:50:42: Item Hierarchy #421 Name: 206 104 000 Cold Beverage
02-01-19T20:50:42: Item Hierarchy #422 Name: 206 104 001 Cold Beverage Refills
02-01-19T20:50:42: Item Hierarchy #423 Name: 206 105 000 Non Perishable Supply
02-01-19T20:50:42: Item Hierarchy #424 Name: 206 105 001 Perishable Supply
02-01-19T20:50:42: Item Hierarchy #425 Name: 206 106 000 Dunkin Sandwich
02-01-19T20:50:42: Item Hierarchy #426 Name: 206 106 001 Dunkin Donut
02-01-19T20:50:42: Item Hierarchy #427 Name: 206 106 002 Dunkin Muffin
02-01-19T20:50:42: Item Hierarchy #428 Name: 206 106 003 Dunkin Other
02-01-19T20:50:42: Item Hierarchy #429 Name: 212 01 000 Non Perishable Supply
02-01-19T20:50:42: Item Hierarchy #430 Name: 212 01 001 Perishable Supply
02-01-19T20:50:42: Item Hierarchy #431 Name: 212 02 000 Hot Dispensed Beverage
02-01-19T20:50:42: Item Hierarchy #432 Name: 212 02 001 Hot Dispensed Iced Beverage
02-01-19T20:50:42: Item Hierarchy #433 Name: 212 02 002 Hot Dispensed Refills
02-01-19T20:50:42: Item Hierarchy #434 Name: 212 02 003 Hot Dispensed Mugs
02-01-19T20:50:42: Item Hierarchy #435 Name: 212 02 004 Bulk Coffee
02-01-19T20:50:42: Item Hierarchy #436 Name: 212 02 100 Hot MTO Beverages
02-01-19T20:50:42: Item Hierarchy #437 Name: 212 02 101 Hot MTO Iced Beverages
02-01-19T20:50:42: Item Hierarchy #438 Name: 212 02 102 Hot MTO Extras
02-01-19T20:50:42: Item Hierarchy #439 Name: 215 01 000 Non Perishable Supply
02-01-19T20:50:42: Item Hierarchy #440 Name: 215 01 001 Perishable Supply
02-01-19T20:50:42: Item Hierarchy #441 Name: 215 02 000 Cold Dispensed Beverages
02-01-19T20:50:42: Item Hierarchy #442 Name: 215 02 001 Cold Dispensed Refills
02-01-19T20:50:42: Item Hierarchy #443 Name: 215 02 002 Cold Dispensed Mugs
02-01-19T20:50:42: Item Hierarchy #444 Name: 215 02 100 Cold MTO Beverages
02-01-19T20:50:42: Item Hierarchy #445 Name: 215 02 101 Cold MTO Iced Beverages
02-01-19T20:50:42: Item Hierarchy #446 Name: 215 02 102 Cold MTO Extras
02-01-19T20:50:42: Item Hierarchy #447 Name: 215 02 003 Cup of Ice
02-01-19T20:50:42: Item Hierarchy #448 Name: 215 02 004 Freal
02-01-19T20:50:42: Item Hierarchy #449 Name: 215 03 000 Shell Deposit
02-01-19T20:50:42: Item Hierarchy #450 Name: 215 03 001 Taxes
02-01-19T20:50:42: Item Hierarchy #451 Name: 218 01 000 Sandwiches/Wraps
02-01-19T20:50:42: Item Hierarchy #452 Name: 218 01 001 Burritos
02-01-19T20:50:42: Item Hierarchy #453 Name: 218 01 002 Salads
02-01-19T20:50:42: Item Hierarchy #454 Name: 218 01 003 Meals
02-01-19T20:50:42: Item Hierarchy #455 Name: 218 01 004 Snacks & Sides
02-01-19T20:50:42: Item Hierarchy #456 Name: 218 01 005 Desserts
02-01-19T20:50:42: Item Hierarchy #457 Name: 218 02 000 Meats
02-01-19T20:50:42: Item Hierarchy #458 Name: 218 02 001 Lunch Packs
02-01-19T20:50:42: Item Hierarchy #459 Name: 218 02 002 Snacking Cheese
02-01-19T20:50:42: Item Hierarchy #460 Name: 218 02 003 Parfait/Yogurt
02-01-19T20:50:42: Item Hierarchy #461 Name: 218 02 004 Other Dairy
02-01-19T20:50:42: Item Hierarchy #462 Name: 218 03 000 Prepackaged Food Service Open Key
02-01-19T20:50:42: Item Hierarchy #463 Name: 221 01 000 Non Perishable Supply
02-01-19T20:50:42: Item Hierarchy #464 Name: 221 01 001 Perishable Supply
02-01-19T20:50:42: Item Hierarchy #465 Name: 221 02 000 Grill Items
02-01-19T20:50:42: Item Hierarchy #466 Name: 221 02 001 RG Other Items
02-01-19T20:50:42: Item Hierarchy #467 Name: 221 03 000 Breakfast Sandwich
02-01-19T20:50:42: Item Hierarchy #468 Name: 221 03 001 Lunch Sandwich
02-01-19T20:50:42: Item Hierarchy #469 Name: 221 04 000 Pizza
02-01-19T20:50:42: Item Hierarchy #470 Name: 221 04 001 Salads
02-01-19T20:50:42: Item Hierarchy #471 Name: 221 04 002 Wraps
02-01-19T20:50:42: Item Hierarchy #472 Name: 221 04 003 Breakfast Other
02-01-19T20:50:42: Item Hierarchy #473 Name: 221 04 004 Lunch Other
02-01-19T20:50:42: Item Hierarchy #474 Name: 221 04 005 Snacks & Sides
02-01-19T20:50:42: Item Hierarchy #475 Name: 221 04 006 Desserts 
02-01-19T20:50:42: Item Hierarchy #476 Name: 221 04 007 International Food
02-01-19T20:50:42: Item Hierarchy #477 Name: 221 05 000 Catering 
02-01-19T20:50:42: Item Hierarchy #478 Name: 221 05 001 Prepared Food Service Other Keys
02-01-19T20:50:42: Item Hierarchy #479 Name: 231 01 000 Non Perishable Supply
02-01-19T20:50:42: Item Hierarchy #480 Name: 231 01 001 Perishable Supply
02-01-19T20:50:42: Item Hierarchy #481 Name: 231 02 000 DSD Self Serve
02-01-19T20:50:42: Item Hierarchy #482 Name: 231 02 001 In Store Self Serve
02-01-19T20:50:42: Item Hierarchy #483 Name: 231 02 002 Thaw and Serve
02-01-19T20:50:42: Item Hierarchy #484 Name: 231 02 003 Commissary
02-01-19T20:50:42: Item Hierarchy #485 Name: 231 02 004 DSD Packaged 
02-01-19T20:50:42: Item Hierarchy #486 Name: 231 02 005  In Store Packaged 
02-01-19T20:50:42: Item Hierarchy #487 Name: 231 02 006  Prepackaged 
02-01-19T20:50:42: Item Hierarchy #488 Name: 231 03 000 Grains
02-01-19T20:50:42: Item Hierarchy #489 Name: 231 03 001 Sweets
02-01-19T20:50:42: Item Hierarchy #490 Name: 231 04 000 Food Service Bakery Open Key
02-01-19T20:50:42: Item Hierarchy #491 Name: 231 04 001 Frozen Yogurt
02-01-19T20:50:42: Item Hierarchy #492 Name: 401 01 001 Above Premium
02-01-19T20:50:42: Item Hierarchy #493 Name: 401 01 002 Premium
02-01-19T20:50:42: Item Hierarchy #494 Name: 401 01 003 Value
02-01-19T20:50:42: Item Hierarchy #495 Name: 401 01 004 High End
02-01-19T20:50:42: Item Hierarchy #496 Name: 401 01 005 Non Alc
02-01-19T20:50:42: Item Hierarchy #497 Name: 401 01 006 Keg
02-01-19T20:50:42: Item Hierarchy #498 Name: 401 02 001 Wine
02-01-19T20:50:42: Item Hierarchy #499 Name: 401 02 002 Coolers/Wine cocktails
02-01-19T20:50:42: Item Hierarchy #500 Name: 401 03 001 Liquor
02-01-19T20:50:42: Item Hierarchy #501 Name: 401 03 002 Prepared Cocktails
02-01-19T20:50:42: Item Hierarchy #502 Name: 401 04 001 Open Key
02-01-19T20:50:42: Item Hierarchy #503 Name: 501 01 000 Unclassified
02-01-19T20:50:42: Item Hierarchy #504 Name: 501 01 004 Camel
02-01-19T20:50:42: Item Hierarchy #505 Name: 501 01 006 Kool
02-01-19T20:50:42: Item Hierarchy #506 Name: 501 01 010 Marlboro
02-01-19T20:50:42: Item Hierarchy #507 Name: 501 01 011 Merit
02-01-19T20:50:42: Item Hierarchy #508 Name: 501 01 012 Newport
02-01-19T20:50:42: Item Hierarchy #509 Name: 501 01 013 Now
02-01-19T20:50:42: Item Hierarchy #510 Name: 501 01 014 Pall Mall
02-01-19T20:50:42: Item Hierarchy #511 Name: 501 01 015 Parliament
02-01-19T20:50:42: Item Hierarchy #512 Name: 501 01 017 Salem
02-01-19T20:50:42: Item Hierarchy #513 Name: 501 01 018 Tareyton
02-01-19T20:50:42: Item Hierarchy #514 Name: 501 01 019 True
02-01-19T20:50:42: Item Hierarchy #515 Name: 501 01 020 Vantage
02-01-19T20:50:42: Item Hierarchy #516 Name: 501 01 021 Winston
02-01-19T20:50:42: Item Hierarchy #517 Name: 501 01 040 Benson/Hegs
02-01-19T20:50:42: Item Hierarchy #518 Name: 501 01 048 Satin
02-01-19T20:50:42: Item Hierarchy #519 Name: 501 01 049 Virginia Slim
02-01-19T20:50:42: Item Hierarchy #520 Name: 501 01 052 Quest
02-01-19T20:50:42: Item Hierarchy #521 Name: 501 01 101 Marlboro
02-01-19T20:50:42: Item Hierarchy #522 Name: 501 01 102 Newport
02-01-19T20:50:42: Item Hierarchy #523 Name: 501 01 103 Pall Mall
02-01-19T20:50:42: Item Hierarchy #524 Name: 501 01 104 Camel
02-01-19T20:50:42: Item Hierarchy #525 Name: 501 01 105 Tourney
02-01-19T20:50:42: Item Hierarchy #526 Name: 501 01 106 Winston
02-01-19T20:50:42: Item Hierarchy #527 Name: 501 01 107 Kool
02-01-19T20:50:42: Item Hierarchy #528 Name: 501 01 108 Maverick
02-01-19T20:50:42: Item Hierarchy #529 Name: 501 01 109 Parliament
02-01-19T20:50:42: Item Hierarchy #530 Name: 501 01 110 Doral
02-01-19T20:50:42: Item Hierarchy #531 Name: 501 01 111 Salem
02-01-19T20:50:42: Item Hierarchy #532 Name: 501 01 112 L & M
02-01-19T20:50:42: Item Hierarchy #533 Name: 501 01 113 American Spirit
02-01-19T20:50:42: Item Hierarchy #534 Name: 501 01 114 Basic
02-01-19T20:50:42: Item Hierarchy #535 Name: 501 01 115 Misty
02-01-19T20:50:42: Item Hierarchy #536 Name: 501 01 116 USA Gold
02-01-19T20:50:42: Item Hierarchy #537 Name: 501 01 117 Virginia Slims
02-01-19T20:50:42: Item Hierarchy #538 Name: 501 01 118 Capri
02-01-19T20:50:42: Item Hierarchy #539 Name: 501 01 119 Benson & Hedges
02-01-19T20:50:42: Item Hierarchy #540 Name: 501 01 120 Old Gold
02-01-19T20:50:42: Item Hierarchy #541 Name: 501 01 121 Sonoma
02-01-19T20:50:42: Item Hierarchy #542 Name: 501 01 123 Nat Sherman
02-01-19T20:50:42: Item Hierarchy #543 Name: 501 01 124 Dosal 305
02-01-19T20:50:42: Item Hierarchy #544 Name: 501 01 125 Pyramid
02-01-19T20:50:42: Item Hierarchy #545 Name: 501 01 126 Wave
02-01-19T20:50:42: Item Hierarchy #546 Name: 501 01 800 Vap
02-01-19T20:50:42: Item Hierarchy #547 Name: 501 01 900 Shippers
02-01-19T20:50:42: Item Hierarchy #548 Name: 501 01 910 Rebrand Cigarettes
02-01-19T20:50:42: Item Hierarchy #549 Name: 501 99 000 Unclassified
02-01-19T20:50:42: Item Hierarchy #550 Name: 511 99 000 Unclassified
02-01-19T20:50:42: Item Hierarchy #551 Name: 601 01 000 Unclassified
02-01-19T20:50:42: Item Hierarchy #552 Name: 601 01 002 Rolling Papers
02-01-19T20:50:42: Item Hierarchy #553 Name: 601 01 003 Pipes
02-01-19T20:50:42: Item Hierarchy #554 Name: 601 01 100 Chew
02-01-19T20:50:42: Item Hierarchy #555 Name: 601 01 200 Cigars Pack
02-01-19T20:50:42: Item Hierarchy #556 Name: 601 01 205 Cigars Pack Vap
02-01-19T20:50:42: Item Hierarchy #557 Name: 601 01 250 Cigars Single
02-01-19T20:50:42: Item Hierarchy #558 Name: 601 01 255 Cigars Single Vap
02-01-19T20:50:42: Item Hierarchy #559 Name: 601 01 260 Cigars Single Premi
02-01-19T20:50:42: Item Hierarchy #560 Name: 601 01 265 Cigars Single Vap R
02-01-19T20:50:42: Item Hierarchy #561 Name: 601 01 300 Little Cigars
02-01-19T20:50:42: Item Hierarchy #562 Name: 601 01 350 Little Cigars 20ct
02-01-19T20:50:42: Item Hierarchy #563 Name: 601 01 360 Filtered Cigars 20c
02-01-19T20:50:42: Item Hierarchy #564 Name: 601 01 365 Filtered Cigars 20c
02-01-19T20:50:42: Item Hierarchy #565 Name: 601 01 400 Moist
02-01-19T20:50:42: Item Hierarchy #566 Name: 601 01 405 Moist-xxx
02-01-19T20:50:42: Item Hierarchy #567 Name: 601 01 410 SNUS
02-01-19T20:50:42: Item Hierarchy #568 Name: 601 01 420 Moist VAP
02-01-19T20:50:42: Item Hierarchy #569 Name: 601 01 430 SNUS VAP
02-01-19T20:50:42: Item Hierarchy #570 Name: 601 01 550 Pipe Tobacco
02-01-19T20:50:42: Item Hierarchy #571 Name: 601 01 600 Roll Your Own
02-01-19T20:50:42: Item Hierarchy #572 Name: 601 01 700 Vapor Non-Reorder
02-01-19T20:50:42: Item Hierarchy #573 Name: 601 01 710 Vapor
02-01-19T20:50:42: Item Hierarchy #574 Name: 601 01 800 Accessories
02-01-19T20:50:42: Item Hierarchy #575 Name: 601 01 900 Shippers
02-01-19T20:50:42: Item Hierarchy #576 Name: 601 01 910 GC Tobacco
02-01-19T20:50:42: Item Hierarchy #577 Name: 601 02 000 Unclassified
02-01-19T20:50:42: Item Hierarchy #578 Name: 601 02 100 Regular Size Candy
02-01-19T20:50:42: Item Hierarchy #579 Name: 601 02 110 Hershey Regular Siz
02-01-19T20:50:42: Item Hierarchy #580 Name: 601 02 120 Nestle Regular Size
02-01-19T20:50:42: Item Hierarchy #581 Name: 601 02 130 M&M Regular Size
02-01-19T20:50:42: Item Hierarchy #582 Name: 601 02 140 Willy Wonka
02-01-19T20:50:42: Item Hierarchy #583 Name: 601 02 150 Nabisco/Planters
02-01-19T20:50:42: Item Hierarchy #584 Name: 601 02 170 Miscellaneous
02-01-19T20:50:42: Item Hierarchy #585 Name: 601 02 200 King Size Candy (Ot
02-01-19T20:50:42: Item Hierarchy #586 Name: 601 02 220 Hershey King Size
02-01-19T20:50:42: Item Hierarchy #587 Name: 601 02 230 Nestle King Size
02-01-19T20:50:42: Item Hierarchy #588 Name: 601 02 240 M&M King Size
02-01-19T20:50:42: Item Hierarchy #589 Name: 601 02 250 Theater Candy
02-01-19T20:50:42: Item Hierarchy #590 Name: 601 02 410 Lifesavers
02-01-19T20:50:42: Item Hierarchy #591 Name: 601 02 500 Hispanic Candy
02-01-19T20:50:42: Item Hierarchy #592 Name: 601 02 900 Shippers
02-01-19T20:50:42: Item Hierarchy #593 Name: 601 02 910 GC Candy
02-01-19T20:50:42: Item Hierarchy #594 Name: 601 02 999 Test
02-01-19T20:50:42: Item Hierarchy #595 Name: 601 02A 000 Unclassified
02-01-19T20:50:42: Item Hierarchy #596 Name: 601 02A 100 Regular Size Gum
02-01-19T20:50:42: Item Hierarchy #597 Name: 601 02A 110 Mints
02-01-19T20:50:42: Item Hierarchy #598 Name: 601 02A 114 Carefree
02-01-19T20:50:42: Item Hierarchy #599 Name: 601 02A 118 Ice Breakers
02-01-19T20:50:42: Item Hierarchy #600 Name: 601 02A 122 Bubblicous
02-01-19T20:50:42: Item Hierarchy #601 Name: 601 02A 126 Dentyne
02-01-19T20:50:42: Item Hierarchy #602 Name: 601 02A 127 Trident
02-01-19T20:50:42: Item Hierarchy #603 Name: 601 02A 130 Wrigley
02-01-19T20:50:42: Item Hierarchy #604 Name: 601 02A 134 Extra
02-01-19T20:50:42: Item Hierarchy #605 Name: 601 02A 142 Bazooka
02-01-19T20:50:42: Item Hierarchy #606 Name: 601 02A 152 Leaf
02-01-19T20:50:42: Item Hierarchy #607 Name: 601 02A 224 Cinn-A-Burst
02-01-19T20:50:42: Item Hierarchy #608 Name: 601 02A 500 Hispanic
02-01-19T20:50:42: Item Hierarchy #609 Name: 601 02A 510 Tic-Tac
02-01-19T20:50:42: Item Hierarchy #610 Name: 601 02A 520 Warner Lambert
02-01-19T20:50:42: Item Hierarchy #611 Name: 601 02A 522 Certs
02-01-19T20:50:42: Item Hierarchy #612 Name: 601 02A 712 Breathsavers
02-01-19T20:50:42: Item Hierarchy #613 Name: 601 02A 720 Mentos
02-01-19T20:50:42: Item Hierarchy #614 Name: 601 02A 730 Altoids
02-01-19T20:50:42: Item Hierarchy #615 Name: 601 02A 740 Smint
02-01-19T20:50:42: Item Hierarchy #616 Name: 601 02A 900 Shippers
02-01-19T20:50:42: Item Hierarchy #617 Name: 601 02A 910 GC Gum/Mints
02-01-19T20:50:42: Item Hierarchy #618 Name: 601 02A ENG Energy
02-01-19T20:50:42: Item Hierarchy #619 Name: 601 02B 000 Unclassified
02-01-19T20:50:42: Item Hierarchy #620 Name: 601 02B 110 Hershey
02-01-19T20:50:42: Item Hierarchy #621 Name: 601 02B 120 Nestle
02-01-19T20:50:42: Item Hierarchy #622 Name: 601 02B 130 M&M Mars
02-01-19T20:50:42: Item Hierarchy #623 Name: 601 02B 200 Brachs
02-01-19T20:50:42: Item Hierarchy #624 Name: 601 02B 250 Theater Candy
02-01-19T20:50:42: Item Hierarchy #625 Name: 601 02B 400 Sathers
02-01-19T20:50:42: Item Hierarchy #626 Name: 601 02B 720 Lifesaver
02-01-19T20:50:42: Item Hierarchy #627 Name: 601 02B 900 Shippers
02-01-19T20:50:42: Item Hierarchy #628 Name: 601 02B 910 GC Bag Candy
02-01-19T20:50:42: Item Hierarchy #629 Name: 601 02G 000 Unclassified
02-01-19T20:50:42: Item Hierarchy #630 Name: 601 02G 900 Shippers
02-01-19T20:50:42: Item Hierarchy #631 Name: 601 02K 000 Kids Candy (Other)
02-01-19T20:50:42: Item Hierarchy #632 Name: 601 02K 110 Willy Wonka
02-01-19T20:50:42: Item Hierarchy #633 Name: 601 02K 210 Kids Candy/Toy
02-01-19T20:50:42: Item Hierarchy #634 Name: 601 02K 900 Shippers
02-01-19T20:50:42: Item Hierarchy #635 Name: 601 02K 910 GC Candy- Kids
02-01-19T20:50:42: Item Hierarchy #636 Name: 601 02S 000 Unclassified
02-01-19T20:50:43: Item Hierarchy #637 Name: 601 02S 105 Hershey
02-01-19T20:50:43: Item Hierarchy #638 Name: 601 02W 000 Unclassified
02-01-19T20:50:43: Item Hierarchy #639 Name: 601 02W 100 Candy W/Flour All
02-01-19T20:50:43: Item Hierarchy #640 Name: 601 02W 110 Hershey
02-01-19T20:50:43: Item Hierarchy #641 Name: 601 02W 130 M&M Mars
02-01-19T20:50:43: Item Hierarchy #642 Name: 601 02W 150 Misc King Size
02-01-19T20:50:43: Item Hierarchy #643 Name: 601 02W 170 Miscellaneous
02-01-19T20:50:43: Item Hierarchy #644 Name: 601 02W 220 Hershey Ks
02-01-19T20:50:43: Item Hierarchy #645 Name: 601 02W 900 SHIPPERS
02-01-19T20:50:43: Item Hierarchy #646 Name: 601 02W 910 GC CandyW/FlourI/A
02-01-19T20:50:43: Item Hierarchy #647 Name: 601 02X 000 Bag Candy W/Flour
02-01-19T20:50:43: Item Hierarchy #648 Name: 601 02X 250 Theater Candy W/Fl
02-01-19T20:50:43: Item Hierarchy #649 Name: 601 03 000 Unclassified
02-01-19T20:50:43: Item Hierarchy #650 Name: 601 03 100 Convenient Packs
02-01-19T20:50:43: Item Hierarchy #651 Name: 601 03 200 Frito
02-01-19T20:50:43: Item Hierarchy #652 Name: 601 03 300 Other DSD
02-01-19T20:50:43: Item Hierarchy #653 Name: 601 03 500 Hispanic
02-01-19T20:50:43: Item Hierarchy #654 Name: 601 03 900 Shippers
02-01-19T20:50:43: Item Hierarchy #655 Name: 601 03 910 GC Cookie/Cracker
02-01-19T20:50:43: Item Hierarchy #656 Name: 601 04 000 Energy Bars
02-01-19T20:50:43: Item Hierarchy #657 Name: 601 04 100 Snack Bars
02-01-19T20:50:43: Item Hierarchy #658 Name: 601 04 500 Hispanic
02-01-19T20:50:43: Item Hierarchy #659 Name: 601 04 850 Dollar Store
02-01-19T20:50:43: Item Hierarchy #660 Name: 601 04 900 Shippers
02-01-19T20:50:43: Item Hierarchy #661 Name: 601 04 910 GC Snack
02-01-19T20:50:43: Item Hierarchy #662 Name: 601 04A 000 Unclassified
02-01-19T20:50:43: Item Hierarchy #663 Name: 601 04A 100 Frito
02-01-19T20:50:43: Item Hierarchy #664 Name: 601 04A 105 Doritos
02-01-19T20:50:43: Item Hierarchy #665 Name: 601 04A 110 Cheetos
02-01-19T20:50:43: Item Hierarchy #666 Name: 601 04A 115 Tostitos
02-01-19T20:50:43: Item Hierarchy #667 Name: 601 04A 125 Lays/ Baked Lays
02-01-19T20:50:43: Item Hierarchy #668 Name: 601 04A 130 Rold Gold
02-01-19T20:50:43: Item Hierarchy #669 Name: 601 04A 135 Funyuns
02-01-19T20:50:43: Item Hierarchy #670 Name: 601 04A 140 Ruffles
02-01-19T20:50:43: Item Hierarchy #671 Name: 601 04A 200 Better Made
02-01-19T20:50:43: Item Hierarchy #672 Name: 601 04A 210 Private Label Chip
02-01-19T20:50:43: Item Hierarchy #673 Name: 601 04A 220 Conns
02-01-19T20:50:43: Item Hierarchy #674 Name: 601 04A 230 Mister Bee
02-01-19T20:50:43: Item Hierarchy #675 Name: 601 04A 250 Golden Flake
02-01-19T20:50:43: Item Hierarchy #676 Name: 601 04A 260 Grandma Shearer
02-01-19T20:50:43: Item Hierarchy #677 Name: 601 04A 270 Grippo
02-01-19T20:50:43: Item Hierarchy #678 Name: 601 04A 280 Jays
02-01-19T20:50:43: Item Hierarchy #679 Name: 601 04A 290 Lance
02-01-19T20:50:43: Item Hierarchy #680 Name: 601 04A 300 Made Rite
02-01-19T20:50:43: Item Hierarchy #681 Name: 601 04A 310 Mike Sells
02-01-19T20:50:43: Item Hierarchy #682 Name: 601 04A 320 Old Dutch
02-01-19T20:50:43: Item Hierarchy #683 Name: 601 04A 325 Ballreich
02-01-19T20:50:43: Item Hierarchy #684 Name: 601 04A 330 Snyder Of Berlin
02-01-19T20:50:43: Item Hierarchy #685 Name: 601 04A 340 Toms
02-01-19T20:50:43: Item Hierarchy #686 Name: 601 04A 350 Seyferts
02-01-19T20:50:43: Item Hierarchy #687 Name: 601 04A 360 Dan-Dee
02-01-19T20:50:43: Item Hierarchy #688 Name: 601 04A 380 Kitchen Cooked
02-01-19T20:50:43: Item Hierarchy #689 Name: 601 04A 390 Husman
02-01-19T20:50:43: Item Hierarchy #690 Name: 601 04A 410 Dips/Salsas
02-01-19T20:50:43: Item Hierarchy #691 Name: 601 04A 411 Frito Dips/Salsas
02-01-19T20:50:43: Item Hierarchy #692 Name: 601 04A 500 Hispanic
02-01-19T20:50:43: Item Hierarchy #693 Name: 601 04A 600 Barcel USA
02-01-19T20:50:43: Item Hierarchy #694 Name: 601 04A 900 SHIPPERS
02-01-19T20:50:43: Item Hierarchy #695 Name: 601 04A 910 GC Chips
02-01-19T20:50:43: Item Hierarchy #696 Name: 601 04B 000 Unclassified
02-01-19T20:50:43: Item Hierarchy #697 Name: 601 04B 100 Frito
02-01-19T20:50:44: Item Hierarchy #698 Name: 601 04B 200 Other DSD
02-01-19T20:50:44: Item Hierarchy #699 Name: 601 04B 500 Hispanic
02-01-19T20:50:44: Item Hierarchy #700 Name: 601 04B 900 Shippers
02-01-19T20:50:44: Item Hierarchy #701 Name: 601 04B 910 GC Salty
02-01-19T20:50:44: Item Hierarchy #702 Name: 601 04C 000 Unclassified
02-01-19T20:50:44: Item Hierarchy #703 Name: 601 04C 110 Bridgford
02-01-19T20:50:44: Item Hierarchy #704 Name: 601 04C 120 Frito
02-01-19T20:50:44: Item Hierarchy #705 Name: 601 04C 130 Jack Links
02-01-19T20:50:44: Item Hierarchy #706 Name: 601 04C 140 Lowery
02-01-19T20:50:44: Item Hierarchy #707 Name: 601 04C 150 Oberto
02-01-19T20:50:44: Item Hierarchy #708 Name: 601 04C 160 Pemmican
02-01-19T20:50:44: Item Hierarchy #709 Name: 601 04C 180 Slim Jim
02-01-19T20:50:44: Item Hierarchy #710 Name: 601 04C 200 Sticks/Steaks
02-01-19T20:50:44: Item Hierarchy #711 Name: 601 04C 210 2.5-4.0z Jerky
02-01-19T20:50:44: Item Hierarchy #712 Name: 601 04C 220 7.0z Jerky
02-01-19T20:50:44: Item Hierarchy #713 Name: 601 04C 230 10.0z Jerky
02-01-19T20:50:44: Item Hierarchy #714 Name: 601 04C 240 Beef & Cheese Stck
02-01-19T20:50:44: Item Hierarchy #715 Name: 601 04C 250 Bites
02-01-19T20:50:44: Item Hierarchy #716 Name: 601 04C 260 Sausages
02-01-19T20:50:44: Item Hierarchy #717 Name: 601 04C 270 Less 2.0z Jerky
02-01-19T20:50:44: Item Hierarchy #718 Name: 601 04C 280 Bacon Jerky
02-01-19T20:50:44: Item Hierarchy #719 Name: 601 04C 290 Trky & Cheese Stck
02-01-19T20:50:44: Item Hierarchy #720 Name: 601 04C 300 Alternatve Protein
02-01-19T20:50:44: Item Hierarchy #721 Name: 601 04C 310 Chew
02-01-19T20:50:44: Item Hierarchy #722 Name: 601 04C 900 Shippers
02-01-19T20:50:44: Item Hierarchy #723 Name: 601 04C 910 GC Meat Snacks
02-01-19T20:50:44: Item Hierarchy #724 Name: 601 05 000 Unclassified
02-01-19T20:50:44: Item Hierarchy #725 Name: 601 05 200 Single Serve
02-01-19T20:50:44: Item Hierarchy #726 Name: 601 05 300 Take Home
02-01-19T20:50:44: Item Hierarchy #727 Name: 601 05 500 Hispanic
02-01-19T20:50:44: Item Hierarchy #728 Name: 601 05 910 GC Pastry
02-01-19T20:50:44: Item Hierarchy #729 Name: 601 06 000 Unclassified
02-01-19T20:50:44: Item Hierarchy #730 Name: 601 06 500 Hispanic
02-01-19T20:50:44: Item Hierarchy #731 Name: 601 06 910 GC Bread
02-01-19T20:50:44: Item Hierarchy #732 Name: 601 07 000 Gallon Dairy
02-01-19T20:50:44: Item Hierarchy #733 Name: 601 07 100 Gallon Juices 100%
02-01-19T20:50:44: Item Hierarchy #734 Name: 601 07 10A Dairy Drink Gal
02-01-19T20:50:44: Item Hierarchy #735 Name: 601 07 200 1/2 Gal Juice 100%
02-01-19T20:50:44: Item Hierarchy #736 Name: 601 07 20A Dairy Drink 1/2 Gal
02-01-19T20:50:44: Item Hierarchy #737 Name: 601 07 210 1/2 Gallon Dairy
02-01-19T20:50:44: Item Hierarchy #738 Name: 601 07 285 1L Orange Juice
02-01-19T20:50:44: Item Hierarchy #739 Name: 601 07 300 Qt Juices 100%
02-01-19T20:50:44: Item Hierarchy #740 Name: 601 07 30A Dairy Drink Qt
02-01-19T20:50:44: Item Hierarchy #741 Name: 601 07 310 Qt Dairy
02-01-19T20:50:44: Item Hierarchy #742 Name: 601 07 400 Pt Juices 100%
02-01-19T20:50:44: Item Hierarchy #743 Name: 601 07 40A Diary Drink PT
02-01-19T20:50:44: Item Hierarchy #744 Name: 601 07 410 Pt Dairy
02-01-19T20:50:44: Item Hierarchy #745 Name: 601 07 495 Whip Cream
02-01-19T20:50:44: Item Hierarchy #746 Name: 601 07 625 1/2 Pt Milk
02-01-19T20:50:44: Item Hierarchy #747 Name: 601 07 710 Cottage Cheese
02-01-19T20:50:44: Item Hierarchy #748 Name: 601 07 720 Sour Cream
02-01-19T20:50:44: Item Hierarchy #749 Name: 601 07 730 Chip Dips
02-01-19T20:50:44: Item Hierarchy #750 Name: 601 07 740 Eggs
02-01-19T20:50:44: Item Hierarchy #751 Name: 601 07 750 Yogurt
02-01-19T20:50:44: Item Hierarchy #752 Name: 601 07 760 Butter/Margarine
02-01-19T20:50:44: Item Hierarchy #753 Name: 601 07 780 Shakes
02-01-19T20:50:44: Item Hierarchy #754 Name: 601 07 790 Milk Drinks - Regio
02-01-19T20:50:44: Item Hierarchy #755 Name: 601 07 805 Smoothies
02-01-19T20:50:44: Item Hierarchy #756 Name: 601 07 910 Rebrand Dairy
02-01-19T20:50:44: Item Hierarchy #757 Name: 601 07 960 Slim Fast
02-01-19T20:50:44: Item Hierarchy #758 Name: 601 08 100 5 Quart Ice Cream
02-01-19T20:50:44: Item Hierarchy #759 Name: 601 08 200 Half Gallon Ice Cre
02-01-19T20:50:44: Item Hierarchy #760 Name: 601 08 215 56Z Ice Cream
02-01-19T20:50:44: Item Hierarchy #761 Name: 601 08 300 Quart Ice Cream
02-01-19T20:50:44: Item Hierarchy #762 Name: 601 08 305 Qt Sherbet
02-01-19T20:50:44: Item Hierarchy #763 Name: 601 08 320 Edys 24Z
02-01-19T20:50:44: Item Hierarchy #764 Name: 601 08 400 Pint Ice Cream
02-01-19T20:50:44: Item Hierarchy #765 Name: 601 08 405 Pt Sherbet
02-01-19T20:50:44: Item Hierarchy #766 Name: 601 08 410 B&J Pt
02-01-19T20:50:44: Item Hierarchy #767 Name: 601 08 420 Haagen Daaz Pt
02-01-19T20:50:44: Item Hierarchy #768 Name: 601 08 430 6Pk Novelty
02-01-19T20:50:44: Item Hierarchy #769 Name: 601 08 450 12Pk Novelty
02-01-19T20:50:44: Item Hierarchy #770 Name: 601 08 700 Novelty Ice Cream
02-01-19T20:50:44: Item Hierarchy #771 Name: 601 08 910 GC Ice Cream
02-01-19T20:50:44: Item Hierarchy #772 Name: 601 09 550 Cheese Package
02-01-19T20:50:44: Item Hierarchy #773 Name: 601 09 910 GC Packaged Deli
02-01-19T20:50:44: Item Hierarchy #774 Name: 601 10 000 Unclassified
02-01-19T20:50:44: Item Hierarchy #775 Name: 601 10 910 GC Bottled-Water
02-01-19T20:50:44: Item Hierarchy #776 Name: 601 11 000 Flvr Wtr Crb
02-01-19T20:50:44: Item Hierarchy #777 Name: 601 11A 000 Flvr Wtr Non Crb
02-01-19T20:50:44: Item Hierarchy #778 Name: 601 11B 000 Flvr Wtr NC Other
02-01-19T20:50:44: Item Hierarchy #779 Name: 601 11C 000 Flvr Watr Carb Dai
02-01-19T20:50:44: Item Hierarchy #780 Name: 601 12 000 Juice 100%
02-01-19T20:50:44: Item Hierarchy #781 Name: 601 12 910 GC Juice 100%
02-01-19T20:50:44: Item Hierarchy #782 Name: 601 12A 000 Blend
02-01-19T20:50:44: Item Hierarchy #783 Name: 601 12A 500 Blocked Do No Use
02-01-19T20:50:44: Item Hierarchy #784 Name: 601 12A 910 GC Juice Blend
02-01-19T20:50:44: Item Hierarchy #785 Name: 601 12B 000 Juice Blend Carb
02-01-19T20:50:44: Item Hierarchy #786 Name: 601 12B 910 GC Juice Blend Car
02-01-19T20:50:44: Item Hierarchy #787 Name: 601 13 000 Unclassified
02-01-19T20:50:44: Item Hierarchy #788 Name: 601 13 910 GC Sprtdrk Noncarb
02-01-19T20:50:44: Item Hierarchy #789 Name: 601 13A 000 Unclassified
02-01-19T20:50:44: Item Hierarchy #790 Name: 601 13A 910 GC Energy Drink Ca
02-01-19T20:50:44: Item Hierarchy #791 Name: 601 13B 000 Energy Drink Other
02-01-19T20:50:44: Item Hierarchy #792 Name: 601 13B 910 GC Energy Drink Da
02-01-19T20:50:44: Item Hierarchy #793 Name: 601 13C 000 Energy Drink Nonca
02-01-19T20:50:44: Item Hierarchy #794 Name: 601 13D 000 Unclassified
02-01-19T20:50:45: Item Hierarchy #795 Name: 601 13E 000 Energy Age Restric
02-01-19T20:50:45: Item Hierarchy #796 Name: 601 14 000 Tea
02-01-19T20:50:45: Item Hierarchy #797 Name: 601 14 01 Gallon Tea
02-01-19T20:50:45: Item Hierarchy #798 Name: 601 14 910 GC Tea
02-01-19T20:50:45: Item Hierarchy #799 Name: 601 14A 000 Tea Energy
02-01-19T20:50:45: Item Hierarchy #800 Name: 601 14B 000 Tea Unsweet
02-01-19T20:50:45: Item Hierarchy #801 Name: 601 14C 000 Tea Relaxation
02-01-19T20:50:45: Item Hierarchy #802 Name: 601 14D 000 Tea Carb
02-01-19T20:50:45: Item Hierarchy #803 Name: 601 15 002 Condoms
02-01-19T20:50:45: Item Hierarchy #804 Name: 601 15 003 Hair Care
02-01-19T20:50:45: Item Hierarchy #805 Name: 601 15 004 Hair Accessories
02-01-19T20:50:45: Item Hierarchy #806 Name: 601 15 006 First Aid
02-01-19T20:50:45: Item Hierarchy #807 Name: 601 15 007 Bug Repellant
02-01-19T20:50:45: Item Hierarchy #808 Name: 601 15 009 Baby Care
02-01-19T20:50:45: Item Hierarchy #809 Name: 601 15 010 Feminine Hygiene
02-01-19T20:50:45: Item Hierarchy #810 Name: 601 15 012 Deodorants
02-01-19T20:50:45: Item Hierarchy #811 Name: 601 15 013 Shaving
02-01-19T20:50:45: Item Hierarchy #812 Name: 601 15 014 Eye Care
02-01-19T20:50:45: Item Hierarchy #813 Name: 601 15 018 Skin Care
02-01-19T20:50:45: Item Hierarchy #814 Name: 601 15 019 Toothbrushes
02-01-19T20:50:45: Item Hierarchy #815 Name: 601 15 021 Nail Accessories
02-01-19T20:50:45: Item Hierarchy #816 Name: 601 15 023 Miscellaneous
02-01-19T20:50:45: Item Hierarchy #817 Name: 601 15 027 Lotions
02-01-19T20:50:45: Item Hierarchy #818 Name: 601 15 030 Condoms - Vending
02-01-19T20:50:45: Item Hierarchy #819 Name: 601 15 034 Travel Kits
02-01-19T20:50:45: Item Hierarchy #820 Name: 601 15 850 Dollar Store
02-01-19T20:50:45: Item Hierarchy #821 Name: 601 15 900 SHIPPERS
02-01-19T20:50:45: Item Hierarchy #822 Name: 601 15 910 GC HBA
02-01-19T20:50:45: Item Hierarchy #823 Name: 601 15A 000 Hba - Oral
02-01-19T20:50:45: Item Hierarchy #824 Name: 601 15A 01 Oral DXM Restricted
02-01-19T20:50:45: Item Hierarchy #825 Name: 601 15A 02 Pep & Energy
02-01-19T20:50:45: Item Hierarchy #826 Name: 601 15A 03 Allergy Relief
02-01-19T20:50:45: Item Hierarchy #827 Name: 601 15A 04 Pain Relief
02-01-19T20:50:45: Item Hierarchy #828 Name: 601 15A 06 Vitamins
02-01-19T20:50:45: Item Hierarchy #829 Name: 601 15A 08 Antacids
02-01-19T20:50:45: Item Hierarchy #830 Name: 601 15A 09 Toothache
02-01-19T20:50:45: Item Hierarchy #831 Name: 601 15A 10 Cough Drops
02-01-19T20:50:45: Item Hierarchy #832 Name: 601 15A 100 Convenience Packs
02-01-19T20:50:45: Item Hierarchy #833 Name: 601 15A 11 Cough Syrups
02-01-19T20:50:45: Item Hierarchy #834 Name: 601 15A 12 Sleep Aids
02-01-19T20:50:45: Item Hierarchy #835 Name: 601 15A 13 Motion Sickness
02-01-19T20:50:45: Item Hierarchy #836 Name: 601 15A 14 Throat Spray/Lozeng
02-01-19T20:50:45: Item Hierarchy #837 Name: 601 15A 15 Toothpaste/Mouthwas
02-01-19T20:50:45: Item Hierarchy #838 Name: 601 15A 16 Lip Balm
02-01-19T20:50:45: Item Hierarchy #839 Name: 601 15A 17 Laxatives
02-01-19T20:50:45: Item Hierarchy #840 Name: 601 15A 18 Nasal Spray
02-01-19T20:50:45: Item Hierarchy #841 Name: 601 15A 20 Dental Care
02-01-19T20:50:45: Item Hierarchy #842 Name: 601 15A 900 Shippers
02-01-19T20:50:45: Item Hierarchy #843 Name: 601 15A 910 GC HBA-Oral Medica
02-01-19T20:50:45: Item Hierarchy #844 Name: 601 15B 000 General
02-01-19T20:50:45: Item Hierarchy #845 Name: 601 15B 001 Ephedrine
02-01-19T20:50:45: Item Hierarchy #846 Name: 601 15B 002 Nicotine Alternati
02-01-19T20:50:45: Item Hierarchy #847 Name: 601 15B 900 SHIPPERS
02-01-19T20:50:45: Item Hierarchy #848 Name: 601 15B 910 GC Pep & Energy Re
02-01-19T20:50:45: Item Hierarchy #849 Name: 601 15C 000 Pep & Energy Shots
02-01-19T20:50:45: Item Hierarchy #850 Name: 601 15C 900 Shippers
02-01-19T20:50:45: Item Hierarchy #851 Name: 601 15C 910 GC Pep & Energy Sh
02-01-19T20:50:45: Item Hierarchy #852 Name: 601 17 000 Frozen Food
02-01-19T20:50:45: Item Hierarchy #853 Name: 601 17 001 Frozen Dinners
02-01-19T20:50:45: Item Hierarchy #854 Name: 601 17 002 Pizza
02-01-19T20:50:45: Item Hierarchy #855 Name: 601 17 004 Frozen Fries
02-01-19T20:50:45: Item Hierarchy #856 Name: 601 17 910 GC Frozen Food
02-01-19T20:50:45: Item Hierarchy #857 Name: 601 17A 01 Simeks Frozen Food
02-01-19T20:50:45: Item Hierarchy #858 Name: 601 18 000 Novelty Lighters
02-01-19T20:50:45: Item Hierarchy #859 Name: 601 18 100 Bic General
02-01-19T20:50:45: Item Hierarchy #860 Name: 601 18 110 Bic Limited Edition
02-01-19T20:50:45: Item Hierarchy #861 Name: 601 18 120 Bic Sports Lighters
02-01-19T20:50:45: Item Hierarchy #862 Name: 601 18 121 Bic Household Light
02-01-19T20:50:45: Item Hierarchy #863 Name: 601 18 123 Lighter Acc.
02-01-19T20:50:45: Item Hierarchy #864 Name: 601 18 290 Zippo Smoking Acc.
02-01-19T20:50:45: Item Hierarchy #865 Name: 601 18 900 Shippers
02-01-19T20:50:45: Item Hierarchy #866 Name: 601 18 910 GC Cigarette Lighte
02-01-19T20:50:45: Item Hierarchy #867 Name: 601 18 915 Butane/Fluid
02-01-19T20:50:45: Item Hierarchy #868 Name: 601 19 000 Sunglasses
02-01-19T20:50:45: Item Hierarchy #869 Name: 601 19 001 Sunglass Accessorie
02-01-19T20:50:45: Item Hierarchy #870 Name: 601 19 002 Kids Sunglasses
02-01-19T20:50:45: Item Hierarchy #871 Name: 601 19 01 Reading Glasses
02-01-19T20:50:45: Item Hierarchy #872 Name: 601 19 910 GC Sunglasses
02-01-19T20:50:45: Item Hierarchy #873 Name: 601 20 000 Oil - Unclassified
02-01-19T20:50:45: Item Hierarchy #874 Name: 601 20 001 Speedway/Sa Brand
02-01-19T20:50:45: Item Hierarchy #875 Name: 601 20 002 Castrol
02-01-19T20:50:45: Item Hierarchy #876 Name: 601 20 003 Quaker State
02-01-19T20:50:45: Item Hierarchy #877 Name: 601 20 004 Shell Oil
02-01-19T20:50:45: Item Hierarchy #878 Name: 601 20 005 Havoline
02-01-19T20:50:45: Item Hierarchy #879 Name: 601 20 006 Valvoline
02-01-19T20:50:45: Item Hierarchy #880 Name: 601 20 007 Pennzoil
02-01-19T20:50:45: Item Hierarchy #881 Name: 601 20 008 Marathon
02-01-19T20:50:45: Item Hierarchy #882 Name: 601 20 011 Evinrode
02-01-19T20:50:45: Item Hierarchy #883 Name: 601 20 012 Mercury
02-01-19T20:50:45: Item Hierarchy #884 Name: 601 20 015 Truck Oil
02-01-19T20:50:45: Item Hierarchy #885 Name: 601 20 910 GC Oil
02-01-19T20:50:45: Item Hierarchy #886 Name: 601 20A 000 Auto Additives
02-01-19T20:50:45: Item Hierarchy #887 Name: 601 20A 01 Antifreeze
02-01-19T20:50:45: Item Hierarchy #888 Name: 601 20A 02 Windshield Wash
02-01-19T20:50:45: Item Hierarchy #889 Name: 601 20A 03 Truck Additives
02-01-19T20:50:45: Item Hierarchy #890 Name: 601 20A 910 GC Auto/Truck Adds
02-01-19T20:50:45: Item Hierarchy #891 Name: 601 20B 000 Air Fresheners
02-01-19T20:50:45: Item Hierarchy #892 Name: 601 20B 01 Auto Appearance
02-01-19T20:50:45: Item Hierarchy #893 Name: 601 20B 02 Gas Cans
02-01-19T20:50:45: Item Hierarchy #894 Name: 601 20B 03 Bulbs/Fuses
02-01-19T20:50:45: Item Hierarchy #895 Name: 601 20B 04 Lubricants
02-01-19T20:50:45: Item Hierarchy #896 Name: 601 20B 05 Parts/Accessories
02-01-19T20:50:45: Item Hierarchy #897 Name: 601 20B 06 Tire Sealants
02-01-19T20:50:45: Item Hierarchy #898 Name: 601 20B 07 Tools
02-01-19T20:50:45: Item Hierarchy #899 Name: 601 20B 08 Truck Accessories
02-01-19T20:50:45: Item Hierarchy #900 Name: 601 20B 910 GC Auto/Truck Misc
02-01-19T20:50:45: Item Hierarchy #901 Name: 601 21 000 Clothing
02-01-19T20:50:45: Item Hierarchy #902 Name: 601 21 200 Hats & Caps
02-01-19T20:50:45: Item Hierarchy #903 Name: 601 21 300 T-Shirts
02-01-19T20:50:45: Item Hierarchy #904 Name: 601 21 400 Gloves
02-01-19T20:50:45: Item Hierarchy #905 Name: 601 21 930 Truckstop Boots/Foo
02-01-19T20:50:45: Item Hierarchy #906 Name: 601 22 000 Novelty
02-01-19T20:50:45: Item Hierarchy #907 Name: 601 22 002 Seasonal/Holiday
02-01-19T20:50:45: Item Hierarchy #908 Name: 601 22 003 Toys/Plush
02-01-19T20:50:45: Item Hierarchy #909 Name: 601 22 007 Miscellaneous
02-01-19T20:50:45: Item Hierarchy #910 Name: 601 22 008 Scents/Air Freshene
02-01-19T20:50:45: Item Hierarchy #911 Name: 601 22 010 Key Chains
02-01-19T20:50:45: Item Hierarchy #912 Name: 601 22 018 Future Use
02-01-19T20:50:45: Item Hierarchy #913 Name: 601 22 100 Souvenirs
02-01-19T20:50:45: Item Hierarchy #914 Name: 601 22 104 Figurines/Knickknac
02-01-19T20:50:45: Item Hierarchy #915 Name: 601 22 110 Sports
02-01-19T20:50:45: Item Hierarchy #916 Name: 601 22 111 Medallions
02-01-19T20:50:45: Item Hierarchy #917 Name: 601 22 113 Future Use
02-01-19T20:50:45: Item Hierarchy #918 Name: 601 22 160 Automotive
02-01-19T20:50:45: Item Hierarchy #919 Name: 601 22 170 Cigarette Accessori
02-01-19T20:50:45: Item Hierarchy #920 Name: 601 22 180 Stationary
02-01-19T20:50:45: Item Hierarchy #921 Name: 601 22 300 Audio/VisualI/A
02-01-19T20:50:45: Item Hierarchy #922 Name: 601 22 400 Jewelry/Watches&Fas
02-01-19T20:50:45: Item Hierarchy #923 Name: 601 22 401 Future Use
02-01-19T20:50:45: Item Hierarchy #924 Name: 601 22 600 Electronics
02-01-19T20:50:45: Item Hierarchy #925 Name: 601 22 900 Shippers
02-01-19T20:50:45: Item Hierarchy #926 Name: 601 22 910 GC Novelty
02-01-19T20:50:45: Item Hierarchy #927 Name: 601 22B 000 Postage Stamps
02-01-19T20:50:45: Item Hierarchy #928 Name: 601 22C 000 Phone In Box
02-01-19T20:50:45: Item Hierarchy #929 Name: 601 22C 01 AT&T
02-01-19T20:50:45: Item Hierarchy #930 Name: 601 22C 100 Phone Accessories
02-01-19T20:50:45: Item Hierarchy #931 Name: 601 22C 910 GC Phone/Accessori
02-01-19T20:50:45: Item Hierarchy #932 Name: 601 24 000 Film/Batteries
02-01-19T20:50:45: Item Hierarchy #933 Name: 601 24 100 Flashlights
02-01-19T20:50:45: Item Hierarchy #934 Name: 601 24 200 Film
02-01-19T20:50:45: Item Hierarchy #935 Name: 601 24 201 Kodak
02-01-19T20:50:45: Item Hierarchy #936 Name: 601 24 203 Konica
02-01-19T20:50:45: Item Hierarchy #937 Name: 601 24 300 Cameras
02-01-19T20:50:45: Item Hierarchy #938 Name: 601 24 302 Konica
02-01-19T20:50:45: Item Hierarchy #939 Name: 601 24 410 Duracell
02-01-19T20:50:45: Item Hierarchy #940 Name: 601 24 420 Eveready Energizer
02-01-19T20:50:45: Item Hierarchy #941 Name: 601 24 450 Rayovac
02-01-19T20:50:45: Item Hierarchy #942 Name: 601 24 900 Shippers
02-01-19T20:50:45: Item Hierarchy #943 Name: 601 24 910 GC Film/Batteries
02-01-19T20:50:45: Item Hierarchy #944 Name: 601 25 000 RM Maps
02-01-19T20:50:45: Item Hierarchy #945 Name: 601 25 001 RM Easy Finder
02-01-19T20:50:45: Item Hierarchy #946 Name: 601 25 002 RM Folded Map
02-01-19T20:50:45: Item Hierarchy #947 Name: 601 25 003 RM Atlases
02-01-19T20:50:45: Item Hierarchy #948 Name: 601 25 004 RM Street Guides
02-01-19T20:50:45: Item Hierarchy #949 Name: 601 25 005 RM Amusement
02-01-19T20:50:45: Item Hierarchy #950 Name: 601 25 008 National Maps
02-01-19T20:50:45: Item Hierarchy #951 Name: 601 25 009 Sports Maps
02-01-19T20:50:45: Item Hierarchy #952 Name: 601 25 011 Greatlake Maps
02-01-19T20:50:45: Item Hierarchy #953 Name: 601 25 013 Universal Maps
02-01-19T20:50:45: Item Hierarchy #954 Name: 601 25 910 GC Maps
02-01-19T20:50:45: Item Hierarchy #955 Name: 601 26 110 Pencils
02-01-19T20:50:45: Item Hierarchy #956 Name: 601 26 120 Pens
02-01-19T20:50:45: Item Hierarchy #957 Name: 601 26 130 Markers
02-01-19T20:50:45: Item Hierarchy #958 Name: 601 26 140 CrayonsI/A
02-01-19T20:50:45: Item Hierarchy #959 Name: 601 26 150 Correction Aids
02-01-19T20:50:45: Item Hierarchy #960 Name: 601 26 200 Organizational Supp
02-01-19T20:50:45: Item Hierarchy #961 Name: 601 26 210 Planners/Organizers
02-01-19T20:50:45: Item Hierarchy #962 Name: 601 26 220 Notebooks
02-01-19T20:50:45: Item Hierarchy #963 Name: 601 26 230 Fasteners
02-01-19T20:50:45: Item Hierarchy #964 Name: 601 26 240 Rulers
02-01-19T20:50:45: Item Hierarchy #965 Name: 601 26 310 Tape
02-01-19T20:50:45: Item Hierarchy #966 Name: 601 26 320 Scissors
02-01-19T20:50:45: Item Hierarchy #967 Name: 601 26 330 Glue
02-01-19T20:50:45: Item Hierarchy #968 Name: 601 26 410 Filler PaperI/A
02-01-19T20:50:45: Item Hierarchy #969 Name: 601 26 430 Index CardsI/A
02-01-19T20:50:45: Item Hierarchy #970 Name: 601 26 440 Writing Tablets
02-01-19T20:50:45: Item Hierarchy #971 Name: 601 26 450 Envelopes
02-01-19T20:50:45: Item Hierarchy #972 Name: 601 26 460 Postal Supplies
02-01-19T20:50:45: Item Hierarchy #973 Name: 601 26 475 Calculators
02-01-19T20:50:45: Item Hierarchy #974 Name: 601 26 900 Shipper
02-01-19T20:50:45: Item Hierarchy #975 Name: 601 26 910 GC School Supplies
02-01-19T20:50:45: Item Hierarchy #976 Name: 601 27 000 Seasonal
02-01-19T20:50:46: Item Hierarchy #977 Name: 601 27 100 Summer General Item
02-01-19T20:50:46: Item Hierarchy #978 Name: 601 27 101 Ice Chests/Coolers
02-01-19T20:50:46: Item Hierarchy #979 Name: 601 27 102 Suntan Lotions
02-01-19T20:50:46: Item Hierarchy #980 Name: 601 27 103 Charcoal/Fluid
02-01-19T20:50:46: Item Hierarchy #981 Name: 601 27 110 Birdseed/Supplies
02-01-19T20:50:46: Item Hierarchy #982 Name: 601 27 400 Winter General Item
02-01-19T20:50:46: Item Hierarchy #983 Name: 601 27 401 Snow/Ice Melt
02-01-19T20:50:46: Item Hierarchy #984 Name: 601 27 900 Shippers
02-01-19T20:50:46: Item Hierarchy #985 Name: 601 27 910 GC Seasonal Items
02-01-19T20:50:46: Item Hierarchy #986 Name: 601 28 001 News Other
02-01-19T20:50:46: Item Hierarchy #987 Name: 601 28 002 News National
02-01-19T20:50:46: Item Hierarchy #988 Name: 601 28 003 News Local Daily
02-01-19T20:50:46: Item Hierarchy #989 Name: 601 28 004 News Local Sunday
02-01-19T20:50:46: Item Hierarchy #990 Name: 601 28 005 News Local Weekly
02-01-19T20:50:46: Item Hierarchy #991 Name: 601 28 01 Happenings Book
02-01-19T20:50:46: Item Hierarchy #992 Name: 601 28 910 GC Newspapers
02-01-19T20:50:46: Item Hierarchy #993 Name: 601 28A 01 Almanac
02-01-19T20:50:46: Item Hierarchy #994 Name: 601 28A 02 Books
02-01-19T20:50:46: Item Hierarchy #995 Name: 601 28A 05 Magazines
02-01-19T20:50:46: Item Hierarchy #996 Name: 601 28A 05A Crosswords/Puzzles
02-01-19T20:50:46: Item Hierarchy #997 Name: 601 28A 05B Comics
02-01-19T20:50:46: Item Hierarchy #998 Name: 601 28A 06 Tabloid Magazines
02-01-19T20:50:46: Item Hierarchy #999 Name: 601 28A 07 Study Charts
02-01-19T20:50:46: Item Hierarchy #1000 Name: 601 28A 10 Trader Magazines
02-01-19T20:50:46: Item Hierarchy #1001 Name: 601 28A 11 Calendars
02-01-19T20:50:46: Item Hierarchy #1002 Name: 601 28A 910 GC Periodicals
02-01-19T20:50:46: Item Hierarchy #1003 Name: 601 30 001 Dog Food
02-01-19T20:50:46: Item Hierarchy #1004 Name: 601 30 002 Cat Food
02-01-19T20:50:46: Item Hierarchy #1005 Name: 601 30 003 Litter
02-01-19T20:50:46: Item Hierarchy #1006 Name: 601 30 004 Pet Supplies
02-01-19T20:50:46: Item Hierarchy #1007 Name: 601 30 910 GC Pet Goods
02-01-19T20:50:46: Item Hierarchy #1008 Name: 601 31 000 Outside Items
02-01-19T20:50:46: Item Hierarchy #1009 Name: 601 31 100 Propane Exchange
02-01-19T20:50:46: Item Hierarchy #1010 Name: 601 31 102 Propane Purchase
02-01-19T20:50:46: Item Hierarchy #1011 Name: 601 31 106 Bulk Propane
02-01-19T20:50:46: Item Hierarchy #1012 Name: 601 31 200 Firewood
02-01-19T20:50:46: Item Hierarchy #1013 Name: 601 31 300 Salt
02-01-19T20:50:46: Item Hierarchy #1014 Name: 601 31 400 Mulch
02-01-19T20:50:46: Item Hierarchy #1015 Name: 601 31 600 Potting Soil / Seed
02-01-19T20:50:46: Item Hierarchy #1016 Name: 601 31 910 GC Outside Items
02-01-19T20:50:46: Item Hierarchy #1017 Name: 601 33 000 Grocery
02-01-19T20:50:46: Item Hierarchy #1018 Name: 601 33 01 Cereal
02-01-19T20:50:46: Item Hierarchy #1019 Name: 601 33 01A Breakfast Pastries
02-01-19T20:50:46: Item Hierarchy #1020 Name: 601 33 03 Coffee
02-01-19T20:50:46: Item Hierarchy #1021 Name: 601 33 04 Baking Goods
02-01-19T20:50:46: Item Hierarchy #1022 Name: 601 33 04A Cake Mixes
02-01-19T20:50:46: Item Hierarchy #1023 Name: 601 33 05 Condiments/Pickles
02-01-19T20:50:46: Item Hierarchy #1024 Name: 601 33 06 Canned Fruits/Vegeta
02-01-19T20:50:46: Item Hierarchy #1025 Name: 601 33 07 Soups
02-01-19T20:50:46: Item Hierarchy #1026 Name: 601 33 07A Microwave Meals
02-01-19T20:50:46: Item Hierarchy #1027 Name: 601 33 08 Canned Meats
02-01-19T20:50:46: Item Hierarchy #1028 Name: 601 33 10 Syrups
02-01-19T20:50:46: Item Hierarchy #1029 Name: 601 33 100 Groc/BevEnhance
02-01-19T20:50:46: Item Hierarchy #1030 Name: 601 33 11 Boxed Pasta
02-01-19T20:50:46: Item Hierarchy #1031 Name: 601 33 11A Canned Pasta
02-01-19T20:50:46: Item Hierarchy #1032 Name: 601 33 12 Pasta Sauce
02-01-19T20:50:46: Item Hierarchy #1033 Name: 601 33 13 Beans
02-01-19T20:50:46: Item Hierarchy #1034 Name: 601 33 14 Cooking Oil
02-01-19T20:50:46: Item Hierarchy #1035 Name: 601 33 15 Rice
02-01-19T20:50:46: Item Hierarchy #1036 Name: 601 33 16 Cooking Spices
02-01-19T20:50:46: Item Hierarchy #1037 Name: 601 33 17 Ethnic
02-01-19T20:50:46: Item Hierarchy #1038 Name: 601 33 18 Taxable Grocery
02-01-19T20:50:46: Item Hierarchy #1039 Name: 601 33 500 Hispanic
02-01-19T20:50:46: Item Hierarchy #1040 Name: 601 33 850 Dollar Store
02-01-19T20:50:46: Item Hierarchy #1041 Name: 601 33 900 Shippers
02-01-19T20:50:46: Item Hierarchy #1042 Name: 601 33 910 Rebrand Grocery
02-01-19T20:50:46: Item Hierarchy #1043 Name: 601 34 000 Non-Foods
02-01-19T20:50:46: Item Hierarchy #1044 Name: 601 34 003 Playing Cards
02-01-19T20:50:46: Item Hierarchy #1045 Name: 601 34 004 Candles/Candleholde
02-01-19T20:50:46: Item Hierarchy #1046 Name: 601 34 005 Baby ItemsI/A
02-01-19T20:50:46: Item Hierarchy #1047 Name: 601 34 007 Flowers & Balloons
02-01-19T20:50:46: Item Hierarchy #1048 Name: 601 34 008 Greeting Cards
02-01-19T20:50:46: Item Hierarchy #1049 Name: 601 34 012 Knives
02-01-19T20:50:46: Item Hierarchy #1050 Name: 601 34 015 Sporting Goods
02-01-19T20:50:46: Item Hierarchy #1051 Name: 601 34 016 Bait & Tackle
02-01-19T20:50:46: Item Hierarchy #1052 Name: 601 34 020 Prepaid Car Wash To
02-01-19T20:50:46: Item Hierarchy #1053 Name: 601 34 060 Car Wash Tokens
02-01-19T20:50:46: Item Hierarchy #1054 Name: 601 34 1100 Misc Phone Prod
02-01-19T20:50:46: Item Hierarchy #1055 Name: 601 34 1120 Audio Books
02-01-19T20:50:46: Item Hierarchy #1056 Name: 601 34 1200 Compact Disc
02-01-19T20:50:46: Item Hierarchy #1057 Name: 601 34 1300 Video Cassettes
02-01-19T20:50:46: Item Hierarchy #1058 Name: 601 34 1400 Dvd
02-01-19T20:50:46: Item Hierarchy #1059 Name: 601 34 900 Shippers
02-01-19T20:50:46: Item Hierarchy #1060 Name: 601 34 910 Rebrand Non-Foods
02-01-19T20:50:46: Item Hierarchy #1061 Name: 601 34A 000 Unclassified Nonta
02-01-19T20:50:46: Item Hierarchy #1062 Name: 601 34A 001 Envelopes (AM Expr
02-01-19T20:50:46: Item Hierarchy #1063 Name: 601 34A 002 City Stickers/Bags
02-01-19T20:50:46: Item Hierarchy #1064 Name: 601 34A 003 Toll Pass
02-01-19T20:50:46: Item Hierarchy #1065 Name: 601 35 000 Fireworks
02-01-19T20:50:46: Item Hierarchy #1066 Name: 601 36 000 BULK PROPANE
02-01-19T20:50:46: Item Hierarchy #1067 Name: 601 37 000 Bulk Water
02-01-19T20:50:46: Item Hierarchy #1068 Name: 601 38 000 Checkout Bag Tax
02-01-19T20:50:46: Item Hierarchy #1069 Name: 601 39 000 Sweetened Bev Tax
02-01-19T20:50:46: Item Hierarchy #1070 Name: 63 01 000 M&S Marketing
02-01-19T20:50:46: Item Hierarchy #1071 Name: 64 01 000 M&S Gift Card & Resa
02-01-19T20:50:46: Item Hierarchy #1072 Name: 702 01 100 MI Won Card
02-01-19T20:50:46: Item Hierarchy #1073 Name: 703 01 000 Sony MGM Dvd i/a
02-01-19T20:50:46: Item Hierarchy #1074 Name: 704 C03 723 Wave Transit Rech
02-01-19T20:50:46: Item Hierarchy #1075 Name: 704 C06 000 TollPas-Incomm/f
02-01-19T20:50:46: Item Hierarchy #1076 Name: 704 C06 001 Toll Starter Kit
02-01-19T20:50:46: Item Hierarchy #1077 Name: 704 C06 002 VanillaDirct NoFee
02-01-19T20:50:46: Item Hierarchy #1078 Name: 704 C06 003 VanillaDirct $0.50
02-01-19T20:50:46: Item Hierarchy #1079 Name: 704 C06 004 VanillaDirct $1.00
02-01-19T20:50:46: Item Hierarchy #1080 Name: 704 C06 005 VanillaDirct $1.06
02-01-19T20:50:46: Item Hierarchy #1081 Name: 704 C06 006 VanillaDirct $1.50
02-01-19T20:50:46: Item Hierarchy #1082 Name: 704 C06 007 VanillaDirct $1.95
02-01-19T20:50:46: Item Hierarchy #1083 Name: 704 C06 008 VanillaDirct $1.99
02-01-19T20:50:46: Item Hierarchy #1084 Name: 704 C06 009 VanillaDirct $2.00
02-01-19T20:50:46: Item Hierarchy #1085 Name: 704 C06 010 VanillaDirct $2.50
02-01-19T20:50:46: Item Hierarchy #1086 Name: 704 C06 011 VanillaDirct $2.95
02-01-19T20:50:46: Item Hierarchy #1087 Name: 704 C06 012 VanillaDirct $3.95
02-01-19T20:50:46: Item Hierarchy #1088 Name: 704 C06 013 VanillaDirct $4.75
02-01-19T20:50:46: Item Hierarchy #1089 Name: 704 C06 014 VanillaDirct $4.95
02-01-19T20:50:46: Item Hierarchy #1090 Name: 704 C06 015 VanillaDirct $5.50
02-01-19T20:50:46: Item Hierarchy #1091 Name: 704 C06 016 VanillaDirct $5.95
02-01-19T20:50:46: Item Hierarchy #1092 Name: 704 C06 017 VanillaDirct $6.95
02-01-19T20:50:46: Item Hierarchy #1093 Name: 704 C06 018 VanillaDirct $3.00
02-01-19T20:50:46: Item Hierarchy #1094 Name: 704 C06 019 VanillaDirct $4.00
02-01-19T20:50:46: Item Hierarchy #1095 Name: 704 C06 020 VanillaDirct $3.50
02-01-19T20:50:46: Item Hierarchy #1096 Name: 704 C06 021 VanillaDirct $1.75
02-01-19T20:50:46: Item Hierarchy #1097 Name: 704 C06 022 VanillaDirct $1.25
02-01-19T20:50:46: Item Hierarchy #1098 Name: 704 C06 023 VanillaDirct $5.00
02-01-19T20:50:46: Item Hierarchy #1099 Name: 704 C06 024 Riverlink Start
02-01-19T20:50:46: Item Hierarchy #1100 Name: 704 C06 025 Riverlink Recharge
02-01-19T20:50:46: Item Hierarchy #1101 Name: 704 C06 026 The Wave Transit
02-01-19T20:50:46: Item Hierarchy #1102 Name: 704 D01 000 Incomm Re Green
02-01-19T20:50:46: Item Hierarchy #1103 Name: 704 D01 100 Incomm Re Van
02-01-19T20:50:46: Item Hierarchy #1104 Name: 705 F02 000 BC Netspend Fee
02-01-19T20:50:46: Item Hierarchy #1105 Name: 705 RA1 000 Net MC Reload Act
02-01-19T20:50:46: Item Hierarchy #1106 Name: 705 RA2 000 Net Visa Activate
02-01-19T20:50:46: Item Hierarchy #1107 Name: 705 RA4 000 Net Meta MC Activa
02-01-19T20:50:46: Item Hierarchy #1108 Name: 705 RR1 000 Net MC Reload Re
02-01-19T20:50:46: Item Hierarchy #1109 Name: 706 14 000 Herr Foods
02-01-19T20:50:46: Item Hierarchy #1110 Name: 706 14 001 Mikesells
02-01-19T20:50:46: Item Hierarchy #1111 Name: 706 14 002 UTZ QUALITY FOODS-S
02-01-19T20:50:46: Item Hierarchy #1112 Name: 706 15 000 PUGS General
02-01-19T20:50:46: Item Hierarchy #1113 Name: 706 15C 000 PUGS Energy Shots
02-01-19T20:50:46: Item Hierarchy #1114 Name: 706 15C 900 PUGS Shipper
02-01-19T20:50:46: Item Hierarchy #1115 Name: 706 19 000 PUGS Sunglasses
02-01-19T20:50:46: Item Hierarchy #1116 Name: 706 19 100 PUGS Reading Glass
02-01-19T20:50:46: Item Hierarchy #1117 Name: 706 21 100 PUGS Novelty
02-01-19T20:50:46: Item Hierarchy #1118 Name: 706 21 200 PUGS Hats & Caps
02-01-19T20:50:46: Item Hierarchy #1119 Name: 706 21 400 PUGS Gloves
02-01-19T20:50:46: Item Hierarchy #1120 Name: 706 22 100 PUGS Phone/Accessor
02-01-19T20:50:46: Item Hierarchy #1121 Name: 706 27 400 PUGS Winter Gen
02-01-19T20:50:46: Item Hierarchy #1122 Name: 707 03 000 Pastries Non Tax
02-01-19T20:50:46: Item Hierarchy #1123 Name: 707 03 001 DD Franchise Tax
02-01-19T20:50:46: Item Hierarchy #1124 Name: 707 04 001 DD Franchise NonTax
02-01-19T20:50:46: Item Hierarchy #1125 Name: 708 C03 000 Moneygram
02-01-19T20:50:46: Item Hierarchy #1126 Name: 76 01 000 Office Supplies
02-01-19T20:50:46: Item Hierarchy #1127 Name: 77 01 000 Unclassified
02-01-19T20:50:46: Item Hierarchy #1128 Name: 77 01 001 Car Wash Supplies
02-01-19T20:50:46: Item Hierarchy #1129 Name: 77 01 110 Bags
02-01-19T20:50:46: Item Hierarchy #1130 Name: 77 01 120 Brooms
02-01-19T20:50:46: Item Hierarchy #1131 Name: 77 01 130 Brushes & Sponges
02-01-19T20:50:46: Item Hierarchy #1132 Name: 77 01 140 Buckets
02-01-19T20:50:46: Item Hierarchy #1133 Name: 77 01 150 Cleaning Dispensers
02-01-19T20:50:46: Item Hierarchy #1134 Name: 77 01 160 Cleansers/Sanitizers
02-01-19T20:50:46: Item Hierarchy #1135 Name: 77 01 170 Coffee Pots
02-01-19T20:50:46: Item Hierarchy #1136 Name: 77 01 180 Dust Pans
02-01-19T20:50:46: Item Hierarchy #1137 Name: 77 01 200 Fast Food Supplies
02-01-19T20:50:46: Item Hierarchy #1138 Name: 77 01 210 Filters
02-01-19T20:50:46: Item Hierarchy #1139 Name: 77 01 220 First Aid Supplies
02-01-19T20:50:46: Item Hierarchy #1140 Name: 77 01 230 Gloves
02-01-19T20:50:46: Item Hierarchy #1141 Name: 77 01 240 Island Supplies
02-01-19T20:50:46: Item Hierarchy #1142 Name: 77 01 250 Light Bulbs
02-01-19T20:50:46: Item Hierarchy #1143 Name: 77 01 260 Merchandise Supplies
02-01-19T20:50:46: Item Hierarchy #1144 Name: 77 01 270 Mops
02-01-19T20:50:46: Item Hierarchy #1145 Name: 77 01 280 Napkins & Towels
02-01-19T20:50:46: Item Hierarchy #1146 Name: 77 01 290 Nozzles & Hoses
02-01-19T20:50:46: Item Hierarchy #1147 Name: 77 01 300 Paint
02-01-19T20:50:46: Item Hierarchy #1148 Name: 77 01 310 Price Sign Equipment
02-01-19T20:50:46: Item Hierarchy #1149 Name: 77 01 320 Pump & Tank Supplies
02-01-19T20:50:46: Item Hierarchy #1150 Name: 77 01 330 Rest Room Supplies
02-01-19T20:50:46: Item Hierarchy #1151 Name: 77 01 340 Safety Equipment
02-01-19T20:50:46: Item Hierarchy #1152 Name: 77 01 370 Water Filters
02-01-19T20:50:46: Item Hierarchy #1153 Name: 77 01 380 Office Supplies
02-01-19T20:50:46: Item Hierarchy #1154 Name: 77 02 000 UNCLASSIFIED
02-01-19T20:50:46: Item Hierarchy #1155 Name: 77 02 900 SHIPPERS
02-01-19T20:50:46: Item Hierarchy #1156 Name: 77 03 000 Magazine Supplies
02-01-19T20:50:46: Item Hierarchy #1157 Name: 800 01 000 Vacuum Income
02-01-19T20:50:46: Item Hierarchy #1158 Name: 800 02 000 Fax Income
02-01-19T20:50:46: Item Hierarchy #1159 Name: 800 06 000 Toughman Tickets
02-01-19T20:50:46: Item Hierarchy #1160 Name: 800 07 000 Shower Income
02-01-19T20:50:46: Item Hierarchy #1161 Name: 800 08 000 Copy Machine
02-01-19T20:50:46: Item Hierarchy #1162 Name: 800 14 000 Charity Fund
02-01-19T20:50:46: Item Hierarchy #1163 Name: 800 18 000 Truck Diesel
02-01-19T20:50:46: Item Hierarchy #1164 Name: 800 19 000 Bulk DEF
02-01-19T20:50:46: Item Hierarchy #1165 Name: 800 20 000 CAGE FIGHT
02-01-19T20:50:46: Item Hierarchy #1166 Name: 810 01 000 Carwash
02-01-19T20:50:46: Item Hierarchy #1167 Name: 810 01 001 Mike|s Express Carw
02-01-19T20:50:46: Item Hierarchy #1168 Name: 820 01 000 Money Order
02-01-19T20:50:46: Item Hierarchy #1169 Name: 820 02 000 Money Order Fee
02-01-19T20:50:46: Item Hierarchy #1170 Name: 820 03 000 Money Gram
02-01-19T20:50:46: Item Hierarchy #1171 Name: 901 01 000 Multi PK 12Z CN
02-01-19T20:50:46: Item Hierarchy #1172 Name: 901 01 100 Single 12Z CN
02-01-19T20:50:46: Item Hierarchy #1173 Name: 901 01 500 Hispanic
02-01-19T20:50:46: Item Hierarchy #1174 Name: 901 01 910 GC 12Z Can
02-01-19T20:50:46: Item Hierarchy #1175 Name: 901 01A 000 Multi PK 12z CN
02-01-19T20:50:46: Item Hierarchy #1176 Name: 901 01A 100 Single 12z CN
02-01-19T20:50:46: Item Hierarchy #1177 Name: 901 01B 000 Multi PK 12z CN
02-01-19T20:50:46: Item Hierarchy #1178 Name: 901 01B 100 Single 12z CN
02-01-19T20:50:46: Item Hierarchy #1179 Name: 901 01C 100 SINGLE BOTTLE
02-01-19T20:50:46: Item Hierarchy #1180 Name: 901 02 000 .5L Btl
02-01-19T20:50:46: Item Hierarchy #1181 Name: 901 02 002 16Z Can
02-01-19T20:50:46: Item Hierarchy #1182 Name: 901 02 910 GC 16Z Nr Btl/ 16Z
02-01-19T20:50:46: Item Hierarchy #1183 Name: 901 02A 000 16z BTL/16z CN (.5
02-01-19T20:50:46: Item Hierarchy #1184 Name: 901 03 000 Soda 2 Liter
02-01-19T20:50:46: Item Hierarchy #1185 Name: 901 03 500 Hispanic
02-01-19T20:50:46: Item Hierarchy #1186 Name: 901 03 910 GC 2 Liter
02-01-19T20:50:46: Item Hierarchy #1187 Name: 901 03A 000 Unclassified
02-01-19T20:50:46: Item Hierarchy #1188 Name: 901 03B 000 Unclassified
02-01-19T20:50:46: Item Hierarchy #1189 Name: 901 04 000 Soda 20Z Btl
02-01-19T20:50:46: Item Hierarchy #1190 Name: 901 04 001 Soda 21Z Btl
02-01-19T20:50:46: Item Hierarchy #1191 Name: 901 04 500 Hispanic
02-01-19T20:50:46: Item Hierarchy #1192 Name: 901 04 910 Rebrand 20zNRBottle
02-01-19T20:50:46: Item Hierarchy #1193 Name: 901 04A 000 Unclassified
02-01-19T20:50:46: Item Hierarchy #1194 Name: 901 04B 000 Unclassified
02-01-19T20:50:47: Item Hierarchy #1195 Name: 901 05 000 Soda 1L
02-01-19T20:50:47: Item Hierarchy #1196 Name: 901 05A 000 Unclassified
02-01-19T20:50:47: Item Hierarchy #1197 Name: 901 05B 000 Unclassified
02-01-19T20:50:47: Item Hierarchy #1198 Name: 901 06 000 Soda 3L
02-01-19T20:50:47: Item Hierarchy #1199 Name: 901 07 000 Unclassified
02-01-19T20:50:47: Item Hierarchy #1200 Name: 901 08 000 Unclassified
02-01-19T20:50:47: Item Hierarchy #1201 Name: 901 08 010 Single 12Z
02-01-19T20:50:47: Item Hierarchy #1202 Name: 901 09 000 Unclassified
02-01-19T20:50:47: Item Hierarchy #1203 Name: 901 09B 000 Unclassified
02-01-19T20:50:47: Item Hierarchy #1204 Name: 901 10 000 Unclassified
02-01-19T20:50:47: Item Hierarchy #1205 Name: 901 10 500 Hispanic
02-01-19T20:50:47: Item Hierarchy #1206 Name: 901 11 000 13/14Z Bottle
02-01-19T20:50:47: Item Hierarchy #1207 Name: 901 14 000 Unclassified
02-01-19T20:50:47: Item Hierarchy #1208 Name: 901 15 000 24z FAYGO
02-01-19T20:50:47: Item Hierarchy #1209 Name: 901 15A 000 24z NR (Noncarb)
02-01-19T20:50:47: Item Hierarchy #1210 Name: 901 16 000 2 LITER FAYGO
02-01-19T20:50:47: Item Hierarchy #1211 Name: 901 16A 000 2 Liter Faygo (Non
02-01-19T20:50:47: Item Hierarchy #1212 Name: 901 17 000 8z Can Specialty
02-01-19T20:50:47: Item Hierarchy #1213 Name: 901 18 000 12z Can Specialty
02-01-19T20:50:47: Item Hierarchy #1214 Name: 901 20 000 16z Bottle
02-01-19T20:50:47: Item Hierarchy #1215 Name: 901 21 000 Sweetened Bev Tax
02-01-19T20:50:47: Item Hierarchy #1216 Name: 901 22 000 Shell Deposit
02-01-19T20:50:47: Item Hierarchy #1217 Name: 94 01 000 M&S Food
02-01-19T20:50:47: Item Hierarchy #1218 Name: 95 01 000 M&S Petroleum
02-01-19T20:50:47: Item Hierarchy #1219 Name: 950 01 101 Wrlss 9-1-1 Fee IN
02-01-19T20:50:47: Item Hierarchy #1220 Name: 950 01 102 Wrlss 9-1-1 Fee WI
02-01-19T20:50:47: Item Hierarchy #1221 Name: 950 01 103 Wrlss 9-1-1 Fee IL
02-01-19T20:50:47: Item Hierarchy #1222 Name: 950 01 104 Wrlss 9-1-1 Fee MI
02-01-19T20:50:47: Item Hierarchy #1223 Name: 950 01 105 Wrlss 9-1-1 Fee PA
02-01-19T20:50:47: Item Hierarchy #1224 Name: 950 01 106 Wrlss 9-1-1 Fee TN
02-01-19T20:50:47: Item Hierarchy #1225 Name: 950 01 107 Wrlss 9-1-1 Fee OH
02-01-19T20:50:47: Item Hierarchy #1226 Name: 950 01 108 Wrlss 9-1-1 Fee FL
02-01-19T20:50:47: Item Hierarchy #1227 Name: 950 01 109 Wrlss 9-1-1 Fee SC
02-01-19T20:50:47: Item Hierarchy #1228 Name: 950 01 110 Wrlss 9-1-1 Fee NJ
02-01-19T20:50:47: Item Hierarchy #1229 Name: 950 01 111 Wrlss 9-1-1 Fee DE
02-01-19T20:50:47: Item Hierarchy #1230 Name: 950 01 112 Wrlss 9-1-1 Fee MA
02-01-19T20:50:47: Item Hierarchy #1231 Name: 950 01 113 Wrlss 9-1-1 Fee RI
02-01-19T20:50:47: Item Hierarchy #1232 Name: 950 01 114 Wrlss 9-1-1 Fee CT
02-01-19T20:50:47: Item Hierarchy #1233 Name: 950 01 115 Wrlss 9-1-1 Fee VA
02-01-19T20:50:47: Item Hierarchy #1234 Name: 950 01 116 Wrlss 9-1-1 Fee NC
02-01-19T20:50:47: Item Hierarchy #1235 Name: 950 01 117 Wrlss 9-1-1 Fee AL
02-01-19T20:50:47: Item Hierarchy #1236 Name: 950 01 118 Wrlss 9-1-1 Fee GA
02-01-19T20:50:47: Item Hierarchy #1237 Name: 950 01 119 Wrlss 9-1-1 Fee KY
02-01-19T20:50:47: Item Hierarchy #1238 Name: 950 01 120 Wrlss 9-1-1 Fee NY
02-01-19T20:50:47: Item Hierarchy #1239 Name: 950 01 121 Wrlss 9-1-1 Fee NH
02-01-19T20:50:47: Item Hierarchy #1240 Name: 950 01 122 Wrlss 9-1-1 Fee TX
02-01-19T20:50:47: Item Hierarchy #1241 Name: 952 01 000 Unclassified
02-01-19T20:50:47: Item Hierarchy #1242 Name: 952 02 000 Unclassified
02-01-19T20:50:47: Item Hierarchy #1243 Name: 952 02D 000 Unclassified
02-01-19T20:50:47: Item Hierarchy #1244 Name: 952 02R 000 Unclassified
02-01-19T20:50:47: Item Hierarchy #1245 Name: 97 01 000 Eby Delivery Allowan
02-01-19T20:50:47: Item Hierarchy #1246 Name: i/a12 01 000 Unclassified
02-01-19T20:50:47: Item Hierarchy #1247 Name: i/a201 06 000 Cashews
02-01-19T20:50:47: Item Hierarchy #1248 Name: i/a204 02 000 Unclassified
02-01-19T20:50:47: Item Hierarchy #1249 Name: i/a601 05 100 Bon Appetit
02-01-19T20:50:47: Item Hierarchy #1250 Name: i/a601 09 200 Package Meat
02-01-19T20:50:47: Item Hierarchy #1251 Name: i/a601 09 300 Lunchables/FunPk
02-01-19T20:50:47: Item Hierarchy #1252 Name: i/a601 09 400 Bacon/Sausage
02-01-19T20:50:47: Item Hierarchy #1253 Name: i/a601 09 650 Cheese Spreads
02-01-19T20:50:47: Item Hierarchy #1254 Name: i/a601 09 700 Cheese Snk Dsrt
02-01-19T20:50:47: Item Hierarchy #1255 Name: i/a601 11 910 GC Flavored Wtr
02-01-19T20:50:47: Item Hierarchy #1256 Name: i/a601 11A 900 Shippers
02-01-19T20:50:47: Item Hierarchy #1257 Name: i/a601 11A 910 GC Flvr WatrNon
02-01-19T20:50:47: Item Hierarchy #1258 Name: i/a601 21 900 Shippers
02-01-19T20:50:47: Item Hierarchy #1259 Name: i/a601 21 910 GC Clothing
02-01-19T20:50:47: Item Hierarchy #1260 Name: i/a601 21 931 Truckstop Gloves
02-01-19T20:50:47: Item Hierarchy #1261 Name: i/a705 F01 000 Netspend Fees
02-01-19T20:50:47: Item Hierarchy #1262 Name: i/a705 NA1 000 Netspend MC A
02-01-19T20:50:47: Item Hierarchy #1263 Name: i/a705 NA1 001 Netspend MC Act
02-01-19T20:50:47: Item Hierarchy #1264 Name: i/a705 NA1 002 Netspend MC Act
02-01-19T20:50:47: Item Hierarchy #1265 Name: i/a705 NA2 000 Netspend Visa
02-01-19T20:50:47: Item Hierarchy #1266 Name: i/a705 NA2 001 Netspend Visa
02-01-19T20:50:47: Item Hierarchy #1267 Name: i/a706 21 000 PUGS Clothing
02-01-19T20:50:47: Item Hierarchy #1268 Name: i/a706 21 900 PUGS Shippers
02-01-19T20:50:47: Item Hierarchy #1269 Name: i/a706 27 100 PUGS Summer
02-01-19T20:50:47: Item Hierarchy #1270 Name: i/a706 27 900 PUGS Shippers
02-01-19T20:50:47: Item Hierarchy #1271 Name: i/a901 05 910 GC 1 Liter
02-01-19T20:50:47: Item Hierarchy #1272 Name: i/a909 01 000 Soda 12Z Can
02-01-19T20:50:47: Item Hierarchy #1273 Name: i/aPGA SVC 001Charity Activate
02-01-19T20:50:47: Item Hierarchy #1274 Name: i/aPGA SVC 002 DealershipActiv
02-01-19T20:50:47: Item Hierarchy #1275 Name: i/aT5 01 000 Postal Products
02-01-19T20:50:47: Item Hierarchy #1276 Name: i/aTRU MCA 000 Activation
02-01-19T20:50:47: Item Hierarchy #1277 Name: i/aTRU MCR 000 Reload
02-01-19T20:50:47: Item Hierarchy #1278 Name: PGA CSH 000 Cash Only (SVC) Ac
02-01-19T20:50:47: Item Hierarchy #1279 Name: PGA SVC 000 Activated (General
02-01-19T20:50:47: Item Hierarchy #1280 Name: PGA SVC 003 Food/Merch Activat
02-01-19T20:50:47: Item Hierarchy #1281 Name: PGA SVC 004 Fuel Card Activate
02-01-19T20:50:47: Item Hierarchy #1282 Name: PGA SVC 005 Gift Card Activate
02-01-19T20:50:47: Item Hierarchy #1283 Name: PGR CSH 000 Cash Only (SVC) Re
02-01-19T20:50:47: Item Hierarchy #1284 Name: PGR SVC 000 Recharge (General)
02-01-19T20:50:47: Item Hierarchy #1285 Name: PGR SVC 001 Charity Card Rchrg
02-01-19T20:50:47: Item Hierarchy #1286 Name: PGR SVC 002 Dealership Card Re
02-01-19T20:50:47: Item Hierarchy #1287 Name: PGR SVC 003 Food/Merch Rchrg
02-01-19T20:50:47: Item Hierarchy #1288 Name: PGR SVC 004 Fuel Card Rchrg
02-01-19T20:50:47: Item Hierarchy #1289 Name: PGR SVC 005 Gift Card Rchrg
02-01-19T20:50:47: Item Hierarchy #1290 Name: PGR SVC 006 G2G AND CAFE RCG
02-01-19T20:50:47: Item Hierarchy #1291 Name: VC 01 000 Unclassified
02-01-19T20:50:47: Starting XSL Transform, this may take awhile.
02-01-19T20:50:47: XSL Transform Complete.
02-01-19T20:50:47: Finished Generating XML
02-01-19T20:50:47: Total Category Nodes: 1291
02-01-19T20:50:47: File created in final xml folder: Item Hierarchy-All - Copy.xml
02-01-19T20:50:47: ...
02-01-19T20:50:47: End Log
