10-02-18T13:10:54: Start Log
10-02-18T13:10:54: Found Input File: inactive test.csv
10-02-18T13:10:54: Processing Supplier:  Xref: 
10-02-18T13:10:56: Supplier Item Rows: 10
10-02-18T13:10:57: Supplier Item Rows: 20
10-02-18T13:10:57: Supplier Item Rows: 30
10-02-18T13:10:58: Supplier Item Rows: 40
10-02-18T13:10:58: Supplier Item Rows: 50
10-02-18T13:10:58: Supplier Item Rows: 60
10-02-18T13:10:59: Supplier Item Rows: 70
10-02-18T13:10:59: Supplier Item Rows: 80
10-02-18T13:10:59: Supplier Item Rows: 90
10-02-18T13:11:00: Supplier Item Rows: 100
10-02-18T13:11:00: Supplier Item Rows: 110
10-02-18T13:11:00: Supplier Item Rows: 120
10-02-18T13:11:01: Supplier Item Rows: 130
10-02-18T13:11:01: Supplier Item Rows: 140
10-02-18T13:11:02: Supplier Item Rows: 150
10-02-18T13:11:02: Supplier Item Rows: 160
10-02-18T13:11:02: Supplier Item Rows: 170
10-02-18T13:11:03: Supplier Item Rows: 180
10-02-18T13:11:03: Supplier Item Rows: 190
10-02-18T13:11:03: Supplier Item Rows: 200
10-02-18T13:11:04: Supplier Item Rows: 210
10-02-18T13:11:04: Supplier Item Rows: 220
10-02-18T13:11:04: Supplier Item Rows: 230
10-02-18T13:11:05: Supplier Item Rows: 240
10-02-18T13:11:05: Supplier Item Rows: 250
10-02-18T13:11:05: Supplier Item Rows: 260
10-02-18T13:11:06: Supplier Item Rows: 270
10-02-18T13:11:06: Supplier Item Rows: 280
10-02-18T13:11:06: Supplier Item Rows: 290
10-02-18T13:11:07: Supplier Item Rows: 300
10-02-18T13:11:07: Supplier Item Rows: 310
10-02-18T13:11:07: Supplier Item Rows: 320
10-02-18T13:11:08: Supplier Item Rows: 330
10-02-18T13:11:08: Supplier Item Rows: 340
10-02-18T13:11:09: Supplier Item Rows: 350
10-02-18T13:11:09: Supplier Item Rows: 360
10-02-18T13:11:10: Supplier Item Rows: 370
10-02-18T13:11:10: Supplier Item Rows: 380
10-02-18T13:11:11: Supplier Item Rows: 390
10-02-18T13:11:11: Supplier Item Rows: 400
10-02-18T13:11:12: Supplier Item Rows: 410
10-02-18T13:11:12: Supplier Item Rows: 420
10-02-18T13:11:13: Supplier Item Rows: 430
10-02-18T13:11:13: Supplier Item Rows: 440
10-02-18T13:11:13: Supplier Item Rows: 450
10-02-18T13:11:14: Supplier Item Rows: 460
10-02-18T13:11:14: Supplier Item Rows: 470
10-02-18T13:11:15: Supplier Item Rows: 480
10-02-18T13:11:15: Supplier Item Rows: 490
10-02-18T13:11:15: Supplier Item Rows: 500
10-02-18T13:11:16: Supplier Item Rows: 510
10-02-18T13:11:16: Supplier Item Rows: 520
10-02-18T13:11:16: Supplier Item Rows: 530
10-02-18T13:11:17: Supplier Item Rows: 540
10-02-18T13:11:17: Supplier Item Rows: 550
10-02-18T13:11:17: Supplier Item Rows: 560
10-02-18T13:11:18: Supplier Item Rows: 570
10-02-18T13:11:18: Supplier Item Rows: 580
10-02-18T13:11:18: Supplier Item Rows: 590
10-02-18T13:11:19: Supplier Item Rows: 600
10-02-18T13:11:19: Supplier Item Rows: 610
10-02-18T13:11:19: Supplier Item Rows: 620
10-02-18T13:11:20: Supplier Item Rows: 630
10-02-18T13:11:20: Supplier Item Rows: 640
10-02-18T13:11:21: Supplier Item Rows: 650
10-02-18T13:11:21: Supplier Item Rows: 660
10-02-18T13:11:22: Supplier Item Rows: 670
10-02-18T13:11:22: Supplier Item Rows: 680
10-02-18T13:11:23: Supplier Item Rows: 690
10-02-18T13:11:23: Supplier Item Rows: 700
10-02-18T13:11:24: Supplier Item Rows: 710
10-02-18T13:11:24: Supplier Item Rows: 720
10-02-18T13:11:24: Supplier Item Rows: 730
10-02-18T13:11:25: Supplier Item Rows: 740
10-02-18T13:11:25: Supplier Item Rows: 750
10-02-18T13:11:25: Supplier Item Rows: 760
10-02-18T13:11:26: Supplier Item Rows: 770
10-02-18T13:11:26: Supplier Item Rows: 780
10-02-18T13:11:26: Supplier Item Rows: 790
10-02-18T13:11:27: Supplier Item Rows: 800
10-02-18T13:11:27: Supplier Item Rows: 810
10-02-18T13:11:28: Supplier Item Rows: 820
10-02-18T13:11:28: Supplier Item Rows: 830
10-02-18T13:11:29: Supplier Item Rows: 840
10-02-18T13:11:29: Supplier Item Rows: 850
10-02-18T13:11:29: Supplier Item Rows: 860
10-02-18T13:11:30: Supplier Item Rows: 870
10-02-18T13:11:30: Supplier Item Rows: 880
10-02-18T13:11:30: Supplier Item Rows: 890
10-02-18T13:11:31: Supplier Item Rows: 900
10-02-18T13:11:31: Supplier Item Rows: 910
10-02-18T13:11:32: Supplier Item Rows: 920
10-02-18T13:11:32: Supplier Item Rows: 930
10-02-18T13:11:32: Supplier Item Rows: 940
10-02-18T13:11:33: Supplier Item Rows: 950
10-02-18T13:11:33: Supplier Item Rows: 960
10-02-18T13:11:33: Supplier Item Rows: 970
10-02-18T13:11:34: Supplier Item Rows: 980
10-02-18T13:11:34: Supplier Item Rows: 990
10-02-18T13:11:34: Supplier Item Rows: 1000
10-02-18T13:11:35: Supplier Item Rows: 1010
10-02-18T13:11:35: Supplier Item Rows: 1020
10-02-18T13:11:36: Supplier Item Rows: 1030
10-02-18T13:11:36: Supplier Item Rows: 1040
10-02-18T13:11:36: Supplier Item Rows: 1050
10-02-18T13:11:37: Supplier Item Rows: 1060
10-02-18T13:11:37: Supplier Item Rows: 1070
10-02-18T13:11:37: Supplier Item Rows: 1080
10-02-18T13:11:38: Supplier Item Rows: 1090
10-02-18T13:11:38: Supplier Item Rows: 1100
10-02-18T13:11:38: Supplier Item Rows: 1110
10-02-18T13:11:39: Supplier Item Rows: 1120
10-02-18T13:11:39: Supplier Item Rows: 1130
10-02-18T13:11:39: Supplier Item Rows: 1140
10-02-18T13:11:40: Supplier Item Rows: 1150
10-02-18T13:11:40: Supplier Item Rows: 1160
10-02-18T13:11:40: Supplier Item Rows: 1170
10-02-18T13:11:41: Supplier Item Rows: 1180
10-02-18T13:11:41: Supplier Item Rows: 1190
10-02-18T13:11:41: Supplier Item Rows: 1200
10-02-18T13:11:42: Supplier Item Rows: 1210
10-02-18T13:11:42: Supplier Item Rows: 1220
10-02-18T13:11:42: Supplier Item Rows: 1230
10-02-18T13:11:43: Supplier Item Rows: 1240
10-02-18T13:11:43: Supplier Item Rows: 1250
10-02-18T13:11:43: Supplier Item Rows: 1260
10-02-18T13:11:44: Supplier Item Rows: 1270
10-02-18T13:11:44: Supplier Item Rows: 1280
10-02-18T13:11:44: Supplier Item Rows: 1290
10-02-18T13:11:45: Supplier Item Rows: 1300
10-02-18T13:11:45: Supplier Item Rows: 1310
10-02-18T13:11:45: Supplier Item Rows: 1320
10-02-18T13:11:46: Supplier Item Rows: 1330
10-02-18T13:11:46: Supplier Item Rows: 1340
10-02-18T13:11:46: Supplier Item Rows: 1350
10-02-18T13:11:47: Supplier Item Rows: 1360
10-02-18T13:11:47: Supplier Item Rows: 1370
10-02-18T13:11:47: Supplier Item Rows: 1380
10-02-18T13:11:48: Supplier Item Rows: 1390
10-02-18T13:11:48: Supplier Item Rows: 1400
10-02-18T13:11:48: Supplier Item Rows: 1410
10-02-18T13:11:49: Supplier Item Rows: 1420
10-02-18T13:11:49: Supplier Item Rows: 1430
10-02-18T13:11:49: Supplier Item Rows: 1440
10-02-18T13:11:50: Supplier Item Rows: 1450
10-02-18T13:11:50: Supplier Item Rows: 1460
10-02-18T13:11:50: Supplier Item Rows: 1470
10-02-18T13:11:51: Supplier Item Rows: 1480
10-02-18T13:11:51: Supplier Item Rows: 1490
10-02-18T13:11:51: Supplier Item Rows: 1500
10-02-18T13:11:51: Supplier Item Rows: 1510
10-02-18T13:11:52: Supplier Item Rows: 1520
10-02-18T13:11:52: Supplier Item Rows: 1530
10-02-18T13:11:52: Supplier Item Rows: 1540
10-02-18T13:11:53: Supplier Item Rows: 1550
10-02-18T13:11:53: Supplier Item Rows: 1560
10-02-18T13:11:53: Supplier Item Rows: 1570
10-02-18T13:11:54: Supplier Item Rows: 1580
10-02-18T13:11:54: Supplier Item Rows: 1590
10-02-18T13:11:54: Supplier Item Rows: 1600
10-02-18T13:11:55: Supplier Item Rows: 1610
10-02-18T13:11:55: Supplier Item Rows: 1620
10-02-18T13:11:55: Supplier Item Rows: 1630
10-02-18T13:11:55: Supplier Item Rows: 1640
10-02-18T13:11:56: Supplier Item Rows: 1650
10-02-18T13:11:56: Supplier Item Rows: 1660
10-02-18T13:11:56: Supplier Item Rows: 1670
10-02-18T13:11:57: Supplier Item Rows: 1680
10-02-18T13:11:57: Supplier Item Rows: 1690
10-02-18T13:11:57: Supplier Item Rows: 1700
10-02-18T13:11:58: Supplier Item Rows: 1710
10-02-18T13:11:58: Supplier Item Rows: 1720
10-02-18T13:11:58: Supplier Item Rows: 1730
10-02-18T13:11:58: Supplier Item Rows: 1740
10-02-18T13:11:59: Supplier Item Rows: 1750
10-02-18T13:11:59: Supplier Item Rows: 1760
10-02-18T13:11:59: Supplier Item Rows: 1770
10-02-18T13:12:00: Supplier Item Rows: 1780
10-02-18T13:12:00: Supplier Item Rows: 1790
10-02-18T13:12:01: Supplier Item Rows: 1800
10-02-18T13:12:01: Supplier Item Rows: 1810
10-02-18T13:12:01: Supplier Item Rows: 1820
10-02-18T13:12:02: Supplier Item Rows: 1830
10-02-18T13:12:02: Supplier Item Rows: 1840
10-02-18T13:12:03: Supplier Item Rows: 1850
10-02-18T13:12:03: Supplier Item Rows: 1860
10-02-18T13:12:03: Supplier Item Rows: 1870
10-02-18T13:12:04: Supplier Item Rows: 1880
10-02-18T13:12:04: Supplier Item Rows: 1890
10-02-18T13:12:04: Supplier Item Rows: 1900
10-02-18T13:12:04: Supplier Item Rows: 1910
10-02-18T13:12:05: Supplier Item Rows: 1920
10-02-18T13:12:05: Supplier Item Rows: 1930
10-02-18T13:12:05: Supplier Item Rows: 1940
10-02-18T13:12:06: Supplier Item Rows: 1950
10-02-18T13:12:06: Supplier Item Rows: 1960
10-02-18T13:12:06: Supplier Item Rows: 1970
10-02-18T13:12:07: Supplier Item Rows: 1980
10-02-18T13:12:07: Supplier Item Rows: 1990
10-02-18T13:12:07: Supplier Item Rows: 2000
10-02-18T13:12:08: Supplier Item Rows: 2010
10-02-18T13:12:08: Supplier Item Rows: 2020
10-02-18T13:12:08: Supplier Item Rows: 2030
10-02-18T13:12:09: Supplier Item Rows: 2040
10-02-18T13:12:09: Supplier Item Rows: 2050
10-02-18T13:12:09: Supplier Item Rows: 2060
10-02-18T13:12:10: Supplier Item Rows: 2070
10-02-18T13:12:10: Supplier Item Rows: 2080
10-02-18T13:12:10: Supplier Item Rows: 2090
10-02-18T13:12:11: Supplier Item Rows: 2100
10-02-18T13:12:11: Supplier Item Rows: 2110
10-02-18T13:12:11: Supplier Item Rows: 2120
10-02-18T13:12:11: Supplier Item Rows: 2130
10-02-18T13:12:12: Supplier Item Rows: 2140
10-02-18T13:12:13: Supplier Item Rows: 2150
10-02-18T13:12:13: Supplier Item Rows: 2160
10-02-18T13:12:14: Supplier Item Rows: 2170
10-02-18T13:12:14: Supplier Item Rows: 2180
10-02-18T13:12:15: Supplier Item Rows: 2190
10-02-18T13:12:15: Supplier Item Rows: 2200
10-02-18T13:12:15: Supplier Item Rows: 2210
10-02-18T13:12:16: Supplier Item Rows: 2220
10-02-18T13:12:16: Supplier Item Rows: 2230
10-02-18T13:12:16: Supplier Item Rows: 2240
10-02-18T13:12:16: Supplier Item Rows: 2250
10-02-18T13:12:17: Supplier Item Rows: 2260
10-02-18T13:12:17: Supplier Item Rows: 2270
10-02-18T13:12:17: Supplier Item Rows: 2280
10-02-18T13:12:18: Supplier Item Rows: 2290
10-02-18T13:12:18: Supplier Item Rows: 2300
10-02-18T13:12:19: Supplier Item Rows: 2310
10-02-18T13:12:19: Supplier Item Rows: 2320
10-02-18T13:12:19: Supplier Item Rows: 2330
10-02-18T13:12:20: Supplier Item Rows: 2340
10-02-18T13:12:20: Supplier Item Rows: 2350
10-02-18T13:12:20: Supplier Item Rows: 2360
10-02-18T13:12:20: Supplier Item Rows: 2370
10-02-18T13:12:21: Supplier Item Rows: 2380
10-02-18T13:12:21: Supplier Item Rows: 2390
10-02-18T13:12:21: Supplier Item Rows: 2400
10-02-18T13:12:22: Supplier Item Rows: 2410
10-02-18T13:12:22: Supplier Item Rows: 2420
10-02-18T13:12:22: Supplier Item Rows: 2430
10-02-18T13:12:23: Supplier Item Rows: 2440
10-02-18T13:12:23: Supplier Item Rows: 2450
10-02-18T13:12:23: Supplier Item Rows: 2460
10-02-18T13:12:23: Supplier Item Rows: 2470
10-02-18T13:12:24: Supplier Item Rows: 2480
10-02-18T13:12:24: Supplier Item Rows: 2490
10-02-18T13:12:24: Supplier Item Rows: 2500
10-02-18T13:12:25: Supplier Item Rows: 2510
10-02-18T13:12:25: Supplier Item Rows: 2520
10-02-18T13:12:25: Supplier Item Rows: 2530
10-02-18T13:12:26: Supplier Item Rows: 2540
10-02-18T13:12:26: Supplier Item Rows: 2550
10-02-18T13:12:26: Supplier Item Rows: 2560
10-02-18T13:12:26: Supplier Item Rows: 2570
10-02-18T13:12:27: Supplier Item Rows: 2580
10-02-18T13:12:27: Supplier Item Rows: 2590
10-02-18T13:12:27: Supplier Item Rows: 2600
10-02-18T13:12:28: Supplier Item Rows: 2610
10-02-18T13:12:28: Supplier Item Rows: 2620
10-02-18T13:12:28: Supplier Item Rows: 2630
10-02-18T13:12:29: Supplier Item Rows: 2640
10-02-18T13:12:29: Supplier Item Rows: 2650
10-02-18T13:12:29: Supplier Item Rows: 2660
10-02-18T13:12:30: Supplier Item Rows: 2670
10-02-18T13:12:30: Supplier Item Rows: 2680
10-02-18T13:12:30: Supplier Item Rows: 2690
10-02-18T13:12:30: Supplier Item Rows: 2700
10-02-18T13:12:31: Supplier Item Rows: 2710
10-02-18T13:12:31: Supplier Item Rows: 2720
10-02-18T13:12:31: Supplier Item Rows: 2730
10-02-18T13:12:32: Supplier Item Rows: 2740
10-02-18T13:12:32: Supplier Item Rows: 2750
10-02-18T13:12:32: Supplier Item Rows: 2760
10-02-18T13:12:33: Supplier Item Rows: 2770
10-02-18T13:12:33: Supplier Item Rows: 2780
10-02-18T13:12:33: Supplier Item Rows: 2790
10-02-18T13:12:33: Supplier Item Rows: 2800
10-02-18T13:12:34: Supplier Item Rows: 2810
10-02-18T13:12:34: Supplier Item Rows: 2820
10-02-18T13:12:34: Supplier Item Rows: 2830
10-02-18T13:12:35: Supplier Item Rows: 2840
10-02-18T13:12:35: Supplier Item Rows: 2850
10-02-18T13:12:35: Supplier Item Rows: 2860
10-02-18T13:12:36: Supplier Item Rows: 2870
10-02-18T13:12:36: Supplier Item Rows: 2880
10-02-18T13:12:36: Supplier Item Rows: 2890
10-02-18T13:12:36: Supplier Item Rows: 2900
10-02-18T13:12:37: Supplier Item Rows: 2910
10-02-18T13:12:37: Supplier Item Rows: 2920
10-02-18T13:12:37: Supplier Item Rows: 2930
10-02-18T13:12:38: Supplier Item Rows: 2940
10-02-18T13:12:38: Supplier Item Rows: 2950
10-02-18T13:12:38: Supplier Item Rows: 2960
10-02-18T13:12:39: Supplier Item Rows: 2970
10-02-18T13:12:39: Supplier Item Rows: 2980
10-02-18T13:12:39: Supplier Item Rows: 2990
10-02-18T13:12:39: Supplier Item Rows: 3000
10-02-18T13:12:40: Supplier Item Rows: 3010
10-02-18T13:12:40: Supplier Item Rows: 3020
10-02-18T13:12:40: Supplier Item Rows: 3030
10-02-18T13:12:41: Supplier Item Rows: 3040
10-02-18T13:12:41: Supplier Item Rows: 3050
10-02-18T13:12:41: Supplier Item Rows: 3060
10-02-18T13:12:42: Supplier Item Rows: 3070
10-02-18T13:12:42: Supplier Item Rows: 3080
10-02-18T13:12:42: Supplier Item Rows: 3090
10-02-18T13:12:43: Supplier Item Rows: 3100
10-02-18T13:12:43: Supplier Item Rows: 3110
10-02-18T13:12:43: Supplier Item Rows: 3120
10-02-18T13:12:43: Supplier Item Rows: 3130
10-02-18T13:12:44: Supplier Item Rows: 3140
10-02-18T13:12:44: Supplier Item Rows: 3150
10-02-18T13:12:44: Supplier Item Rows: 3160
10-02-18T13:12:45: Supplier Item Rows: 3170
10-02-18T13:12:45: Supplier Item Rows: 3180
10-02-18T13:12:45: Supplier Item Rows: 3190
10-02-18T13:12:46: Supplier Item Rows: 3200
10-02-18T13:12:46: Supplier Item Rows: 3210
10-02-18T13:12:46: Supplier Item Rows: 3220
10-02-18T13:12:47: Supplier Item Rows: 3230
10-02-18T13:12:47: Supplier Item Rows: 3240
10-02-18T13:12:47: Supplier Item Rows: 3250
10-02-18T13:12:47: Supplier Item Rows: 3260
10-02-18T13:12:48: Supplier Item Rows: 3270
10-02-18T13:12:48: Supplier Item Rows: 3280
10-02-18T13:12:48: Supplier Item Rows: 3290
10-02-18T13:12:49: Supplier Item Rows: 3300
10-02-18T13:12:49: Supplier Item Rows: 3310
10-02-18T13:12:49: Supplier Item Rows: 3320
10-02-18T13:12:50: Supplier Item Rows: 3330
10-02-18T13:12:50: Supplier Item Rows: 3340
10-02-18T13:12:50: Supplier Item Rows: 3350
10-02-18T13:12:50: Supplier Item Rows: 3360
10-02-18T13:12:51: Supplier Item Rows: 3370
10-02-18T13:12:51: Supplier Item Rows: 3380
10-02-18T13:12:51: Supplier Item Rows: 3390
10-02-18T13:12:52: Supplier Item Rows: 3400
10-02-18T13:12:52: Supplier Item Rows: 3410
10-02-18T13:12:52: Supplier Item Rows: 3420
10-02-18T13:12:53: Supplier Item Rows: 3430
10-02-18T13:12:53: Supplier Item Rows: 3440
10-02-18T13:12:53: Supplier Item Rows: 3450
10-02-18T13:12:53: Supplier Item Rows: 3460
10-02-18T13:12:54: Supplier Item Rows: 3470
10-02-18T13:12:54: Supplier Item Rows: 3480
10-02-18T13:12:54: Supplier Item Rows: 3490
10-02-18T13:12:55: Supplier Item Rows: 3500
10-02-18T13:12:55: Supplier Item Rows: 3510
10-02-18T13:12:55: Supplier Item Rows: 3520
10-02-18T13:12:56: Supplier Item Rows: 3530
10-02-18T13:12:56: Supplier Item Rows: 3540
10-02-18T13:12:56: Supplier Item Rows: 3550
10-02-18T13:12:57: Supplier Item Rows: 3560
10-02-18T13:12:57: Supplier Item Rows: 3570
10-02-18T13:12:57: Supplier Item Rows: 3580
10-02-18T13:12:57: Supplier Item Rows: 3590
10-02-18T13:12:58: Supplier Item Rows: 3600
10-02-18T13:12:58: Supplier Item Rows: 3610
10-02-18T13:12:58: Supplier Item Rows: 3620
10-02-18T13:12:59: Supplier Item Rows: 3630
10-02-18T13:12:59: Supplier Item Rows: 3640
10-02-18T13:12:59: Supplier Item Rows: 3650
10-02-18T13:13:00: Supplier Item Rows: 3660
10-02-18T13:13:00: Supplier Item Rows: 3670
10-02-18T13:13:00: Supplier Item Rows: 3680
10-02-18T13:13:01: Supplier Item Rows: 3690
10-02-18T13:13:01: Supplier Item Rows: 3700
10-02-18T13:13:01: Supplier Item Rows: 3710
10-02-18T13:13:01: Supplier Item Rows: 3720
10-02-18T13:13:02: Supplier Item Rows: 3730
10-02-18T13:13:02: Supplier Item Rows: 3740
10-02-18T13:13:02: Supplier Item Rows: 3750
10-02-18T13:13:03: Supplier Item Rows: 3760
10-02-18T13:13:03: Supplier Item Rows: 3770
10-02-18T13:13:03: Supplier Item Rows: 3780
10-02-18T13:13:04: Supplier Item Rows: 3790
10-02-18T13:13:04: Supplier Item Rows: 3800
10-02-18T13:13:04: Supplier Item Rows: 3810
10-02-18T13:13:04: Supplier Item Rows: 3820
10-02-18T13:13:05: Supplier Item Rows: 3830
10-02-18T13:13:05: Supplier Item Rows: 3840
10-02-18T13:13:05: Supplier Item Rows: 3850
10-02-18T13:13:06: Supplier Item Rows: 3860
10-02-18T13:13:06: Supplier Item Rows: 3870
10-02-18T13:13:06: Supplier Item Rows: 3880
10-02-18T13:13:07: Supplier Item Rows: 3890
10-02-18T13:13:07: Supplier Item Rows: 3900
10-02-18T13:13:07: Supplier Item Rows: 3910
10-02-18T13:13:07: Supplier Item Rows: 3920
10-02-18T13:13:08: Supplier Item Rows: 3930
10-02-18T13:13:08: Supplier Item Rows: 3940
10-02-18T13:13:08: Supplier Item Rows: 3950
10-02-18T13:13:09: Supplier Item Rows: 3960
10-02-18T13:13:09: Supplier Item Rows: 3970
10-02-18T13:13:09: Supplier Item Rows: 3980
10-02-18T13:13:10: Supplier Item Rows: 3990
10-02-18T13:13:10: Supplier Item Rows: 4000
10-02-18T13:13:10: Supplier Item Rows: 4010
10-02-18T13:13:10: Supplier Item Rows: 4020
10-02-18T13:13:11: Supplier Item Rows: 4030
10-02-18T13:13:11: Supplier Item Rows: 4040
10-02-18T13:13:11: Supplier Item Rows: 4050
10-02-18T13:13:12: Supplier Item Rows: 4060
10-02-18T13:13:12: Supplier Item Rows: 4070
10-02-18T13:13:12: Supplier Item Rows: 4080
10-02-18T13:13:13: Supplier Item Rows: 4090
10-02-18T13:13:13: Supplier Item Rows: 4100
10-02-18T13:13:13: Supplier Item Rows: 4110
10-02-18T13:13:14: Supplier Item Rows: 4120
10-02-18T13:13:14: Supplier Item Rows: 4130
10-02-18T13:13:14: Supplier Item Rows: 4140
10-02-18T13:13:15: Supplier Item Rows: 4150
10-02-18T13:13:15: Supplier Item Rows: 4160
10-02-18T13:13:15: Supplier Item Rows: 4170
10-02-18T13:13:15: Supplier Item Rows: 4180
10-02-18T13:13:16: Supplier Item Rows: 4190
10-02-18T13:13:16: Supplier Item Rows: 4200
10-02-18T13:13:16: Supplier Item Rows: 4210
10-02-18T13:13:17: Supplier Item Rows: 4220
10-02-18T13:13:17: Supplier Item Rows: 4230
10-02-18T13:13:17: Supplier Item Rows: 4240
10-02-18T13:13:18: Supplier Item Rows: 4250
10-02-18T13:13:18: Supplier Item Rows: 4260
10-02-18T13:13:18: Supplier Item Rows: 4270
10-02-18T13:13:19: Supplier Item Rows: 4280
10-02-18T13:13:19: Supplier Item Rows: 4290
10-02-18T13:13:19: Supplier Item Rows: 4300
10-02-18T13:13:20: Supplier Item Rows: 4310
10-02-18T13:13:20: Supplier Item Rows: 4320
10-02-18T13:13:20: Supplier Item Rows: 4330
10-02-18T13:13:20: Supplier Item Rows: 4340
10-02-18T13:13:21: Supplier Item Rows: 4350
10-02-18T13:13:21: Supplier Item Rows: 4360
10-02-18T13:13:21: Supplier Item Rows: 4370
10-02-18T13:13:22: Supplier Item Rows: 4380
10-02-18T13:13:22: Supplier Item Rows: 4390
10-02-18T13:13:22: Supplier Item Rows: 4400
10-02-18T13:13:23: Supplier Item Rows: 4410
10-02-18T13:13:23: Supplier Item Rows: 4420
10-02-18T13:13:23: Supplier Item Rows: 4430
10-02-18T13:13:24: Supplier Item Rows: 4440
10-02-18T13:13:24: Supplier Item Rows: 4450
10-02-18T13:13:24: Supplier Item Rows: 4460
10-02-18T13:13:24: Supplier Item Rows: 4470
10-02-18T13:13:25: Supplier Item Rows: 4480
10-02-18T13:13:25: Supplier Item Rows: 4490
10-02-18T13:13:25: Supplier Item Rows: 4500
10-02-18T13:13:26: Supplier Item Rows: 4510
10-02-18T13:13:26: Supplier Item Rows: 4520
10-02-18T13:13:26: Supplier Item Rows: 4530
10-02-18T13:13:27: Supplier Item Rows: 4540
10-02-18T13:13:27: Supplier Item Rows: 4550
10-02-18T13:13:27: Supplier Item Rows: 4560
10-02-18T13:13:27: Supplier Item Rows: 4570
10-02-18T13:13:28: Supplier Item Rows: 4580
10-02-18T13:13:28: Supplier Item Rows: 4590
10-02-18T13:13:29: Supplier Item Rows: 4600
10-02-18T13:13:29: Supplier Item Rows: 4610
10-02-18T13:13:30: Supplier Item Rows: 4620
10-02-18T13:13:31: Supplier Item Rows: 4630
10-02-18T13:13:32: Supplier Item Rows: 4640
10-02-18T13:13:32: Supplier Item Rows: 4650
10-02-18T13:13:33: Supplier Item Rows: 4660
10-02-18T13:13:34: Supplier Item Rows: 4670
10-02-18T13:13:34: Supplier Item Rows: 4680
10-02-18T13:13:34: Supplier Item Rows: 4690
10-02-18T13:13:35: Supplier Item Rows: 4700
10-02-18T13:13:35: Supplier Item Rows: 4710
10-02-18T13:13:36: Supplier Item Rows: 4720
10-02-18T13:13:36: Supplier Item Rows: 4730
10-02-18T13:13:37: Supplier Item Rows: 4740
10-02-18T13:13:37: Supplier Item Rows: 4750
10-02-18T13:13:37: Supplier Item Rows: 4760
10-02-18T13:13:38: Supplier Item Rows: 4770
10-02-18T13:13:38: Supplier Item Rows: 4780
10-02-18T13:13:38: Supplier Item Rows: 4790
10-02-18T13:13:39: Supplier Item Rows: 4800
10-02-18T13:13:39: Supplier Item Rows: 4810
10-02-18T13:13:39: Supplier Item Rows: 4820
10-02-18T13:13:40: Supplier Item Rows: 4830
10-02-18T13:13:40: Supplier Item Rows: 4840
10-02-18T13:13:40: Supplier Item Rows: 4850
10-02-18T13:13:40: Supplier Item Rows: 4860
10-02-18T13:13:41: Supplier Item Rows: 4870
10-02-18T13:13:41: Supplier Item Rows: 4880
10-02-18T13:13:41: Supplier Item Rows: 4890
10-02-18T13:13:42: Supplier Item Rows: 4900
10-02-18T13:13:42: Supplier Item Rows: 4910
10-02-18T13:13:42: Supplier Item Rows: 4920
10-02-18T13:13:43: Supplier Item Rows: 4930
10-02-18T13:13:43: Supplier Item Rows: 4940
10-02-18T13:13:43: Supplier Item Rows: 4950
10-02-18T13:13:44: Supplier Item Rows: 4960
10-02-18T13:13:44: Supplier Item Rows: 4970
10-02-18T13:13:44: Supplier Item Rows: 4980
10-02-18T13:13:45: Supplier Item Rows: 4990
10-02-18T13:13:45: Supplier Item Rows: 5000
10-02-18T13:13:45: Supplier Item Rows: 5010
10-02-18T13:13:46: Supplier Item Rows: 5020
10-02-18T13:13:46: Supplier Item Rows: 5030
10-02-18T13:13:46: Supplier Item Rows: 5040
10-02-18T13:13:47: Supplier Item Rows: 5050
10-02-18T13:13:47: Supplier Item Rows: 5060
10-02-18T13:13:47: Supplier Item Rows: 5070
10-02-18T13:13:47: Supplier Item Rows: 5080
10-02-18T13:13:48: Supplier Item Rows: 5090
10-02-18T13:13:48: Supplier Item Rows: 5100
10-02-18T13:13:48: Supplier Item Rows: 5110
10-02-18T13:13:49: Supplier Item Rows: 5120
10-02-18T13:13:49: Supplier Item Rows: 5130
10-02-18T13:13:49: Supplier Item Rows: 5140
10-02-18T13:13:50: Supplier Item Rows: 5150
10-02-18T13:13:50: Supplier Item Rows: 5160
10-02-18T13:13:50: Supplier Item Rows: 5170
10-02-18T13:13:50: Supplier Item Rows: 5180
10-02-18T13:13:51: Supplier Item Rows: 5190
10-02-18T13:13:51: Supplier Item Rows: 5200
10-02-18T13:13:51: Supplier Item Rows: 5210
10-02-18T13:13:52: Supplier Item Rows: 5220
10-02-18T13:13:52: Supplier Item Rows: 5230
10-02-18T13:13:52: Supplier Item Rows: 5240
10-02-18T13:13:53: Supplier Item Rows: 5250
10-02-18T13:13:53: Supplier Item Rows: 5260
10-02-18T13:13:53: Supplier Item Rows: 5270
10-02-18T13:13:53: Supplier Item Rows: 5280
10-02-18T13:13:54: Supplier Item Rows: 5290
10-02-18T13:13:54: Supplier Item Rows: 5300
10-02-18T13:13:54: Supplier Item Rows: 5310
10-02-18T13:13:55: Supplier Item Rows: 5320
10-02-18T13:13:55: Supplier Item Rows: 5330
10-02-18T13:13:55: Supplier Item Rows: 5340
10-02-18T13:13:56: Supplier Item Rows: 5350
10-02-18T13:13:56: Supplier Item Rows: 5360
10-02-18T13:13:56: Supplier Item Rows: 5370
10-02-18T13:13:57: Supplier Item Rows: 5380
10-02-18T13:13:57: Supplier Item Rows: 5390
10-02-18T13:13:57: Supplier Item Rows: 5400
10-02-18T13:13:57: Supplier Item Rows: 5410
10-02-18T13:13:58: Supplier Item Rows: 5420
10-02-18T13:13:58: Supplier Item Rows: 5430
10-02-18T13:13:58: Supplier Item Rows: 5440
10-02-18T13:13:59: Supplier Item Rows: 5450
10-02-18T13:13:59: Supplier Item Rows: 5460
10-02-18T13:13:59: Supplier Item Rows: 5470
10-02-18T13:14:00: Supplier Item Rows: 5480
10-02-18T13:14:00: Supplier Item Rows: 5490
10-02-18T13:14:00: Supplier Item Rows: 5500
10-02-18T13:14:01: Supplier Item Rows: 5510
10-02-18T13:14:01: Supplier Item Rows: 5520
10-02-18T13:14:01: Supplier Item Rows: 5530
10-02-18T13:14:02: Supplier Item Rows: 5540
10-02-18T13:14:02: Supplier Item Rows: 5550
10-02-18T13:14:02: Supplier Item Rows: 5560
10-02-18T13:14:02: Supplier Item Rows: 5570
10-02-18T13:14:03: Supplier Item Rows: 5580
10-02-18T13:14:03: Supplier Item Rows: 5590
10-02-18T13:14:03: Supplier Item Rows: 5600
10-02-18T13:14:04: Supplier Item Rows: 5610
10-02-18T13:14:04: Supplier Item Rows: 5620
10-02-18T13:14:04: Supplier Item Rows: 5630
10-02-18T13:14:05: Supplier Item Rows: 5640
10-02-18T13:14:05: Supplier Item Rows: 5650
10-02-18T13:14:05: Supplier Item Rows: 5660
10-02-18T13:14:06: Supplier Item Rows: 5670
10-02-18T13:14:06: Supplier Item Rows: 5680
10-02-18T13:14:06: Supplier Item Rows: 5690
10-02-18T13:14:06: Supplier Item Rows: 5700
10-02-18T13:14:07: Supplier Item Rows: 5710
10-02-18T13:14:07: Supplier Item Rows: 5720
10-02-18T13:14:07: Supplier Item Rows: 5730
10-02-18T13:14:08: Supplier Item Rows: 5740
10-02-18T13:14:08: Supplier Item Rows: 5750
10-02-18T13:14:08: Supplier Item Rows: 5760
10-02-18T13:14:09: Supplier Item Rows: 5770
10-02-18T13:14:09: Supplier Item Rows: 5780
10-02-18T13:14:09: Supplier Item Rows: 5790
10-02-18T13:14:10: Supplier Item Rows: 5800
10-02-18T13:14:10: Supplier Item Rows: 5810
10-02-18T13:14:10: Supplier Item Rows: 5820
10-02-18T13:14:10: Supplier Item Rows: 5830
10-02-18T13:14:11: Supplier Item Rows: 5840
10-02-18T13:14:11: Supplier Item Rows: 5850
10-02-18T13:14:11: Supplier Item Rows: 5860
10-02-18T13:14:12: Supplier Item Rows: 5870
10-02-18T13:14:12: Supplier Item Rows: 5880
10-02-18T13:14:12: Supplier Item Rows: 5890
10-02-18T13:14:13: Supplier Item Rows: 5900
10-02-18T13:14:13: Supplier Item Rows: 5910
10-02-18T13:14:13: Supplier Item Rows: 5920
10-02-18T13:14:14: Supplier Item Rows: 5930
10-02-18T13:14:14: Supplier Item Rows: 5940
10-02-18T13:14:14: Supplier Item Rows: 5950
10-02-18T13:14:15: Supplier Item Rows: 5960
10-02-18T13:14:15: Supplier Item Rows: 5970
10-02-18T13:14:15: Supplier Item Rows: 5980
10-02-18T13:14:16: Supplier Item Rows: 5990
10-02-18T13:14:16: Supplier Item Rows: 6000
10-02-18T13:14:16: Supplier Item Rows: 6010
10-02-18T13:14:17: Supplier Item Rows: 6020
10-02-18T13:14:17: Supplier Item Rows: 6030
10-02-18T13:14:17: Supplier Item Rows: 6040
10-02-18T13:14:18: Supplier Item Rows: 6050
10-02-18T13:14:18: Supplier Item Rows: 6060
10-02-18T13:14:18: Supplier Item Rows: 6070
10-02-18T13:14:19: Supplier Item Rows: 6080
10-02-18T13:14:19: Supplier Item Rows: 6090
10-02-18T13:14:20: Supplier Item Rows: 6100
10-02-18T13:14:20: Supplier Item Rows: 6110
10-02-18T13:14:21: Supplier Item Rows: 6120
10-02-18T13:14:21: Supplier Item Rows: 6130
10-02-18T13:14:22: Supplier Item Rows: 6140
10-02-18T13:14:22: Supplier Item Rows: 6150
10-02-18T13:14:22: Supplier Item Rows: 6160
10-02-18T13:14:23: Supplier Item Rows: 6170
10-02-18T13:14:23: Supplier Item Rows: 6180
10-02-18T13:14:23: Supplier Item Rows: 6190
10-02-18T13:14:24: Supplier Item Rows: 6200
10-02-18T13:14:24: Supplier Item Rows: 6210
10-02-18T13:14:24: Supplier Item Rows: 6220
10-02-18T13:14:25: Supplier Item Rows: 6230
10-02-18T13:14:25: Supplier Item Rows: 6240
10-02-18T13:14:25: Supplier Item Rows: 6250
10-02-18T13:14:25: Supplier Item Rows: 6260
10-02-18T13:14:26: Supplier Item Rows: 6270
10-02-18T13:14:26: Supplier Item Rows: 6280
10-02-18T13:14:26: Supplier Item Rows: 6290
10-02-18T13:14:27: Supplier Item Rows: 6300
10-02-18T13:14:27: Supplier Item Rows: 6310
10-02-18T13:14:27: Supplier Item Rows: 6320
10-02-18T13:14:28: Supplier Item Rows: 6330
10-02-18T13:14:28: Supplier Item Rows: 6340
10-02-18T13:14:28: Supplier Item Rows: 6350
10-02-18T13:14:28: Supplier Item Rows: 6360
10-02-18T13:14:29: Supplier Item Rows: 6370
10-02-18T13:14:29: Supplier Item Rows: 6380
10-02-18T13:14:29: Supplier Item Rows: 6390
10-02-18T13:14:30: Supplier Item Rows: 6400
10-02-18T13:14:30: Supplier Item Rows: 6410
10-02-18T13:14:30: Supplier Item Rows: 6420
10-02-18T13:14:31: Supplier Item Rows: 6430
10-02-18T13:14:31: Supplier Item Rows: 6440
10-02-18T13:14:31: Supplier Item Rows: 6450
10-02-18T13:14:31: Supplier Item Rows: 6460
10-02-18T13:14:32: Supplier Item Rows: 6470
10-02-18T13:14:32: Supplier Item Rows: 6480
10-02-18T13:14:32: Supplier Item Rows: 6490
10-02-18T13:14:33: Supplier Item Rows: 6500
10-02-18T13:14:33: Supplier Item Rows: 6510
10-02-18T13:14:33: Supplier Item Rows: 6520
10-02-18T13:14:33: Supplier Item Rows: 6530
10-02-18T13:14:34: Supplier Item Rows: 6540
10-02-18T13:14:34: Supplier Item Rows: 6550
10-02-18T13:14:34: Supplier Item Rows: 6560
10-02-18T13:14:35: Supplier Item Rows: 6570
10-02-18T13:14:35: Supplier Item Rows: 6580
10-02-18T13:14:35: Supplier Item Rows: 6590
10-02-18T13:14:36: Supplier Item Rows: 6600
10-02-18T13:14:36: Supplier Item Rows: 6610
10-02-18T13:14:36: Supplier Item Rows: 6620
10-02-18T13:14:36: Supplier Item Rows: 6630
10-02-18T13:14:37: Supplier Item Rows: 6640
10-02-18T13:14:37: Supplier Item Rows: 6650
10-02-18T13:14:37: Supplier Item Rows: 6660
10-02-18T13:14:38: Supplier Item Rows: 6670
10-02-18T13:14:38: Supplier Item Rows: 6680
10-02-18T13:14:38: Supplier Item Rows: 6690
10-02-18T13:14:39: Supplier Item Rows: 6700
10-02-18T13:14:39: Supplier Item Rows: 6710
10-02-18T13:14:39: Supplier Item Rows: 6720
10-02-18T13:14:39: Supplier Item Rows: 6730
10-02-18T13:14:40: Supplier Item Rows: 6740
10-02-18T13:14:40: Supplier Item Rows: 6750
10-02-18T13:14:40: Supplier Item Rows: 6760
10-02-18T13:14:41: Supplier Item Rows: 6770
10-02-18T13:14:41: Supplier Item Rows: 6780
10-02-18T13:14:41: Supplier Item Rows: 6790
10-02-18T13:14:42: Supplier Item Rows: 6800
10-02-18T13:14:42: Supplier Item Rows: 6810
10-02-18T13:14:42: Supplier Item Rows: 6820
10-02-18T13:14:42: Supplier Item Rows: 6830
10-02-18T13:14:43: Supplier Item Rows: 6840
10-02-18T13:14:43: Supplier Item Rows: 6850
10-02-18T13:14:43: Supplier Item Rows: 6860
10-02-18T13:14:44: Supplier Item Rows: 6870
10-02-18T13:14:44: Supplier Item Rows: 6880
10-02-18T13:14:44: Supplier Item Rows: 6890
10-02-18T13:14:44: Supplier Item Rows: 6900
10-02-18T13:14:45: Supplier Item Rows: 6910
10-02-18T13:14:45: Supplier Item Rows: 6920
10-02-18T13:14:45: Supplier Item Rows: 6930
10-02-18T13:14:46: Supplier Item Rows: 6940
10-02-18T13:14:46: Supplier Item Rows: 6950
10-02-18T13:14:46: Supplier Item Rows: 6960
10-02-18T13:14:47: Supplier Item Rows: 6970
10-02-18T13:14:47: Supplier Item Rows: 6980
10-02-18T13:14:47: Supplier Item Rows: 6990
10-02-18T13:14:47: Supplier Item Rows: 7000
10-02-18T13:14:48: Supplier Item Rows: 7010
10-02-18T13:14:48: Supplier Item Rows: 7020
10-02-18T13:14:48: Supplier Item Rows: 7030
10-02-18T13:14:49: Supplier Item Rows: 7040
10-02-18T13:14:49: Supplier Item Rows: 7050
10-02-18T13:14:49: Supplier Item Rows: 7060
10-02-18T13:14:49: Supplier Item Rows: 7070
10-02-18T13:14:50: Supplier Item Rows: 7080
10-02-18T13:14:50: Supplier Item Rows: 7090
10-02-18T13:14:50: Supplier Item Rows: 7100
10-02-18T13:14:51: Supplier Item Rows: 7110
10-02-18T13:14:51: Supplier Item Rows: 7120
10-02-18T13:14:51: Supplier Item Rows: 7130
10-02-18T13:14:52: Supplier Item Rows: 7140
10-02-18T13:14:52: Supplier Item Rows: 7150
10-02-18T13:14:52: Supplier Item Rows: 7160
10-02-18T13:14:53: Supplier Item Rows: 7170
10-02-18T13:14:53: Supplier Item Rows: 7180
10-02-18T13:14:53: Supplier Item Rows: 7190
10-02-18T13:14:53: Supplier Item Rows: 7200
10-02-18T13:14:54: Supplier Item Rows: 7210
10-02-18T13:14:54: Supplier Item Rows: 7220
10-02-18T13:14:54: Supplier Item Rows: 7230
10-02-18T13:14:55: Supplier Item Rows: 7240
10-02-18T13:14:55: Supplier Item Rows: 7250
10-02-18T13:14:55: Supplier Item Rows: 7260
10-02-18T13:14:56: Supplier Item Rows: 7270
10-02-18T13:14:56: Supplier Item Rows: 7280
10-02-18T13:14:56: Supplier Item Rows: 7290
10-02-18T13:14:56: Supplier Item Rows: 7300
10-02-18T13:14:57: Supplier Item Rows: 7310
10-02-18T13:14:57: Supplier Item Rows: 7320
10-02-18T13:14:57: Supplier Item Rows: 7330
10-02-18T13:14:58: Supplier Item Rows: 7340
10-02-18T13:14:58: Supplier Item Rows: 7350
10-02-18T13:14:58: Supplier Item Rows: 7360
10-02-18T13:14:58: Supplier Item Rows: 7370
10-02-18T13:14:59: Supplier Item Rows: 7380
10-02-18T13:14:59: Supplier Item Rows: 7390
10-02-18T13:14:59: Supplier Item Rows: 7400
10-02-18T13:15:00: Supplier Item Rows: 7410
10-02-18T13:15:00: Supplier Item Rows: 7420
10-02-18T13:15:00: Supplier Item Rows: 7430
10-02-18T13:15:01: Supplier Item Rows: 7440
10-02-18T13:15:01: Supplier Item Rows: 7450
10-02-18T13:15:01: Supplier Item Rows: 7460
10-02-18T13:15:01: Supplier Item Rows: 7470
10-02-18T13:15:02: Supplier Item Rows: 7480
10-02-18T13:15:02: Supplier Item Rows: 7490
10-02-18T13:15:02: Supplier Item Rows: 7500
10-02-18T13:15:03: Supplier Item Rows: 7510
10-02-18T13:15:03: Supplier Item Rows: 7520
10-02-18T13:15:03: Supplier Item Rows: 7530
10-02-18T13:15:03: Supplier Item Rows: 7540
10-02-18T13:15:04: Supplier Item Rows: 7550
10-02-18T13:15:04: Supplier Item Rows: 7560
10-02-18T13:15:04: Supplier Item Rows: 7570
10-02-18T13:15:05: Supplier Item Rows: 7580
10-02-18T13:15:05: Supplier Item Rows: 7590
10-02-18T13:15:05: Supplier Item Rows: 7600
10-02-18T13:15:06: Supplier Item Rows: 7610
10-02-18T13:15:06: Supplier Item Rows: 7620
10-02-18T13:15:06: Supplier Item Rows: 7630
10-02-18T13:15:06: Supplier Item Rows: 7640
10-02-18T13:15:07: Supplier Item Rows: 7650
10-02-18T13:15:07: Supplier Item Rows: 7660
10-02-18T13:15:07: Supplier Item Rows: 7670
10-02-18T13:15:08: Supplier Item Rows: 7680
10-02-18T13:15:08: Supplier Item Rows: 7690
10-02-18T13:15:08: Supplier Item Rows: 7700
10-02-18T13:15:09: Supplier Item Rows: 7710
10-02-18T13:15:09: Supplier Item Rows: 7720
10-02-18T13:15:09: Supplier Item Rows: 7730
10-02-18T13:15:10: Supplier Item Rows: 7740
10-02-18T13:15:10: Supplier Item Rows: 7750
10-02-18T13:15:10: Supplier Item Rows: 7760
10-02-18T13:15:10: Supplier Item Rows: 7770
10-02-18T13:15:11: Supplier Item Rows: 7780
10-02-18T13:15:11: Supplier Item Rows: 7790
10-02-18T13:15:11: Supplier Item Rows: 7800
10-02-18T13:15:12: Supplier Item Rows: 7810
10-02-18T13:15:12: Supplier Item Rows: 7820
10-02-18T13:15:12: Supplier Item Rows: 7830
10-02-18T13:15:12: Supplier Item Rows: 7840
10-02-18T13:15:13: Supplier Item Rows: 7850
10-02-18T13:15:13: Supplier Item Rows: 7860
10-02-18T13:15:13: Supplier Item Rows: 7870
10-02-18T13:15:14: Supplier Item Rows: 7880
10-02-18T13:15:14: Supplier Item Rows: 7890
10-02-18T13:15:14: Supplier Item Rows: 7900
10-02-18T13:15:15: Supplier Item Rows: 7910
10-02-18T13:15:15: Supplier Item Rows: 7920
10-02-18T13:15:15: Supplier Item Rows: 7930
10-02-18T13:15:16: Supplier Item Rows: 7940
10-02-18T13:15:16: Supplier Item Rows: 7950
10-02-18T13:15:16: Supplier Item Rows: 7960
10-02-18T13:15:17: Supplier Item Rows: 7970
10-02-18T13:15:17: Supplier Item Rows: 7980
10-02-18T13:15:17: Supplier Item Rows: 7990
10-02-18T13:15:18: Supplier Item Rows: 8000
10-02-18T13:15:18: Supplier Item Rows: 8010
10-02-18T13:15:18: Supplier Item Rows: 8020
10-02-18T13:15:18: Supplier Item Rows: 8030
10-02-18T13:15:19: Supplier Item Rows: 8040
10-02-18T13:15:19: Supplier Item Rows: 8050
10-02-18T13:15:19: Supplier Item Rows: 8060
10-02-18T13:15:20: Supplier Item Rows: 8070
10-02-18T13:15:20: Supplier Item Rows: 8080
10-02-18T13:15:21: Supplier Item Rows: 8090
10-02-18T13:15:21: Supplier Item Rows: 8100
10-02-18T13:15:22: Supplier Item Rows: 8110
10-02-18T13:15:22: Supplier Item Rows: 8120
10-02-18T13:15:23: Supplier Item Rows: 8130
10-02-18T13:15:23: Supplier Item Rows: 8140
10-02-18T13:15:23: Supplier Item Rows: 8150
10-02-18T13:15:24: Supplier Item Rows: 8160
10-02-18T13:15:24: Supplier Item Rows: 8170
10-02-18T13:15:24: Supplier Item Rows: 8180
10-02-18T13:15:25: Supplier Item Rows: 8190
10-02-18T13:15:25: Supplier Item Rows: 8200
10-02-18T13:15:25: Supplier Item Rows: 8210
10-02-18T13:15:26: Supplier Item Rows: 8220
10-02-18T13:15:26: Supplier Item Rows: 8230
10-02-18T13:15:26: Supplier Item Rows: 8240
10-02-18T13:15:26: Supplier Item Rows: 8250
10-02-18T13:15:27: Supplier Item Rows: 8260
10-02-18T13:15:27: Supplier Item Rows: 8270
10-02-18T13:15:27: Supplier Item Rows: 8280
10-02-18T13:15:28: Supplier Item Rows: 8290
10-02-18T13:15:28: Supplier Item Rows: 8300
10-02-18T13:15:28: Supplier Item Rows: 8310
10-02-18T13:15:29: Supplier Item Rows: 8320
10-02-18T13:15:29: Supplier Item Rows: 8330
10-02-18T13:15:29: Supplier Item Rows: 8340
10-02-18T13:15:30: Supplier Item Rows: 8350
10-02-18T13:15:30: Supplier Item Rows: 8360
10-02-18T13:15:30: Supplier Item Rows: 8370
10-02-18T13:15:31: Supplier Item Rows: 8380
10-02-18T13:15:31: Supplier Item Rows: 8390
10-02-18T13:15:32: Supplier Item Rows: 8400
10-02-18T13:15:32: Supplier Item Rows: 8410
10-02-18T13:15:32: Supplier Item Rows: 8420
10-02-18T13:15:33: Supplier Item Rows: 8430
10-02-18T13:15:33: Supplier Item Rows: 8440
10-02-18T13:15:34: Supplier Item Rows: 8450
10-02-18T13:15:34: Supplier Item Rows: 8460
10-02-18T13:15:34: Supplier Item Rows: 8470
10-02-18T13:15:35: Supplier Item Rows: 8480
10-02-18T13:15:36: Supplier Item Rows: 8490
10-02-18T13:15:37: Supplier Item Rows: 8500
10-02-18T13:15:37: Supplier Item Rows: 8510
10-02-18T13:15:38: Supplier Item Rows: 8520
10-02-18T13:15:38: Supplier Item Rows: 8530
10-02-18T13:15:38: Supplier Item Rows: 8540
10-02-18T13:15:39: Supplier Item Rows: 8550
10-02-18T13:15:39: Supplier Item Rows: 8560
10-02-18T13:15:40: Supplier Item Rows: 8570
10-02-18T13:15:40: Supplier Item Rows: 8580
10-02-18T13:15:40: Supplier Item Rows: 8590
10-02-18T13:15:41: Supplier Item Rows: 8600
10-02-18T13:15:41: Supplier Item Rows: 8610
10-02-18T13:15:41: Supplier Item Rows: 8620
10-02-18T13:15:42: Supplier Item Rows: 8630
10-02-18T13:15:42: Supplier Item Rows: 8640
10-02-18T13:15:42: Supplier Item Rows: 8650
10-02-18T13:15:43: Supplier Item Rows: 8660
10-02-18T13:15:43: Supplier Item Rows: 8670
10-02-18T13:15:43: Supplier Item Rows: 8680
10-02-18T13:15:44: Supplier Item Rows: 8690
10-02-18T13:15:44: Supplier Item Rows: 8700
10-02-18T13:15:44: Supplier Item Rows: 8710
10-02-18T13:15:44: Supplier Item Rows: 8720
10-02-18T13:15:45: Supplier Item Rows: 8730
10-02-18T13:15:45: Supplier Item Rows: 8740
10-02-18T13:15:45: Supplier Item Rows: 8750
10-02-18T13:15:46: Supplier Item Rows: 8760
10-02-18T13:15:46: Supplier Item Rows: 8770
10-02-18T13:15:46: Supplier Item Rows: 8780
10-02-18T13:15:47: Supplier Item Rows: 8790
10-02-18T13:15:47: Supplier Item Rows: 8800
10-02-18T13:15:47: Supplier Item Rows: 8810
10-02-18T13:15:47: Supplier Item Rows: 8820
10-02-18T13:15:48: Supplier Item Rows: 8830
10-02-18T13:15:48: Supplier Item Rows: 8840
10-02-18T13:15:48: Supplier Item Rows: 8850
10-02-18T13:15:49: Supplier Item Rows: 8860
10-02-18T13:15:49: Supplier Item Rows: 8870
10-02-18T13:15:49: Supplier Item Rows: 8880
10-02-18T13:15:50: Supplier Item Rows: 8890
10-02-18T13:15:50: Supplier Item Rows: 8900
10-02-18T13:15:50: Supplier Item Rows: 8910
10-02-18T13:15:50: Supplier Item Rows: 8920
10-02-18T13:15:51: Supplier Item Rows: 8930
10-02-18T13:15:51: Supplier Item Rows: 8940
10-02-18T13:15:51: Supplier Item Rows: 8950
10-02-18T13:15:52: Supplier Item Rows: 8960
10-02-18T13:15:52: Supplier Item Rows: 8970
10-02-18T13:15:52: Supplier Item Rows: 8980
10-02-18T13:15:53: Supplier Item Rows: 8990
10-02-18T13:15:53: Supplier Item Rows: 9000
10-02-18T13:15:53: Supplier Item Rows: 9010
10-02-18T13:15:53: Supplier Item Rows: 9020
10-02-18T13:15:54: Supplier Item Rows: 9030
10-02-18T13:15:54: Supplier Item Rows: 9040
10-02-18T13:15:54: Supplier Item Rows: 9050
10-02-18T13:15:55: Supplier Item Rows: 9060
10-02-18T13:15:55: Supplier Item Rows: 9070
10-02-18T13:15:55: Supplier Item Rows: 9080
10-02-18T13:15:56: Supplier Item Rows: 9090
10-02-18T13:15:56: Supplier Item Rows: 9100
10-02-18T13:15:56: Supplier Item Rows: 9110
10-02-18T13:15:57: Supplier Item Rows: 9120
10-02-18T13:15:57: Supplier Item Rows: 9130
10-02-18T13:15:57: Supplier Item Rows: 9140
10-02-18T13:15:58: Supplier Item Rows: 9150
10-02-18T13:15:58: Supplier Item Rows: 9160
10-02-18T13:15:58: Supplier Item Rows: 9170
10-02-18T13:15:58: Supplier Item Rows: 9180
10-02-18T13:15:59: Supplier Item Rows: 9190
10-02-18T13:15:59: Supplier Item Rows: 9200
10-02-18T13:15:59: Supplier Item Rows: 9210
10-02-18T13:16:00: Supplier Item Rows: 9220
10-02-18T13:16:00: Supplier Item Rows: 9230
10-02-18T13:16:00: Supplier Item Rows: 9240
10-02-18T13:16:01: Supplier Item Rows: 9250
10-02-18T13:16:01: Supplier Item Rows: 9260
10-02-18T13:16:01: Supplier Item Rows: 9270
10-02-18T13:16:01: Supplier Item Rows: 9280
10-02-18T13:16:02: Supplier Item Rows: 9290
10-02-18T13:16:02: Supplier Item Rows: 9300
10-02-18T13:16:02: Supplier Item Rows: 9310
10-02-18T13:16:03: Supplier Item Rows: 9320
10-02-18T13:16:03: Supplier Item Rows: 9330
10-02-18T13:16:03: Supplier Item Rows: 9340
10-02-18T13:16:04: Supplier Item Rows: 9350
10-02-18T13:16:04: Supplier Item Rows: 9360
10-02-18T13:16:04: Supplier Item Rows: 9370
10-02-18T13:16:04: Supplier Item Rows: 9380
10-02-18T13:16:05: Supplier Item Rows: 9390
10-02-18T13:16:05: Supplier Item Rows: 9400
10-02-18T13:16:05: Supplier Item Rows: 9410
10-02-18T13:16:06: Supplier Item Rows: 9420
10-02-18T13:16:06: Supplier Item Rows: 9430
10-02-18T13:16:06: Supplier Item Rows: 9440
10-02-18T13:16:07: Supplier Item Rows: 9450
10-02-18T13:16:07: Supplier Item Rows: 9460
10-02-18T13:16:07: Finished Supplier:  Xref: 
10-02-18T13:16:07: Total Items: 9463
10-02-18T13:16:07: File created in working xls folder: Supplier Item-__inactive test.xlsx
10-02-18T13:16:07: ...
10-02-18T13:16:07: End Log
