08-13-18T21:45:12: Start Log
08-13-18T21:45:12: Found Input File: Supplier Item-AALCOCAS_AALCOCAS-AALCO DISTRIBUTING (AB)(IN) ASN_01.csv
08-13-18T21:45:12: Processing Supplier: AALCOCAS-AALCO DISTRIBUTING (AB)(IN) ASN Xref: AALCOCAS
08-13-18T21:45:16: Supplier Item Rows: 10
08-13-18T21:45:16: Supplier Item Rows: 20
08-13-18T21:45:17: Supplier Item Rows: 30
08-13-18T21:45:18: Supplier Item Rows: 40
08-13-18T21:45:18: Supplier Item Rows: 50
08-13-18T21:45:19: Supplier Item Rows: 60
08-13-18T21:45:19: Supplier Item Rows: 70
08-13-18T21:45:19: Supplier Item Rows: 80
08-13-18T21:45:20: Supplier Item Rows: 90
08-13-18T21:45:20: Supplier Item Rows: 100
08-13-18T21:45:21: Supplier Item Rows: 110
08-13-18T21:45:21: Supplier Item Rows: 120
08-13-18T21:45:22: Supplier Item Rows: 130
08-13-18T21:45:22: Supplier Item Rows: 140
08-13-18T21:45:22: Supplier Item Rows: 150
08-13-18T21:45:23: Supplier Item Rows: 160
08-13-18T21:45:23: Supplier Item Rows: 170
08-13-18T21:45:24: Supplier Item Rows: 180
08-13-18T21:45:24: Supplier Item Rows: 190
08-13-18T21:45:25: Supplier Item Rows: 200
08-13-18T21:45:25: Supplier Item Rows: 210
08-13-18T21:45:25: Supplier Item Rows: 220
08-13-18T21:45:26: Supplier Item Rows: 230
08-13-18T21:45:26: Supplier Item Rows: 240
08-13-18T21:45:27: Supplier Item Rows: 250
08-13-18T21:45:27: Supplier Item Rows: 260
08-13-18T21:45:28: Supplier Item Rows: 270
08-13-18T21:45:28: Supplier Item Rows: 280
08-13-18T21:45:29: Supplier Item Rows: 290
08-13-18T21:45:29: Supplier Item Rows: 300
08-13-18T21:45:29: Supplier Item Rows: 310
08-13-18T21:45:30: Finished Supplier: AALCOCAS-AALCO DISTRIBUTING (AB)(IN) ASN Xref: AALCOCAS
08-13-18T21:45:30: Total Items: 311
08-13-18T21:45:30: File created in working xls folder: Supplier Item-AALCOCAS-AALCO DISTRIBUTING (AB)(IN) ASN_AALCOCAS_01.xlsx
08-13-18T21:45:30: ...
08-13-18T21:45:30: Found Input File: Supplier Item-MCLNCRLN_MCLNCRLN- MCLANE CAROLINA (NC)_01.csv
08-13-18T21:45:30: Processing Supplier: MCLNCRLN- MCLANE CAROLINA (NC) Xref: MCLNCRLN
08-13-18T21:45:33: Supplier Item Rows: 10
08-13-18T21:45:34: Supplier Item Rows: 20
08-13-18T21:45:34: Supplier Item Rows: 30
08-13-18T21:45:35: Supplier Item Rows: 40
08-13-18T21:45:35: Supplier Item Rows: 50
08-13-18T21:45:36: Supplier Item Rows: 60
08-13-18T21:45:36: Supplier Item Rows: 70
08-13-18T21:45:37: Supplier Item Rows: 80
08-13-18T21:45:37: Supplier Item Rows: 90
08-13-18T21:45:38: Supplier Item Rows: 100
08-13-18T21:45:38: Supplier Item Rows: 110
08-13-18T21:45:38: Supplier Item Rows: 120
08-13-18T21:45:39: Supplier Item Rows: 130
08-13-18T21:45:39: Supplier Item Rows: 140
08-13-18T21:45:40: Supplier Item Rows: 150
08-13-18T21:45:40: Supplier Item Rows: 160
08-13-18T21:45:40: Supplier Item Rows: 170
08-13-18T21:45:41: Supplier Item Rows: 180
08-13-18T21:45:41: Supplier Item Rows: 190
08-13-18T21:45:42: Supplier Item Rows: 200
08-13-18T21:45:42: Supplier Item Rows: 210
08-13-18T21:45:43: Supplier Item Rows: 220
08-13-18T21:45:43: Supplier Item Rows: 230
08-13-18T21:45:43: Supplier Item Rows: 240
08-13-18T21:45:44: Supplier Item Rows: 250
08-13-18T21:45:44: Supplier Item Rows: 260
08-13-18T21:45:45: Supplier Item Rows: 270
08-13-18T21:45:45: Supplier Item Rows: 280
08-13-18T21:45:45: Supplier Item Rows: 290
08-13-18T21:45:46: Supplier Item Rows: 300
08-13-18T21:45:46: Supplier Item Rows: 310
08-13-18T21:45:47: Supplier Item Rows: 320
08-13-18T21:45:47: Supplier Item Rows: 330
08-13-18T21:45:48: Supplier Item Rows: 340
08-13-18T21:45:48: Supplier Item Rows: 350
08-13-18T21:45:48: Supplier Item Rows: 360
08-13-18T21:45:49: Supplier Item Rows: 370
08-13-18T21:45:49: Supplier Item Rows: 380
08-13-18T21:45:50: Supplier Item Rows: 390
08-13-18T21:45:50: Supplier Item Rows: 400
08-13-18T21:45:50: Supplier Item Rows: 410
08-13-18T21:45:51: Supplier Item Rows: 420
08-13-18T21:45:51: Supplier Item Rows: 430
08-13-18T21:45:51: Supplier Item Rows: 440
08-13-18T21:45:52: Supplier Item Rows: 450
08-13-18T21:45:52: Supplier Item Rows: 460
08-13-18T21:45:53: Supplier Item Rows: 470
08-13-18T21:45:53: Supplier Item Rows: 480
08-13-18T21:45:53: Supplier Item Rows: 490
08-13-18T21:45:54: Supplier Item Rows: 500
08-13-18T21:45:54: Supplier Item Rows: 510
08-13-18T21:45:55: Supplier Item Rows: 520
08-13-18T21:45:55: Supplier Item Rows: 530
08-13-18T21:45:55: Supplier Item Rows: 540
08-13-18T21:45:56: Supplier Item Rows: 550
08-13-18T21:45:56: Supplier Item Rows: 560
08-13-18T21:45:57: Supplier Item Rows: 570
08-13-18T21:45:57: Supplier Item Rows: 580
08-13-18T21:45:57: Supplier Item Rows: 590
08-13-18T21:45:58: Supplier Item Rows: 600
08-13-18T21:45:58: Supplier Item Rows: 610
08-13-18T21:45:59: Supplier Item Rows: 620
08-13-18T21:45:59: Supplier Item Rows: 630
08-13-18T21:46:00: Supplier Item Rows: 640
08-13-18T21:46:00: Supplier Item Rows: 650
08-13-18T21:46:01: Supplier Item Rows: 660
08-13-18T21:46:01: Supplier Item Rows: 670
08-13-18T21:46:02: Supplier Item Rows: 680
08-13-18T21:46:03: Supplier Item Rows: 690
08-13-18T21:46:03: Supplier Item Rows: 700
08-13-18T21:46:04: Supplier Item Rows: 710
08-13-18T21:46:04: Supplier Item Rows: 720
08-13-18T21:46:05: Supplier Item Rows: 730
08-13-18T21:46:05: Supplier Item Rows: 740
08-13-18T21:46:05: Supplier Item Rows: 750
08-13-18T21:46:06: Supplier Item Rows: 760
08-13-18T21:46:06: Supplier Item Rows: 770
08-13-18T21:46:07: Supplier Item Rows: 780
08-13-18T21:46:07: Supplier Item Rows: 790
08-13-18T21:46:07: Supplier Item Rows: 800
08-13-18T21:46:08: Supplier Item Rows: 810
08-13-18T21:46:09: Supplier Item Rows: 820
08-13-18T21:46:09: Supplier Item Rows: 830
08-13-18T21:46:09: Supplier Item Rows: 840
08-13-18T21:46:10: Supplier Item Rows: 850
08-13-18T21:46:10: Supplier Item Rows: 860
08-13-18T21:46:11: Supplier Item Rows: 870
08-13-18T21:46:11: Supplier Item Rows: 880
08-13-18T21:46:12: Supplier Item Rows: 890
08-13-18T21:46:12: Supplier Item Rows: 900
08-13-18T21:46:13: Supplier Item Rows: 910
08-13-18T21:46:13: Supplier Item Rows: 920
08-13-18T21:46:14: Supplier Item Rows: 930
08-13-18T21:46:15: Supplier Item Rows: 940
08-13-18T21:46:16: Supplier Item Rows: 950
08-13-18T21:46:16: Supplier Item Rows: 960
08-13-18T21:46:17: Supplier Item Rows: 970
08-13-18T21:46:17: Supplier Item Rows: 980
08-13-18T21:46:18: Supplier Item Rows: 990
08-13-18T21:46:18: Supplier Item Rows: 1000
08-13-18T21:46:19: Supplier Item Rows: 1010
08-13-18T21:46:20: Supplier Item Rows: 1020
08-13-18T21:46:20: Supplier Item Rows: 1030
08-13-18T21:46:21: Supplier Item Rows: 1040
08-13-18T21:46:21: Supplier Item Rows: 1050
08-13-18T21:46:22: Supplier Item Rows: 1060
08-13-18T21:46:22: Supplier Item Rows: 1070
08-13-18T21:46:23: Supplier Item Rows: 1080
08-13-18T21:46:23: Supplier Item Rows: 1090
08-13-18T21:46:23: Supplier Item Rows: 1100
08-13-18T21:46:24: Supplier Item Rows: 1110
08-13-18T21:46:24: Supplier Item Rows: 1120
08-13-18T21:46:25: Supplier Item Rows: 1130
08-13-18T21:46:26: Supplier Item Rows: 1140
08-13-18T21:46:26: Supplier Item Rows: 1150
08-13-18T21:46:27: Supplier Item Rows: 1160
08-13-18T21:46:27: Supplier Item Rows: 1170
08-13-18T21:46:28: Supplier Item Rows: 1180
08-13-18T21:46:29: Supplier Item Rows: 1190
08-13-18T21:46:30: Supplier Item Rows: 1200
08-13-18T21:46:30: Supplier Item Rows: 1210
08-13-18T21:46:31: Supplier Item Rows: 1220
08-13-18T21:46:31: Supplier Item Rows: 1230
08-13-18T21:46:32: Supplier Item Rows: 1240
08-13-18T21:46:32: Supplier Item Rows: 1250
08-13-18T21:46:33: Supplier Item Rows: 1260
08-13-18T21:46:33: Supplier Item Rows: 1270
08-13-18T21:46:34: Supplier Item Rows: 1280
08-13-18T21:46:34: Supplier Item Rows: 1290
08-13-18T21:46:35: Supplier Item Rows: 1300
08-13-18T21:46:35: Supplier Item Rows: 1310
08-13-18T21:46:35: Supplier Item Rows: 1320
08-13-18T21:46:36: Supplier Item Rows: 1330
08-13-18T21:46:36: Supplier Item Rows: 1340
08-13-18T21:46:37: Supplier Item Rows: 1350
08-13-18T21:46:37: Supplier Item Rows: 1360
08-13-18T21:46:38: Supplier Item Rows: 1370
08-13-18T21:46:38: Supplier Item Rows: 1380
08-13-18T21:46:39: Supplier Item Rows: 1390
08-13-18T21:46:39: Supplier Item Rows: 1400
08-13-18T21:46:40: Supplier Item Rows: 1410
08-13-18T21:46:40: Supplier Item Rows: 1420
08-13-18T21:46:40: Supplier Item Rows: 1430
08-13-18T21:46:41: Supplier Item Rows: 1440
08-13-18T21:46:41: Supplier Item Rows: 1450
08-13-18T21:46:42: Supplier Item Rows: 1460
08-13-18T21:46:42: Supplier Item Rows: 1470
08-13-18T21:46:43: Supplier Item Rows: 1480
08-13-18T21:46:43: Supplier Item Rows: 1490
08-13-18T21:46:44: Supplier Item Rows: 1500
08-13-18T21:46:44: Supplier Item Rows: 1510
08-13-18T21:46:44: Supplier Item Rows: 1520
08-13-18T21:46:46: Supplier Item Rows: 1530
08-13-18T21:46:47: Supplier Item Rows: 1540
08-13-18T21:46:48: Supplier Item Rows: 1550
08-13-18T21:46:49: Supplier Item Rows: 1560
08-13-18T21:46:49: Supplier Item Rows: 1570
08-13-18T21:46:49: Supplier Item Rows: 1580
08-13-18T21:46:50: Supplier Item Rows: 1590
08-13-18T21:46:50: Supplier Item Rows: 1600
08-13-18T21:46:51: Supplier Item Rows: 1610
08-13-18T21:46:52: Supplier Item Rows: 1620
08-13-18T21:46:52: Supplier Item Rows: 1630
08-13-18T21:46:52: Supplier Item Rows: 1640
08-13-18T21:46:53: Supplier Item Rows: 1650
08-13-18T21:46:53: Supplier Item Rows: 1660
08-13-18T21:46:54: Supplier Item Rows: 1670
08-13-18T21:46:54: Supplier Item Rows: 1680
08-13-18T21:46:55: Supplier Item Rows: 1690
08-13-18T21:46:55: Supplier Item Rows: 1700
08-13-18T21:46:56: Supplier Item Rows: 1710
08-13-18T21:46:56: Supplier Item Rows: 1720
08-13-18T21:46:57: Supplier Item Rows: 1730
08-13-18T21:46:57: Supplier Item Rows: 1740
08-13-18T21:46:58: Supplier Item Rows: 1750
08-13-18T21:46:58: Supplier Item Rows: 1760
08-13-18T21:46:59: Supplier Item Rows: 1770
08-13-18T21:46:59: Supplier Item Rows: 1780
08-13-18T21:47:00: Supplier Item Rows: 1790
08-13-18T21:47:00: Supplier Item Rows: 1800
08-13-18T21:47:01: Supplier Item Rows: 1810
08-13-18T21:47:02: Supplier Item Rows: 1820
08-13-18T21:47:02: Supplier Item Rows: 1830
08-13-18T21:47:03: Supplier Item Rows: 1840
08-13-18T21:47:03: Supplier Item Rows: 1850
08-13-18T21:47:04: Supplier Item Rows: 1860
08-13-18T21:47:05: Supplier Item Rows: 1870
08-13-18T21:47:05: Supplier Item Rows: 1880
08-13-18T21:47:06: Supplier Item Rows: 1890
08-13-18T21:47:06: Supplier Item Rows: 1900
08-13-18T21:47:07: Supplier Item Rows: 1910
08-13-18T21:47:08: Supplier Item Rows: 1920
08-13-18T21:47:08: Supplier Item Rows: 1930
08-13-18T21:47:09: Supplier Item Rows: 1940
08-13-18T21:47:09: Supplier Item Rows: 1950
08-13-18T21:47:10: Supplier Item Rows: 1960
08-13-18T21:47:10: Supplier Item Rows: 1970
08-13-18T21:47:11: Supplier Item Rows: 1980
08-13-18T21:47:11: Supplier Item Rows: 1990
08-13-18T21:47:12: Supplier Item Rows: 2000
08-13-18T21:47:12: Supplier Item Rows: 2010
08-13-18T21:47:13: Supplier Item Rows: 2020
08-13-18T21:47:13: Supplier Item Rows: 2030
08-13-18T21:47:14: Supplier Item Rows: 2040
08-13-18T21:47:14: Supplier Item Rows: 2050
08-13-18T21:47:15: Supplier Item Rows: 2060
08-13-18T21:47:15: Supplier Item Rows: 2070
08-13-18T21:47:16: Supplier Item Rows: 2080
08-13-18T21:47:17: Supplier Item Rows: 2090
08-13-18T21:47:17: Supplier Item Rows: 2100
08-13-18T21:47:17: Supplier Item Rows: 2110
08-13-18T21:47:18: Supplier Item Rows: 2120
08-13-18T21:47:18: Supplier Item Rows: 2130
08-13-18T21:47:19: Supplier Item Rows: 2140
08-13-18T21:47:20: Supplier Item Rows: 2150
08-13-18T21:47:20: Supplier Item Rows: 2160
08-13-18T21:47:21: Supplier Item Rows: 2170
08-13-18T21:47:21: Supplier Item Rows: 2180
08-13-18T21:47:22: Supplier Item Rows: 2190
08-13-18T21:47:22: Supplier Item Rows: 2200
08-13-18T21:47:23: Supplier Item Rows: 2210
08-13-18T21:47:23: Supplier Item Rows: 2220
08-13-18T21:47:24: Supplier Item Rows: 2230
08-13-18T21:47:25: Supplier Item Rows: 2240
08-13-18T21:47:25: Supplier Item Rows: 2250
08-13-18T21:47:26: Supplier Item Rows: 2260
08-13-18T21:47:26: Supplier Item Rows: 2270
08-13-18T21:47:27: Supplier Item Rows: 2280
08-13-18T21:47:27: Supplier Item Rows: 2290
08-13-18T21:47:28: Supplier Item Rows: 2300
08-13-18T21:47:28: Supplier Item Rows: 2310
08-13-18T21:47:28: Supplier Item Rows: 2320
08-13-18T21:47:29: Supplier Item Rows: 2330
08-13-18T21:47:29: Supplier Item Rows: 2340
08-13-18T21:47:30: Supplier Item Rows: 2350
08-13-18T21:47:30: Supplier Item Rows: 2360
08-13-18T21:47:31: Supplier Item Rows: 2370
08-13-18T21:47:32: Supplier Item Rows: 2380
08-13-18T21:47:32: Supplier Item Rows: 2390
08-13-18T21:47:33: Supplier Item Rows: 2400
08-13-18T21:47:33: Supplier Item Rows: 2410
08-13-18T21:47:34: Supplier Item Rows: 2420
08-13-18T21:47:34: Supplier Item Rows: 2430
08-13-18T21:47:35: Supplier Item Rows: 2440
08-13-18T21:47:35: Supplier Item Rows: 2450
08-13-18T21:47:36: Supplier Item Rows: 2460
08-13-18T21:47:37: Supplier Item Rows: 2470
08-13-18T21:47:37: Supplier Item Rows: 2480
08-13-18T21:47:37: Supplier Item Rows: 2490
08-13-18T21:47:38: Supplier Item Rows: 2500
08-13-18T21:47:38: Supplier Item Rows: 2510
08-13-18T21:47:39: Supplier Item Rows: 2520
08-13-18T21:47:39: Supplier Item Rows: 2530
08-13-18T21:47:40: Supplier Item Rows: 2540
08-13-18T21:47:40: Supplier Item Rows: 2550
08-13-18T21:47:41: Supplier Item Rows: 2560
08-13-18T21:47:41: Supplier Item Rows: 2570
08-13-18T21:47:42: Supplier Item Rows: 2580
08-13-18T21:47:42: Supplier Item Rows: 2590
08-13-18T21:47:43: Supplier Item Rows: 2600
08-13-18T21:47:43: Supplier Item Rows: 2610
08-13-18T21:47:44: Supplier Item Rows: 2620
08-13-18T21:47:45: Supplier Item Rows: 2630
08-13-18T21:47:46: Supplier Item Rows: 2640
08-13-18T21:47:46: Supplier Item Rows: 2650
08-13-18T21:47:47: Supplier Item Rows: 2660
08-13-18T21:47:48: Supplier Item Rows: 2670
08-13-18T21:47:48: Supplier Item Rows: 2680
08-13-18T21:47:49: Supplier Item Rows: 2690
08-13-18T21:47:50: Supplier Item Rows: 2700
08-13-18T21:47:50: Supplier Item Rows: 2710
08-13-18T21:47:51: Supplier Item Rows: 2720
08-13-18T21:47:51: Supplier Item Rows: 2730
08-13-18T21:47:52: Supplier Item Rows: 2740
08-13-18T21:47:53: Supplier Item Rows: 2750
08-13-18T21:47:53: Supplier Item Rows: 2760
08-13-18T21:47:54: Supplier Item Rows: 2770
08-13-18T21:47:54: Supplier Item Rows: 2780
08-13-18T21:47:55: Supplier Item Rows: 2790
08-13-18T21:47:55: Supplier Item Rows: 2800
08-13-18T21:47:56: Supplier Item Rows: 2810
08-13-18T21:47:56: Supplier Item Rows: 2820
08-13-18T21:47:57: Supplier Item Rows: 2830
08-13-18T21:47:57: Supplier Item Rows: 2840
08-13-18T21:47:58: Supplier Item Rows: 2850
08-13-18T21:47:58: Supplier Item Rows: 2860
08-13-18T21:47:59: Supplier Item Rows: 2870
08-13-18T21:47:59: Supplier Item Rows: 2880
08-13-18T21:48:00: Supplier Item Rows: 2890
08-13-18T21:48:00: Supplier Item Rows: 2900
08-13-18T21:48:01: Supplier Item Rows: 2910
08-13-18T21:48:01: Supplier Item Rows: 2920
08-13-18T21:48:02: Supplier Item Rows: 2930
08-13-18T21:48:02: Supplier Item Rows: 2940
08-13-18T21:48:03: Supplier Item Rows: 2950
08-13-18T21:48:04: Supplier Item Rows: 2960
08-13-18T21:48:04: Supplier Item Rows: 2970
08-13-18T21:48:05: Supplier Item Rows: 2980
08-13-18T21:48:05: Supplier Item Rows: 2990
08-13-18T21:48:05: Supplier Item Rows: 3000
08-13-18T21:48:06: Supplier Item Rows: 3010
08-13-18T21:48:06: Supplier Item Rows: 3020
08-13-18T21:48:07: Supplier Item Rows: 3030
08-13-18T21:48:07: Supplier Item Rows: 3040
08-13-18T21:48:08: Supplier Item Rows: 3050
08-13-18T21:48:08: Supplier Item Rows: 3060
08-13-18T21:48:09: Supplier Item Rows: 3070
08-13-18T21:48:09: Supplier Item Rows: 3080
08-13-18T21:48:10: Supplier Item Rows: 3090
08-13-18T21:48:11: Supplier Item Rows: 3100
08-13-18T21:48:11: Supplier Item Rows: 3110
08-13-18T21:48:12: Supplier Item Rows: 3120
08-13-18T21:48:12: Supplier Item Rows: 3130
08-13-18T21:48:13: Supplier Item Rows: 3140
08-13-18T21:48:13: Supplier Item Rows: 3150
08-13-18T21:48:14: Supplier Item Rows: 3160
08-13-18T21:48:15: Supplier Item Rows: 3170
08-13-18T21:48:15: Supplier Item Rows: 3180
08-13-18T21:48:16: Supplier Item Rows: 3190
08-13-18T21:48:16: Supplier Item Rows: 3200
08-13-18T21:48:16: Supplier Item Rows: 3210
08-13-18T21:48:17: Supplier Item Rows: 3220
08-13-18T21:48:17: Supplier Item Rows: 3230
08-13-18T21:48:18: Supplier Item Rows: 3240
08-13-18T21:48:19: Supplier Item Rows: 3250
08-13-18T21:48:19: Supplier Item Rows: 3260
08-13-18T21:48:19: Supplier Item Rows: 3270
08-13-18T21:48:20: Supplier Item Rows: 3280
08-13-18T21:48:21: Supplier Item Rows: 3290
08-13-18T21:48:21: Supplier Item Rows: 3300
08-13-18T21:48:21: Supplier Item Rows: 3310
08-13-18T21:48:22: Supplier Item Rows: 3320
08-13-18T21:48:22: Supplier Item Rows: 3330
08-13-18T21:48:23: Supplier Item Rows: 3340
08-13-18T21:48:24: Supplier Item Rows: 3350
08-13-18T21:48:24: Supplier Item Rows: 3360
08-13-18T21:48:24: Supplier Item Rows: 3370
08-13-18T21:48:25: Supplier Item Rows: 3380
08-13-18T21:48:25: Supplier Item Rows: 3390
08-13-18T21:48:26: Supplier Item Rows: 3400
08-13-18T21:48:26: Supplier Item Rows: 3410
08-13-18T21:48:27: Supplier Item Rows: 3420
08-13-18T21:48:27: Supplier Item Rows: 3430
08-13-18T21:48:28: Supplier Item Rows: 3440
08-13-18T21:48:28: Supplier Item Rows: 3450
08-13-18T21:48:29: Supplier Item Rows: 3460
08-13-18T21:48:29: Supplier Item Rows: 3470
08-13-18T21:48:30: Supplier Item Rows: 3480
08-13-18T21:48:30: Supplier Item Rows: 3490
08-13-18T21:48:31: Supplier Item Rows: 3500
08-13-18T21:48:31: Supplier Item Rows: 3510
08-13-18T21:48:32: Supplier Item Rows: 3520
08-13-18T21:48:32: Supplier Item Rows: 3530
08-13-18T21:48:33: Supplier Item Rows: 3540
08-13-18T21:48:33: Supplier Item Rows: 3550
08-13-18T21:48:34: Supplier Item Rows: 3560
08-13-18T21:48:34: Supplier Item Rows: 3570
08-13-18T21:48:35: Supplier Item Rows: 3580
08-13-18T21:48:36: Supplier Item Rows: 3590
08-13-18T21:48:36: Supplier Item Rows: 3600
08-13-18T21:48:37: Supplier Item Rows: 3610
08-13-18T21:48:37: Supplier Item Rows: 3620
08-13-18T21:48:38: Supplier Item Rows: 3630
08-13-18T21:48:38: Supplier Item Rows: 3640
08-13-18T21:48:39: Supplier Item Rows: 3650
08-13-18T21:48:40: Supplier Item Rows: 3660
08-13-18T21:48:40: Supplier Item Rows: 3670
08-13-18T21:48:41: Supplier Item Rows: 3680
08-13-18T21:48:41: Supplier Item Rows: 3690
08-13-18T21:48:42: Supplier Item Rows: 3700
08-13-18T21:48:42: Supplier Item Rows: 3710
08-13-18T21:48:43: Supplier Item Rows: 3720
08-13-18T21:48:43: Supplier Item Rows: 3730
08-13-18T21:48:44: Supplier Item Rows: 3740
08-13-18T21:48:44: Supplier Item Rows: 3750
08-13-18T21:48:44: Supplier Item Rows: 3760
08-13-18T21:48:45: Supplier Item Rows: 3770
08-13-18T21:48:45: Supplier Item Rows: 3780
08-13-18T21:48:46: Supplier Item Rows: 3790
08-13-18T21:48:46: Supplier Item Rows: 3800
08-13-18T21:48:47: Supplier Item Rows: 3810
08-13-18T21:48:47: Supplier Item Rows: 3820
08-13-18T21:48:48: Supplier Item Rows: 3830
08-13-18T21:48:48: Supplier Item Rows: 3840
08-13-18T21:48:49: Supplier Item Rows: 3850
08-13-18T21:48:49: Supplier Item Rows: 3860
08-13-18T21:48:51: Supplier Item Rows: 3870
08-13-18T21:48:51: Supplier Item Rows: 3880
08-13-18T21:48:52: Supplier Item Rows: 3890
08-13-18T21:48:53: Supplier Item Rows: 3900
08-13-18T21:48:53: Supplier Item Rows: 3910
08-13-18T21:48:54: Supplier Item Rows: 3920
08-13-18T21:48:55: Supplier Item Rows: 3930
08-13-18T21:48:55: Supplier Item Rows: 3940
08-13-18T21:48:56: Supplier Item Rows: 3950
08-13-18T21:48:56: Supplier Item Rows: 3960
08-13-18T21:48:57: Supplier Item Rows: 3970
08-13-18T21:48:57: Supplier Item Rows: 3980
08-13-18T21:48:58: Supplier Item Rows: 3990
08-13-18T21:48:59: Supplier Item Rows: 4000
08-13-18T21:48:59: Supplier Item Rows: 4010
08-13-18T21:49:00: Supplier Item Rows: 4020
08-13-18T21:49:00: Supplier Item Rows: 4030
08-13-18T21:49:01: Supplier Item Rows: 4040
08-13-18T21:49:01: Supplier Item Rows: 4050
08-13-18T21:49:02: Supplier Item Rows: 4060
08-13-18T21:49:02: Supplier Item Rows: 4070
08-13-18T21:49:03: Supplier Item Rows: 4080
08-13-18T21:49:03: Supplier Item Rows: 4090
08-13-18T21:49:04: Supplier Item Rows: 4100
08-13-18T21:49:04: Supplier Item Rows: 4110
08-13-18T21:49:05: Supplier Item Rows: 4120
08-13-18T21:49:05: Supplier Item Rows: 4130
08-13-18T21:49:06: Supplier Item Rows: 4140
08-13-18T21:49:06: Supplier Item Rows: 4150
08-13-18T21:49:06: Supplier Item Rows: 4160
08-13-18T21:49:07: Supplier Item Rows: 4170
08-13-18T21:49:07: Supplier Item Rows: 4180
08-13-18T21:49:08: Supplier Item Rows: 4190
08-13-18T21:49:08: Supplier Item Rows: 4200
08-13-18T21:49:09: Supplier Item Rows: 4210
08-13-18T21:49:09: Supplier Item Rows: 4220
08-13-18T21:49:09: Supplier Item Rows: 4230
08-13-18T21:49:10: Supplier Item Rows: 4240
08-13-18T21:49:10: Supplier Item Rows: 4250
08-13-18T21:49:11: Supplier Item Rows: 4260
08-13-18T21:49:11: Supplier Item Rows: 4270
08-13-18T21:49:12: Supplier Item Rows: 4280
08-13-18T21:49:12: Supplier Item Rows: 4290
08-13-18T21:49:13: Supplier Item Rows: 4300
08-13-18T21:49:13: Supplier Item Rows: 4310
08-13-18T21:49:14: Supplier Item Rows: 4320
08-13-18T21:49:14: Supplier Item Rows: 4330
08-13-18T21:49:14: Supplier Item Rows: 4340
08-13-18T21:49:15: Supplier Item Rows: 4350
08-13-18T21:49:15: Supplier Item Rows: 4360
08-13-18T21:49:16: Supplier Item Rows: 4370
08-13-18T21:49:16: Supplier Item Rows: 4380
08-13-18T21:49:17: Supplier Item Rows: 4390
08-13-18T21:49:17: Supplier Item Rows: 4400
08-13-18T21:49:18: Supplier Item Rows: 4410
08-13-18T21:49:18: Supplier Item Rows: 4420
08-13-18T21:49:19: Supplier Item Rows: 4430
08-13-18T21:49:19: Supplier Item Rows: 4440
08-13-18T21:49:20: Supplier Item Rows: 4450
08-13-18T21:49:20: Supplier Item Rows: 4460
08-13-18T21:49:21: Supplier Item Rows: 4470
08-13-18T21:49:21: Supplier Item Rows: 4480
08-13-18T21:49:21: Supplier Item Rows: 4490
08-13-18T21:49:22: Supplier Item Rows: 4500
08-13-18T21:49:22: Supplier Item Rows: 4510
08-13-18T21:49:23: Supplier Item Rows: 4520
08-13-18T21:49:23: Supplier Item Rows: 4530
08-13-18T21:49:24: Supplier Item Rows: 4540
08-13-18T21:49:24: Supplier Item Rows: 4550
08-13-18T21:49:25: Supplier Item Rows: 4560
08-13-18T21:49:25: Supplier Item Rows: 4570
08-13-18T21:49:26: Supplier Item Rows: 4580
08-13-18T21:49:26: Supplier Item Rows: 4590
08-13-18T21:49:26: Supplier Item Rows: 4600
08-13-18T21:49:27: Supplier Item Rows: 4610
08-13-18T21:49:27: Supplier Item Rows: 4620
08-13-18T21:49:28: Supplier Item Rows: 4630
08-13-18T21:49:28: Supplier Item Rows: 4640
08-13-18T21:49:29: Supplier Item Rows: 4650
08-13-18T21:49:29: Supplier Item Rows: 4660
08-13-18T21:49:30: Supplier Item Rows: 4670
08-13-18T21:49:30: Supplier Item Rows: 4680
08-13-18T21:49:30: Supplier Item Rows: 4690
08-13-18T21:49:31: Supplier Item Rows: 4700
08-13-18T21:49:31: Supplier Item Rows: 4710
08-13-18T21:49:32: Supplier Item Rows: 4720
08-13-18T21:49:32: Supplier Item Rows: 4730
08-13-18T21:49:32: Supplier Item Rows: 4740
08-13-18T21:49:33: Supplier Item Rows: 4750
08-13-18T21:49:33: Supplier Item Rows: 4760
08-13-18T21:49:34: Supplier Item Rows: 4770
08-13-18T21:49:34: Supplier Item Rows: 4780
08-13-18T21:49:35: Supplier Item Rows: 4790
08-13-18T21:49:35: Supplier Item Rows: 4800
08-13-18T21:49:36: Supplier Item Rows: 4810
08-13-18T21:49:36: Supplier Item Rows: 4820
08-13-18T21:49:36: Supplier Item Rows: 4830
08-13-18T21:49:37: Supplier Item Rows: 4840
08-13-18T21:49:37: Supplier Item Rows: 4850
08-13-18T21:49:38: Supplier Item Rows: 4860
08-13-18T21:49:38: Supplier Item Rows: 4870
08-13-18T21:49:39: Supplier Item Rows: 4880
08-13-18T21:49:39: Supplier Item Rows: 4890
08-13-18T21:49:39: Supplier Item Rows: 4900
08-13-18T21:49:40: Supplier Item Rows: 4910
08-13-18T21:49:40: Supplier Item Rows: 4920
08-13-18T21:49:41: Supplier Item Rows: 4930
08-13-18T21:49:41: Supplier Item Rows: 4940
08-13-18T21:49:42: Supplier Item Rows: 4950
08-13-18T21:49:42: Supplier Item Rows: 4960
08-13-18T21:49:43: Supplier Item Rows: 4970
08-13-18T21:49:43: Supplier Item Rows: 4980
08-13-18T21:49:43: Supplier Item Rows: 4990
08-13-18T21:49:44: Supplier Item Rows: 5000
08-13-18T21:49:44: Supplier Item Rows: 5010
08-13-18T21:49:45: Supplier Item Rows: 5020
08-13-18T21:49:45: Supplier Item Rows: 5030
08-13-18T21:49:46: Supplier Item Rows: 5040
08-13-18T21:49:46: Supplier Item Rows: 5050
08-13-18T21:49:46: Supplier Item Rows: 5060
08-13-18T21:49:47: Supplier Item Rows: 5070
08-13-18T21:49:47: Supplier Item Rows: 5080
08-13-18T21:49:48: Supplier Item Rows: 5090
08-13-18T21:49:48: Supplier Item Rows: 5100
08-13-18T21:49:49: Supplier Item Rows: 5110
08-13-18T21:49:49: Supplier Item Rows: 5120
08-13-18T21:49:49: Supplier Item Rows: 5130
08-13-18T21:49:50: Supplier Item Rows: 5140
08-13-18T21:49:50: Supplier Item Rows: 5150
08-13-18T21:49:51: Supplier Item Rows: 5160
08-13-18T21:49:51: Supplier Item Rows: 5170
08-13-18T21:49:52: Supplier Item Rows: 5180
08-13-18T21:49:52: Supplier Item Rows: 5190
08-13-18T21:49:52: Supplier Item Rows: 5200
08-13-18T21:49:53: Supplier Item Rows: 5210
08-13-18T21:49:53: Supplier Item Rows: 5220
08-13-18T21:49:54: Supplier Item Rows: 5230
08-13-18T21:49:54: Supplier Item Rows: 5240
08-13-18T21:49:55: Supplier Item Rows: 5250
08-13-18T21:49:55: Supplier Item Rows: 5260
08-13-18T21:49:56: Supplier Item Rows: 5270
08-13-18T21:49:56: Supplier Item Rows: 5280
08-13-18T21:49:56: Supplier Item Rows: 5290
08-13-18T21:49:57: Supplier Item Rows: 5300
08-13-18T21:49:57: Supplier Item Rows: 5310
08-13-18T21:49:58: Supplier Item Rows: 5320
08-13-18T21:49:58: Supplier Item Rows: 5330
08-13-18T21:49:58: Supplier Item Rows: 5340
08-13-18T21:49:59: Supplier Item Rows: 5350
08-13-18T21:49:59: Supplier Item Rows: 5360
08-13-18T21:50:00: Supplier Item Rows: 5370
08-13-18T21:50:00: Supplier Item Rows: 5380
08-13-18T21:50:01: Supplier Item Rows: 5390
08-13-18T21:50:01: Supplier Item Rows: 5400
08-13-18T21:50:02: Supplier Item Rows: 5410
08-13-18T21:50:02: Supplier Item Rows: 5420
08-13-18T21:50:02: Supplier Item Rows: 5430
08-13-18T21:50:03: Supplier Item Rows: 5440
08-13-18T21:50:03: Supplier Item Rows: 5450
08-13-18T21:50:04: Supplier Item Rows: 5460
08-13-18T21:50:04: Supplier Item Rows: 5470
08-13-18T21:50:05: Supplier Item Rows: 5480
08-13-18T21:50:05: Supplier Item Rows: 5490
08-13-18T21:50:06: Supplier Item Rows: 5500
08-13-18T21:50:06: Supplier Item Rows: 5510
08-13-18T21:50:06: Supplier Item Rows: 5520
08-13-18T21:50:07: Supplier Item Rows: 5530
08-13-18T21:50:07: Supplier Item Rows: 5540
08-13-18T21:50:08: Supplier Item Rows: 5550
08-13-18T21:50:08: Supplier Item Rows: 5560
08-13-18T21:50:08: Supplier Item Rows: 5570
08-13-18T21:50:09: Supplier Item Rows: 5580
08-13-18T21:50:09: Supplier Item Rows: 5590
08-13-18T21:50:10: Supplier Item Rows: 5600
08-13-18T21:50:10: Supplier Item Rows: 5610
08-13-18T21:50:11: Supplier Item Rows: 5620
08-13-18T21:50:11: Supplier Item Rows: 5630
08-13-18T21:50:11: Supplier Item Rows: 5640
08-13-18T21:50:12: Supplier Item Rows: 5650
08-13-18T21:50:12: Supplier Item Rows: 5660
08-13-18T21:50:13: Supplier Item Rows: 5670
08-13-18T21:50:13: Supplier Item Rows: 5680
08-13-18T21:50:14: Supplier Item Rows: 5690
08-13-18T21:50:14: Supplier Item Rows: 5700
08-13-18T21:50:14: Supplier Item Rows: 5710
08-13-18T21:50:15: Supplier Item Rows: 5720
08-13-18T21:50:15: Supplier Item Rows: 5730
08-13-18T21:50:16: Supplier Item Rows: 5740
08-13-18T21:50:16: Supplier Item Rows: 5750
08-13-18T21:50:17: Supplier Item Rows: 5760
08-13-18T21:50:17: Supplier Item Rows: 5770
08-13-18T21:50:18: Supplier Item Rows: 5780
08-13-18T21:50:18: Supplier Item Rows: 5790
08-13-18T21:50:18: Supplier Item Rows: 5800
08-13-18T21:50:19: Supplier Item Rows: 5810
08-13-18T21:50:19: Supplier Item Rows: 5820
08-13-18T21:50:20: Supplier Item Rows: 5830
08-13-18T21:50:20: Supplier Item Rows: 5840
08-13-18T21:50:21: Supplier Item Rows: 5850
08-13-18T21:50:21: Supplier Item Rows: 5860
08-13-18T21:50:22: Supplier Item Rows: 5870
08-13-18T21:50:22: Supplier Item Rows: 5880
08-13-18T21:50:23: Supplier Item Rows: 5890
08-13-18T21:50:23: Supplier Item Rows: 5900
08-13-18T21:50:24: Supplier Item Rows: 5910
08-13-18T21:50:24: Supplier Item Rows: 5920
08-13-18T21:50:25: Supplier Item Rows: 5930
08-13-18T21:50:25: Supplier Item Rows: 5940
08-13-18T21:50:26: Supplier Item Rows: 5950
08-13-18T21:50:26: Supplier Item Rows: 5960
08-13-18T21:50:26: Supplier Item Rows: 5970
08-13-18T21:50:27: Supplier Item Rows: 5980
08-13-18T21:50:27: Supplier Item Rows: 5990
08-13-18T21:50:28: Supplier Item Rows: 6000
08-13-18T21:50:28: Supplier Item Rows: 6010
08-13-18T21:50:29: Supplier Item Rows: 6020
08-13-18T21:50:29: Supplier Item Rows: 6030
08-13-18T21:50:30: Supplier Item Rows: 6040
08-13-18T21:50:30: Supplier Item Rows: 6050
08-13-18T21:50:30: Supplier Item Rows: 6060
08-13-18T21:50:31: Supplier Item Rows: 6070
08-13-18T21:50:31: Supplier Item Rows: 6080
08-13-18T21:50:32: Supplier Item Rows: 6090
08-13-18T21:50:32: Supplier Item Rows: 6100
08-13-18T21:50:33: Supplier Item Rows: 6110
08-13-18T21:50:33: Supplier Item Rows: 6120
08-13-18T21:50:33: Supplier Item Rows: 6130
08-13-18T21:50:34: Supplier Item Rows: 6140
08-13-18T21:50:34: Supplier Item Rows: 6150
08-13-18T21:50:35: Supplier Item Rows: 6160
08-13-18T21:50:35: Supplier Item Rows: 6170
08-13-18T21:50:36: Supplier Item Rows: 6180
08-13-18T21:50:36: Supplier Item Rows: 6190
08-13-18T21:50:36: Supplier Item Rows: 6200
08-13-18T21:50:37: Supplier Item Rows: 6210
08-13-18T21:50:38: Supplier Item Rows: 6220
08-13-18T21:50:38: Supplier Item Rows: 6230
08-13-18T21:50:38: Supplier Item Rows: 6240
08-13-18T21:50:39: Supplier Item Rows: 6250
08-13-18T21:50:39: Supplier Item Rows: 6260
08-13-18T21:50:40: Supplier Item Rows: 6270
08-13-18T21:50:40: Supplier Item Rows: 6280
08-13-18T21:50:40: Supplier Item Rows: 6290
08-13-18T21:50:41: Supplier Item Rows: 6300
08-13-18T21:50:41: Supplier Item Rows: 6310
08-13-18T21:50:42: Supplier Item Rows: 6320
08-13-18T21:50:42: Supplier Item Rows: 6330
08-13-18T21:50:43: Supplier Item Rows: 6340
08-13-18T21:50:43: Supplier Item Rows: 6350
08-13-18T21:50:43: Supplier Item Rows: 6360
08-13-18T21:50:44: Supplier Item Rows: 6370
08-13-18T21:50:44: Supplier Item Rows: 6380
08-13-18T21:50:45: Supplier Item Rows: 6390
08-13-18T21:50:45: Supplier Item Rows: 6400
08-13-18T21:50:45: Supplier Item Rows: 6410
08-13-18T21:50:46: Supplier Item Rows: 6420
08-13-18T21:50:46: Supplier Item Rows: 6430
08-13-18T21:50:47: Supplier Item Rows: 6440
08-13-18T21:50:47: Supplier Item Rows: 6450
08-13-18T21:50:48: Supplier Item Rows: 6460
08-13-18T21:50:48: Supplier Item Rows: 6470
08-13-18T21:50:48: Supplier Item Rows: 6480
08-13-18T21:50:49: Supplier Item Rows: 6490
08-13-18T21:50:49: Supplier Item Rows: 6500
08-13-18T21:50:50: Supplier Item Rows: 6510
08-13-18T21:50:50: Supplier Item Rows: 6520
08-13-18T21:50:51: Supplier Item Rows: 6530
08-13-18T21:50:51: Supplier Item Rows: 6540
08-13-18T21:50:51: Supplier Item Rows: 6550
08-13-18T21:50:52: Supplier Item Rows: 6560
08-13-18T21:50:52: Supplier Item Rows: 6570
08-13-18T21:50:53: Supplier Item Rows: 6580
08-13-18T21:50:53: Supplier Item Rows: 6590
08-13-18T21:50:54: Supplier Item Rows: 6600
08-13-18T21:50:54: Supplier Item Rows: 6610
08-13-18T21:50:54: Supplier Item Rows: 6620
08-13-18T21:50:55: Supplier Item Rows: 6630
08-13-18T21:50:55: Supplier Item Rows: 6640
08-13-18T21:50:56: Supplier Item Rows: 6650
08-13-18T21:50:56: Supplier Item Rows: 6660
08-13-18T21:50:56: Supplier Item Rows: 6670
08-13-18T21:50:57: Supplier Item Rows: 6680
08-13-18T21:50:57: Supplier Item Rows: 6690
08-13-18T21:50:58: Supplier Item Rows: 6700
08-13-18T21:50:58: Supplier Item Rows: 6710
08-13-18T21:50:59: Supplier Item Rows: 6720
08-13-18T21:50:59: Supplier Item Rows: 6730
08-13-18T21:51:00: Supplier Item Rows: 6740
08-13-18T21:51:00: Supplier Item Rows: 6750
08-13-18T21:51:01: Supplier Item Rows: 6760
08-13-18T21:51:01: Supplier Item Rows: 6770
08-13-18T21:51:01: Supplier Item Rows: 6780
08-13-18T21:51:02: Supplier Item Rows: 6790
08-13-18T21:51:02: Supplier Item Rows: 6800
08-13-18T21:51:03: Supplier Item Rows: 6810
08-13-18T21:51:03: Supplier Item Rows: 6820
08-13-18T21:51:04: Supplier Item Rows: 6830
08-13-18T21:51:04: Supplier Item Rows: 6840
08-13-18T21:51:04: Supplier Item Rows: 6850
08-13-18T21:51:05: Supplier Item Rows: 6860
08-13-18T21:51:05: Supplier Item Rows: 6870
08-13-18T21:51:06: Supplier Item Rows: 6880
08-13-18T21:51:06: Supplier Item Rows: 6890
08-13-18T21:51:07: Supplier Item Rows: 6900
08-13-18T21:51:07: Supplier Item Rows: 6910
08-13-18T21:51:07: Supplier Item Rows: 6920
08-13-18T21:51:08: Supplier Item Rows: 6930
08-13-18T21:51:08: Supplier Item Rows: 6940
08-13-18T21:51:09: Supplier Item Rows: 6950
08-13-18T21:51:09: Supplier Item Rows: 6960
08-13-18T21:51:10: Supplier Item Rows: 6970
08-13-18T21:51:10: Supplier Item Rows: 6980
08-13-18T21:51:10: Supplier Item Rows: 6990
08-13-18T21:51:11: Supplier Item Rows: 7000
08-13-18T21:51:11: Supplier Item Rows: 7010
08-13-18T21:51:12: Supplier Item Rows: 7020
08-13-18T21:51:12: Supplier Item Rows: 7030
08-13-18T21:51:13: Supplier Item Rows: 7040
08-13-18T21:51:13: Supplier Item Rows: 7050
08-13-18T21:51:13: Supplier Item Rows: 7060
08-13-18T21:51:14: Supplier Item Rows: 7070
08-13-18T21:51:14: Supplier Item Rows: 7080
08-13-18T21:51:15: Supplier Item Rows: 7090
08-13-18T21:51:15: Supplier Item Rows: 7100
08-13-18T21:51:16: Supplier Item Rows: 7110
08-13-18T21:51:16: Supplier Item Rows: 7120
08-13-18T21:51:16: Supplier Item Rows: 7130
08-13-18T21:51:17: Supplier Item Rows: 7140
08-13-18T21:51:17: Supplier Item Rows: 7150
08-13-18T21:51:18: Supplier Item Rows: 7160
08-13-18T21:51:18: Supplier Item Rows: 7170
08-13-18T21:51:18: Supplier Item Rows: 7180
08-13-18T21:51:19: Supplier Item Rows: 7190
08-13-18T21:51:19: Supplier Item Rows: 7200
08-13-18T21:51:20: Supplier Item Rows: 7210
08-13-18T21:51:20: Supplier Item Rows: 7220
08-13-18T21:51:21: Supplier Item Rows: 7230
08-13-18T21:51:21: Supplier Item Rows: 7240
08-13-18T21:51:22: Supplier Item Rows: 7250
08-13-18T21:51:22: Supplier Item Rows: 7260
08-13-18T21:51:22: Supplier Item Rows: 7270
08-13-18T21:51:23: Supplier Item Rows: 7280
08-13-18T21:51:23: Supplier Item Rows: 7290
08-13-18T21:51:24: Supplier Item Rows: 7300
08-13-18T21:51:24: Supplier Item Rows: 7310
08-13-18T21:51:25: Supplier Item Rows: 7320
08-13-18T21:51:25: Supplier Item Rows: 7330
08-13-18T21:51:25: Supplier Item Rows: 7340
08-13-18T21:51:26: Supplier Item Rows: 7350
08-13-18T21:51:26: Supplier Item Rows: 7360
08-13-18T21:51:27: Supplier Item Rows: 7370
08-13-18T21:51:27: Supplier Item Rows: 7380
08-13-18T21:51:28: Supplier Item Rows: 7390
08-13-18T21:51:28: Supplier Item Rows: 7400
08-13-18T21:51:29: Supplier Item Rows: 7410
08-13-18T21:51:29: Supplier Item Rows: 7420
08-13-18T21:51:30: Supplier Item Rows: 7430
08-13-18T21:51:30: Supplier Item Rows: 7440
08-13-18T21:51:31: Supplier Item Rows: 7450
08-13-18T21:51:31: Supplier Item Rows: 7460
08-13-18T21:51:32: Supplier Item Rows: 7470
08-13-18T21:51:32: Supplier Item Rows: 7480
08-13-18T21:51:33: Supplier Item Rows: 7490
08-13-18T21:51:33: Supplier Item Rows: 7500
08-13-18T21:51:34: Supplier Item Rows: 7510
08-13-18T21:51:34: Supplier Item Rows: 7520
08-13-18T21:51:35: Supplier Item Rows: 7530
08-13-18T21:51:35: Supplier Item Rows: 7540
08-13-18T21:51:36: Supplier Item Rows: 7550
08-13-18T21:51:36: Supplier Item Rows: 7560
08-13-18T21:51:37: Supplier Item Rows: 7570
08-13-18T21:51:37: Supplier Item Rows: 7580
08-13-18T21:51:37: Supplier Item Rows: 7590
08-13-18T21:51:38: Supplier Item Rows: 7600
08-13-18T21:51:38: Supplier Item Rows: 7610
08-13-18T21:51:39: Supplier Item Rows: 7620
08-13-18T21:51:39: Supplier Item Rows: 7630
08-13-18T21:51:40: Supplier Item Rows: 7640
08-13-18T21:51:40: Supplier Item Rows: 7650
08-13-18T21:51:40: Supplier Item Rows: 7660
08-13-18T21:51:41: Supplier Item Rows: 7670
08-13-18T21:51:41: Supplier Item Rows: 7680
08-13-18T21:51:42: Supplier Item Rows: 7690
08-13-18T21:51:42: Supplier Item Rows: 7700
08-13-18T21:51:43: Supplier Item Rows: 7710
08-13-18T21:51:43: Supplier Item Rows: 7720
08-13-18T21:51:44: Supplier Item Rows: 7730
08-13-18T21:51:44: Supplier Item Rows: 7740
08-13-18T21:51:44: Supplier Item Rows: 7750
08-13-18T21:51:45: Supplier Item Rows: 7760
08-13-18T21:51:45: Supplier Item Rows: 7770
08-13-18T21:51:46: Supplier Item Rows: 7780
08-13-18T21:51:46: Supplier Item Rows: 7790
08-13-18T21:51:46: Supplier Item Rows: 7800
08-13-18T21:51:47: Supplier Item Rows: 7810
08-13-18T21:51:47: Supplier Item Rows: 7820
08-13-18T21:51:48: Supplier Item Rows: 7830
08-13-18T21:51:48: Supplier Item Rows: 7840
08-13-18T21:51:49: Supplier Item Rows: 7850
08-13-18T21:51:49: Supplier Item Rows: 7860
08-13-18T21:51:49: Supplier Item Rows: 7870
08-13-18T21:51:50: Supplier Item Rows: 7880
08-13-18T21:51:50: Supplier Item Rows: 7890
08-13-18T21:51:51: Supplier Item Rows: 7900
08-13-18T21:51:51: Supplier Item Rows: 7910
08-13-18T21:51:52: Supplier Item Rows: 7920
08-13-18T21:51:52: Supplier Item Rows: 7930
08-13-18T21:51:53: Supplier Item Rows: 7940
08-13-18T21:51:53: Supplier Item Rows: 7950
08-13-18T21:51:53: Supplier Item Rows: 7960
08-13-18T21:51:54: Supplier Item Rows: 7970
08-13-18T21:51:54: Supplier Item Rows: 7980
08-13-18T21:51:55: Supplier Item Rows: 7990
08-13-18T21:51:55: Supplier Item Rows: 8000
08-13-18T21:51:55: Supplier Item Rows: 8010
08-13-18T21:51:56: Supplier Item Rows: 8020
08-13-18T21:51:56: Supplier Item Rows: 8030
08-13-18T21:51:57: Supplier Item Rows: 8040
08-13-18T21:51:57: Supplier Item Rows: 8050
08-13-18T21:51:58: Supplier Item Rows: 8060
08-13-18T21:51:58: Supplier Item Rows: 8070
08-13-18T21:51:58: Supplier Item Rows: 8080
08-13-18T21:51:59: Supplier Item Rows: 8090
08-13-18T21:51:59: Supplier Item Rows: 8100
08-13-18T21:52:00: Supplier Item Rows: 8110
08-13-18T21:52:00: Supplier Item Rows: 8120
08-13-18T21:52:01: Supplier Item Rows: 8130
08-13-18T21:52:01: Supplier Item Rows: 8140
08-13-18T21:52:01: Supplier Item Rows: 8150
08-13-18T21:52:02: Supplier Item Rows: 8160
08-13-18T21:52:03: Supplier Item Rows: 8170
08-13-18T21:52:03: Supplier Item Rows: 8180
08-13-18T21:52:03: Supplier Item Rows: 8190
08-13-18T21:52:04: Supplier Item Rows: 8200
08-13-18T21:52:04: Supplier Item Rows: 8210
08-13-18T21:52:05: Supplier Item Rows: 8220
08-13-18T21:52:05: Supplier Item Rows: 8230
08-13-18T21:52:06: Supplier Item Rows: 8240
08-13-18T21:52:06: Supplier Item Rows: 8250
08-13-18T21:52:07: Supplier Item Rows: 8260
08-13-18T21:52:07: Supplier Item Rows: 8270
08-13-18T21:52:07: Supplier Item Rows: 8280
08-13-18T21:52:08: Supplier Item Rows: 8290
08-13-18T21:52:08: Supplier Item Rows: 8300
08-13-18T21:52:09: Supplier Item Rows: 8310
08-13-18T21:52:09: Supplier Item Rows: 8320
08-13-18T21:52:09: Supplier Item Rows: 8330
08-13-18T21:52:10: Supplier Item Rows: 8340
08-13-18T21:52:10: Supplier Item Rows: 8350
08-13-18T21:52:11: Supplier Item Rows: 8360
08-13-18T21:52:11: Supplier Item Rows: 8370
08-13-18T21:52:12: Supplier Item Rows: 8380
08-13-18T21:52:12: Supplier Item Rows: 8390
08-13-18T21:52:12: Supplier Item Rows: 8400
08-13-18T21:52:13: Supplier Item Rows: 8410
08-13-18T21:52:13: Supplier Item Rows: 8420
08-13-18T21:52:14: Supplier Item Rows: 8430
08-13-18T21:52:14: Supplier Item Rows: 8440
08-13-18T21:52:15: Supplier Item Rows: 8450
08-13-18T21:52:15: Supplier Item Rows: 8460
08-13-18T21:52:16: Supplier Item Rows: 8470
08-13-18T21:52:16: Supplier Item Rows: 8480
08-13-18T21:52:17: Supplier Item Rows: 8490
08-13-18T21:52:17: Supplier Item Rows: 8500
08-13-18T21:52:18: Supplier Item Rows: 8510
08-13-18T21:52:18: Supplier Item Rows: 8520
08-13-18T21:52:19: Supplier Item Rows: 8530
08-13-18T21:52:19: Supplier Item Rows: 8540
08-13-18T21:52:20: Supplier Item Rows: 8550
08-13-18T21:52:20: Supplier Item Rows: 8560
08-13-18T21:52:21: Supplier Item Rows: 8570
08-13-18T21:52:21: Supplier Item Rows: 8580
08-13-18T21:52:22: Supplier Item Rows: 8590
08-13-18T21:52:22: Supplier Item Rows: 8600
08-13-18T21:52:23: Supplier Item Rows: 8610
08-13-18T21:52:23: Supplier Item Rows: 8620
08-13-18T21:52:23: Supplier Item Rows: 8630
08-13-18T21:52:24: Supplier Item Rows: 8640
08-13-18T21:52:24: Supplier Item Rows: 8650
08-13-18T21:52:25: Supplier Item Rows: 8660
08-13-18T21:52:25: Supplier Item Rows: 8670
08-13-18T21:52:26: Supplier Item Rows: 8680
08-13-18T21:52:26: Supplier Item Rows: 8690
08-13-18T21:52:27: Supplier Item Rows: 8700
08-13-18T21:52:27: Supplier Item Rows: 8710
08-13-18T21:52:27: Supplier Item Rows: 8720
08-13-18T21:52:28: Supplier Item Rows: 8730
08-13-18T21:52:28: Supplier Item Rows: 8740
08-13-18T21:52:29: Supplier Item Rows: 8750
08-13-18T21:52:29: Supplier Item Rows: 8760
08-13-18T21:52:30: Supplier Item Rows: 8770
08-13-18T21:52:30: Supplier Item Rows: 8780
08-13-18T21:52:30: Supplier Item Rows: 8790
08-13-18T21:52:31: Supplier Item Rows: 8800
08-13-18T21:52:31: Supplier Item Rows: 8810
08-13-18T21:52:32: Supplier Item Rows: 8820
08-13-18T21:52:32: Supplier Item Rows: 8830
08-13-18T21:52:33: Supplier Item Rows: 8840
08-13-18T21:52:33: Supplier Item Rows: 8850
08-13-18T21:52:34: Supplier Item Rows: 8860
08-13-18T21:52:34: Supplier Item Rows: 8870
08-13-18T21:52:35: Supplier Item Rows: 8880
08-13-18T21:52:35: Supplier Item Rows: 8890
08-13-18T21:52:36: Supplier Item Rows: 8900
08-13-18T21:52:36: Supplier Item Rows: 8910
08-13-18T21:52:37: Supplier Item Rows: 8920
08-13-18T21:52:37: Supplier Item Rows: 8930
08-13-18T21:52:38: Supplier Item Rows: 8940
08-13-18T21:52:38: Supplier Item Rows: 8950
08-13-18T21:52:38: Supplier Item Rows: 8960
08-13-18T21:52:39: Supplier Item Rows: 8970
08-13-18T21:52:39: Supplier Item Rows: 8980
08-13-18T21:52:40: Supplier Item Rows: 8990
08-13-18T21:52:40: Supplier Item Rows: 9000
08-13-18T21:52:40: Supplier Item Rows: 9010
08-13-18T21:52:41: Supplier Item Rows: 9020
08-13-18T21:52:41: Supplier Item Rows: 9030
08-13-18T21:52:42: Supplier Item Rows: 9040
08-13-18T21:52:42: Supplier Item Rows: 9050
08-13-18T21:52:43: Supplier Item Rows: 9060
08-13-18T21:52:43: Supplier Item Rows: 9070
08-13-18T21:52:44: Supplier Item Rows: 9080
08-13-18T21:52:44: Supplier Item Rows: 9090
08-13-18T21:52:44: Supplier Item Rows: 9100
08-13-18T21:52:45: Supplier Item Rows: 9110
08-13-18T21:52:45: Supplier Item Rows: 9120
08-13-18T21:52:46: Supplier Item Rows: 9130
08-13-18T21:52:46: Supplier Item Rows: 9140
08-13-18T21:52:47: Supplier Item Rows: 9150
08-13-18T21:52:47: Supplier Item Rows: 9160
08-13-18T21:52:48: Supplier Item Rows: 9170
08-13-18T21:52:48: Supplier Item Rows: 9180
08-13-18T21:52:48: Supplier Item Rows: 9190
08-13-18T21:52:49: Supplier Item Rows: 9200
08-13-18T21:52:49: Supplier Item Rows: 9210
08-13-18T21:52:50: Supplier Item Rows: 9220
08-13-18T21:52:50: Supplier Item Rows: 9230
08-13-18T21:52:51: Supplier Item Rows: 9240
08-13-18T21:52:51: Supplier Item Rows: 9250
08-13-18T21:52:51: Supplier Item Rows: 9260
08-13-18T21:52:52: Supplier Item Rows: 9270
08-13-18T21:52:52: Supplier Item Rows: 9280
08-13-18T21:52:53: Supplier Item Rows: 9290
08-13-18T21:52:53: Supplier Item Rows: 9300
08-13-18T21:52:53: Supplier Item Rows: 9310
08-13-18T21:52:54: Supplier Item Rows: 9320
08-13-18T21:52:54: Supplier Item Rows: 9330
08-13-18T21:52:55: Supplier Item Rows: 9340
08-13-18T21:52:55: Supplier Item Rows: 9350
08-13-18T21:52:56: Supplier Item Rows: 9360
08-13-18T21:52:56: Supplier Item Rows: 9370
08-13-18T21:52:57: Supplier Item Rows: 9380
08-13-18T21:52:57: Supplier Item Rows: 9390
08-13-18T21:52:57: Supplier Item Rows: 9400
08-13-18T21:52:58: Supplier Item Rows: 9410
08-13-18T21:52:58: Supplier Item Rows: 9420
08-13-18T21:52:59: Supplier Item Rows: 9430
08-13-18T21:53:00: Finished Supplier: MCLNCRLN- MCLANE CAROLINA (NC) Xref: MCLNCRLN
08-13-18T21:53:00: Total Items: 9433
08-13-18T21:53:00: File created in working xls folder: Supplier Item-MCLNCRLN- MCLANE CAROLINA (NC)_MCLNCRLN_01.xlsx
08-13-18T21:53:00: ...
08-13-18T21:53:00: End Log
