11-12-18T13:58:09: Start Log
11-12-18T13:58:09: Found Input File: test.csv
11-12-18T13:58:13: Special Rows: 10
11-12-18T13:58:13: Special Rows: 20
11-12-18T13:58:14: Special Rows: 30
11-12-18T13:58:14: Special Rows: 40
11-12-18T13:58:14: Special Rows: 50
11-12-18T13:58:15: Special Rows: 60
11-12-18T13:58:15: Special Rows: 70
11-12-18T13:58:16: Special Rows: 80
11-12-18T13:58:16: Special Rows: 90
11-12-18T13:58:16: Special Rows: 100
11-12-18T13:58:17: Special Rows: 110
11-12-18T13:58:17: Special Rows: 120
11-12-18T13:58:17: Special Rows: 130
11-12-18T13:58:18: Special Rows: 140
11-12-18T13:58:18: Special Rows: 150
11-12-18T13:58:18: Special Rows: 160
11-12-18T13:58:19: Special Rows: 170
11-12-18T13:58:19: Special Rows: 180
11-12-18T13:58:19: Special Rows: 190
11-12-18T13:58:19: Special Rows: 200
11-12-18T13:58:20: Special Rows: 210
11-12-18T13:58:20: Special Rows: 220
11-12-18T13:58:20: Special Rows: 230
11-12-18T13:58:21: Special Rows: 240
11-12-18T13:58:21: Special Rows: 250
11-12-18T13:58:21: Special Rows: 260
11-12-18T13:58:22: Special Rows: 270
11-12-18T13:58:22: Special Rows: 280
11-12-18T13:58:23: Special Rows: 290
11-12-18T13:58:23: Special Rows: 300
11-12-18T13:58:23: Special Rows: 310
11-12-18T13:58:24: Special Rows: 320
11-12-18T13:58:24: Special Rows: 330
11-12-18T13:58:24: Special Rows: 340
11-12-18T13:58:25: Special Rows: 350
11-12-18T13:58:25: Special Rows: 360
11-12-18T13:58:25: Special Rows: 370
11-12-18T13:58:26: Special Rows: 380
11-12-18T13:58:26: Special Rows: 390
11-12-18T13:58:26: Special Rows: 400
11-12-18T13:58:27: Special Rows: 410
11-12-18T13:58:27: Special Rows: 420
11-12-18T13:58:27: Special Rows: 430
11-12-18T13:58:28: Special Rows: 440
11-12-18T13:58:28: Special Rows: 450
11-12-18T13:58:28: Special Rows: 460
11-12-18T13:58:29: Special Rows: 470
11-12-18T13:58:29: Special Rows: 480
11-12-18T13:58:29: Special Rows: 490
11-12-18T13:58:30: Special Rows: 500
11-12-18T13:58:30: Special Rows: 510
11-12-18T13:58:30: Special Rows: 520
11-12-18T13:58:31: Special Rows: 530
11-12-18T13:58:31: Special Rows: 540
11-12-18T13:58:31: Special Rows: 550
11-12-18T13:58:32: Special Rows: 560
11-12-18T13:58:32: Special Rows: 570
11-12-18T13:58:32: Special Rows: 580
11-12-18T13:58:33: Special Rows: 590
11-12-18T13:58:33: Special Rows: 600
11-12-18T13:58:33: Special Rows: 610
11-12-18T13:58:34: Special Rows: 620
11-12-18T13:58:34: Special Rows: 630
11-12-18T13:58:34: Special Rows: 640
11-12-18T13:58:35: Special Rows: 650
11-12-18T13:58:35: Special Rows: 660
11-12-18T13:58:35: Special Rows: 670
11-12-18T13:58:36: Special Rows: 680
11-12-18T13:58:36: Special Rows: 690
11-12-18T13:58:36: Special Rows: 700
11-12-18T13:58:37: Special Rows: 710
11-12-18T13:58:37: Special Rows: 720
11-12-18T13:58:37: Special Rows: 730
11-12-18T13:58:38: Special Rows: 740
11-12-18T13:58:38: Special Rows: 750
11-12-18T13:58:39: Special Rows: 760
11-12-18T13:58:39: Special Rows: 770
11-12-18T13:58:39: Special Rows: 780
11-12-18T13:58:40: Special Rows: 790
11-12-18T13:58:40: Special Rows: 800
11-12-18T13:58:40: Special Rows: 810
11-12-18T13:58:41: Special Rows: 820
11-12-18T13:58:41: Special Rows: 830
11-12-18T13:58:41: Special Rows: 840
11-12-18T13:58:42: Special Rows: 850
11-12-18T13:58:42: Special Rows: 860
11-12-18T13:58:42: Special Rows: 870
11-12-18T13:58:42: Special Rows: 880
11-12-18T13:58:43: Special Rows: 890
11-12-18T13:58:43: Special Rows: 900
11-12-18T13:58:44: Special Rows: 910
11-12-18T13:58:44: Special Rows: 920
11-12-18T13:58:44: Special Rows: 930
11-12-18T13:58:44: Special Rows: 940
11-12-18T13:58:45: Special Rows: 950
11-12-18T13:58:45: Special Rows: 960
11-12-18T13:58:46: Special Rows: 970
11-12-18T13:58:46: Special Rows: 980
11-12-18T13:58:46: Special Rows: 990
11-12-18T13:58:47: Special Rows: 1000
11-12-18T13:58:47: Special Rows: 1010
11-12-18T13:58:47: Special Rows: 1020
11-12-18T13:58:48: Special Rows: 1030
11-12-18T13:58:48: Special Rows: 1040
11-12-18T13:58:48: Special Rows: 1050
11-12-18T13:58:49: Special Rows: 1060
11-12-18T13:58:49: Special Rows: 1070
11-12-18T13:58:49: Special Rows: 1080
11-12-18T13:58:50: Special Rows: 1090
11-12-18T13:58:50: Special Rows: 1100
11-12-18T13:58:50: Special Rows: 1110
11-12-18T13:58:51: Special Rows: 1120
11-12-18T13:58:51: Special Rows: 1130
11-12-18T13:58:51: Special Rows: 1140
11-12-18T13:58:52: Special Rows: 1150
11-12-18T13:58:52: Special Rows: 1160
11-12-18T13:58:52: Special Rows: 1170
11-12-18T13:58:53: Special Rows: 1180
11-12-18T13:58:53: Special Rows: 1190
11-12-18T13:58:53: Special Rows: 1200
11-12-18T13:58:54: Special Rows: 1210
11-12-18T13:58:54: Special Rows: 1220
11-12-18T13:58:54: Special Rows: 1230
11-12-18T13:58:55: Special Rows: 1240
11-12-18T13:58:55: Special Rows: 1250
11-12-18T13:58:55: Special Rows: 1260
11-12-18T13:58:56: Special Rows: 1270
11-12-18T13:58:56: Special Rows: 1280
11-12-18T13:58:56: Special Rows: 1290
11-12-18T13:58:57: Special Rows: 1300
11-12-18T13:58:57: Special Rows: 1310
11-12-18T13:58:57: Special Rows: 1320
11-12-18T13:58:58: Special Rows: 1330
11-12-18T13:58:58: Special Rows: 1340
11-12-18T13:58:58: Special Rows: 1350
11-12-18T13:58:59: Special Rows: 1360
11-12-18T13:58:59: Special Rows: 1370
11-12-18T13:58:59: Special Rows: 1380
11-12-18T13:59:00: Special Rows: 1390
11-12-18T13:59:00: Special Rows: 1400
11-12-18T13:59:00: Special Rows: 1410
11-12-18T13:59:01: Special Rows: 1420
11-12-18T13:59:01: Special Rows: 1430
11-12-18T13:59:02: Special Rows: 1440
11-12-18T13:59:02: Special Rows: 1450
11-12-18T13:59:02: Special Rows: 1460
11-12-18T13:59:03: Special Rows: 1470
11-12-18T13:59:03: Special Rows: 1480
11-12-18T13:59:04: Special Rows: 1490
11-12-18T13:59:04: Special Rows: 1500
11-12-18T13:59:04: Special Rows: 1510
11-12-18T13:59:05: Special Rows: 1520
11-12-18T13:59:05: Special Rows: 1530
11-12-18T13:59:05: Special Rows: 1540
11-12-18T13:59:06: Special Rows: 1550
11-12-18T13:59:06: Special Rows: 1560
11-12-18T13:59:06: Special Rows: 1570
11-12-18T13:59:07: Special Rows: 1580
11-12-18T13:59:07: Special Rows: 1590
11-12-18T13:59:07: Special Rows: 1600
11-12-18T13:59:08: Special Rows: 1610
11-12-18T13:59:08: Special Rows: 1620
11-12-18T13:59:08: Special Rows: 1630
11-12-18T13:59:09: Special Rows: 1640
11-12-18T13:59:09: Special Rows: 1650
11-12-18T13:59:09: Special Rows: 1660
11-12-18T13:59:10: Special Rows: 1670
11-12-18T13:59:10: Special Rows: 1680
11-12-18T13:59:10: Special Rows: 1690
11-12-18T13:59:11: Special Rows: 1700
11-12-18T13:59:11: Special Rows: 1710
11-12-18T13:59:11: Special Rows: 1720
11-12-18T13:59:12: Special Rows: 1730
11-12-18T13:59:12: Special Rows: 1740
11-12-18T13:59:12: Special Rows: 1750
11-12-18T13:59:13: Special Rows: 1760
11-12-18T13:59:13: Special Rows: 1770
11-12-18T13:59:13: Special Rows: 1780
11-12-18T13:59:14: Special Rows: 1790
11-12-18T13:59:14: Special Rows: 1800
11-12-18T13:59:14: Special Rows: 1810
11-12-18T13:59:15: Special Rows: 1820
11-12-18T13:59:15: Special Rows: 1830
11-12-18T13:59:15: Special Rows: 1840
11-12-18T13:59:16: Special Rows: 1850
11-12-18T13:59:16: Special Rows: 1860
11-12-18T13:59:16: Special Rows: 1870
11-12-18T13:59:17: Special Rows: 1880
11-12-18T13:59:17: Special Rows: 1890
11-12-18T13:59:17: Special Rows: 1900
11-12-18T13:59:18: Special Rows: 1910
11-12-18T13:59:18: Special Rows: 1920
11-12-18T13:59:18: Special Rows: 1930
11-12-18T13:59:19: Special Rows: 1940
11-12-18T13:59:19: Special Rows: 1950
11-12-18T13:59:19: Special Rows: 1960
11-12-18T13:59:20: Special Rows: 1970
11-12-18T13:59:20: Special Rows: 1980
11-12-18T13:59:21: Special Rows: 1990
11-12-18T13:59:21: Special Rows: 2000
11-12-18T13:59:21: Special Rows: 2010
11-12-18T13:59:22: Special Rows: 2020
11-12-18T13:59:22: Special Rows: 2030
11-12-18T13:59:22: Special Rows: 2040
11-12-18T13:59:23: Special Rows: 2050
11-12-18T13:59:23: Special Rows: 2060
11-12-18T13:59:24: Special Rows: 2070
11-12-18T13:59:24: Special Rows: 2080
11-12-18T13:59:25: Special Rows: 2090
11-12-18T13:59:25: Special Rows: 2100
11-12-18T13:59:25: Special Rows: 2110
11-12-18T13:59:26: Special Rows: 2120
11-12-18T13:59:26: Special Rows: 2130
11-12-18T13:59:27: Special Rows: 2140
11-12-18T13:59:27: Special Rows: 2150
11-12-18T13:59:27: Special Rows: 2160
11-12-18T13:59:28: Special Rows: 2170
11-12-18T13:59:28: Special Rows: 2180
11-12-18T13:59:28: Special Rows: 2190
11-12-18T13:59:29: Special Rows: 2200
11-12-18T13:59:29: Special Rows: 2210
11-12-18T13:59:29: Special Rows: 2220
11-12-18T13:59:30: Special Rows: 2230
11-12-18T13:59:30: Special Rows: 2240
11-12-18T13:59:30: Special Rows: 2250
11-12-18T13:59:31: Special Rows: 2260
11-12-18T13:59:31: Special Rows: 2270
11-12-18T13:59:31: Special Rows: 2280
11-12-18T13:59:32: Special Rows: 2290
11-12-18T13:59:32: Special Rows: 2300
11-12-18T13:59:32: Special Rows: 2310
11-12-18T13:59:33: Special Rows: 2320
11-12-18T13:59:33: Special Rows: 2330
11-12-18T13:59:33: Special Rows: 2340
11-12-18T13:59:34: Special Rows: 2350
11-12-18T13:59:34: Special Rows: 2360
11-12-18T13:59:34: Special Rows: 2370
11-12-18T13:59:35: Special Rows: 2380
11-12-18T13:59:35: Special Rows: 2390
11-12-18T13:59:35: Special Rows: 2400
11-12-18T13:59:36: Special Rows: 2410
11-12-18T13:59:36: Special Rows: 2420
11-12-18T13:59:36: Special Rows: 2430
11-12-18T13:59:37: Special Rows: 2440
11-12-18T13:59:37: Special Rows: 2450
11-12-18T13:59:38: Special Rows: 2460
11-12-18T13:59:38: Special Rows: 2470
11-12-18T13:59:38: Special Rows: 2480
11-12-18T13:59:39: Special Rows: 2490
11-12-18T13:59:39: Special Rows: 2500
11-12-18T13:59:39: Special Rows: 2510
11-12-18T13:59:40: Special Rows: 2520
11-12-18T13:59:40: Special Rows: 2530
11-12-18T13:59:40: Special Rows: 2540
11-12-18T13:59:41: Special Rows: 2550
11-12-18T13:59:41: Special Rows: 2560
11-12-18T13:59:41: Special Rows: 2570
11-12-18T13:59:41: Special Rows: 2580
11-12-18T13:59:42: Special Rows: 2590
11-12-18T13:59:42: Special Rows: 2600
11-12-18T13:59:42: Special Rows: 2610
11-12-18T13:59:43: Special Rows: 2620
11-12-18T13:59:43: Special Rows: 2630
11-12-18T13:59:43: Special Rows: 2640
11-12-18T13:59:44: Special Rows: 2650
11-12-18T13:59:44: Special Rows: 2660
11-12-18T13:59:44: Special Rows: 2670
11-12-18T13:59:45: Special Rows: 2680
11-12-18T13:59:45: Special Rows: 2690
11-12-18T13:59:45: Special Rows: 2700
11-12-18T13:59:46: Special Rows: 2710
11-12-18T13:59:46: Special Rows: 2720
11-12-18T13:59:46: Special Rows: 2730
11-12-18T13:59:47: Special Rows: 2740
11-12-18T13:59:47: Special Rows: 2750
11-12-18T13:59:48: Special Rows: 2760
11-12-18T13:59:48: Special Rows: 2770
11-12-18T13:59:48: Special Rows: 2780
11-12-18T13:59:49: Special Rows: 2790
11-12-18T13:59:49: Special Rows: 2800
11-12-18T13:59:49: Special Rows: 2810
11-12-18T13:59:50: Special Rows: 2820
11-12-18T13:59:50: Special Rows: 2830
11-12-18T13:59:50: Special Rows: 2840
11-12-18T13:59:51: Special Rows: 2850
11-12-18T13:59:51: Special Rows: 2860
11-12-18T13:59:51: Special Rows: 2870
11-12-18T13:59:51: Special Rows: 2880
11-12-18T13:59:52: Special Rows: 2890
11-12-18T13:59:52: Special Rows: 2900
11-12-18T13:59:52: Special Rows: 2910
11-12-18T13:59:53: Special Rows: 2920
11-12-18T13:59:53: Special Rows: 2930
11-12-18T13:59:53: Special Rows: 2940
11-12-18T13:59:54: Special Rows: 2950
11-12-18T13:59:54: Special Rows: 2960
11-12-18T13:59:55: Special Rows: 2970
11-12-18T13:59:55: Special Rows: 2980
11-12-18T13:59:55: Special Rows: 2990
11-12-18T13:59:55: Special Rows: 3000
11-12-18T13:59:56: Special Rows: 3010
11-12-18T13:59:56: Special Rows: 3020
11-12-18T13:59:56: Special Rows: 3030
11-12-18T13:59:57: Special Rows: 3040
11-12-18T13:59:57: Special Rows: 3050
11-12-18T13:59:57: Special Rows: 3060
11-12-18T13:59:58: Special Rows: 3070
11-12-18T13:59:58: Special Rows: 3080
11-12-18T13:59:59: Special Rows: 3090
11-12-18T13:59:59: Special Rows: 3100
11-12-18T13:59:59: Special Rows: 3110
11-12-18T14:00:00: Special Rows: 3120
11-12-18T14:00:00: Special Rows: 3130
11-12-18T14:00:00: Special Rows: 3140
11-12-18T14:00:01: Special Rows: 3150
11-12-18T14:00:01: Special Rows: 3160
11-12-18T14:00:01: Special Rows: 3170
11-12-18T14:00:02: Special Rows: 3180
11-12-18T14:00:02: Special Rows: 3190
11-12-18T14:00:02: Special Rows: 3200
11-12-18T14:00:03: Special Rows: 3210
11-12-18T14:00:03: Special Rows: 3220
11-12-18T14:00:04: Special Rows: 3230
11-12-18T14:00:04: Special Rows: 3240
11-12-18T14:00:04: Special Rows: 3250
11-12-18T14:00:05: Special Rows: 3260
11-12-18T14:00:05: Special Rows: 3270
11-12-18T14:00:05: Special Rows: 3280
11-12-18T14:00:06: Special Rows: 3290
11-12-18T14:00:06: Special Rows: 3300
11-12-18T14:00:06: Special Rows: 3310
11-12-18T14:00:07: Special Rows: 3320
11-12-18T14:00:07: Special Rows: 3330
11-12-18T14:00:08: Special Rows: 3340
11-12-18T14:00:08: Special Rows: 3350
11-12-18T14:00:08: Special Rows: 3360
11-12-18T14:00:09: Special Rows: 3370
11-12-18T14:00:09: Special Rows: 3380
11-12-18T14:00:09: Special Rows: 3390
11-12-18T14:00:10: Special Rows: 3400
11-12-18T14:00:10: Special Rows: 3410
11-12-18T14:00:10: Special Rows: 3420
11-12-18T14:00:11: Special Rows: 3430
11-12-18T14:00:11: Special Rows: 3440
11-12-18T14:00:11: Special Rows: 3450
11-12-18T14:00:11: Special Rows: 3460
11-12-18T14:00:12: Special Rows: 3470
11-12-18T14:00:12: Special Rows: 3480
11-12-18T14:00:12: Special Rows: 3490
11-12-18T14:00:13: Special Rows: 3500
11-12-18T14:00:13: Special Rows: 3510
11-12-18T14:00:14: Special Rows: 3520
11-12-18T14:00:14: Special Rows: 3530
11-12-18T14:00:14: Special Rows: 3540
11-12-18T14:00:15: Special Rows: 3550
11-12-18T14:00:15: Special Rows: 3560
11-12-18T14:00:15: Special Rows: 3570
11-12-18T14:00:16: Special Rows: 3580
11-12-18T14:00:16: Special Rows: 3590
11-12-18T14:00:16: Special Rows: 3600
11-12-18T14:00:17: Special Rows: 3610
11-12-18T14:00:17: Special Rows: 3620
11-12-18T14:00:17: Special Rows: 3630
11-12-18T14:00:18: Special Rows: 3640
11-12-18T14:00:18: Special Rows: 3650
11-12-18T14:00:18: Special Rows: 3660
11-12-18T14:00:19: Special Rows: 3670
11-12-18T14:00:19: Special Rows: 3680
11-12-18T14:00:19: Special Rows: 3690
11-12-18T14:00:20: Special Rows: 3700
11-12-18T14:00:20: Special Rows: 3710
11-12-18T14:00:20: Special Rows: 3720
11-12-18T14:00:21: Special Rows: 3730
11-12-18T14:00:21: Special Rows: 3740
11-12-18T14:00:21: Special Rows: 3750
11-12-18T14:00:22: Special Rows: 3760
11-12-18T14:00:22: Special Rows: 3770
11-12-18T14:00:22: Special Rows: 3780
11-12-18T14:00:23: Special Rows: 3790
11-12-18T14:00:23: Special Rows: 3800
11-12-18T14:00:23: Special Rows: 3810
11-12-18T14:00:24: Special Rows: 3820
11-12-18T14:00:24: Special Rows: 3830
11-12-18T14:00:24: Special Rows: 3840
11-12-18T14:00:25: Special Rows: 3850
11-12-18T14:00:25: Special Rows: 3860
11-12-18T14:00:25: Special Rows: 3870
11-12-18T14:00:26: Special Rows: 3880
11-12-18T14:00:26: Special Rows: 3890
11-12-18T14:00:26: Special Rows: 3900
11-12-18T14:00:27: Special Rows: 3910
11-12-18T14:00:27: Special Rows: 3920
11-12-18T14:00:27: Special Rows: 3930
11-12-18T14:00:28: Special Rows: 3940
11-12-18T14:00:28: Special Rows: 3950
11-12-18T14:00:28: Special Rows: 3960
11-12-18T14:00:29: Special Rows: 3970
11-12-18T14:00:29: Special Rows: 3980
11-12-18T14:00:29: Special Rows: 3990
11-12-18T14:00:30: Special Rows: 4000
11-12-18T14:00:30: Special Rows: 4010
11-12-18T14:00:30: Special Rows: 4020
11-12-18T14:00:31: Special Rows: 4030
11-12-18T14:00:31: Special Rows: 4040
11-12-18T14:00:32: Special Rows: 4050
11-12-18T14:00:32: Special Rows: 4060
11-12-18T14:00:32: Special Rows: 4070
11-12-18T14:00:33: Special Rows: 4080
11-12-18T14:00:33: Special Rows: 4090
11-12-18T14:00:33: Special Rows: 4100
11-12-18T14:00:34: Special Rows: 4110
11-12-18T14:00:34: Special Rows: 4120
11-12-18T14:00:34: Special Rows: 4130
11-12-18T14:00:35: Special Rows: 4140
11-12-18T14:00:35: Special Rows: 4150
11-12-18T14:00:35: Special Rows: 4160
11-12-18T14:00:36: Special Rows: 4170
11-12-18T14:00:36: Special Rows: 4180
11-12-18T14:00:36: Special Rows: 4190
11-12-18T14:00:37: Special Rows: 4200
11-12-18T14:00:37: Special Rows: 4210
11-12-18T14:00:37: Special Rows: 4220
11-12-18T14:00:38: Special Rows: 4230
11-12-18T14:00:38: Special Rows: 4240
11-12-18T14:00:38: Special Rows: 4250
11-12-18T14:00:39: Special Rows: 4260
11-12-18T14:00:39: Special Rows: 4270
11-12-18T14:00:40: Special Rows: 4280
11-12-18T14:00:40: Special Rows: 4290
11-12-18T14:00:40: Special Rows: 4300
11-12-18T14:00:41: Special Rows: 4310
11-12-18T14:00:41: Special Rows: 4320
11-12-18T14:00:41: Special Rows: 4330
11-12-18T14:00:42: Special Rows: 4340
11-12-18T14:00:42: Special Rows: 4350
11-12-18T14:00:42: Special Rows: 4360
11-12-18T14:00:43: Special Rows: 4370
11-12-18T14:00:43: Special Rows: 4380
11-12-18T14:00:43: Special Rows: 4390
11-12-18T14:00:44: Special Rows: 4400
11-12-18T14:00:44: Special Rows: 4410
11-12-18T14:00:44: Special Rows: 4420
11-12-18T14:00:45: Special Rows: 4430
11-12-18T14:00:45: Special Rows: 4440
11-12-18T14:00:45: Special Rows: 4450
11-12-18T14:00:46: Special Rows: 4460
11-12-18T14:00:46: Special Rows: 4470
11-12-18T14:00:46: Special Rows: 4480
11-12-18T14:00:47: Special Rows: 4490
11-12-18T14:00:47: Special Rows: 4500
11-12-18T14:00:47: Special Rows: 4510
11-12-18T14:00:48: Special Rows: 4520
11-12-18T14:00:48: Special Rows: 4530
11-12-18T14:00:49: Special Rows: 4540
11-12-18T14:00:49: Special Rows: 4550
11-12-18T14:00:49: Special Rows: 4560
11-12-18T14:00:50: Special Rows: 4570
11-12-18T14:00:50: Special Rows: 4580
11-12-18T14:00:50: Special Rows: 4590
11-12-18T14:00:51: Special Rows: 4600
11-12-18T14:00:51: Special Rows: 4610
11-12-18T14:00:51: Special Rows: 4620
11-12-18T14:00:52: Special Rows: 4630
11-12-18T14:00:52: Special Rows: 4640
11-12-18T14:00:52: Special Rows: 4650
11-12-18T14:00:52: Special Rows: 4660
11-12-18T14:00:53: Special Rows: 4670
11-12-18T14:00:53: Special Rows: 4680
11-12-18T14:00:53: Special Rows: 4690
11-12-18T14:00:54: Special Rows: 4700
11-12-18T14:00:54: Special Rows: 4710
11-12-18T14:00:54: Special Rows: 4720
11-12-18T14:00:55: Special Rows: 4730
11-12-18T14:00:55: Special Rows: 4740
11-12-18T14:00:55: Special Rows: 4750
11-12-18T14:00:56: Special Rows: 4760
11-12-18T14:00:56: Special Rows: 4770
11-12-18T14:00:56: Special Rows: 4780
11-12-18T14:00:57: Special Rows: 4790
11-12-18T14:00:57: Special Rows: 4800
11-12-18T14:00:57: Special Rows: 4810
11-12-18T14:00:58: Special Rows: 4820
11-12-18T14:00:58: Special Rows: 4830
11-12-18T14:00:58: Special Rows: 4840
11-12-18T14:00:59: Special Rows: 4850
11-12-18T14:00:59: Special Rows: 4860
11-12-18T14:00:59: Special Rows: 4870
11-12-18T14:01:00: Special Rows: 4880
11-12-18T14:01:00: Special Rows: 4890
11-12-18T14:01:01: Special Rows: 4900
11-12-18T14:01:01: Special Rows: 4910
11-12-18T14:01:01: Special Rows: 4920
11-12-18T14:01:01: Special Rows: 4930
11-12-18T14:01:02: Special Rows: 4940
11-12-18T14:01:02: Special Rows: 4950
11-12-18T14:01:02: Special Rows: 4960
11-12-18T14:01:03: Special Rows: 4970
11-12-18T14:01:03: Special Rows: 4980
11-12-18T14:01:03: Special Rows: 4990
11-12-18T14:01:04: Special Rows: 5000
11-12-18T14:01:04: Special Rows: 5010
11-12-18T14:01:04: Special Rows: 5020
11-12-18T14:01:05: Special Rows: 5030
11-12-18T14:01:05: Special Rows: 5040
11-12-18T14:01:05: Special Rows: 5050
11-12-18T14:01:06: Special Rows: 5060
11-12-18T14:01:06: Special Rows: 5070
11-12-18T14:01:06: Special Rows: 5080
11-12-18T14:01:07: Special Rows: 5090
11-12-18T14:01:07: Special Rows: 5100
11-12-18T14:01:07: Special Rows: 5110
11-12-18T14:01:08: Special Rows: 5120
11-12-18T14:01:08: Special Rows: 5130
11-12-18T14:01:09: Special Rows: 5140
11-12-18T14:01:09: Special Rows: 5150
11-12-18T14:01:09: Special Rows: 5160
11-12-18T14:01:10: Special Rows: 5170
11-12-18T14:01:10: Special Rows: 5180
11-12-18T14:01:10: Special Rows: 5190
11-12-18T14:01:11: Special Rows: 5200
11-12-18T14:01:11: Special Rows: 5210
11-12-18T14:01:11: Special Rows: 5220
11-12-18T14:01:12: Special Rows: 5230
11-12-18T14:01:12: Special Rows: 5240
11-12-18T14:01:12: Special Rows: 5250
11-12-18T14:01:13: Special Rows: 5260
11-12-18T14:01:13: Special Rows: 5270
11-12-18T14:01:13: Special Rows: 5280
11-12-18T14:01:14: Special Rows: 5290
11-12-18T14:01:14: Special Rows: 5300
11-12-18T14:01:14: Special Rows: 5310
11-12-18T14:01:15: Special Rows: 5320
11-12-18T14:01:15: Special Rows: 5330
11-12-18T14:01:15: Special Rows: 5340
11-12-18T14:01:15: Special Rows: 5350
11-12-18T14:01:16: Special Rows: 5360
11-12-18T14:01:16: Special Rows: 5370
11-12-18T14:01:16: Special Rows: 5380
11-12-18T14:01:17: Special Rows: 5390
11-12-18T14:01:17: Special Rows: 5400
11-12-18T14:01:17: Special Rows: 5410
11-12-18T14:01:18: Special Rows: 5420
11-12-18T14:01:18: Special Rows: 5430
11-12-18T14:01:18: Special Rows: 5440
11-12-18T14:01:19: Special Rows: 5450
11-12-18T14:01:19: Special Rows: 5460
11-12-18T14:01:20: Special Rows: 5470
11-12-18T14:01:20: Special Rows: 5480
11-12-18T14:01:20: Special Rows: 5490
11-12-18T14:01:21: Special Rows: 5500
11-12-18T14:01:21: Special Rows: 5510
11-12-18T14:01:21: Special Rows: 5520
11-12-18T14:01:22: Special Rows: 5530
11-12-18T14:01:22: Special Rows: 5540
11-12-18T14:01:22: Special Rows: 5550
11-12-18T14:01:23: Special Rows: 5560
11-12-18T14:01:23: Special Rows: 5570
11-12-18T14:01:23: Special Rows: 5580
11-12-18T14:01:24: Special Rows: 5590
11-12-18T14:01:24: Special Rows: 5600
11-12-18T14:01:24: Special Rows: 5610
11-12-18T14:01:25: Special Rows: 5620
11-12-18T14:01:25: Special Rows: 5630
11-12-18T14:01:26: Special Rows: 5640
11-12-18T14:01:28: Special Rows: 5650
11-12-18T14:01:28: Special Rows: 5660
11-12-18T14:01:29: Special Rows: 5670
11-12-18T14:01:29: Special Rows: 5680
11-12-18T14:01:30: Special Rows: 5690
11-12-18T14:01:30: Special Rows: 5700
11-12-18T14:01:30: Special Rows: 5710
11-12-18T14:01:31: Special Rows: 5720
11-12-18T14:01:31: Special Rows: 5730
11-12-18T14:01:32: Special Rows: 5740
11-12-18T14:01:32: Special Rows: 5750
11-12-18T14:01:33: Special Rows: 5760
11-12-18T14:01:33: Special Rows: 5770
11-12-18T14:01:33: Special Rows: 5780
11-12-18T14:01:34: Special Rows: 5790
11-12-18T14:01:34: Special Rows: 5800
11-12-18T14:01:34: Special Rows: 5810
11-12-18T14:01:36: Special Rows: 5820
11-12-18T14:01:36: Special Rows: 5830
11-12-18T14:01:36: Special Rows: 5840
11-12-18T14:01:37: Special Rows: 5850
11-12-18T14:01:37: Special Rows: 5860
11-12-18T14:01:37: Special Rows: 5870
11-12-18T14:01:37: Special Rows: 5880
11-12-18T14:01:38: Special Rows: 5890
11-12-18T14:01:38: Special Rows: 5900
11-12-18T14:01:38: Special Rows: 5910
11-12-18T14:01:38: Special Rows: 5920
11-12-18T14:01:39: Special Rows: 5930
11-12-18T14:01:39: Special Rows: 5940
11-12-18T14:01:39: Special Rows: 5950
11-12-18T14:01:40: Special Rows: 5960
11-12-18T14:01:40: Special Rows: 5970
11-12-18T14:01:40: Special Rows: 5980
11-12-18T14:01:41: Special Rows: 5990
11-12-18T14:01:41: Special Rows: 6000
11-12-18T14:01:41: Special Rows: 6010
11-12-18T14:01:41: Special Rows: 6020
11-12-18T14:01:42: Special Rows: 6030
11-12-18T14:01:42: Special Rows: 6040
11-12-18T14:01:42: Special Rows: 6050
11-12-18T14:01:43: Special Rows: 6060
11-12-18T14:01:43: Special Rows: 6070
11-12-18T14:01:43: Special Rows: 6080
11-12-18T14:01:44: Special Rows: 6090
11-12-18T14:01:44: Special Rows: 6100
11-12-18T14:01:44: Special Rows: 6110
11-12-18T14:01:45: Special Rows: 6120
11-12-18T14:01:45: Special Rows: 6130
11-12-18T14:01:45: Special Rows: 6140
11-12-18T14:01:45: Special Rows: 6150
11-12-18T14:01:46: Special Rows: 6160
11-12-18T14:01:46: Special Rows: 6170
11-12-18T14:01:46: Special Rows: 6180
11-12-18T14:01:47: Special Rows: 6190
11-12-18T14:01:47: Special Rows: 6200
11-12-18T14:01:48: Special Rows: 6210
11-12-18T14:01:48: Special Rows: 6220
11-12-18T14:01:48: Special Rows: 6230
11-12-18T14:01:49: Special Rows: 6240
11-12-18T14:01:49: Special Rows: 6250
11-12-18T14:01:49: Special Rows: 6260
11-12-18T14:01:49: Special Rows: 6270
11-12-18T14:01:50: Special Rows: 6280
11-12-18T14:01:50: Special Rows: 6290
11-12-18T14:01:50: Special Rows: 6300
11-12-18T14:01:51: Special Rows: 6310
11-12-18T14:01:51: Special Rows: 6320
11-12-18T14:01:51: Special Rows: 6330
11-12-18T14:01:52: Special Rows: 6340
11-12-18T14:01:52: Special Rows: 6350
11-12-18T14:01:53: Special Rows: 6360
11-12-18T14:01:53: Special Rows: 6370
11-12-18T14:01:53: Special Rows: 6380
11-12-18T14:01:54: Special Rows: 6390
11-12-18T14:01:54: Special Rows: 6400
11-12-18T14:01:54: Special Rows: 6410
11-12-18T14:01:55: Special Rows: 6420
11-12-18T14:01:55: Special Rows: 6430
11-12-18T14:01:56: Special Rows: 6440
11-12-18T14:01:56: Special Rows: 6450
11-12-18T14:01:57: Special Rows: 6460
11-12-18T14:01:58: Special Rows: 6470
11-12-18T14:01:59: Special Rows: 6480
11-12-18T14:02:00: Special Rows: 6490
11-12-18T14:02:01: Special Rows: 6500
11-12-18T14:02:01: Special Rows: 6510
11-12-18T14:02:02: Special Rows: 6520
11-12-18T14:02:02: Special Rows: 6530
11-12-18T14:02:08: Special Rows: 6540
11-12-18T14:02:08: Special Rows: 6550
11-12-18T14:02:10: Special Rows: 6560
11-12-18T14:02:10: Special Rows: 6570
11-12-18T14:02:11: Special Rows: 6580
11-12-18T14:02:12: Special Rows: 6590
11-12-18T14:02:12: Special Rows: 6600
11-12-18T14:02:13: Special Rows: 6610
11-12-18T14:02:14: Special Rows: 6620
11-12-18T14:02:16: Special Rows: 6630
11-12-18T14:02:16: Special Rows: 6640
11-12-18T14:02:17: Special Rows: 6650
11-12-18T14:02:17: Special Rows: 6660
11-12-18T14:02:18: Special Rows: 6670
11-12-18T14:02:18: Special Rows: 6680
11-12-18T14:02:19: Special Rows: 6690
11-12-18T14:02:19: Special Rows: 6700
11-12-18T14:02:20: Special Rows: 6710
11-12-18T14:02:20: Special Rows: 6720
11-12-18T14:02:21: Special Rows: 6730
11-12-18T14:02:21: Special Rows: 6740
11-12-18T14:02:22: Special Rows: 6750
11-12-18T14:02:22: Special Rows: 6760
11-12-18T14:02:23: Special Rows: 6770
11-12-18T14:02:23: Special Rows: 6780
11-12-18T14:02:24: Special Rows: 6790
11-12-18T14:02:24: Special Rows: 6800
11-12-18T14:02:25: Total Specials: 6799
11-12-18T14:02:25: File created in working xls folder: test.xlsx
11-12-18T14:02:25: ...
11-12-18T14:02:25: End Log
