08-28-18T15:08:00: Start Log
08-28-18T15:08:00: Found Input File: test.csv
08-28-18T15:08:02: Special Rows: 10
08-28-18T15:08:02: Special Rows: 20
08-28-18T15:08:03: Special Rows: 30
08-28-18T15:08:03: Special Rows: 40
08-28-18T15:08:03: Special Rows: 50
08-28-18T15:08:03: Special Rows: 60
08-28-18T15:08:03: Special Rows: 70
08-28-18T15:08:03: Special Rows: 80
08-28-18T15:08:03: Special Rows: 90
08-28-18T15:08:04: Special Rows: 100
08-28-18T15:08:04: Special Rows: 110
08-28-18T15:08:04: Special Rows: 120
08-28-18T15:08:04: Special Rows: 130
08-28-18T15:08:04: Special Rows: 140
08-28-18T15:08:04: Special Rows: 150
08-28-18T15:08:05: Special Rows: 160
08-28-18T15:08:05: Special Rows: 170
08-28-18T15:08:05: Special Rows: 180
08-28-18T15:08:05: Special Rows: 190
08-28-18T15:08:05: Special Rows: 200
08-28-18T15:08:05: Special Rows: 210
08-28-18T15:08:05: Special Rows: 220
08-28-18T15:08:06: Special Rows: 230
08-28-18T15:08:06: Special Rows: 240
08-28-18T15:08:06: Special Rows: 250
08-28-18T15:08:06: Special Rows: 260
08-28-18T15:08:06: Special Rows: 270
08-28-18T15:08:06: Special Rows: 280
08-28-18T15:08:06: Special Rows: 290
08-28-18T15:08:07: Special Rows: 300
08-28-18T15:08:07: Special Rows: 310
08-28-18T15:08:07: Special Rows: 320
08-28-18T15:08:07: Special Rows: 330
08-28-18T15:08:07: Special Rows: 340
08-28-18T15:08:07: Special Rows: 350
08-28-18T15:08:08: Special Rows: 360
08-28-18T15:08:08: Special Rows: 370
08-28-18T15:08:08: Special Rows: 380
08-28-18T15:08:08: Special Rows: 390
08-28-18T15:08:08: Special Rows: 400
08-28-18T15:08:08: Special Rows: 410
08-28-18T15:08:09: Special Rows: 420
08-28-18T15:08:09: Special Rows: 430
08-28-18T15:08:09: Special Rows: 440
08-28-18T15:08:09: Special Rows: 450
08-28-18T15:08:09: Special Rows: 460
08-28-18T15:08:09: Special Rows: 470
08-28-18T15:08:09: Special Rows: 480
08-28-18T15:08:10: Special Rows: 490
08-28-18T15:08:10: Special Rows: 500
08-28-18T15:08:10: Special Rows: 510
08-28-18T15:08:10: Special Rows: 520
08-28-18T15:08:10: Special Rows: 530
08-28-18T15:08:10: Special Rows: 540
08-28-18T15:08:10: Special Rows: 550
08-28-18T15:08:11: Special Rows: 560
08-28-18T15:08:11: Special Rows: 570
08-28-18T15:08:11: Special Rows: 580
08-28-18T15:08:11: Special Rows: 590
08-28-18T15:08:11: Special Rows: 600
08-28-18T15:08:11: Special Rows: 610
08-28-18T15:08:11: Special Rows: 620
08-28-18T15:08:12: Special Rows: 630
08-28-18T15:08:12: Special Rows: 640
08-28-18T15:08:12: Special Rows: 650
08-28-18T15:08:12: Special Rows: 660
08-28-18T15:08:12: Special Rows: 670
08-28-18T15:08:12: Special Rows: 680
08-28-18T15:08:13: Special Rows: 690
08-28-18T15:08:13: Special Rows: 700
08-28-18T15:08:13: Special Rows: 710
08-28-18T15:08:13: Special Rows: 720
08-28-18T15:08:13: Special Rows: 730
08-28-18T15:08:14: Special Rows: 740
08-28-18T15:08:14: Special Rows: 750
08-28-18T15:08:14: Special Rows: 760
08-28-18T15:08:14: Special Rows: 770
08-28-18T15:08:15: Special Rows: 780
08-28-18T15:08:15: Special Rows: 790
08-28-18T15:08:15: Special Rows: 800
08-28-18T15:08:16: Special Rows: 810
08-28-18T15:08:16: Special Rows: 820
08-28-18T15:08:16: Special Rows: 830
08-28-18T15:08:17: Special Rows: 840
08-28-18T15:08:17: Special Rows: 850
08-28-18T15:08:18: Special Rows: 860
08-28-18T15:08:18: Special Rows: 870
08-28-18T15:08:18: Special Rows: 880
08-28-18T15:08:18: Special Rows: 890
08-28-18T15:08:18: Special Rows: 900
08-28-18T15:08:19: Special Rows: 910
08-28-18T15:08:19: Special Rows: 920
08-28-18T15:08:19: Special Rows: 930
08-28-18T15:08:19: Special Rows: 940
08-28-18T15:08:19: Special Rows: 950
08-28-18T15:08:19: Special Rows: 960
08-28-18T15:08:20: Special Rows: 970
08-28-18T15:08:20: Special Rows: 980
08-28-18T15:08:20: Special Rows: 990
08-28-18T15:08:20: Special Rows: 1000
08-28-18T15:08:20: Special Rows: 1010
08-28-18T15:08:20: Special Rows: 1020
08-28-18T15:08:20: Special Rows: 1030
08-28-18T15:08:21: Special Rows: 1040
08-28-18T15:08:21: Special Rows: 1050
08-28-18T15:08:21: Special Rows: 1060
08-28-18T15:08:21: Special Rows: 1070
08-28-18T15:08:21: Special Rows: 1080
08-28-18T15:08:22: Special Rows: 1090
08-28-18T15:08:22: Special Rows: 1100
08-28-18T15:08:22: Special Rows: 1110
08-28-18T15:08:22: Special Rows: 1120
08-28-18T15:08:22: Special Rows: 1130
08-28-18T15:08:22: Special Rows: 1140
08-28-18T15:08:23: Special Rows: 1150
08-28-18T15:08:23: Special Rows: 1160
08-28-18T15:08:23: Special Rows: 1170
08-28-18T15:08:23: Special Rows: 1180
08-28-18T15:08:23: Special Rows: 1190
08-28-18T15:08:24: Special Rows: 1200
08-28-18T15:08:24: Special Rows: 1210
08-28-18T15:08:24: Special Rows: 1220
08-28-18T15:08:24: Special Rows: 1230
08-28-18T15:08:25: Special Rows: 1240
08-28-18T15:08:25: Special Rows: 1250
08-28-18T15:08:25: Special Rows: 1260
08-28-18T15:08:25: Special Rows: 1270
08-28-18T15:08:25: Special Rows: 1280
08-28-18T15:08:25: Special Rows: 1290
08-28-18T15:08:26: Special Rows: 1300
08-28-18T15:08:26: Special Rows: 1310
08-28-18T15:08:26: Special Rows: 1320
08-28-18T15:08:26: Special Rows: 1330
08-28-18T15:08:26: Special Rows: 1340
08-28-18T15:08:26: Special Rows: 1350
08-28-18T15:08:26: Special Rows: 1360
08-28-18T15:08:27: Special Rows: 1370
08-28-18T15:08:27: Special Rows: 1380
08-28-18T15:08:27: Special Rows: 1390
08-28-18T15:08:27: Special Rows: 1400
08-28-18T15:08:27: Special Rows: 1410
08-28-18T15:08:27: Special Rows: 1420
08-28-18T15:08:28: Special Rows: 1430
08-28-18T15:08:28: Special Rows: 1440
08-28-18T15:08:28: Special Rows: 1450
08-28-18T15:08:28: Special Rows: 1460
08-28-18T15:08:28: Special Rows: 1470
08-28-18T15:08:28: Special Rows: 1480
08-28-18T15:08:28: Special Rows: 1490
08-28-18T15:08:29: Special Rows: 1500
08-28-18T15:08:29: Special Rows: 1510
08-28-18T15:08:29: Special Rows: 1520
08-28-18T15:08:29: Special Rows: 1530
08-28-18T15:08:29: Special Rows: 1540
08-28-18T15:08:29: Special Rows: 1550
08-28-18T15:08:29: Special Rows: 1560
08-28-18T15:08:30: Special Rows: 1570
08-28-18T15:08:30: Special Rows: 1580
08-28-18T15:08:30: Special Rows: 1590
08-28-18T15:08:30: Special Rows: 1600
08-28-18T15:08:30: Special Rows: 1610
08-28-18T15:08:31: Special Rows: 1620
08-28-18T15:08:31: Special Rows: 1630
08-28-18T15:08:31: Special Rows: 1640
08-28-18T15:08:31: Special Rows: 1650
08-28-18T15:08:32: Special Rows: 1660
08-28-18T15:08:32: Special Rows: 1670
08-28-18T15:08:32: Special Rows: 1680
08-28-18T15:08:32: Special Rows: 1690
08-28-18T15:08:32: Special Rows: 1700
08-28-18T15:08:32: Special Rows: 1710
08-28-18T15:08:32: Special Rows: 1720
08-28-18T15:08:33: Special Rows: 1730
08-28-18T15:08:33: Special Rows: 1740
08-28-18T15:08:33: Special Rows: 1750
08-28-18T15:08:33: Special Rows: 1760
08-28-18T15:08:33: Special Rows: 1770
08-28-18T15:08:33: Special Rows: 1780
08-28-18T15:08:33: Special Rows: 1790
08-28-18T15:08:34: Special Rows: 1800
08-28-18T15:08:34: Special Rows: 1810
08-28-18T15:08:34: Special Rows: 1820
08-28-18T15:08:34: Special Rows: 1830
08-28-18T15:08:34: Special Rows: 1840
08-28-18T15:08:34: Special Rows: 1850
08-28-18T15:08:34: Special Rows: 1860
08-28-18T15:08:35: Special Rows: 1870
08-28-18T15:08:35: Special Rows: 1880
08-28-18T15:08:35: Special Rows: 1890
08-28-18T15:08:35: Special Rows: 1900
08-28-18T15:08:35: Special Rows: 1910
08-28-18T15:08:35: Special Rows: 1920
08-28-18T15:08:35: Special Rows: 1930
08-28-18T15:08:36: Special Rows: 1940
08-28-18T15:08:36: Special Rows: 1950
08-28-18T15:08:36: Special Rows: 1960
08-28-18T15:08:36: Special Rows: 1970
08-28-18T15:08:36: Special Rows: 1980
08-28-18T15:08:36: Special Rows: 1990
08-28-18T15:08:37: Special Rows: 2000
08-28-18T15:08:37: Special Rows: 2010
08-28-18T15:08:37: Special Rows: 2020
08-28-18T15:08:37: Special Rows: 2030
08-28-18T15:08:37: Special Rows: 2040
08-28-18T15:08:37: Special Rows: 2050
08-28-18T15:08:37: Special Rows: 2060
08-28-18T15:08:37: Special Rows: 2070
08-28-18T15:08:38: Special Rows: 2080
08-28-18T15:08:38: Special Rows: 2090
08-28-18T15:08:38: Special Rows: 2100
08-28-18T15:08:38: Special Rows: 2110
08-28-18T15:08:38: Special Rows: 2120
08-28-18T15:08:38: Special Rows: 2130
08-28-18T15:08:38: Special Rows: 2140
08-28-18T15:08:39: Special Rows: 2150
08-28-18T15:08:39: Special Rows: 2160
08-28-18T15:08:39: Special Rows: 2170
08-28-18T15:08:39: Special Rows: 2180
08-28-18T15:08:39: Special Rows: 2190
08-28-18T15:08:39: Special Rows: 2200
08-28-18T15:08:40: Special Rows: 2210
08-28-18T15:08:40: Special Rows: 2220
08-28-18T15:08:40: Special Rows: 2230
08-28-18T15:08:40: Special Rows: 2240
08-28-18T15:08:40: Special Rows: 2250
08-28-18T15:08:40: Special Rows: 2260
08-28-18T15:08:41: Special Rows: 2270
08-28-18T15:08:41: Special Rows: 2280
08-28-18T15:08:41: Special Rows: 2290
08-28-18T15:08:41: Special Rows: 2300
08-28-18T15:08:41: Special Rows: 2310
08-28-18T15:08:41: Special Rows: 2320
08-28-18T15:08:41: Special Rows: 2330
08-28-18T15:08:42: Special Rows: 2340
08-28-18T15:08:42: Special Rows: 2350
08-28-18T15:08:42: Special Rows: 2360
08-28-18T15:08:42: Special Rows: 2370
08-28-18T15:08:42: Special Rows: 2380
08-28-18T15:08:42: Special Rows: 2390
08-28-18T15:08:42: Special Rows: 2400
08-28-18T15:08:43: Special Rows: 2410
08-28-18T15:08:43: Special Rows: 2420
08-28-18T15:08:43: Special Rows: 2430
08-28-18T15:08:43: Special Rows: 2440
08-28-18T15:08:43: Special Rows: 2450
08-28-18T15:08:43: Special Rows: 2460
08-28-18T15:08:43: Special Rows: 2470
08-28-18T15:08:44: Special Rows: 2480
08-28-18T15:08:44: Special Rows: 2490
08-28-18T15:08:44: Special Rows: 2500
08-28-18T15:08:44: Special Rows: 2510
08-28-18T15:08:44: Special Rows: 2520
08-28-18T15:08:44: Special Rows: 2530
08-28-18T15:08:44: Special Rows: 2540
08-28-18T15:08:45: Special Rows: 2550
08-28-18T15:08:45: Special Rows: 2560
08-28-18T15:08:45: Special Rows: 2570
08-28-18T15:08:45: Special Rows: 2580
08-28-18T15:08:45: Special Rows: 2590
08-28-18T15:08:45: Special Rows: 2600
08-28-18T15:08:45: Special Rows: 2610
08-28-18T15:08:46: Special Rows: 2620
08-28-18T15:08:46: Special Rows: 2630
08-28-18T15:08:46: Special Rows: 2640
08-28-18T15:08:46: Special Rows: 2650
08-28-18T15:08:46: Special Rows: 2660
08-28-18T15:08:46: Special Rows: 2670
08-28-18T15:08:46: Special Rows: 2680
08-28-18T15:08:47: Special Rows: 2690
08-28-18T15:08:47: Special Rows: 2700
08-28-18T15:08:47: Special Rows: 2710
08-28-18T15:08:47: Special Rows: 2720
08-28-18T15:08:47: Special Rows: 2730
08-28-18T15:08:47: Special Rows: 2740
08-28-18T15:08:47: Special Rows: 2750
08-28-18T15:08:48: Special Rows: 2760
08-28-18T15:08:48: Special Rows: 2770
08-28-18T15:08:48: Special Rows: 2780
08-28-18T15:08:48: Special Rows: 2790
08-28-18T15:08:48: Special Rows: 2800
08-28-18T15:08:48: Special Rows: 2810
08-28-18T15:08:48: Special Rows: 2820
08-28-18T15:08:49: Special Rows: 2830
08-28-18T15:08:49: Special Rows: 2840
08-28-18T15:08:49: Special Rows: 2850
08-28-18T15:08:49: Special Rows: 2860
08-28-18T15:08:49: Special Rows: 2870
08-28-18T15:08:49: Special Rows: 2880
08-28-18T15:08:49: Special Rows: 2890
08-28-18T15:08:50: Special Rows: 2900
08-28-18T15:08:50: Special Rows: 2910
08-28-18T15:08:50: Special Rows: 2920
08-28-18T15:08:50: Special Rows: 2930
08-28-18T15:08:50: Special Rows: 2940
08-28-18T15:08:50: Special Rows: 2950
08-28-18T15:08:50: Special Rows: 2960
08-28-18T15:08:51: Special Rows: 2970
08-28-18T15:08:51: Special Rows: 2980
08-28-18T15:08:51: Special Rows: 2990
08-28-18T15:08:51: Special Rows: 3000
08-28-18T15:08:51: Special Rows: 3010
08-28-18T15:08:51: Special Rows: 3020
08-28-18T15:08:51: Special Rows: 3030
08-28-18T15:08:52: Special Rows: 3040
08-28-18T15:08:52: Special Rows: 3050
08-28-18T15:08:52: Special Rows: 3060
08-28-18T15:08:52: Special Rows: 3070
08-28-18T15:08:52: Special Rows: 3080
08-28-18T15:08:52: Special Rows: 3090
08-28-18T15:08:52: Special Rows: 3100
08-28-18T15:08:53: Special Rows: 3110
08-28-18T15:08:53: Special Rows: 3120
08-28-18T15:08:53: Special Rows: 3130
08-28-18T15:08:53: Special Rows: 3140
08-28-18T15:08:53: Special Rows: 3150
08-28-18T15:08:53: Special Rows: 3160
08-28-18T15:08:53: Special Rows: 3170
08-28-18T15:08:54: Special Rows: 3180
08-28-18T15:08:54: Special Rows: 3190
08-28-18T15:08:54: Special Rows: 3200
08-28-18T15:08:54: Special Rows: 3210
08-28-18T15:08:54: Special Rows: 3220
08-28-18T15:08:54: Special Rows: 3230
08-28-18T15:08:54: Special Rows: 3240
08-28-18T15:08:55: Special Rows: 3250
08-28-18T15:08:55: Special Rows: 3260
08-28-18T15:08:55: Special Rows: 3270
08-28-18T15:08:55: Special Rows: 3280
08-28-18T15:08:55: Special Rows: 3290
08-28-18T15:08:55: Special Rows: 3300
08-28-18T15:08:55: Special Rows: 3310
08-28-18T15:08:56: Special Rows: 3320
08-28-18T15:08:56: Special Rows: 3330
08-28-18T15:08:56: Special Rows: 3340
08-28-18T15:08:56: Special Rows: 3350
08-28-18T15:08:56: Special Rows: 3360
08-28-18T15:08:56: Special Rows: 3370
08-28-18T15:08:56: Special Rows: 3380
08-28-18T15:08:57: Special Rows: 3390
08-28-18T15:08:57: Special Rows: 3400
08-28-18T15:08:57: Special Rows: 3410
08-28-18T15:08:57: Special Rows: 3420
08-28-18T15:08:57: Special Rows: 3430
08-28-18T15:08:57: Special Rows: 3440
08-28-18T15:08:57: Special Rows: 3450
08-28-18T15:08:58: Special Rows: 3460
08-28-18T15:08:58: Special Rows: 3470
08-28-18T15:08:58: Special Rows: 3480
08-28-18T15:08:58: Special Rows: 3490
08-28-18T15:08:58: Special Rows: 3500
08-28-18T15:08:58: Special Rows: 3510
08-28-18T15:08:58: Special Rows: 3520
08-28-18T15:08:58: Special Rows: 3530
08-28-18T15:08:59: Special Rows: 3540
08-28-18T15:08:59: Special Rows: 3550
08-28-18T15:08:59: Special Rows: 3560
08-28-18T15:08:59: Special Rows: 3570
08-28-18T15:08:59: Special Rows: 3580
08-28-18T15:08:59: Special Rows: 3590
08-28-18T15:09:00: Special Rows: 3600
08-28-18T15:09:00: Special Rows: 3610
08-28-18T15:09:00: Special Rows: 3620
08-28-18T15:09:00: Special Rows: 3630
08-28-18T15:09:00: Special Rows: 3640
08-28-18T15:09:00: Special Rows: 3650
08-28-18T15:09:00: Special Rows: 3660
08-28-18T15:09:01: Special Rows: 3670
08-28-18T15:09:01: Special Rows: 3680
08-28-18T15:09:01: Special Rows: 3690
08-28-18T15:09:01: Special Rows: 3700
08-28-18T15:09:01: Special Rows: 3710
08-28-18T15:09:01: Special Rows: 3720
08-28-18T15:09:01: Special Rows: 3730
08-28-18T15:09:02: Special Rows: 3740
08-28-18T15:09:02: Special Rows: 3750
08-28-18T15:09:02: Special Rows: 3760
08-28-18T15:09:02: Special Rows: 3770
08-28-18T15:09:02: Special Rows: 3780
08-28-18T15:09:02: Special Rows: 3790
08-28-18T15:09:02: Special Rows: 3800
08-28-18T15:09:03: Special Rows: 3810
08-28-18T15:09:03: Special Rows: 3820
08-28-18T15:09:03: Special Rows: 3830
08-28-18T15:09:03: Special Rows: 3840
08-28-18T15:09:03: Special Rows: 3850
08-28-18T15:09:03: Special Rows: 3860
08-28-18T15:09:03: Special Rows: 3870
08-28-18T15:09:04: Special Rows: 3880
08-28-18T15:09:04: Special Rows: 3890
08-28-18T15:09:04: Special Rows: 3900
08-28-18T15:09:04: Special Rows: 3910
08-28-18T15:09:04: Special Rows: 3920
08-28-18T15:09:04: Special Rows: 3930
08-28-18T15:09:04: Special Rows: 3940
08-28-18T15:09:05: Special Rows: 3950
08-28-18T15:09:05: Special Rows: 3960
08-28-18T15:09:05: Special Rows: 3970
08-28-18T15:09:05: Special Rows: 3980
08-28-18T15:09:05: Special Rows: 3990
08-28-18T15:09:05: Special Rows: 4000
08-28-18T15:09:05: Special Rows: 4010
08-28-18T15:09:06: Special Rows: 4020
08-28-18T15:09:06: Special Rows: 4030
08-28-18T15:09:06: Special Rows: 4040
08-28-18T15:09:06: Special Rows: 4050
08-28-18T15:09:06: Special Rows: 4060
08-28-18T15:09:06: Special Rows: 4070
08-28-18T15:09:06: Special Rows: 4080
08-28-18T15:09:07: Special Rows: 4090
08-28-18T15:09:07: Special Rows: 4100
08-28-18T15:09:07: Special Rows: 4110
08-28-18T15:09:07: Special Rows: 4120
08-28-18T15:09:07: Special Rows: 4130
08-28-18T15:09:07: Special Rows: 4140
08-28-18T15:09:07: Special Rows: 4150
08-28-18T15:09:08: Special Rows: 4160
08-28-18T15:09:08: Special Rows: 4170
08-28-18T15:09:08: Special Rows: 4180
08-28-18T15:09:08: Special Rows: 4190
08-28-18T15:09:08: Special Rows: 4200
08-28-18T15:09:08: Special Rows: 4210
08-28-18T15:09:08: Special Rows: 4220
08-28-18T15:09:09: Special Rows: 4230
08-28-18T15:09:09: Special Rows: 4240
08-28-18T15:09:09: Special Rows: 4250
08-28-18T15:09:09: Special Rows: 4260
08-28-18T15:09:09: Special Rows: 4270
08-28-18T15:09:09: Special Rows: 4280
08-28-18T15:09:09: Special Rows: 4290
08-28-18T15:09:10: Special Rows: 4300
08-28-18T15:09:10: Special Rows: 4310
08-28-18T15:09:10: Special Rows: 4320
08-28-18T15:09:10: Special Rows: 4330
08-28-18T15:09:10: Special Rows: 4340
08-28-18T15:09:10: Special Rows: 4350
08-28-18T15:09:10: Special Rows: 4360
08-28-18T15:09:10: Special Rows: 4370
08-28-18T15:09:11: Special Rows: 4380
08-28-18T15:09:11: Special Rows: 4390
08-28-18T15:09:11: Special Rows: 4400
08-28-18T15:09:11: Special Rows: 4410
08-28-18T15:09:11: Special Rows: 4420
08-28-18T15:09:11: Special Rows: 4430
08-28-18T15:09:12: Special Rows: 4440
08-28-18T15:09:12: Special Rows: 4450
08-28-18T15:09:12: Special Rows: 4460
08-28-18T15:09:12: Special Rows: 4470
08-28-18T15:09:12: Special Rows: 4480
08-28-18T15:09:12: Special Rows: 4490
08-28-18T15:09:12: Special Rows: 4500
08-28-18T15:09:12: Special Rows: 4510
08-28-18T15:09:13: Special Rows: 4520
08-28-18T15:09:13: Special Rows: 4530
08-28-18T15:09:13: Special Rows: 4540
08-28-18T15:09:13: Special Rows: 4550
08-28-18T15:09:13: Special Rows: 4560
08-28-18T15:09:13: Special Rows: 4570
08-28-18T15:09:13: Special Rows: 4580
08-28-18T15:09:14: Special Rows: 4590
08-28-18T15:09:14: Special Rows: 4600
08-28-18T15:09:14: Special Rows: 4610
08-28-18T15:09:14: Special Rows: 4620
08-28-18T15:09:14: Special Rows: 4630
08-28-18T15:09:14: Special Rows: 4640
08-28-18T15:09:14: Special Rows: 4650
08-28-18T15:09:15: Special Rows: 4660
08-28-18T15:09:15: Special Rows: 4670
08-28-18T15:09:15: Special Rows: 4680
08-28-18T15:09:15: Special Rows: 4690
08-28-18T15:09:15: Special Rows: 4700
08-28-18T15:09:15: Special Rows: 4710
08-28-18T15:09:15: Special Rows: 4720
08-28-18T15:09:16: Special Rows: 4730
08-28-18T15:09:16: Special Rows: 4740
08-28-18T15:09:16: Special Rows: 4750
08-28-18T15:09:16: Special Rows: 4760
08-28-18T15:09:16: Special Rows: 4770
08-28-18T15:09:16: Special Rows: 4780
08-28-18T15:09:16: Special Rows: 4790
08-28-18T15:09:17: Special Rows: 4800
08-28-18T15:09:17: Special Rows: 4810
08-28-18T15:09:17: Special Rows: 4820
08-28-18T15:09:17: Special Rows: 4830
08-28-18T15:09:17: Special Rows: 4840
08-28-18T15:09:17: Special Rows: 4850
08-28-18T15:09:17: Special Rows: 4860
08-28-18T15:09:18: Special Rows: 4870
08-28-18T15:09:18: Special Rows: 4880
08-28-18T15:09:18: Special Rows: 4890
08-28-18T15:09:18: Special Rows: 4900
08-28-18T15:09:18: Special Rows: 4910
08-28-18T15:09:18: Special Rows: 4920
08-28-18T15:09:18: Special Rows: 4930
08-28-18T15:09:19: Special Rows: 4940
08-28-18T15:09:19: Special Rows: 4950
08-28-18T15:09:19: Special Rows: 4960
08-28-18T15:09:19: Special Rows: 4970
08-28-18T15:09:19: Special Rows: 4980
08-28-18T15:09:19: Special Rows: 4990
08-28-18T15:09:20: Special Rows: 5000
08-28-18T15:09:20: Special Rows: 5010
08-28-18T15:09:20: Special Rows: 5020
08-28-18T15:09:20: Special Rows: 5030
08-28-18T15:09:20: Special Rows: 5040
08-28-18T15:09:21: Special Rows: 5050
08-28-18T15:09:21: Special Rows: 5060
08-28-18T15:09:21: Special Rows: 5070
08-28-18T15:09:21: Special Rows: 5080
08-28-18T15:09:21: Special Rows: 5090
08-28-18T15:09:21: Special Rows: 5100
08-28-18T15:09:22: Special Rows: 5110
08-28-18T15:09:22: Special Rows: 5120
08-28-18T15:09:22: Special Rows: 5130
08-28-18T15:09:22: Special Rows: 5140
08-28-18T15:09:22: Special Rows: 5150
08-28-18T15:09:22: Special Rows: 5160
08-28-18T15:09:22: Special Rows: 5170
08-28-18T15:09:23: Special Rows: 5180
08-28-18T15:09:23: Special Rows: 5190
08-28-18T15:09:23: Special Rows: 5200
08-28-18T15:09:23: Special Rows: 5210
08-28-18T15:09:23: Special Rows: 5220
08-28-18T15:09:23: Special Rows: 5230
08-28-18T15:09:23: Special Rows: 5240
08-28-18T15:09:24: Special Rows: 5250
08-28-18T15:09:24: Special Rows: 5260
08-28-18T15:09:24: Special Rows: 5270
08-28-18T15:09:24: Special Rows: 5280
08-28-18T15:09:24: Special Rows: 5290
08-28-18T15:09:24: Special Rows: 5300
08-28-18T15:09:24: Special Rows: 5310
08-28-18T15:09:25: Special Rows: 5320
08-28-18T15:09:25: Special Rows: 5330
08-28-18T15:09:25: Special Rows: 5340
08-28-18T15:09:25: Special Rows: 5350
08-28-18T15:09:25: Special Rows: 5360
08-28-18T15:09:25: Special Rows: 5370
08-28-18T15:09:25: Special Rows: 5380
08-28-18T15:09:26: Special Rows: 5390
08-28-18T15:09:26: Special Rows: 5400
08-28-18T15:09:26: Special Rows: 5410
08-28-18T15:09:26: Special Rows: 5420
08-28-18T15:09:26: Special Rows: 5430
08-28-18T15:09:26: Special Rows: 5440
08-28-18T15:09:26: Special Rows: 5450
08-28-18T15:09:27: Special Rows: 5460
08-28-18T15:09:27: Special Rows: 5470
08-28-18T15:09:27: Special Rows: 5480
08-28-18T15:09:27: Special Rows: 5490
08-28-18T15:09:27: Special Rows: 5500
08-28-18T15:09:27: Special Rows: 5510
08-28-18T15:09:27: Special Rows: 5520
08-28-18T15:09:28: Special Rows: 5530
08-28-18T15:09:28: Special Rows: 5540
08-28-18T15:09:28: Special Rows: 5550
08-28-18T15:09:28: Special Rows: 5560
08-28-18T15:09:28: Special Rows: 5570
08-28-18T15:09:28: Special Rows: 5580
08-28-18T15:09:28: Special Rows: 5590
08-28-18T15:09:29: Special Rows: 5600
08-28-18T15:09:29: Special Rows: 5610
08-28-18T15:09:29: Special Rows: 5620
08-28-18T15:09:29: Special Rows: 5630
08-28-18T15:09:29: Special Rows: 5640
08-28-18T15:09:29: Special Rows: 5650
08-28-18T15:09:29: Special Rows: 5660
08-28-18T15:09:30: Special Rows: 5670
08-28-18T15:09:30: Special Rows: 5680
08-28-18T15:09:30: Special Rows: 5690
08-28-18T15:09:30: Special Rows: 5700
08-28-18T15:09:30: Special Rows: 5710
08-28-18T15:09:30: Special Rows: 5720
08-28-18T15:09:30: Special Rows: 5730
08-28-18T15:09:31: Special Rows: 5740
08-28-18T15:09:31: Special Rows: 5750
08-28-18T15:09:31: Special Rows: 5760
08-28-18T15:09:31: Special Rows: 5770
08-28-18T15:09:31: Special Rows: 5780
08-28-18T15:09:31: Special Rows: 5790
08-28-18T15:09:31: Special Rows: 5800
08-28-18T15:09:32: Special Rows: 5810
08-28-18T15:09:32: Special Rows: 5820
08-28-18T15:09:32: Special Rows: 5830
08-28-18T15:09:32: Special Rows: 5840
08-28-18T15:09:32: Special Rows: 5850
08-28-18T15:09:32: Special Rows: 5860
08-28-18T15:09:32: Special Rows: 5870
08-28-18T15:09:33: Special Rows: 5880
08-28-18T15:09:33: Special Rows: 5890
08-28-18T15:09:33: Special Rows: 5900
08-28-18T15:09:33: Special Rows: 5910
08-28-18T15:09:33: Special Rows: 5920
08-28-18T15:09:33: Special Rows: 5930
08-28-18T15:09:33: Special Rows: 5940
08-28-18T15:09:34: Special Rows: 5950
08-28-18T15:09:34: Special Rows: 5960
08-28-18T15:09:34: Special Rows: 5970
08-28-18T15:09:34: Special Rows: 5980
08-28-18T15:09:34: Special Rows: 5990
08-28-18T15:09:34: Special Rows: 6000
08-28-18T15:09:34: Special Rows: 6010
08-28-18T15:09:35: Special Rows: 6020
08-28-18T15:09:35: Special Rows: 6030
08-28-18T15:09:35: Special Rows: 6040
08-28-18T15:09:35: Special Rows: 6050
08-28-18T15:09:35: Special Rows: 6060
08-28-18T15:09:35: Special Rows: 6070
08-28-18T15:09:35: Special Rows: 6080
08-28-18T15:09:36: Special Rows: 6090
08-28-18T15:09:36: Special Rows: 6100
08-28-18T15:09:36: Special Rows: 6110
08-28-18T15:09:36: Special Rows: 6120
08-28-18T15:09:36: Special Rows: 6130
08-28-18T15:09:36: Special Rows: 6140
08-28-18T15:09:36: Special Rows: 6150
08-28-18T15:09:37: Special Rows: 6160
08-28-18T15:09:37: Special Rows: 6170
08-28-18T15:09:37: Special Rows: 6180
08-28-18T15:09:37: Special Rows: 6190
08-28-18T15:09:37: Special Rows: 6200
08-28-18T15:09:37: Special Rows: 6210
08-28-18T15:09:37: Special Rows: 6220
08-28-18T15:09:38: Special Rows: 6230
08-28-18T15:09:38: Special Rows: 6240
08-28-18T15:09:38: Special Rows: 6250
08-28-18T15:09:38: Special Rows: 6260
08-28-18T15:09:38: Special Rows: 6270
08-28-18T15:09:38: Special Rows: 6280
08-28-18T15:09:38: Special Rows: 6290
08-28-18T15:09:39: Special Rows: 6300
08-28-18T15:09:39: Special Rows: 6310
08-28-18T15:09:39: Special Rows: 6320
08-28-18T15:09:39: Special Rows: 6330
08-28-18T15:09:39: Special Rows: 6340
08-28-18T15:09:39: Special Rows: 6350
08-28-18T15:09:39: Special Rows: 6360
08-28-18T15:09:40: Special Rows: 6370
08-28-18T15:09:40: Special Rows: 6380
08-28-18T15:09:40: Special Rows: 6390
08-28-18T15:09:40: Special Rows: 6400
08-28-18T15:09:40: Special Rows: 6410
08-28-18T15:09:40: Special Rows: 6420
08-28-18T15:09:40: Special Rows: 6430
08-28-18T15:09:41: Special Rows: 6440
08-28-18T15:09:41: Special Rows: 6450
08-28-18T15:09:41: Special Rows: 6460
08-28-18T15:09:41: Special Rows: 6470
08-28-18T15:09:41: Special Rows: 6480
08-28-18T15:09:41: Special Rows: 6490
08-28-18T15:09:41: Special Rows: 6500
08-28-18T15:09:42: Special Rows: 6510
08-28-18T15:09:42: Special Rows: 6520
08-28-18T15:09:42: Special Rows: 6530
08-28-18T15:09:42: Special Rows: 6540
08-28-18T15:09:42: Special Rows: 6550
08-28-18T15:09:42: Special Rows: 6560
08-28-18T15:09:43: Special Rows: 6570
08-28-18T15:09:43: Special Rows: 6580
08-28-18T15:09:43: Special Rows: 6590
08-28-18T15:09:43: Special Rows: 6600
08-28-18T15:09:43: Special Rows: 6610
08-28-18T15:09:43: Special Rows: 6620
08-28-18T15:09:44: Special Rows: 6630
08-28-18T15:09:44: Special Rows: 6640
08-28-18T15:09:44: Special Rows: 6650
08-28-18T15:09:44: Special Rows: 6660
08-28-18T15:09:44: Special Rows: 6670
08-28-18T15:09:44: Special Rows: 6680
08-28-18T15:09:44: Special Rows: 6690
08-28-18T15:09:45: Special Rows: 6700
08-28-18T15:09:45: Special Rows: 6710
08-28-18T15:09:45: Special Rows: 6720
08-28-18T15:09:45: Special Rows: 6730
08-28-18T15:09:45: Special Rows: 6740
08-28-18T15:09:45: Special Rows: 6750
08-28-18T15:09:45: Special Rows: 6760
08-28-18T15:09:46: Special Rows: 6770
08-28-18T15:09:46: Special Rows: 6780
08-28-18T15:09:46: Special Rows: 6790
08-28-18T15:09:46: Special Rows: 6800
08-28-18T15:09:46: Total Specials: 6799
08-28-18T15:09:46: File created in working xls folder: test.csv.xlsx
08-28-18T15:09:46: ...
08-28-18T15:09:46: End Log
