08-24-18T17:28:41: Start Log
08-24-18T17:28:41: Found Input File: C:\Users\chuck\Documents\ROC\Data Extraction and Loading\Import Files\Special\FinalCSV\Special Import Template.csv
08-24-18T17:28:41: Special Rows: 10
08-24-18T17:28:41: Special Rows: 20
08-24-18T17:28:41: Special Rows: 30
08-24-18T17:28:41: Special Rows: 40
08-24-18T17:28:41: Special Rows: 50
08-24-18T17:28:41: Special Rows: 60
08-24-18T17:28:42: Special Rows: 70
08-24-18T17:28:42: Special Rows: 80
08-24-18T17:28:42: Special Rows: 90
08-24-18T17:28:42: Special Rows: 100
08-24-18T17:28:42: Special Rows: 110
08-24-18T17:28:42: Special Rows: 120
08-24-18T17:28:42: Special Rows: 130
08-24-18T17:28:42: Special Rows: 140
08-24-18T17:28:42: Special Rows: 150
08-24-18T17:28:42: Special Rows: 160
08-24-18T17:28:42: Special Rows: 170
08-24-18T17:28:42: Special Rows: 180
08-24-18T17:28:42: Special Rows: 190
08-24-18T17:28:42: Special Rows: 200
08-24-18T17:28:42: Special Rows: 210
08-24-18T17:28:42: Special Rows: 220
08-24-18T17:28:42: Special Rows: 230
08-24-18T17:28:42: Special Rows: 240
08-24-18T17:28:42: Special Rows: 250
08-24-18T17:28:42: Special Rows: 260
08-24-18T17:28:42: Special Rows: 270
08-24-18T17:28:42: Special Rows: 280
08-24-18T17:28:42: Special Rows: 290
08-24-18T17:28:42: Special Rows: 300
08-24-18T17:28:42: Special Rows: 310
08-24-18T17:28:42: Special Rows: 320
08-24-18T17:28:42: Special Rows: 330
08-24-18T17:28:42: Special Rows: 340
08-24-18T17:28:42: Special Rows: 350
08-24-18T17:28:42: Special Rows: 360
08-24-18T17:28:42: Special Rows: 370
08-24-18T17:28:42: Special Rows: 380
08-24-18T17:28:42: Special Rows: 390
08-24-18T17:28:42: Special Rows: 400
08-24-18T17:28:42: Special Rows: 410
08-24-18T17:28:42: Special Rows: 420
08-24-18T17:28:42: Special Rows: 430
08-24-18T17:28:42: Special Rows: 440
08-24-18T17:28:42: Special Rows: 450
08-24-18T17:28:42: Special Rows: 460
08-24-18T17:28:42: Special Rows: 470
08-24-18T17:28:42: Special Rows: 480
08-24-18T17:28:42: Special Rows: 490
08-24-18T17:28:42: Special Rows: 500
08-24-18T17:28:42: Special Rows: 510
08-24-18T17:28:42: Special Rows: 520
08-24-18T17:28:42: Special Rows: 530
08-24-18T17:28:42: Special Rows: 540
08-24-18T17:28:42: Special Rows: 550
08-24-18T17:28:42: Special Rows: 560
08-24-18T17:28:42: Special Rows: 570
08-24-18T17:28:42: Special Rows: 580
08-24-18T17:28:42: Special Rows: 590
08-24-18T17:28:42: Special Rows: 600
08-24-18T17:28:42: Special Rows: 610
08-24-18T17:28:42: Special Rows: 620
08-24-18T17:28:42: Special Rows: 630
08-24-18T17:28:42: Special Rows: 640
08-24-18T17:28:42: Special Rows: 650
08-24-18T17:28:42: Special Rows: 660
08-24-18T17:28:42: Special Rows: 670
08-24-18T17:28:42: Special Rows: 680
08-24-18T17:28:42: Special Rows: 690
08-24-18T17:28:42: Special Rows: 700
08-24-18T17:28:42: Special Rows: 710
08-24-18T17:28:42: Special Rows: 720
08-24-18T17:28:42: Special Rows: 730
08-24-18T17:28:42: Special Rows: 740
08-24-18T17:28:42: Special Rows: 750
08-24-18T17:28:42: Special Rows: 760
08-24-18T17:28:42: Special Rows: 770
08-24-18T17:28:42: Special Rows: 780
08-24-18T17:28:42: Special Rows: 790
08-24-18T17:28:42: Special Rows: 800
08-24-18T17:28:43: Special Rows: 810
08-24-18T17:28:43: Special Rows: 820
08-24-18T17:28:43: Special Rows: 830
08-24-18T17:28:43: Special Rows: 840
08-24-18T17:28:43: Special Rows: 850
08-24-18T17:28:43: Special Rows: 860
08-24-18T17:28:43: Special Rows: 870
08-24-18T17:28:43: Special Rows: 880
08-24-18T17:28:43: Special Rows: 890
08-24-18T17:28:43: Special Rows: 900
08-24-18T17:28:43: Special Rows: 910
08-24-18T17:28:43: Special Rows: 920
08-24-18T17:28:43: Special Rows: 930
08-24-18T17:28:43: Special Rows: 940
08-24-18T17:28:43: Special Rows: 950
08-24-18T17:28:43: Special Rows: 960
08-24-18T17:28:43: Special Rows: 970
08-24-18T17:28:43: Special Rows: 980
08-24-18T17:28:43: Special Rows: 990
08-24-18T17:28:43: Special Rows: 1000
08-24-18T17:28:43: Special Rows: 1010
08-24-18T17:28:43: Special Rows: 1020
08-24-18T17:28:43: Special Rows: 1030
08-24-18T17:28:43: Special Rows: 1040
08-24-18T17:28:43: Special Rows: 1050
08-24-18T17:28:43: Special Rows: 1060
08-24-18T17:28:43: Special Rows: 1070
08-24-18T17:28:43: Special Rows: 1080
08-24-18T17:28:43: Special Rows: 1090
08-24-18T17:28:43: Special Rows: 1100
08-24-18T17:28:43: Special Rows: 1110
08-24-18T17:28:43: Special Rows: 1120
08-24-18T17:28:43: Special Rows: 1130
08-24-18T17:28:43: Special Rows: 1140
08-24-18T17:28:43: Special Rows: 1150
08-24-18T17:28:43: Special Rows: 1160
08-24-18T17:28:43: Special Rows: 1170
08-24-18T17:28:43: Special Rows: 1180
08-24-18T17:28:43: Special Rows: 1190
08-24-18T17:28:43: Special Rows: 1200
08-24-18T17:28:43: Special Rows: 1210
08-24-18T17:28:43: Special Rows: 1220
08-24-18T17:28:43: Special Rows: 1230
08-24-18T17:28:43: Special Rows: 1240
08-24-18T17:28:43: Special Rows: 1250
08-24-18T17:28:43: Special Rows: 1260
08-24-18T17:28:43: Special Rows: 1270
08-24-18T17:28:43: Special Rows: 1280
08-24-18T17:28:43: Special Rows: 1290
08-24-18T17:28:43: Special Rows: 1300
08-24-18T17:28:43: Special Rows: 1310
08-24-18T17:28:43: Special Rows: 1320
08-24-18T17:28:43: Special Rows: 1330
08-24-18T17:28:43: Special Rows: 1340
08-24-18T17:28:43: Special Rows: 1350
08-24-18T17:28:43: Special Rows: 1360
08-24-18T17:28:43: Special Rows: 1370
08-24-18T17:28:43: Special Rows: 1380
08-24-18T17:28:43: Special Rows: 1390
08-24-18T17:28:43: Special Rows: 1400
08-24-18T17:28:43: Special Rows: 1410
08-24-18T17:28:43: Special Rows: 1420
08-24-18T17:28:43: Special Rows: 1430
08-24-18T17:28:43: Special Rows: 1440
08-24-18T17:28:43: Special Rows: 1450
08-24-18T17:28:43: Special Rows: 1460
08-24-18T17:28:43: Special Rows: 1470
08-24-18T17:28:43: Special Rows: 1480
08-24-18T17:28:43: Special Rows: 1490
08-24-18T17:28:43: Special Rows: 1500
08-24-18T17:28:43: Special Rows: 1510
08-24-18T17:28:43: Special Rows: 1520
08-24-18T17:28:43: Special Rows: 1530
08-24-18T17:28:43: Special Rows: 1540
08-24-18T17:28:43: Special Rows: 1550
08-24-18T17:28:43: Special Rows: 1560
08-24-18T17:28:43: Special Rows: 1570
08-24-18T17:28:43: Special Rows: 1580
08-24-18T17:28:43: Special Rows: 1590
08-24-18T17:28:43: Special Rows: 1600
08-24-18T17:28:43: Special Rows: 1610
08-24-18T17:28:43: Special Rows: 1620
08-24-18T17:28:43: Special Rows: 1630
08-24-18T17:28:43: Special Rows: 1640
08-24-18T17:28:43: Special Rows: 1650
08-24-18T17:28:43: Special Rows: 1660
08-24-18T17:28:43: Special Rows: 1670
08-24-18T17:28:43: Special Rows: 1680
08-24-18T17:28:43: Special Rows: 1690
08-24-18T17:28:43: Special Rows: 1700
08-24-18T17:28:43: Special Rows: 1710
08-24-18T17:28:43: Special Rows: 1720
08-24-18T17:28:43: Special Rows: 1730
08-24-18T17:28:43: Special Rows: 1740
08-24-18T17:28:43: Special Rows: 1750
08-24-18T17:28:43: Special Rows: 1760
08-24-18T17:28:43: Special Rows: 1770
08-24-18T17:28:43: Special Rows: 1780
08-24-18T17:28:43: Special Rows: 1790
08-24-18T17:28:43: Special Rows: 1800
08-24-18T17:28:44: Special Rows: 1810
08-24-18T17:28:44: Special Rows: 1820
08-24-18T17:28:44: Special Rows: 1830
08-24-18T17:28:44: Special Rows: 1840
08-24-18T17:28:44: Special Rows: 1850
08-24-18T17:28:44: Special Rows: 1860
08-24-18T17:28:44: Special Rows: 1870
08-24-18T17:28:44: Special Rows: 1880
08-24-18T17:28:44: Special Rows: 1890
08-24-18T17:28:44: Special Rows: 1900
08-24-18T17:28:44: Special Rows: 1910
08-24-18T17:28:44: Special Rows: 1920
08-24-18T17:28:44: Special Rows: 1930
08-24-18T17:28:44: Special Rows: 1940
08-24-18T17:28:44: Special Rows: 1950
08-24-18T17:28:44: Special Rows: 1960
08-24-18T17:28:44: Special Rows: 1970
08-24-18T17:28:44: Special Rows: 1980
08-24-18T17:28:44: Special Rows: 1990
08-24-18T17:28:44: Special Rows: 2000
08-24-18T17:28:44: Special Rows: 2010
08-24-18T17:28:44: Special Rows: 2020
08-24-18T17:28:44: Special Rows: 2030
08-24-18T17:28:44: Special Rows: 2040
08-24-18T17:28:44: Special Rows: 2050
08-24-18T17:28:44: Special Rows: 2060
08-24-18T17:28:44: Special Rows: 2070
08-24-18T17:28:44: Special Rows: 2080
08-24-18T17:28:44: Special Rows: 2090
08-24-18T17:28:44: Special Rows: 2100
08-24-18T17:28:44: Special Rows: 2110
08-24-18T17:28:44: Special Rows: 2120
08-24-18T17:28:44: Special Rows: 2130
08-24-18T17:28:44: Special Rows: 2140
08-24-18T17:28:44: Special Rows: 2150
08-24-18T17:28:44: Special Rows: 2160
08-24-18T17:28:44: Special Rows: 2170
08-24-18T17:28:44: Special Rows: 2180
08-24-18T17:28:44: Special Rows: 2190
08-24-18T17:28:44: Special Rows: 2200
08-24-18T17:28:44: Special Rows: 2210
08-24-18T17:28:44: Special Rows: 2220
08-24-18T17:28:44: Special Rows: 2230
08-24-18T17:28:44: Special Rows: 2240
08-24-18T17:28:44: Special Rows: 2250
08-24-18T17:28:44: Special Rows: 2260
08-24-18T17:28:44: Special Rows: 2270
08-24-18T17:28:44: Special Rows: 2280
08-24-18T17:28:44: Special Rows: 2290
08-24-18T17:28:44: Special Rows: 2300
08-24-18T17:28:44: Special Rows: 2310
08-24-18T17:28:44: Special Rows: 2320
08-24-18T17:28:44: Special Rows: 2330
08-24-18T17:28:44: Special Rows: 2340
08-24-18T17:28:44: Special Rows: 2350
08-24-18T17:28:44: Special Rows: 2360
08-24-18T17:28:44: Special Rows: 2370
08-24-18T17:28:44: Special Rows: 2380
08-24-18T17:28:44: Special Rows: 2390
08-24-18T17:28:44: Special Rows: 2400
08-24-18T17:28:44: Special Rows: 2410
08-24-18T17:28:44: Special Rows: 2420
08-24-18T17:28:44: Special Rows: 2430
08-24-18T17:28:44: Special Rows: 2440
08-24-18T17:28:44: Special Rows: 2450
08-24-18T17:28:44: Special Rows: 2460
08-24-18T17:28:44: Special Rows: 2470
08-24-18T17:28:44: Special Rows: 2480
08-24-18T17:28:44: Special Rows: 2490
08-24-18T17:28:44: Special Rows: 2500
08-24-18T17:28:44: Special Rows: 2510
08-24-18T17:28:44: Special Rows: 2520
08-24-18T17:28:44: Special Rows: 2530
08-24-18T17:28:44: Special Rows: 2540
08-24-18T17:28:44: Special Rows: 2550
08-24-18T17:28:44: Special Rows: 2560
08-24-18T17:28:44: Special Rows: 2570
08-24-18T17:28:44: Special Rows: 2580
08-24-18T17:28:44: Special Rows: 2590
08-24-18T17:28:44: Special Rows: 2600
08-24-18T17:28:44: Special Rows: 2610
08-24-18T17:28:44: Special Rows: 2620
08-24-18T17:28:44: Special Rows: 2630
08-24-18T17:28:44: Special Rows: 2640
08-24-18T17:28:44: Special Rows: 2650
08-24-18T17:28:44: Special Rows: 2660
08-24-18T17:28:44: Special Rows: 2670
08-24-18T17:28:45: Special Rows: 2680
08-24-18T17:28:45: Special Rows: 2690
08-24-18T17:28:45: Special Rows: 2700
08-24-18T17:28:45: Special Rows: 2710
08-24-18T17:28:45: Special Rows: 2720
08-24-18T17:28:45: Special Rows: 2730
08-24-18T17:28:45: Special Rows: 2740
08-24-18T17:28:45: Special Rows: 2750
08-24-18T17:28:45: Special Rows: 2760
08-24-18T17:28:45: Special Rows: 2770
08-24-18T17:28:45: Special Rows: 2780
08-24-18T17:28:45: Special Rows: 2790
08-24-18T17:28:45: Special Rows: 2800
08-24-18T17:28:45: Special Rows: 2810
08-24-18T17:28:45: Special Rows: 2820
08-24-18T17:28:45: Special Rows: 2830
08-24-18T17:28:45: Special Rows: 2840
08-24-18T17:28:45: Special Rows: 2850
08-24-18T17:28:45: Special Rows: 2860
08-24-18T17:28:45: Special Rows: 2870
08-24-18T17:28:45: Special Rows: 2880
08-24-18T17:28:45: Special Rows: 2890
08-24-18T17:28:45: Special Rows: 2900
08-24-18T17:28:45: Special Rows: 2910
08-24-18T17:28:45: Special Rows: 2920
08-24-18T17:28:45: Special Rows: 2930
08-24-18T17:28:45: Special Rows: 2940
08-24-18T17:28:45: Special Rows: 2950
08-24-18T17:28:45: Special Rows: 2960
08-24-18T17:28:45: Special Rows: 2970
08-24-18T17:28:45: Special Rows: 2980
08-24-18T17:28:45: Special Rows: 2990
08-24-18T17:28:45: Special Rows: 3000
08-24-18T17:28:45: Special Rows: 3010
08-24-18T17:28:45: Special Rows: 3020
08-24-18T17:28:45: Special Rows: 3030
08-24-18T17:28:45: Special Rows: 3040
08-24-18T17:28:45: Special Rows: 3050
08-24-18T17:28:45: Special Rows: 3060
08-24-18T17:28:45: Special Rows: 3070
08-24-18T17:28:45: Special Rows: 3080
08-24-18T17:28:45: Special Rows: 3090
08-24-18T17:28:45: Special Rows: 3100
08-24-18T17:28:45: Special Rows: 3110
08-24-18T17:28:45: Special Rows: 3120
08-24-18T17:28:45: Special Rows: 3130
08-24-18T17:28:45: Special Rows: 3140
08-24-18T17:28:45: Special Rows: 3150
08-24-18T17:28:45: Special Rows: 3160
08-24-18T17:28:45: Special Rows: 3170
08-24-18T17:28:45: Special Rows: 3180
08-24-18T17:28:45: Special Rows: 3190
08-24-18T17:28:45: Special Rows: 3200
08-24-18T17:28:45: Special Rows: 3210
08-24-18T17:28:45: Special Rows: 3220
08-24-18T17:28:45: Special Rows: 3230
08-24-18T17:28:45: Special Rows: 3240
08-24-18T17:28:45: Special Rows: 3250
08-24-18T17:28:45: Special Rows: 3260
08-24-18T17:28:45: Special Rows: 3270
08-24-18T17:28:45: Special Rows: 3280
08-24-18T17:28:45: Special Rows: 3290
08-24-18T17:28:45: Special Rows: 3300
08-24-18T17:28:45: Special Rows: 3310
08-24-18T17:28:45: Special Rows: 3320
08-24-18T17:28:45: Special Rows: 3330
08-24-18T17:28:45: Special Rows: 3340
08-24-18T17:28:45: Special Rows: 3350
08-24-18T17:28:45: Special Rows: 3360
08-24-18T17:28:45: Special Rows: 3370
08-24-18T17:28:45: Special Rows: 3380
08-24-18T17:28:45: Special Rows: 3390
08-24-18T17:28:45: Special Rows: 3400
08-24-18T17:28:45: Special Rows: 3410
08-24-18T17:28:45: Special Rows: 3420
08-24-18T17:28:45: Special Rows: 3430
08-24-18T17:28:46: Special Rows: 3440
08-24-18T17:28:46: Special Rows: 3450
08-24-18T17:28:46: Special Rows: 3460
08-24-18T17:28:46: Special Rows: 3470
08-24-18T17:28:46: Special Rows: 3480
08-24-18T17:28:46: Special Rows: 3490
08-24-18T17:28:46: Special Rows: 3500
08-24-18T17:28:46: Special Rows: 3510
08-24-18T17:28:46: Special Rows: 3520
08-24-18T17:28:46: Special Rows: 3530
08-24-18T17:28:46: Special Rows: 3540
08-24-18T17:28:46: Special Rows: 3550
08-24-18T17:28:46: Special Rows: 3560
08-24-18T17:28:46: Special Rows: 3570
08-24-18T17:28:46: Special Rows: 3580
08-24-18T17:28:46: Special Rows: 3590
08-24-18T17:28:46: Special Rows: 3600
08-24-18T17:28:46: Special Rows: 3610
08-24-18T17:28:46: Special Rows: 3620
08-24-18T17:28:46: Special Rows: 3630
08-24-18T17:28:46: Special Rows: 3640
08-24-18T17:28:46: Special Rows: 3650
08-24-18T17:28:46: Special Rows: 3660
08-24-18T17:28:46: Special Rows: 3670
08-24-18T17:28:46: Special Rows: 3680
08-24-18T17:28:46: Special Rows: 3690
08-24-18T17:28:46: Special Rows: 3700
08-24-18T17:28:46: Special Rows: 3710
08-24-18T17:28:46: Special Rows: 3720
08-24-18T17:28:46: Special Rows: 3730
08-24-18T17:28:46: Special Rows: 3740
08-24-18T17:28:46: Special Rows: 3750
08-24-18T17:28:46: Special Rows: 3760
08-24-18T17:28:46: Special Rows: 3770
08-24-18T17:28:46: Special Rows: 3780
08-24-18T17:28:46: Special Rows: 3790
08-24-18T17:28:46: Special Rows: 3800
08-24-18T17:28:46: Special Rows: 3810
08-24-18T17:28:46: Special Rows: 3820
08-24-18T17:28:46: Special Rows: 3830
08-24-18T17:28:46: Special Rows: 3840
08-24-18T17:28:46: Special Rows: 3850
08-24-18T17:28:46: Special Rows: 3860
08-24-18T17:28:46: Special Rows: 3870
08-24-18T17:28:46: Special Rows: 3880
08-24-18T17:28:46: Special Rows: 3890
08-24-18T17:28:46: Special Rows: 3900
08-24-18T17:28:46: Special Rows: 3910
08-24-18T17:28:46: Special Rows: 3920
08-24-18T17:28:46: Special Rows: 3930
08-24-18T17:28:46: Special Rows: 3940
08-24-18T17:28:46: Special Rows: 3950
08-24-18T17:28:46: Special Rows: 3960
08-24-18T17:28:46: Special Rows: 3970
08-24-18T17:28:46: Special Rows: 3980
08-24-18T17:28:46: Special Rows: 3990
08-24-18T17:28:46: Special Rows: 4000
08-24-18T17:28:46: Special Rows: 4010
08-24-18T17:28:46: Special Rows: 4020
08-24-18T17:28:46: Special Rows: 4030
08-24-18T17:28:46: Special Rows: 4040
08-24-18T17:28:46: Special Rows: 4050
08-24-18T17:28:46: Special Rows: 4060
08-24-18T17:28:46: Special Rows: 4070
08-24-18T17:28:47: Special Rows: 4080
08-24-18T17:28:47: Special Rows: 4090
08-24-18T17:28:47: Special Rows: 4100
08-24-18T17:28:47: Starting XSL Transform, this may take awhile.
08-24-18T17:28:47: XSL Transform Complete.
08-24-18T17:28:47: Finished Specials
08-24-18T17:28:47: Total Specials: 4103
08-24-18T17:28:47: File created in final xml folder: Special Import Template.xml
08-24-18T17:28:47: ...
08-24-18T17:28:47: End Log
