07-09-19T15:05:06: Start Log
07-09-19T15:05:06: Found Input File: C:\Users\chuck\Documents\ROC\Speedway-Source\Data Extraction And Loading\Import Files\Cost Refresh - Items\FinalCSV\Cost Refresh - Items-PEPGATR2_PEPGATR2-PEPSI-INDY-DEL TO KOKOMO GATR_1.csv
07-09-19T15:05:06: Supplier Name: PEPGATR2-PEPSI-INDY-DEL TO KOKOMO GATR
07-09-19T15:05:06: Supplier Items Rows: 10
07-09-19T15:05:06: Supplier Items Rows: 20
07-09-19T15:05:06: Supplier Items Rows: 30
07-09-19T15:05:06: Supplier Items Rows: 40
07-09-19T15:05:06: Supplier Items Rows: 50
07-09-19T15:05:06: Supplier Items Rows: 60
07-09-19T15:05:06: Supplier Items Rows: 70
07-09-19T15:05:06: Supplier Items Rows: 80
07-09-19T15:05:06: Supplier Items Rows: 90
07-09-19T15:05:06: Supplier Items Rows: 100
07-09-19T15:05:06: Supplier Items Rows: 110
07-09-19T15:05:06: Supplier Items Rows: 120
07-09-19T15:05:06: Supplier Items Rows: 130
07-09-19T15:05:06: Supplier Items Rows: 140
07-09-19T15:05:06: Supplier Items Rows: 150
07-09-19T15:05:06: Supplier Items Rows: 160
07-09-19T15:05:06: Supplier Items Rows: 170
07-09-19T15:05:06: Supplier Items Rows: 180
07-09-19T15:05:06: Supplier Items Rows: 190
07-09-19T15:05:06: Supplier Items Rows: 200
07-09-19T15:05:06: Supplier Items Rows: 210
07-09-19T15:05:06: Supplier Items Rows: 220
07-09-19T15:05:06: Supplier Items Rows: 230
07-09-19T15:05:06: Supplier Items Rows: 240
07-09-19T15:05:06: Supplier Items Rows: 250
07-09-19T15:05:06: Supplier Items Rows: 260
07-09-19T15:05:06: Supplier Items Rows: 270
07-09-19T15:05:06: Supplier Items Rows: 280
07-09-19T15:05:06: Supplier Items Rows: 290
07-09-19T15:05:06: Supplier Items Rows: 300
07-09-19T15:05:06: Supplier Items Rows: 310
07-09-19T15:05:06: Supplier Items Rows: 320
07-09-19T15:05:06: Supplier Items Rows: 330
07-09-19T15:05:06: Supplier Items Rows: 340
07-09-19T15:05:06: Supplier Items Rows: 350
07-09-19T15:05:06: Supplier Items Rows: 360
07-09-19T15:05:06: Supplier Items Rows: 370
07-09-19T15:05:06: Supplier Items Rows: 380
07-09-19T15:05:06: Supplier Items Rows: 390
07-09-19T15:05:06: Supplier Items Rows: 400
07-09-19T15:05:06: Supplier Items Rows: 410
07-09-19T15:05:06: Supplier Items Rows: 420
07-09-19T15:05:06: Supplier Items Rows: 430
07-09-19T15:05:06: Supplier Items Rows: 440
07-09-19T15:05:06: Supplier Items Rows: 450
07-09-19T15:05:06: Supplier Items Rows: 460
07-09-19T15:05:06: Supplier Items Rows: 470
07-09-19T15:05:06: Supplier Items Rows: 480
07-09-19T15:05:06: Supplier Items Rows: 490
07-09-19T15:05:06: Supplier Items Rows: 500
07-09-19T15:05:06: Supplier Items Rows: 510
07-09-19T15:05:06: Supplier Items Rows: 520
07-09-19T15:05:06: Supplier Items Rows: 530
07-09-19T15:05:06: Supplier Items Rows: 540
07-09-19T15:05:06: Supplier Items Rows: 550
07-09-19T15:05:06: Supplier Items Rows: 560
07-09-19T15:05:06: Supplier Items Rows: 570
07-09-19T15:05:06: Supplier Items Rows: 580
07-09-19T15:05:06: Supplier Items Rows: 590
07-09-19T15:05:06: Supplier Items Rows: 600
07-09-19T15:05:06: Starting XSL Transform, this may take awhile.
07-09-19T15:05:06: XSL Transform Completed.
07-09-19T15:05:06: Cost Refresh - Items-PEPGATR2_PEPGATR2-PEPSI-INDY-DEL TO KOKOMO GATR_1 completed.
07-09-19T15:05:06: End Log
