07-09-19T14:57:24: Start Log
07-09-19T14:57:24: Found Input File: Cost Refresh - Items-PEPGATR2_PEPGATR2-PEPSI-INDY-DEL TO KOKOMO GATR_1.csv
07-09-19T14:57:24: Processing Supplier: PEPGATR2-PEPSI-INDY-DEL TO KOKOMO GATR Xref: PEPGATR2
07-09-19T14:57:25: Supplier Item Rows: 10
07-09-19T14:57:26: Supplier Item Rows: 20
07-09-19T14:57:26: Supplier Item Rows: 30
07-09-19T14:57:26: Supplier Item Rows: 40
07-09-19T14:57:26: Supplier Item Rows: 50
07-09-19T14:57:26: Supplier Item Rows: 60
07-09-19T14:57:26: Supplier Item Rows: 70
07-09-19T14:57:26: Supplier Item Rows: 80
07-09-19T14:57:26: Supplier Item Rows: 90
07-09-19T14:57:26: Supplier Item Rows: 100
07-09-19T14:57:26: Supplier Item Rows: 110
07-09-19T14:57:26: Supplier Item Rows: 120
07-09-19T14:57:27: Supplier Item Rows: 130
07-09-19T14:57:27: Supplier Item Rows: 140
07-09-19T14:57:27: Supplier Item Rows: 150
07-09-19T14:57:27: Supplier Item Rows: 160
07-09-19T14:57:27: Supplier Item Rows: 170
07-09-19T14:57:27: Supplier Item Rows: 180
07-09-19T14:57:27: Supplier Item Rows: 190
07-09-19T14:57:27: Supplier Item Rows: 200
07-09-19T14:57:27: Supplier Item Rows: 210
07-09-19T14:57:27: Supplier Item Rows: 220
07-09-19T14:57:27: Supplier Item Rows: 230
07-09-19T14:57:27: Supplier Item Rows: 240
07-09-19T14:57:27: Supplier Item Rows: 250
07-09-19T14:57:27: Supplier Item Rows: 260
07-09-19T14:57:28: Supplier Item Rows: 270
07-09-19T14:57:28: Supplier Item Rows: 280
07-09-19T14:57:28: Supplier Item Rows: 290
07-09-19T14:57:28: Supplier Item Rows: 300
07-09-19T14:57:28: Supplier Item Rows: 310
07-09-19T14:57:28: Supplier Item Rows: 320
07-09-19T14:57:28: Supplier Item Rows: 330
07-09-19T14:57:28: Supplier Item Rows: 340
07-09-19T14:57:28: Supplier Item Rows: 350
07-09-19T14:57:28: Supplier Item Rows: 360
07-09-19T14:57:28: Supplier Item Rows: 370
07-09-19T14:57:28: Supplier Item Rows: 380
07-09-19T14:57:28: Supplier Item Rows: 390
07-09-19T14:57:28: Supplier Item Rows: 400
07-09-19T14:57:28: Supplier Item Rows: 410
07-09-19T14:57:29: Supplier Item Rows: 420
07-09-19T14:57:29: Supplier Item Rows: 430
07-09-19T14:57:29: Supplier Item Rows: 440
07-09-19T14:57:29: Supplier Item Rows: 450
07-09-19T14:57:29: Supplier Item Rows: 460
07-09-19T14:57:29: Supplier Item Rows: 470
07-09-19T14:57:29: Supplier Item Rows: 480
07-09-19T14:57:29: Supplier Item Rows: 490
07-09-19T14:57:29: Supplier Item Rows: 500
07-09-19T14:57:29: Supplier Item Rows: 510
07-09-19T14:57:29: Supplier Item Rows: 520
07-09-19T14:57:29: Supplier Item Rows: 530
07-09-19T14:57:29: Supplier Item Rows: 540
07-09-19T14:57:29: Supplier Item Rows: 550
07-09-19T14:57:29: Supplier Item Rows: 560
07-09-19T14:57:29: Supplier Item Rows: 570
07-09-19T14:57:30: Supplier Item Rows: 580
07-09-19T14:57:30: Supplier Item Rows: 590
07-09-19T14:57:30: Supplier Item Rows: 600
07-09-19T14:57:30: Supplier Item Rows: 610
07-09-19T14:57:30: Finished Supplier: PEPGATR2-PEPSI-INDY-DEL TO KOKOMO GATR Xref: PEPGATR2
07-09-19T14:57:30: Total Items: 605
07-09-19T14:57:30: File created in working xls folder: Cost Refresh - Items-PEPGATR2-PEPSI-INDY-DEL TO KOKOMO GATR_PEPGATR2_1.xlsx
07-09-19T14:57:30: ...
07-09-19T14:57:30: End Log
