06-20-19T18:52:14: Start Log
06-20-19T18:52:14: Found Input File: Supplier Item-AJAXCLRK_AJAXCLRK-AJAX DIST CLARKSVILLE (MLR CRS)(TN)-asn_01.csv
06-20-19T18:52:14: Processing Supplier: AJAXCLRK-AJAX DIST CLARKSVILLE (MLR CRS)(TN)-asn Xref: AJAXCLRK
06-20-19T18:52:17: Finished Supplier: AJAXCLRK-AJAX DIST CLARKSVILLE (MLR CRS)(TN)-asn Xref: AJAXCLRK
06-20-19T18:52:17: Total Items: 2
06-20-19T18:52:17: File created in working xls folder: Supplier Item-AJAXCLRK-AJAX DIST CLARKSVILLE (MLR CRS)(TN)-asn_AJAXCLRK_01.xlsx
06-20-19T18:52:17: ...
06-20-19T18:52:17: Found Input File: Supplier Item-BALREDBL_BALREDBL-BALKAN BEVERAGE RED BULL (NY)_01.csv
06-20-19T18:52:17: Processing Supplier: BALREDBL-BALKAN BEVERAGE RED BULL (NY) Xref: BALREDBL
06-20-19T18:52:20: Finished Supplier: BALREDBL-BALKAN BEVERAGE RED BULL (NY) Xref: BALREDBL
06-20-19T18:52:20: Total Items: 2
06-20-19T18:52:20: File created in working xls folder: Supplier Item-BALREDBL-BALKAN BEVERAGE RED BULL (NY)_BALREDBL_01.xlsx
06-20-19T18:52:20: ...
06-20-19T18:52:20: Found Input File: Supplier Item-BELLBVNA_BELLBVNA-BELLAVANCE BEVERAGES (No Beer Items)_01.csv
06-20-19T18:52:20: Processing Supplier: BELLBVNA-BELLAVANCE BEVERAGES (No Beer Items) Xref: BELLBVNA
06-20-19T18:52:23: Finished Supplier: BELLBVNA-BELLAVANCE BEVERAGES (No Beer Items) Xref: BELLBVNA
06-20-19T18:52:23: Total Items: 2
06-20-19T18:52:23: File created in working xls folder: Supplier Item-BELLBVNA-BELLAVANCE BEVERAGES (No Beer Items)_BELLBVNA_01.xlsx
06-20-19T18:52:23: ...
06-20-19T18:52:23: Found Input File: Supplier Item-BRBWAYNE_BRBWAYNE-BLUERIDGE BVG WAYNESBORO (MLR CRS)(VA)asn_01.csv
06-20-19T18:52:23: Processing Supplier: BRBWAYNE-BLUERIDGE BVG WAYNESBORO (MLR CRS)(VA)asn Xref: BRBWAYNE
06-20-19T18:52:26: Finished Supplier: BRBWAYNE-BLUERIDGE BVG WAYNESBORO (MLR CRS)(VA)asn Xref: BRBWAYNE
06-20-19T18:52:26: Total Items: 2
06-20-19T18:52:26: File created in working xls folder: Supplier Item-BRBWAYNE-BLUERIDGE BVG WAYNESBORO (MLR CRS)(VA)asn_BRBWAYNE_01.xlsx
06-20-19T18:52:26: ...
06-20-19T18:52:26: Found Input File: Supplier Item-BUDCLARK_BUDCLARK-BUD OF CLARKSVILLE (AB)(TN)-asn_01.csv
06-20-19T18:52:26: Processing Supplier: BUDCLARK-BUD OF CLARKSVILLE (AB)(TN)-asn Xref: BUDCLARK
06-20-19T18:52:29: Finished Supplier: BUDCLARK-BUD OF CLARKSVILLE (AB)(TN)-asn Xref: BUDCLARK
06-20-19T18:52:29: Total Items: 2
06-20-19T18:52:29: File created in working xls folder: Supplier Item-BUDCLARK-BUD OF CLARKSVILLE (AB)(TN)-asn_BUDCLARK_01.xlsx
06-20-19T18:52:29: ...
06-20-19T18:52:29: Found Input File: Supplier Item-BURKHRDT_BURKHRDT-BURKHARDT DISTRIBUTING (AB)(FLA)_01.csv
06-20-19T18:52:29: Processing Supplier: BURKHRDT-BURKHARDT DISTRIBUTING (AB)(FLA) Xref: BURKHRDT
06-20-19T18:52:32: Finished Supplier: BURKHRDT-BURKHARDT DISTRIBUTING (AB)(FLA) Xref: BURKHRDT
06-20-19T18:52:32: Total Items: 2
06-20-19T18:52:32: File created in working xls folder: Supplier Item-BURKHRDT-BURKHARDT DISTRIBUTING (AB)(FLA)_BURKHRDT_01.xlsx
06-20-19T18:52:32: ...
06-20-19T18:52:32: Found Input File: Supplier Item-CENTRLDS_CENTRLDS-SPRIGGS DIST WEST DIVISION (AB)(WV) ASN_01.csv
06-20-19T18:52:32: Processing Supplier: CENTRLDS-SPRIGGS DIST WEST DIVISION (AB)(WV) ASN Xref: CENTRLDS
06-20-19T18:52:35: Finished Supplier: CENTRLDS-SPRIGGS DIST WEST DIVISION (AB)(WV) ASN Xref: CENTRLDS
06-20-19T18:52:35: Total Items: 2
06-20-19T18:52:35: File created in working xls folder: Supplier Item-CENTRLDS-SPRIGGS DIST WEST DIVISION (AB)(WV) ASN_CENTRLDS_01.xlsx
06-20-19T18:52:35: ...
06-20-19T18:52:35: Found Input File: Supplier Item-COKCHEST_COKCHEST-COKE CHESTERMAN (SD)-asn_01.csv
06-20-19T18:52:35: Processing Supplier: COKCHEST-COKE CHESTERMAN (SD)-asn Xref: COKCHEST
06-20-19T18:52:39: Finished Supplier: COKCHEST-COKE CHESTERMAN (SD)-asn Xref: COKCHEST
06-20-19T18:52:39: Total Items: 2
06-20-19T18:52:39: File created in working xls folder: Supplier Item-COKCHEST-COKE CHESTERMAN (SD)-asn_COKCHEST_01.xlsx
06-20-19T18:52:39: ...
06-20-19T18:52:39: Found Input File: Supplier Item-EAGLASHL_EAGLASHL-EAGLE DIS-PDI ASHLAND (AB)(KY) eft_01.csv
06-20-19T18:52:39: Processing Supplier: EAGLASHL-EAGLE DIS-PDI ASHLAND (AB)(KY) eft Xref: EAGLASHL
06-20-19T18:52:42: Finished Supplier: EAGLASHL-EAGLE DIS-PDI ASHLAND (AB)(KY) eft Xref: EAGLASHL
06-20-19T18:52:42: Total Items: 2
06-20-19T18:52:42: File created in working xls folder: Supplier Item-EAGLASHL-EAGLE DIS-PDI ASHLAND (AB)(KY) eft_EAGLASHL_01.xlsx
06-20-19T18:52:42: ...
06-20-19T18:52:42: Found Input File: Supplier Item-GHOUSNMA_GHOUSNMA-G. HOUSEN DIST. (MA)_01.csv
06-20-19T18:52:42: Processing Supplier: GHOUSNMA-G. HOUSEN DIST. (MA) Xref: GHOUSNMA
06-20-19T18:52:45: Finished Supplier: GHOUSNMA-G. HOUSEN DIST. (MA) Xref: GHOUSNMA
06-20-19T18:52:45: Total Items: 2
06-20-19T18:52:45: File created in working xls folder: Supplier Item-GHOUSNMA-G. HOUSEN DIST. (MA)_GHOUSNMA_01.xlsx
06-20-19T18:52:45: ...
06-20-19T18:52:46: Found Input File: Supplier Item-GREATLAK_GREATLAK-GREAT LAKES WN&SPRTS (BR)(WN)(LQ)(MI) m o_01.csv
06-20-19T18:52:46: Processing Supplier: GREATLAK-GREAT LAKES WN&SPRTS (BR)(WN)(LQ)(MI) m o Xref: GREATLAK
06-20-19T18:52:49: Finished Supplier: GREATLAK-GREAT LAKES WN&SPRTS (BR)(WN)(LQ)(MI) m o Xref: GREATLAK
06-20-19T18:52:49: Total Items: 2
06-20-19T18:52:49: File created in working xls folder: Supplier Item-GREATLAK-GREAT LAKES WN&SPRTS (BR)(WN)(LQ)(MI) m o_GREATLAK_01.xlsx
06-20-19T18:52:49: ...
06-20-19T18:52:49: Found Input File: Supplier Item-HAWKENPA_HAWKENPA-HAWK ENTERPRISES INC_01.csv
06-20-19T18:52:49: Processing Supplier: HAWKENPA-HAWK ENTERPRISES INC Xref: HAWKENPA
06-20-19T18:52:52: Finished Supplier: HAWKENPA-HAWK ENTERPRISES INC Xref: HAWKENPA
06-20-19T18:52:52: Total Items: 2
06-20-19T18:52:52: File created in working xls folder: Supplier Item-HAWKENPA-HAWK ENTERPRISES INC_HAWKENPA_01.xlsx
06-20-19T18:52:52: ...
06-20-19T18:52:52: Found Input File: Supplier Item-HIGHBVNJ_HIGHBVNJ-HIGH GRADE BEVERAGE (NJ)_01.csv
06-20-19T18:52:52: Processing Supplier: HIGHBVNJ-HIGH GRADE BEVERAGE (NJ) Xref: HIGHBVNJ
06-20-19T18:52:55: Finished Supplier: HIGHBVNJ-HIGH GRADE BEVERAGE (NJ) Xref: HIGHBVNJ
06-20-19T18:52:55: Total Items: 2
06-20-19T18:52:55: File created in working xls folder: Supplier Item-HIGHBVNJ-HIGH GRADE BEVERAGE (NJ)_HIGHBVNJ_01.xlsx
06-20-19T18:52:55: ...
06-20-19T18:52:55: Found Input File: Supplier Item-IBS14MMI_IBS14MMI-IBS  IBS14MMI-710026_01.csv
06-20-19T18:52:55: Processing Supplier: IBS14MMI-IBS  IBS14MMI-710026 Xref: IBS14MMI
06-20-19T18:52:59: Finished Supplier: IBS14MMI-IBS  IBS14MMI-710026 Xref: IBS14MMI
06-20-19T18:52:59: Total Items: 2
06-20-19T18:52:59: File created in working xls folder: Supplier Item-IBS14MMI-IBS  IBS14MMI-710026_IBS14MMI_01.xlsx
06-20-19T18:52:59: ...
06-20-19T18:52:59: Found Input File: Supplier Item-IBS28AWI_IBS28AWI-IBS  IBS28AWI-S71551_01.csv
06-20-19T18:52:59: Processing Supplier: IBS28AWI-IBS  IBS28AWI-S71551 Xref: IBS28AWI
06-20-19T18:53:02: Finished Supplier: IBS28AWI-IBS  IBS28AWI-S71551 Xref: IBS28AWI
06-20-19T18:53:02: Total Items: 2
06-20-19T18:53:02: File created in working xls folder: Supplier Item-IBS28AWI-IBS  IBS28AWI-S71551_IBS28AWI_01.xlsx
06-20-19T18:53:02: ...
06-20-19T18:53:02: Found Input File: Supplier Item-INTRASTA_INTRASTA-INTRASTATE DISTRIBUTORS (MI)_01.csv
06-20-19T18:53:02: Processing Supplier: INTRASTA-INTRASTATE DISTRIBUTORS (MI) Xref: INTRASTA
06-20-19T18:53:05: Finished Supplier: INTRASTA-INTRASTATE DISTRIBUTORS (MI) Xref: INTRASTA
06-20-19T18:53:05: Total Items: 2
06-20-19T18:53:05: File created in working xls folder: Supplier Item-INTRASTA-INTRASTATE DISTRIBUTORS (MI)_INTRASTA_01.xlsx
06-20-19T18:53:05: ...
06-20-19T18:53:05: Found Input File: Supplier Item-KAYDIST_KAYDIST-KAY DISTRIBUTING (CRS)(WI) asn_01.csv
06-20-19T18:53:05: Processing Supplier: KAYDIST-KAY DISTRIBUTING (CRS)(WI) asn Xref: KAYDIST
06-20-19T18:53:08: Finished Supplier: KAYDIST-KAY DISTRIBUTING (CRS)(WI) asn Xref: KAYDIST
06-20-19T18:53:08: Total Items: 2
06-20-19T18:53:08: File created in working xls folder: Supplier Item-KAYDIST-KAY DISTRIBUTING (CRS)(WI) asn_KAYDIST_01.xlsx
06-20-19T18:53:08: ...
06-20-19T18:53:08: Found Input File: Supplier Item-LOVLNDVA_LOVLNDVA-LOVELAND DIST. CO (VA)_01.csv
06-20-19T18:53:08: Processing Supplier: LOVLNDVA-LOVELAND DIST. CO (VA) Xref: LOVLNDVA
06-20-19T18:53:12: Finished Supplier: LOVLNDVA-LOVELAND DIST. CO (VA) Xref: LOVLNDVA
06-20-19T18:53:12: Total Items: 2
06-20-19T18:53:12: File created in working xls folder: Supplier Item-LOVLNDVA-LOVELAND DIST. CO (VA)_LOVLNDVA_01.xlsx
06-20-19T18:53:12: ...
06-20-19T18:53:12: Found Input File: Supplier Item-NORWICH_NORWICH-NORWICH BEVERAGE (MLR CRS)(NY)asn_01.csv
06-20-19T18:53:12: Processing Supplier: NORWICH-NORWICH BEVERAGE (MLR CRS)(NY)asn Xref: NORWICH
06-20-19T18:53:15: Finished Supplier: NORWICH-NORWICH BEVERAGE (MLR CRS)(NY)asn Xref: NORWICH
06-20-19T18:53:15: Total Items: 2
06-20-19T18:53:15: File created in working xls folder: Supplier Item-NORWICH-NORWICH BEVERAGE (MLR CRS)(NY)asn_NORWICH_01.xlsx
06-20-19T18:53:15: ...
06-20-19T18:53:15: Found Input File: Supplier Item-NRTHEAST_NRTHEAST-NORTHEAST SALES DST (MLR)(GA)m o_01.csv
06-20-19T18:53:15: Processing Supplier: NRTHEAST-NORTHEAST SALES DST (MLR)(GA)m o Xref: NRTHEAST
06-20-19T18:53:18: Finished Supplier: NRTHEAST-NORTHEAST SALES DST (MLR)(GA)m o Xref: NRTHEAST
06-20-19T18:53:18: Total Items: 2
06-20-19T18:53:18: File created in working xls folder: Supplier Item-NRTHEAST-NORTHEAST SALES DST (MLR)(GA)m o_NRTHEAST_01.xlsx
06-20-19T18:53:18: ...
06-20-19T18:53:19: Found Input File: Supplier Item-OHWNINVO_OHWNINVO-OHIO WINE INVOICE (OH)_01.csv
06-20-19T18:53:19: Processing Supplier: OHWNINVO-OHIO WINE INVOICE (OH) Xref: OHWNINVO
06-20-19T18:53:22: Finished Supplier: OHWNINVO-OHIO WINE INVOICE (OH) Xref: OHWNINVO
06-20-19T18:53:22: Total Items: 2
06-20-19T18:53:22: File created in working xls folder: Supplier Item-OHWNINVO-OHIO WINE INVOICE (OH)_OHWNINVO_01.xlsx
06-20-19T18:53:22: ...
06-20-19T18:53:22: Found Input File: Supplier Item-PEPCVAVA_PEPCVAVA-PEPSI BOTTLING OF CENTRAL VA (VA)-asn_01.csv
06-20-19T18:53:22: Processing Supplier: PEPCVAVA-PEPSI BOTTLING OF CENTRAL VA (VA)-asn Xref: PEPCVAVA
06-20-19T18:53:25: Finished Supplier: PEPCVAVA-PEPSI BOTTLING OF CENTRAL VA (VA)-asn Xref: PEPCVAVA
06-20-19T18:53:25: Total Items: 2
06-20-19T18:53:25: File created in working xls folder: Supplier Item-PEPCVAVA-PEPSI BOTTLING OF CENTRAL VA (VA)-asn_PEPCVAVA_01.xlsx
06-20-19T18:53:25: ...
06-20-19T18:53:25: Found Input File: Supplier Item-PEPHOUTX_PEPHOUTX-PBC HOUSTON (TX)-asn_01.csv
06-20-19T18:53:25: Processing Supplier: PEPHOUTX-PBC HOUSTON (TX)-asn Xref: PEPHOUTX
06-20-19T18:53:28: Finished Supplier: PEPHOUTX-PBC HOUSTON (TX)-asn Xref: PEPHOUTX
06-20-19T18:53:28: Total Items: 2
06-20-19T18:53:28: File created in working xls folder: Supplier Item-PEPHOUTX-PBC HOUSTON (TX)-asn_PEPHOUTX_01.xlsx
06-20-19T18:53:28: ...
06-20-19T18:53:28: Found Input File: Supplier Item-PEPSCARM_PEPSCARM-PBC GLR PEPSI CARM  NOBLE (IN)-asn_01.csv
06-20-19T18:53:28: Processing Supplier: PEPSCARM-PBC GLR PEPSI CARM  NOBLE (IN)-asn Xref: PEPSCARM
06-20-19T18:53:32: Finished Supplier: PEPSCARM-PBC GLR PEPSI CARM  NOBLE (IN)-asn Xref: PEPSCARM
06-20-19T18:53:32: Total Items: 2
06-20-19T18:53:32: File created in working xls folder: Supplier Item-PEPSCARM-PBC GLR PEPSI CARM  NOBLE (IN)-asn_PEPSCARM_01.xlsx
06-20-19T18:53:32: ...
06-20-19T18:53:32: Found Input File: Supplier Item-PEPSCLMB_PEPSCLMB-PBC GLR PEPSI CLMBUS TAYL(IN)-asn_01.csv
06-20-19T18:53:32: Processing Supplier: PEPSCLMB-PBC GLR PEPSI CLMBUS TAYL(IN)-asn Xref: PEPSCLMB
06-20-19T18:53:35: Finished Supplier: PEPSCLMB-PBC GLR PEPSI CLMBUS TAYL(IN)-asn Xref: PEPSCLMB
06-20-19T18:53:35: Total Items: 2
06-20-19T18:53:35: File created in working xls folder: Supplier Item-PEPSCLMB-PBC GLR PEPSI CLMBUS TAYL(IN)-asn_PEPSCLMB_01.xlsx
06-20-19T18:53:35: ...
06-20-19T18:53:35: Found Input File: Supplier Item-PEPSCRBN_PEPSCRBN-PEPSI CORBIN (KY)_01.csv
06-20-19T18:53:35: Processing Supplier: PEPSCRBN-PEPSI CORBIN (KY) Xref: PEPSCRBN
06-20-19T18:53:38: Finished Supplier: PEPSCRBN-PEPSI CORBIN (KY) Xref: PEPSCRBN
06-20-19T18:53:38: Total Items: 2
06-20-19T18:53:38: File created in working xls folder: Supplier Item-PEPSCRBN-PEPSI CORBIN (KY)_PEPSCRBN_01.xlsx
06-20-19T18:53:38: ...
06-20-19T18:53:38: Found Input File: Supplier Item-PEPSFIND_PEPSFIND-PEPSI FINDLAY (OH)-asn_01.csv
06-20-19T18:53:38: Processing Supplier: PEPSFIND-PEPSI FINDLAY (OH)-asn Xref: PEPSFIND
06-20-19T18:53:42: Finished Supplier: PEPSFIND-PEPSI FINDLAY (OH)-asn Xref: PEPSFIND
06-20-19T18:53:42: Total Items: 2
06-20-19T18:53:42: File created in working xls folder: Supplier Item-PEPSFIND-PEPSI FINDLAY (OH)-asn_PEPSFIND_01.xlsx
06-20-19T18:53:42: ...
06-20-19T18:53:42: Found Input File: Supplier Item-PEPSIPKV_PEPSIPKV-PEPSI NITRO  PHILIPPI (KY)-asn_01.csv
06-20-19T18:53:42: Processing Supplier: PEPSIPKV-PEPSI NITRO  PHILIPPI (KY)-asn Xref: PEPSIPKV
06-20-19T18:53:45: Finished Supplier: PEPSIPKV-PEPSI NITRO  PHILIPPI (KY)-asn Xref: PEPSIPKV
06-20-19T18:53:45: Total Items: 2
06-20-19T18:53:45: File created in working xls folder: Supplier Item-PEPSIPKV-PEPSI NITRO  PHILIPPI (KY)-asn_PEPSIPKV_01.xlsx
06-20-19T18:53:45: ...
06-20-19T18:53:45: Found Input File: Supplier Item-PEPSISP2_PEPSISP2-PEPSI SPRINGFIELD (OH)-asn_01.csv
06-20-19T18:53:45: Processing Supplier: PEPSISP2-PEPSI SPRINGFIELD (OH)-asn Xref: PEPSISP2
06-20-19T18:53:48: Finished Supplier: PEPSISP2-PEPSI SPRINGFIELD (OH)-asn Xref: PEPSISP2
06-20-19T18:53:48: Total Items: 2
06-20-19T18:53:48: File created in working xls folder: Supplier Item-PEPSISP2-PEPSI SPRINGFIELD (OH)-asn_PEPSISP2_01.xlsx
06-20-19T18:53:48: ...
06-20-19T18:53:48: Found Input File: Supplier Item-PEPSRICH_PEPSRICH-PEPSI RICHMOND (IN)-asn_01.csv
06-20-19T18:53:48: Processing Supplier: PEPSRICH-PEPSI RICHMOND (IN)-asn Xref: PEPSRICH
06-20-19T18:53:52: Finished Supplier: PEPSRICH-PEPSI RICHMOND (IN)-asn Xref: PEPSRICH
06-20-19T18:53:52: Total Items: 2
06-20-19T18:53:52: File created in working xls folder: Supplier Item-PEPSRICH-PEPSI RICHMOND (IN)-asn_PEPSRICH_01.xlsx
06-20-19T18:53:52: ...
06-20-19T18:53:52: Found Input File: Supplier Item-PEPSTAVA_PEPSTAVA-PBC MID-ATLANTIC (VA)(asn)_01.csv
06-20-19T18:53:52: Processing Supplier: PEPSTAVA-PBC MID-ATLANTIC (VA)(asn) Xref: PEPSTAVA
06-20-19T18:53:55: Finished Supplier: PEPSTAVA-PBC MID-ATLANTIC (VA)(asn) Xref: PEPSTAVA
06-20-19T18:53:55: Total Items: 2
06-20-19T18:53:55: File created in working xls folder: Supplier Item-PEPSTAVA-PBC MID-ATLANTIC (VA)(asn)_PEPSTAVA_01.xlsx
06-20-19T18:53:55: ...
06-20-19T18:53:55: Found Input File: Supplier Item-PEPSTMGA_PEPSTMGA-PEPSI STONE MOUNTAIN (GA)-asn_01.csv
06-20-19T18:53:55: Processing Supplier: PEPSTMGA-PEPSI STONE MOUNTAIN (GA)-asn Xref: PEPSTMGA
06-20-19T18:53:58: Finished Supplier: PEPSTMGA-PEPSI STONE MOUNTAIN (GA)-asn Xref: PEPSTMGA
06-20-19T18:53:58: Total Items: 2
06-20-19T18:53:58: File created in working xls folder: Supplier Item-PEPSTMGA-PEPSI STONE MOUNTAIN (GA)-asn_PEPSTMGA_01.xlsx
06-20-19T18:53:58: ...
06-20-19T18:53:58: Found Input File: Supplier Item-PEPVENDE_PEPVENDE-PEPSI BOTTLING VENTURES (PA)_01.csv
06-20-19T18:53:58: Processing Supplier: PEPVENDE-PEPSI BOTTLING VENTURES (PA) Xref: PEPVENDE
06-20-19T18:54:01: Finished Supplier: PEPVENDE-PEPSI BOTTLING VENTURES (PA) Xref: PEPVENDE
06-20-19T18:54:01: Total Items: 2
06-20-19T18:54:01: File created in working xls folder: Supplier Item-PEPVENDE-PEPSI BOTTLING VENTURES (PA)_PEPVENDE_01.xlsx
06-20-19T18:54:01: ...
06-20-19T18:54:01: Found Input File: Supplier Item-PRONTKPA_PRONTKPA-PRONTOCK BEVERAGE (PA)_01.csv
06-20-19T18:54:01: Processing Supplier: PRONTKPA-PRONTOCK BEVERAGE (PA) Xref: PRONTKPA
06-20-19T18:54:05: Finished Supplier: PRONTKPA-PRONTOCK BEVERAGE (PA) Xref: PRONTKPA
06-20-19T18:54:05: Total Items: 2
06-20-19T18:54:05: File created in working xls folder: Supplier Item-PRONTKPA-PRONTOCK BEVERAGE (PA)_PRONTKPA_01.xlsx
06-20-19T18:54:05: ...
06-20-19T18:54:05: Found Input File: Supplier Item-PUREBEV_PUREBEV-PURE BEVERAGE CO (IN)_01.csv
06-20-19T18:54:06: Processing Supplier: PUREBEV-PURE BEVERAGE CO (IN) Xref: PUREBEV
06-20-19T18:54:09: Finished Supplier: PUREBEV-PURE BEVERAGE CO (IN) Xref: PUREBEV
06-20-19T18:54:09: Total Items: 2
06-20-19T18:54:09: File created in working xls folder: Supplier Item-PUREBEV-PURE BEVERAGE CO (IN)_PUREBEV_01.xlsx
06-20-19T18:54:09: ...
06-20-19T18:54:09: Found Input File: Supplier Item-SPRTSNZN_SPRTSNZN -SPIRIT & SANZONE DIST (MLR)(NY)asn_01.csv
06-20-19T18:54:09: Processing Supplier: SPRTSNZN -SPIRIT & SANZONE DIST (MLR)(NY)asn Xref: SPRTSNZN
06-20-19T18:54:12: Finished Supplier: SPRTSNZN -SPIRIT & SANZONE DIST (MLR)(NY)asn Xref: SPRTSNZN
06-20-19T18:54:12: Total Items: 2
06-20-19T18:54:12: File created in working xls folder: Supplier Item-SPRTSNZN -SPIRIT & SANZONE DIST (MLR)(NY)asn_SPRTSNZN_01.xlsx
06-20-19T18:54:12: ...
06-20-19T18:54:12: Found Input File: Supplier Item-SUNNYFLA_SUNNYFLA-SUNNY FLORIDA DAIRY NESQUIK (FL)_01.csv
06-20-19T18:54:12: Processing Supplier: SUNNYFLA-SUNNY FLORIDA DAIRY NESQUIK (FL) Xref: SUNNYFLA
06-20-19T18:54:15: Finished Supplier: SUNNYFLA-SUNNY FLORIDA DAIRY NESQUIK (FL) Xref: SUNNYFLA
06-20-19T18:54:15: Total Items: 2
06-20-19T18:54:15: File created in working xls folder: Supplier Item-SUNNYFLA-SUNNY FLORIDA DAIRY NESQUIK (FL)_SUNNYFLA_01.xlsx
06-20-19T18:54:15: ...
06-20-19T18:54:15: Found Input File: Supplier Item-VAENRTH_VAENRTH-VIRGINIA EAGLE DIST CO LLC (AB)(VA)asn_01.csv
06-20-19T18:54:15: Processing Supplier: VAENRTH-VIRGINIA EAGLE DIST CO LLC (AB)(VA)asn Xref: VAENRTH
06-20-19T18:54:19: Finished Supplier: VAENRTH-VIRGINIA EAGLE DIST CO LLC (AB)(VA)asn Xref: VAENRTH
06-20-19T18:54:19: Total Items: 2
06-20-19T18:54:19: File created in working xls folder: Supplier Item-VAENRTH-VIRGINIA EAGLE DIST CO LLC (AB)(VA)asn_VAENRTH_01.xlsx
06-20-19T18:54:19: ...
06-20-19T18:54:19: Found Input File: Supplier Item-VIRBCHBV_VIRBCHBV-VIRGINIA BEACH BEVERAGES (NC)(VA)-asn_01.csv
06-20-19T18:54:19: Processing Supplier: VIRBCHBV-VIRGINIA BEACH BEVERAGES (NC)(VA)-asn Xref: VIRBCHBV
06-20-19T18:54:22: Finished Supplier: VIRBCHBV-VIRGINIA BEACH BEVERAGES (NC)(VA)-asn Xref: VIRBCHBV
06-20-19T18:54:22: Total Items: 2
06-20-19T18:54:22: File created in working xls folder: Supplier Item-VIRBCHBV-VIRGINIA BEACH BEVERAGES (NC)(VA)-asn_VIRBCHBV_01.xlsx
06-20-19T18:54:22: ...
06-20-19T18:54:22: Found Input File: Supplier Item-WESTSDE2_WESTSDE2-WESTSIDE BR DIST-GRND RPS (AB)(MI) m o_01.csv
06-20-19T18:54:22: Processing Supplier: WESTSDE2-WESTSIDE BR DIST-GRND RPS (AB)(MI) m o Xref: WESTSDE2
06-20-19T18:54:25: Finished Supplier: WESTSDE2-WESTSIDE BR DIST-GRND RPS (AB)(MI) m o Xref: WESTSDE2
06-20-19T18:54:25: Total Items: 2
06-20-19T18:54:25: File created in working xls folder: Supplier Item-WESTSDE2-WESTSIDE BR DIST-GRND RPS (AB)(MI) m o_WESTSDE2_01.xlsx
06-20-19T18:54:25: ...
06-20-19T18:54:25: Found Input File: Supplier Item-WIEMUTH_WIEMUTH-WIEMUTH & SON COMPANY INC (MN)-NEW CO._01.csv
06-20-19T18:54:25: Processing Supplier: WIEMUTH-WIEMUTH & SON COMPANY INC (MN)-NEW CO. Xref: WIEMUTH
06-20-19T18:54:29: Finished Supplier: WIEMUTH-WIEMUTH & SON COMPANY INC (MN)-NEW CO. Xref: WIEMUTH
06-20-19T18:54:29: Total Items: 2
06-20-19T18:54:29: File created in working xls folder: Supplier Item-WIEMUTH-WIEMUTH & SON COMPANY INC (MN)-NEW CO._WIEMUTH_01.xlsx
06-20-19T18:54:29: ...
06-20-19T18:54:29: End Log
