06-27-19T15:22:50: Start Log
06-27-19T15:22:50: Processing File: Supplier Item-HAMANBRO_HAMANBRO-HAMAN BROS PROD CO_01 (New).xlsx
06-27-19T15:22:52: Finished File: Supplier Item-HAMANBRO_HAMANBRO-HAMAN BROS PROD CO_01 (New).xlsx
06-27-19T15:22:52: File created in final csv folder: Supplier Item-HAMANBRO_HAMANBRO-HAMAN BROS PROD CO_01 (New).csv
06-27-19T15:22:52: ...
06-27-19T15:22:52: Processing File: Supplier Item-PEPSICOL_PEPSICOL-PEPSI COLUMBUS G&J (OH) (asn)_01.xlsx
06-27-19T15:22:55: Finished File: Supplier Item-PEPSICOL_PEPSICOL-PEPSI COLUMBUS G&J (OH) (asn)_01.xlsx
06-27-19T15:22:55: File created in final csv folder: Supplier Item-PEPSICOL_PEPSICOL-PEPSI COLUMBUS G&J (OH) (asn)_01.csv
06-27-19T15:22:55: ...
06-27-19T15:22:55: Processing File: Supplier Item-PEPSLEXI_PEPSLEXI-PEPSI LEXINGTON G&J (KY)-asn_01.xlsx
06-27-19T15:22:58: Finished File: Supplier Item-PEPSLEXI_PEPSLEXI-PEPSI LEXINGTON G&J (KY)-asn_01.xlsx
06-27-19T15:22:58: File created in final csv folder: Supplier Item-PEPSLEXI_PEPSLEXI-PEPSI LEXINGTON G&J (KY)-asn_01.csv
06-27-19T15:22:58: ...
06-27-19T15:22:58: Processing File: Supplier Item-SHELTONS_SHELTONS-SHELTONS FARM MARKET_01 (New).xlsx
06-27-19T15:23:01: Finished File: Supplier Item-SHELTONS_SHELTONS-SHELTONS FARM MARKET_01 (New).xlsx
06-27-19T15:23:01: File created in final csv folder: Supplier Item-SHELTONS_SHELTONS-SHELTONS FARM MARKET_01 (New).csv
06-27-19T15:23:01: ...
06-27-19T15:23:02: Processing File: Supplier Item-STEUBEN_STEUBEN-STEUBENVILLE FRUIT_01 (New).xlsx
06-27-19T15:23:04: Finished File: Supplier Item-STEUBEN_STEUBEN-STEUBENVILLE FRUIT_01 (New).xlsx
06-27-19T15:23:04: File created in final csv folder: Supplier Item-STEUBEN_STEUBEN-STEUBENVILLE FRUIT_01 (New).csv
06-27-19T15:23:04: ...
06-27-19T15:23:04: Processing File: Supplier Item-STEVES_STEVES-STEVES PRODUCE_01 (New).xlsx
06-27-19T15:23:07: Finished File: Supplier Item-STEVES_STEVES-STEVES PRODUCE_01 (New).xlsx
06-27-19T15:23:07: File created in final csv folder: Supplier Item-STEVES_STEVES-STEVES PRODUCE_01 (New).csv
06-27-19T15:23:07: ...
06-27-19T15:23:07: Processing File: Supplier Item-__HERR SNACKS.xlsx
06-27-19T15:23:11: Finished File: Supplier Item-__HERR SNACKS.xlsx
06-27-19T15:23:11: File created in final csv folder: Supplier Item-__HERR SNACKS.csv
06-27-19T15:23:11: ...
06-27-19T15:23:11: End Log
