06-04-19T17:40:49: Start Log
06-04-19T17:40:49: ------------------------------------------------
06-04-19T17:40:49: 
06-04-19T17:40:49: ------------------------------------------------
06-04-19T17:40:49: 
06-04-19T17:40:49: Mapping Folder:  C:\Users\chuck\Documents\ROC\Speedway-Source\Data Extraction And Loading\Import Files\Replace Id Values in XML Upload Files\MapFiles\
06-04-19T17:40:49: 
06-04-19T17:40:51: Sales Item IDs Reference
06-04-19T17:40:51: ------------------------------------------------
06-04-19T17:40:51: 
06-04-19T17:40:51: Sales Item IDs in mapping array:  60610
06-04-19T17:40:51: 
06-04-19T17:40:51: Searching for XML Files
06-04-19T17:40:51: ------------------------------------------------
06-04-19T17:40:51: 
06-04-19T17:40:51:  Files found in Source folder
06-04-19T17:40:51: 
06-04-19T17:40:51:  Processing File: C:\Test Replace Id Values in XML Files\1000008\05-22-2019\DM_RadXML_Summary_Import  588F33A-0C1C-B4EB-3825-176722105CD8.xml
06-04-19T17:40:51: 
06-04-19T17:40:51:  ---> Total Count of replaced Sales Item IDs: 0
06-04-19T17:40:51:  ---> Total Count of all Sales Item IDs:      0
06-04-19T17:40:51:  ---> Total Count of all Employee IDs:        0
06-04-19T17:40:51:  ---> File created: C:\Test Replace Id Values in XML Files\1000008\Replaced\05-22-2019\Errors\e_DM_RadXML_Summary_Import  588F33A-0C1C-B4EB-3825-176722105CD8.xml
06-04-19T17:40:51: 
06-04-19T17:40:51:  Finished File:   C:\Test Replace Id Values in XML Files\1000008\05-22-2019\DM_RadXML_Summary_Import  588F33A-0C1C-B4EB-3825-176722105CD8.xml
06-04-19T17:40:51: 
06-04-19T17:40:51: End Log - Total Process Time: 0 min 1 sec
