07-03-19T16:08:44: Start Log
07-03-19T16:08:44: Found Input File: Test.csv
07-03-19T16:08:44: Item Rows: 10
07-03-19T16:08:44: Item Rows: 20
07-03-19T16:08:44: Item Rows: 30
07-03-19T16:08:44: Item Rows: 40
07-03-19T16:08:44: Item Rows: 50
07-03-19T16:08:44: Item Rows: 60
07-03-19T16:08:44: Item Rows: 70
07-03-19T16:08:44: Item Rows: 80
07-03-19T16:08:44: Item Rows: 90
07-03-19T16:08:44: Item Rows: 100
07-03-19T16:08:44: Item Rows: 110
07-03-19T16:08:44: Item Rows: 120
07-03-19T16:08:44: Item Rows: 130
07-03-19T16:08:44: Item Rows: 140
07-03-19T16:08:44: Item Rows: 150
07-03-19T16:08:44: Item Rows: 160
07-03-19T16:08:44: Item Rows: 170
07-03-19T16:08:44: Item Rows: 180
07-03-19T16:08:44: Item Rows: 190
07-03-19T16:08:44: Item Rows: 200
07-03-19T16:08:44: Item Rows: 210
07-03-19T16:08:44: Item Rows: 220
07-03-19T16:08:44: Item Rows: 230
07-03-19T16:08:44: Item Rows: 240
07-03-19T16:08:44: Item Rows: 250
07-03-19T16:08:44: Item Rows: 260
07-03-19T16:08:44: Item Rows: 270
07-03-19T16:08:44: Item Rows: 280
07-03-19T16:08:44: Item Rows: 290
07-03-19T16:08:44: Item Rows: 300
07-03-19T16:08:44: Item Rows: 310
07-03-19T16:08:44: Item Rows: 320
07-03-19T16:08:44: Item Rows: 330
07-03-19T16:08:44: Item Rows: 340
07-03-19T16:08:44: Item Rows: 350
07-03-19T16:08:44: Item Rows: 360
07-03-19T16:08:44: Item Rows: 370
07-03-19T16:08:44: Item Rows: 380
07-03-19T16:08:44: Item Rows: 390
07-03-19T16:08:44: Item Rows: 400
07-03-19T16:08:44: Item Rows: 410
07-03-19T16:08:44: Item Rows: 420
07-03-19T16:08:44: Item Rows: 430
07-03-19T16:08:44: Item Rows: 440
07-03-19T16:08:44: Item Rows: 450
07-03-19T16:08:44: Item Rows: 460
07-03-19T16:08:44: Item Rows: 470
07-03-19T16:08:44: Item Rows: 480
07-03-19T16:08:44: Item Rows: 490
07-03-19T16:08:44: Item Rows: 500
07-03-19T16:08:44: Item Rows: 510
07-03-19T16:08:44: Item Rows: 520
07-03-19T16:08:44: Item Rows: 530
07-03-19T16:08:44: Item Rows: 540
07-03-19T16:08:44: Item Rows: 550
07-03-19T16:08:44: Item Rows: 560
07-03-19T16:08:44: Item Rows: 570
07-03-19T16:08:44: Item Rows: 580
07-03-19T16:08:44: Item Rows: 590
07-03-19T16:08:44: Item Rows: 600
07-03-19T16:08:44: Item Rows: 610
07-03-19T16:08:44: Item Rows: 620
07-03-19T16:08:44: Item Rows: 630
07-03-19T16:08:44: Item Rows: 640
07-03-19T16:08:44: Item Rows: 650
07-03-19T16:08:44: Item Rows: 660
07-03-19T16:08:44: Item Rows: 670
07-03-19T16:08:44: Item Rows: 680
07-03-19T16:08:44: Item Rows: 690
07-03-19T16:08:44: Item Rows: 700
07-03-19T16:08:44: Item Rows: 710
07-03-19T16:08:44: Item Rows: 720
07-03-19T16:08:44: Item Rows: 730
07-03-19T16:08:44: Item Rows: 740
07-03-19T16:08:44: Item Rows: 750
07-03-19T16:08:44: Item Rows: 760
07-03-19T16:08:44: Item Rows: 770
07-03-19T16:08:44: Item Rows: 780
07-03-19T16:08:44: Item Rows: 790
07-03-19T16:08:44: Item Rows: 800
07-03-19T16:08:44: Item Rows: 810
07-03-19T16:08:44: Item Rows: 820
07-03-19T16:08:44: Item Rows: 830
07-03-19T16:08:44: Item Rows: 840
07-03-19T16:08:44: Item Rows: 850
07-03-19T16:08:44: Item Rows: 860
07-03-19T16:08:44: Item Rows: 870
07-03-19T16:08:44: Item Rows: 880
07-03-19T16:08:44: Item Rows: 890
07-03-19T16:08:44: Item Rows: 900
07-03-19T16:08:44: Item Rows: 910
07-03-19T16:08:44: Item Rows: 920
07-03-19T16:08:44: Item Rows: 930
07-03-19T16:08:44: Item Rows: 940
07-03-19T16:08:44: Item Rows: 950
07-03-19T16:08:44: Item Rows: 960
07-03-19T16:08:44: Item Rows: 970
07-03-19T16:08:44: Item Rows: 980
07-03-19T16:08:44: Item Rows: 990
07-03-19T16:08:44: Item Rows: 1000
07-03-19T16:08:44: Item Rows: 1010
07-03-19T16:08:44: Item Rows: 1020
07-03-19T16:08:44: Item Rows: 1030
07-03-19T16:08:44: Item Rows: 1040
07-03-19T16:08:44: Item Rows: 1050
07-03-19T16:08:44: Item Rows: 1060
07-03-19T16:08:44: Item Rows: 1070
07-03-19T16:08:44: Item Rows: 1080
07-03-19T16:08:44: Item Rows: 1090
07-03-19T16:08:44: Item Rows: 1100
07-03-19T16:08:44: Item Rows: 1110
07-03-19T16:08:44: Item Rows: 1120
07-03-19T16:08:44: Item Rows: 1130
07-03-19T16:08:44: Item Rows: 1140
07-03-19T16:08:44: Item Rows: 1150
07-03-19T16:08:44: Item Rows: 1160
07-03-19T16:08:44: Item Rows: 1170
07-03-19T16:08:44: Item Rows: 1180
07-03-19T16:08:44: Item Rows: 1190
07-03-19T16:08:44: Item Rows: 1200
07-03-19T16:08:44: Item Rows: 1210
07-03-19T16:08:44: Item Rows: 1220
07-03-19T16:08:44: Item Rows: 1230
07-03-19T16:08:44: Item Rows: 1240
07-03-19T16:08:44: Item Rows: 1250
07-03-19T16:08:44: Item Rows: 1260
07-03-19T16:08:44: Item Rows: 1270
07-03-19T16:08:44: Item Rows: 1280
07-03-19T16:08:44: Item Rows: 1290
07-03-19T16:08:44: Item Rows: 1300
07-03-19T16:08:44: Item Rows: 1310
07-03-19T16:08:44: Item Rows: 1320
07-03-19T16:08:44: Item Rows: 1330
07-03-19T16:08:44: Item Rows: 1340
07-03-19T16:08:44: Item Rows: 1350
07-03-19T16:08:44: Item Rows: 1360
07-03-19T16:08:44: Item Rows: 1370
07-03-19T16:08:44: Item Rows: 1380
07-03-19T16:08:44: Item Rows: 1390
07-03-19T16:08:44: Item Rows: 1400
07-03-19T16:08:44: Item Rows: 1410
07-03-19T16:08:44: Item Rows: 1420
07-03-19T16:08:44: Item Rows: 1430
07-03-19T16:08:44: Item Rows: 1440
07-03-19T16:08:44: Item Rows: 1450
07-03-19T16:08:44: Item Rows: 1460
07-03-19T16:08:44: Item Rows: 1470
07-03-19T16:08:44: Item Rows: 1480
07-03-19T16:08:44: Item Rows: 1490
07-03-19T16:08:44: Item Rows: 1500
07-03-19T16:08:44: Item Rows: 1510
07-03-19T16:08:44: Item Rows: 1520
07-03-19T16:08:44: Item Rows: 1530
07-03-19T16:08:44: Item Rows: 1540
07-03-19T16:08:44: Item Rows: 1550
07-03-19T16:08:44: Item Rows: 1560
07-03-19T16:08:44: Item Rows: 1570
07-03-19T16:08:44: Item Rows: 1580
07-03-19T16:08:44: Item Rows: 1590
07-03-19T16:08:44: Item Rows: 1600
07-03-19T16:08:44: Item Rows: 1610
07-03-19T16:08:44: Item Rows: 1620
07-03-19T16:08:44: Item Rows: 1630
07-03-19T16:08:44: Item Rows: 1640
07-03-19T16:08:44: Item Rows: 1650
07-03-19T16:08:44: Item Rows: 1660
07-03-19T16:08:44: Item Rows: 1670
07-03-19T16:08:44: Item Rows: 1680
07-03-19T16:08:44: Item Rows: 1690
07-03-19T16:08:44: Item Rows: 1700
07-03-19T16:08:44: Item Rows: 1710
07-03-19T16:08:44: Item Rows: 1720
07-03-19T16:08:44: Item Rows: 1730
07-03-19T16:08:44: Item Rows: 1740
07-03-19T16:08:44: Item Rows: 1750
07-03-19T16:08:44: Item Rows: 1760
07-03-19T16:08:44: Item Rows: 1770
07-03-19T16:08:44: Item Rows: 1780
07-03-19T16:08:44: Item Rows: 1790
07-03-19T16:08:44: Item Rows: 1800
07-03-19T16:08:44: Item Rows: 1810
07-03-19T16:08:44: Item Rows: 1820
07-03-19T16:08:44: Item Rows: 1830
07-03-19T16:08:44: Item Rows: 1840
07-03-19T16:08:44: Item Rows: 1850
07-03-19T16:08:44: Item Rows: 1860
07-03-19T16:08:44: Item Rows: 1870
07-03-19T16:08:44: Item Rows: 1880
07-03-19T16:08:44: Item Rows: 1890
07-03-19T16:08:44: Item Rows: 1900
07-03-19T16:08:44: Item Rows: 1910
07-03-19T16:08:44: Item Rows: 1920
07-03-19T16:08:44: Item Rows: 1930
07-03-19T16:08:44: Item Rows: 1940
07-03-19T16:08:44: Item Rows: 1950
07-03-19T16:08:44: Item Rows: 1960
07-03-19T16:08:44: Item Rows: 1970
07-03-19T16:08:44: Item Rows: 1980
07-03-19T16:08:44: Item Rows: 1990
07-03-19T16:08:44: Item Rows: 2000
07-03-19T16:08:44: Item Rows: 2010
07-03-19T16:08:44: Item Rows: 2020
07-03-19T16:08:44: Item Rows: 2030
07-03-19T16:08:44: Item Rows: 2040
07-03-19T16:08:44: Item Rows: 2050
07-03-19T16:08:44: Item Rows: 2060
07-03-19T16:08:44: Item Rows: 2070
07-03-19T16:08:44: Item Rows: 2080
07-03-19T16:08:44: Item Rows: 2090
07-03-19T16:08:44: Item Rows: 2100
07-03-19T16:08:44: Item Rows: 2110
07-03-19T16:08:44: Item Rows: 2120
07-03-19T16:08:44: Item Rows: 2130
07-03-19T16:08:44: Item Rows: 2140
07-03-19T16:08:44: Item Rows: 2150
07-03-19T16:08:44: Item Rows: 2160
07-03-19T16:08:44: Item Rows: 2170
07-03-19T16:08:44: Item Rows: 2180
07-03-19T16:08:44: Item Rows: 2190
07-03-19T16:08:44: Item Rows: 2200
07-03-19T16:08:44: Item Rows: 2210
07-03-19T16:08:44: Item Rows: 2220
07-03-19T16:08:44: Item Rows: 2230
07-03-19T16:08:44: Item Rows: 2240
07-03-19T16:08:44: Item Rows: 2250
07-03-19T16:08:44: Item Rows: 2260
07-03-19T16:08:44: Item Rows: 2270
07-03-19T16:08:44: Item Rows: 2280
07-03-19T16:08:44: Item Rows: 2290
07-03-19T16:08:44: Item Rows: 2300
07-03-19T16:08:44: Item Rows: 2310
07-03-19T16:08:44: Item Rows: 2320
07-03-19T16:08:44: Item Rows: 2330
07-03-19T16:08:44: Item Rows: 2340
07-03-19T16:08:44: Item Rows: 2350
07-03-19T16:08:44: Item Rows: 2360
07-03-19T16:08:44: Item Rows: 2370
07-03-19T16:08:44: Item Rows: 2380
07-03-19T16:08:44: Item Rows: 2390
07-03-19T16:08:44: Item Rows: 2400
07-03-19T16:08:44: Item Rows: 2410
07-03-19T16:08:44: Item Rows: 2420
07-03-19T16:08:44: Item Rows: 2430
07-03-19T16:08:44: Item Rows: 2440
07-03-19T16:08:44: Item Rows: 2450
07-03-19T16:08:44: Item Rows: 2460
07-03-19T16:08:44: Item Rows: 2470
07-03-19T16:08:44: Item Rows: 2480
07-03-19T16:08:44: Item Rows: 2490
07-03-19T16:08:44: Item Rows: 2500
07-03-19T16:08:44: Item Rows: 2510
07-03-19T16:08:44: Item Rows: 2520
07-03-19T16:08:44: Item Rows: 2530
07-03-19T16:08:44: Item Rows: 2540
07-03-19T16:08:44: Item Rows: 2550
07-03-19T16:08:44: Item Rows: 2560
07-03-19T16:08:44: Item Rows: 2570
07-03-19T16:08:44: Item Rows: 2580
07-03-19T16:08:44: Item Rows: 2590
07-03-19T16:08:44: Item Rows: 2600
07-03-19T16:08:44: Item Rows: 2610
07-03-19T16:08:44: Item Rows: 2620
07-03-19T16:08:44: Item Rows: 2630
07-03-19T16:08:44: Item Rows: 2640
07-03-19T16:08:44: Item Rows: 2650
07-03-19T16:08:44: Item Rows: 2660
07-03-19T16:08:44: Item Rows: 2670
07-03-19T16:08:44: Item Rows: 2680
07-03-19T16:08:44: Item Rows: 2690
07-03-19T16:08:45: Item Rows: 2700
07-03-19T16:08:45: Item Rows: 2710
07-03-19T16:08:45: Item Rows: 2720
07-03-19T16:08:45: Item Rows: 2730
07-03-19T16:08:45: Item Rows: 2740
07-03-19T16:08:45: Item Rows: 2750
07-03-19T16:08:45: Item Rows: 2760
07-03-19T16:08:45: Item Rows: 2770
07-03-19T16:08:45: Item Rows: 2780
07-03-19T16:08:45: Item Rows: 2790
07-03-19T16:08:45: Item Rows: 2800
07-03-19T16:08:45: Item Rows: 2810
07-03-19T16:08:45: Item Rows: 2820
07-03-19T16:08:45: Item Rows: 2830
07-03-19T16:08:45: Item Rows: 2840
07-03-19T16:08:45: Item Rows: 2850
07-03-19T16:08:45: Item Rows: 2860
07-03-19T16:08:45: Item Rows: 2870
07-03-19T16:08:45: Item Rows: 2880
07-03-19T16:08:45: Item Rows: 2890
07-03-19T16:08:45: Item Rows: 2900
07-03-19T16:08:45: Item Rows: 2910
07-03-19T16:08:45: Item Rows: 2920
07-03-19T16:08:45: Item Rows: 2930
07-03-19T16:08:45: Item Rows: 2940
07-03-19T16:08:45: Item Rows: 2950
07-03-19T16:08:45: Item Rows: 2960
07-03-19T16:08:45: Item Rows: 2970
07-03-19T16:08:45: Item Rows: 2980
07-03-19T16:08:45: Item Rows: 2990
07-03-19T16:08:45: Item Rows: 3000
07-03-19T16:08:45: Item Rows: 3010
07-03-19T16:08:45: Item Rows: 3020
07-03-19T16:08:45: Item Rows: 3030
07-03-19T16:08:45: Item Rows: 3040
07-03-19T16:08:45: Item Rows: 3050
07-03-19T16:08:45: Item Rows: 3060
07-03-19T16:08:45: Item Rows: 3070
07-03-19T16:08:45: Item Rows: 3080
07-03-19T16:08:45: Item Rows: 3090
07-03-19T16:08:45: Item Rows: 3100
07-03-19T16:08:45: Item Rows: 3110
07-03-19T16:08:45: Item Rows: 3120
07-03-19T16:08:45: Item Rows: 3130
07-03-19T16:08:45: Item Rows: 3140
07-03-19T16:08:45: Item Rows: 3150
07-03-19T16:08:45: Item Rows: 3160
07-03-19T16:08:45: Item Rows: 3170
07-03-19T16:08:45: Item Rows: 3180
07-03-19T16:08:45: Item Rows: 3190
07-03-19T16:08:45: Item Rows: 3200
07-03-19T16:08:45: Item Rows: 3210
07-03-19T16:08:45: Item Rows: 3220
07-03-19T16:08:45: Item Rows: 3230
07-03-19T16:08:45: Item Rows: 3240
07-03-19T16:08:45: Item Rows: 3250
07-03-19T16:08:45: Item Rows: 3260
07-03-19T16:08:45: Item Rows: 3270
07-03-19T16:08:45: Item Rows: 3280
07-03-19T16:08:45: Item Rows: 3290
07-03-19T16:08:45: Item Rows: 3300
07-03-19T16:08:45: Item Rows: 3310
07-03-19T16:08:45: Item Rows: 3320
07-03-19T16:08:45: Item Rows: 3330
07-03-19T16:08:45: Item Rows: 3340
07-03-19T16:08:45: Item Rows: 3350
07-03-19T16:08:45: Item Rows: 3360
07-03-19T16:08:45: Item Rows: 3370
07-03-19T16:08:45: Item Rows: 3380
07-03-19T16:08:45: Item Rows: 3390
07-03-19T16:08:45: Item Rows: 3400
07-03-19T16:08:45: Item Rows: 3410
07-03-19T16:08:45: Item Rows: 3420
07-03-19T16:08:45: Item Rows: 3430
07-03-19T16:08:45: Item Rows: 3440
07-03-19T16:08:45: Item Rows: 3450
07-03-19T16:08:45: Item Rows: 3460
07-03-19T16:08:45: Item Rows: 3470
07-03-19T16:08:45: Item Rows: 3480
07-03-19T16:08:45: Item Rows: 3490
07-03-19T16:08:45: Item Rows: 3500
07-03-19T16:08:45: Item Rows: 3510
07-03-19T16:08:45: Item Rows: 3520
07-03-19T16:08:45: Item Rows: 3530
07-03-19T16:08:45: Item Rows: 3540
07-03-19T16:08:45: Item Rows: 3550
07-03-19T16:08:45: Item Rows: 3560
07-03-19T16:08:45: Item Rows: 3570
07-03-19T16:08:45: Item Rows: 3580
07-03-19T16:08:45: Item Rows: 3590
07-03-19T16:08:45: Item Rows: 3600
07-03-19T16:08:45: Item Rows: 3610
07-03-19T16:08:45: Item Rows: 3620
07-03-19T16:08:45: Item Rows: 3630
07-03-19T16:08:45: Item Rows: 3640
07-03-19T16:08:45: Item Rows: 3650
07-03-19T16:08:45: Item Rows: 3660
07-03-19T16:08:45: Item Rows: 3670
07-03-19T16:08:45: Item Rows: 3680
07-03-19T16:08:45: Item Rows: 3690
07-03-19T16:08:45: Item Rows: 3700
07-03-19T16:08:45: Item Rows: 3710
07-03-19T16:08:45: Item Rows: 3720
07-03-19T16:08:45: Item Rows: 3730
07-03-19T16:08:45: Item Rows: 3740
07-03-19T16:08:45: Item Rows: 3750
07-03-19T16:08:45: Item Rows: 3760
07-03-19T16:08:45: Item Rows: 3770
07-03-19T16:08:45: Item Rows: 3780
07-03-19T16:08:45: Item Rows: 3790
07-03-19T16:08:45: Item Rows: 3800
07-03-19T16:08:45: Item Rows: 3810
07-03-19T16:08:45: Item Rows: 3820
07-03-19T16:08:45: Item Rows: 3830
07-03-19T16:08:45: Item Rows: 3840
07-03-19T16:08:45: Item Rows: 3850
07-03-19T16:08:45: Item Rows: 3860
07-03-19T16:08:45: Item Rows: 3870
07-03-19T16:08:45: Item Rows: 3880
07-03-19T16:08:45: Item Rows: 3890
07-03-19T16:08:45: Item Rows: 3900
07-03-19T16:08:45: Item Rows: 3910
07-03-19T16:08:45: Item Rows: 3920
07-03-19T16:08:45: Item Rows: 3930
07-03-19T16:08:45: Item Rows: 3940
07-03-19T16:08:45: Item Rows: 3950
07-03-19T16:08:45: Item Rows: 3960
07-03-19T16:08:45: Item Rows: 3970
07-03-19T16:08:45: Item Rows: 3980
07-03-19T16:08:45: Item Rows: 3990
07-03-19T16:08:45: Item Rows: 4000
07-03-19T16:08:45: Item Rows: 4010
07-03-19T16:08:45: Item Rows: 4020
07-03-19T16:08:45: Item Rows: 4030
07-03-19T16:08:45: Item Rows: 4040
07-03-19T16:08:45: Item Rows: 4050
07-03-19T16:08:45: Item Rows: 4060
07-03-19T16:08:45: Item Rows: 4070
07-03-19T16:08:45: Item Rows: 4080
07-03-19T16:08:45: Item Rows: 4090
07-03-19T16:08:45: Item Rows: 4100
07-03-19T16:08:45: Item Rows: 4110
07-03-19T16:08:45: Item Rows: 4120
07-03-19T16:08:45: Item Rows: 4130
07-03-19T16:08:45: Item Rows: 4140
07-03-19T16:08:45: Item Rows: 4150
07-03-19T16:08:45: Item Rows: 4160
07-03-19T16:08:45: Item Rows: 4170
07-03-19T16:08:45: Item Rows: 4180
07-03-19T16:08:45: Item Rows: 4190
07-03-19T16:08:45: Item Rows: 4200
07-03-19T16:08:45: Item Rows: 4210
07-03-19T16:08:45: Item Rows: 4220
07-03-19T16:08:45: Item Rows: 4230
07-03-19T16:08:45: Item Rows: 4240
07-03-19T16:08:45: Item Rows: 4250
07-03-19T16:08:45: Item Rows: 4260
07-03-19T16:08:45: Item Rows: 4270
07-03-19T16:08:45: Item Rows: 4280
07-03-19T16:08:45: Item Rows: 4290
07-03-19T16:08:45: Item Rows: 4300
07-03-19T16:08:45: Item Rows: 4310
07-03-19T16:08:45: Item Rows: 4320
07-03-19T16:08:45: Item Rows: 4330
07-03-19T16:08:45: Item Rows: 4340
07-03-19T16:08:45: Item Rows: 4350
07-03-19T16:08:45: Item Rows: 4360
07-03-19T16:08:45: Item Rows: 4370
07-03-19T16:08:45: Item Rows: 4380
07-03-19T16:08:45: Item Rows: 4390
07-03-19T16:08:45: Item Rows: 4400
07-03-19T16:08:45: Item Rows: 4410
07-03-19T16:08:45: Item Rows: 4420
07-03-19T16:08:45: Item Rows: 4430
07-03-19T16:08:45: Item Rows: 4440
07-03-19T16:08:45: Item Rows: 4450
07-03-19T16:08:45: Item Rows: 4460
07-03-19T16:08:45: Item Rows: 4470
07-03-19T16:08:45: Item Rows: 4480
07-03-19T16:08:45: Item Rows: 4490
07-03-19T16:08:45: Item Rows: 4500
07-03-19T16:08:45: Item Rows: 4510
07-03-19T16:08:45: Item Rows: 4520
07-03-19T16:08:45: Item Rows: 4530
07-03-19T16:08:45: Item Rows: 4540
07-03-19T16:08:45: Item Rows: 4550
07-03-19T16:08:45: Item Rows: 4560
07-03-19T16:08:45: Item Rows: 4570
07-03-19T16:08:45: Item Rows: 4580
07-03-19T16:08:45: Item Rows: 4590
07-03-19T16:08:45: Item Rows: 4600
07-03-19T16:08:45: Item Rows: 4610
07-03-19T16:08:45: Item Rows: 4620
07-03-19T16:08:45: Item Rows: 4630
07-03-19T16:08:45: Item Rows: 4640
07-03-19T16:08:45: Item Rows: 4650
07-03-19T16:08:45: Item Rows: 4660
07-03-19T16:08:45: Item Rows: 4670
07-03-19T16:08:45: Item Rows: 4680
07-03-19T16:08:45: Item Rows: 4690
07-03-19T16:08:45: Item Rows: 4700
07-03-19T16:08:45: Item Rows: 4710
07-03-19T16:08:45: Item Rows: 4720
07-03-19T16:08:45: Item Rows: 4730
07-03-19T16:08:45: Item Rows: 4740
07-03-19T16:08:45: Item Rows: 4750
07-03-19T16:08:45: Item Rows: 4760
07-03-19T16:08:45: Item Rows: 4770
07-03-19T16:08:45: Item Rows: 4780
07-03-19T16:08:45: Item Rows: 4790
07-03-19T16:08:45: Item Rows: 4800
07-03-19T16:08:45: Item Rows: 4810
07-03-19T16:08:45: Item Rows: 4820
07-03-19T16:08:45: Item Rows: 4830
07-03-19T16:08:45: Item Rows: 4840
07-03-19T16:08:45: Item Rows: 4850
07-03-19T16:08:45: Item Rows: 4860
07-03-19T16:08:45: Item Rows: 4870
07-03-19T16:08:45: Item Rows: 4880
07-03-19T16:08:45: Item Rows: 4890
07-03-19T16:08:45: Item Rows: 4900
07-03-19T16:08:45: Item Rows: 4910
07-03-19T16:08:45: Item Rows: 4920
07-03-19T16:08:45: Item Rows: 4930
07-03-19T16:08:45: Item Rows: 4940
07-03-19T16:08:45: Item Rows: 4950
07-03-19T16:08:45: Item Rows: 4960
07-03-19T16:08:45: Item Rows: 4970
07-03-19T16:08:45: Item Rows: 4980
07-03-19T16:08:45: Item Rows: 4990
07-03-19T16:08:45: Item Rows: 5000
07-03-19T16:08:45: Item Rows: 5010
07-03-19T16:08:45: Item Rows: 5020
07-03-19T16:08:45: Item Rows: 5030
07-03-19T16:08:45: Item Rows: 5040
07-03-19T16:08:45: Item Rows: 5050
07-03-19T16:08:45: Item Rows: 5060
07-03-19T16:08:45: Item Rows: 5070
07-03-19T16:08:45: Item Rows: 5080
07-03-19T16:08:45: Item Rows: 5090
07-03-19T16:08:45: Item Rows: 5100
07-03-19T16:08:45: Item Rows: 5110
07-03-19T16:08:45: Item Rows: 5120
07-03-19T16:08:45: Item Rows: 5130
07-03-19T16:08:45: Item Rows: 5140
07-03-19T16:08:45: Item Rows: 5150
07-03-19T16:08:45: Item Rows: 5160
07-03-19T16:08:45: Item Rows: 5170
07-03-19T16:08:45: Item Rows: 5180
07-03-19T16:08:45: Item Rows: 5190
07-03-19T16:08:45: Item Rows: 5200
07-03-19T16:08:45: Item Rows: 5210
07-03-19T16:08:45: Item Rows: 5220
07-03-19T16:08:45: Item Rows: 5230
07-03-19T16:08:45: Item Rows: 5240
07-03-19T16:08:45: Item Rows: 5250
07-03-19T16:08:45: Item Rows: 5260
07-03-19T16:08:45: Item Rows: 5270
07-03-19T16:08:45: Item Rows: 5280
07-03-19T16:08:45: Item Rows: 5290
07-03-19T16:08:45: Item Rows: 5300
07-03-19T16:08:45: Item Rows: 5310
07-03-19T16:08:45: Item Rows: 5320
07-03-19T16:08:45: Item Rows: 5330
07-03-19T16:08:45: Item Rows: 5340
07-03-19T16:08:45: Item Rows: 5350
07-03-19T16:08:45: Item Rows: 5360
07-03-19T16:08:45: Item Rows: 5370
07-03-19T16:08:45: Item Rows: 5380
07-03-19T16:08:45: Item Rows: 5390
07-03-19T16:08:45: Item Rows: 5400
07-03-19T16:08:45: Item Rows: 5410
07-03-19T16:08:45: Item Rows: 5420
07-03-19T16:08:45: Item Rows: 5430
07-03-19T16:08:45: Item Rows: 5440
07-03-19T16:08:45: Item Rows: 5450
07-03-19T16:08:45: Item Rows: 5460
07-03-19T16:08:45: Item Rows: 5470
07-03-19T16:08:45: Item Rows: 5480
07-03-19T16:08:45: Item Rows: 5490
07-03-19T16:08:45: Item Rows: 5500
07-03-19T16:08:45: Item Rows: 5510
07-03-19T16:08:45: Item Rows: 5520
07-03-19T16:08:45: Item Rows: 5530
07-03-19T16:08:45: Item Rows: 5540
07-03-19T16:08:45: Item Rows: 5550
07-03-19T16:08:45: Item Rows: 5560
07-03-19T16:08:45: Item Rows: 5570
07-03-19T16:08:45: Item Rows: 5580
07-03-19T16:08:45: Item Rows: 5590
07-03-19T16:08:45: Item Rows: 5600
07-03-19T16:08:45: Item Rows: 5610
07-03-19T16:08:45: Item Rows: 5620
07-03-19T16:08:45: Item Rows: 5630
07-03-19T16:08:45: Item Rows: 5640
07-03-19T16:08:45: Item Rows: 5650
07-03-19T16:08:45: Item Rows: 5660
07-03-19T16:08:45: Item Rows: 5670
07-03-19T16:08:45: Item Rows: 5680
07-03-19T16:08:45: Item Rows: 5690
07-03-19T16:08:45: Item Rows: 5700
07-03-19T16:08:45: Item Rows: 5710
07-03-19T16:08:45: Item Rows: 5720
07-03-19T16:08:45: Item Rows: 5730
07-03-19T16:08:45: Item Rows: 5740
07-03-19T16:08:45: Item Rows: 5750
07-03-19T16:08:45: Item Rows: 5760
07-03-19T16:08:45: Item Rows: 5770
07-03-19T16:08:45: Item Rows: 5780
07-03-19T16:08:45: Item Rows: 5790
07-03-19T16:08:45: Item Rows: 5800
07-03-19T16:08:45: Item Rows: 5810
07-03-19T16:08:45: Item Rows: 5820
07-03-19T16:08:45: Item Rows: 5830
07-03-19T16:08:45: Item Rows: 5840
07-03-19T16:08:45: Item Rows: 5850
07-03-19T16:08:45: Item Rows: 5860
07-03-19T16:08:45: Item Rows: 5870
07-03-19T16:08:45: Item Rows: 5880
07-03-19T16:08:45: Item Rows: 5890
07-03-19T16:08:45: Item Rows: 5900
07-03-19T16:08:45: Item Rows: 5910
07-03-19T16:08:45: Item Rows: 5920
07-03-19T16:08:45: Item Rows: 5930
07-03-19T16:08:45: Item Rows: 5940
07-03-19T16:08:45: Item Rows: 5950
07-03-19T16:08:45: Item Rows: 5960
07-03-19T16:08:46: Item Rows: 5970
07-03-19T16:08:46: Item Rows: 5980
07-03-19T16:08:46: Item Rows: 5990
07-03-19T16:08:46: Item Rows: 6000
07-03-19T16:08:46: Item Rows: 6010
07-03-19T16:08:46: Item Rows: 6020
07-03-19T16:08:46: Item Rows: 6030
07-03-19T16:08:46: Item Rows: 6040
07-03-19T16:08:46: Item Rows: 6050
07-03-19T16:08:46: Item Rows: 6060
07-03-19T16:08:46: Item Rows: 6070
07-03-19T16:08:46: Item Rows: 6080
07-03-19T16:08:46: Item Rows: 6090
07-03-19T16:08:46: Item Rows: 6100
07-03-19T16:08:46: Item Rows: 6110
07-03-19T16:08:46: Item Rows: 6120
07-03-19T16:08:46: Item Rows: 6130
07-03-19T16:08:46: Item Rows: 6140
07-03-19T16:08:46: Item Rows: 6150
07-03-19T16:08:46: Item Rows: 6160
07-03-19T16:08:46: Item Rows: 6170
07-03-19T16:08:46: Item Rows: 6180
07-03-19T16:08:46: Item Rows: 6190
07-03-19T16:08:46: Item Rows: 6200
07-03-19T16:08:46: Item Rows: 6210
07-03-19T16:08:46: Item Rows: 6220
07-03-19T16:08:46: Item Rows: 6230
07-03-19T16:08:46: Item Rows: 6240
07-03-19T16:08:46: Item Rows: 6250
07-03-19T16:08:46: Item Rows: 6260
07-03-19T16:08:46: Item Rows: 6270
07-03-19T16:08:46: Item Rows: 6280
07-03-19T16:08:46: Item Rows: 6290
07-03-19T16:08:46: Item Rows: 6300
07-03-19T16:08:46: Item Rows: 6310
07-03-19T16:08:46: Item Rows: 6320
07-03-19T16:08:46: Item Rows: 6330
07-03-19T16:08:46: Item Rows: 6340
07-03-19T16:08:46: Item Rows: 6350
07-03-19T16:08:46: Item Rows: 6360
07-03-19T16:08:46: Item Rows: 6370
07-03-19T16:08:46: Item Rows: 6380
07-03-19T16:08:46: Item Rows: 6390
07-03-19T16:08:46: Item Rows: 6400
07-03-19T16:08:46: Item Rows: 6410
07-03-19T16:08:46: Item Rows: 6420
07-03-19T16:08:46: Item Rows: 6430
07-03-19T16:08:46: Item Rows: 6440
07-03-19T16:08:46: Item Rows: 6450
07-03-19T16:08:46: Item Rows: 6460
07-03-19T16:08:46: Item Rows: 6470
07-03-19T16:08:46: Item Rows: 6480
07-03-19T16:08:46: Item Rows: 6490
07-03-19T16:08:46: Item Rows: 6500
07-03-19T16:08:46: Item Rows: 6510
07-03-19T16:08:46: Item Rows: 6520
07-03-19T16:08:46: Item Rows: 6530
07-03-19T16:08:46: Item Rows: 6540
07-03-19T16:08:46: Item Rows: 6550
07-03-19T16:08:46: Item Rows: 6560
07-03-19T16:08:46: Item Rows: 6570
07-03-19T16:08:46: Item Rows: 6580
07-03-19T16:08:46: Item Rows: 6590
07-03-19T16:08:46: Item Rows: 6600
07-03-19T16:08:46: Item Rows: 6610
07-03-19T16:08:46: Item Rows: 6620
07-03-19T16:08:46: Item Rows: 6630
07-03-19T16:08:46: Item Rows: 6640
07-03-19T16:08:46: Item Rows: 6650
07-03-19T16:08:46: Item Rows: 6660
07-03-19T16:08:46: Item Rows: 6670
07-03-19T16:08:46: Item Rows: 6680
07-03-19T16:08:46: Item Rows: 6690
07-03-19T16:08:46: Item Rows: 6700
07-03-19T16:08:46: Item Rows: 6710
07-03-19T16:08:46: Item Rows: 6720
07-03-19T16:08:46: Item Rows: 6730
07-03-19T16:08:46: Item Rows: 6740
07-03-19T16:08:46: Item Rows: 6750
07-03-19T16:08:46: Item Rows: 6760
07-03-19T16:08:46: Item Rows: 6770
07-03-19T16:08:46: Item Rows: 6780
07-03-19T16:08:46: Item Rows: 6790
07-03-19T16:08:46: Item Rows: 6800
07-03-19T16:08:46: Item Rows: 6810
07-03-19T16:08:46: Item Rows: 6820
07-03-19T16:08:46: Item Rows: 6830
07-03-19T16:08:46: Item Rows: 6840
07-03-19T16:08:46: Item Rows: 6850
07-03-19T16:08:46: Item Rows: 6860
07-03-19T16:08:46: Item Rows: 6870
07-03-19T16:08:46: Item Rows: 6880
07-03-19T16:08:46: Item Rows: 6890
07-03-19T16:08:46: Item Rows: 6900
07-03-19T16:08:46: Item Rows: 6910
07-03-19T16:08:46: Item Rows: 6920
07-03-19T16:08:46: Item Rows: 6930
07-03-19T16:08:46: Item Rows: 6940
07-03-19T16:08:46: Item Rows: 6950
07-03-19T16:08:46: Item Rows: 6960
07-03-19T16:08:46: Item Rows: 6970
07-03-19T16:08:46: Item Rows: 6980
07-03-19T16:08:46: Item Rows: 6990
07-03-19T16:08:46: Item Rows: 7000
07-03-19T16:08:46: Item Rows: 7010
07-03-19T16:08:46: Item Rows: 7020
07-03-19T16:08:46: Item Rows: 7030
07-03-19T16:08:46: Item Rows: 7040
07-03-19T16:08:46: Item Rows: 7050
07-03-19T16:08:46: Item Rows: 7060
07-03-19T16:08:46: Item Rows: 7070
07-03-19T16:08:46: Item Rows: 7080
07-03-19T16:08:46: Item Rows: 7090
07-03-19T16:08:46: Item Rows: 7100
07-03-19T16:08:46: Item Rows: 7110
07-03-19T16:08:46: Item Rows: 7120
07-03-19T16:08:46: Item Rows: 7130
07-03-19T16:08:46: Item Rows: 7140
07-03-19T16:08:46: Item Rows: 7150
07-03-19T16:08:46: Item Rows: 7160
07-03-19T16:08:46: Item Rows: 7170
07-03-19T16:08:46: Item Rows: 7180
07-03-19T16:08:46: Item Rows: 7190
07-03-19T16:08:46: Item Rows: 7200
07-03-19T16:08:46: Item Rows: 7210
07-03-19T16:08:46: Item Rows: 7220
07-03-19T16:08:46: Item Rows: 7230
07-03-19T16:08:46: Item Rows: 7240
07-03-19T16:08:46: Item Rows: 7250
07-03-19T16:08:46: Item Rows: 7260
07-03-19T16:08:46: Item Rows: 7270
07-03-19T16:08:46: Item Rows: 7280
07-03-19T16:08:46: Item Rows: 7290
07-03-19T16:08:46: Item Rows: 7300
07-03-19T16:08:46: Item Rows: 7310
07-03-19T16:08:46: Item Rows: 7320
07-03-19T16:08:46: Item Rows: 7330
07-03-19T16:08:46: Item Rows: 7340
07-03-19T16:08:46: Item Rows: 7350
07-03-19T16:08:46: Item Rows: 7360
07-03-19T16:08:46: Item Rows: 7370
07-03-19T16:08:46: Item Rows: 7380
07-03-19T16:08:46: Item Rows: 7390
07-03-19T16:08:46: Item Rows: 7400
07-03-19T16:08:46: Item Rows: 7410
07-03-19T16:08:46: Item Rows: 7420
07-03-19T16:08:46: Item Rows: 7430
07-03-19T16:08:46: Item Rows: 7440
07-03-19T16:08:46: Item Rows: 7450
07-03-19T16:08:46: Item Rows: 7460
07-03-19T16:08:46: Item Rows: 7470
07-03-19T16:08:46: Item Rows: 7480
07-03-19T16:08:46: Item Rows: 7490
07-03-19T16:08:46: Item Rows: 7500
07-03-19T16:08:46: Item Rows: 7510
07-03-19T16:08:46: Item Rows: 7520
07-03-19T16:08:46: Item Rows: 7530
07-03-19T16:08:46: Item Rows: 7540
07-03-19T16:08:46: Item Rows: 7550
07-03-19T16:08:46: Item Rows: 7560
07-03-19T16:08:46: Item Rows: 7570
07-03-19T16:08:46: Item Rows: 7580
07-03-19T16:08:46: Item Rows: 7590
07-03-19T16:08:46: Item Rows: 7600
07-03-19T16:08:46: Item Rows: 7610
07-03-19T16:08:46: Item Rows: 7620
07-03-19T16:08:46: Item Rows: 7630
07-03-19T16:08:46: Item Rows: 7640
07-03-19T16:08:46: Item Rows: 7650
07-03-19T16:08:46: Item Rows: 7660
07-03-19T16:08:46: Item Rows: 7670
07-03-19T16:08:46: Item Rows: 7680
07-03-19T16:08:46: Item Rows: 7690
07-03-19T16:08:46: Item Rows: 7700
07-03-19T16:08:46: Item Rows: 7710
07-03-19T16:08:46: Item Rows: 7720
07-03-19T16:08:46: Item Rows: 7730
07-03-19T16:08:46: Item Rows: 7740
07-03-19T16:08:46: Item Rows: 7750
07-03-19T16:08:46: Item Rows: 7760
07-03-19T16:08:46: Item Rows: 7770
07-03-19T16:08:46: Item Rows: 7780
07-03-19T16:08:46: Item Rows: 7790
07-03-19T16:08:46: Item Rows: 7800
07-03-19T16:08:46: Item Rows: 7810
07-03-19T16:08:46: Item Rows: 7820
07-03-19T16:08:46: Item Rows: 7830
07-03-19T16:08:46: Item Rows: 7840
07-03-19T16:08:46: Item Rows: 7850
07-03-19T16:08:46: Item Rows: 7860
07-03-19T16:08:46: Item Rows: 7870
07-03-19T16:08:46: Item Rows: 7880
07-03-19T16:08:46: Item Rows: 7890
07-03-19T16:08:46: Item Rows: 7900
07-03-19T16:08:46: Item Rows: 7910
07-03-19T16:08:46: Item Rows: 7920
07-03-19T16:08:46: Item Rows: 7930
07-03-19T16:08:46: Item Rows: 7940
07-03-19T16:08:46: Item Rows: 7950
07-03-19T16:08:46: Item Rows: 7960
07-03-19T16:08:46: Item Rows: 7970
07-03-19T16:08:46: Item Rows: 7980
07-03-19T16:08:46: Item Rows: 7990
07-03-19T16:08:46: Item Rows: 8000
07-03-19T16:08:46: Item Rows: 8010
07-03-19T16:08:46: Item Rows: 8020
07-03-19T16:08:46: Item Rows: 8030
07-03-19T16:08:46: Item Rows: 8040
07-03-19T16:08:46: Item Rows: 8050
07-03-19T16:08:46: Item Rows: 8060
07-03-19T16:08:46: Item Rows: 8070
07-03-19T16:08:46: Item Rows: 8080
07-03-19T16:08:46: Item Rows: 8090
07-03-19T16:08:46: Item Rows: 8100
07-03-19T16:08:46: Item Rows: 8110
07-03-19T16:08:46: Item Rows: 8120
07-03-19T16:08:46: Item Rows: 8130
07-03-19T16:08:46: Item Rows: 8140
07-03-19T16:08:46: Item Rows: 8150
07-03-19T16:08:46: Item Rows: 8160
07-03-19T16:08:46: Item Rows: 8170
07-03-19T16:08:46: Item Rows: 8180
07-03-19T16:08:46: Item Rows: 8190
07-03-19T16:08:46: Item Rows: 8200
07-03-19T16:08:46: Item Rows: 8210
07-03-19T16:08:46: Item Rows: 8220
07-03-19T16:08:46: Item Rows: 8230
07-03-19T16:08:46: Item Rows: 8240
07-03-19T16:08:46: Item Rows: 8250
07-03-19T16:08:46: Item Rows: 8260
07-03-19T16:08:46: Item Rows: 8270
07-03-19T16:08:46: Item Rows: 8280
07-03-19T16:08:46: Item Rows: 8290
07-03-19T16:08:46: Item Rows: 8300
07-03-19T16:08:46: Item Rows: 8310
07-03-19T16:08:46: Item Rows: 8320
07-03-19T16:08:46: Item Rows: 8330
07-03-19T16:08:46: Item Rows: 8340
07-03-19T16:08:46: Item Rows: 8350
07-03-19T16:08:46: Item Rows: 8360
07-03-19T16:08:46: Item Rows: 8370
07-03-19T16:08:46: Item Rows: 8380
07-03-19T16:08:46: Item Rows: 8390
07-03-19T16:08:46: Item Rows: 8400
07-03-19T16:08:46: Item Rows: 8410
07-03-19T16:08:46: Item Rows: 8420
07-03-19T16:08:46: Item Rows: 8430
07-03-19T16:08:46: Item Rows: 8440
07-03-19T16:08:46: Item Rows: 8450
07-03-19T16:08:46: Item Rows: 8460
07-03-19T16:08:46: Item Rows: 8470
07-03-19T16:08:46: Item Rows: 8480
07-03-19T16:08:46: Item Rows: 8490
07-03-19T16:08:46: Item Rows: 8500
07-03-19T16:08:46: Item Rows: 8510
07-03-19T16:08:46: Item Rows: 8520
07-03-19T16:08:46: Item Rows: 8530
07-03-19T16:08:46: Item Rows: 8540
07-03-19T16:08:46: Item Rows: 8550
07-03-19T16:08:46: Item Rows: 8560
07-03-19T16:08:46: Item Rows: 8570
07-03-19T16:08:46: Item Rows: 8580
07-03-19T16:08:46: Item Rows: 8590
07-03-19T16:08:46: Item Rows: 8600
07-03-19T16:08:46: Item Rows: 8610
07-03-19T16:08:46: Item Rows: 8620
07-03-19T16:08:46: Item Rows: 8630
07-03-19T16:08:46: Item Rows: 8640
07-03-19T16:08:46: Item Rows: 8650
07-03-19T16:08:46: Item Rows: 8660
07-03-19T16:08:47: Item Rows: 8670
07-03-19T16:08:47: Item Rows: 8680
07-03-19T16:08:47: Item Rows: 8690
07-03-19T16:08:47: Item Rows: 8700
07-03-19T16:08:47: Item Rows: 8710
07-03-19T16:08:47: Item Rows: 8720
07-03-19T16:08:47: Item Rows: 8730
07-03-19T16:08:47: Item Rows: 8740
07-03-19T16:08:47: Item Rows: 8750
07-03-19T16:08:47: Item Rows: 8760
07-03-19T16:08:47: Item Rows: 8770
07-03-19T16:08:47: Item Rows: 8780
07-03-19T16:08:47: Item Rows: 8790
07-03-19T16:08:47: Item Rows: 8800
07-03-19T16:08:47: Item Rows: 8810
07-03-19T16:08:47: Item Rows: 8820
07-03-19T16:08:47: Item Rows: 8830
07-03-19T16:08:47: Item Rows: 8840
07-03-19T16:08:47: Item Rows: 8850
07-03-19T16:08:47: Item Rows: 8860
07-03-19T16:08:47: Item Rows: 8870
07-03-19T16:08:47: Item Rows: 8880
07-03-19T16:08:47: Item Rows: 8890
07-03-19T16:08:47: Item Rows: 8900
07-03-19T16:08:47: Item Rows: 8910
07-03-19T16:08:47: Item Rows: 8920
07-03-19T16:08:47: Item Rows: 8930
07-03-19T16:08:47: Item Rows: 8940
07-03-19T16:08:47: Item Rows: 8950
07-03-19T16:08:47: Item Rows: 8960
07-03-19T16:08:47: Item Rows: 8970
07-03-19T16:08:47: Item Rows: 8980
07-03-19T16:08:47: Item Rows: 8990
07-03-19T16:08:47: Item Rows: 9000
07-03-19T16:08:47: Item Rows: 9010
07-03-19T16:08:47: Item Rows: 9020
07-03-19T16:08:47: Item Rows: 9030
07-03-19T16:08:47: Item Rows: 9040
07-03-19T16:08:47: Item Rows: 9050
07-03-19T16:08:47: Item Rows: 9060
07-03-19T16:08:47: Item Rows: 9070
07-03-19T16:08:47: Item Rows: 9080
07-03-19T16:08:47: Item Rows: 9090
07-03-19T16:08:47: Item Rows: 9100
07-03-19T16:08:47: Item Rows: 9110
07-03-19T16:08:47: Item Rows: 9120
07-03-19T16:08:47: Item Rows: 9130
07-03-19T16:08:47: Item Rows: 9140
07-03-19T16:08:47: Item Rows: 9150
07-03-19T16:08:47: Item Rows: 9160
07-03-19T16:08:47: Item Rows: 9170
07-03-19T16:08:47: Item Rows: 9180
07-03-19T16:08:47: Item Rows: 9190
07-03-19T16:08:47: Item Rows: 9200
07-03-19T16:08:47: Item Rows: 9210
07-03-19T16:08:47: Item Rows: 9220
07-03-19T16:08:47: Item Rows: 9230
07-03-19T16:08:47: Item Rows: 9240
07-03-19T16:08:47: Item Rows: 9250
07-03-19T16:08:47: Item Rows: 9260
07-03-19T16:08:47: Item Rows: 9270
07-03-19T16:08:47: Item Rows: 9280
07-03-19T16:08:47: Item Rows: 9290
07-03-19T16:08:47: Item Rows: 9300
07-03-19T16:08:47: Item Rows: 9310
07-03-19T16:08:47: Item Rows: 9320
07-03-19T16:08:47: Item Rows: 9330
07-03-19T16:08:47: Item Rows: 9340
07-03-19T16:08:47: Item Rows: 9350
07-03-19T16:08:47: Item Rows: 9360
07-03-19T16:08:47: Item Rows: 9370
07-03-19T16:08:47: Item Rows: 9380
07-03-19T16:08:47: Item Rows: 9390
07-03-19T16:08:47: Item Rows: 9400
07-03-19T16:08:47: Item Rows: 9410
07-03-19T16:08:47: Item Rows: 9420
07-03-19T16:08:47: Item Rows: 9430
07-03-19T16:08:47: Item Rows: 9440
07-03-19T16:08:47: Item Rows: 9450
07-03-19T16:08:47: Item Rows: 9460
07-03-19T16:08:47: Item Rows: 9470
07-03-19T16:08:47: Item Rows: 9480
07-03-19T16:08:47: Item Rows: 9490
07-03-19T16:08:47: Item Rows: 9500
07-03-19T16:08:47: Item Rows: 9510
07-03-19T16:08:47: Item Rows: 9520
07-03-19T16:08:47: Item Rows: 9530
07-03-19T16:08:47: Item Rows: 9540
07-03-19T16:08:47: Item Rows: 9550
07-03-19T16:08:47: Item Rows: 9560
07-03-19T16:08:47: Item Rows: 9570
07-03-19T16:08:47: Item Rows: 9580
07-03-19T16:08:47: Item Rows: 9590
07-03-19T16:08:47: Item Rows: 9600
07-03-19T16:08:47: Item Rows: 9610
07-03-19T16:08:47: Item Rows: 9620
07-03-19T16:08:47: Item Rows: 9630
07-03-19T16:08:47: Item Rows: 9640
07-03-19T16:08:47: Item Rows: 9650
07-03-19T16:08:47: Item Rows: 9660
07-03-19T16:08:47: Item Rows: 9670
07-03-19T16:08:47: Item Rows: 9680
07-03-19T16:08:47: Item Rows: 9690
07-03-19T16:08:47: Item Rows: 9700
07-03-19T16:08:47: Item Rows: 9710
07-03-19T16:08:47: Item Rows: 9720
07-03-19T16:08:47: Item Rows: 9730
07-03-19T16:08:47: Item Rows: 9740
07-03-19T16:08:47: Item Rows: 9750
07-03-19T16:08:47: Item Rows: 9760
07-03-19T16:08:47: Item Rows: 9770
07-03-19T16:08:47: Item Rows: 9780
07-03-19T16:08:47: Item Rows: 9790
07-03-19T16:08:47: Item Rows: 9800
07-03-19T16:08:47: Item Rows: 9810
07-03-19T16:08:47: Item Rows: 9820
07-03-19T16:08:47: Item Rows: 9830
07-03-19T16:08:47: Item Rows: 9840
07-03-19T16:08:47: Item Rows: 9850
07-03-19T16:08:47: Item Rows: 9860
07-03-19T16:08:47: Item Rows: 9870
07-03-19T16:08:47: Item Rows: 9880
07-03-19T16:08:47: Item Rows: 9890
07-03-19T16:08:47: Item Rows: 9900
07-03-19T16:08:47: Item Rows: 9910
07-03-19T16:08:47: Item Rows: 9920
07-03-19T16:08:47: Item Rows: 9930
07-03-19T16:08:47: Item Rows: 9940
07-03-19T16:08:47: Item Rows: 9950
07-03-19T16:08:47: Item Rows: 9960
07-03-19T16:08:47: Item Rows: 9970
07-03-19T16:08:47: Item Rows: 9980
07-03-19T16:08:47: Item Rows: 9990
07-03-19T16:08:47: Item Rows: 10000
07-03-19T16:08:47: Item Rows: 10010
07-03-19T16:08:47: Item Rows: 10020
07-03-19T16:08:47: Item Rows: 10030
07-03-19T16:08:47: Item Rows: 10040
07-03-19T16:08:47: Item Rows: 10050
07-03-19T16:08:47: Item Rows: 10060
07-03-19T16:08:47: Item Rows: 10070
07-03-19T16:08:47: Item Rows: 10080
07-03-19T16:08:47: Item Rows: 10090
07-03-19T16:08:47: Item Rows: 10100
07-03-19T16:08:47: Item Rows: 10110
07-03-19T16:08:47: Item Rows: 10120
07-03-19T16:08:47: Item Rows: 10130
07-03-19T16:08:47: Item Rows: 10140
07-03-19T16:08:47: Item Rows: 10150
07-03-19T16:08:47: Item Rows: 10160
07-03-19T16:08:47: Item Rows: 10170
07-03-19T16:08:47: Item Rows: 10180
07-03-19T16:08:47: Item Rows: 10190
07-03-19T16:08:47: Item Rows: 10200
07-03-19T16:08:47: Item Rows: 10210
07-03-19T16:08:47: Item Rows: 10220
07-03-19T16:08:47: Item Rows: 10230
07-03-19T16:08:47: Item Rows: 10240
07-03-19T16:08:47: Item Rows: 10250
07-03-19T16:08:47: Item Rows: 10260
07-03-19T16:08:47: Item Rows: 10270
07-03-19T16:08:47: Item Rows: 10280
07-03-19T16:08:47: Item Rows: 10290
07-03-19T16:08:47: Item Rows: 10300
07-03-19T16:08:47: Item Rows: 10310
07-03-19T16:08:47: Item Rows: 10320
07-03-19T16:08:47: Item Rows: 10330
07-03-19T16:08:47: Item Rows: 10340
07-03-19T16:08:47: Item Rows: 10350
07-03-19T16:08:47: Item Rows: 10360
07-03-19T16:08:47: Item Rows: 10370
07-03-19T16:08:47: Total Costs: 10379
07-03-19T16:08:47: File created in final SQL folder: Supplier Item Cost Refresh-Test.sql
07-03-19T16:08:47: ...
07-03-19T16:08:47: End Log
