11-06-18T21:19:32: Start Log
11-06-18T21:19:32: Found Input File: Supplier Item-MCLNNTHE_MCLNNTHE- MCLANE NORTHEAST (NE)_01.csv
11-06-18T21:19:32: Processing Supplier: MCLNNTHE- MCLANE NORTHEAST (NE) Xref: MCLNNTHE
11-06-18T21:19:36: Supplier Item Rows: 10
11-06-18T21:19:37: Supplier Item Rows: 20
11-06-18T21:19:37: Supplier Item Rows: 30
11-06-18T21:19:38: Supplier Item Rows: 40
11-06-18T21:19:38: Supplier Item Rows: 50
11-06-18T21:19:39: Supplier Item Rows: 60
11-06-18T21:19:39: Supplier Item Rows: 70
11-06-18T21:19:40: Supplier Item Rows: 80
11-06-18T21:19:40: Supplier Item Rows: 90
11-06-18T21:19:41: Supplier Item Rows: 100
11-06-18T21:19:41: Supplier Item Rows: 110
11-06-18T21:19:42: Supplier Item Rows: 120
11-06-18T21:19:42: Supplier Item Rows: 130
11-06-18T21:19:43: Supplier Item Rows: 140
11-06-18T21:19:43: Supplier Item Rows: 150
11-06-18T21:19:43: Supplier Item Rows: 160
11-06-18T21:19:44: Supplier Item Rows: 170
11-06-18T21:19:44: Supplier Item Rows: 180
11-06-18T21:19:45: Supplier Item Rows: 190
11-06-18T21:19:45: Supplier Item Rows: 200
11-06-18T21:19:46: Supplier Item Rows: 210
11-06-18T21:19:46: Supplier Item Rows: 220
11-06-18T21:19:46: Supplier Item Rows: 230
11-06-18T21:19:47: Supplier Item Rows: 240
11-06-18T21:19:47: Supplier Item Rows: 250
11-06-18T21:19:48: Supplier Item Rows: 260
11-06-18T21:19:48: Supplier Item Rows: 270
11-06-18T21:19:49: Supplier Item Rows: 280
11-06-18T21:19:49: Supplier Item Rows: 290
11-06-18T21:19:50: Supplier Item Rows: 300
11-06-18T21:19:50: Supplier Item Rows: 310
11-06-18T21:19:50: Supplier Item Rows: 320
11-06-18T21:19:51: Supplier Item Rows: 330
11-06-18T21:19:51: Supplier Item Rows: 340
11-06-18T21:19:52: Supplier Item Rows: 350
11-06-18T21:19:52: Supplier Item Rows: 360
11-06-18T21:19:53: Supplier Item Rows: 370
11-06-18T21:19:53: Supplier Item Rows: 380
11-06-18T21:19:54: Supplier Item Rows: 390
11-06-18T21:19:54: Supplier Item Rows: 400
11-06-18T21:19:55: Supplier Item Rows: 410
11-06-18T21:19:55: Supplier Item Rows: 420
11-06-18T21:19:56: Supplier Item Rows: 430
11-06-18T21:19:56: Supplier Item Rows: 440
11-06-18T21:19:57: Supplier Item Rows: 450
11-06-18T21:19:57: Supplier Item Rows: 460
11-06-18T21:19:58: Supplier Item Rows: 470
11-06-18T21:19:59: Supplier Item Rows: 480
11-06-18T21:19:59: Supplier Item Rows: 490
11-06-18T21:19:59: Supplier Item Rows: 500
11-06-18T21:20:00: Supplier Item Rows: 510
11-06-18T21:20:01: Supplier Item Rows: 520
11-06-18T21:20:01: Supplier Item Rows: 530
11-06-18T21:20:02: Supplier Item Rows: 540
11-06-18T21:20:02: Supplier Item Rows: 550
11-06-18T21:20:03: Supplier Item Rows: 560
11-06-18T21:20:03: Supplier Item Rows: 570
11-06-18T21:20:04: Supplier Item Rows: 580
11-06-18T21:20:04: Supplier Item Rows: 590
11-06-18T21:20:05: Supplier Item Rows: 600
11-06-18T21:20:05: Supplier Item Rows: 610
11-06-18T21:20:06: Supplier Item Rows: 620
11-06-18T21:20:06: Supplier Item Rows: 630
11-06-18T21:20:07: Supplier Item Rows: 640
11-06-18T21:20:07: Supplier Item Rows: 650
11-06-18T21:20:08: Supplier Item Rows: 660
11-06-18T21:20:08: Supplier Item Rows: 670
11-06-18T21:20:09: Supplier Item Rows: 680
11-06-18T21:20:09: Supplier Item Rows: 690
11-06-18T21:20:10: Supplier Item Rows: 700
11-06-18T21:20:10: Supplier Item Rows: 710
11-06-18T21:20:11: Supplier Item Rows: 720
11-06-18T21:20:11: Supplier Item Rows: 730
11-06-18T21:20:12: Supplier Item Rows: 740
11-06-18T21:20:12: Supplier Item Rows: 750
11-06-18T21:20:13: Supplier Item Rows: 760
11-06-18T21:20:13: Supplier Item Rows: 770
11-06-18T21:20:14: Supplier Item Rows: 780
11-06-18T21:20:14: Supplier Item Rows: 790
11-06-18T21:20:15: Supplier Item Rows: 800
11-06-18T21:20:15: Supplier Item Rows: 810
11-06-18T21:20:15: Supplier Item Rows: 820
11-06-18T21:20:16: Supplier Item Rows: 830
11-06-18T21:20:16: Supplier Item Rows: 840
11-06-18T21:20:17: Supplier Item Rows: 850
11-06-18T21:20:17: Supplier Item Rows: 860
11-06-18T21:20:18: Supplier Item Rows: 870
11-06-18T21:20:18: Supplier Item Rows: 880
11-06-18T21:20:19: Supplier Item Rows: 890
11-06-18T21:20:19: Supplier Item Rows: 900
11-06-18T21:20:20: Supplier Item Rows: 910
11-06-18T21:20:20: Supplier Item Rows: 920
11-06-18T21:20:21: Supplier Item Rows: 930
11-06-18T21:20:21: Supplier Item Rows: 940
11-06-18T21:20:22: Supplier Item Rows: 950
11-06-18T21:20:22: Supplier Item Rows: 960
11-06-18T21:20:23: Supplier Item Rows: 970
11-06-18T21:20:23: Supplier Item Rows: 980
11-06-18T21:20:23: Supplier Item Rows: 990
11-06-18T21:20:24: Supplier Item Rows: 1000
11-06-18T21:20:25: Supplier Item Rows: 1010
11-06-18T21:20:25: Supplier Item Rows: 1020
11-06-18T21:20:25: Supplier Item Rows: 1030
11-06-18T21:20:26: Supplier Item Rows: 1040
11-06-18T21:20:27: Supplier Item Rows: 1050
11-06-18T21:20:27: Supplier Item Rows: 1060
11-06-18T21:20:27: Supplier Item Rows: 1070
11-06-18T21:20:28: Supplier Item Rows: 1080
11-06-18T21:20:29: Supplier Item Rows: 1090
11-06-18T21:20:29: Supplier Item Rows: 1100
11-06-18T21:20:30: Supplier Item Rows: 1110
11-06-18T21:20:30: Supplier Item Rows: 1120
11-06-18T21:20:31: Supplier Item Rows: 1130
11-06-18T21:20:31: Supplier Item Rows: 1140
11-06-18T21:20:32: Supplier Item Rows: 1150
11-06-18T21:20:32: Supplier Item Rows: 1160
11-06-18T21:20:33: Supplier Item Rows: 1170
11-06-18T21:20:33: Supplier Item Rows: 1180
11-06-18T21:20:34: Supplier Item Rows: 1190
11-06-18T21:20:34: Supplier Item Rows: 1200
11-06-18T21:20:35: Supplier Item Rows: 1210
11-06-18T21:20:35: Supplier Item Rows: 1220
11-06-18T21:20:36: Supplier Item Rows: 1230
11-06-18T21:20:36: Supplier Item Rows: 1240
11-06-18T21:20:37: Supplier Item Rows: 1250
11-06-18T21:20:37: Supplier Item Rows: 1260
11-06-18T21:20:38: Supplier Item Rows: 1270
11-06-18T21:20:38: Supplier Item Rows: 1280
11-06-18T21:20:38: Supplier Item Rows: 1290
11-06-18T21:20:39: Supplier Item Rows: 1300
11-06-18T21:20:40: Supplier Item Rows: 1310
11-06-18T21:20:40: Supplier Item Rows: 1320
11-06-18T21:20:41: Supplier Item Rows: 1330
11-06-18T21:20:41: Supplier Item Rows: 1340
11-06-18T21:20:42: Supplier Item Rows: 1350
11-06-18T21:20:42: Supplier Item Rows: 1360
11-06-18T21:20:43: Supplier Item Rows: 1370
11-06-18T21:20:43: Supplier Item Rows: 1380
11-06-18T21:20:44: Supplier Item Rows: 1390
11-06-18T21:20:44: Supplier Item Rows: 1400
11-06-18T21:20:45: Supplier Item Rows: 1410
11-06-18T21:20:45: Supplier Item Rows: 1420
11-06-18T21:20:45: Supplier Item Rows: 1430
11-06-18T21:20:46: Supplier Item Rows: 1440
11-06-18T21:20:46: Supplier Item Rows: 1450
11-06-18T21:20:47: Supplier Item Rows: 1460
11-06-18T21:20:47: Supplier Item Rows: 1470
11-06-18T21:20:48: Supplier Item Rows: 1480
11-06-18T21:20:48: Supplier Item Rows: 1490
11-06-18T21:20:49: Supplier Item Rows: 1500
11-06-18T21:20:49: Supplier Item Rows: 1510
11-06-18T21:20:50: Supplier Item Rows: 1520
11-06-18T21:20:50: Supplier Item Rows: 1530
11-06-18T21:20:51: Supplier Item Rows: 1540
11-06-18T21:20:51: Supplier Item Rows: 1550
11-06-18T21:20:52: Supplier Item Rows: 1560
11-06-18T21:20:52: Supplier Item Rows: 1570
11-06-18T21:20:53: Supplier Item Rows: 1580
11-06-18T21:20:53: Supplier Item Rows: 1590
11-06-18T21:20:53: Supplier Item Rows: 1600
11-06-18T21:20:54: Supplier Item Rows: 1610
11-06-18T21:20:54: Supplier Item Rows: 1620
11-06-18T21:20:55: Supplier Item Rows: 1630
11-06-18T21:20:55: Supplier Item Rows: 1640
11-06-18T21:20:56: Supplier Item Rows: 1650
11-06-18T21:20:56: Supplier Item Rows: 1660
11-06-18T21:20:57: Supplier Item Rows: 1670
11-06-18T21:20:57: Supplier Item Rows: 1680
11-06-18T21:20:58: Supplier Item Rows: 1690
11-06-18T21:20:58: Supplier Item Rows: 1700
11-06-18T21:20:59: Supplier Item Rows: 1710
11-06-18T21:20:59: Supplier Item Rows: 1720
11-06-18T21:21:00: Supplier Item Rows: 1730
11-06-18T21:21:00: Supplier Item Rows: 1740
11-06-18T21:21:01: Supplier Item Rows: 1750
11-06-18T21:21:02: Supplier Item Rows: 1760
11-06-18T21:21:02: Supplier Item Rows: 1770
11-06-18T21:21:03: Supplier Item Rows: 1780
11-06-18T21:21:03: Supplier Item Rows: 1790
11-06-18T21:21:04: Supplier Item Rows: 1800
11-06-18T21:21:05: Supplier Item Rows: 1810
11-06-18T21:21:05: Supplier Item Rows: 1820
11-06-18T21:21:06: Supplier Item Rows: 1830
11-06-18T21:21:06: Supplier Item Rows: 1840
11-06-18T21:21:07: Supplier Item Rows: 1850
11-06-18T21:21:07: Supplier Item Rows: 1860
11-06-18T21:21:08: Supplier Item Rows: 1870
11-06-18T21:21:08: Supplier Item Rows: 1880
11-06-18T21:21:09: Supplier Item Rows: 1890
11-06-18T21:21:09: Supplier Item Rows: 1900
11-06-18T21:21:10: Supplier Item Rows: 1910
11-06-18T21:21:10: Supplier Item Rows: 1920
11-06-18T21:21:11: Supplier Item Rows: 1930
11-06-18T21:21:11: Supplier Item Rows: 1940
11-06-18T21:21:11: Supplier Item Rows: 1950
11-06-18T21:21:12: Supplier Item Rows: 1960
11-06-18T21:21:12: Supplier Item Rows: 1970
11-06-18T21:21:13: Supplier Item Rows: 1980
11-06-18T21:21:13: Supplier Item Rows: 1990
11-06-18T21:21:14: Supplier Item Rows: 2000
11-06-18T21:21:14: Supplier Item Rows: 2010
11-06-18T21:21:15: Supplier Item Rows: 2020
11-06-18T21:21:15: Supplier Item Rows: 2030
11-06-18T21:21:16: Supplier Item Rows: 2040
11-06-18T21:21:16: Supplier Item Rows: 2050
11-06-18T21:21:17: Supplier Item Rows: 2060
11-06-18T21:21:17: Supplier Item Rows: 2070
11-06-18T21:21:18: Supplier Item Rows: 2080
11-06-18T21:21:18: Supplier Item Rows: 2090
11-06-18T21:21:19: Supplier Item Rows: 2100
11-06-18T21:21:20: Supplier Item Rows: 2110
11-06-18T21:21:20: Supplier Item Rows: 2120
11-06-18T21:21:21: Supplier Item Rows: 2130
11-06-18T21:21:21: Supplier Item Rows: 2140
11-06-18T21:21:22: Supplier Item Rows: 2150
11-06-18T21:21:22: Supplier Item Rows: 2160
11-06-18T21:21:22: Supplier Item Rows: 2170
11-06-18T21:21:23: Supplier Item Rows: 2180
11-06-18T21:21:23: Supplier Item Rows: 2190
11-06-18T21:21:24: Supplier Item Rows: 2200
11-06-18T21:21:25: Supplier Item Rows: 2210
11-06-18T21:21:25: Supplier Item Rows: 2220
11-06-18T21:21:26: Supplier Item Rows: 2230
11-06-18T21:21:26: Supplier Item Rows: 2240
11-06-18T21:21:26: Supplier Item Rows: 2250
11-06-18T21:21:27: Supplier Item Rows: 2260
11-06-18T21:21:27: Supplier Item Rows: 2270
11-06-18T21:21:28: Supplier Item Rows: 2280
11-06-18T21:21:28: Supplier Item Rows: 2290
11-06-18T21:21:29: Supplier Item Rows: 2300
11-06-18T21:21:29: Supplier Item Rows: 2310
11-06-18T21:21:30: Supplier Item Rows: 2320
11-06-18T21:21:30: Supplier Item Rows: 2330
11-06-18T21:21:31: Supplier Item Rows: 2340
11-06-18T21:21:32: Supplier Item Rows: 2350
11-06-18T21:21:32: Supplier Item Rows: 2360
11-06-18T21:21:33: Supplier Item Rows: 2370
11-06-18T21:21:33: Supplier Item Rows: 2380
11-06-18T21:21:34: Supplier Item Rows: 2390
11-06-18T21:21:35: Supplier Item Rows: 2400
11-06-18T21:21:35: Supplier Item Rows: 2410
11-06-18T21:21:36: Supplier Item Rows: 2420
11-06-18T21:21:36: Supplier Item Rows: 2430
11-06-18T21:21:37: Supplier Item Rows: 2440
11-06-18T21:21:38: Supplier Item Rows: 2450
11-06-18T21:21:38: Supplier Item Rows: 2460
11-06-18T21:21:39: Supplier Item Rows: 2470
11-06-18T21:21:41: Supplier Item Rows: 2480
11-06-18T21:21:41: Supplier Item Rows: 2490
11-06-18T21:21:42: Supplier Item Rows: 2500
11-06-18T21:21:43: Supplier Item Rows: 2510
11-06-18T21:21:44: Supplier Item Rows: 2520
11-06-18T21:21:44: Supplier Item Rows: 2530
11-06-18T21:21:45: Supplier Item Rows: 2540
11-06-18T21:21:46: Supplier Item Rows: 2550
11-06-18T21:21:47: Supplier Item Rows: 2560
11-06-18T21:21:48: Supplier Item Rows: 2570
11-06-18T21:21:49: Supplier Item Rows: 2580
11-06-18T21:21:50: Supplier Item Rows: 2590
11-06-18T21:21:51: Supplier Item Rows: 2600
11-06-18T21:21:53: Supplier Item Rows: 2610
11-06-18T21:21:54: Supplier Item Rows: 2620
11-06-18T21:21:58: Supplier Item Rows: 2630
11-06-18T21:22:00: Supplier Item Rows: 2640
11-06-18T21:22:03: Supplier Item Rows: 2650
11-06-18T21:22:05: Supplier Item Rows: 2660
11-06-18T21:22:09: Supplier Item Rows: 2670
11-06-18T21:22:15: Supplier Item Rows: 2680
11-06-18T21:22:17: Supplier Item Rows: 2690
11-06-18T21:22:20: Supplier Item Rows: 2700
11-06-18T21:22:22: Supplier Item Rows: 2710
11-06-18T21:22:24: Supplier Item Rows: 2720
11-06-18T21:22:27: Supplier Item Rows: 2730
11-06-18T21:22:29: Supplier Item Rows: 2740
11-06-18T21:22:31: Supplier Item Rows: 2750
11-06-18T21:22:32: Supplier Item Rows: 2760
11-06-18T21:22:33: Supplier Item Rows: 2770
11-06-18T21:22:34: Supplier Item Rows: 2780
11-06-18T21:22:35: Supplier Item Rows: 2790
11-06-18T21:22:37: Supplier Item Rows: 2800
11-06-18T21:22:38: Supplier Item Rows: 2810
11-06-18T21:22:40: Supplier Item Rows: 2820
11-06-18T21:22:41: Supplier Item Rows: 2830
11-06-18T21:22:43: Supplier Item Rows: 2840
11-06-18T21:22:44: Supplier Item Rows: 2850
11-06-18T21:22:45: Supplier Item Rows: 2860
11-06-18T21:22:46: Supplier Item Rows: 2870
11-06-18T21:22:47: Supplier Item Rows: 2880
11-06-18T21:22:48: Supplier Item Rows: 2890
11-06-18T21:22:50: Supplier Item Rows: 2900
11-06-18T21:22:51: Supplier Item Rows: 2910
11-06-18T21:22:52: Supplier Item Rows: 2920
11-06-18T21:22:53: Supplier Item Rows: 2930
11-06-18T21:22:54: Supplier Item Rows: 2940
11-06-18T21:22:55: Supplier Item Rows: 2950
11-06-18T21:22:56: Supplier Item Rows: 2960
11-06-18T21:22:57: Supplier Item Rows: 2970
11-06-18T21:22:59: Supplier Item Rows: 2980
11-06-18T21:23:00: Supplier Item Rows: 2990
11-06-18T21:23:01: Supplier Item Rows: 3000
11-06-18T21:23:03: Supplier Item Rows: 3010
11-06-18T21:23:04: Supplier Item Rows: 3020
11-06-18T21:23:05: Supplier Item Rows: 3030
11-06-18T21:23:06: Supplier Item Rows: 3040
11-06-18T21:23:07: Supplier Item Rows: 3050
11-06-18T21:23:09: Supplier Item Rows: 3060
11-06-18T21:23:09: Supplier Item Rows: 3070
11-06-18T21:23:11: Supplier Item Rows: 3080
11-06-18T21:23:12: Supplier Item Rows: 3090
11-06-18T21:23:13: Supplier Item Rows: 3100
11-06-18T21:23:14: Supplier Item Rows: 3110
11-06-18T21:23:15: Supplier Item Rows: 3120
11-06-18T21:23:16: Supplier Item Rows: 3130
11-06-18T21:23:17: Supplier Item Rows: 3140
11-06-18T21:23:18: Supplier Item Rows: 3150
11-06-18T21:23:19: Supplier Item Rows: 3160
11-06-18T21:23:20: Supplier Item Rows: 3170
11-06-18T21:23:21: Supplier Item Rows: 3180
11-06-18T21:23:22: Supplier Item Rows: 3190
11-06-18T21:23:23: Supplier Item Rows: 3200
11-06-18T21:23:25: Supplier Item Rows: 3210
11-06-18T21:23:26: Supplier Item Rows: 3220
11-06-18T21:23:27: Supplier Item Rows: 3230
11-06-18T21:23:28: Supplier Item Rows: 3240
11-06-18T21:23:29: Supplier Item Rows: 3250
11-06-18T21:23:30: Supplier Item Rows: 3260
11-06-18T21:23:31: Supplier Item Rows: 3270
11-06-18T21:23:32: Supplier Item Rows: 3280
11-06-18T21:23:33: Supplier Item Rows: 3290
11-06-18T21:23:34: Supplier Item Rows: 3300
11-06-18T21:23:35: Supplier Item Rows: 3310
11-06-18T21:23:36: Supplier Item Rows: 3320
11-06-18T21:23:38: Supplier Item Rows: 3330
11-06-18T21:23:39: Supplier Item Rows: 3340
11-06-18T21:23:40: Supplier Item Rows: 3350
11-06-18T21:23:41: Supplier Item Rows: 3360
11-06-18T21:23:42: Supplier Item Rows: 3370
11-06-18T21:23:43: Supplier Item Rows: 3380
11-06-18T21:23:44: Supplier Item Rows: 3390
11-06-18T21:23:45: Supplier Item Rows: 3400
11-06-18T21:23:46: Supplier Item Rows: 3410
11-06-18T21:23:47: Supplier Item Rows: 3420
11-06-18T21:23:48: Supplier Item Rows: 3430
11-06-18T21:23:49: Supplier Item Rows: 3440
11-06-18T21:23:50: Supplier Item Rows: 3450
11-06-18T21:23:52: Supplier Item Rows: 3460
11-06-18T21:23:53: Supplier Item Rows: 3470
11-06-18T21:23:54: Supplier Item Rows: 3480
11-06-18T21:23:55: Supplier Item Rows: 3490
11-06-18T21:23:56: Supplier Item Rows: 3500
11-06-18T21:23:57: Supplier Item Rows: 3510
11-06-18T21:23:58: Supplier Item Rows: 3520
11-06-18T21:24:00: Supplier Item Rows: 3530
11-06-18T21:24:01: Supplier Item Rows: 3540
11-06-18T21:24:02: Supplier Item Rows: 3550
11-06-18T21:24:03: Supplier Item Rows: 3560
11-06-18T21:24:04: Supplier Item Rows: 3570
11-06-18T21:24:05: Supplier Item Rows: 3580
11-06-18T21:24:06: Supplier Item Rows: 3590
11-06-18T21:24:07: Supplier Item Rows: 3600
11-06-18T21:24:08: Supplier Item Rows: 3610
11-06-18T21:24:09: Supplier Item Rows: 3620
11-06-18T21:24:10: Supplier Item Rows: 3630
11-06-18T21:24:11: Supplier Item Rows: 3640
11-06-18T21:24:12: Supplier Item Rows: 3650
11-06-18T21:24:13: Supplier Item Rows: 3660
11-06-18T21:24:14: Supplier Item Rows: 3670
11-06-18T21:24:15: Supplier Item Rows: 3680
11-06-18T21:24:16: Supplier Item Rows: 3690
11-06-18T21:24:17: Supplier Item Rows: 3700
11-06-18T21:24:18: Supplier Item Rows: 3710
11-06-18T21:24:19: Supplier Item Rows: 3720
11-06-18T21:24:21: Supplier Item Rows: 3730
11-06-18T21:24:22: Supplier Item Rows: 3740
11-06-18T21:24:23: Supplier Item Rows: 3750
11-06-18T21:24:24: Supplier Item Rows: 3760
11-06-18T21:24:25: Supplier Item Rows: 3770
11-06-18T21:24:26: Supplier Item Rows: 3780
11-06-18T21:24:27: Supplier Item Rows: 3790
11-06-18T21:24:29: Supplier Item Rows: 3800
11-06-18T21:24:30: Supplier Item Rows: 3810
11-06-18T21:24:30: Supplier Item Rows: 3820
11-06-18T21:24:31: Supplier Item Rows: 3830
11-06-18T21:24:33: Supplier Item Rows: 3840
11-06-18T21:24:34: Supplier Item Rows: 3850
11-06-18T21:24:35: Supplier Item Rows: 3860
11-06-18T21:24:36: Supplier Item Rows: 3870
11-06-18T21:24:37: Supplier Item Rows: 3880
11-06-18T21:24:38: Supplier Item Rows: 3890
11-06-18T21:24:39: Supplier Item Rows: 3900
11-06-18T21:24:40: Supplier Item Rows: 3910
11-06-18T21:24:41: Supplier Item Rows: 3920
11-06-18T21:24:42: Supplier Item Rows: 3930
11-06-18T21:24:43: Supplier Item Rows: 3940
11-06-18T21:24:44: Supplier Item Rows: 3950
11-06-18T21:24:46: Supplier Item Rows: 3960
11-06-18T21:24:50: Supplier Item Rows: 3970
11-06-18T21:24:51: Supplier Item Rows: 3980
11-06-18T21:24:52: Supplier Item Rows: 3990
11-06-18T21:24:53: Supplier Item Rows: 4000
11-06-18T21:24:55: Supplier Item Rows: 4010
11-06-18T21:24:56: Supplier Item Rows: 4020
11-06-18T21:24:57: Supplier Item Rows: 4030
11-06-18T21:24:58: Supplier Item Rows: 4040
11-06-18T21:24:59: Supplier Item Rows: 4050
11-06-18T21:25:00: Supplier Item Rows: 4060
11-06-18T21:25:01: Supplier Item Rows: 4070
11-06-18T21:25:02: Supplier Item Rows: 4080
11-06-18T21:25:03: Supplier Item Rows: 4090
11-06-18T21:25:03: Supplier Item Rows: 4100
11-06-18T21:25:05: Supplier Item Rows: 4110
11-06-18T21:25:06: Supplier Item Rows: 4120
11-06-18T21:25:07: Supplier Item Rows: 4130
11-06-18T21:25:08: Supplier Item Rows: 4140
11-06-18T21:25:09: Supplier Item Rows: 4150
11-06-18T21:25:10: Supplier Item Rows: 4160
11-06-18T21:25:11: Supplier Item Rows: 4170
11-06-18T21:25:12: Supplier Item Rows: 4180
11-06-18T21:25:13: Supplier Item Rows: 4190
11-06-18T21:25:14: Supplier Item Rows: 4200
11-06-18T21:25:15: Supplier Item Rows: 4210
11-06-18T21:25:17: Supplier Item Rows: 4220
11-06-18T21:25:18: Supplier Item Rows: 4230
11-06-18T21:25:19: Supplier Item Rows: 4240
11-06-18T21:25:20: Supplier Item Rows: 4250
11-06-18T21:25:21: Supplier Item Rows: 4260
11-06-18T21:25:22: Supplier Item Rows: 4270
11-06-18T21:25:23: Supplier Item Rows: 4280
11-06-18T21:25:24: Supplier Item Rows: 4290
11-06-18T21:25:25: Supplier Item Rows: 4300
11-06-18T21:25:27: Supplier Item Rows: 4310
11-06-18T21:25:28: Supplier Item Rows: 4320
11-06-18T21:25:31: Supplier Item Rows: 4330
11-06-18T21:25:33: Supplier Item Rows: 4340
11-06-18T21:25:34: Supplier Item Rows: 4350
11-06-18T21:25:36: Supplier Item Rows: 4360
11-06-18T21:25:37: Supplier Item Rows: 4370
11-06-18T21:25:39: Supplier Item Rows: 4380
11-06-18T21:25:40: Supplier Item Rows: 4390
11-06-18T21:25:42: Supplier Item Rows: 4400
11-06-18T21:25:43: Supplier Item Rows: 4410
11-06-18T21:25:44: Supplier Item Rows: 4420
11-06-18T21:25:45: Supplier Item Rows: 4430
11-06-18T21:25:47: Supplier Item Rows: 4440
11-06-18T21:25:48: Supplier Item Rows: 4450
11-06-18T21:25:50: Supplier Item Rows: 4460
11-06-18T21:25:51: Supplier Item Rows: 4470
11-06-18T21:25:52: Supplier Item Rows: 4480
11-06-18T21:25:53: Supplier Item Rows: 4490
11-06-18T21:25:55: Supplier Item Rows: 4500
11-06-18T21:25:57: Supplier Item Rows: 4510
11-06-18T21:25:58: Supplier Item Rows: 4520
11-06-18T21:26:00: Supplier Item Rows: 4530
11-06-18T21:26:01: Supplier Item Rows: 4540
11-06-18T21:26:02: Supplier Item Rows: 4550
11-06-18T21:26:04: Supplier Item Rows: 4560
11-06-18T21:26:05: Supplier Item Rows: 4570
11-06-18T21:26:07: Supplier Item Rows: 4580
11-06-18T21:26:08: Supplier Item Rows: 4590
11-06-18T21:26:09: Supplier Item Rows: 4600
11-06-18T21:26:11: Supplier Item Rows: 4610
11-06-18T21:26:12: Supplier Item Rows: 4620
11-06-18T21:26:14: Supplier Item Rows: 4630
11-06-18T21:26:16: Supplier Item Rows: 4640
11-06-18T21:26:18: Supplier Item Rows: 4650
11-06-18T21:26:19: Supplier Item Rows: 4660
11-06-18T21:26:21: Supplier Item Rows: 4670
11-06-18T21:26:23: Supplier Item Rows: 4680
11-06-18T21:26:24: Supplier Item Rows: 4690
11-06-18T21:26:26: Supplier Item Rows: 4700
11-06-18T21:26:27: Supplier Item Rows: 4710
11-06-18T21:26:29: Supplier Item Rows: 4720
11-06-18T21:26:31: Supplier Item Rows: 4730
11-06-18T21:26:32: Supplier Item Rows: 4740
11-06-18T21:26:34: Supplier Item Rows: 4750
11-06-18T21:26:35: Supplier Item Rows: 4760
11-06-18T21:26:36: Supplier Item Rows: 4770
11-06-18T21:26:38: Supplier Item Rows: 4780
11-06-18T21:26:39: Supplier Item Rows: 4790
11-06-18T21:26:41: Supplier Item Rows: 4800
11-06-18T21:26:42: Supplier Item Rows: 4810
11-06-18T21:26:44: Supplier Item Rows: 4820
11-06-18T21:26:45: Supplier Item Rows: 4830
11-06-18T21:26:47: Supplier Item Rows: 4840
11-06-18T21:26:48: Supplier Item Rows: 4850
11-06-18T21:26:49: Supplier Item Rows: 4860
11-06-18T21:26:50: Supplier Item Rows: 4870
11-06-18T21:26:52: Supplier Item Rows: 4880
11-06-18T21:26:54: Supplier Item Rows: 4890
11-06-18T21:26:56: Supplier Item Rows: 4900
11-06-18T21:26:57: Supplier Item Rows: 4910
11-06-18T21:26:59: Supplier Item Rows: 4920
11-06-18T21:27:01: Supplier Item Rows: 4930
11-06-18T21:27:02: Supplier Item Rows: 4940
11-06-18T21:27:04: Supplier Item Rows: 4950
11-06-18T21:27:05: Supplier Item Rows: 4960
11-06-18T21:27:06: Supplier Item Rows: 4970
11-06-18T21:27:08: Supplier Item Rows: 4980
11-06-18T21:27:10: Supplier Item Rows: 4990
11-06-18T21:27:14: Supplier Item Rows: 5000
11-06-18T21:27:15: Supplier Item Rows: 5010
11-06-18T21:27:16: Supplier Item Rows: 5020
11-06-18T21:27:18: Supplier Item Rows: 5030
11-06-18T21:27:19: Supplier Item Rows: 5040
11-06-18T21:27:21: Supplier Item Rows: 5050
11-06-18T21:27:22: Supplier Item Rows: 5060
11-06-18T21:27:22: Supplier Item Rows: 5070
11-06-18T21:27:24: Supplier Item Rows: 5080
11-06-18T21:27:25: Supplier Item Rows: 5090
11-06-18T21:27:26: Supplier Item Rows: 5100
11-06-18T21:27:27: Supplier Item Rows: 5110
11-06-18T21:27:28: Supplier Item Rows: 5120
11-06-18T21:27:29: Supplier Item Rows: 5130
11-06-18T21:27:31: Supplier Item Rows: 5140
11-06-18T21:27:32: Supplier Item Rows: 5150
11-06-18T21:27:34: Supplier Item Rows: 5160
11-06-18T21:27:36: Supplier Item Rows: 5170
11-06-18T21:27:37: Supplier Item Rows: 5180
11-06-18T21:27:37: Supplier Item Rows: 5190
11-06-18T21:27:39: Supplier Item Rows: 5200
11-06-18T21:27:40: Supplier Item Rows: 5210
11-06-18T21:27:41: Supplier Item Rows: 5220
11-06-18T21:27:42: Supplier Item Rows: 5230
11-06-18T21:27:43: Supplier Item Rows: 5240
11-06-18T21:27:44: Supplier Item Rows: 5250
11-06-18T21:27:46: Supplier Item Rows: 5260
11-06-18T21:27:47: Supplier Item Rows: 5270
11-06-18T21:27:48: Supplier Item Rows: 5280
11-06-18T21:27:49: Supplier Item Rows: 5290
11-06-18T21:27:50: Supplier Item Rows: 5300
11-06-18T21:27:51: Supplier Item Rows: 5310
11-06-18T21:27:52: Supplier Item Rows: 5320
11-06-18T21:27:52: Supplier Item Rows: 5330
11-06-18T21:27:53: Supplier Item Rows: 5340
11-06-18T21:27:54: Supplier Item Rows: 5350
11-06-18T21:27:56: Supplier Item Rows: 5360
11-06-18T21:27:57: Supplier Item Rows: 5370
11-06-18T21:27:58: Supplier Item Rows: 5380
11-06-18T21:27:59: Supplier Item Rows: 5390
11-06-18T21:28:00: Supplier Item Rows: 5400
11-06-18T21:28:01: Supplier Item Rows: 5410
11-06-18T21:28:02: Supplier Item Rows: 5420
11-06-18T21:28:03: Supplier Item Rows: 5430
11-06-18T21:28:04: Supplier Item Rows: 5440
11-06-18T21:28:05: Supplier Item Rows: 5450
11-06-18T21:28:06: Supplier Item Rows: 5460
11-06-18T21:28:07: Supplier Item Rows: 5470
11-06-18T21:28:08: Supplier Item Rows: 5480
11-06-18T21:28:09: Supplier Item Rows: 5490
11-06-18T21:28:10: Supplier Item Rows: 5500
11-06-18T21:28:11: Supplier Item Rows: 5510
11-06-18T21:28:12: Supplier Item Rows: 5520
11-06-18T21:28:13: Supplier Item Rows: 5530
11-06-18T21:28:14: Supplier Item Rows: 5540
11-06-18T21:28:15: Supplier Item Rows: 5550
11-06-18T21:28:16: Supplier Item Rows: 5560
11-06-18T21:28:17: Supplier Item Rows: 5570
11-06-18T21:28:18: Supplier Item Rows: 5580
11-06-18T21:28:19: Supplier Item Rows: 5590
11-06-18T21:28:20: Supplier Item Rows: 5600
11-06-18T21:28:21: Supplier Item Rows: 5610
11-06-18T21:28:22: Supplier Item Rows: 5620
11-06-18T21:28:23: Supplier Item Rows: 5630
11-06-18T21:28:24: Supplier Item Rows: 5640
11-06-18T21:28:25: Supplier Item Rows: 5650
11-06-18T21:28:27: Supplier Item Rows: 5660
11-06-18T21:28:28: Supplier Item Rows: 5670
11-06-18T21:28:30: Supplier Item Rows: 5680
11-06-18T21:28:32: Supplier Item Rows: 5690
11-06-18T21:28:35: Supplier Item Rows: 5700
11-06-18T21:28:39: Supplier Item Rows: 5710
11-06-18T21:28:42: Supplier Item Rows: 5720
11-06-18T21:28:43: Supplier Item Rows: 5730
11-06-18T21:28:44: Supplier Item Rows: 5740
11-06-18T21:28:45: Supplier Item Rows: 5750
11-06-18T21:28:46: Supplier Item Rows: 5760
11-06-18T21:28:47: Supplier Item Rows: 5770
11-06-18T21:28:49: Supplier Item Rows: 5780
11-06-18T21:28:51: Supplier Item Rows: 5790
11-06-18T21:28:53: Supplier Item Rows: 5800
11-06-18T21:28:54: Supplier Item Rows: 5810
11-06-18T21:28:55: Supplier Item Rows: 5820
11-06-18T21:28:58: Supplier Item Rows: 5830
11-06-18T21:29:00: Supplier Item Rows: 5840
11-06-18T21:29:01: Supplier Item Rows: 5850
11-06-18T21:29:02: Supplier Item Rows: 5860
11-06-18T21:29:04: Supplier Item Rows: 5870
11-06-18T21:29:06: Supplier Item Rows: 5880
11-06-18T21:29:07: Supplier Item Rows: 5890
11-06-18T21:29:08: Supplier Item Rows: 5900
11-06-18T21:29:10: Supplier Item Rows: 5910
11-06-18T21:29:11: Supplier Item Rows: 5920
11-06-18T21:29:13: Supplier Item Rows: 5930
11-06-18T21:29:14: Supplier Item Rows: 5940
11-06-18T21:29:15: Supplier Item Rows: 5950
11-06-18T21:29:16: Supplier Item Rows: 5960
11-06-18T21:29:18: Supplier Item Rows: 5970
11-06-18T21:29:19: Supplier Item Rows: 5980
11-06-18T21:29:21: Supplier Item Rows: 5990
11-06-18T21:29:23: Supplier Item Rows: 6000
11-06-18T21:29:25: Supplier Item Rows: 6010
11-06-18T21:29:27: Supplier Item Rows: 6020
11-06-18T21:29:28: Supplier Item Rows: 6030
11-06-18T21:29:29: Supplier Item Rows: 6040
11-06-18T21:29:30: Supplier Item Rows: 6050
11-06-18T21:29:31: Supplier Item Rows: 6060
11-06-18T21:29:32: Supplier Item Rows: 6070
11-06-18T21:29:33: Supplier Item Rows: 6080
11-06-18T21:29:34: Supplier Item Rows: 6090
11-06-18T21:29:35: Supplier Item Rows: 6100
11-06-18T21:29:36: Supplier Item Rows: 6110
11-06-18T21:29:36: Supplier Item Rows: 6120
11-06-18T21:29:38: Supplier Item Rows: 6130
11-06-18T21:29:39: Supplier Item Rows: 6140
11-06-18T21:29:41: Supplier Item Rows: 6150
11-06-18T21:29:42: Supplier Item Rows: 6160
11-06-18T21:29:43: Supplier Item Rows: 6170
11-06-18T21:29:44: Supplier Item Rows: 6180
11-06-18T21:29:46: Supplier Item Rows: 6190
11-06-18T21:29:48: Supplier Item Rows: 6200
11-06-18T21:29:48: Supplier Item Rows: 6210
11-06-18T21:29:49: Supplier Item Rows: 6220
11-06-18T21:29:50: Supplier Item Rows: 6230
11-06-18T21:29:51: Supplier Item Rows: 6240
11-06-18T21:29:52: Supplier Item Rows: 6250
11-06-18T21:29:53: Supplier Item Rows: 6260
11-06-18T21:29:55: Supplier Item Rows: 6270
11-06-18T21:29:56: Supplier Item Rows: 6280
11-06-18T21:29:57: Supplier Item Rows: 6290
11-06-18T21:29:58: Supplier Item Rows: 6300
11-06-18T21:29:59: Supplier Item Rows: 6310
11-06-18T21:30:01: Supplier Item Rows: 6320
11-06-18T21:30:02: Supplier Item Rows: 6330
11-06-18T21:30:03: Supplier Item Rows: 6340
11-06-18T21:30:04: Supplier Item Rows: 6350
11-06-18T21:30:05: Supplier Item Rows: 6360
11-06-18T21:30:06: Supplier Item Rows: 6370
11-06-18T21:30:08: Supplier Item Rows: 6380
11-06-18T21:30:08: Supplier Item Rows: 6390
11-06-18T21:30:09: Supplier Item Rows: 6400
11-06-18T21:30:12: Supplier Item Rows: 6410
11-06-18T21:30:13: Supplier Item Rows: 6420
11-06-18T21:30:14: Supplier Item Rows: 6430
11-06-18T21:30:15: Supplier Item Rows: 6440
11-06-18T21:30:16: Supplier Item Rows: 6450
11-06-18T21:30:17: Supplier Item Rows: 6460
11-06-18T21:30:19: Supplier Item Rows: 6470
11-06-18T21:30:21: Supplier Item Rows: 6480
11-06-18T21:30:22: Supplier Item Rows: 6490
11-06-18T21:30:24: Supplier Item Rows: 6500
11-06-18T21:30:26: Supplier Item Rows: 6510
11-06-18T21:30:27: Supplier Item Rows: 6520
11-06-18T21:30:28: Supplier Item Rows: 6530
11-06-18T21:30:29: Supplier Item Rows: 6540
11-06-18T21:30:30: Supplier Item Rows: 6550
11-06-18T21:30:31: Supplier Item Rows: 6560
11-06-18T21:30:32: Supplier Item Rows: 6570
11-06-18T21:30:34: Supplier Item Rows: 6580
11-06-18T21:30:36: Supplier Item Rows: 6590
11-06-18T21:30:37: Supplier Item Rows: 6600
11-06-18T21:30:38: Supplier Item Rows: 6610
11-06-18T21:30:41: Supplier Item Rows: 6620
11-06-18T21:30:42: Supplier Item Rows: 6630
11-06-18T21:30:43: Supplier Item Rows: 6640
11-06-18T21:30:44: Supplier Item Rows: 6650
11-06-18T21:30:45: Supplier Item Rows: 6660
11-06-18T21:30:46: Supplier Item Rows: 6670
11-06-18T21:30:47: Supplier Item Rows: 6680
11-06-18T21:30:48: Supplier Item Rows: 6690
11-06-18T21:30:48: Supplier Item Rows: 6700
11-06-18T21:30:49: Supplier Item Rows: 6710
11-06-18T21:30:50: Supplier Item Rows: 6720
11-06-18T21:30:51: Supplier Item Rows: 6730
11-06-18T21:30:52: Supplier Item Rows: 6740
11-06-18T21:30:53: Supplier Item Rows: 6750
11-06-18T21:30:54: Supplier Item Rows: 6760
11-06-18T21:30:55: Supplier Item Rows: 6770
11-06-18T21:30:56: Supplier Item Rows: 6780
11-06-18T21:30:57: Supplier Item Rows: 6790
11-06-18T21:30:58: Supplier Item Rows: 6800
11-06-18T21:30:59: Supplier Item Rows: 6810
11-06-18T21:31:00: Supplier Item Rows: 6820
11-06-18T21:31:01: Supplier Item Rows: 6830
11-06-18T21:31:02: Supplier Item Rows: 6840
11-06-18T21:31:03: Supplier Item Rows: 6850
11-06-18T21:31:04: Supplier Item Rows: 6860
11-06-18T21:31:05: Supplier Item Rows: 6870
11-06-18T21:31:06: Supplier Item Rows: 6880
11-06-18T21:31:07: Supplier Item Rows: 6890
11-06-18T21:31:08: Supplier Item Rows: 6900
11-06-18T21:31:09: Supplier Item Rows: 6910
11-06-18T21:31:10: Supplier Item Rows: 6920
11-06-18T21:31:11: Supplier Item Rows: 6930
11-06-18T21:31:12: Supplier Item Rows: 6940
11-06-18T21:31:12: Supplier Item Rows: 6950
11-06-18T21:31:13: Supplier Item Rows: 6960
11-06-18T21:31:14: Supplier Item Rows: 6970
11-06-18T21:31:15: Supplier Item Rows: 6980
11-06-18T21:31:16: Supplier Item Rows: 6990
11-06-18T21:31:17: Supplier Item Rows: 7000
11-06-18T21:31:18: Supplier Item Rows: 7010
11-06-18T21:31:19: Supplier Item Rows: 7020
11-06-18T21:31:20: Supplier Item Rows: 7030
11-06-18T21:31:21: Supplier Item Rows: 7040
11-06-18T21:31:21: Supplier Item Rows: 7050
11-06-18T21:31:22: Supplier Item Rows: 7060
11-06-18T21:31:23: Supplier Item Rows: 7070
11-06-18T21:31:24: Supplier Item Rows: 7080
11-06-18T21:31:25: Supplier Item Rows: 7090
11-06-18T21:31:26: Supplier Item Rows: 7100
11-06-18T21:31:27: Supplier Item Rows: 7110
11-06-18T21:31:28: Supplier Item Rows: 7120
11-06-18T21:31:29: Supplier Item Rows: 7130
11-06-18T21:31:30: Supplier Item Rows: 7140
11-06-18T21:31:31: Supplier Item Rows: 7150
11-06-18T21:31:32: Supplier Item Rows: 7160
11-06-18T21:31:33: Supplier Item Rows: 7170
11-06-18T21:31:33: Supplier Item Rows: 7180
11-06-18T21:31:34: Supplier Item Rows: 7190
11-06-18T21:31:35: Supplier Item Rows: 7200
11-06-18T21:31:36: Supplier Item Rows: 7210
11-06-18T21:31:37: Supplier Item Rows: 7220
11-06-18T21:31:38: Supplier Item Rows: 7230
11-06-18T21:31:39: Supplier Item Rows: 7240
11-06-18T21:31:40: Supplier Item Rows: 7250
11-06-18T21:31:41: Supplier Item Rows: 7260
11-06-18T21:31:41: Supplier Item Rows: 7270
11-06-18T21:31:42: Supplier Item Rows: 7280
11-06-18T21:31:43: Supplier Item Rows: 7290
11-06-18T21:31:44: Supplier Item Rows: 7300
11-06-18T21:31:45: Supplier Item Rows: 7310
11-06-18T21:31:46: Supplier Item Rows: 7320
11-06-18T21:31:47: Supplier Item Rows: 7330
11-06-18T21:31:47: Supplier Item Rows: 7340
11-06-18T21:31:48: Supplier Item Rows: 7350
11-06-18T21:31:49: Supplier Item Rows: 7360
11-06-18T21:31:50: Supplier Item Rows: 7370
11-06-18T21:31:51: Supplier Item Rows: 7380
11-06-18T21:31:52: Supplier Item Rows: 7390
11-06-18T21:31:53: Supplier Item Rows: 7400
11-06-18T21:31:53: Supplier Item Rows: 7410
11-06-18T21:31:54: Supplier Item Rows: 7420
11-06-18T21:31:55: Supplier Item Rows: 7430
11-06-18T21:31:56: Supplier Item Rows: 7440
11-06-18T21:31:57: Supplier Item Rows: 7450
11-06-18T21:31:58: Supplier Item Rows: 7460
11-06-18T21:31:59: Supplier Item Rows: 7470
11-06-18T21:32:00: Supplier Item Rows: 7480
11-06-18T21:32:01: Supplier Item Rows: 7490
11-06-18T21:32:02: Supplier Item Rows: 7500
11-06-18T21:32:02: Supplier Item Rows: 7510
11-06-18T21:32:03: Supplier Item Rows: 7520
11-06-18T21:32:04: Supplier Item Rows: 7530
11-06-18T21:32:05: Supplier Item Rows: 7540
11-06-18T21:32:06: Supplier Item Rows: 7550
11-06-18T21:32:07: Supplier Item Rows: 7560
11-06-18T21:32:08: Supplier Item Rows: 7570
11-06-18T21:32:09: Supplier Item Rows: 7580
11-06-18T21:32:10: Supplier Item Rows: 7590
11-06-18T21:32:11: Supplier Item Rows: 7600
11-06-18T21:32:12: Supplier Item Rows: 7610
11-06-18T21:32:12: Supplier Item Rows: 7620
11-06-18T21:32:13: Supplier Item Rows: 7630
11-06-18T21:32:14: Supplier Item Rows: 7640
11-06-18T21:32:15: Supplier Item Rows: 7650
11-06-18T21:32:16: Supplier Item Rows: 7660
11-06-18T21:32:17: Supplier Item Rows: 7670
11-06-18T21:32:18: Supplier Item Rows: 7680
11-06-18T21:32:19: Supplier Item Rows: 7690
11-06-18T21:32:20: Supplier Item Rows: 7700
11-06-18T21:32:21: Supplier Item Rows: 7710
11-06-18T21:32:22: Supplier Item Rows: 7720
11-06-18T21:32:22: Supplier Item Rows: 7730
11-06-18T21:32:23: Supplier Item Rows: 7740
11-06-18T21:32:24: Supplier Item Rows: 7750
11-06-18T21:32:25: Supplier Item Rows: 7760
11-06-18T21:32:26: Supplier Item Rows: 7770
11-06-18T21:32:27: Supplier Item Rows: 7780
11-06-18T21:32:28: Supplier Item Rows: 7790
11-06-18T21:32:29: Supplier Item Rows: 7800
11-06-18T21:32:30: Supplier Item Rows: 7810
11-06-18T21:32:31: Supplier Item Rows: 7820
11-06-18T21:32:32: Supplier Item Rows: 7830
11-06-18T21:32:33: Supplier Item Rows: 7840
11-06-18T21:32:34: Supplier Item Rows: 7850
11-06-18T21:32:35: Supplier Item Rows: 7860
11-06-18T21:32:36: Supplier Item Rows: 7870
11-06-18T21:32:36: Supplier Item Rows: 7880
11-06-18T21:32:37: Supplier Item Rows: 7890
11-06-18T21:32:38: Supplier Item Rows: 7900
11-06-18T21:32:40: Supplier Item Rows: 7910
11-06-18T21:32:40: Supplier Item Rows: 7920
11-06-18T21:32:42: Supplier Item Rows: 7930
11-06-18T21:32:42: Supplier Item Rows: 7940
11-06-18T21:32:43: Supplier Item Rows: 7950
11-06-18T21:32:44: Supplier Item Rows: 7960
11-06-18T21:32:45: Supplier Item Rows: 7970
11-06-18T21:32:46: Supplier Item Rows: 7980
11-06-18T21:32:47: Supplier Item Rows: 7990
11-06-18T21:32:48: Supplier Item Rows: 8000
11-06-18T21:32:49: Supplier Item Rows: 8010
11-06-18T21:32:50: Supplier Item Rows: 8020
11-06-18T21:32:50: Supplier Item Rows: 8030
11-06-18T21:32:51: Supplier Item Rows: 8040
11-06-18T21:32:52: Supplier Item Rows: 8050
11-06-18T21:32:53: Supplier Item Rows: 8060
11-06-18T21:32:54: Supplier Item Rows: 8070
11-06-18T21:32:55: Supplier Item Rows: 8080
11-06-18T21:32:56: Supplier Item Rows: 8090
11-06-18T21:32:57: Supplier Item Rows: 8100
11-06-18T21:33:00: Supplier Item Rows: 8110
11-06-18T21:33:01: Supplier Item Rows: 8120
11-06-18T21:33:02: Supplier Item Rows: 8130
11-06-18T21:33:03: Supplier Item Rows: 8140
11-06-18T21:33:06: Supplier Item Rows: 8150
11-06-18T21:33:08: Supplier Item Rows: 8160
11-06-18T21:33:09: Supplier Item Rows: 8170
11-06-18T21:33:11: Supplier Item Rows: 8180
11-06-18T21:33:13: Supplier Item Rows: 8190
11-06-18T21:33:16: Supplier Item Rows: 8200
11-06-18T21:33:19: Supplier Item Rows: 8210
11-06-18T21:33:20: Supplier Item Rows: 8220
11-06-18T21:33:20: Supplier Item Rows: 8230
11-06-18T21:33:21: Supplier Item Rows: 8240
11-06-18T21:33:23: Supplier Item Rows: 8250
11-06-18T21:33:24: Supplier Item Rows: 8260
11-06-18T21:33:26: Supplier Item Rows: 8270
11-06-18T21:33:27: Supplier Item Rows: 8280
11-06-18T21:33:29: Supplier Item Rows: 8290
11-06-18T21:33:30: Supplier Item Rows: 8300
11-06-18T21:33:32: Supplier Item Rows: 8310
11-06-18T21:33:34: Supplier Item Rows: 8320
11-06-18T21:33:38: Supplier Item Rows: 8330
11-06-18T21:33:41: Supplier Item Rows: 8340
11-06-18T21:33:42: Supplier Item Rows: 8350
11-06-18T21:33:43: Supplier Item Rows: 8360
11-06-18T21:33:45: Supplier Item Rows: 8370
11-06-18T21:33:46: Supplier Item Rows: 8380
11-06-18T21:33:48: Supplier Item Rows: 8390
11-06-18T21:33:49: Supplier Item Rows: 8400
11-06-18T21:33:50: Supplier Item Rows: 8410
11-06-18T21:33:52: Supplier Item Rows: 8420
11-06-18T21:33:59: Supplier Item Rows: 8430
11-06-18T21:34:01: Supplier Item Rows: 8440
11-06-18T21:34:03: Supplier Item Rows: 8450
11-06-18T21:34:04: Supplier Item Rows: 8460
11-06-18T21:34:09: Supplier Item Rows: 8470
11-06-18T21:34:11: Supplier Item Rows: 8480
11-06-18T21:34:13: Supplier Item Rows: 8490
11-06-18T21:34:16: Supplier Item Rows: 8500
11-06-18T21:34:19: Supplier Item Rows: 8510
11-06-18T21:34:22: Supplier Item Rows: 8520
11-06-18T21:34:24: Supplier Item Rows: 8530
11-06-18T21:34:25: Supplier Item Rows: 8540
11-06-18T21:34:27: Supplier Item Rows: 8550
11-06-18T21:34:28: Supplier Item Rows: 8560
11-06-18T21:34:29: Supplier Item Rows: 8570
11-06-18T21:34:30: Finished Supplier: MCLNNTHE- MCLANE NORTHEAST (NE) Xref: MCLNNTHE
11-06-18T21:34:31: Total Items: 8566
11-06-18T21:34:31: File created in working xls folder: Supplier Item-MCLNNTHE- MCLANE NORTHEAST (NE)_MCLNNTHE_01.xlsx
11-06-18T21:34:31: ...
11-06-18T21:34:31: End Log
