10-29-18T11:14:14: Start Log
10-29-18T11:14:14: Found Input File: C:\Users\chuck\Documents\ROC\Data Extraction and Loading\Import Files\Supplier Item\FinalCSV\inactive test.csv
10-29-18T11:14:14: Supplier Name: 
10-29-18T11:14:14: Supplier Items Rows: 10
10-29-18T11:14:14: Supplier Items Rows: 20
10-29-18T11:14:14: Supplier Items Rows: 30
10-29-18T11:14:14: Supplier Items Rows: 40
10-29-18T11:14:14: Supplier Items Rows: 50
10-29-18T11:14:14: Supplier Items Rows: 60
10-29-18T11:14:14: Supplier Items Rows: 70
10-29-18T11:14:14: Supplier Items Rows: 80
10-29-18T11:14:14: Supplier Items Rows: 90
10-29-18T11:14:14: Supplier Items Rows: 100
10-29-18T11:14:14: Supplier Items Rows: 110
10-29-18T11:14:14: Supplier Items Rows: 120
10-29-18T11:14:14: Supplier Items Rows: 130
10-29-18T11:14:14: Supplier Items Rows: 140
10-29-18T11:14:14: Supplier Items Rows: 150
10-29-18T11:14:14: Supplier Items Rows: 160
10-29-18T11:14:14: Supplier Items Rows: 170
10-29-18T11:14:14: Supplier Items Rows: 180
10-29-18T11:14:14: Supplier Items Rows: 190
10-29-18T11:14:14: Supplier Items Rows: 200
10-29-18T11:14:14: Supplier Items Rows: 210
10-29-18T11:14:14: Supplier Items Rows: 220
10-29-18T11:14:14: Supplier Items Rows: 230
10-29-18T11:14:14: Supplier Items Rows: 240
10-29-18T11:14:14: Supplier Items Rows: 250
10-29-18T11:14:14: Supplier Items Rows: 260
10-29-18T11:14:14: Supplier Items Rows: 270
10-29-18T11:14:14: Supplier Items Rows: 280
10-29-18T11:14:14: Supplier Items Rows: 290
10-29-18T11:14:14: Supplier Items Rows: 300
10-29-18T11:14:14: Supplier Items Rows: 310
10-29-18T11:14:14: Supplier Items Rows: 320
10-29-18T11:14:14: Supplier Items Rows: 330
10-29-18T11:14:14: Supplier Items Rows: 340
10-29-18T11:14:14: Supplier Items Rows: 350
10-29-18T11:14:14: Supplier Items Rows: 360
10-29-18T11:14:14: Supplier Items Rows: 370
10-29-18T11:14:14: Supplier Items Rows: 380
10-29-18T11:14:14: Supplier Items Rows: 390
10-29-18T11:14:14: Supplier Items Rows: 400
10-29-18T11:14:14: Supplier Items Rows: 410
10-29-18T11:14:14: Supplier Items Rows: 420
10-29-18T11:14:14: Supplier Items Rows: 430
10-29-18T11:14:14: Supplier Items Rows: 440
10-29-18T11:14:14: Supplier Items Rows: 450
10-29-18T11:14:14: Supplier Items Rows: 460
10-29-18T11:14:14: Supplier Items Rows: 470
10-29-18T11:14:14: Supplier Items Rows: 480
10-29-18T11:14:14: Supplier Items Rows: 490
10-29-18T11:14:14: Supplier Items Rows: 500
10-29-18T11:14:14: Supplier Items Rows: 510
10-29-18T11:14:14: Supplier Items Rows: 520
10-29-18T11:14:14: Supplier Items Rows: 530
10-29-18T11:14:14: Supplier Items Rows: 540
10-29-18T11:14:14: Supplier Items Rows: 550
10-29-18T11:14:14: Supplier Items Rows: 560
10-29-18T11:14:14: Supplier Items Rows: 570
10-29-18T11:14:14: Supplier Items Rows: 580
10-29-18T11:14:14: Supplier Items Rows: 590
10-29-18T11:14:14: Supplier Items Rows: 600
10-29-18T11:14:14: Supplier Items Rows: 610
10-29-18T11:14:14: Supplier Items Rows: 620
10-29-18T11:14:14: Supplier Items Rows: 630
10-29-18T11:14:14: Supplier Items Rows: 640
10-29-18T11:14:14: Supplier Items Rows: 650
10-29-18T11:14:14: Supplier Items Rows: 660
10-29-18T11:14:14: Supplier Items Rows: 670
10-29-18T11:14:14: Supplier Items Rows: 680
10-29-18T11:14:14: Supplier Items Rows: 690
10-29-18T11:14:14: Supplier Items Rows: 700
10-29-18T11:14:14: Supplier Items Rows: 710
10-29-18T11:14:14: Supplier Items Rows: 720
10-29-18T11:14:14: Supplier Items Rows: 730
10-29-18T11:14:14: Supplier Items Rows: 740
10-29-18T11:14:14: Supplier Items Rows: 750
10-29-18T11:14:14: Supplier Items Rows: 760
10-29-18T11:14:14: Supplier Items Rows: 770
10-29-18T11:14:14: Supplier Items Rows: 780
10-29-18T11:14:14: Supplier Items Rows: 790
10-29-18T11:14:14: Supplier Items Rows: 800
10-29-18T11:14:14: Supplier Items Rows: 810
10-29-18T11:14:14: Supplier Items Rows: 820
10-29-18T11:14:14: Supplier Items Rows: 830
10-29-18T11:14:14: Supplier Items Rows: 840
10-29-18T11:14:14: Supplier Items Rows: 850
10-29-18T11:14:14: Supplier Items Rows: 860
10-29-18T11:14:14: Supplier Items Rows: 870
10-29-18T11:14:14: Supplier Items Rows: 880
10-29-18T11:14:14: Supplier Items Rows: 890
10-29-18T11:14:14: Supplier Items Rows: 900
10-29-18T11:14:14: Supplier Items Rows: 910
10-29-18T11:14:14: Supplier Items Rows: 920
10-29-18T11:14:14: Supplier Items Rows: 930
10-29-18T11:14:14: Supplier Items Rows: 940
10-29-18T11:14:14: Supplier Items Rows: 950
10-29-18T11:14:14: Supplier Items Rows: 960
10-29-18T11:14:14: Supplier Items Rows: 970
10-29-18T11:14:14: Supplier Items Rows: 980
10-29-18T11:14:14: Supplier Items Rows: 990
10-29-18T11:14:14: Supplier Items Rows: 1000
10-29-18T11:14:14: Supplier Items Rows: 1010
10-29-18T11:14:14: Supplier Items Rows: 1020
10-29-18T11:14:14: Supplier Items Rows: 1030
10-29-18T11:14:14: Supplier Items Rows: 1040
10-29-18T11:14:14: Supplier Items Rows: 1050
10-29-18T11:14:14: Supplier Items Rows: 1060
10-29-18T11:14:14: Supplier Items Rows: 1070
10-29-18T11:14:14: Supplier Items Rows: 1080
10-29-18T11:14:14: Supplier Items Rows: 1090
10-29-18T11:14:14: Supplier Items Rows: 1100
10-29-18T11:14:14: Supplier Items Rows: 1110
10-29-18T11:14:14: Supplier Items Rows: 1120
10-29-18T11:14:14: Supplier Items Rows: 1130
10-29-18T11:14:14: Supplier Items Rows: 1140
10-29-18T11:14:14: Supplier Items Rows: 1150
10-29-18T11:14:14: Supplier Items Rows: 1160
10-29-18T11:14:14: Supplier Items Rows: 1170
10-29-18T11:14:14: Supplier Items Rows: 1180
10-29-18T11:14:14: Supplier Items Rows: 1190
10-29-18T11:14:14: Supplier Items Rows: 1200
10-29-18T11:14:14: Supplier Items Rows: 1210
10-29-18T11:14:14: Supplier Items Rows: 1220
10-29-18T11:14:14: Supplier Items Rows: 1230
10-29-18T11:14:14: Supplier Items Rows: 1240
10-29-18T11:14:14: Supplier Items Rows: 1250
10-29-18T11:14:14: Supplier Items Rows: 1260
10-29-18T11:14:14: Supplier Items Rows: 1270
10-29-18T11:14:14: Supplier Items Rows: 1280
10-29-18T11:14:14: Supplier Items Rows: 1290
10-29-18T11:14:14: Supplier Items Rows: 1300
10-29-18T11:14:15: Supplier Items Rows: 1310
10-29-18T11:14:15: Supplier Items Rows: 1320
10-29-18T11:14:15: Supplier Items Rows: 1330
10-29-18T11:14:15: Supplier Items Rows: 1340
10-29-18T11:14:15: Supplier Items Rows: 1350
10-29-18T11:14:15: Supplier Items Rows: 1360
10-29-18T11:14:15: Supplier Items Rows: 1370
10-29-18T11:14:15: Supplier Items Rows: 1380
10-29-18T11:14:15: Supplier Items Rows: 1390
10-29-18T11:14:15: Supplier Items Rows: 1400
10-29-18T11:14:15: Supplier Items Rows: 1410
10-29-18T11:14:15: Supplier Items Rows: 1420
10-29-18T11:14:15: Supplier Items Rows: 1430
10-29-18T11:14:15: Supplier Items Rows: 1440
10-29-18T11:14:15: Supplier Items Rows: 1450
10-29-18T11:14:15: Supplier Items Rows: 1460
10-29-18T11:14:15: Supplier Items Rows: 1470
10-29-18T11:14:15: Supplier Items Rows: 1480
10-29-18T11:14:15: Supplier Items Rows: 1490
10-29-18T11:14:15: Supplier Items Rows: 1500
10-29-18T11:14:15: Supplier Items Rows: 1510
10-29-18T11:14:15: Supplier Items Rows: 1520
10-29-18T11:14:15: Supplier Items Rows: 1530
10-29-18T11:14:15: Supplier Items Rows: 1540
10-29-18T11:14:15: Supplier Items Rows: 1550
10-29-18T11:14:15: Supplier Items Rows: 1560
10-29-18T11:14:15: Supplier Items Rows: 1570
10-29-18T11:14:15: Supplier Items Rows: 1580
10-29-18T11:14:15: Supplier Items Rows: 1590
10-29-18T11:14:15: Supplier Items Rows: 1600
10-29-18T11:14:15: Supplier Items Rows: 1610
10-29-18T11:14:15: Supplier Items Rows: 1620
10-29-18T11:14:15: Supplier Items Rows: 1630
10-29-18T11:14:15: Supplier Items Rows: 1640
10-29-18T11:14:15: Supplier Items Rows: 1650
10-29-18T11:14:15: Supplier Items Rows: 1660
10-29-18T11:14:15: Supplier Items Rows: 1670
10-29-18T11:14:15: Supplier Items Rows: 1680
10-29-18T11:14:15: Supplier Items Rows: 1690
10-29-18T11:14:15: Supplier Items Rows: 1700
10-29-18T11:14:15: Supplier Items Rows: 1710
10-29-18T11:14:15: Supplier Items Rows: 1720
10-29-18T11:14:15: Supplier Items Rows: 1730
10-29-18T11:14:15: Supplier Items Rows: 1740
10-29-18T11:14:15: Supplier Items Rows: 1750
10-29-18T11:14:15: Supplier Items Rows: 1760
10-29-18T11:14:15: Supplier Items Rows: 1770
10-29-18T11:14:15: Supplier Items Rows: 1780
10-29-18T11:14:15: Supplier Items Rows: 1790
10-29-18T11:14:15: Supplier Items Rows: 1800
10-29-18T11:14:15: Supplier Items Rows: 1810
10-29-18T11:14:15: Supplier Items Rows: 1820
10-29-18T11:14:15: Supplier Items Rows: 1830
10-29-18T11:14:15: Supplier Items Rows: 1840
10-29-18T11:14:15: Supplier Items Rows: 1850
10-29-18T11:14:15: Supplier Items Rows: 1860
10-29-18T11:14:15: Supplier Items Rows: 1870
10-29-18T11:14:15: Supplier Items Rows: 1880
10-29-18T11:14:15: Supplier Items Rows: 1890
10-29-18T11:14:15: Supplier Items Rows: 1900
10-29-18T11:14:15: Supplier Items Rows: 1910
10-29-18T11:14:15: Supplier Items Rows: 1920
10-29-18T11:14:15: Supplier Items Rows: 1930
10-29-18T11:14:15: Supplier Items Rows: 1940
10-29-18T11:14:15: Supplier Items Rows: 1950
10-29-18T11:14:15: Supplier Items Rows: 1960
10-29-18T11:14:15: Supplier Items Rows: 1970
10-29-18T11:14:15: Supplier Items Rows: 1980
10-29-18T11:14:15: Supplier Items Rows: 1990
10-29-18T11:14:15: Supplier Items Rows: 2000
10-29-18T11:14:15: Supplier Items Rows: 2010
10-29-18T11:14:15: Supplier Items Rows: 2020
10-29-18T11:14:15: Supplier Items Rows: 2030
10-29-18T11:14:15: Supplier Items Rows: 2040
10-29-18T11:14:15: Supplier Items Rows: 2050
10-29-18T11:14:15: Supplier Items Rows: 2060
10-29-18T11:14:15: Supplier Items Rows: 2070
10-29-18T11:14:15: Supplier Items Rows: 2080
10-29-18T11:14:15: Supplier Items Rows: 2090
10-29-18T11:14:15: Supplier Items Rows: 2100
10-29-18T11:14:15: Supplier Items Rows: 2110
10-29-18T11:14:15: Supplier Items Rows: 2120
10-29-18T11:14:15: Supplier Items Rows: 2130
10-29-18T11:14:15: Supplier Items Rows: 2140
10-29-18T11:14:15: Supplier Items Rows: 2150
10-29-18T11:14:15: Supplier Items Rows: 2160
10-29-18T11:14:15: Supplier Items Rows: 2170
10-29-18T11:14:15: Supplier Items Rows: 2180
10-29-18T11:14:15: Supplier Items Rows: 2190
10-29-18T11:14:15: Supplier Items Rows: 2200
10-29-18T11:14:15: Supplier Items Rows: 2210
10-29-18T11:14:15: Supplier Items Rows: 2220
10-29-18T11:14:15: Supplier Items Rows: 2230
10-29-18T11:14:15: Supplier Items Rows: 2240
10-29-18T11:14:15: Supplier Items Rows: 2250
10-29-18T11:14:15: Supplier Items Rows: 2260
10-29-18T11:14:15: Supplier Items Rows: 2270
10-29-18T11:14:15: Supplier Items Rows: 2280
10-29-18T11:14:15: Supplier Items Rows: 2290
10-29-18T11:14:15: Supplier Items Rows: 2300
10-29-18T11:14:15: Supplier Items Rows: 2310
10-29-18T11:14:15: Supplier Items Rows: 2320
10-29-18T11:14:15: Supplier Items Rows: 2330
10-29-18T11:14:15: Supplier Items Rows: 2340
10-29-18T11:14:15: Supplier Items Rows: 2350
10-29-18T11:14:15: Supplier Items Rows: 2360
10-29-18T11:14:15: Supplier Items Rows: 2370
10-29-18T11:14:15: Supplier Items Rows: 2380
10-29-18T11:14:15: Supplier Items Rows: 2390
10-29-18T11:14:15: Supplier Items Rows: 2400
10-29-18T11:14:15: Supplier Items Rows: 2410
10-29-18T11:14:15: Supplier Items Rows: 2420
10-29-18T11:14:15: Supplier Items Rows: 2430
10-29-18T11:14:15: Supplier Items Rows: 2440
10-29-18T11:14:15: Supplier Items Rows: 2450
10-29-18T11:14:15: Supplier Items Rows: 2460
10-29-18T11:14:15: Supplier Items Rows: 2470
10-29-18T11:14:15: Supplier Items Rows: 2480
10-29-18T11:14:15: Supplier Items Rows: 2490
10-29-18T11:14:15: Supplier Items Rows: 2500
10-29-18T11:14:15: Supplier Items Rows: 2510
10-29-18T11:14:15: Supplier Items Rows: 2520
10-29-18T11:14:15: Supplier Items Rows: 2530
10-29-18T11:14:15: Supplier Items Rows: 2540
10-29-18T11:14:15: Supplier Items Rows: 2550
10-29-18T11:14:15: Supplier Items Rows: 2560
10-29-18T11:14:15: Supplier Items Rows: 2570
10-29-18T11:14:15: Supplier Items Rows: 2580
10-29-18T11:14:15: Supplier Items Rows: 2590
10-29-18T11:14:15: Supplier Items Rows: 2600
10-29-18T11:14:15: Supplier Items Rows: 2610
10-29-18T11:14:15: Supplier Items Rows: 2620
10-29-18T11:14:15: Supplier Items Rows: 2630
10-29-18T11:14:15: Supplier Items Rows: 2640
10-29-18T11:14:15: Supplier Items Rows: 2650
10-29-18T11:14:15: Supplier Items Rows: 2660
10-29-18T11:14:15: Supplier Items Rows: 2670
10-29-18T11:14:15: Supplier Items Rows: 2680
10-29-18T11:14:15: Supplier Items Rows: 2690
10-29-18T11:14:15: Supplier Items Rows: 2700
10-29-18T11:14:15: Supplier Items Rows: 2710
10-29-18T11:14:15: Supplier Items Rows: 2720
10-29-18T11:14:15: Supplier Items Rows: 2730
10-29-18T11:14:15: Supplier Items Rows: 2740
10-29-18T11:14:15: Supplier Items Rows: 2750
10-29-18T11:14:15: Supplier Items Rows: 2760
10-29-18T11:14:15: Supplier Items Rows: 2770
10-29-18T11:14:15: Supplier Items Rows: 2780
10-29-18T11:14:15: Supplier Items Rows: 2790
10-29-18T11:14:15: Supplier Items Rows: 2800
10-29-18T11:14:15: Supplier Items Rows: 2810
10-29-18T11:14:15: Supplier Items Rows: 2820
10-29-18T11:14:15: Supplier Items Rows: 2830
10-29-18T11:14:15: Supplier Items Rows: 2840
10-29-18T11:14:15: Supplier Items Rows: 2850
10-29-18T11:14:15: Supplier Items Rows: 2860
10-29-18T11:14:15: Supplier Items Rows: 2870
10-29-18T11:14:15: Supplier Items Rows: 2880
10-29-18T11:14:15: Supplier Items Rows: 2890
10-29-18T11:14:15: Supplier Items Rows: 2900
10-29-18T11:14:15: Supplier Items Rows: 2910
10-29-18T11:14:15: Supplier Items Rows: 2920
10-29-18T11:14:15: Supplier Items Rows: 2930
10-29-18T11:14:15: Supplier Items Rows: 2940
10-29-18T11:14:15: Supplier Items Rows: 2950
10-29-18T11:14:15: Supplier Items Rows: 2960
10-29-18T11:14:15: Supplier Items Rows: 2970
10-29-18T11:14:15: Supplier Items Rows: 2980
10-29-18T11:14:15: Supplier Items Rows: 2990
10-29-18T11:14:15: Supplier Items Rows: 3000
10-29-18T11:14:15: Supplier Items Rows: 3010
10-29-18T11:14:15: Supplier Items Rows: 3020
10-29-18T11:14:15: Supplier Items Rows: 3030
10-29-18T11:14:15: Supplier Items Rows: 3040
10-29-18T11:14:15: Supplier Items Rows: 3050
10-29-18T11:14:15: Supplier Items Rows: 3060
10-29-18T11:14:15: Supplier Items Rows: 3070
10-29-18T11:14:15: Supplier Items Rows: 3080
10-29-18T11:14:15: Supplier Items Rows: 3090
10-29-18T11:14:15: Supplier Items Rows: 3100
10-29-18T11:14:15: Supplier Items Rows: 3110
10-29-18T11:14:15: Supplier Items Rows: 3120
10-29-18T11:14:15: Supplier Items Rows: 3130
10-29-18T11:14:15: Supplier Items Rows: 3140
10-29-18T11:14:15: Supplier Items Rows: 3150
10-29-18T11:14:15: Supplier Items Rows: 3160
10-29-18T11:14:15: Supplier Items Rows: 3170
10-29-18T11:14:15: Supplier Items Rows: 3180
10-29-18T11:14:15: Supplier Items Rows: 3190
10-29-18T11:14:15: Supplier Items Rows: 3200
10-29-18T11:14:15: Supplier Items Rows: 3210
10-29-18T11:14:15: Supplier Items Rows: 3220
10-29-18T11:14:15: Supplier Items Rows: 3230
10-29-18T11:14:15: Supplier Items Rows: 3240
10-29-18T11:14:15: Supplier Items Rows: 3250
10-29-18T11:14:15: Supplier Items Rows: 3260
10-29-18T11:14:15: Supplier Items Rows: 3270
10-29-18T11:14:15: Supplier Items Rows: 3280
10-29-18T11:14:15: Supplier Items Rows: 3290
10-29-18T11:14:15: Supplier Items Rows: 3300
10-29-18T11:14:15: Supplier Items Rows: 3310
10-29-18T11:14:15: Supplier Items Rows: 3320
10-29-18T11:14:15: Supplier Items Rows: 3330
10-29-18T11:14:15: Supplier Items Rows: 3340
10-29-18T11:14:15: Supplier Items Rows: 3350
10-29-18T11:14:15: Supplier Items Rows: 3360
10-29-18T11:14:15: Supplier Items Rows: 3370
10-29-18T11:14:15: Supplier Items Rows: 3380
10-29-18T11:14:15: Supplier Items Rows: 3390
10-29-18T11:14:15: Supplier Items Rows: 3400
10-29-18T11:14:15: Supplier Items Rows: 3410
10-29-18T11:14:15: Supplier Items Rows: 3420
10-29-18T11:14:15: Supplier Items Rows: 3430
10-29-18T11:14:15: Supplier Items Rows: 3440
10-29-18T11:14:15: Supplier Items Rows: 3450
10-29-18T11:14:15: Supplier Items Rows: 3460
10-29-18T11:14:15: Supplier Items Rows: 3470
10-29-18T11:14:15: Supplier Items Rows: 3480
10-29-18T11:14:15: Supplier Items Rows: 3490
10-29-18T11:14:15: Supplier Items Rows: 3500
10-29-18T11:14:15: Supplier Items Rows: 3510
10-29-18T11:14:15: Supplier Items Rows: 3520
10-29-18T11:14:15: Supplier Items Rows: 3530
10-29-18T11:14:15: Supplier Items Rows: 3540
10-29-18T11:14:15: Supplier Items Rows: 3550
10-29-18T11:14:15: Supplier Items Rows: 3560
10-29-18T11:14:15: Supplier Items Rows: 3570
10-29-18T11:14:15: Supplier Items Rows: 3580
10-29-18T11:14:15: Supplier Items Rows: 3590
10-29-18T11:14:15: Supplier Items Rows: 3600
10-29-18T11:14:15: Supplier Items Rows: 3610
10-29-18T11:14:15: Supplier Items Rows: 3620
10-29-18T11:14:15: Supplier Items Rows: 3630
10-29-18T11:14:15: Supplier Items Rows: 3640
10-29-18T11:14:15: Supplier Items Rows: 3650
10-29-18T11:14:15: Supplier Items Rows: 3660
10-29-18T11:14:15: Supplier Items Rows: 3670
10-29-18T11:14:15: Supplier Items Rows: 3680
10-29-18T11:14:15: Supplier Items Rows: 3690
10-29-18T11:14:15: Supplier Items Rows: 3700
10-29-18T11:14:15: Supplier Items Rows: 3710
10-29-18T11:14:15: Supplier Items Rows: 3720
10-29-18T11:14:15: Supplier Items Rows: 3730
10-29-18T11:14:15: Supplier Items Rows: 3740
10-29-18T11:14:15: Supplier Items Rows: 3750
10-29-18T11:14:15: Supplier Items Rows: 3760
10-29-18T11:14:15: Supplier Items Rows: 3770
10-29-18T11:14:15: Supplier Items Rows: 3780
10-29-18T11:14:15: Supplier Items Rows: 3790
10-29-18T11:14:15: Supplier Items Rows: 3800
10-29-18T11:14:15: Supplier Items Rows: 3810
10-29-18T11:14:15: Supplier Items Rows: 3820
10-29-18T11:14:15: Supplier Items Rows: 3830
10-29-18T11:14:15: Supplier Items Rows: 3840
10-29-18T11:14:15: Supplier Items Rows: 3850
10-29-18T11:14:15: Supplier Items Rows: 3860
10-29-18T11:14:15: Supplier Items Rows: 3870
10-29-18T11:14:15: Supplier Items Rows: 3880
10-29-18T11:14:15: Supplier Items Rows: 3890
10-29-18T11:14:15: Supplier Items Rows: 3900
10-29-18T11:14:15: Supplier Items Rows: 3910
10-29-18T11:14:15: Supplier Items Rows: 3920
10-29-18T11:14:15: Supplier Items Rows: 3930
10-29-18T11:14:15: Supplier Items Rows: 3940
10-29-18T11:14:15: Supplier Items Rows: 3950
10-29-18T11:14:15: Supplier Items Rows: 3960
10-29-18T11:14:15: Supplier Items Rows: 3970
10-29-18T11:14:15: Supplier Items Rows: 3980
10-29-18T11:14:15: Supplier Items Rows: 3990
10-29-18T11:14:15: Supplier Items Rows: 4000
10-29-18T11:14:15: Supplier Items Rows: 4010
10-29-18T11:14:15: Supplier Items Rows: 4020
10-29-18T11:14:15: Supplier Items Rows: 4030
10-29-18T11:14:15: Supplier Items Rows: 4040
10-29-18T11:14:15: Supplier Items Rows: 4050
10-29-18T11:14:15: Supplier Items Rows: 4060
10-29-18T11:14:15: Supplier Items Rows: 4070
10-29-18T11:14:15: Supplier Items Rows: 4080
10-29-18T11:14:15: Supplier Items Rows: 4090
10-29-18T11:14:15: Supplier Items Rows: 4100
10-29-18T11:14:15: Supplier Items Rows: 4110
10-29-18T11:14:15: Supplier Items Rows: 4120
10-29-18T11:14:15: Supplier Items Rows: 4130
10-29-18T11:14:15: Supplier Items Rows: 4140
10-29-18T11:14:15: Supplier Items Rows: 4150
10-29-18T11:14:15: Supplier Items Rows: 4160
10-29-18T11:14:15: Supplier Items Rows: 4170
10-29-18T11:14:15: Supplier Items Rows: 4180
10-29-18T11:14:15: Supplier Items Rows: 4190
10-29-18T11:14:15: Supplier Items Rows: 4200
10-29-18T11:14:15: Supplier Items Rows: 4210
10-29-18T11:14:15: Supplier Items Rows: 4220
10-29-18T11:14:15: Supplier Items Rows: 4230
10-29-18T11:14:15: Supplier Items Rows: 4240
10-29-18T11:14:15: Supplier Items Rows: 4250
10-29-18T11:14:15: Supplier Items Rows: 4260
10-29-18T11:14:15: Supplier Items Rows: 4270
10-29-18T11:14:15: Supplier Items Rows: 4280
10-29-18T11:14:15: Supplier Items Rows: 4290
10-29-18T11:14:15: Supplier Items Rows: 4300
10-29-18T11:14:15: Supplier Items Rows: 4310
10-29-18T11:14:15: Supplier Items Rows: 4320
10-29-18T11:14:15: Supplier Items Rows: 4330
10-29-18T11:14:15: Supplier Items Rows: 4340
10-29-18T11:14:15: Supplier Items Rows: 4350
10-29-18T11:14:15: Supplier Items Rows: 4360
10-29-18T11:14:15: Supplier Items Rows: 4370
10-29-18T11:14:15: Supplier Items Rows: 4380
10-29-18T11:14:15: Supplier Items Rows: 4390
10-29-18T11:14:15: Supplier Items Rows: 4400
10-29-18T11:14:15: Supplier Items Rows: 4410
10-29-18T11:14:15: Supplier Items Rows: 4420
10-29-18T11:14:15: Supplier Items Rows: 4430
10-29-18T11:14:15: Supplier Items Rows: 4440
10-29-18T11:14:15: Supplier Items Rows: 4450
10-29-18T11:14:15: Supplier Items Rows: 4460
10-29-18T11:14:15: Supplier Items Rows: 4470
10-29-18T11:14:15: Supplier Items Rows: 4480
10-29-18T11:14:15: Supplier Items Rows: 4490
10-29-18T11:14:15: Supplier Items Rows: 4500
10-29-18T11:14:15: Supplier Items Rows: 4510
10-29-18T11:14:15: Supplier Items Rows: 4520
10-29-18T11:14:16: Supplier Items Rows: 4530
10-29-18T11:14:16: Supplier Items Rows: 4540
10-29-18T11:14:16: Supplier Items Rows: 4550
10-29-18T11:14:16: Supplier Items Rows: 4560
10-29-18T11:14:16: Supplier Items Rows: 4570
10-29-18T11:14:16: Supplier Items Rows: 4580
10-29-18T11:14:16: Supplier Items Rows: 4590
10-29-18T11:14:16: Supplier Items Rows: 4600
10-29-18T11:14:16: Supplier Items Rows: 4610
10-29-18T11:14:16: Supplier Items Rows: 4620
10-29-18T11:14:16: Supplier Items Rows: 4630
10-29-18T11:14:16: Supplier Items Rows: 4640
10-29-18T11:14:16: Supplier Items Rows: 4650
10-29-18T11:14:16: Supplier Items Rows: 4660
10-29-18T11:14:16: Supplier Items Rows: 4670
10-29-18T11:14:16: Supplier Items Rows: 4680
10-29-18T11:14:16: Supplier Items Rows: 4690
10-29-18T11:14:16: Supplier Items Rows: 4700
10-29-18T11:14:16: Supplier Items Rows: 4710
10-29-18T11:14:16: Supplier Items Rows: 4720
10-29-18T11:14:16: Supplier Items Rows: 4730
10-29-18T11:14:16: Supplier Items Rows: 4740
10-29-18T11:14:16: Supplier Items Rows: 4750
10-29-18T11:14:16: Supplier Items Rows: 4760
10-29-18T11:14:16: Supplier Items Rows: 4770
10-29-18T11:14:16: Supplier Items Rows: 4780
10-29-18T11:14:16: Supplier Items Rows: 4790
10-29-18T11:14:16: Supplier Items Rows: 4800
10-29-18T11:14:16: Supplier Items Rows: 4810
10-29-18T11:14:16: Supplier Items Rows: 4820
10-29-18T11:14:16: Supplier Items Rows: 4830
10-29-18T11:14:16: Supplier Items Rows: 4840
10-29-18T11:14:16: Supplier Items Rows: 4850
10-29-18T11:14:16: Supplier Items Rows: 4860
10-29-18T11:14:16: Supplier Items Rows: 4870
10-29-18T11:14:16: Supplier Items Rows: 4880
10-29-18T11:14:16: Supplier Items Rows: 4890
10-29-18T11:14:16: Supplier Items Rows: 4900
10-29-18T11:14:16: Supplier Items Rows: 4910
10-29-18T11:14:16: Supplier Items Rows: 4920
10-29-18T11:14:16: Supplier Items Rows: 4930
10-29-18T11:14:16: Supplier Items Rows: 4940
10-29-18T11:14:16: Supplier Items Rows: 4950
10-29-18T11:14:16: Supplier Items Rows: 4960
10-29-18T11:14:16: Supplier Items Rows: 4970
10-29-18T11:14:16: Supplier Items Rows: 4980
10-29-18T11:14:16: Supplier Items Rows: 4990
10-29-18T11:14:16: Supplier Items Rows: 5000
10-29-18T11:14:16: Supplier Items Rows: 5010
10-29-18T11:14:16: Supplier Items Rows: 5020
10-29-18T11:14:16: Supplier Items Rows: 5030
10-29-18T11:14:16: Supplier Items Rows: 5040
10-29-18T11:14:16: Supplier Items Rows: 5050
10-29-18T11:14:16: Supplier Items Rows: 5060
10-29-18T11:14:16: Supplier Items Rows: 5070
10-29-18T11:14:16: Supplier Items Rows: 5080
10-29-18T11:14:16: Supplier Items Rows: 5090
10-29-18T11:14:16: Supplier Items Rows: 5100
10-29-18T11:14:16: Supplier Items Rows: 5110
10-29-18T11:14:16: Supplier Items Rows: 5120
10-29-18T11:14:16: Supplier Items Rows: 5130
10-29-18T11:14:16: Supplier Items Rows: 5140
10-29-18T11:14:16: Supplier Items Rows: 5150
10-29-18T11:14:16: Supplier Items Rows: 5160
10-29-18T11:14:16: Supplier Items Rows: 5170
10-29-18T11:14:16: Supplier Items Rows: 5180
10-29-18T11:14:16: Supplier Items Rows: 5190
10-29-18T11:14:16: Supplier Items Rows: 5200
10-29-18T11:14:16: Supplier Items Rows: 5210
10-29-18T11:14:16: Supplier Items Rows: 5220
10-29-18T11:14:16: Supplier Items Rows: 5230
10-29-18T11:14:16: Supplier Items Rows: 5240
10-29-18T11:14:16: Supplier Items Rows: 5250
10-29-18T11:14:16: Supplier Items Rows: 5260
10-29-18T11:14:16: Supplier Items Rows: 5270
10-29-18T11:14:16: Supplier Items Rows: 5280
10-29-18T11:14:16: Supplier Items Rows: 5290
10-29-18T11:14:16: Supplier Items Rows: 5300
10-29-18T11:14:16: Supplier Items Rows: 5310
10-29-18T11:14:16: Supplier Items Rows: 5320
10-29-18T11:14:16: Supplier Items Rows: 5330
10-29-18T11:14:16: Supplier Items Rows: 5340
10-29-18T11:14:16: Supplier Items Rows: 5350
10-29-18T11:14:16: Supplier Items Rows: 5360
10-29-18T11:14:16: Supplier Items Rows: 5370
10-29-18T11:14:16: Supplier Items Rows: 5380
10-29-18T11:14:16: Supplier Items Rows: 5390
10-29-18T11:14:16: Supplier Items Rows: 5400
10-29-18T11:14:16: Supplier Items Rows: 5410
10-29-18T11:14:16: Supplier Items Rows: 5420
10-29-18T11:14:16: Supplier Items Rows: 5430
10-29-18T11:14:16: Supplier Items Rows: 5440
10-29-18T11:14:16: Supplier Items Rows: 5450
10-29-18T11:14:16: Supplier Items Rows: 5460
10-29-18T11:14:16: Supplier Items Rows: 5470
10-29-18T11:14:16: Supplier Items Rows: 5480
10-29-18T11:14:16: Supplier Items Rows: 5490
10-29-18T11:14:16: Supplier Items Rows: 5500
10-29-18T11:14:16: Supplier Items Rows: 5510
10-29-18T11:14:16: Supplier Items Rows: 5520
10-29-18T11:14:16: Supplier Items Rows: 5530
10-29-18T11:14:16: Supplier Items Rows: 5540
10-29-18T11:14:16: Supplier Items Rows: 5550
10-29-18T11:14:16: Supplier Items Rows: 5560
10-29-18T11:14:16: Supplier Items Rows: 5570
10-29-18T11:14:16: Supplier Items Rows: 5580
10-29-18T11:14:16: Supplier Items Rows: 5590
10-29-18T11:14:16: Supplier Items Rows: 5600
10-29-18T11:14:16: Supplier Items Rows: 5610
10-29-18T11:14:16: Supplier Items Rows: 5620
10-29-18T11:14:16: Supplier Items Rows: 5630
10-29-18T11:14:16: Supplier Items Rows: 5640
10-29-18T11:14:16: Supplier Items Rows: 5650
10-29-18T11:14:16: Supplier Items Rows: 5660
10-29-18T11:14:16: Supplier Items Rows: 5670
10-29-18T11:14:16: Supplier Items Rows: 5680
10-29-18T11:14:16: Supplier Items Rows: 5690
10-29-18T11:14:16: Supplier Items Rows: 5700
10-29-18T11:14:16: Supplier Items Rows: 5710
10-29-18T11:14:16: Supplier Items Rows: 5720
10-29-18T11:14:16: Supplier Items Rows: 5730
10-29-18T11:14:16: Supplier Items Rows: 5740
10-29-18T11:14:16: Supplier Items Rows: 5750
10-29-18T11:14:16: Supplier Items Rows: 5760
10-29-18T11:14:16: Supplier Items Rows: 5770
10-29-18T11:14:16: Supplier Items Rows: 5780
10-29-18T11:14:16: Supplier Items Rows: 5790
10-29-18T11:14:16: Supplier Items Rows: 5800
10-29-18T11:14:16: Supplier Items Rows: 5810
10-29-18T11:14:16: Supplier Items Rows: 5820
10-29-18T11:14:16: Supplier Items Rows: 5830
10-29-18T11:14:16: Supplier Items Rows: 5840
10-29-18T11:14:16: Supplier Items Rows: 5850
10-29-18T11:14:16: Supplier Items Rows: 5860
10-29-18T11:14:16: Supplier Items Rows: 5870
10-29-18T11:14:16: Supplier Items Rows: 5880
10-29-18T11:14:16: Supplier Items Rows: 5890
10-29-18T11:14:16: Supplier Items Rows: 5900
10-29-18T11:14:16: Supplier Items Rows: 5910
10-29-18T11:14:16: Supplier Items Rows: 5920
10-29-18T11:14:16: Supplier Items Rows: 5930
10-29-18T11:14:16: Supplier Items Rows: 5940
10-29-18T11:14:16: Supplier Items Rows: 5950
10-29-18T11:14:16: Supplier Items Rows: 5960
10-29-18T11:14:16: Supplier Items Rows: 5970
10-29-18T11:14:16: Supplier Items Rows: 5980
10-29-18T11:14:16: Supplier Items Rows: 5990
10-29-18T11:14:16: Supplier Items Rows: 6000
10-29-18T11:14:16: Supplier Items Rows: 6010
10-29-18T11:14:16: Supplier Items Rows: 6020
10-29-18T11:14:16: Supplier Items Rows: 6030
10-29-18T11:14:16: Supplier Items Rows: 6040
10-29-18T11:14:16: Supplier Items Rows: 6050
10-29-18T11:14:16: Supplier Items Rows: 6060
10-29-18T11:14:16: Supplier Items Rows: 6070
10-29-18T11:14:16: Supplier Items Rows: 6080
10-29-18T11:14:16: Supplier Items Rows: 6090
10-29-18T11:14:16: Supplier Items Rows: 6100
10-29-18T11:14:16: Supplier Items Rows: 6110
10-29-18T11:14:16: Supplier Items Rows: 6120
10-29-18T11:14:16: Supplier Items Rows: 6130
10-29-18T11:14:16: Supplier Items Rows: 6140
10-29-18T11:14:16: Supplier Items Rows: 6150
10-29-18T11:14:16: Supplier Items Rows: 6160
10-29-18T11:14:16: Supplier Items Rows: 6170
10-29-18T11:14:16: Supplier Items Rows: 6180
10-29-18T11:14:16: Supplier Items Rows: 6190
10-29-18T11:14:16: Supplier Items Rows: 6200
10-29-18T11:14:16: Supplier Items Rows: 6210
10-29-18T11:14:16: Supplier Items Rows: 6220
10-29-18T11:14:16: Supplier Items Rows: 6230
10-29-18T11:14:16: Supplier Items Rows: 6240
10-29-18T11:14:16: Supplier Items Rows: 6250
10-29-18T11:14:16: Supplier Items Rows: 6260
10-29-18T11:14:16: Supplier Items Rows: 6270
10-29-18T11:14:16: Supplier Items Rows: 6280
10-29-18T11:14:16: Supplier Items Rows: 6290
10-29-18T11:14:16: Supplier Items Rows: 6300
10-29-18T11:14:16: Supplier Items Rows: 6310
10-29-18T11:14:16: Supplier Items Rows: 6320
10-29-18T11:14:16: Supplier Items Rows: 6330
10-29-18T11:14:16: Supplier Items Rows: 6340
10-29-18T11:14:16: Supplier Items Rows: 6350
10-29-18T11:14:16: Supplier Items Rows: 6360
10-29-18T11:14:16: Supplier Items Rows: 6370
10-29-18T11:14:16: Supplier Items Rows: 6380
10-29-18T11:14:16: Supplier Items Rows: 6390
10-29-18T11:14:16: Supplier Items Rows: 6400
10-29-18T11:14:16: Supplier Items Rows: 6410
10-29-18T11:14:16: Supplier Items Rows: 6420
10-29-18T11:14:16: Supplier Items Rows: 6430
10-29-18T11:14:16: Supplier Items Rows: 6440
10-29-18T11:14:16: Supplier Items Rows: 6450
10-29-18T11:14:16: Supplier Items Rows: 6460
10-29-18T11:14:16: Supplier Items Rows: 6470
10-29-18T11:14:16: Supplier Items Rows: 6480
10-29-18T11:14:16: Supplier Items Rows: 6490
10-29-18T11:14:16: Supplier Items Rows: 6500
10-29-18T11:14:16: Supplier Items Rows: 6510
10-29-18T11:14:16: Supplier Items Rows: 6520
10-29-18T11:14:16: Supplier Items Rows: 6530
10-29-18T11:14:16: Supplier Items Rows: 6540
10-29-18T11:14:16: Supplier Items Rows: 6550
10-29-18T11:14:16: Supplier Items Rows: 6560
10-29-18T11:14:16: Supplier Items Rows: 6570
10-29-18T11:14:16: Supplier Items Rows: 6580
10-29-18T11:14:16: Supplier Items Rows: 6590
10-29-18T11:14:16: Supplier Items Rows: 6600
10-29-18T11:14:16: Supplier Items Rows: 6610
10-29-18T11:14:16: Supplier Items Rows: 6620
10-29-18T11:14:16: Supplier Items Rows: 6630
10-29-18T11:14:16: Supplier Items Rows: 6640
10-29-18T11:14:16: Supplier Items Rows: 6650
10-29-18T11:14:16: Supplier Items Rows: 6660
10-29-18T11:14:16: Supplier Items Rows: 6670
10-29-18T11:14:16: Supplier Items Rows: 6680
10-29-18T11:14:16: Supplier Items Rows: 6690
10-29-18T11:14:16: Supplier Items Rows: 6700
10-29-18T11:14:16: Supplier Items Rows: 6710
10-29-18T11:14:16: Supplier Items Rows: 6720
10-29-18T11:14:16: Supplier Items Rows: 6730
10-29-18T11:14:16: Supplier Items Rows: 6740
10-29-18T11:14:16: Supplier Items Rows: 6750
10-29-18T11:14:16: Supplier Items Rows: 6760
10-29-18T11:14:16: Supplier Items Rows: 6770
10-29-18T11:14:16: Supplier Items Rows: 6780
10-29-18T11:14:16: Supplier Items Rows: 6790
10-29-18T11:14:16: Supplier Items Rows: 6800
10-29-18T11:14:16: Supplier Items Rows: 6810
10-29-18T11:14:16: Supplier Items Rows: 6820
10-29-18T11:14:16: Supplier Items Rows: 6830
10-29-18T11:14:16: Supplier Items Rows: 6840
10-29-18T11:14:16: Supplier Items Rows: 6850
10-29-18T11:14:16: Supplier Items Rows: 6860
10-29-18T11:14:16: Supplier Items Rows: 6870
10-29-18T11:14:16: Supplier Items Rows: 6880
10-29-18T11:14:16: Supplier Items Rows: 6890
10-29-18T11:14:16: Supplier Items Rows: 6900
10-29-18T11:14:16: Supplier Items Rows: 6910
10-29-18T11:14:16: Supplier Items Rows: 6920
10-29-18T11:14:16: Supplier Items Rows: 6930
10-29-18T11:14:16: Supplier Items Rows: 6940
10-29-18T11:14:16: Supplier Items Rows: 6950
10-29-18T11:14:16: Supplier Items Rows: 6960
10-29-18T11:14:16: Supplier Items Rows: 6970
10-29-18T11:14:16: Supplier Items Rows: 6980
10-29-18T11:14:16: Supplier Items Rows: 6990
10-29-18T11:14:16: Supplier Items Rows: 7000
10-29-18T11:14:16: Supplier Items Rows: 7010
10-29-18T11:14:16: Supplier Items Rows: 7020
10-29-18T11:14:16: Supplier Items Rows: 7030
10-29-18T11:14:16: Supplier Items Rows: 7040
10-29-18T11:14:16: Supplier Items Rows: 7050
10-29-18T11:14:16: Supplier Items Rows: 7060
10-29-18T11:14:16: Supplier Items Rows: 7070
10-29-18T11:14:16: Supplier Items Rows: 7080
10-29-18T11:14:16: Supplier Items Rows: 7090
10-29-18T11:14:16: Supplier Items Rows: 7100
10-29-18T11:14:16: Supplier Items Rows: 7110
10-29-18T11:14:16: Supplier Items Rows: 7120
10-29-18T11:14:16: Supplier Items Rows: 7130
10-29-18T11:14:16: Supplier Items Rows: 7140
10-29-18T11:14:16: Supplier Items Rows: 7150
10-29-18T11:14:16: Supplier Items Rows: 7160
10-29-18T11:14:16: Supplier Items Rows: 7170
10-29-18T11:14:16: Supplier Items Rows: 7180
10-29-18T11:14:16: Supplier Items Rows: 7190
10-29-18T11:14:16: Supplier Items Rows: 7200
10-29-18T11:14:16: Supplier Items Rows: 7210
10-29-18T11:14:16: Supplier Items Rows: 7220
10-29-18T11:14:16: Supplier Items Rows: 7230
10-29-18T11:14:16: Supplier Items Rows: 7240
10-29-18T11:14:16: Supplier Items Rows: 7250
10-29-18T11:14:16: Supplier Items Rows: 7260
10-29-18T11:14:16: Supplier Items Rows: 7270
10-29-18T11:14:16: Supplier Items Rows: 7280
10-29-18T11:14:16: Supplier Items Rows: 7290
10-29-18T11:14:16: Supplier Items Rows: 7300
10-29-18T11:14:16: Supplier Items Rows: 7310
10-29-18T11:14:16: Supplier Items Rows: 7320
10-29-18T11:14:16: Supplier Items Rows: 7330
10-29-18T11:14:16: Supplier Items Rows: 7340
10-29-18T11:14:16: Supplier Items Rows: 7350
10-29-18T11:14:16: Supplier Items Rows: 7360
10-29-18T11:14:16: Supplier Items Rows: 7370
10-29-18T11:14:16: Supplier Items Rows: 7380
10-29-18T11:14:16: Supplier Items Rows: 7390
10-29-18T11:14:16: Supplier Items Rows: 7400
10-29-18T11:14:16: Supplier Items Rows: 7410
10-29-18T11:14:16: Supplier Items Rows: 7420
10-29-18T11:14:16: Supplier Items Rows: 7430
10-29-18T11:14:16: Supplier Items Rows: 7440
10-29-18T11:14:16: Supplier Items Rows: 7450
10-29-18T11:14:16: Supplier Items Rows: 7460
10-29-18T11:14:16: Supplier Items Rows: 7470
10-29-18T11:14:16: Supplier Items Rows: 7480
10-29-18T11:14:16: Supplier Items Rows: 7490
10-29-18T11:14:16: Supplier Items Rows: 7500
10-29-18T11:14:16: Supplier Items Rows: 7510
10-29-18T11:14:16: Supplier Items Rows: 7520
10-29-18T11:14:16: Supplier Items Rows: 7530
10-29-18T11:14:16: Supplier Items Rows: 7540
10-29-18T11:14:16: Supplier Items Rows: 7550
10-29-18T11:14:16: Supplier Items Rows: 7560
10-29-18T11:14:16: Supplier Items Rows: 7570
10-29-18T11:14:16: Supplier Items Rows: 7580
10-29-18T11:14:16: Supplier Items Rows: 7590
10-29-18T11:14:16: Supplier Items Rows: 7600
10-29-18T11:14:16: Supplier Items Rows: 7610
10-29-18T11:14:16: Supplier Items Rows: 7620
10-29-18T11:14:16: Supplier Items Rows: 7630
10-29-18T11:14:16: Supplier Items Rows: 7640
10-29-18T11:14:16: Supplier Items Rows: 7650
10-29-18T11:14:16: Supplier Items Rows: 7660
10-29-18T11:14:16: Supplier Items Rows: 7670
10-29-18T11:14:16: Supplier Items Rows: 7680
10-29-18T11:14:16: Supplier Items Rows: 7690
10-29-18T11:14:16: Supplier Items Rows: 7700
10-29-18T11:14:16: Supplier Items Rows: 7710
10-29-18T11:14:16: Supplier Items Rows: 7720
10-29-18T11:14:16: Supplier Items Rows: 7730
10-29-18T11:14:16: Supplier Items Rows: 7740
10-29-18T11:14:16: Supplier Items Rows: 7750
10-29-18T11:14:16: Supplier Items Rows: 7760
10-29-18T11:14:16: Supplier Items Rows: 7770
10-29-18T11:14:17: Supplier Items Rows: 7780
10-29-18T11:14:17: Supplier Items Rows: 7790
10-29-18T11:14:17: Supplier Items Rows: 7800
10-29-18T11:14:17: Supplier Items Rows: 7810
10-29-18T11:14:17: Supplier Items Rows: 7820
10-29-18T11:14:17: Supplier Items Rows: 7830
10-29-18T11:14:17: Supplier Items Rows: 7840
10-29-18T11:14:17: Supplier Items Rows: 7850
10-29-18T11:14:17: Supplier Items Rows: 7860
10-29-18T11:14:17: Supplier Items Rows: 7870
10-29-18T11:14:17: Supplier Items Rows: 7880
10-29-18T11:14:17: Supplier Items Rows: 7890
10-29-18T11:14:17: Supplier Items Rows: 7900
10-29-18T11:14:17: Supplier Items Rows: 7910
10-29-18T11:14:17: Supplier Items Rows: 7920
10-29-18T11:14:17: Supplier Items Rows: 7930
10-29-18T11:14:17: Supplier Items Rows: 7940
10-29-18T11:14:17: Supplier Items Rows: 7950
10-29-18T11:14:17: Supplier Items Rows: 7960
10-29-18T11:14:17: Supplier Items Rows: 7970
10-29-18T11:14:17: Supplier Items Rows: 7980
10-29-18T11:14:17: Supplier Items Rows: 7990
10-29-18T11:14:17: Supplier Items Rows: 8000
10-29-18T11:14:17: Supplier Items Rows: 8010
10-29-18T11:14:17: Supplier Items Rows: 8020
10-29-18T11:14:17: Supplier Items Rows: 8030
10-29-18T11:14:17: Supplier Items Rows: 8040
10-29-18T11:14:17: Supplier Items Rows: 8050
10-29-18T11:14:17: Supplier Items Rows: 8060
10-29-18T11:14:17: Supplier Items Rows: 8070
10-29-18T11:14:17: Supplier Items Rows: 8080
10-29-18T11:14:17: Supplier Items Rows: 8090
10-29-18T11:14:17: Supplier Items Rows: 8100
10-29-18T11:14:17: Supplier Items Rows: 8110
10-29-18T11:14:17: Supplier Items Rows: 8120
10-29-18T11:14:17: Supplier Items Rows: 8130
10-29-18T11:14:17: Supplier Items Rows: 8140
10-29-18T11:14:17: Supplier Items Rows: 8150
10-29-18T11:14:17: Supplier Items Rows: 8160
10-29-18T11:14:17: Supplier Items Rows: 8170
10-29-18T11:14:17: Supplier Items Rows: 8180
10-29-18T11:14:17: Supplier Items Rows: 8190
10-29-18T11:14:17: Supplier Items Rows: 8200
10-29-18T11:14:17: Supplier Items Rows: 8210
10-29-18T11:14:17: Supplier Items Rows: 8220
10-29-18T11:14:17: Supplier Items Rows: 8230
10-29-18T11:14:17: Supplier Items Rows: 8240
10-29-18T11:14:17: Supplier Items Rows: 8250
10-29-18T11:14:17: Supplier Items Rows: 8260
10-29-18T11:14:17: Supplier Items Rows: 8270
10-29-18T11:14:17: Supplier Items Rows: 8280
10-29-18T11:14:17: Supplier Items Rows: 8290
10-29-18T11:14:17: Supplier Items Rows: 8300
10-29-18T11:14:17: Supplier Items Rows: 8310
10-29-18T11:14:17: Supplier Items Rows: 8320
10-29-18T11:14:17: Supplier Items Rows: 8330
10-29-18T11:14:17: Supplier Items Rows: 8340
10-29-18T11:14:17: Supplier Items Rows: 8350
10-29-18T11:14:17: Supplier Items Rows: 8360
10-29-18T11:14:17: Supplier Items Rows: 8370
10-29-18T11:14:17: Supplier Items Rows: 8380
10-29-18T11:14:17: Supplier Items Rows: 8390
10-29-18T11:14:17: Supplier Items Rows: 8400
10-29-18T11:14:17: Supplier Items Rows: 8410
10-29-18T11:14:17: Supplier Items Rows: 8420
10-29-18T11:14:17: Supplier Items Rows: 8430
10-29-18T11:14:17: Supplier Items Rows: 8440
10-29-18T11:14:17: Supplier Items Rows: 8450
10-29-18T11:14:17: Supplier Items Rows: 8460
10-29-18T11:14:17: Supplier Items Rows: 8470
10-29-18T11:14:17: Supplier Items Rows: 8480
10-29-18T11:14:17: Supplier Items Rows: 8490
10-29-18T11:14:17: Supplier Items Rows: 8500
10-29-18T11:14:17: Supplier Items Rows: 8510
10-29-18T11:14:17: Supplier Items Rows: 8520
10-29-18T11:14:17: Supplier Items Rows: 8530
10-29-18T11:14:17: Supplier Items Rows: 8540
10-29-18T11:14:17: Supplier Items Rows: 8550
10-29-18T11:14:17: Supplier Items Rows: 8560
10-29-18T11:14:17: Supplier Items Rows: 8570
10-29-18T11:14:17: Supplier Items Rows: 8580
10-29-18T11:14:17: Supplier Items Rows: 8590
10-29-18T11:14:17: Supplier Items Rows: 8600
10-29-18T11:14:17: Supplier Items Rows: 8610
10-29-18T11:14:17: Supplier Items Rows: 8620
10-29-18T11:14:17: Supplier Items Rows: 8630
10-29-18T11:14:17: Supplier Items Rows: 8640
10-29-18T11:14:17: Supplier Items Rows: 8650
10-29-18T11:14:17: Supplier Items Rows: 8660
10-29-18T11:14:17: Supplier Items Rows: 8670
10-29-18T11:14:17: Supplier Items Rows: 8680
10-29-18T11:14:17: Supplier Items Rows: 8690
10-29-18T11:14:17: Supplier Items Rows: 8700
10-29-18T11:14:17: Supplier Items Rows: 8710
10-29-18T11:14:17: Supplier Items Rows: 8720
10-29-18T11:14:17: Supplier Items Rows: 8730
10-29-18T11:14:17: Supplier Items Rows: 8740
10-29-18T11:14:17: Supplier Items Rows: 8750
10-29-18T11:14:17: Supplier Items Rows: 8760
10-29-18T11:14:17: Supplier Items Rows: 8770
10-29-18T11:14:17: Supplier Items Rows: 8780
10-29-18T11:14:17: Supplier Items Rows: 8790
10-29-18T11:14:17: Supplier Items Rows: 8800
10-29-18T11:14:17: Supplier Items Rows: 8810
10-29-18T11:14:17: Supplier Items Rows: 8820
10-29-18T11:14:17: Supplier Items Rows: 8830
10-29-18T11:14:17: Supplier Items Rows: 8840
10-29-18T11:14:17: Supplier Items Rows: 8850
10-29-18T11:14:17: Supplier Items Rows: 8860
10-29-18T11:14:17: Supplier Items Rows: 8870
10-29-18T11:14:17: Supplier Items Rows: 8880
10-29-18T11:14:17: Supplier Items Rows: 8890
10-29-18T11:14:17: Supplier Items Rows: 8900
10-29-18T11:14:17: Supplier Items Rows: 8910
10-29-18T11:14:17: Supplier Items Rows: 8920
10-29-18T11:14:17: Supplier Items Rows: 8930
10-29-18T11:14:17: Supplier Items Rows: 8940
10-29-18T11:14:17: Supplier Items Rows: 8950
10-29-18T11:14:17: Supplier Items Rows: 8960
10-29-18T11:14:17: Supplier Items Rows: 8970
10-29-18T11:14:17: Supplier Items Rows: 8980
10-29-18T11:14:17: Supplier Items Rows: 8990
10-29-18T11:14:17: Supplier Items Rows: 9000
10-29-18T11:14:17: Supplier Items Rows: 9010
10-29-18T11:14:17: Supplier Items Rows: 9020
10-29-18T11:14:17: Supplier Items Rows: 9030
10-29-18T11:14:17: Supplier Items Rows: 9040
10-29-18T11:14:17: Supplier Items Rows: 9050
10-29-18T11:14:17: Supplier Items Rows: 9060
10-29-18T11:14:17: Supplier Items Rows: 9070
10-29-18T11:14:17: Supplier Items Rows: 9080
10-29-18T11:14:17: Supplier Items Rows: 9090
10-29-18T11:14:17: Supplier Items Rows: 9100
10-29-18T11:14:17: Supplier Items Rows: 9110
10-29-18T11:14:17: Supplier Items Rows: 9120
10-29-18T11:14:17: Supplier Items Rows: 9130
10-29-18T11:14:17: Supplier Items Rows: 9140
10-29-18T11:14:17: Supplier Items Rows: 9150
10-29-18T11:14:17: Supplier Items Rows: 9160
10-29-18T11:14:17: Supplier Items Rows: 9170
10-29-18T11:14:17: Supplier Items Rows: 9180
10-29-18T11:14:17: Supplier Items Rows: 9190
10-29-18T11:14:17: Supplier Items Rows: 9200
10-29-18T11:14:17: Supplier Items Rows: 9210
10-29-18T11:14:17: Supplier Items Rows: 9220
10-29-18T11:14:17: Supplier Items Rows: 9230
10-29-18T11:14:17: Supplier Items Rows: 9240
10-29-18T11:14:17: Supplier Items Rows: 9250
10-29-18T11:14:17: Supplier Items Rows: 9260
10-29-18T11:14:17: Supplier Items Rows: 9270
10-29-18T11:14:17: Supplier Items Rows: 9280
10-29-18T11:14:17: Supplier Items Rows: 9290
10-29-18T11:14:17: Supplier Items Rows: 9300
10-29-18T11:14:17: Supplier Items Rows: 9310
10-29-18T11:14:17: Supplier Items Rows: 9320
10-29-18T11:14:17: Supplier Items Rows: 9330
10-29-18T11:14:17: Supplier Items Rows: 9340
10-29-18T11:14:17: Supplier Items Rows: 9350
10-29-18T11:14:17: Supplier Items Rows: 9360
10-29-18T11:14:17: Supplier Items Rows: 9370
10-29-18T11:14:17: Supplier Items Rows: 9380
10-29-18T11:14:17: Supplier Items Rows: 9390
10-29-18T11:14:17: Supplier Items Rows: 9400
10-29-18T11:14:17: Supplier Items Rows: 9410
10-29-18T11:14:17: Supplier Items Rows: 9420
10-29-18T11:14:17: Supplier Items Rows: 9430
10-29-18T11:14:17: Supplier Items Rows: 9440
10-29-18T11:14:17: Supplier Items Rows: 9450
10-29-18T11:14:17: Supplier Items Rows: 9460
10-29-18T11:14:17: Starting XSL Transform, this may take awhile.
10-29-18T11:14:17: XSL Transform Completed.
10-29-18T11:14:17: inactive test completed.
10-29-18T11:14:17: Found Input File: C:\Users\chuck\Documents\ROC\Data Extraction and Loading\Import Files\Supplier Item\FinalCSV\Supplier Item-ADAMBVNC_ADAMBVNC-ADAMS BEVERAGE INC. (NC)_01.csv
10-29-18T11:14:17: Supplier Name: ADAMBVNC-ADAMS BEVERAGE INC. (NC)
10-29-18T11:14:17: Starting XSL Transform, this may take awhile.
10-29-18T11:14:17: XSL Transform Completed.
10-29-18T11:14:17: Supplier Item-ADAMBVNC_ADAMBVNC-ADAMS BEVERAGE INC. (NC)_01 completed.
10-29-18T11:14:17: End Log
