08-30-18T11:10:23: Start Log
08-30-18T11:10:23: Found Input File: Supplier Item-ABBRONX_ABBRONX-ANHEUSER BUSCH BRONX (AB)(NY) m o_01.csv
08-30-18T11:10:23: Processing Supplier: ABBRONX-ANHEUSER BUSCH BRONX (AB)(NY) m o Xref: ABBRONX
08-30-18T11:10:25: Supplier Item Rows: 10
08-30-18T11:10:26: Supplier Item Rows: 20
08-30-18T11:10:26: Supplier Item Rows: 30
08-30-18T11:10:26: Supplier Item Rows: 40
08-30-18T11:10:27: Supplier Item Rows: 50
08-30-18T11:10:27: Supplier Item Rows: 60
08-30-18T11:10:28: Supplier Item Rows: 70
08-30-18T11:10:28: Supplier Item Rows: 80
08-30-18T11:10:28: Supplier Item Rows: 90
08-30-18T11:10:29: Supplier Item Rows: 100
08-30-18T11:10:29: Supplier Item Rows: 110
08-30-18T11:10:29: Supplier Item Rows: 120
08-30-18T11:10:30: Supplier Item Rows: 130
08-30-18T11:10:30: Supplier Item Rows: 140
08-30-18T11:10:31: Supplier Item Rows: 150
08-30-18T11:10:31: Supplier Item Rows: 160
08-30-18T11:10:32: Supplier Item Rows: 170
08-30-18T11:10:32: Supplier Item Rows: 180
08-30-18T11:10:32: Supplier Item Rows: 190
08-30-18T11:10:33: Supplier Item Rows: 200
08-30-18T11:10:33: Supplier Item Rows: 210
08-30-18T11:10:34: Supplier Item Rows: 220
08-30-18T11:10:34: Supplier Item Rows: 230
08-30-18T11:10:34: Supplier Item Rows: 240
08-30-18T11:10:35: Supplier Item Rows: 250
08-30-18T11:10:35: Supplier Item Rows: 260
08-30-18T11:10:35: Supplier Item Rows: 270
08-30-18T11:10:36: Supplier Item Rows: 280
08-30-18T11:10:36: Supplier Item Rows: 290
08-30-18T11:10:37: Supplier Item Rows: 300
08-30-18T11:10:37: Supplier Item Rows: 310
08-30-18T11:10:38: Supplier Item Rows: 320
08-30-18T11:10:38: Supplier Item Rows: 330
08-30-18T11:10:38: Supplier Item Rows: 340
08-30-18T11:10:39: Supplier Item Rows: 350
08-30-18T11:10:39: Supplier Item Rows: 360
08-30-18T11:10:39: Supplier Item Rows: 370
08-30-18T11:10:40: Supplier Item Rows: 380
08-30-18T11:10:40: Supplier Item Rows: 390
08-30-18T11:10:41: Supplier Item Rows: 400
08-30-18T11:10:41: Supplier Item Rows: 410
08-30-18T11:10:41: Supplier Item Rows: 420
08-30-18T11:10:42: Supplier Item Rows: 430
08-30-18T11:10:42: Finished Supplier: ABBRONX-ANHEUSER BUSCH BRONX (AB)(NY) m o Xref: ABBRONX
08-30-18T11:10:42: Total Items: 431
08-30-18T11:10:42: File created in working xls folder: Supplier Item-ABBRONX-ANHEUSER BUSCH BRONX (AB)(NY) m o_ABBRONX_01.xlsx
08-30-18T11:10:42: ...
08-30-18T11:10:42: End Log
