08-30-18T10:52:17: Start Log
08-30-18T10:52:17: Found Input File: Supplier Item-ABBEVRGE_ABBEVRGE-AB BEVERAGE CO INC (AB)(SC)asn_01.csv
08-30-18T10:52:17: Processing Supplier: ABBEVRGE-AB BEVERAGE CO INC (AB)(SC)asn Xref: ABBEVRGE
08-30-18T10:52:20: Supplier Item Rows: 10
08-30-18T10:52:20: Supplier Item Rows: 20
08-30-18T10:52:21: Supplier Item Rows: 30
08-30-18T10:52:21: Supplier Item Rows: 40
08-30-18T10:52:22: Supplier Item Rows: 50
08-30-18T10:52:22: Supplier Item Rows: 60
08-30-18T10:52:23: Supplier Item Rows: 70
08-30-18T10:52:23: Supplier Item Rows: 80
08-30-18T10:52:23: Supplier Item Rows: 90
08-30-18T10:52:24: Supplier Item Rows: 100
08-30-18T10:52:24: Supplier Item Rows: 110
08-30-18T10:52:25: Supplier Item Rows: 120
08-30-18T10:52:25: Supplier Item Rows: 130
08-30-18T10:52:25: Supplier Item Rows: 140
08-30-18T10:52:26: Supplier Item Rows: 150
08-30-18T10:52:26: Supplier Item Rows: 160
08-30-18T10:52:27: Supplier Item Rows: 170
08-30-18T10:52:27: Supplier Item Rows: 180
08-30-18T10:52:28: Supplier Item Rows: 190
08-30-18T10:52:28: Supplier Item Rows: 200
08-30-18T10:52:29: Supplier Item Rows: 210
08-30-18T10:52:29: Supplier Item Rows: 220
08-30-18T10:52:30: Supplier Item Rows: 230
08-30-18T10:52:30: Supplier Item Rows: 240
08-30-18T10:52:30: Supplier Item Rows: 250
08-30-18T10:52:31: Supplier Item Rows: 260
08-30-18T10:52:32: Supplier Item Rows: 270
08-30-18T10:52:32: Supplier Item Rows: 280
08-30-18T10:52:32: Supplier Item Rows: 290
08-30-18T10:52:33: Finished Supplier: ABBEVRGE-AB BEVERAGE CO INC (AB)(SC)asn Xref: ABBEVRGE
08-30-18T10:52:33: Total Items: 289
08-30-18T10:52:33: File created in working xls folder: Supplier Item-ABBEVRGE-AB BEVERAGE CO INC (AB)(SC)asn_ABBEVRGE_01.xlsx
08-30-18T10:52:33: ...
08-30-18T10:52:33: End Log
