11-06-18T21:49:49: Start Log
11-06-18T21:49:49: Found Input File: C:\Users\chuck\Documents\ROC\Data Extraction and Loading\Import Files\Supplier Item\FinalCSV\Supplier Item-MCLNNTHE_MCLNNTHE- MCLANE NORTHEAST (NE)_01.csv
11-06-18T21:49:49: Supplier Name: MCLNNTHE- MCLANE NORTHEAST (NE)
11-06-18T21:49:49: Supplier Items Rows: 10
11-06-18T21:49:49: Supplier Items Rows: 20
11-06-18T21:49:49: Supplier Items Rows: 30
11-06-18T21:49:49: Supplier Items Rows: 40
11-06-18T21:49:49: Supplier Items Rows: 50
11-06-18T21:49:49: Supplier Items Rows: 60
11-06-18T21:49:49: Supplier Items Rows: 70
11-06-18T21:49:49: Supplier Items Rows: 80
11-06-18T21:49:49: Supplier Items Rows: 90
11-06-18T21:49:49: Supplier Items Rows: 100
11-06-18T21:49:49: Supplier Items Rows: 110
11-06-18T21:49:49: Supplier Items Rows: 120
11-06-18T21:49:49: Supplier Items Rows: 130
11-06-18T21:49:49: Supplier Items Rows: 140
11-06-18T21:49:49: Supplier Items Rows: 150
11-06-18T21:49:49: Supplier Items Rows: 160
11-06-18T21:49:49: Supplier Items Rows: 170
11-06-18T21:49:49: Supplier Items Rows: 180
11-06-18T21:49:49: Supplier Items Rows: 190
11-06-18T21:49:49: Supplier Items Rows: 200
11-06-18T21:49:49: Supplier Items Rows: 210
11-06-18T21:49:49: Supplier Items Rows: 220
11-06-18T21:49:49: Supplier Items Rows: 230
11-06-18T21:49:49: Supplier Items Rows: 240
11-06-18T21:49:49: Supplier Items Rows: 250
11-06-18T21:49:49: Supplier Items Rows: 260
11-06-18T21:49:49: Supplier Items Rows: 270
11-06-18T21:49:49: Supplier Items Rows: 280
11-06-18T21:49:49: Supplier Items Rows: 290
11-06-18T21:49:49: Supplier Items Rows: 300
11-06-18T21:49:49: Supplier Items Rows: 310
11-06-18T21:49:49: Supplier Items Rows: 320
11-06-18T21:49:49: Supplier Items Rows: 330
11-06-18T21:49:49: Supplier Items Rows: 340
11-06-18T21:49:49: Supplier Items Rows: 350
11-06-18T21:49:49: Supplier Items Rows: 360
11-06-18T21:49:49: Supplier Items Rows: 370
11-06-18T21:49:49: Supplier Items Rows: 380
11-06-18T21:49:49: Supplier Items Rows: 390
11-06-18T21:49:49: Supplier Items Rows: 400
11-06-18T21:49:50: Supplier Items Rows: 410
11-06-18T21:49:50: Supplier Items Rows: 420
11-06-18T21:49:50: Supplier Items Rows: 430
11-06-18T21:49:50: Supplier Items Rows: 440
11-06-18T21:49:50: Supplier Items Rows: 450
11-06-18T21:49:50: Supplier Items Rows: 460
11-06-18T21:49:50: Supplier Items Rows: 470
11-06-18T21:49:50: Supplier Items Rows: 480
11-06-18T21:49:50: Supplier Items Rows: 490
11-06-18T21:49:50: Supplier Items Rows: 500
11-06-18T21:49:50: Supplier Items Rows: 510
11-06-18T21:49:50: Supplier Items Rows: 520
11-06-18T21:49:50: Supplier Items Rows: 530
11-06-18T21:49:50: Supplier Items Rows: 540
11-06-18T21:49:50: Supplier Items Rows: 550
11-06-18T21:49:50: Supplier Items Rows: 560
11-06-18T21:49:50: Supplier Items Rows: 570
11-06-18T21:49:50: Supplier Items Rows: 580
11-06-18T21:49:50: Supplier Items Rows: 590
11-06-18T21:49:50: Supplier Items Rows: 600
11-06-18T21:49:50: Supplier Items Rows: 610
11-06-18T21:49:50: Supplier Items Rows: 620
11-06-18T21:49:50: Supplier Items Rows: 630
11-06-18T21:49:50: Supplier Items Rows: 640
11-06-18T21:49:50: Supplier Items Rows: 650
11-06-18T21:49:50: Supplier Items Rows: 660
11-06-18T21:49:50: Supplier Items Rows: 670
11-06-18T21:49:50: Supplier Items Rows: 680
11-06-18T21:49:50: Supplier Items Rows: 690
11-06-18T21:49:50: Supplier Items Rows: 700
11-06-18T21:49:50: Supplier Items Rows: 710
11-06-18T21:49:50: Supplier Items Rows: 720
11-06-18T21:49:50: Supplier Items Rows: 730
11-06-18T21:49:50: Supplier Items Rows: 740
11-06-18T21:49:50: Supplier Items Rows: 750
11-06-18T21:49:50: Supplier Items Rows: 760
11-06-18T21:49:50: Supplier Items Rows: 770
11-06-18T21:49:50: Supplier Items Rows: 780
11-06-18T21:49:50: Supplier Items Rows: 790
11-06-18T21:49:50: Supplier Items Rows: 800
11-06-18T21:49:50: Supplier Items Rows: 810
11-06-18T21:49:50: Supplier Items Rows: 820
11-06-18T21:49:50: Supplier Items Rows: 830
11-06-18T21:49:50: Supplier Items Rows: 840
11-06-18T21:49:50: Supplier Items Rows: 850
11-06-18T21:49:50: Supplier Items Rows: 860
11-06-18T21:49:50: Supplier Items Rows: 870
11-06-18T21:49:50: Supplier Items Rows: 880
11-06-18T21:49:50: Supplier Items Rows: 890
11-06-18T21:49:50: Supplier Items Rows: 900
11-06-18T21:49:50: Supplier Items Rows: 910
11-06-18T21:49:50: Supplier Items Rows: 920
11-06-18T21:49:50: Supplier Items Rows: 930
11-06-18T21:49:50: Supplier Items Rows: 940
11-06-18T21:49:50: Supplier Items Rows: 950
11-06-18T21:49:50: Supplier Items Rows: 960
11-06-18T21:49:50: Supplier Items Rows: 970
11-06-18T21:49:50: Supplier Items Rows: 980
11-06-18T21:49:50: Supplier Items Rows: 990
11-06-18T21:49:50: Supplier Items Rows: 1000
11-06-18T21:49:50: Supplier Items Rows: 1010
11-06-18T21:49:50: Supplier Items Rows: 1020
11-06-18T21:49:50: Supplier Items Rows: 1030
11-06-18T21:49:50: Supplier Items Rows: 1040
11-06-18T21:49:50: Supplier Items Rows: 1050
11-06-18T21:49:50: Supplier Items Rows: 1060
11-06-18T21:49:50: Supplier Items Rows: 1070
11-06-18T21:49:50: Supplier Items Rows: 1080
11-06-18T21:49:50: Supplier Items Rows: 1090
11-06-18T21:49:50: Supplier Items Rows: 1100
11-06-18T21:49:50: Supplier Items Rows: 1110
11-06-18T21:49:50: Supplier Items Rows: 1120
11-06-18T21:49:50: Supplier Items Rows: 1130
11-06-18T21:49:50: Supplier Items Rows: 1140
11-06-18T21:49:50: Supplier Items Rows: 1150
11-06-18T21:49:50: Supplier Items Rows: 1160
11-06-18T21:49:50: Supplier Items Rows: 1170
11-06-18T21:49:50: Supplier Items Rows: 1180
11-06-18T21:49:50: Supplier Items Rows: 1190
11-06-18T21:49:50: Supplier Items Rows: 1200
11-06-18T21:49:50: Supplier Items Rows: 1210
11-06-18T21:49:50: Supplier Items Rows: 1220
11-06-18T21:49:50: Supplier Items Rows: 1230
11-06-18T21:49:50: Supplier Items Rows: 1240
11-06-18T21:49:50: Supplier Items Rows: 1250
11-06-18T21:49:50: Supplier Items Rows: 1260
11-06-18T21:49:50: Supplier Items Rows: 1270
11-06-18T21:49:50: Supplier Items Rows: 1280
11-06-18T21:49:50: Supplier Items Rows: 1290
11-06-18T21:49:50: Supplier Items Rows: 1300
11-06-18T21:49:50: Supplier Items Rows: 1310
11-06-18T21:49:50: Supplier Items Rows: 1320
11-06-18T21:49:50: Supplier Items Rows: 1330
11-06-18T21:49:50: Supplier Items Rows: 1340
11-06-18T21:49:50: Supplier Items Rows: 1350
11-06-18T21:49:50: Supplier Items Rows: 1360
11-06-18T21:49:50: Supplier Items Rows: 1370
11-06-18T21:49:50: Supplier Items Rows: 1380
11-06-18T21:49:50: Supplier Items Rows: 1390
11-06-18T21:49:50: Supplier Items Rows: 1400
11-06-18T21:49:50: Supplier Items Rows: 1410
11-06-18T21:49:50: Supplier Items Rows: 1420
11-06-18T21:49:50: Supplier Items Rows: 1430
11-06-18T21:49:50: Supplier Items Rows: 1440
11-06-18T21:49:50: Supplier Items Rows: 1450
11-06-18T21:49:50: Supplier Items Rows: 1460
11-06-18T21:49:50: Supplier Items Rows: 1470
11-06-18T21:49:50: Supplier Items Rows: 1480
11-06-18T21:49:50: Supplier Items Rows: 1490
11-06-18T21:49:50: Supplier Items Rows: 1500
11-06-18T21:49:51: Supplier Items Rows: 1510
11-06-18T21:49:51: Supplier Items Rows: 1520
11-06-18T21:49:51: Supplier Items Rows: 1530
11-06-18T21:49:51: Supplier Items Rows: 1540
11-06-18T21:49:51: Supplier Items Rows: 1550
11-06-18T21:49:51: Supplier Items Rows: 1560
11-06-18T21:49:51: Supplier Items Rows: 1570
11-06-18T21:49:51: Supplier Items Rows: 1580
11-06-18T21:49:51: Supplier Items Rows: 1590
11-06-18T21:49:51: Supplier Items Rows: 1600
11-06-18T21:49:51: Supplier Items Rows: 1610
11-06-18T21:49:51: Supplier Items Rows: 1620
11-06-18T21:49:51: Supplier Items Rows: 1630
11-06-18T21:49:51: Supplier Items Rows: 1640
11-06-18T21:49:51: Supplier Items Rows: 1650
11-06-18T21:49:51: Supplier Items Rows: 1660
11-06-18T21:49:51: Supplier Items Rows: 1670
11-06-18T21:49:51: Supplier Items Rows: 1680
11-06-18T21:49:51: Supplier Items Rows: 1690
11-06-18T21:49:51: Supplier Items Rows: 1700
11-06-18T21:49:51: Supplier Items Rows: 1710
11-06-18T21:49:51: Supplier Items Rows: 1720
11-06-18T21:49:51: Supplier Items Rows: 1730
11-06-18T21:49:51: Supplier Items Rows: 1740
11-06-18T21:49:51: Supplier Items Rows: 1750
11-06-18T21:49:51: Supplier Items Rows: 1760
11-06-18T21:49:51: Supplier Items Rows: 1770
11-06-18T21:49:51: Supplier Items Rows: 1780
11-06-18T21:49:51: Supplier Items Rows: 1790
11-06-18T21:49:51: Supplier Items Rows: 1800
11-06-18T21:49:51: Supplier Items Rows: 1810
11-06-18T21:49:51: Supplier Items Rows: 1820
11-06-18T21:49:51: Supplier Items Rows: 1830
11-06-18T21:49:51: Supplier Items Rows: 1840
11-06-18T21:49:51: Supplier Items Rows: 1850
11-06-18T21:49:51: Supplier Items Rows: 1860
11-06-18T21:49:51: Supplier Items Rows: 1870
11-06-18T21:49:51: Supplier Items Rows: 1880
11-06-18T21:49:51: Supplier Items Rows: 1890
11-06-18T21:49:51: Supplier Items Rows: 1900
11-06-18T21:49:51: Supplier Items Rows: 1910
11-06-18T21:49:51: Supplier Items Rows: 1920
11-06-18T21:49:51: Supplier Items Rows: 1930
11-06-18T21:49:51: Supplier Items Rows: 1940
11-06-18T21:49:51: Supplier Items Rows: 1950
11-06-18T21:49:51: Supplier Items Rows: 1960
11-06-18T21:49:51: Supplier Items Rows: 1970
11-06-18T21:49:51: Supplier Items Rows: 1980
11-06-18T21:49:51: Supplier Items Rows: 1990
11-06-18T21:49:51: Supplier Items Rows: 2000
11-06-18T21:49:51: Supplier Items Rows: 2010
11-06-18T21:49:51: Supplier Items Rows: 2020
11-06-18T21:49:51: Supplier Items Rows: 2030
11-06-18T21:49:51: Supplier Items Rows: 2040
11-06-18T21:49:51: Supplier Items Rows: 2050
11-06-18T21:49:51: Supplier Items Rows: 2060
11-06-18T21:49:51: Supplier Items Rows: 2070
11-06-18T21:49:51: Supplier Items Rows: 2080
11-06-18T21:49:51: Supplier Items Rows: 2090
11-06-18T21:49:51: Supplier Items Rows: 2100
11-06-18T21:49:51: Supplier Items Rows: 2110
11-06-18T21:49:51: Supplier Items Rows: 2120
11-06-18T21:49:51: Supplier Items Rows: 2130
11-06-18T21:49:51: Supplier Items Rows: 2140
11-06-18T21:49:51: Supplier Items Rows: 2150
11-06-18T21:49:51: Supplier Items Rows: 2160
11-06-18T21:49:51: Supplier Items Rows: 2170
11-06-18T21:49:51: Supplier Items Rows: 2180
11-06-18T21:49:51: Supplier Items Rows: 2190
11-06-18T21:49:51: Supplier Items Rows: 2200
11-06-18T21:49:51: Supplier Items Rows: 2210
11-06-18T21:49:51: Supplier Items Rows: 2220
11-06-18T21:49:51: Supplier Items Rows: 2230
11-06-18T21:49:52: Supplier Items Rows: 2240
11-06-18T21:49:52: Supplier Items Rows: 2250
11-06-18T21:49:52: Supplier Items Rows: 2260
11-06-18T21:49:52: Supplier Items Rows: 2270
11-06-18T21:49:52: Supplier Items Rows: 2280
11-06-18T21:49:52: Supplier Items Rows: 2290
11-06-18T21:49:52: Supplier Items Rows: 2300
11-06-18T21:49:52: Supplier Items Rows: 2310
11-06-18T21:49:52: Supplier Items Rows: 2320
11-06-18T21:49:52: Supplier Items Rows: 2330
11-06-18T21:49:52: Supplier Items Rows: 2340
11-06-18T21:49:52: Supplier Items Rows: 2350
11-06-18T21:49:52: Supplier Items Rows: 2360
11-06-18T21:49:52: Supplier Items Rows: 2370
11-06-18T21:49:52: Supplier Items Rows: 2380
11-06-18T21:49:52: Supplier Items Rows: 2390
11-06-18T21:49:52: Supplier Items Rows: 2400
11-06-18T21:49:52: Supplier Items Rows: 2410
11-06-18T21:49:52: Supplier Items Rows: 2420
11-06-18T21:49:52: Supplier Items Rows: 2430
11-06-18T21:49:52: Supplier Items Rows: 2440
11-06-18T21:49:52: Supplier Items Rows: 2450
11-06-18T21:49:52: Supplier Items Rows: 2460
11-06-18T21:49:52: Supplier Items Rows: 2470
11-06-18T21:49:52: Supplier Items Rows: 2480
11-06-18T21:49:52: Supplier Items Rows: 2490
11-06-18T21:49:52: Supplier Items Rows: 2500
11-06-18T21:49:52: Supplier Items Rows: 2510
11-06-18T21:49:52: Supplier Items Rows: 2520
11-06-18T21:49:52: Supplier Items Rows: 2530
11-06-18T21:49:52: Supplier Items Rows: 2540
11-06-18T21:49:52: Supplier Items Rows: 2550
11-06-18T21:49:52: Supplier Items Rows: 2560
11-06-18T21:49:52: Supplier Items Rows: 2570
11-06-18T21:49:52: Supplier Items Rows: 2580
11-06-18T21:49:52: Supplier Items Rows: 2590
11-06-18T21:49:52: Supplier Items Rows: 2600
11-06-18T21:49:52: Supplier Items Rows: 2610
11-06-18T21:49:52: Supplier Items Rows: 2620
11-06-18T21:49:52: Supplier Items Rows: 2630
11-06-18T21:49:52: Supplier Items Rows: 2640
11-06-18T21:49:52: Supplier Items Rows: 2650
11-06-18T21:49:52: Supplier Items Rows: 2660
11-06-18T21:49:52: Supplier Items Rows: 2670
11-06-18T21:49:52: Supplier Items Rows: 2680
11-06-18T21:49:52: Supplier Items Rows: 2690
11-06-18T21:49:52: Supplier Items Rows: 2700
11-06-18T21:49:52: Supplier Items Rows: 2710
11-06-18T21:49:52: Supplier Items Rows: 2720
11-06-18T21:49:52: Supplier Items Rows: 2730
11-06-18T21:49:52: Supplier Items Rows: 2740
11-06-18T21:49:52: Supplier Items Rows: 2750
11-06-18T21:49:52: Supplier Items Rows: 2760
11-06-18T21:49:52: Supplier Items Rows: 2770
11-06-18T21:49:52: Supplier Items Rows: 2780
11-06-18T21:49:52: Supplier Items Rows: 2790
11-06-18T21:49:52: Supplier Items Rows: 2800
11-06-18T21:49:52: Supplier Items Rows: 2810
11-06-18T21:49:52: Supplier Items Rows: 2820
11-06-18T21:49:52: Supplier Items Rows: 2830
11-06-18T21:49:52: Supplier Items Rows: 2840
11-06-18T21:49:52: Supplier Items Rows: 2850
11-06-18T21:49:52: Supplier Items Rows: 2860
11-06-18T21:49:52: Supplier Items Rows: 2870
11-06-18T21:49:52: Supplier Items Rows: 2880
11-06-18T21:49:52: Supplier Items Rows: 2890
11-06-18T21:49:52: Supplier Items Rows: 2900
11-06-18T21:49:52: Supplier Items Rows: 2910
11-06-18T21:49:52: Supplier Items Rows: 2920
11-06-18T21:49:52: Supplier Items Rows: 2930
11-06-18T21:49:52: Supplier Items Rows: 2940
11-06-18T21:49:52: Supplier Items Rows: 2950
11-06-18T21:49:52: Supplier Items Rows: 2960
11-06-18T21:49:52: Supplier Items Rows: 2970
11-06-18T21:49:53: Supplier Items Rows: 2980
11-06-18T21:49:53: Supplier Items Rows: 2990
11-06-18T21:49:53: Supplier Items Rows: 3000
11-06-18T21:49:53: Supplier Items Rows: 3010
11-06-18T21:49:53: Supplier Items Rows: 3020
11-06-18T21:49:53: Supplier Items Rows: 3030
11-06-18T21:49:53: Supplier Items Rows: 3040
11-06-18T21:49:53: Supplier Items Rows: 3050
11-06-18T21:49:53: Supplier Items Rows: 3060
11-06-18T21:49:53: Supplier Items Rows: 3070
11-06-18T21:49:53: Supplier Items Rows: 3080
11-06-18T21:49:53: Supplier Items Rows: 3090
11-06-18T21:49:53: Supplier Items Rows: 3100
11-06-18T21:49:53: Supplier Items Rows: 3110
11-06-18T21:49:53: Supplier Items Rows: 3120
11-06-18T21:49:53: Supplier Items Rows: 3130
11-06-18T21:49:53: Supplier Items Rows: 3140
11-06-18T21:49:53: Supplier Items Rows: 3150
11-06-18T21:49:53: Supplier Items Rows: 3160
11-06-18T21:49:53: Supplier Items Rows: 3170
11-06-18T21:49:53: Supplier Items Rows: 3180
11-06-18T21:49:53: Supplier Items Rows: 3190
11-06-18T21:49:53: Supplier Items Rows: 3200
11-06-18T21:49:53: Supplier Items Rows: 3210
11-06-18T21:49:53: Supplier Items Rows: 3220
11-06-18T21:49:53: Supplier Items Rows: 3230
11-06-18T21:49:53: Supplier Items Rows: 3240
11-06-18T21:49:53: Supplier Items Rows: 3250
11-06-18T21:49:53: Supplier Items Rows: 3260
11-06-18T21:49:53: Supplier Items Rows: 3270
11-06-18T21:49:53: Supplier Items Rows: 3280
11-06-18T21:49:53: Supplier Items Rows: 3290
11-06-18T21:49:53: Supplier Items Rows: 3300
11-06-18T21:49:53: Supplier Items Rows: 3310
11-06-18T21:49:53: Supplier Items Rows: 3320
11-06-18T21:49:53: Supplier Items Rows: 3330
11-06-18T21:49:53: Supplier Items Rows: 3340
11-06-18T21:49:53: Supplier Items Rows: 3350
11-06-18T21:49:53: Supplier Items Rows: 3360
11-06-18T21:49:53: Supplier Items Rows: 3370
11-06-18T21:49:53: Supplier Items Rows: 3380
11-06-18T21:49:53: Supplier Items Rows: 3390
11-06-18T21:49:53: Supplier Items Rows: 3400
11-06-18T21:49:53: Supplier Items Rows: 3410
11-06-18T21:49:53: Supplier Items Rows: 3420
11-06-18T21:49:53: Supplier Items Rows: 3430
11-06-18T21:49:53: Supplier Items Rows: 3440
11-06-18T21:49:53: Supplier Items Rows: 3450
11-06-18T21:49:53: Supplier Items Rows: 3460
11-06-18T21:49:53: Supplier Items Rows: 3470
11-06-18T21:49:53: Supplier Items Rows: 3480
11-06-18T21:49:53: Supplier Items Rows: 3490
11-06-18T21:49:53: Supplier Items Rows: 3500
11-06-18T21:49:53: Supplier Items Rows: 3510
11-06-18T21:49:53: Supplier Items Rows: 3520
11-06-18T21:49:53: Supplier Items Rows: 3530
11-06-18T21:49:53: Supplier Items Rows: 3540
11-06-18T21:49:53: Supplier Items Rows: 3550
11-06-18T21:49:53: Supplier Items Rows: 3560
11-06-18T21:49:53: Supplier Items Rows: 3570
11-06-18T21:49:53: Supplier Items Rows: 3580
11-06-18T21:49:53: Supplier Items Rows: 3590
11-06-18T21:49:53: Supplier Items Rows: 3600
11-06-18T21:49:53: Supplier Items Rows: 3610
11-06-18T21:49:53: Supplier Items Rows: 3620
11-06-18T21:49:53: Supplier Items Rows: 3630
11-06-18T21:49:53: Supplier Items Rows: 3640
11-06-18T21:49:53: Supplier Items Rows: 3650
11-06-18T21:49:53: Supplier Items Rows: 3660
11-06-18T21:49:53: Supplier Items Rows: 3670
11-06-18T21:49:53: Supplier Items Rows: 3680
11-06-18T21:49:53: Supplier Items Rows: 3690
11-06-18T21:49:53: Supplier Items Rows: 3700
11-06-18T21:49:53: Supplier Items Rows: 3710
11-06-18T21:49:53: Supplier Items Rows: 3720
11-06-18T21:49:53: Supplier Items Rows: 3730
11-06-18T21:49:53: Supplier Items Rows: 3740
11-06-18T21:49:53: Supplier Items Rows: 3750
11-06-18T21:49:53: Supplier Items Rows: 3760
11-06-18T21:49:53: Supplier Items Rows: 3770
11-06-18T21:49:53: Supplier Items Rows: 3780
11-06-18T21:49:53: Supplier Items Rows: 3790
11-06-18T21:49:53: Supplier Items Rows: 3800
11-06-18T21:49:53: Supplier Items Rows: 3810
11-06-18T21:49:53: Supplier Items Rows: 3820
11-06-18T21:49:53: Supplier Items Rows: 3830
11-06-18T21:49:53: Supplier Items Rows: 3840
11-06-18T21:49:53: Supplier Items Rows: 3850
11-06-18T21:49:53: Supplier Items Rows: 3860
11-06-18T21:49:53: Supplier Items Rows: 3870
11-06-18T21:49:53: Supplier Items Rows: 3880
11-06-18T21:49:53: Supplier Items Rows: 3890
11-06-18T21:49:53: Supplier Items Rows: 3900
11-06-18T21:49:53: Supplier Items Rows: 3910
11-06-18T21:49:53: Supplier Items Rows: 3920
11-06-18T21:49:53: Supplier Items Rows: 3930
11-06-18T21:49:53: Supplier Items Rows: 3940
11-06-18T21:49:53: Supplier Items Rows: 3950
11-06-18T21:49:53: Supplier Items Rows: 3960
11-06-18T21:49:53: Supplier Items Rows: 3970
11-06-18T21:49:53: Supplier Items Rows: 3980
11-06-18T21:49:53: Supplier Items Rows: 3990
11-06-18T21:49:53: Supplier Items Rows: 4000
11-06-18T21:49:53: Supplier Items Rows: 4010
11-06-18T21:49:53: Supplier Items Rows: 4020
11-06-18T21:49:53: Supplier Items Rows: 4030
11-06-18T21:49:53: Supplier Items Rows: 4040
11-06-18T21:49:53: Supplier Items Rows: 4050
11-06-18T21:49:53: Supplier Items Rows: 4060
11-06-18T21:49:53: Supplier Items Rows: 4070
11-06-18T21:49:53: Supplier Items Rows: 4080
11-06-18T21:49:53: Supplier Items Rows: 4090
11-06-18T21:49:54: Supplier Items Rows: 4100
11-06-18T21:49:54: Supplier Items Rows: 4110
11-06-18T21:49:54: Supplier Items Rows: 4120
11-06-18T21:49:54: Supplier Items Rows: 4130
11-06-18T21:49:54: Supplier Items Rows: 4140
11-06-18T21:49:54: Supplier Items Rows: 4150
11-06-18T21:49:54: Supplier Items Rows: 4160
11-06-18T21:49:54: Supplier Items Rows: 4170
11-06-18T21:49:54: Supplier Items Rows: 4180
11-06-18T21:49:54: Supplier Items Rows: 4190
11-06-18T21:49:54: Supplier Items Rows: 4200
11-06-18T21:49:54: Supplier Items Rows: 4210
11-06-18T21:49:54: Supplier Items Rows: 4220
11-06-18T21:49:54: Supplier Items Rows: 4230
11-06-18T21:49:54: Supplier Items Rows: 4240
11-06-18T21:49:54: Supplier Items Rows: 4250
11-06-18T21:49:54: Supplier Items Rows: 4260
11-06-18T21:49:54: Supplier Items Rows: 4270
11-06-18T21:49:54: Supplier Items Rows: 4280
11-06-18T21:49:54: Supplier Items Rows: 4290
11-06-18T21:49:54: Supplier Items Rows: 4300
11-06-18T21:49:54: Supplier Items Rows: 4310
11-06-18T21:49:54: Supplier Items Rows: 4320
11-06-18T21:49:54: Supplier Items Rows: 4330
11-06-18T21:49:54: Supplier Items Rows: 4340
11-06-18T21:49:54: Supplier Items Rows: 4350
11-06-18T21:49:54: Supplier Items Rows: 4360
11-06-18T21:49:54: Supplier Items Rows: 4370
11-06-18T21:49:54: Supplier Items Rows: 4380
11-06-18T21:49:54: Supplier Items Rows: 4390
11-06-18T21:49:54: Supplier Items Rows: 4400
11-06-18T21:49:54: Supplier Items Rows: 4410
11-06-18T21:49:54: Supplier Items Rows: 4420
11-06-18T21:49:54: Supplier Items Rows: 4430
11-06-18T21:49:54: Supplier Items Rows: 4440
11-06-18T21:49:54: Supplier Items Rows: 4450
11-06-18T21:49:54: Supplier Items Rows: 4460
11-06-18T21:49:54: Supplier Items Rows: 4470
11-06-18T21:49:54: Supplier Items Rows: 4480
11-06-18T21:49:54: Supplier Items Rows: 4490
11-06-18T21:49:54: Supplier Items Rows: 4500
11-06-18T21:49:54: Supplier Items Rows: 4510
11-06-18T21:49:54: Supplier Items Rows: 4520
11-06-18T21:49:54: Supplier Items Rows: 4530
11-06-18T21:49:54: Supplier Items Rows: 4540
11-06-18T21:49:54: Supplier Items Rows: 4550
11-06-18T21:49:54: Supplier Items Rows: 4560
11-06-18T21:49:54: Supplier Items Rows: 4570
11-06-18T21:49:54: Supplier Items Rows: 4580
11-06-18T21:49:54: Supplier Items Rows: 4590
11-06-18T21:49:54: Supplier Items Rows: 4600
11-06-18T21:49:54: Supplier Items Rows: 4610
11-06-18T21:49:54: Supplier Items Rows: 4620
11-06-18T21:49:54: Supplier Items Rows: 4630
11-06-18T21:49:54: Supplier Items Rows: 4640
11-06-18T21:49:54: Supplier Items Rows: 4650
11-06-18T21:49:54: Supplier Items Rows: 4660
11-06-18T21:49:54: Supplier Items Rows: 4670
11-06-18T21:49:54: Supplier Items Rows: 4680
11-06-18T21:49:54: Supplier Items Rows: 4690
11-06-18T21:49:54: Supplier Items Rows: 4700
11-06-18T21:49:54: Supplier Items Rows: 4710
11-06-18T21:49:54: Supplier Items Rows: 4720
11-06-18T21:49:54: Supplier Items Rows: 4730
11-06-18T21:49:54: Supplier Items Rows: 4740
11-06-18T21:49:54: Supplier Items Rows: 4750
11-06-18T21:49:54: Supplier Items Rows: 4760
11-06-18T21:49:54: Supplier Items Rows: 4770
11-06-18T21:49:54: Supplier Items Rows: 4780
11-06-18T21:49:54: Supplier Items Rows: 4790
11-06-18T21:49:54: Supplier Items Rows: 4800
11-06-18T21:49:54: Supplier Items Rows: 4810
11-06-18T21:49:54: Supplier Items Rows: 4820
11-06-18T21:49:54: Supplier Items Rows: 4830
11-06-18T21:49:54: Supplier Items Rows: 4840
11-06-18T21:49:54: Supplier Items Rows: 4850
11-06-18T21:49:54: Supplier Items Rows: 4860
11-06-18T21:49:54: Supplier Items Rows: 4870
11-06-18T21:49:54: Supplier Items Rows: 4880
11-06-18T21:49:54: Supplier Items Rows: 4890
11-06-18T21:49:54: Supplier Items Rows: 4900
11-06-18T21:49:54: Supplier Items Rows: 4910
11-06-18T21:49:54: Supplier Items Rows: 4920
11-06-18T21:49:54: Supplier Items Rows: 4930
11-06-18T21:49:54: Supplier Items Rows: 4940
11-06-18T21:49:54: Supplier Items Rows: 4950
11-06-18T21:49:54: Supplier Items Rows: 4960
11-06-18T21:49:54: Supplier Items Rows: 4970
11-06-18T21:49:54: Supplier Items Rows: 4980
11-06-18T21:49:54: Supplier Items Rows: 4990
11-06-18T21:49:54: Supplier Items Rows: 5000
11-06-18T21:49:54: Supplier Items Rows: 5010
11-06-18T21:49:54: Supplier Items Rows: 5020
11-06-18T21:49:55: Supplier Items Rows: 5030
11-06-18T21:49:55: Supplier Items Rows: 5040
11-06-18T21:49:55: Supplier Items Rows: 5050
11-06-18T21:49:55: Supplier Items Rows: 5060
11-06-18T21:49:55: Supplier Items Rows: 5070
11-06-18T21:49:55: Supplier Items Rows: 5080
11-06-18T21:49:55: Supplier Items Rows: 5090
11-06-18T21:49:55: Supplier Items Rows: 5100
11-06-18T21:49:55: Supplier Items Rows: 5110
11-06-18T21:49:55: Supplier Items Rows: 5120
11-06-18T21:49:55: Supplier Items Rows: 5130
11-06-18T21:49:55: Supplier Items Rows: 5140
11-06-18T21:49:55: Supplier Items Rows: 5150
11-06-18T21:49:55: Supplier Items Rows: 5160
11-06-18T21:49:55: Supplier Items Rows: 5170
11-06-18T21:49:55: Supplier Items Rows: 5180
11-06-18T21:49:55: Supplier Items Rows: 5190
11-06-18T21:49:55: Supplier Items Rows: 5200
11-06-18T21:49:55: Supplier Items Rows: 5210
11-06-18T21:49:55: Supplier Items Rows: 5220
11-06-18T21:49:55: Supplier Items Rows: 5230
11-06-18T21:49:55: Supplier Items Rows: 5240
11-06-18T21:49:55: Supplier Items Rows: 5250
11-06-18T21:49:55: Supplier Items Rows: 5260
11-06-18T21:49:55: Supplier Items Rows: 5270
11-06-18T21:49:55: Supplier Items Rows: 5280
11-06-18T21:49:55: Supplier Items Rows: 5290
11-06-18T21:49:55: Supplier Items Rows: 5300
11-06-18T21:49:55: Supplier Items Rows: 5310
11-06-18T21:49:55: Supplier Items Rows: 5320
11-06-18T21:49:55: Supplier Items Rows: 5330
11-06-18T21:49:55: Supplier Items Rows: 5340
11-06-18T21:49:55: Supplier Items Rows: 5350
11-06-18T21:49:55: Supplier Items Rows: 5360
11-06-18T21:49:55: Supplier Items Rows: 5370
11-06-18T21:49:55: Supplier Items Rows: 5380
11-06-18T21:49:55: Supplier Items Rows: 5390
11-06-18T21:49:55: Supplier Items Rows: 5400
11-06-18T21:49:55: Supplier Items Rows: 5410
11-06-18T21:49:55: Supplier Items Rows: 5420
11-06-18T21:49:55: Supplier Items Rows: 5430
11-06-18T21:49:55: Supplier Items Rows: 5440
11-06-18T21:49:55: Supplier Items Rows: 5450
11-06-18T21:49:55: Supplier Items Rows: 5460
11-06-18T21:49:55: Supplier Items Rows: 5470
11-06-18T21:49:55: Supplier Items Rows: 5480
11-06-18T21:49:55: Supplier Items Rows: 5490
11-06-18T21:49:55: Supplier Items Rows: 5500
11-06-18T21:49:55: Supplier Items Rows: 5510
11-06-18T21:49:55: Supplier Items Rows: 5520
11-06-18T21:49:55: Supplier Items Rows: 5530
11-06-18T21:49:55: Supplier Items Rows: 5540
11-06-18T21:49:55: Supplier Items Rows: 5550
11-06-18T21:49:55: Supplier Items Rows: 5560
11-06-18T21:49:55: Supplier Items Rows: 5570
11-06-18T21:49:55: Supplier Items Rows: 5580
11-06-18T21:49:55: Supplier Items Rows: 5590
11-06-18T21:49:55: Supplier Items Rows: 5600
11-06-18T21:49:55: Supplier Items Rows: 5610
11-06-18T21:49:55: Supplier Items Rows: 5620
11-06-18T21:49:55: Supplier Items Rows: 5630
11-06-18T21:49:55: Supplier Items Rows: 5640
11-06-18T21:49:55: Supplier Items Rows: 5650
11-06-18T21:49:55: Supplier Items Rows: 5660
11-06-18T21:49:55: Supplier Items Rows: 5670
11-06-18T21:49:55: Supplier Items Rows: 5680
11-06-18T21:49:55: Supplier Items Rows: 5690
11-06-18T21:49:55: Supplier Items Rows: 5700
11-06-18T21:49:55: Supplier Items Rows: 5710
11-06-18T21:49:55: Supplier Items Rows: 5720
11-06-18T21:49:55: Supplier Items Rows: 5730
11-06-18T21:49:55: Supplier Items Rows: 5740
11-06-18T21:49:55: Supplier Items Rows: 5750
11-06-18T21:49:55: Supplier Items Rows: 5760
11-06-18T21:49:55: Supplier Items Rows: 5770
11-06-18T21:49:55: Supplier Items Rows: 5780
11-06-18T21:49:55: Supplier Items Rows: 5790
11-06-18T21:49:55: Supplier Items Rows: 5800
11-06-18T21:49:55: Supplier Items Rows: 5810
11-06-18T21:49:55: Supplier Items Rows: 5820
11-06-18T21:49:55: Supplier Items Rows: 5830
11-06-18T21:49:55: Supplier Items Rows: 5840
11-06-18T21:49:55: Supplier Items Rows: 5850
11-06-18T21:49:55: Supplier Items Rows: 5860
11-06-18T21:49:55: Supplier Items Rows: 5870
11-06-18T21:49:55: Supplier Items Rows: 5880
11-06-18T21:49:55: Supplier Items Rows: 5890
11-06-18T21:49:55: Supplier Items Rows: 5900
11-06-18T21:49:55: Supplier Items Rows: 5910
11-06-18T21:49:55: Supplier Items Rows: 5920
11-06-18T21:49:55: Supplier Items Rows: 5930
11-06-18T21:49:55: Supplier Items Rows: 5940
11-06-18T21:49:55: Supplier Items Rows: 5950
11-06-18T21:49:56: Supplier Items Rows: 5960
11-06-18T21:49:56: Supplier Items Rows: 5970
11-06-18T21:49:56: Supplier Items Rows: 5980
11-06-18T21:49:56: Supplier Items Rows: 5990
11-06-18T21:49:56: Supplier Items Rows: 6000
11-06-18T21:49:56: Supplier Items Rows: 6010
11-06-18T21:49:56: Supplier Items Rows: 6020
11-06-18T21:49:56: Supplier Items Rows: 6030
11-06-18T21:49:56: Supplier Items Rows: 6040
11-06-18T21:49:56: Supplier Items Rows: 6050
11-06-18T21:49:56: Supplier Items Rows: 6060
11-06-18T21:49:56: Supplier Items Rows: 6070
11-06-18T21:49:56: Supplier Items Rows: 6080
11-06-18T21:49:56: Supplier Items Rows: 6090
11-06-18T21:49:56: Supplier Items Rows: 6100
11-06-18T21:49:56: Supplier Items Rows: 6110
11-06-18T21:49:56: Supplier Items Rows: 6120
11-06-18T21:49:56: Supplier Items Rows: 6130
11-06-18T21:49:56: Supplier Items Rows: 6140
11-06-18T21:49:56: Supplier Items Rows: 6150
11-06-18T21:49:56: Supplier Items Rows: 6160
11-06-18T21:49:56: Supplier Items Rows: 6170
11-06-18T21:49:56: Supplier Items Rows: 6180
11-06-18T21:49:56: Supplier Items Rows: 6190
11-06-18T21:49:56: Supplier Items Rows: 6200
11-06-18T21:49:56: Supplier Items Rows: 6210
11-06-18T21:49:56: Supplier Items Rows: 6220
11-06-18T21:49:56: Supplier Items Rows: 6230
11-06-18T21:49:56: Supplier Items Rows: 6240
11-06-18T21:49:56: Supplier Items Rows: 6250
11-06-18T21:49:56: Supplier Items Rows: 6260
11-06-18T21:49:56: Supplier Items Rows: 6270
11-06-18T21:49:56: Supplier Items Rows: 6280
11-06-18T21:49:56: Supplier Items Rows: 6290
11-06-18T21:49:56: Supplier Items Rows: 6300
11-06-18T21:49:56: Supplier Items Rows: 6310
11-06-18T21:49:56: Supplier Items Rows: 6320
11-06-18T21:49:56: Supplier Items Rows: 6330
11-06-18T21:49:56: Supplier Items Rows: 6340
11-06-18T21:49:56: Supplier Items Rows: 6350
11-06-18T21:49:56: Supplier Items Rows: 6360
11-06-18T21:49:56: Supplier Items Rows: 6370
11-06-18T21:49:56: Supplier Items Rows: 6380
11-06-18T21:49:56: Supplier Items Rows: 6390
11-06-18T21:49:56: Supplier Items Rows: 6400
11-06-18T21:49:56: Supplier Items Rows: 6410
11-06-18T21:49:56: Supplier Items Rows: 6420
11-06-18T21:49:56: Supplier Items Rows: 6430
11-06-18T21:49:56: Supplier Items Rows: 6440
11-06-18T21:49:56: Supplier Items Rows: 6450
11-06-18T21:49:56: Supplier Items Rows: 6460
11-06-18T21:49:56: Supplier Items Rows: 6470
11-06-18T21:49:56: Supplier Items Rows: 6480
11-06-18T21:49:56: Supplier Items Rows: 6490
11-06-18T21:49:56: Supplier Items Rows: 6500
11-06-18T21:49:56: Supplier Items Rows: 6510
11-06-18T21:49:56: Supplier Items Rows: 6520
11-06-18T21:49:56: Supplier Items Rows: 6530
11-06-18T21:49:56: Supplier Items Rows: 6540
11-06-18T21:49:56: Supplier Items Rows: 6550
11-06-18T21:49:56: Supplier Items Rows: 6560
11-06-18T21:49:56: Supplier Items Rows: 6570
11-06-18T21:49:56: Supplier Items Rows: 6580
11-06-18T21:49:56: Supplier Items Rows: 6590
11-06-18T21:49:56: Supplier Items Rows: 6600
11-06-18T21:49:56: Supplier Items Rows: 6610
11-06-18T21:49:56: Supplier Items Rows: 6620
11-06-18T21:49:56: Supplier Items Rows: 6630
11-06-18T21:49:56: Supplier Items Rows: 6640
11-06-18T21:49:56: Supplier Items Rows: 6650
11-06-18T21:49:56: Supplier Items Rows: 6660
11-06-18T21:49:56: Supplier Items Rows: 6670
11-06-18T21:49:56: Supplier Items Rows: 6680
11-06-18T21:49:56: Supplier Items Rows: 6690
11-06-18T21:49:56: Supplier Items Rows: 6700
11-06-18T21:49:56: Supplier Items Rows: 6710
11-06-18T21:49:56: Supplier Items Rows: 6720
11-06-18T21:49:56: Supplier Items Rows: 6730
11-06-18T21:49:56: Supplier Items Rows: 6740
11-06-18T21:49:56: Supplier Items Rows: 6750
11-06-18T21:49:56: Supplier Items Rows: 6760
11-06-18T21:49:56: Supplier Items Rows: 6770
11-06-18T21:49:56: Supplier Items Rows: 6780
11-06-18T21:49:57: Supplier Items Rows: 6790
11-06-18T21:49:57: Supplier Items Rows: 6800
11-06-18T21:49:57: Supplier Items Rows: 6810
11-06-18T21:49:57: Supplier Items Rows: 6820
11-06-18T21:49:57: Supplier Items Rows: 6830
11-06-18T21:49:57: Supplier Items Rows: 6840
11-06-18T21:49:57: Supplier Items Rows: 6850
11-06-18T21:49:57: Supplier Items Rows: 6860
11-06-18T21:49:57: Supplier Items Rows: 6870
11-06-18T21:49:57: Supplier Items Rows: 6880
11-06-18T21:49:57: Supplier Items Rows: 6890
11-06-18T21:49:57: Supplier Items Rows: 6900
11-06-18T21:49:57: Supplier Items Rows: 6910
11-06-18T21:49:57: Supplier Items Rows: 6920
11-06-18T21:49:57: Supplier Items Rows: 6930
11-06-18T21:49:57: Supplier Items Rows: 6940
11-06-18T21:49:57: Supplier Items Rows: 6950
11-06-18T21:49:57: Supplier Items Rows: 6960
11-06-18T21:49:57: Supplier Items Rows: 6970
11-06-18T21:49:57: Supplier Items Rows: 6980
11-06-18T21:49:57: Supplier Items Rows: 6990
11-06-18T21:49:57: Supplier Items Rows: 7000
11-06-18T21:49:57: Supplier Items Rows: 7010
11-06-18T21:49:57: Supplier Items Rows: 7020
11-06-18T21:49:57: Supplier Items Rows: 7030
11-06-18T21:49:57: Supplier Items Rows: 7040
11-06-18T21:49:57: Supplier Items Rows: 7050
11-06-18T21:49:57: Supplier Items Rows: 7060
11-06-18T21:49:57: Supplier Items Rows: 7070
11-06-18T21:49:57: Supplier Items Rows: 7080
11-06-18T21:49:57: Supplier Items Rows: 7090
11-06-18T21:49:57: Supplier Items Rows: 7100
11-06-18T21:49:57: Supplier Items Rows: 7110
11-06-18T21:49:57: Supplier Items Rows: 7120
11-06-18T21:49:57: Supplier Items Rows: 7130
11-06-18T21:49:57: Supplier Items Rows: 7140
11-06-18T21:49:57: Supplier Items Rows: 7150
11-06-18T21:49:57: Supplier Items Rows: 7160
11-06-18T21:49:57: Supplier Items Rows: 7170
11-06-18T21:49:57: Supplier Items Rows: 7180
11-06-18T21:49:57: Supplier Items Rows: 7190
11-06-18T21:49:57: Supplier Items Rows: 7200
11-06-18T21:49:57: Supplier Items Rows: 7210
11-06-18T21:49:57: Supplier Items Rows: 7220
11-06-18T21:49:57: Supplier Items Rows: 7230
11-06-18T21:49:57: Supplier Items Rows: 7240
11-06-18T21:49:57: Supplier Items Rows: 7250
11-06-18T21:49:57: Supplier Items Rows: 7260
11-06-18T21:49:57: Supplier Items Rows: 7270
11-06-18T21:49:57: Supplier Items Rows: 7280
11-06-18T21:49:57: Supplier Items Rows: 7290
11-06-18T21:49:57: Supplier Items Rows: 7300
11-06-18T21:49:57: Supplier Items Rows: 7310
11-06-18T21:49:57: Supplier Items Rows: 7320
11-06-18T21:49:57: Supplier Items Rows: 7330
11-06-18T21:49:57: Supplier Items Rows: 7340
11-06-18T21:49:57: Supplier Items Rows: 7350
11-06-18T21:49:57: Supplier Items Rows: 7360
11-06-18T21:49:57: Supplier Items Rows: 7370
11-06-18T21:49:57: Supplier Items Rows: 7380
11-06-18T21:49:57: Supplier Items Rows: 7390
11-06-18T21:49:57: Supplier Items Rows: 7400
11-06-18T21:49:57: Supplier Items Rows: 7410
11-06-18T21:49:57: Supplier Items Rows: 7420
11-06-18T21:49:57: Supplier Items Rows: 7430
11-06-18T21:49:57: Supplier Items Rows: 7440
11-06-18T21:49:57: Supplier Items Rows: 7450
11-06-18T21:49:57: Supplier Items Rows: 7460
11-06-18T21:49:57: Supplier Items Rows: 7470
11-06-18T21:49:57: Supplier Items Rows: 7480
11-06-18T21:49:57: Supplier Items Rows: 7490
11-06-18T21:49:57: Supplier Items Rows: 7500
11-06-18T21:49:57: Supplier Items Rows: 7510
11-06-18T21:49:57: Supplier Items Rows: 7520
11-06-18T21:49:57: Supplier Items Rows: 7530
11-06-18T21:49:57: Supplier Items Rows: 7540
11-06-18T21:49:57: Supplier Items Rows: 7550
11-06-18T21:49:57: Supplier Items Rows: 7560
11-06-18T21:49:57: Supplier Items Rows: 7570
11-06-18T21:49:57: Supplier Items Rows: 7580
11-06-18T21:49:57: Supplier Items Rows: 7590
11-06-18T21:49:57: Supplier Items Rows: 7600
11-06-18T21:49:57: Supplier Items Rows: 7610
11-06-18T21:49:58: Supplier Items Rows: 7620
11-06-18T21:49:58: Supplier Items Rows: 7630
11-06-18T21:49:58: Supplier Items Rows: 7640
11-06-18T21:49:58: Supplier Items Rows: 7650
11-06-18T21:49:58: Supplier Items Rows: 7660
11-06-18T21:49:58: Supplier Items Rows: 7670
11-06-18T21:49:58: Supplier Items Rows: 7680
11-06-18T21:49:58: Supplier Items Rows: 7690
11-06-18T21:49:58: Supplier Items Rows: 7700
11-06-18T21:49:58: Supplier Items Rows: 7710
11-06-18T21:49:58: Supplier Items Rows: 7720
11-06-18T21:49:58: Supplier Items Rows: 7730
11-06-18T21:49:58: Supplier Items Rows: 7740
11-06-18T21:49:58: Supplier Items Rows: 7750
11-06-18T21:49:58: Supplier Items Rows: 7760
11-06-18T21:49:58: Supplier Items Rows: 7770
11-06-18T21:49:58: Supplier Items Rows: 7780
11-06-18T21:49:58: Supplier Items Rows: 7790
11-06-18T21:49:58: Supplier Items Rows: 7800
11-06-18T21:49:58: Supplier Items Rows: 7810
11-06-18T21:49:58: Supplier Items Rows: 7820
11-06-18T21:49:58: Supplier Items Rows: 7830
11-06-18T21:49:58: Supplier Items Rows: 7840
11-06-18T21:49:58: Supplier Items Rows: 7850
11-06-18T21:49:58: Supplier Items Rows: 7860
11-06-18T21:49:58: Supplier Items Rows: 7870
11-06-18T21:49:58: Supplier Items Rows: 7880
11-06-18T21:49:58: Supplier Items Rows: 7890
11-06-18T21:49:58: Supplier Items Rows: 7900
11-06-18T21:49:58: Supplier Items Rows: 7910
11-06-18T21:49:58: Supplier Items Rows: 7920
11-06-18T21:49:58: Supplier Items Rows: 7930
11-06-18T21:49:58: Supplier Items Rows: 7940
11-06-18T21:49:58: Supplier Items Rows: 7950
11-06-18T21:49:58: Supplier Items Rows: 7960
11-06-18T21:49:58: Supplier Items Rows: 7970
11-06-18T21:49:58: Supplier Items Rows: 7980
11-06-18T21:49:58: Supplier Items Rows: 7990
11-06-18T21:49:58: Supplier Items Rows: 8000
11-06-18T21:49:58: Supplier Items Rows: 8010
11-06-18T21:49:58: Supplier Items Rows: 8020
11-06-18T21:49:58: Supplier Items Rows: 8030
11-06-18T21:49:58: Supplier Items Rows: 8040
11-06-18T21:49:58: Supplier Items Rows: 8050
11-06-18T21:49:58: Supplier Items Rows: 8060
11-06-18T21:49:58: Supplier Items Rows: 8070
11-06-18T21:49:58: Supplier Items Rows: 8080
11-06-18T21:49:58: Supplier Items Rows: 8090
11-06-18T21:49:58: Supplier Items Rows: 8100
11-06-18T21:49:58: Supplier Items Rows: 8110
11-06-18T21:49:58: Supplier Items Rows: 8120
11-06-18T21:49:58: Supplier Items Rows: 8130
11-06-18T21:49:58: Supplier Items Rows: 8140
11-06-18T21:49:58: Supplier Items Rows: 8150
11-06-18T21:49:58: Supplier Items Rows: 8160
11-06-18T21:49:58: Supplier Items Rows: 8170
11-06-18T21:49:58: Supplier Items Rows: 8180
11-06-18T21:49:58: Supplier Items Rows: 8190
11-06-18T21:49:58: Supplier Items Rows: 8200
11-06-18T21:49:58: Supplier Items Rows: 8210
11-06-18T21:49:58: Supplier Items Rows: 8220
11-06-18T21:49:58: Supplier Items Rows: 8230
11-06-18T21:49:58: Supplier Items Rows: 8240
11-06-18T21:49:58: Supplier Items Rows: 8250
11-06-18T21:49:58: Supplier Items Rows: 8260
11-06-18T21:49:58: Supplier Items Rows: 8270
11-06-18T21:49:58: Supplier Items Rows: 8280
11-06-18T21:49:58: Supplier Items Rows: 8290
11-06-18T21:49:58: Supplier Items Rows: 8300
11-06-18T21:49:58: Supplier Items Rows: 8310
11-06-18T21:49:58: Supplier Items Rows: 8320
11-06-18T21:49:58: Supplier Items Rows: 8330
11-06-18T21:49:58: Supplier Items Rows: 8340
11-06-18T21:49:58: Supplier Items Rows: 8350
11-06-18T21:49:58: Supplier Items Rows: 8360
11-06-18T21:49:58: Supplier Items Rows: 8370
11-06-18T21:49:58: Supplier Items Rows: 8380
11-06-18T21:49:58: Supplier Items Rows: 8390
11-06-18T21:49:58: Supplier Items Rows: 8400
11-06-18T21:49:58: Supplier Items Rows: 8410
11-06-18T21:49:58: Supplier Items Rows: 8420
11-06-18T21:49:58: Supplier Items Rows: 8430
11-06-18T21:49:58: Supplier Items Rows: 8440
11-06-18T21:49:58: Supplier Items Rows: 8450
11-06-18T21:49:58: Supplier Items Rows: 8460
11-06-18T21:49:58: Supplier Items Rows: 8470
11-06-18T21:49:58: Supplier Items Rows: 8480
11-06-18T21:49:58: Supplier Items Rows: 8490
11-06-18T21:49:58: Supplier Items Rows: 8500
11-06-18T21:49:58: Supplier Items Rows: 8510
11-06-18T21:49:58: Supplier Items Rows: 8520
11-06-18T21:49:58: Supplier Items Rows: 8530
11-06-18T21:49:58: Supplier Items Rows: 8540
11-06-18T21:49:58: Supplier Items Rows: 8550
11-06-18T21:49:59: Supplier Items Rows: 8560
11-06-18T21:49:59: Starting XSL Transform, this may take awhile.
11-06-18T21:49:59: XSL Transform Completed.
11-06-18T21:49:59: Supplier Item-MCLNNTHE_MCLNNTHE- MCLANE NORTHEAST (NE)_01 completed.
11-06-18T21:49:59: End Log
