06-21-19T07:40:20: Start Log
06-21-19T07:40:20: Found Input File: Special-ALL.csv
06-21-19T07:40:23: Special Rows: 10
06-21-19T07:40:24: Special Rows: 20
06-21-19T07:40:24: Special Rows: 30
06-21-19T07:40:24: Special Rows: 40
06-21-19T07:40:24: Special Rows: 50
06-21-19T07:40:24: Special Rows: 60
06-21-19T07:40:24: Special Rows: 70
06-21-19T07:40:24: Special Rows: 80
06-21-19T07:40:25: Special Rows: 90
06-21-19T07:40:25: Special Rows: 100
06-21-19T07:40:25: Special Rows: 110
06-21-19T07:40:25: Special Rows: 120
06-21-19T07:40:25: Special Rows: 130
06-21-19T07:40:25: Special Rows: 140
06-21-19T07:40:25: Special Rows: 150
06-21-19T07:40:25: Special Rows: 160
06-21-19T07:40:25: Special Rows: 170
06-21-19T07:40:26: Special Rows: 180
06-21-19T07:40:26: Special Rows: 190
06-21-19T07:40:26: Special Rows: 200
06-21-19T07:40:26: Special Rows: 210
06-21-19T07:40:26: Special Rows: 220
06-21-19T07:40:26: Special Rows: 230
06-21-19T07:40:26: Special Rows: 240
06-21-19T07:40:26: Special Rows: 250
06-21-19T07:40:27: Special Rows: 260
06-21-19T07:40:27: Special Rows: 270
06-21-19T07:40:27: Special Rows: 280
06-21-19T07:40:27: Special Rows: 290
06-21-19T07:40:27: Special Rows: 300
06-21-19T07:40:27: Special Rows: 310
06-21-19T07:40:27: Special Rows: 320
06-21-19T07:40:28: Special Rows: 330
06-21-19T07:40:28: Special Rows: 340
06-21-19T07:40:28: Special Rows: 350
06-21-19T07:40:28: Special Rows: 360
06-21-19T07:40:28: Special Rows: 370
06-21-19T07:40:28: Special Rows: 380
06-21-19T07:40:29: Special Rows: 390
06-21-19T07:40:29: Special Rows: 400
06-21-19T07:40:29: Special Rows: 410
06-21-19T07:40:29: Special Rows: 420
06-21-19T07:40:29: Special Rows: 430
06-21-19T07:40:29: Special Rows: 440
06-21-19T07:40:29: Special Rows: 450
06-21-19T07:40:30: Special Rows: 460
06-21-19T07:40:30: Special Rows: 470
06-21-19T07:40:30: Special Rows: 480
06-21-19T07:40:30: Special Rows: 490
06-21-19T07:40:30: Special Rows: 500
06-21-19T07:40:30: Special Rows: 510
06-21-19T07:40:30: Special Rows: 520
06-21-19T07:40:30: Special Rows: 530
06-21-19T07:40:30: Special Rows: 540
06-21-19T07:40:31: Special Rows: 550
06-21-19T07:40:31: Special Rows: 560
06-21-19T07:40:31: Special Rows: 570
06-21-19T07:40:31: Special Rows: 580
06-21-19T07:40:31: Special Rows: 590
06-21-19T07:40:31: Special Rows: 600
06-21-19T07:40:31: Special Rows: 610
06-21-19T07:40:31: Special Rows: 620
06-21-19T07:40:32: Special Rows: 630
06-21-19T07:40:32: Special Rows: 640
06-21-19T07:40:32: Special Rows: 650
06-21-19T07:40:32: Special Rows: 660
06-21-19T07:40:32: Special Rows: 670
06-21-19T07:40:32: Special Rows: 680
06-21-19T07:40:32: Special Rows: 690
06-21-19T07:40:32: Special Rows: 700
06-21-19T07:40:33: Special Rows: 710
06-21-19T07:40:33: Special Rows: 720
06-21-19T07:40:33: Special Rows: 730
06-21-19T07:40:33: Special Rows: 740
06-21-19T07:40:33: Special Rows: 750
06-21-19T07:40:33: Special Rows: 760
06-21-19T07:40:33: Special Rows: 770
06-21-19T07:40:34: Special Rows: 780
06-21-19T07:40:34: Special Rows: 790
06-21-19T07:40:34: Special Rows: 800
06-21-19T07:40:34: Special Rows: 810
06-21-19T07:40:34: Special Rows: 820
06-21-19T07:40:34: Special Rows: 830
06-21-19T07:40:34: Special Rows: 840
06-21-19T07:40:34: Special Rows: 850
06-21-19T07:40:35: Special Rows: 860
06-21-19T07:40:35: Special Rows: 870
06-21-19T07:40:35: Special Rows: 880
06-21-19T07:40:35: Special Rows: 890
06-21-19T07:40:35: Special Rows: 900
06-21-19T07:40:35: Special Rows: 910
06-21-19T07:40:35: Special Rows: 920
06-21-19T07:40:35: Special Rows: 930
06-21-19T07:40:36: Special Rows: 940
06-21-19T07:40:36: Special Rows: 950
06-21-19T07:40:36: Special Rows: 960
06-21-19T07:40:36: Special Rows: 970
06-21-19T07:40:36: Special Rows: 980
06-21-19T07:40:36: Special Rows: 990
06-21-19T07:40:36: Special Rows: 1000
06-21-19T07:40:36: Special Rows: 1010
06-21-19T07:40:37: Special Rows: 1020
06-21-19T07:40:37: Special Rows: 1030
06-21-19T07:40:37: Special Rows: 1040
06-21-19T07:40:37: Special Rows: 1050
06-21-19T07:40:37: Special Rows: 1060
06-21-19T07:40:37: Special Rows: 1070
06-21-19T07:40:37: Special Rows: 1080
06-21-19T07:40:37: Special Rows: 1090
06-21-19T07:40:37: Special Rows: 1100
06-21-19T07:40:37: Special Rows: 1110
06-21-19T07:40:38: Special Rows: 1120
06-21-19T07:40:38: Special Rows: 1130
06-21-19T07:40:38: Special Rows: 1140
06-21-19T07:40:38: Special Rows: 1150
06-21-19T07:40:38: Special Rows: 1160
06-21-19T07:40:38: Special Rows: 1170
06-21-19T07:40:38: Special Rows: 1180
06-21-19T07:40:38: Special Rows: 1190
06-21-19T07:40:38: Special Rows: 1200
06-21-19T07:40:38: Special Rows: 1210
06-21-19T07:40:39: Special Rows: 1220
06-21-19T07:40:39: Special Rows: 1230
06-21-19T07:40:39: Special Rows: 1240
06-21-19T07:40:39: Special Rows: 1250
06-21-19T07:40:39: Special Rows: 1260
06-21-19T07:40:39: Special Rows: 1270
06-21-19T07:40:39: Special Rows: 1280
06-21-19T07:40:39: Special Rows: 1290
06-21-19T07:40:40: Special Rows: 1300
06-21-19T07:40:40: Special Rows: 1310
06-21-19T07:40:40: Special Rows: 1320
06-21-19T07:40:40: Special Rows: 1330
06-21-19T07:40:40: Special Rows: 1340
06-21-19T07:40:40: Special Rows: 1350
06-21-19T07:40:41: Special Rows: 1360
06-21-19T07:40:41: Special Rows: 1370
06-21-19T07:40:41: Special Rows: 1380
06-21-19T07:40:41: Special Rows: 1390
06-21-19T07:40:41: Special Rows: 1400
06-21-19T07:40:41: Special Rows: 1410
06-21-19T07:40:41: Special Rows: 1420
06-21-19T07:40:41: Special Rows: 1430
06-21-19T07:40:42: Special Rows: 1440
06-21-19T07:40:42: Special Rows: 1450
06-21-19T07:40:42: Special Rows: 1460
06-21-19T07:40:42: Special Rows: 1470
06-21-19T07:40:42: Special Rows: 1480
06-21-19T07:40:42: Special Rows: 1490
06-21-19T07:40:42: Special Rows: 1500
06-21-19T07:40:42: Special Rows: 1510
06-21-19T07:40:42: Special Rows: 1520
06-21-19T07:40:42: Special Rows: 1530
06-21-19T07:40:43: Special Rows: 1540
06-21-19T07:40:43: Special Rows: 1550
06-21-19T07:40:43: Special Rows: 1560
06-21-19T07:40:43: Special Rows: 1570
06-21-19T07:40:43: Special Rows: 1580
06-21-19T07:40:43: Special Rows: 1590
06-21-19T07:40:43: Special Rows: 1600
06-21-19T07:40:43: Special Rows: 1610
06-21-19T07:40:43: Special Rows: 1620
06-21-19T07:40:44: Special Rows: 1630
06-21-19T07:40:44: Special Rows: 1640
06-21-19T07:40:44: Special Rows: 1650
06-21-19T07:40:44: Special Rows: 1660
06-21-19T07:40:44: Special Rows: 1670
06-21-19T07:40:44: Special Rows: 1680
06-21-19T07:40:44: Special Rows: 1690
06-21-19T07:40:44: Special Rows: 1700
06-21-19T07:40:45: Special Rows: 1710
06-21-19T07:40:45: Special Rows: 1720
06-21-19T07:40:45: Special Rows: 1730
06-21-19T07:40:45: Special Rows: 1740
06-21-19T07:40:45: Special Rows: 1750
06-21-19T07:40:45: Special Rows: 1760
06-21-19T07:40:45: Special Rows: 1770
06-21-19T07:40:45: Special Rows: 1780
06-21-19T07:40:45: Special Rows: 1790
06-21-19T07:40:46: Special Rows: 1800
06-21-19T07:40:46: Special Rows: 1810
06-21-19T07:40:46: Total Specials: 1805
06-21-19T07:40:46: File created in working xls folder: Special-ALL.xlsx
06-21-19T07:40:46: ...
06-21-19T07:40:46: End Log
