06-20-19T21:24:52: Start Log
06-20-19T21:24:52: Found Input File: Special-ALL.csv
06-20-19T21:24:54: Special Rows: 10
06-20-19T21:24:54: Special Rows: 20
06-20-19T21:24:55: Special Rows: 30
06-20-19T21:24:55: Special Rows: 40
06-20-19T21:24:55: Special Rows: 50
06-20-19T21:24:55: Special Rows: 60
06-20-19T21:24:55: Special Rows: 70
06-20-19T21:24:55: Special Rows: 80
06-20-19T21:24:55: Special Rows: 90
06-20-19T21:24:55: Special Rows: 100
06-20-19T21:24:55: Special Rows: 110
06-20-19T21:24:55: Special Rows: 120
06-20-19T21:24:55: Special Rows: 130
06-20-19T21:24:55: Special Rows: 140
06-20-19T21:24:55: Special Rows: 150
06-20-19T21:24:56: Special Rows: 160
06-20-19T21:24:56: Special Rows: 170
06-20-19T21:24:56: Special Rows: 180
06-20-19T21:24:56: Special Rows: 190
06-20-19T21:24:56: Special Rows: 200
06-20-19T21:24:56: Special Rows: 210
06-20-19T21:24:56: Special Rows: 220
06-20-19T21:24:56: Special Rows: 230
06-20-19T21:24:56: Special Rows: 240
06-20-19T21:24:56: Special Rows: 250
06-20-19T21:24:56: Special Rows: 260
06-20-19T21:24:56: Special Rows: 270
06-20-19T21:24:56: Special Rows: 280
06-20-19T21:24:56: Special Rows: 290
06-20-19T21:24:57: Special Rows: 300
06-20-19T21:24:57: Special Rows: 310
06-20-19T21:24:57: Special Rows: 320
06-20-19T21:24:57: Special Rows: 330
06-20-19T21:24:57: Special Rows: 340
06-20-19T21:24:57: Special Rows: 350
06-20-19T21:24:57: Special Rows: 360
06-20-19T21:24:57: Special Rows: 370
06-20-19T21:24:57: Special Rows: 380
06-20-19T21:24:57: Special Rows: 390
06-20-19T21:24:57: Special Rows: 400
06-20-19T21:24:57: Special Rows: 410
06-20-19T21:24:58: Special Rows: 420
06-20-19T21:24:58: Special Rows: 430
06-20-19T21:24:58: Special Rows: 440
06-20-19T21:24:58: Special Rows: 450
06-20-19T21:24:58: Special Rows: 460
06-20-19T21:24:58: Special Rows: 470
06-20-19T21:24:58: Special Rows: 480
06-20-19T21:24:58: Special Rows: 490
06-20-19T21:24:58: Special Rows: 500
06-20-19T21:24:58: Special Rows: 510
06-20-19T21:24:58: Special Rows: 520
06-20-19T21:24:58: Special Rows: 530
06-20-19T21:24:58: Special Rows: 540
06-20-19T21:24:58: Special Rows: 550
06-20-19T21:24:58: Special Rows: 560
06-20-19T21:24:59: Special Rows: 570
06-20-19T21:24:59: Special Rows: 580
06-20-19T21:24:59: Special Rows: 590
06-20-19T21:24:59: Special Rows: 600
06-20-19T21:24:59: Special Rows: 610
06-20-19T21:24:59: Special Rows: 620
06-20-19T21:24:59: Special Rows: 630
06-20-19T21:24:59: Special Rows: 640
06-20-19T21:24:59: Special Rows: 650
06-20-19T21:24:59: Special Rows: 660
06-20-19T21:24:59: Special Rows: 670
06-20-19T21:24:59: Special Rows: 680
06-20-19T21:24:59: Special Rows: 690
06-20-19T21:24:59: Special Rows: 700
06-20-19T21:25:00: Special Rows: 710
06-20-19T21:25:00: Special Rows: 720
06-20-19T21:25:00: Special Rows: 730
06-20-19T21:25:00: Special Rows: 740
06-20-19T21:25:00: Special Rows: 750
06-20-19T21:25:00: Special Rows: 760
06-20-19T21:25:00: Special Rows: 770
06-20-19T21:25:00: Special Rows: 780
06-20-19T21:25:00: Special Rows: 790
06-20-19T21:25:00: Special Rows: 800
06-20-19T21:25:00: Special Rows: 810
06-20-19T21:25:00: Special Rows: 820
06-20-19T21:25:00: Special Rows: 830
06-20-19T21:25:00: Special Rows: 840
06-20-19T21:25:01: Special Rows: 850
06-20-19T21:25:01: Special Rows: 860
06-20-19T21:25:01: Special Rows: 870
06-20-19T21:25:01: Special Rows: 880
06-20-19T21:25:01: Special Rows: 890
06-20-19T21:25:01: Special Rows: 900
06-20-19T21:25:01: Special Rows: 910
06-20-19T21:25:01: Special Rows: 920
06-20-19T21:25:01: Special Rows: 930
06-20-19T21:25:01: Special Rows: 940
06-20-19T21:25:01: Special Rows: 950
06-20-19T21:25:01: Special Rows: 960
06-20-19T21:25:01: Special Rows: 970
06-20-19T21:25:01: Special Rows: 980
06-20-19T21:25:01: Special Rows: 990
06-20-19T21:25:02: Special Rows: 1000
06-20-19T21:25:02: Special Rows: 1010
06-20-19T21:25:02: Special Rows: 1020
06-20-19T21:25:02: Special Rows: 1030
06-20-19T21:25:02: Special Rows: 1040
06-20-19T21:25:02: Special Rows: 1050
06-20-19T21:25:02: Special Rows: 1060
06-20-19T21:25:02: Special Rows: 1070
06-20-19T21:25:02: Special Rows: 1080
06-20-19T21:25:02: Special Rows: 1090
06-20-19T21:25:02: Special Rows: 1100
06-20-19T21:25:02: Special Rows: 1110
06-20-19T21:25:02: Special Rows: 1120
06-20-19T21:25:02: Special Rows: 1130
06-20-19T21:25:02: Special Rows: 1140
06-20-19T21:25:03: Special Rows: 1150
06-20-19T21:25:03: Special Rows: 1160
06-20-19T21:25:03: Special Rows: 1170
06-20-19T21:25:03: Special Rows: 1180
06-20-19T21:25:03: Special Rows: 1190
06-20-19T21:25:03: Special Rows: 1200
06-20-19T21:25:03: Special Rows: 1210
06-20-19T21:25:03: Special Rows: 1220
06-20-19T21:25:03: Special Rows: 1230
06-20-19T21:25:03: Special Rows: 1240
06-20-19T21:25:03: Special Rows: 1250
06-20-19T21:25:03: Special Rows: 1260
06-20-19T21:25:03: Special Rows: 1270
06-20-19T21:25:03: Special Rows: 1280
06-20-19T21:25:03: Special Rows: 1290
06-20-19T21:25:04: Special Rows: 1300
06-20-19T21:25:04: Special Rows: 1310
06-20-19T21:25:04: Special Rows: 1320
06-20-19T21:25:04: Special Rows: 1330
06-20-19T21:25:04: Special Rows: 1340
06-20-19T21:25:04: Special Rows: 1350
06-20-19T21:25:04: Special Rows: 1360
06-20-19T21:25:04: Special Rows: 1370
06-20-19T21:25:04: Special Rows: 1380
06-20-19T21:25:04: Special Rows: 1390
06-20-19T21:25:04: Special Rows: 1400
06-20-19T21:25:04: Special Rows: 1410
06-20-19T21:25:04: Special Rows: 1420
06-20-19T21:25:04: Special Rows: 1430
06-20-19T21:25:04: Special Rows: 1440
06-20-19T21:25:05: Special Rows: 1450
06-20-19T21:25:05: Special Rows: 1460
06-20-19T21:25:05: Special Rows: 1470
06-20-19T21:25:05: Special Rows: 1480
06-20-19T21:25:05: Special Rows: 1490
06-20-19T21:25:05: Special Rows: 1500
06-20-19T21:25:05: Special Rows: 1510
06-20-19T21:25:05: Special Rows: 1520
06-20-19T21:25:05: Special Rows: 1530
06-20-19T21:25:05: Special Rows: 1540
06-20-19T21:25:05: Special Rows: 1550
06-20-19T21:25:05: Special Rows: 1560
06-20-19T21:25:05: Special Rows: 1570
06-20-19T21:25:05: Special Rows: 1580
06-20-19T21:25:06: Special Rows: 1590
06-20-19T21:25:06: Special Rows: 1600
06-20-19T21:25:06: Special Rows: 1610
06-20-19T21:25:06: Special Rows: 1620
06-20-19T21:25:06: Special Rows: 1630
06-20-19T21:25:06: Special Rows: 1640
06-20-19T21:25:06: Special Rows: 1650
06-20-19T21:25:06: Special Rows: 1660
06-20-19T21:25:06: Special Rows: 1670
06-20-19T21:25:06: Special Rows: 1680
06-20-19T21:25:06: Special Rows: 1690
06-20-19T21:25:06: Special Rows: 1700
06-20-19T21:25:06: Special Rows: 1710
06-20-19T21:25:06: Special Rows: 1720
06-20-19T21:25:07: Special Rows: 1730
06-20-19T21:25:07: Special Rows: 1740
06-20-19T21:25:07: Special Rows: 1750
06-20-19T21:25:07: Special Rows: 1760
06-20-19T21:25:07: Special Rows: 1770
06-20-19T21:25:07: Special Rows: 1780
06-20-19T21:25:07: Special Rows: 1790
06-20-19T21:25:07: Special Rows: 1800
06-20-19T21:25:07: Special Rows: 1810
06-20-19T21:25:07: Special Rows: 1820
06-20-19T21:25:07: Special Rows: 1830
06-20-19T21:25:07: Special Rows: 1840
06-20-19T21:25:07: Special Rows: 1850
06-20-19T21:25:07: Special Rows: 1860
06-20-19T21:25:07: Special Rows: 1870
06-20-19T21:25:07: Special Rows: 1880
06-20-19T21:25:08: Special Rows: 1890
06-20-19T21:25:08: Special Rows: 1900
06-20-19T21:25:08: Special Rows: 1910
06-20-19T21:25:08: Special Rows: 1920
06-20-19T21:25:08: Special Rows: 1930
06-20-19T21:25:08: Special Rows: 1940
06-20-19T21:25:08: Special Rows: 1950
06-20-19T21:25:08: Special Rows: 1960
06-20-19T21:25:08: Special Rows: 1970
06-20-19T21:25:08: Special Rows: 1980
06-20-19T21:25:08: Special Rows: 1990
06-20-19T21:25:08: Special Rows: 2000
06-20-19T21:25:08: Special Rows: 2010
06-20-19T21:25:08: Special Rows: 2020
06-20-19T21:25:08: Special Rows: 2030
06-20-19T21:25:09: Special Rows: 2040
06-20-19T21:25:09: Special Rows: 2050
06-20-19T21:25:09: Special Rows: 2060
06-20-19T21:25:09: Special Rows: 2070
06-20-19T21:25:09: Special Rows: 2080
06-20-19T21:25:09: Special Rows: 2090
06-20-19T21:25:09: Special Rows: 2100
06-20-19T21:25:09: Special Rows: 2110
06-20-19T21:25:09: Special Rows: 2120
06-20-19T21:25:09: Special Rows: 2130
06-20-19T21:25:09: Special Rows: 2140
06-20-19T21:25:09: Special Rows: 2150
06-20-19T21:25:09: Special Rows: 2160
06-20-19T21:25:09: Special Rows: 2170
06-20-19T21:25:09: Special Rows: 2180
06-20-19T21:25:10: Special Rows: 2190
06-20-19T21:25:10: Special Rows: 2200
06-20-19T21:25:10: Special Rows: 2210
06-20-19T21:25:10: Special Rows: 2220
06-20-19T21:25:10: Special Rows: 2230
06-20-19T21:25:10: Special Rows: 2240
06-20-19T21:25:10: Special Rows: 2250
06-20-19T21:25:10: Special Rows: 2260
06-20-19T21:25:10: Special Rows: 2270
06-20-19T21:25:10: Special Rows: 2280
06-20-19T21:25:10: Special Rows: 2290
06-20-19T21:25:10: Special Rows: 2300
06-20-19T21:25:10: Special Rows: 2310
06-20-19T21:25:11: Special Rows: 2320
06-20-19T21:25:11: Special Rows: 2330
06-20-19T21:25:11: Special Rows: 2340
06-20-19T21:25:11: Special Rows: 2350
06-20-19T21:25:11: Special Rows: 2360
06-20-19T21:25:11: Special Rows: 2370
06-20-19T21:25:11: Special Rows: 2380
06-20-19T21:25:11: Special Rows: 2390
06-20-19T21:25:11: Special Rows: 2400
06-20-19T21:25:11: Special Rows: 2410
06-20-19T21:25:11: Special Rows: 2420
06-20-19T21:25:11: Special Rows: 2430
06-20-19T21:25:11: Special Rows: 2440
06-20-19T21:25:11: Special Rows: 2450
06-20-19T21:25:12: Special Rows: 2460
06-20-19T21:25:12: Special Rows: 2470
06-20-19T21:25:12: Special Rows: 2480
06-20-19T21:25:12: Special Rows: 2490
06-20-19T21:25:12: Special Rows: 2500
06-20-19T21:25:12: Special Rows: 2510
06-20-19T21:25:12: Special Rows: 2520
06-20-19T21:25:12: Special Rows: 2530
06-20-19T21:25:12: Special Rows: 2540
06-20-19T21:25:12: Special Rows: 2550
06-20-19T21:25:12: Special Rows: 2560
06-20-19T21:25:12: Special Rows: 2570
06-20-19T21:25:12: Special Rows: 2580
06-20-19T21:25:12: Special Rows: 2590
06-20-19T21:25:12: Special Rows: 2600
06-20-19T21:25:12: Special Rows: 2610
06-20-19T21:25:13: Special Rows: 2620
06-20-19T21:25:13: Special Rows: 2630
06-20-19T21:25:13: Special Rows: 2640
06-20-19T21:25:13: Special Rows: 2650
06-20-19T21:25:13: Special Rows: 2660
06-20-19T21:25:13: Special Rows: 2670
06-20-19T21:25:13: Special Rows: 2680
06-20-19T21:25:13: Special Rows: 2690
06-20-19T21:25:13: Special Rows: 2700
06-20-19T21:25:13: Special Rows: 2710
06-20-19T21:25:13: Special Rows: 2720
06-20-19T21:25:13: Special Rows: 2730
06-20-19T21:25:13: Special Rows: 2740
06-20-19T21:25:13: Special Rows: 2750
06-20-19T21:25:13: Special Rows: 2760
06-20-19T21:25:14: Special Rows: 2770
06-20-19T21:25:14: Special Rows: 2780
06-20-19T21:25:14: Special Rows: 2790
06-20-19T21:25:14: Special Rows: 2800
06-20-19T21:25:14: Special Rows: 2810
06-20-19T21:25:14: Special Rows: 2820
06-20-19T21:25:14: Special Rows: 2830
06-20-19T21:25:14: Special Rows: 2840
06-20-19T21:25:14: Special Rows: 2850
06-20-19T21:25:14: Special Rows: 2860
06-20-19T21:25:14: Special Rows: 2870
06-20-19T21:25:14: Special Rows: 2880
06-20-19T21:25:14: Special Rows: 2890
06-20-19T21:25:14: Special Rows: 2900
06-20-19T21:25:14: Special Rows: 2910
06-20-19T21:25:15: Special Rows: 2920
06-20-19T21:25:15: Special Rows: 2930
06-20-19T21:25:15: Special Rows: 2940
06-20-19T21:25:15: Special Rows: 2950
06-20-19T21:25:15: Special Rows: 2960
06-20-19T21:25:15: Special Rows: 2970
06-20-19T21:25:15: Special Rows: 2980
06-20-19T21:25:15: Special Rows: 2990
06-20-19T21:25:15: Special Rows: 3000
06-20-19T21:25:15: Special Rows: 3010
06-20-19T21:25:15: Special Rows: 3020
06-20-19T21:25:15: Special Rows: 3030
06-20-19T21:25:15: Special Rows: 3040
06-20-19T21:25:15: Special Rows: 3050
06-20-19T21:25:16: Special Rows: 3060
06-20-19T21:25:16: Special Rows: 3070
06-20-19T21:25:16: Special Rows: 3080
06-20-19T21:25:16: Special Rows: 3090
06-20-19T21:25:16: Special Rows: 3100
06-20-19T21:25:16: Special Rows: 3110
06-20-19T21:25:16: Special Rows: 3120
06-20-19T21:25:16: Special Rows: 3130
06-20-19T21:25:16: Special Rows: 3140
06-20-19T21:25:16: Special Rows: 3150
06-20-19T21:25:16: Special Rows: 3160
06-20-19T21:25:16: Special Rows: 3170
06-20-19T21:25:16: Special Rows: 3180
06-20-19T21:25:16: Special Rows: 3190
06-20-19T21:25:16: Special Rows: 3200
06-20-19T21:25:17: Special Rows: 3210
06-20-19T21:25:17: Special Rows: 3220
06-20-19T21:25:17: Special Rows: 3230
06-20-19T21:25:17: Special Rows: 3240
06-20-19T21:25:17: Special Rows: 3250
06-20-19T21:25:17: Special Rows: 3260
06-20-19T21:25:17: Special Rows: 3270
06-20-19T21:25:17: Special Rows: 3280
06-20-19T21:25:17: Special Rows: 3290
06-20-19T21:25:17: Special Rows: 3300
06-20-19T21:25:17: Special Rows: 3310
06-20-19T21:25:17: Special Rows: 3320
06-20-19T21:25:17: Special Rows: 3330
06-20-19T21:25:17: Special Rows: 3340
06-20-19T21:25:17: Special Rows: 3350
06-20-19T21:25:18: Special Rows: 3360
06-20-19T21:25:18: Special Rows: 3370
06-20-19T21:25:18: Special Rows: 3380
06-20-19T21:25:18: Special Rows: 3390
06-20-19T21:25:18: Special Rows: 3400
06-20-19T21:25:18: Special Rows: 3410
06-20-19T21:25:18: Special Rows: 3420
06-20-19T21:25:18: Special Rows: 3430
06-20-19T21:25:18: Special Rows: 3440
06-20-19T21:25:18: Special Rows: 3450
06-20-19T21:25:18: Special Rows: 3460
06-20-19T21:25:18: Special Rows: 3470
06-20-19T21:25:18: Special Rows: 3480
06-20-19T21:25:18: Special Rows: 3490
06-20-19T21:25:18: Special Rows: 3500
06-20-19T21:25:19: Special Rows: 3510
06-20-19T21:25:19: Special Rows: 3520
06-20-19T21:25:19: Special Rows: 3530
06-20-19T21:25:19: Special Rows: 3540
06-20-19T21:25:19: Special Rows: 3550
06-20-19T21:25:19: Special Rows: 3560
06-20-19T21:25:19: Special Rows: 3570
06-20-19T21:25:19: Special Rows: 3580
06-20-19T21:25:19: Special Rows: 3590
06-20-19T21:25:19: Special Rows: 3600
06-20-19T21:25:19: Special Rows: 3610
06-20-19T21:25:19: Special Rows: 3620
06-20-19T21:25:19: Special Rows: 3630
06-20-19T21:25:19: Special Rows: 3640
06-20-19T21:25:19: Special Rows: 3650
06-20-19T21:25:20: Special Rows: 3660
06-20-19T21:25:20: Special Rows: 3670
06-20-19T21:25:20: Special Rows: 3680
06-20-19T21:25:20: Special Rows: 3690
06-20-19T21:25:20: Special Rows: 3700
06-20-19T21:25:20: Special Rows: 3710
06-20-19T21:25:20: Special Rows: 3720
06-20-19T21:25:20: Special Rows: 3730
06-20-19T21:25:20: Special Rows: 3740
06-20-19T21:25:20: Special Rows: 3750
06-20-19T21:25:20: Special Rows: 3760
06-20-19T21:25:20: Special Rows: 3770
06-20-19T21:25:20: Special Rows: 3780
06-20-19T21:25:20: Special Rows: 3790
06-20-19T21:25:21: Special Rows: 3800
06-20-19T21:25:21: Special Rows: 3810
06-20-19T21:25:21: Special Rows: 3820
06-20-19T21:25:21: Special Rows: 3830
06-20-19T21:25:21: Special Rows: 3840
06-20-19T21:25:21: Total Specials: 3839
06-20-19T21:25:21: File created in working xls folder: Special-ALL.xlsx
06-20-19T21:25:21: ...
06-20-19T21:25:21: End Log
