05-13-19T07:56:45: Start Log
05-13-19T07:56:45: Found Input File: Special-ALL.csv
05-13-19T07:56:52: Special Rows: 10
05-13-19T07:56:53: Special Rows: 20
05-13-19T07:56:53: Special Rows: 30
05-13-19T07:56:53: Special Rows: 40
05-13-19T07:56:54: Special Rows: 50
05-13-19T07:56:54: Special Rows: 60
05-13-19T07:56:54: Special Rows: 70
05-13-19T07:56:54: Special Rows: 80
05-13-19T07:56:54: Special Rows: 90
05-13-19T07:56:54: Special Rows: 100
05-13-19T07:56:55: Special Rows: 110
05-13-19T07:56:55: Special Rows: 120
05-13-19T07:56:55: Special Rows: 130
05-13-19T07:56:56: Special Rows: 140
05-13-19T07:56:56: Special Rows: 150
05-13-19T07:56:56: Special Rows: 160
05-13-19T07:56:56: Special Rows: 170
05-13-19T07:56:56: Special Rows: 180
05-13-19T07:56:57: Special Rows: 190
05-13-19T07:56:57: Special Rows: 200
05-13-19T07:56:57: Special Rows: 210
05-13-19T07:56:57: Special Rows: 220
05-13-19T07:56:57: Special Rows: 230
05-13-19T07:56:57: Special Rows: 240
05-13-19T07:56:57: Special Rows: 250
05-13-19T07:56:57: Special Rows: 260
05-13-19T07:56:58: Special Rows: 270
05-13-19T07:56:58: Special Rows: 280
05-13-19T07:56:58: Special Rows: 290
05-13-19T07:56:59: Special Rows: 300
05-13-19T07:56:59: Special Rows: 310
05-13-19T07:56:59: Special Rows: 320
05-13-19T07:56:59: Special Rows: 330
05-13-19T07:56:59: Special Rows: 340
05-13-19T07:56:59: Special Rows: 350
05-13-19T07:57:00: Special Rows: 360
05-13-19T07:57:00: Special Rows: 370
05-13-19T07:57:00: Special Rows: 380
05-13-19T07:57:00: Special Rows: 390
05-13-19T07:57:00: Special Rows: 400
05-13-19T07:57:01: Special Rows: 410
05-13-19T07:57:01: Special Rows: 420
05-13-19T07:57:01: Special Rows: 430
05-13-19T07:57:01: Special Rows: 440
05-13-19T07:57:01: Special Rows: 450
05-13-19T07:57:01: Special Rows: 460
05-13-19T07:57:02: Special Rows: 470
05-13-19T07:57:02: Special Rows: 480
05-13-19T07:57:02: Special Rows: 490
05-13-19T07:57:02: Special Rows: 500
05-13-19T07:57:03: Special Rows: 510
05-13-19T07:57:03: Special Rows: 520
05-13-19T07:57:03: Special Rows: 530
05-13-19T07:57:03: Special Rows: 540
05-13-19T07:57:03: Special Rows: 550
05-13-19T07:57:04: Special Rows: 560
05-13-19T07:57:04: Special Rows: 570
05-13-19T07:57:04: Special Rows: 580
05-13-19T07:57:04: Special Rows: 590
05-13-19T07:57:04: Special Rows: 600
05-13-19T07:57:04: Special Rows: 610
05-13-19T07:57:05: Special Rows: 620
05-13-19T07:57:05: Special Rows: 630
05-13-19T07:57:05: Special Rows: 640
05-13-19T07:57:05: Special Rows: 650
05-13-19T07:57:06: Special Rows: 660
05-13-19T07:57:06: Special Rows: 670
05-13-19T07:57:06: Special Rows: 680
05-13-19T07:57:06: Special Rows: 690
05-13-19T07:57:06: Special Rows: 700
05-13-19T07:57:07: Special Rows: 710
05-13-19T07:57:07: Special Rows: 720
05-13-19T07:57:07: Special Rows: 730
05-13-19T07:57:07: Special Rows: 740
05-13-19T07:57:08: Special Rows: 750
05-13-19T07:57:08: Special Rows: 760
05-13-19T07:57:08: Special Rows: 770
05-13-19T07:57:08: Special Rows: 780
05-13-19T07:57:08: Special Rows: 790
05-13-19T07:57:09: Special Rows: 800
05-13-19T07:57:10: Special Rows: 810
05-13-19T07:57:10: Special Rows: 820
05-13-19T07:57:10: Special Rows: 830
05-13-19T07:57:10: Special Rows: 840
05-13-19T07:57:10: Special Rows: 850
05-13-19T07:57:10: Special Rows: 860
05-13-19T07:57:10: Special Rows: 870
05-13-19T07:57:11: Special Rows: 880
05-13-19T07:57:11: Special Rows: 890
05-13-19T07:57:11: Special Rows: 900
05-13-19T07:57:11: Special Rows: 910
05-13-19T07:57:12: Special Rows: 920
05-13-19T07:57:12: Special Rows: 930
05-13-19T07:57:12: Special Rows: 940
05-13-19T07:57:12: Special Rows: 950
05-13-19T07:57:13: Special Rows: 960
05-13-19T07:57:13: Special Rows: 970
05-13-19T07:57:13: Special Rows: 980
05-13-19T07:57:13: Special Rows: 990
05-13-19T07:57:13: Special Rows: 1000
05-13-19T07:57:13: Special Rows: 1010
05-13-19T07:57:14: Special Rows: 1020
05-13-19T07:57:14: Special Rows: 1030
05-13-19T07:57:14: Special Rows: 1040
05-13-19T07:57:14: Special Rows: 1050
05-13-19T07:57:15: Special Rows: 1060
05-13-19T07:57:15: Special Rows: 1070
05-13-19T07:57:15: Special Rows: 1080
05-13-19T07:57:15: Special Rows: 1090
05-13-19T07:57:16: Special Rows: 1100
05-13-19T07:57:16: Special Rows: 1110
05-13-19T07:57:16: Special Rows: 1120
05-13-19T07:57:16: Special Rows: 1130
05-13-19T07:57:16: Special Rows: 1140
05-13-19T07:57:16: Special Rows: 1150
05-13-19T07:57:16: Special Rows: 1160
05-13-19T07:57:17: Special Rows: 1170
05-13-19T07:57:17: Special Rows: 1180
05-13-19T07:57:17: Special Rows: 1190
05-13-19T07:57:18: Special Rows: 1200
05-13-19T07:57:18: Special Rows: 1210
05-13-19T07:57:18: Special Rows: 1220
05-13-19T07:57:19: Special Rows: 1230
05-13-19T07:57:19: Special Rows: 1240
05-13-19T07:57:19: Special Rows: 1250
05-13-19T07:57:19: Special Rows: 1260
05-13-19T07:57:19: Special Rows: 1270
05-13-19T07:57:19: Special Rows: 1280
05-13-19T07:57:20: Special Rows: 1290
05-13-19T07:57:20: Special Rows: 1300
05-13-19T07:57:20: Special Rows: 1310
05-13-19T07:57:21: Special Rows: 1320
05-13-19T07:57:21: Special Rows: 1330
05-13-19T07:57:21: Special Rows: 1340
05-13-19T07:57:21: Special Rows: 1350
05-13-19T07:57:21: Special Rows: 1360
05-13-19T07:57:21: Special Rows: 1370
05-13-19T07:57:22: Special Rows: 1380
05-13-19T07:57:22: Special Rows: 1390
05-13-19T07:57:22: Special Rows: 1400
05-13-19T07:57:22: Special Rows: 1410
05-13-19T07:57:23: Special Rows: 1420
05-13-19T07:57:23: Special Rows: 1430
05-13-19T07:57:23: Special Rows: 1440
05-13-19T07:57:23: Special Rows: 1450
05-13-19T07:57:23: Special Rows: 1460
05-13-19T07:57:23: Special Rows: 1470
05-13-19T07:57:24: Special Rows: 1480
05-13-19T07:57:24: Special Rows: 1490
05-13-19T07:57:24: Special Rows: 1500
05-13-19T07:57:24: Special Rows: 1510
05-13-19T07:57:25: Special Rows: 1520
05-13-19T07:57:25: Special Rows: 1530
05-13-19T07:57:25: Special Rows: 1540
05-13-19T07:57:25: Special Rows: 1550
05-13-19T07:57:25: Special Rows: 1560
05-13-19T07:57:26: Special Rows: 1570
05-13-19T07:57:26: Special Rows: 1580
05-13-19T07:57:26: Special Rows: 1590
05-13-19T07:57:27: Special Rows: 1600
05-13-19T07:57:27: Special Rows: 1610
05-13-19T07:57:27: Special Rows: 1620
05-13-19T07:57:27: Special Rows: 1630
05-13-19T07:57:27: Special Rows: 1640
05-13-19T07:57:28: Special Rows: 1650
05-13-19T07:57:28: Special Rows: 1660
05-13-19T07:57:28: Special Rows: 1670
05-13-19T07:57:28: Special Rows: 1680
05-13-19T07:57:29: Special Rows: 1690
05-13-19T07:57:29: Special Rows: 1700
05-13-19T07:57:29: Special Rows: 1710
05-13-19T07:57:29: Special Rows: 1720
05-13-19T07:57:30: Special Rows: 1730
05-13-19T07:57:30: Special Rows: 1740
05-13-19T07:57:30: Special Rows: 1750
05-13-19T07:57:31: Special Rows: 1760
05-13-19T07:57:31: Special Rows: 1770
05-13-19T07:57:31: Special Rows: 1780
05-13-19T07:57:31: Special Rows: 1790
05-13-19T07:57:31: Special Rows: 1800
05-13-19T07:57:32: Special Rows: 1810
05-13-19T07:57:32: Special Rows: 1820
05-13-19T07:57:32: Special Rows: 1830
05-13-19T07:57:32: Special Rows: 1840
05-13-19T07:57:33: Special Rows: 1850
05-13-19T07:57:33: Special Rows: 1860
05-13-19T07:57:33: Special Rows: 1870
05-13-19T07:57:33: Special Rows: 1880
05-13-19T07:57:34: Special Rows: 1890
05-13-19T07:57:34: Special Rows: 1900
05-13-19T07:57:34: Special Rows: 1910
05-13-19T07:57:34: Special Rows: 1920
05-13-19T07:57:35: Special Rows: 1930
05-13-19T07:57:35: Special Rows: 1940
05-13-19T07:57:35: Special Rows: 1950
05-13-19T07:57:35: Special Rows: 1960
05-13-19T07:57:36: Special Rows: 1970
05-13-19T07:57:36: Special Rows: 1980
05-13-19T07:57:36: Special Rows: 1990
05-13-19T07:57:36: Special Rows: 2000
05-13-19T07:57:36: Special Rows: 2010
05-13-19T07:57:37: Special Rows: 2020
05-13-19T07:57:37: Special Rows: 2030
05-13-19T07:57:37: Special Rows: 2040
05-13-19T07:57:37: Total Specials: 2036
05-13-19T07:57:37: File created in working xls folder: Special-ALL.xlsx
05-13-19T07:57:37: ...
05-13-19T07:57:37: End Log
