07-14-19T14:01:18: Start Log
07-14-19T14:01:18: Found Input File: Special-ALL.csv
07-14-19T14:01:20: Special Rows: 10
07-14-19T14:01:20: Special Rows: 20
07-14-19T14:01:20: Special Rows: 30
07-14-19T14:01:20: Special Rows: 40
07-14-19T14:01:20: Special Rows: 50
07-14-19T14:01:20: Special Rows: 60
07-14-19T14:01:20: Special Rows: 70
07-14-19T14:01:20: Special Rows: 80
07-14-19T14:01:20: Special Rows: 90
07-14-19T14:01:20: Special Rows: 100
07-14-19T14:01:20: Special Rows: 110
07-14-19T14:01:20: Special Rows: 120
07-14-19T14:01:21: Special Rows: 130
07-14-19T14:01:21: Special Rows: 140
07-14-19T14:01:21: Special Rows: 150
07-14-19T14:01:21: Special Rows: 160
07-14-19T14:01:21: Special Rows: 170
07-14-19T14:01:21: Special Rows: 180
07-14-19T14:01:21: Special Rows: 190
07-14-19T14:01:21: Special Rows: 200
07-14-19T14:01:21: Special Rows: 210
07-14-19T14:01:21: Special Rows: 220
07-14-19T14:01:21: Special Rows: 230
07-14-19T14:01:21: Special Rows: 240
07-14-19T14:01:21: Special Rows: 250
07-14-19T14:01:21: Special Rows: 260
07-14-19T14:01:21: Special Rows: 270
07-14-19T14:01:21: Special Rows: 280
07-14-19T14:01:21: Special Rows: 290
07-14-19T14:01:21: Special Rows: 300
07-14-19T14:01:21: Special Rows: 310
07-14-19T14:01:21: Special Rows: 320
07-14-19T14:01:22: Special Rows: 330
07-14-19T14:01:22: Special Rows: 340
07-14-19T14:01:22: Special Rows: 350
07-14-19T14:01:22: Special Rows: 360
07-14-19T14:01:22: Special Rows: 370
07-14-19T14:01:22: Special Rows: 380
07-14-19T14:01:22: Special Rows: 390
07-14-19T14:01:22: Special Rows: 400
07-14-19T14:01:22: Special Rows: 410
07-14-19T14:01:22: Special Rows: 420
07-14-19T14:01:22: Special Rows: 430
07-14-19T14:01:22: Special Rows: 440
07-14-19T14:01:22: Special Rows: 450
07-14-19T14:01:22: Special Rows: 460
07-14-19T14:01:22: Special Rows: 470
07-14-19T14:01:22: Special Rows: 480
07-14-19T14:01:22: Special Rows: 490
07-14-19T14:01:22: Special Rows: 500
07-14-19T14:01:22: Special Rows: 510
07-14-19T14:01:22: Special Rows: 520
07-14-19T14:01:23: Special Rows: 530
07-14-19T14:01:23: Special Rows: 540
07-14-19T14:01:23: Special Rows: 550
07-14-19T14:01:23: Special Rows: 560
07-14-19T14:01:23: Special Rows: 570
07-14-19T14:01:23: Special Rows: 580
07-14-19T14:01:23: Special Rows: 590
07-14-19T14:01:23: Special Rows: 600
07-14-19T14:01:23: Special Rows: 610
07-14-19T14:01:23: Special Rows: 620
07-14-19T14:01:23: Special Rows: 630
07-14-19T14:01:23: Special Rows: 640
07-14-19T14:01:23: Special Rows: 650
07-14-19T14:01:23: Special Rows: 660
07-14-19T14:01:23: Special Rows: 670
07-14-19T14:01:23: Special Rows: 680
07-14-19T14:01:23: Special Rows: 690
07-14-19T14:01:23: Special Rows: 700
07-14-19T14:01:23: Special Rows: 710
07-14-19T14:01:23: Special Rows: 720
07-14-19T14:01:24: Special Rows: 730
07-14-19T14:01:24: Special Rows: 740
07-14-19T14:01:24: Special Rows: 750
07-14-19T14:01:24: Special Rows: 760
07-14-19T14:01:24: Special Rows: 770
07-14-19T14:01:24: Special Rows: 780
07-14-19T14:01:24: Special Rows: 790
07-14-19T14:01:24: Special Rows: 800
07-14-19T14:01:24: Special Rows: 810
07-14-19T14:01:24: Special Rows: 820
07-14-19T14:01:24: Special Rows: 830
07-14-19T14:01:24: Special Rows: 840
07-14-19T14:01:24: Special Rows: 850
07-14-19T14:01:24: Special Rows: 860
07-14-19T14:01:24: Special Rows: 870
07-14-19T14:01:24: Special Rows: 880
07-14-19T14:01:24: Special Rows: 890
07-14-19T14:01:24: Special Rows: 900
07-14-19T14:01:24: Special Rows: 910
07-14-19T14:01:24: Special Rows: 920
07-14-19T14:01:24: Special Rows: 930
07-14-19T14:01:25: Special Rows: 940
07-14-19T14:01:25: Special Rows: 950
07-14-19T14:01:25: Special Rows: 960
07-14-19T14:01:25: Special Rows: 970
07-14-19T14:01:25: Special Rows: 980
07-14-19T14:01:25: Special Rows: 990
07-14-19T14:01:25: Special Rows: 1000
07-14-19T14:01:25: Special Rows: 1010
07-14-19T14:01:25: Special Rows: 1020
07-14-19T14:01:25: Special Rows: 1030
07-14-19T14:01:25: Special Rows: 1040
07-14-19T14:01:25: Special Rows: 1050
07-14-19T14:01:25: Special Rows: 1060
07-14-19T14:01:25: Special Rows: 1070
07-14-19T14:01:25: Special Rows: 1080
07-14-19T14:01:25: Special Rows: 1090
07-14-19T14:01:25: Special Rows: 1100
07-14-19T14:01:25: Special Rows: 1110
07-14-19T14:01:25: Special Rows: 1120
07-14-19T14:01:25: Special Rows: 1130
07-14-19T14:01:26: Special Rows: 1140
07-14-19T14:01:26: Special Rows: 1150
07-14-19T14:01:26: Special Rows: 1160
07-14-19T14:01:26: Special Rows: 1170
07-14-19T14:01:26: Special Rows: 1180
07-14-19T14:01:26: Special Rows: 1190
07-14-19T14:01:26: Special Rows: 1200
07-14-19T14:01:26: Special Rows: 1210
07-14-19T14:01:26: Special Rows: 1220
07-14-19T14:01:26: Special Rows: 1230
07-14-19T14:01:26: Special Rows: 1240
07-14-19T14:01:26: Special Rows: 1250
07-14-19T14:01:26: Special Rows: 1260
07-14-19T14:01:26: Special Rows: 1270
07-14-19T14:01:26: Special Rows: 1280
07-14-19T14:01:26: Special Rows: 1290
07-14-19T14:01:26: Special Rows: 1300
07-14-19T14:01:26: Special Rows: 1310
07-14-19T14:01:27: Total Specials: 1305
07-14-19T14:01:27: File created in working xls folder: Special-ALL.xlsx
07-14-19T14:01:27: ...
07-14-19T14:01:27: End Log
