06-27-19T11:04:43: Start Log
06-27-19T11:04:43: Processing File: Retail Item-401 Beer & Wine_01.xlsx
06-27-19T11:04:46: Finished File: Retail Item-401 Beer & Wine_01.xlsx
06-27-19T11:04:46: File created in final csv folder: Retail Item-401 Beer & Wine_01.csv
06-27-19T11:04:46: ...
06-27-19T11:04:46: Processing File: Retail Item-601 General Merchan_01.xlsx
06-27-19T11:04:50: Finished File: Retail Item-601 General Merchan_01.xlsx
06-27-19T11:04:50: File created in final csv folder: Retail Item-601 General Merchan_01.csv
06-27-19T11:04:50: ...
06-27-19T11:04:50: Processing File: Retail Item-601 General Merchan_02.xlsx
06-27-19T11:04:53: Finished File: Retail Item-601 General Merchan_02.xlsx
06-27-19T11:04:53: File created in final csv folder: Retail Item-601 General Merchan_02.csv
06-27-19T11:04:53: ...
06-27-19T11:04:53: Processing File: Retail Item-64 M&S Gift Card & Resale_01.xlsx
06-27-19T11:04:57: Finished File: Retail Item-64 M&S Gift Card & Resale_01.xlsx
06-27-19T11:04:57: File created in final csv folder: Retail Item-64 M&S Gift Card & Resale_01.csv
06-27-19T11:04:57: ...
06-27-19T11:04:57: Processing File: Retail Item-800 Miscellanous Sales_01.xlsx
06-27-19T11:05:01: Finished File: Retail Item-800 Miscellanous Sales_01.xlsx
06-27-19T11:05:01: File created in final csv folder: Retail Item-800 Miscellanous Sales_01.csv
06-27-19T11:05:01: ...
06-27-19T11:05:01: Processing File: Retail Item-901 Soft Drinks_01.xlsx
06-27-19T11:05:04: Finished File: Retail Item-901 Soft Drinks_01.xlsx
06-27-19T11:05:04: File created in final csv folder: Retail Item-901 Soft Drinks_01.csv
06-27-19T11:05:04: ...
06-27-19T11:05:04: Processing File: Retail Item-VC Vendor Credit_01.xlsx
06-27-19T11:05:08: Finished File: Retail Item-VC Vendor Credit_01.xlsx
06-27-19T11:05:08: File created in final csv folder: Retail Item-VC Vendor Credit_01.csv
06-27-19T11:05:08: ...
06-27-19T11:05:08: End Log
