09-10-19T17:18:09: Start Log
09-10-19T17:18:09: Found Input File: C:\Users\chuck\Documents\ROC\Speedway-Source\Data Extraction And Loading\Import Files\Retail Item\FinalCSV\Retail Item Fix Missing Attributes (Test) 09-10-2019.csv
09-10-19T17:18:09: Starting XSL Transform, this may take awhile.
09-10-19T17:18:09: XSL Transform Complete.
09-10-19T17:18:09: Finished Items
09-10-19T17:18:09: Total Items: 6
09-10-19T17:18:09: File created in final xml folder: Retail Item Fix Missing Attributes (Test) 09-10-2019.xml
09-10-19T17:18:09: ...
09-10-19T17:18:09: Found Input File: C:\Users\chuck\Documents\ROC\Speedway-Source\Data Extraction And Loading\Import Files\Retail Item\FinalCSV\Retail Item Fix Missing Attributes (Test2) 09-10-2019.csv
09-10-19T17:18:09: Starting XSL Transform, this may take awhile.
09-10-19T17:18:09: XSL Transform Complete.
09-10-19T17:18:09: Finished Items
09-10-19T17:18:09: Total Items: 6
09-10-19T17:18:09: File created in final xml folder: Retail Item Fix Missing Attributes (Test2) 09-10-2019.xml
09-10-19T17:18:09: ...
09-10-19T17:18:09: Found Input File: C:\Users\chuck\Documents\ROC\Speedway-Source\Data Extraction And Loading\Import Files\Retail Item\FinalCSV\Retail Item Fix Missing Attributes 09-10-2019.csv
09-10-19T17:18:09: Items Rows: 10
09-10-19T17:18:09: Items Rows: 20
09-10-19T17:18:09: Items Rows: 30
09-10-19T17:18:09: Items Rows: 40
09-10-19T17:18:09: Items Rows: 50
09-10-19T17:18:09: Items Rows: 60
09-10-19T17:18:09: Items Rows: 70
09-10-19T17:18:09: Items Rows: 80
09-10-19T17:18:09: Items Rows: 90
09-10-19T17:18:09: Items Rows: 100
09-10-19T17:18:09: Items Rows: 110
09-10-19T17:18:09: Items Rows: 120
09-10-19T17:18:09: Items Rows: 130
09-10-19T17:18:09: Items Rows: 140
09-10-19T17:18:09: Items Rows: 150
09-10-19T17:18:09: Items Rows: 160
09-10-19T17:18:09: Items Rows: 170
09-10-19T17:18:09: Items Rows: 180
09-10-19T17:18:09: Items Rows: 190
09-10-19T17:18:09: Items Rows: 200
09-10-19T17:18:09: Items Rows: 210
09-10-19T17:18:09: Items Rows: 220
09-10-19T17:18:09: Items Rows: 230
09-10-19T17:18:09: Items Rows: 240
09-10-19T17:18:09: Items Rows: 250
09-10-19T17:18:09: Items Rows: 260
09-10-19T17:18:09: Items Rows: 270
09-10-19T17:18:09: Items Rows: 280
09-10-19T17:18:09: Items Rows: 290
09-10-19T17:18:09: Items Rows: 300
09-10-19T17:18:09: Items Rows: 310
09-10-19T17:18:09: Items Rows: 320
09-10-19T17:18:09: Items Rows: 330
09-10-19T17:18:09: Items Rows: 340
09-10-19T17:18:09: Items Rows: 350
09-10-19T17:18:09: Items Rows: 360
09-10-19T17:18:09: Items Rows: 370
09-10-19T17:18:09: Items Rows: 380
09-10-19T17:18:09: Items Rows: 390
09-10-19T17:18:09: Items Rows: 400
09-10-19T17:18:09: Items Rows: 410
09-10-19T17:18:09: Items Rows: 420
09-10-19T17:18:09: Items Rows: 430
09-10-19T17:18:09: Items Rows: 440
09-10-19T17:18:09: Items Rows: 450
09-10-19T17:18:09: Items Rows: 460
09-10-19T17:18:09: Items Rows: 470
09-10-19T17:18:09: Items Rows: 480
09-10-19T17:18:09: Items Rows: 490
09-10-19T17:18:09: Items Rows: 500
09-10-19T17:18:09: Items Rows: 510
09-10-19T17:18:09: Items Rows: 520
09-10-19T17:18:09: Items Rows: 530
09-10-19T17:18:09: Items Rows: 540
09-10-19T17:18:09: Items Rows: 550
09-10-19T17:18:09: Items Rows: 560
09-10-19T17:18:09: Items Rows: 570
09-10-19T17:18:09: Items Rows: 580
09-10-19T17:18:09: Items Rows: 590
09-10-19T17:18:09: Items Rows: 600
09-10-19T17:18:09: Items Rows: 610
09-10-19T17:18:09: Items Rows: 620
09-10-19T17:18:09: Items Rows: 630
09-10-19T17:18:09: Items Rows: 640
09-10-19T17:18:09: Items Rows: 650
09-10-19T17:18:09: Items Rows: 660
09-10-19T17:18:09: Items Rows: 670
09-10-19T17:18:09: Items Rows: 680
09-10-19T17:18:09: Items Rows: 690
09-10-19T17:18:09: Items Rows: 700
09-10-19T17:18:09: Items Rows: 710
09-10-19T17:18:09: Items Rows: 720
09-10-19T17:18:09: Items Rows: 730
09-10-19T17:18:09: Items Rows: 740
09-10-19T17:18:09: Items Rows: 750
09-10-19T17:18:09: Items Rows: 760
09-10-19T17:18:09: Items Rows: 770
09-10-19T17:18:09: Items Rows: 780
09-10-19T17:18:09: Items Rows: 790
09-10-19T17:18:09: Items Rows: 800
09-10-19T17:18:09: Items Rows: 810
09-10-19T17:18:09: Items Rows: 820
09-10-19T17:18:09: Items Rows: 830
09-10-19T17:18:09: Items Rows: 840
09-10-19T17:18:09: Items Rows: 850
09-10-19T17:18:09: Items Rows: 860
09-10-19T17:18:09: Items Rows: 870
09-10-19T17:18:09: Items Rows: 880
09-10-19T17:18:09: Items Rows: 890
09-10-19T17:18:09: Items Rows: 900
09-10-19T17:18:09: Items Rows: 910
09-10-19T17:18:09: Items Rows: 920
09-10-19T17:18:09: Items Rows: 930
09-10-19T17:18:09: Items Rows: 940
09-10-19T17:18:09: Items Rows: 950
09-10-19T17:18:09: Items Rows: 960
09-10-19T17:18:09: Items Rows: 970
09-10-19T17:18:09: Items Rows: 980
09-10-19T17:18:09: Items Rows: 990
09-10-19T17:18:09: Items Rows: 1000
09-10-19T17:18:09: Items Rows: 1010
09-10-19T17:18:09: Items Rows: 1020
09-10-19T17:18:09: Items Rows: 1030
09-10-19T17:18:09: Items Rows: 1040
09-10-19T17:18:09: Items Rows: 1050
09-10-19T17:18:09: Items Rows: 1060
09-10-19T17:18:09: Items Rows: 1070
09-10-19T17:18:09: Items Rows: 1080
09-10-19T17:18:09: Items Rows: 1090
09-10-19T17:18:09: Items Rows: 1100
09-10-19T17:18:09: Items Rows: 1110
09-10-19T17:18:09: Items Rows: 1120
09-10-19T17:18:09: Items Rows: 1130
09-10-19T17:18:09: Items Rows: 1140
09-10-19T17:18:09: Items Rows: 1150
09-10-19T17:18:09: Items Rows: 1160
09-10-19T17:18:09: Items Rows: 1170
09-10-19T17:18:09: Items Rows: 1180
09-10-19T17:18:09: Items Rows: 1190
09-10-19T17:18:09: Items Rows: 1200
09-10-19T17:18:09: Items Rows: 1210
09-10-19T17:18:09: Items Rows: 1220
09-10-19T17:18:09: Items Rows: 1230
09-10-19T17:18:09: Items Rows: 1240
09-10-19T17:18:09: Items Rows: 1250
09-10-19T17:18:09: Items Rows: 1260
09-10-19T17:18:09: Items Rows: 1270
09-10-19T17:18:09: Items Rows: 1280
09-10-19T17:18:09: Items Rows: 1290
09-10-19T17:18:09: Items Rows: 1300
09-10-19T17:18:09: Items Rows: 1310
09-10-19T17:18:09: Items Rows: 1320
09-10-19T17:18:09: Items Rows: 1330
09-10-19T17:18:09: Items Rows: 1340
09-10-19T17:18:09: Items Rows: 1350
09-10-19T17:18:09: Items Rows: 1360
09-10-19T17:18:09: Items Rows: 1370
09-10-19T17:18:09: Items Rows: 1380
09-10-19T17:18:09: Items Rows: 1390
09-10-19T17:18:09: Items Rows: 1400
09-10-19T17:18:09: Items Rows: 1410
09-10-19T17:18:09: Items Rows: 1420
09-10-19T17:18:09: Items Rows: 1430
09-10-19T17:18:09: Items Rows: 1440
09-10-19T17:18:09: Items Rows: 1450
09-10-19T17:18:09: Items Rows: 1460
09-10-19T17:18:09: Items Rows: 1470
09-10-19T17:18:09: Items Rows: 1480
09-10-19T17:18:09: Items Rows: 1490
09-10-19T17:18:09: Items Rows: 1500
09-10-19T17:18:09: Items Rows: 1510
09-10-19T17:18:09: Items Rows: 1520
09-10-19T17:18:09: Items Rows: 1530
09-10-19T17:18:09: Items Rows: 1540
09-10-19T17:18:09: Items Rows: 1550
09-10-19T17:18:09: Items Rows: 1560
09-10-19T17:18:09: Items Rows: 1570
09-10-19T17:18:09: Items Rows: 1580
09-10-19T17:18:09: Items Rows: 1590
09-10-19T17:18:09: Items Rows: 1600
09-10-19T17:18:10: Items Rows: 1610
09-10-19T17:18:10: Items Rows: 1620
09-10-19T17:18:10: Items Rows: 1630
09-10-19T17:18:10: Items Rows: 1640
09-10-19T17:18:10: Items Rows: 1650
09-10-19T17:18:10: Items Rows: 1660
09-10-19T17:18:10: Items Rows: 1670
09-10-19T17:18:10: Items Rows: 1680
09-10-19T17:18:10: Items Rows: 1690
09-10-19T17:18:10: Items Rows: 1700
09-10-19T17:18:10: Items Rows: 1710
09-10-19T17:18:10: Items Rows: 1720
09-10-19T17:18:10: Items Rows: 1730
09-10-19T17:18:10: Items Rows: 1740
09-10-19T17:18:10: Items Rows: 1750
09-10-19T17:18:10: Items Rows: 1760
09-10-19T17:18:10: Items Rows: 1770
09-10-19T17:18:10: Items Rows: 1780
09-10-19T17:18:10: Items Rows: 1790
09-10-19T17:18:10: Items Rows: 1800
09-10-19T17:18:10: Items Rows: 1810
09-10-19T17:18:10: Items Rows: 1820
09-10-19T17:18:10: Items Rows: 1830
09-10-19T17:18:10: Items Rows: 1840
09-10-19T17:18:10: Items Rows: 1850
09-10-19T17:18:10: Items Rows: 1860
09-10-19T17:18:10: Items Rows: 1870
09-10-19T17:18:10: Items Rows: 1880
09-10-19T17:18:10: Items Rows: 1890
09-10-19T17:18:10: Items Rows: 1900
09-10-19T17:18:10: Items Rows: 1910
09-10-19T17:18:10: Items Rows: 1920
09-10-19T17:18:10: Items Rows: 1930
09-10-19T17:18:10: Items Rows: 1940
09-10-19T17:18:10: Items Rows: 1950
09-10-19T17:18:10: Items Rows: 1960
09-10-19T17:18:10: Items Rows: 1970
09-10-19T17:18:10: Items Rows: 1980
09-10-19T17:18:10: Items Rows: 1990
09-10-19T17:18:10: Items Rows: 2000
09-10-19T17:18:10: Items Rows: 2010
09-10-19T17:18:10: Items Rows: 2020
09-10-19T17:18:10: Items Rows: 2030
09-10-19T17:18:10: Items Rows: 2040
09-10-19T17:18:10: Items Rows: 2050
09-10-19T17:18:10: Items Rows: 2060
09-10-19T17:18:10: Items Rows: 2070
09-10-19T17:18:10: Items Rows: 2080
09-10-19T17:18:10: Items Rows: 2090
09-10-19T17:18:10: Items Rows: 2100
09-10-19T17:18:10: Items Rows: 2110
09-10-19T17:18:10: Items Rows: 2120
09-10-19T17:18:10: Items Rows: 2130
09-10-19T17:18:10: Items Rows: 2140
09-10-19T17:18:10: Items Rows: 2150
09-10-19T17:18:10: Items Rows: 2160
09-10-19T17:18:10: Items Rows: 2170
09-10-19T17:18:10: Items Rows: 2180
09-10-19T17:18:10: Starting XSL Transform, this may take awhile.
09-10-19T17:18:10: XSL Transform Complete.
09-10-19T17:18:10: Finished Items
09-10-19T17:18:10: Total Items: 2182
09-10-19T17:18:10: File created in final xml folder: Retail Item Fix Missing Attributes 09-10-2019.xml
09-10-19T17:18:10: ...
09-10-19T17:18:10: Found Input File: C:\Users\chuck\Documents\ROC\Speedway-Source\Data Extraction And Loading\Import Files\Retail Item\FinalCSV\Retail Item-06 Eby Tote_01.csv
09-10-19T17:18:10: Starting XSL Transform, this may take awhile.
09-10-19T17:18:10: XSL Transform Complete.
09-10-19T17:18:10: Finished Items
09-10-19T17:18:10: Total Items: 1
09-10-19T17:18:10: File created in final xml folder: Retail Item-06 Eby Tote_01.xml
09-10-19T17:18:10: ...
09-10-19T17:18:10: Found Input File: C:\Users\chuck\Documents\ROC\Speedway-Source\Data Extraction And Loading\Import Files\Retail Item\FinalCSV\Retail Item-201 Other Fast Food_01.csv
09-10-19T17:18:10: Starting XSL Transform, this may take awhile.
09-10-19T17:18:10: XSL Transform Complete.
09-10-19T17:18:10: Finished Items
09-10-19T17:18:10: Total Items: 1
09-10-19T17:18:10: File created in final xml folder: Retail Item-201 Other Fast Food_01.xml
09-10-19T17:18:10: ...
09-10-19T17:18:10: Found Input File: C:\Users\chuck\Documents\ROC\Speedway-Source\Data Extraction And Loading\Import Files\Retail Item\FinalCSV\Retail Item-206 Franchise Food_01.csv
09-10-19T17:18:10: Starting XSL Transform, this may take awhile.
09-10-19T17:18:10: XSL Transform Complete.
09-10-19T17:18:10: Finished Items
09-10-19T17:18:10: Total Items: 5
09-10-19T17:18:10: File created in final xml folder: Retail Item-206 Franchise Food_01.xml
09-10-19T17:18:10: ...
09-10-19T17:18:10: Found Input File: C:\Users\chuck\Documents\ROC\Speedway-Source\Data Extraction And Loading\Import Files\Retail Item\FinalCSV\Retail Item-212 Hot Beverage_01.csv
09-10-19T17:18:10: Starting XSL Transform, this may take awhile.
09-10-19T17:18:10: XSL Transform Complete.
09-10-19T17:18:10: Finished Items
09-10-19T17:18:10: Total Items: 3
09-10-19T17:18:10: File created in final xml folder: Retail Item-212 Hot Beverage_01.xml
09-10-19T17:18:10: ...
09-10-19T17:18:10: Found Input File: C:\Users\chuck\Documents\ROC\Speedway-Source\Data Extraction And Loading\Import Files\Retail Item\FinalCSV\Retail Item-215 Cold Beverage_01.csv
09-10-19T17:18:10: Items Rows: 10
09-10-19T17:18:10: Starting XSL Transform, this may take awhile.
09-10-19T17:18:10: XSL Transform Complete.
09-10-19T17:18:10: Finished Items
09-10-19T17:18:10: Total Items: 11
09-10-19T17:18:10: File created in final xml folder: Retail Item-215 Cold Beverage_01.xml
09-10-19T17:18:10: ...
09-10-19T17:18:10: Found Input File: C:\Users\chuck\Documents\ROC\Speedway-Source\Data Extraction And Loading\Import Files\Retail Item\FinalCSV\Retail Item-218 Hot Food_01.csv
09-10-19T17:18:10: Items Rows: 10
09-10-19T17:18:10: Items Rows: 20
09-10-19T17:18:10: Items Rows: 30
09-10-19T17:18:10: Starting XSL Transform, this may take awhile.
09-10-19T17:18:10: XSL Transform Complete.
09-10-19T17:18:10: Finished Items
09-10-19T17:18:10: Total Items: 36
09-10-19T17:18:10: File created in final xml folder: Retail Item-218 Hot Food_01.xml
09-10-19T17:18:10: ...
09-10-19T17:18:10: Found Input File: C:\Users\chuck\Documents\ROC\Speedway-Source\Data Extraction And Loading\Import Files\Retail Item\FinalCSV\Retail Item-221 Sandwich_01.csv
09-10-19T17:18:10: Items Rows: 10
09-10-19T17:18:10: Starting XSL Transform, this may take awhile.
09-10-19T17:18:10: XSL Transform Complete.
09-10-19T17:18:10: Finished Items
09-10-19T17:18:10: Total Items: 19
09-10-19T17:18:10: File created in final xml folder: Retail Item-221 Sandwich_01.xml
09-10-19T17:18:10: ...
09-10-19T17:18:10: Found Input File: C:\Users\chuck\Documents\ROC\Speedway-Source\Data Extraction And Loading\Import Files\Retail Item\FinalCSV\Retail Item-231 Fresh Bakery_01.csv
09-10-19T17:18:10: Items Rows: 10
09-10-19T17:18:10: Items Rows: 20
09-10-19T17:18:10: Items Rows: 30
09-10-19T17:18:10: Items Rows: 40
09-10-19T17:18:10: Items Rows: 50
09-10-19T17:18:10: Starting XSL Transform, this may take awhile.
09-10-19T17:18:10: XSL Transform Complete.
09-10-19T17:18:10: Finished Items
09-10-19T17:18:10: Total Items: 54
09-10-19T17:18:10: File created in final xml folder: Retail Item-231 Fresh Bakery_01.xml
09-10-19T17:18:10: ...
09-10-19T17:18:10: Found Input File: C:\Users\chuck\Documents\ROC\Speedway-Source\Data Extraction And Loading\Import Files\Retail Item\FinalCSV\Retail Item-401 Beer & Wine_01.csv
09-10-19T17:18:10: Items Rows: 10
09-10-19T17:18:10: Items Rows: 20
09-10-19T17:18:10: Items Rows: 30
09-10-19T17:18:10: Items Rows: 40
09-10-19T17:18:10: Items Rows: 50
09-10-19T17:18:10: Items Rows: 60
09-10-19T17:18:10: Items Rows: 70
09-10-19T17:18:10: Items Rows: 80
09-10-19T17:18:10: Items Rows: 90
09-10-19T17:18:10: Items Rows: 100
09-10-19T17:18:10: Items Rows: 110
09-10-19T17:18:10: Items Rows: 120
09-10-19T17:18:10: Items Rows: 130
09-10-19T17:18:10: Items Rows: 140
09-10-19T17:18:10: Items Rows: 150
09-10-19T17:18:10: Items Rows: 160
09-10-19T17:18:10: Items Rows: 170
09-10-19T17:18:10: Items Rows: 180
09-10-19T17:18:10: Items Rows: 190
09-10-19T17:18:10: Items Rows: 200
09-10-19T17:18:10: Items Rows: 210
09-10-19T17:18:10: Items Rows: 220
09-10-19T17:18:10: Items Rows: 230
09-10-19T17:18:10: Items Rows: 240
09-10-19T17:18:10: Items Rows: 250
09-10-19T17:18:10: Items Rows: 260
09-10-19T17:18:10: Items Rows: 270
09-10-19T17:18:10: Starting XSL Transform, this may take awhile.
09-10-19T17:18:10: XSL Transform Complete.
09-10-19T17:18:10: Finished Items
09-10-19T17:18:10: Total Items: 275
09-10-19T17:18:10: File created in final xml folder: Retail Item-401 Beer & Wine_01.xml
09-10-19T17:18:10: ...
09-10-19T17:18:10: Found Input File: C:\Users\chuck\Documents\ROC\Speedway-Source\Data Extraction And Loading\Import Files\Retail Item\FinalCSV\Retail Item-501 Cigarettes_01.csv
09-10-19T17:18:10: Items Rows: 10
09-10-19T17:18:10: Starting XSL Transform, this may take awhile.
09-10-19T17:18:10: XSL Transform Complete.
09-10-19T17:18:10: Finished Items
09-10-19T17:18:10: Total Items: 11
09-10-19T17:18:10: File created in final xml folder: Retail Item-501 Cigarettes_01.xml
09-10-19T17:18:10: ...
09-10-19T17:18:10: Found Input File: C:\Users\chuck\Documents\ROC\Speedway-Source\Data Extraction And Loading\Import Files\Retail Item\FinalCSV\Retail Item-601 General Merchan_01.csv
09-10-19T17:18:10: Items Rows: 10
09-10-19T17:18:10: Items Rows: 20
09-10-19T17:18:10: Items Rows: 30
09-10-19T17:18:10: Items Rows: 40
09-10-19T17:18:10: Items Rows: 50
09-10-19T17:18:10: Items Rows: 60
09-10-19T17:18:10: Items Rows: 70
09-10-19T17:18:10: Items Rows: 80
09-10-19T17:18:10: Items Rows: 90
09-10-19T17:18:11: Items Rows: 100
09-10-19T17:18:11: Items Rows: 110
09-10-19T17:18:11: Items Rows: 120
09-10-19T17:18:11: Items Rows: 130
09-10-19T17:18:11: Items Rows: 140
09-10-19T17:18:11: Items Rows: 150
09-10-19T17:18:11: Items Rows: 160
09-10-19T17:18:11: Items Rows: 170
09-10-19T17:18:11: Items Rows: 180
09-10-19T17:18:11: Items Rows: 190
09-10-19T17:18:11: Items Rows: 200
09-10-19T17:18:11: Items Rows: 210
09-10-19T17:18:11: Items Rows: 220
09-10-19T17:18:11: Items Rows: 230
09-10-19T17:18:11: Items Rows: 240
09-10-19T17:18:11: Items Rows: 250
09-10-19T17:18:11: Items Rows: 260
09-10-19T17:18:11: Items Rows: 270
09-10-19T17:18:11: Items Rows: 280
09-10-19T17:18:11: Items Rows: 290
09-10-19T17:18:11: Items Rows: 300
09-10-19T17:18:11: Items Rows: 310
09-10-19T17:18:11: Items Rows: 320
09-10-19T17:18:11: Items Rows: 330
09-10-19T17:18:11: Items Rows: 340
09-10-19T17:18:11: Items Rows: 350
09-10-19T17:18:11: Items Rows: 360
09-10-19T17:18:11: Items Rows: 370
09-10-19T17:18:11: Items Rows: 380
09-10-19T17:18:11: Items Rows: 390
09-10-19T17:18:11: Items Rows: 400
09-10-19T17:18:11: Items Rows: 410
09-10-19T17:18:11: Items Rows: 420
09-10-19T17:18:11: Items Rows: 430
09-10-19T17:18:11: Starting XSL Transform, this may take awhile.
09-10-19T17:18:11: XSL Transform Complete.
09-10-19T17:18:11: Finished Items
09-10-19T17:18:11: Total Items: 435
09-10-19T17:18:11: File created in final xml folder: Retail Item-601 General Merchan_01.xml
09-10-19T17:18:11: ...
09-10-19T17:18:11: Found Input File: C:\Users\chuck\Documents\ROC\Speedway-Source\Data Extraction And Loading\Import Files\Retail Item\FinalCSV\Retail Item-706 Consignment - Gen Mdse_01.csv
09-10-19T17:18:11: Items Rows: 10
09-10-19T17:18:11: Items Rows: 20
09-10-19T17:18:11: Items Rows: 30
09-10-19T17:18:11: Items Rows: 40
09-10-19T17:18:11: Items Rows: 50
09-10-19T17:18:11: Items Rows: 60
09-10-19T17:18:11: Items Rows: 70
09-10-19T17:18:11: Items Rows: 80
09-10-19T17:18:11: Items Rows: 90
09-10-19T17:18:11: Starting XSL Transform, this may take awhile.
09-10-19T17:18:11: XSL Transform Complete.
09-10-19T17:18:11: Finished Items
09-10-19T17:18:11: Total Items: 97
09-10-19T17:18:11: File created in final xml folder: Retail Item-706 Consignment - Gen Mdse_01.xml
09-10-19T17:18:11: ...
09-10-19T17:18:11: Found Input File: C:\Users\chuck\Documents\ROC\Speedway-Source\Data Extraction And Loading\Import Files\Retail Item\FinalCSV\Retail Item-77 Store Supplies_01.csv
09-10-19T17:18:11: Starting XSL Transform, this may take awhile.
09-10-19T17:18:11: XSL Transform Complete.
09-10-19T17:18:11: Finished Items
09-10-19T17:18:11: Total Items: 5
09-10-19T17:18:11: File created in final xml folder: Retail Item-77 Store Supplies_01.xml
09-10-19T17:18:11: ...
09-10-19T17:18:11: Found Input File: C:\Users\chuck\Documents\ROC\Speedway-Source\Data Extraction And Loading\Import Files\Retail Item\FinalCSV\Retail Item-901 Soft Drinks_01.csv
09-10-19T17:18:11: Starting XSL Transform, this may take awhile.
09-10-19T17:18:11: XSL Transform Complete.
09-10-19T17:18:11: Finished Items
09-10-19T17:18:11: Total Items: 7
09-10-19T17:18:11: File created in final xml folder: Retail Item-901 Soft Drinks_01.xml
09-10-19T17:18:11: ...
09-10-19T17:18:11: End Log
