07-22-19T10:26:36: Start Log
07-22-19T10:26:36: Processing File: Retail Item-206 Franchise Food_01.xlsx
07-22-19T10:26:40: Finished File: Retail Item-206 Franchise Food_01.xlsx
07-22-19T10:26:40: File created in final csv folder: Retail Item-206 Franchise Food_01.csv
07-22-19T10:26:40: ...
07-22-19T10:26:40: Processing File: Retail Item-212 Hot Beverage_01.xlsx
07-22-19T10:26:47: Finished File: Retail Item-212 Hot Beverage_01.xlsx
07-22-19T10:26:48: File created in final csv folder: Retail Item-212 Hot Beverage_01.csv
07-22-19T10:26:48: ...
07-22-19T10:26:48: Processing File: Retail Item-215 Cold Beverage_01.xlsx
07-22-19T10:26:55: Finished File: Retail Item-215 Cold Beverage_01.xlsx
07-22-19T10:26:55: File created in final csv folder: Retail Item-215 Cold Beverage_01.csv
07-22-19T10:26:55: ...
07-22-19T10:26:55: Processing File: Retail Item-218 Hot Food_01.xlsx
07-22-19T10:27:04: Finished File: Retail Item-218 Hot Food_01.xlsx
07-22-19T10:27:04: File created in final csv folder: Retail Item-218 Hot Food_01.csv
07-22-19T10:27:04: ...
07-22-19T10:27:04: Processing File: Retail Item-221 Sandwich_01.xlsx
07-22-19T10:27:12: Finished File: Retail Item-221 Sandwich_01.xlsx
07-22-19T10:27:12: File created in final csv folder: Retail Item-221 Sandwich_01.csv
07-22-19T10:27:12: ...
07-22-19T10:27:12: Processing File: Retail Item-231 Fresh Bakery_01.xlsx
07-22-19T10:27:17: Finished File: Retail Item-231 Fresh Bakery_01.xlsx
07-22-19T10:27:17: File created in final csv folder: Retail Item-231 Fresh Bakery_01.csv
07-22-19T10:27:17: ...
07-22-19T10:27:17: Processing File: Retail Item-401 Beer & Wine_01.xlsx
07-22-19T10:27:23: Finished File: Retail Item-401 Beer & Wine_01.xlsx
07-22-19T10:27:23: File created in final csv folder: Retail Item-401 Beer & Wine_01.csv
07-22-19T10:27:23: ...
07-22-19T10:27:23: Processing File: Retail Item-601 General Merchan_01.xlsx
07-22-19T10:27:28: Finished File: Retail Item-601 General Merchan_01.xlsx
07-22-19T10:27:28: File created in final csv folder: Retail Item-601 General Merchan_01.csv
07-22-19T10:27:28: ...
07-22-19T10:27:28: Processing File: Retail Item-706 Consignment - Gen Mdse_01.xlsx
07-22-19T10:27:33: Finished File: Retail Item-706 Consignment - Gen Mdse_01.xlsx
07-22-19T10:27:33: File created in final csv folder: Retail Item-706 Consignment - Gen Mdse_01.csv
07-22-19T10:27:33: ...
07-22-19T10:27:33: Processing File: Retail Item-77 Store Supplies_01.xlsx
07-22-19T10:27:37: Finished File: Retail Item-77 Store Supplies_01.xlsx
07-22-19T10:27:37: File created in final csv folder: Retail Item-77 Store Supplies_01.csv
07-22-19T10:27:37: ...
07-22-19T10:27:37: Processing File: Retail Item-800 Miscellanous Sales_01.xlsx
07-22-19T10:27:42: Finished File: Retail Item-800 Miscellanous Sales_01.xlsx
07-22-19T10:27:42: File created in final csv folder: Retail Item-800 Miscellanous Sales_01.csv
07-22-19T10:27:42: ...
07-22-19T10:27:42: Processing File: Retail Item-810 Carwash_01.xlsx
07-22-19T10:27:46: Finished File: Retail Item-810 Carwash_01.xlsx
07-22-19T10:27:46: File created in final csv folder: Retail Item-810 Carwash_01.csv
07-22-19T10:27:46: ...
07-22-19T10:27:46: Processing File: Retail Item-901 Soft Drinks_01.xlsx
07-22-19T10:27:51: Finished File: Retail Item-901 Soft Drinks_01.xlsx
07-22-19T10:27:51: File created in final csv folder: Retail Item-901 Soft Drinks_01.csv
07-22-19T10:27:51: ...
07-22-19T10:27:51: End Log
