07-22-19T11:37:05: Start Log
07-22-19T11:37:05: Processing File: Retail Item-206 Franchise Food_01.xlsx
07-22-19T11:37:11: Item Rows: 10, External Id: 1124386
07-22-19T11:37:13: Finished File: Retail Item-206 Franchise Food_01.xlsx
07-22-19T11:37:13: File created in final csv folder: Retail Item-206 Franchise Food_01.csv
07-22-19T11:37:13: ...
07-22-19T11:37:13: Processing File: Retail Item-212 Hot Beverage_01.xlsx
07-22-19T11:37:17: Finished File: Retail Item-212 Hot Beverage_01.xlsx
07-22-19T11:37:17: File created in final csv folder: Retail Item-212 Hot Beverage_01.csv
07-22-19T11:37:17: ...
07-22-19T11:37:17: Processing File: Retail Item-215 Cold Beverage_01.xlsx
07-22-19T11:37:22: Item Rows: 10, External Id: 1124916
07-22-19T11:37:22: Finished File: Retail Item-215 Cold Beverage_01.xlsx
07-22-19T11:37:22: File created in final csv folder: Retail Item-215 Cold Beverage_01.csv
07-22-19T11:37:22: ...
07-22-19T11:37:22: Processing File: Retail Item-218 Hot Food_01.xlsx
07-22-19T11:37:25: Finished File: Retail Item-218 Hot Food_01.xlsx
07-22-19T11:37:25: File created in final csv folder: Retail Item-218 Hot Food_01.csv
07-22-19T11:37:25: ...
07-22-19T11:37:26: Processing File: Retail Item-221 Sandwich_01.xlsx
07-22-19T11:37:32: Item Rows: 10, External Id: 37003097
07-22-19T11:37:33: Item Rows: 20, External Id: 37003229
07-22-19T11:37:34: Item Rows: 30, External Id: 37003262
07-22-19T11:37:34: Item Rows: 40, External Id: 37003276
07-22-19T11:37:35: Finished File: Retail Item-221 Sandwich_01.xlsx
07-22-19T11:37:35: File created in final csv folder: Retail Item-221 Sandwich_01.csv
07-22-19T11:37:35: ...
07-22-19T11:37:35: Processing File: Retail Item-231 Fresh Bakery_01.xlsx
07-22-19T11:37:40: Item Rows: 10, External Id: 37003246
07-22-19T11:37:41: Item Rows: 20, External Id: 37003259
07-22-19T11:37:41: Finished File: Retail Item-231 Fresh Bakery_01.xlsx
07-22-19T11:37:41: File created in final csv folder: Retail Item-231 Fresh Bakery_01.csv
07-22-19T11:37:41: ...
07-22-19T11:37:41: Processing File: Retail Item-401 Beer & Wine_01.xlsx
07-22-19T11:37:46: Item Rows: 10, External Id: 37003182
07-22-19T11:37:46: Item Rows: 20, External Id: 37003203
07-22-19T11:37:47: Item Rows: 30, External Id: 37003230
07-22-19T11:37:48: Item Rows: 40, External Id: 37003289
07-22-19T11:37:48: Item Rows: 50, External Id: 1124664
07-22-19T11:37:50: Item Rows: 60, External Id: 37003281
07-22-19T11:37:51: Item Rows: 70, External Id: 37003303
07-22-19T11:37:51: Item Rows: 80, External Id: 37003336
07-22-19T11:37:53: Item Rows: 90, External Id: 37003346
07-22-19T11:37:54: Item Rows: 100, External Id: 37003358
07-22-19T11:37:55: Item Rows: 110, External Id: 37003365
07-22-19T11:37:55: Item Rows: 120, External Id: 1124864
07-22-19T11:37:56: Finished File: Retail Item-401 Beer & Wine_01.xlsx
07-22-19T11:37:56: File created in final csv folder: Retail Item-401 Beer & Wine_01.csv
07-22-19T11:37:56: ...
07-22-19T11:37:56: Processing File: Retail Item-601 General Merchan_01.xlsx
07-22-19T11:37:59: Item Rows: 10, External Id: 37003161
07-22-19T11:37:59: Item Rows: 20, External Id: 1124448
07-22-19T11:38:00: Item Rows: 30, External Id: 1124458
07-22-19T11:38:01: Item Rows: 40, External Id: 1124468
07-22-19T11:38:02: Item Rows: 50, External Id: 37003165
07-22-19T11:38:04: Item Rows: 60, External Id: 1124521
07-22-19T11:38:04: Item Rows: 70, External Id: 37003190
07-22-19T11:38:05: Item Rows: 80, External Id: 37003206
07-22-19T11:38:06: Item Rows: 90, External Id: 1124638
07-22-19T11:38:07: Item Rows: 100, External Id: 1124714
07-22-19T11:38:08: Item Rows: 110, External Id: 1124747
07-22-19T11:38:08: Item Rows: 120, External Id: 37003318
07-22-19T11:38:09: Item Rows: 130, External Id: 1124829
07-22-19T11:38:10: Item Rows: 140, External Id: 1124870
07-22-19T11:38:11: Item Rows: 150, External Id: 1124881
07-22-19T11:38:12: Item Rows: 160, External Id: 1124902
07-22-19T11:38:13: Item Rows: 170, External Id: 1124912
07-22-19T11:38:14: Item Rows: 180, External Id: 1124969
07-22-19T11:38:14: Finished File: Retail Item-601 General Merchan_01.xlsx
07-22-19T11:38:14: File created in final csv folder: Retail Item-601 General Merchan_01.csv
07-22-19T11:38:14: ...
07-22-19T11:38:14: Processing File: Retail Item-706 Consignment - Gen Mdse_01.xlsx
07-22-19T11:38:17: Item Rows: 10, External Id: 1124409
07-22-19T11:38:18: Item Rows: 20, External Id: 1124473
07-22-19T11:38:19: Item Rows: 30, External Id: 1124867
07-22-19T11:38:19: Finished File: Retail Item-706 Consignment - Gen Mdse_01.xlsx
07-22-19T11:38:19: File created in final csv folder: Retail Item-706 Consignment - Gen Mdse_01.csv
07-22-19T11:38:19: ...
07-22-19T11:38:19: Processing File: Retail Item-77 Store Supplies_01.xlsx
07-22-19T11:38:21: Finished File: Retail Item-77 Store Supplies_01.xlsx
07-22-19T11:38:21: File created in final csv folder: Retail Item-77 Store Supplies_01.csv
07-22-19T11:38:21: ...
07-22-19T11:38:21: Processing File: Retail Item-800 Miscellanous Sales_01.xlsx
07-22-19T11:38:24: Item Rows: 10, External Id: 28200002
07-22-19T11:38:25: Item Rows: 20, External Id: 28200014
07-22-19T11:38:25: Item Rows: 30, External Id: 28200038
07-22-19T11:38:25: Item Rows: 40, External Id: 28200001
07-22-19T11:38:26: Item Rows: 50, External Id: 28200046
07-22-19T11:38:27: Item Rows: 60, External Id: 28200074
07-22-19T11:38:27: Item Rows: 70, External Id: 28200075
07-22-19T11:38:28: Item Rows: 80, External Id: 28200112
07-22-19T11:38:29: Item Rows: 90, External Id: 28200130
07-22-19T11:38:30: Item Rows: 100, External Id: 28200125
07-22-19T11:38:31: Item Rows: 110, External Id: 28200036
07-22-19T11:38:32: Item Rows: 120, External Id: 28200047
07-22-19T11:38:33: Item Rows: 130, External Id: 28200105
07-22-19T11:38:33: Item Rows: 140, External Id: 28200085
07-22-19T11:38:34: Finished File: Retail Item-800 Miscellanous Sales_01.xlsx
07-22-19T11:38:34: File created in final csv folder: Retail Item-800 Miscellanous Sales_01.csv
07-22-19T11:38:34: ...
07-22-19T11:38:34: Processing File: Retail Item-810 Carwash_01.xlsx
07-22-19T11:38:37: Item Rows: 10, External Id: 1124763
07-22-19T11:38:37: Finished File: Retail Item-810 Carwash_01.xlsx
07-22-19T11:38:37: File created in final csv folder: Retail Item-810 Carwash_01.csv
07-22-19T11:38:37: ...
07-22-19T11:38:37: Processing File: Retail Item-901 Soft Drinks_01.xlsx
07-22-19T11:38:40: Finished File: Retail Item-901 Soft Drinks_01.xlsx
07-22-19T11:38:40: File created in final csv folder: Retail Item-901 Soft Drinks_01.csv
07-22-19T11:38:40: ...
07-22-19T11:38:40: End Log
