07-22-19T12:03:43: Start Log
07-22-19T12:03:43: Processing File: Retail Item-206 Franchise Food_01.xlsx
07-22-19T12:03:45: Finished File: Retail Item-206 Franchise Food_01.xlsx
07-22-19T12:03:45: File created in final csv folder: Retail Item-206 Franchise Food_01.csv
07-22-19T12:03:45: ...
07-22-19T12:03:45: Processing File: Retail Item-212 Hot Beverage_01.xlsx
07-22-19T12:03:48: Finished File: Retail Item-212 Hot Beverage_01.xlsx
07-22-19T12:03:48: File created in final csv folder: Retail Item-212 Hot Beverage_01.csv
07-22-19T12:03:48: ...
07-22-19T12:03:48: Processing File: Retail Item-215 Cold Beverage_01.xlsx
07-22-19T12:03:51: Finished File: Retail Item-215 Cold Beverage_01.xlsx
07-22-19T12:03:51: File created in final csv folder: Retail Item-215 Cold Beverage_01.csv
07-22-19T12:03:51: ...
07-22-19T12:03:51: Processing File: Retail Item-218 Hot Food_01.xlsx
07-22-19T12:03:53: Finished File: Retail Item-218 Hot Food_01.xlsx
07-22-19T12:03:53: File created in final csv folder: Retail Item-218 Hot Food_01.csv
07-22-19T12:03:53: ...
07-22-19T12:03:54: Processing File: Retail Item-221 Sandwich_01.xlsx
07-22-19T12:03:57: Finished File: Retail Item-221 Sandwich_01.xlsx
07-22-19T12:03:57: File created in final csv folder: Retail Item-221 Sandwich_01.csv
07-22-19T12:03:57: ...
07-22-19T12:03:57: Processing File: Retail Item-231 Fresh Bakery_01.xlsx
07-22-19T12:03:59: Finished File: Retail Item-231 Fresh Bakery_01.xlsx
07-22-19T12:03:59: File created in final csv folder: Retail Item-231 Fresh Bakery_01.csv
07-22-19T12:03:59: ...
07-22-19T12:03:59: Processing File: Retail Item-401 Beer & Wine_01.xlsx
07-22-19T12:04:03: Finished File: Retail Item-401 Beer & Wine_01.xlsx
07-22-19T12:04:03: File created in final csv folder: Retail Item-401 Beer & Wine_01.csv
07-22-19T12:04:03: ...
07-22-19T12:04:03: Processing File: Retail Item-601 General Merchan_01.xlsx
07-22-19T12:04:05: Finished File: Retail Item-601 General Merchan_01.xlsx
07-22-19T12:04:05: File created in final csv folder: Retail Item-601 General Merchan_01.csv
07-22-19T12:04:05: ...
07-22-19T12:04:06: Processing File: Retail Item-706 Consignment - Gen Mdse_01.xlsx
07-22-19T12:04:08: Finished File: Retail Item-706 Consignment - Gen Mdse_01.xlsx
07-22-19T12:04:08: File created in final csv folder: Retail Item-706 Consignment - Gen Mdse_01.csv
07-22-19T12:04:09: ...
07-22-19T12:04:09: Processing File: Retail Item-77 Store Supplies_01.xlsx
07-22-19T12:04:12: Finished File: Retail Item-77 Store Supplies_01.xlsx
07-22-19T12:04:12: File created in final csv folder: Retail Item-77 Store Supplies_01.csv
07-22-19T12:04:12: ...
07-22-19T12:04:12: Processing File: Retail Item-800 Miscellanous Sales_01.xlsx
07-22-19T12:04:15: Finished File: Retail Item-800 Miscellanous Sales_01.xlsx
07-22-19T12:04:15: File created in final csv folder: Retail Item-800 Miscellanous Sales_01.csv
07-22-19T12:04:15: ...
07-22-19T12:04:15: Processing File: Retail Item-810 Carwash_01.xlsx
07-22-19T12:04:18: Finished File: Retail Item-810 Carwash_01.xlsx
07-22-19T12:04:18: File created in final csv folder: Retail Item-810 Carwash_01.csv
07-22-19T12:04:18: ...
07-22-19T12:04:18: Processing File: Retail Item-901 Soft Drinks_01.xlsx
07-22-19T12:04:21: Finished File: Retail Item-901 Soft Drinks_01.xlsx
07-22-19T12:04:21: File created in final csv folder: Retail Item-901 Soft Drinks_01.csv
07-22-19T12:04:21: ...
07-22-19T12:04:21: End Log
