06-27-19T11:15:16: Start Log
06-27-19T11:15:16: Processing File: Retail Item-401 Beer & Wine_01.xlsx
06-27-19T11:15:19: Finished File: Retail Item-401 Beer & Wine_01.xlsx
06-27-19T11:15:19: File created in final csv folder: Retail Item-401 Beer & Wine_01.csv
06-27-19T11:15:19: ...
06-27-19T11:15:19: Processing File: Retail Item-601 General Merchan_01.xlsx
06-27-19T11:15:22: Finished File: Retail Item-601 General Merchan_01.xlsx
06-27-19T11:15:22: File created in final csv folder: Retail Item-601 General Merchan_01.csv
06-27-19T11:15:22: ...
06-27-19T11:15:22: Processing File: Retail Item-601 General Merchan_02.xlsx
06-27-19T11:15:25: Finished File: Retail Item-601 General Merchan_02.xlsx
06-27-19T11:15:25: File created in final csv folder: Retail Item-601 General Merchan_02.csv
06-27-19T11:15:25: ...
06-27-19T11:15:25: Processing File: Retail Item-64 M&S Gift Card & Resale_01.xlsx
06-27-19T11:15:29: Finished File: Retail Item-64 M&S Gift Card & Resale_01.xlsx
06-27-19T11:15:29: File created in final csv folder: Retail Item-64 M&S Gift Card & Resale_01.csv
06-27-19T11:15:29: ...
06-27-19T11:15:29: Processing File: Retail Item-800 Miscellanous Sales_01.xlsx
06-27-19T11:15:32: Finished File: Retail Item-800 Miscellanous Sales_01.xlsx
06-27-19T11:15:32: File created in final csv folder: Retail Item-800 Miscellanous Sales_01.csv
06-27-19T11:15:32: ...
06-27-19T11:15:32: Processing File: Retail Item-901 Soft Drinks_01.xlsx
06-27-19T11:15:35: Finished File: Retail Item-901 Soft Drinks_01.xlsx
06-27-19T11:15:35: File created in final csv folder: Retail Item-901 Soft Drinks_01.csv
06-27-19T11:15:35: ...
06-27-19T11:15:35: Processing File: Retail Item-VC Vendor Credit_01.xlsx
06-27-19T11:15:38: Finished File: Retail Item-VC Vendor Credit_01.xlsx
06-27-19T11:15:38: File created in final csv folder: Retail Item-VC Vendor Credit_01.csv
06-27-19T11:15:39: ...
06-27-19T11:15:39: End Log
