09-11-19T11:31:43: Start Log
09-11-19T11:31:43: Processing File: Retail Item Fix Missing Attributes 09-10-2019.xlsx
09-11-19T11:31:44: Finished File: Retail Item Fix Missing Attributes 09-10-2019.xlsx
09-11-19T11:31:44: File created in final csv folder: Retail Item Fix Missing Attributes 09-10-2019.csv
09-11-19T11:31:44: ...
09-11-19T11:31:44: Processing File: Retail Item-06 Eby Tote_01.xlsx
09-11-19T11:31:46: Finished File: Retail Item-06 Eby Tote_01.xlsx
09-11-19T11:31:46: File created in final csv folder: Retail Item-06 Eby Tote_01.csv
09-11-19T11:31:46: ...
09-11-19T11:31:46: Processing File: Retail Item-201 Other Fast Food_01.xlsx
09-11-19T11:31:48: Finished File: Retail Item-201 Other Fast Food_01.xlsx
09-11-19T11:31:48: File created in final csv folder: Retail Item-201 Other Fast Food_01.csv
09-11-19T11:31:48: ...
09-11-19T11:31:48: Processing File: Retail Item-206 Franchise Food_01.xlsx
09-11-19T11:31:50: Finished File: Retail Item-206 Franchise Food_01.xlsx
09-11-19T11:31:50: File created in final csv folder: Retail Item-206 Franchise Food_01.csv
09-11-19T11:31:50: ...
09-11-19T11:31:50: Processing File: Retail Item-212 Hot Beverage_01.xlsx
09-11-19T11:31:52: Finished File: Retail Item-212 Hot Beverage_01.xlsx
09-11-19T11:31:52: File created in final csv folder: Retail Item-212 Hot Beverage_01.csv
09-11-19T11:31:52: ...
09-11-19T11:31:52: Processing File: Retail Item-215 Cold Beverage_01.xlsx
09-11-19T11:31:53: Finished File: Retail Item-215 Cold Beverage_01.xlsx
09-11-19T11:31:53: File created in final csv folder: Retail Item-215 Cold Beverage_01.csv
09-11-19T11:31:53: ...
09-11-19T11:31:53: Processing File: Retail Item-218 Hot Food_01.xlsx
09-11-19T11:31:55: Finished File: Retail Item-218 Hot Food_01.xlsx
09-11-19T11:31:55: File created in final csv folder: Retail Item-218 Hot Food_01.csv
09-11-19T11:31:55: ...
09-11-19T11:31:55: Processing File: Retail Item-221 Sandwich_01.xlsx
09-11-19T11:31:57: Finished File: Retail Item-221 Sandwich_01.xlsx
09-11-19T11:31:57: File created in final csv folder: Retail Item-221 Sandwich_01.csv
09-11-19T11:31:57: ...
09-11-19T11:31:57: Processing File: Retail Item-231 Fresh Bakery_01.xlsx
09-11-19T11:31:59: Finished File: Retail Item-231 Fresh Bakery_01.xlsx
09-11-19T11:31:59: File created in final csv folder: Retail Item-231 Fresh Bakery_01.csv
09-11-19T11:31:59: ...
09-11-19T11:31:59: Processing File: Retail Item-401 Beer & Wine_01.xlsx
09-11-19T11:32:01: Finished File: Retail Item-401 Beer & Wine_01.xlsx
09-11-19T11:32:01: File created in final csv folder: Retail Item-401 Beer & Wine_01.csv
09-11-19T11:32:01: ...
09-11-19T11:32:01: Processing File: Retail Item-501 Cigarettes_01.xlsx
09-11-19T11:32:02: Finished File: Retail Item-501 Cigarettes_01.xlsx
09-11-19T11:32:02: File created in final csv folder: Retail Item-501 Cigarettes_01.csv
09-11-19T11:32:02: ...
09-11-19T11:32:02: Processing File: Retail Item-601 General Merchan_01.xlsx
09-11-19T11:32:05: Finished File: Retail Item-601 General Merchan_01.xlsx
09-11-19T11:32:05: File created in final csv folder: Retail Item-601 General Merchan_01.csv
09-11-19T11:32:05: ...
09-11-19T11:32:05: Processing File: Retail Item-706 Consignment - Gen Mdse_01.xlsx
09-11-19T11:32:07: Finished File: Retail Item-706 Consignment - Gen Mdse_01.xlsx
09-11-19T11:32:07: File created in final csv folder: Retail Item-706 Consignment - Gen Mdse_01.csv
09-11-19T11:32:07: ...
09-11-19T11:32:07: Processing File: Retail Item-77 Store Supplies_01.xlsx
09-11-19T11:32:09: Finished File: Retail Item-77 Store Supplies_01.xlsx
09-11-19T11:32:09: File created in final csv folder: Retail Item-77 Store Supplies_01.csv
09-11-19T11:32:09: ...
09-11-19T11:32:09: Processing File: Retail Item-901 Soft Drinks_01.xlsx
09-11-19T11:32:11: Finished File: Retail Item-901 Soft Drinks_01.xlsx
09-11-19T11:32:11: File created in final csv folder: Retail Item-901 Soft Drinks_01.csv
09-11-19T11:32:11: ...
09-11-19T11:32:11: Processing File: Retail Item-Missing Items Based on Spreadsheet.xlsx
09-11-19T11:32:13: Finished File: Retail Item-Missing Items Based on Spreadsheet.xlsx
09-11-19T11:32:13: File created in final csv folder: Retail Item-Missing Items Based on Spreadsheet.csv
09-11-19T11:32:13: ...
09-11-19T11:32:13: End Log
