04-18-19T20:44:21: Start Log
04-18-19T20:44:21: Processing File: Retail Item- Invalid Catgory items.xlsx
04-18-19T20:44:23: Finished File: Retail Item- Invalid Catgory items.xlsx
04-18-19T20:44:23: File created in final csv folder: Retail Item- Invalid Catgory items.csv
04-18-19T20:44:23: ...
04-18-19T20:44:23: Processing File: Retail Item-221 Sandwich_01.xlsx
04-18-19T20:44:25: Finished File: Retail Item-221 Sandwich_01.xlsx
04-18-19T20:44:25: File created in final csv folder: Retail Item-221 Sandwich_01.csv
04-18-19T20:44:25: ...
04-18-19T20:44:25: Processing File: Retail Item-401 Beer & Wine_01.xlsx
04-18-19T20:44:27: Finished File: Retail Item-401 Beer & Wine_01.xlsx
04-18-19T20:44:27: File created in final csv folder: Retail Item-401 Beer & Wine_01.csv
04-18-19T20:44:27: ...
04-18-19T20:44:27: Processing File: Retail Item-601 General Merchan_01.xlsx
04-18-19T20:44:29: Finished File: Retail Item-601 General Merchan_01.xlsx
04-18-19T20:44:29: File created in final csv folder: Retail Item-601 General Merchan_01.csv
04-18-19T20:44:29: ...
04-18-19T20:44:29: Processing File: Retail Item-601 General Merchan_07.xlsx
04-18-19T20:44:31: Finished File: Retail Item-601 General Merchan_07.xlsx
04-18-19T20:44:31: File created in final csv folder: Retail Item-601 General Merchan_07.csv
04-18-19T20:44:31: ...
04-18-19T20:44:31: Processing File: Retail Item-707 Consignment - Foodservice_01.xlsx
04-18-19T20:44:33: Finished File: Retail Item-707 Consignment - Foodservice_01.xlsx
04-18-19T20:44:33: File created in final csv folder: Retail Item-707 Consignment - Foodservice_01.csv
04-18-19T20:44:33: ...
04-18-19T20:44:33: Processing File: Retail Item-77 Store Supplies_01.xlsx
04-18-19T20:44:36: Finished File: Retail Item-77 Store Supplies_01.xlsx
04-18-19T20:44:36: File created in final csv folder: Retail Item-77 Store Supplies_01.csv
04-18-19T20:44:36: ...
04-18-19T20:44:36: End Log
