05-20-19T17:25:33: Start Log
05-20-19T17:25:33: Processing File: Retail Item-201 Other Fast Food_01.xlsx
05-20-19T17:25:36: Finished File: Retail Item-201 Other Fast Food_01.xlsx
05-20-19T17:25:36: File created in final csv folder: Retail Item-201 Other Fast Food_01.csv
05-20-19T17:25:36: ...
05-20-19T17:25:36: Processing File: Retail Item-206 Franchise Food_01.xlsx
05-20-19T17:25:38: Finished File: Retail Item-206 Franchise Food_01.xlsx
05-20-19T17:25:38: File created in final csv folder: Retail Item-206 Franchise Food_01.csv
05-20-19T17:25:38: ...
05-20-19T17:25:38: Processing File: Retail Item-212 Hot Beverage_01.xlsx
05-20-19T17:25:41: Finished File: Retail Item-212 Hot Beverage_01.xlsx
05-20-19T17:25:41: File created in final csv folder: Retail Item-212 Hot Beverage_01.csv
05-20-19T17:25:41: ...
05-20-19T17:25:41: Processing File: Retail Item-215 Cold Beverage_01.xlsx
05-20-19T17:25:43: Finished File: Retail Item-215 Cold Beverage_01.xlsx
05-20-19T17:25:43: File created in final csv folder: Retail Item-215 Cold Beverage_01.csv
05-20-19T17:25:43: ...
05-20-19T17:25:43: Processing File: Retail Item-218 Hot Food_01.xlsx
05-20-19T17:25:45: Finished File: Retail Item-218 Hot Food_01.xlsx
05-20-19T17:25:45: File created in final csv folder: Retail Item-218 Hot Food_01.csv
05-20-19T17:25:45: ...
05-20-19T17:25:45: Processing File: Retail Item-221 Sandwich_01.xlsx
05-20-19T17:25:47: Finished File: Retail Item-221 Sandwich_01.xlsx
05-20-19T17:25:47: File created in final csv folder: Retail Item-221 Sandwich_01.csv
05-20-19T17:25:47: ...
05-20-19T17:25:47: Processing File: Retail Item-231 Fresh Bakery_01.xlsx
05-20-19T17:25:50: Finished File: Retail Item-231 Fresh Bakery_01.xlsx
05-20-19T17:25:50: File created in final csv folder: Retail Item-231 Fresh Bakery_01.csv
05-20-19T17:25:50: ...
05-20-19T17:25:50: Processing File: Retail Item-401 Beer & Wine_01.xlsx
05-20-19T17:25:52: Finished File: Retail Item-401 Beer & Wine_01.xlsx
05-20-19T17:25:52: File created in final csv folder: Retail Item-401 Beer & Wine_01.csv
05-20-19T17:25:52: ...
05-20-19T17:25:52: Processing File: Retail Item-501 Cigarettes_01.xlsx
05-20-19T17:25:54: Finished File: Retail Item-501 Cigarettes_01.xlsx
05-20-19T17:25:54: File created in final csv folder: Retail Item-501 Cigarettes_01.csv
05-20-19T17:25:54: ...
05-20-19T17:25:54: Processing File: Retail Item-601 General Merchan_01.xlsx
05-20-19T17:25:56: Finished File: Retail Item-601 General Merchan_01.xlsx
05-20-19T17:25:56: File created in final csv folder: Retail Item-601 General Merchan_01.csv
05-20-19T17:25:56: ...
05-20-19T17:25:56: Processing File: Retail Item-706 Consignment - Gen Mdse_01.xlsx
05-20-19T17:25:58: Finished File: Retail Item-706 Consignment - Gen Mdse_01.xlsx
05-20-19T17:25:58: File created in final csv folder: Retail Item-706 Consignment - Gen Mdse_01.csv
05-20-19T17:25:58: ...
05-20-19T17:25:58: Processing File: Retail Item-707 Consignment - Foodservice_01.xlsx
05-20-19T17:26:00: Finished File: Retail Item-707 Consignment - Foodservice_01.xlsx
05-20-19T17:26:00: File created in final csv folder: Retail Item-707 Consignment - Foodservice_01.csv
05-20-19T17:26:00: ...
05-20-19T17:26:01: Processing File: Retail Item-77 Store Supplies_01.xlsx
05-20-19T17:26:03: Finished File: Retail Item-77 Store Supplies_01.xlsx
05-20-19T17:26:03: File created in final csv folder: Retail Item-77 Store Supplies_01.csv
05-20-19T17:26:03: ...
05-20-19T17:26:03: Processing File: Retail Item-800 Miscellanous Sales_01.xlsx
05-20-19T17:26:06: Finished File: Retail Item-800 Miscellanous Sales_01.xlsx
05-20-19T17:26:06: File created in final csv folder: Retail Item-800 Miscellanous Sales_01.csv
05-20-19T17:26:06: ...
05-20-19T17:26:06: Processing File: Retail Item-901 Soft Drinks_01.xlsx
05-20-19T17:26:08: Finished File: Retail Item-901 Soft Drinks_01.xlsx
05-20-19T17:26:09: File created in final csv folder: Retail Item-901 Soft Drinks_01.csv
05-20-19T17:26:09: ...
05-20-19T17:26:09: End Log
