05-20-19T12:39:45: Start Log
05-20-19T12:39:45: Processing File: Retail Item-201 Other Fast Food_01.xlsx
05-20-19T12:39:47: Finished File: Retail Item-201 Other Fast Food_01.xlsx
05-20-19T12:39:47: File created in final csv folder: Retail Item-201 Other Fast Food_01.csv
05-20-19T12:39:47: ...
05-20-19T12:39:47: Processing File: Retail Item-206 Franchise Food_01.xlsx
05-20-19T12:39:49: Finished File: Retail Item-206 Franchise Food_01.xlsx
05-20-19T12:39:49: File created in final csv folder: Retail Item-206 Franchise Food_01.csv
05-20-19T12:39:49: ...
05-20-19T12:39:49: Processing File: Retail Item-212 Hot Beverage_01.xlsx
05-20-19T12:39:52: Finished File: Retail Item-212 Hot Beverage_01.xlsx
05-20-19T12:39:52: File created in final csv folder: Retail Item-212 Hot Beverage_01.csv
05-20-19T12:39:52: ...
05-20-19T12:39:52: Processing File: Retail Item-215 Cold Beverage_01.xlsx
05-20-19T12:39:54: Finished File: Retail Item-215 Cold Beverage_01.xlsx
05-20-19T12:39:54: File created in final csv folder: Retail Item-215 Cold Beverage_01.csv
05-20-19T12:39:54: ...
05-20-19T12:39:54: Processing File: Retail Item-218 Hot Food_01.xlsx
05-20-19T12:39:57: Finished File: Retail Item-218 Hot Food_01.xlsx
05-20-19T12:39:57: File created in final csv folder: Retail Item-218 Hot Food_01.csv
05-20-19T12:39:57: ...
05-20-19T12:39:57: Processing File: Retail Item-221 Sandwich_01.xlsx
05-20-19T12:39:59: Finished File: Retail Item-221 Sandwich_01.xlsx
05-20-19T12:39:59: File created in final csv folder: Retail Item-221 Sandwich_01.csv
05-20-19T12:39:59: ...
05-20-19T12:40:00: Processing File: Retail Item-231 Fresh Bakery_01.xlsx
05-20-19T12:40:02: Finished File: Retail Item-231 Fresh Bakery_01.xlsx
05-20-19T12:40:02: File created in final csv folder: Retail Item-231 Fresh Bakery_01.csv
05-20-19T12:40:02: ...
05-20-19T12:40:02: Processing File: Retail Item-401 Beer & Wine_01.xlsx
05-20-19T12:40:05: Finished File: Retail Item-401 Beer & Wine_01.xlsx
05-20-19T12:40:05: File created in final csv folder: Retail Item-401 Beer & Wine_01.csv
05-20-19T12:40:05: ...
05-20-19T12:40:05: Processing File: Retail Item-501 Cigarettes_01.xlsx
05-20-19T12:40:07: Finished File: Retail Item-501 Cigarettes_01.xlsx
05-20-19T12:40:07: File created in final csv folder: Retail Item-501 Cigarettes_01.csv
05-20-19T12:40:07: ...
05-20-19T12:40:07: Processing File: Retail Item-601 General Merchan_01.xlsx
05-20-19T12:40:11: Finished File: Retail Item-601 General Merchan_01.xlsx
05-20-19T12:40:11: File created in final csv folder: Retail Item-601 General Merchan_01.csv
05-20-19T12:40:11: ...
05-20-19T12:40:11: Processing File: Retail Item-706 Consignment - Gen Mdse_01.xlsx
05-20-19T12:40:13: Finished File: Retail Item-706 Consignment - Gen Mdse_01.xlsx
05-20-19T12:40:13: File created in final csv folder: Retail Item-706 Consignment - Gen Mdse_01.csv
05-20-19T12:40:13: ...
05-20-19T12:40:13: Processing File: Retail Item-707 Consignment - Foodservice_01.xlsx
05-20-19T12:40:16: Finished File: Retail Item-707 Consignment - Foodservice_01.xlsx
05-20-19T12:40:16: File created in final csv folder: Retail Item-707 Consignment - Foodservice_01.csv
05-20-19T12:40:16: ...
05-20-19T12:40:17: Processing File: Retail Item-77 Store Supplies_01.xlsx
05-20-19T12:40:20: Finished File: Retail Item-77 Store Supplies_01.xlsx
05-20-19T12:40:20: File created in final csv folder: Retail Item-77 Store Supplies_01.csv
05-20-19T12:40:20: ...
05-20-19T12:40:20: Processing File: Retail Item-800 Miscellanous Sales_01.xlsx
05-20-19T12:40:23: Finished File: Retail Item-800 Miscellanous Sales_01.xlsx
05-20-19T12:40:23: File created in final csv folder: Retail Item-800 Miscellanous Sales_01.csv
05-20-19T12:40:23: ...
05-20-19T12:40:23: Processing File: Retail Item-901 Soft Drinks_01.xlsx
05-20-19T12:40:25: Finished File: Retail Item-901 Soft Drinks_01.xlsx
05-20-19T12:40:26: File created in final csv folder: Retail Item-901 Soft Drinks_01.csv
05-20-19T12:40:26: ...
05-20-19T12:40:26: End Log
