09-18-19T14:19:51: Start Log
09-18-19T14:19:51: Processing File: 401 Missing Attributes.xlsx
09-18-19T14:19:53: Item Rows: 10, External Id: 13482
09-18-19T14:19:53: Item Rows: 20, External Id: 14090
09-18-19T14:19:53: Item Rows: 30, External Id: 159555
09-18-19T14:19:54: Item Rows: 40, External Id: 17591
09-18-19T14:19:54: Item Rows: 50, External Id: 23844
09-18-19T14:19:55: Item Rows: 60, External Id: 30570
09-18-19T14:19:55: Item Rows: 70, External Id: 56219
09-18-19T14:19:55: Item Rows: 80, External Id: 171884
09-18-19T14:19:56: Item Rows: 90, External Id: 185464
09-18-19T14:19:56: Item Rows: 100, External Id: 1053272
09-18-19T14:19:57: Item Rows: 110, External Id: 1057777
09-18-19T14:19:57: Item Rows: 120, External Id: 1058043
09-18-19T14:19:57: Item Rows: 130, External Id: 1064858
09-18-19T14:19:58: Item Rows: 140, External Id: 1075749
09-18-19T14:19:58: Item Rows: 150, External Id: 1083622
09-18-19T14:19:59: Item Rows: 160, External Id: 1086614
09-18-19T14:19:59: Item Rows: 170, External Id: 1116825
09-18-19T14:19:59: Finished File: 401 Missing Attributes.xlsx
09-18-19T14:19:59: File created in final csv folder: 401 Missing Attributes.csv
09-18-19T14:19:59: ...
09-18-19T14:19:59: Processing File: 501 Missing Attributes.xlsx
09-18-19T14:20:01: Item Rows: 10, External Id: 10060
09-18-19T14:20:02: Item Rows: 20, External Id: 10077
09-18-19T14:20:02: Item Rows: 30, External Id: 10085
09-18-19T14:20:02: Item Rows: 40, External Id: 10090
09-18-19T14:20:03: Item Rows: 50, External Id: 10105
09-18-19T14:20:03: Item Rows: 60, External Id: 101147
09-18-19T14:20:04: Item Rows: 70, External Id: 10128
09-18-19T14:20:04: Item Rows: 80, External Id: 101531
09-18-19T14:20:04: Item Rows: 90, External Id: 10159
09-18-19T14:20:05: Item Rows: 100, External Id: 10167
09-18-19T14:20:05: Item Rows: 110, External Id: 10177
09-18-19T14:20:06: Item Rows: 120, External Id: 10191
09-18-19T14:20:06: Item Rows: 130, External Id: 10205
09-18-19T14:20:07: Item Rows: 140, External Id: 10213
09-18-19T14:20:07: Item Rows: 150, External Id: 10273
09-18-19T14:20:08: Item Rows: 160, External Id: 120384
09-18-19T14:20:09: Item Rows: 170, External Id: 14236
09-18-19T14:20:09: Item Rows: 180, External Id: 145889
09-18-19T14:20:10: Item Rows: 190, External Id: 146283
09-18-19T14:20:10: Item Rows: 200, External Id: 15114
09-18-19T14:20:11: Item Rows: 210, External Id: 15268
09-18-19T14:20:11: Item Rows: 220, External Id: 158203
09-18-19T14:20:12: Item Rows: 230, External Id: 16161
09-18-19T14:20:13: Item Rows: 240, External Id: 163637
09-18-19T14:20:13: Item Rows: 250, External Id: 163643
09-18-19T14:20:14: Item Rows: 260, External Id: 163649
09-18-19T14:20:15: Item Rows: 270, External Id: 18151
09-18-19T14:20:15: Item Rows: 280, External Id: 28346
09-18-19T14:20:16: Item Rows: 290, External Id: 42299
09-18-19T14:20:17: Item Rows: 300, External Id: 45249
09-18-19T14:20:18: Item Rows: 310, External Id: 66189
09-18-19T14:20:18: Item Rows: 320, External Id: 79169
09-18-19T14:20:20: Item Rows: 330, External Id: 92590
09-18-19T14:20:20: Item Rows: 340, External Id: 168220
09-18-19T14:20:21: Item Rows: 350, External Id: 169642
09-18-19T14:20:22: Item Rows: 360, External Id: 174290
09-18-19T14:20:23: Item Rows: 370, External Id: 178942
09-18-19T14:20:24: Item Rows: 380, External Id: 183653
09-18-19T14:20:25: Item Rows: 390, External Id: 184714
09-18-19T14:20:28: Item Rows: 400, External Id: 192792
09-18-19T14:20:30: Item Rows: 410, External Id: 1050555
09-18-19T14:20:31: Item Rows: 420, External Id: 1050576
09-18-19T14:20:32: Item Rows: 430, External Id: 1051781
09-18-19T14:20:33: Item Rows: 440, External Id: 1056287
09-18-19T14:20:35: Item Rows: 450, External Id: 1058054
09-18-19T14:20:37: Item Rows: 460, External Id: 1063926
09-18-19T14:20:40: Item Rows: 470, External Id: 20002533
09-18-19T14:20:42: Item Rows: 480, External Id: 20002557
09-18-19T14:20:47: Item Rows: 490, External Id: 1076999
09-18-19T14:20:51: Item Rows: 500, External Id: 1082120
09-18-19T14:20:52: Item Rows: 510, External Id: 1083560
09-18-19T14:20:53: Item Rows: 520, External Id: 1088130
09-18-19T14:20:55: Item Rows: 530, External Id: 1124303
09-18-19T14:20:58: Finished File: 501 Missing Attributes.xlsx
09-18-19T14:20:58: File created in final csv folder: 501 Missing Attributes.csv
09-18-19T14:20:58: ...
09-18-19T14:20:58: Processing File: 601 Missing Attributes.xlsx
09-18-19T14:21:04: Item Rows: 10, External Id: 10424
09-18-19T14:21:07: Item Rows: 20, External Id: 125329
09-18-19T14:21:10: Item Rows: 30, External Id: 14523
09-18-19T14:21:11: Item Rows: 40, External Id: 152753
09-18-19T14:21:11: Item Rows: 50, External Id: 161554
09-18-19T14:21:12: Item Rows: 60, External Id: 33965
09-18-19T14:21:13: Item Rows: 70, External Id: 55609
09-18-19T14:21:14: Item Rows: 80, External Id: 169267
09-18-19T14:21:15: Item Rows: 90, External Id: 180846
09-18-19T14:21:15: Item Rows: 100, External Id: 181053
09-18-19T14:21:16: Item Rows: 110, External Id: 183447
09-18-19T14:21:17: Item Rows: 120, External Id: 185325
09-18-19T14:21:18: Item Rows: 130, External Id: 185701
09-18-19T14:21:19: Item Rows: 140, External Id: 1050841
09-18-19T14:21:20: Item Rows: 150, External Id: 1051113
09-18-19T14:21:20: Item Rows: 160, External Id: 1053545
09-18-19T14:21:21: Item Rows: 170, External Id: 1057844
09-18-19T14:21:22: Item Rows: 180, External Id: 1058063
09-18-19T14:21:23: Item Rows: 190, External Id: 10192061
09-18-19T14:21:24: Item Rows: 200, External Id: 1076228
09-18-19T14:21:24: Item Rows: 210, External Id: 1077983
09-18-19T14:21:25: Item Rows: 220, External Id: 1079913
09-18-19T14:21:26: Item Rows: 230, External Id: 1080686
09-18-19T14:21:27: Item Rows: 240, External Id: 1081100
09-18-19T14:21:27: Item Rows: 250, External Id: 1081228
09-18-19T14:21:28: Item Rows: 260, External Id: 1081991
09-18-19T14:21:29: Item Rows: 270, External Id: 1083240
09-18-19T14:21:29: Item Rows: 280, External Id: 1083420
09-18-19T14:21:30: Item Rows: 290, External Id: 1083984
09-18-19T14:21:31: Item Rows: 300, External Id: 1086280
09-18-19T14:21:31: Item Rows: 310, External Id: 1086296
09-18-19T14:21:32: Item Rows: 320, External Id: 1099939
09-18-19T14:21:33: Item Rows: 330, External Id: 1120710
09-18-19T14:21:34: Item Rows: 340, External Id: 1120726
09-18-19T14:21:34: Item Rows: 350, External Id: 1124714
09-18-19T14:21:34: Finished File: 601 Missing Attributes.xlsx
09-18-19T14:21:34: File created in final csv folder: 601 Missing Attributes.csv
09-18-19T14:21:34: ...
09-18-19T14:21:34: Processing File: 901 Missing Attributes.xlsx
09-18-19T14:21:38: Item Rows: 10, External Id: 121448
09-18-19T14:21:38: Item Rows: 20, External Id: 13928
09-18-19T14:21:39: Item Rows: 30, External Id: 167248
09-18-19T14:21:39: Finished File: 901 Missing Attributes.xlsx
09-18-19T14:21:39: File created in final csv folder: 901 Missing Attributes.csv
09-18-19T14:21:39: ...
09-18-19T14:21:39: Processing File: Test of Barcode Search Issue.xlsx
09-18-19T14:21:42: Finished File: Test of Barcode Search Issue.xlsx
09-18-19T14:21:42: File created in final csv folder: Test of Barcode Search Issue.csv
09-18-19T14:21:42: ...
09-18-19T14:21:42: End Log
