09-09-19T17:31:04: Start Log
09-09-19T17:31:04: Processing File: Retail Item-06 Eby Tote_01.xlsx
09-09-19T17:31:06: Finished File: Retail Item-06 Eby Tote_01.xlsx
09-09-19T17:31:06: File created in final csv folder: Retail Item-06 Eby Tote_01.csv
09-09-19T17:31:06: ...
09-09-19T17:31:06: Processing File: Retail Item-201 Other Fast Food_01.xlsx
09-09-19T17:31:08: Finished File: Retail Item-201 Other Fast Food_01.xlsx
09-09-19T17:31:08: File created in final csv folder: Retail Item-201 Other Fast Food_01.csv
09-09-19T17:31:08: ...
09-09-19T17:31:08: Processing File: Retail Item-206 Franchise Food_01.xlsx
09-09-19T17:31:10: Finished File: Retail Item-206 Franchise Food_01.xlsx
09-09-19T17:31:10: File created in final csv folder: Retail Item-206 Franchise Food_01.csv
09-09-19T17:31:10: ...
09-09-19T17:31:10: Processing File: Retail Item-212 Hot Beverage_01.xlsx
09-09-19T17:31:12: Finished File: Retail Item-212 Hot Beverage_01.xlsx
09-09-19T17:31:12: File created in final csv folder: Retail Item-212 Hot Beverage_01.csv
09-09-19T17:31:12: ...
09-09-19T17:31:12: Processing File: Retail Item-215 Cold Beverage_01.xlsx
09-09-19T17:31:14: Finished File: Retail Item-215 Cold Beverage_01.xlsx
09-09-19T17:31:14: File created in final csv folder: Retail Item-215 Cold Beverage_01.csv
09-09-19T17:31:14: ...
09-09-19T17:31:14: Processing File: Retail Item-218 Hot Food_01.xlsx
09-09-19T17:31:16: Finished File: Retail Item-218 Hot Food_01.xlsx
09-09-19T17:31:16: File created in final csv folder: Retail Item-218 Hot Food_01.csv
09-09-19T17:31:16: ...
09-09-19T17:31:16: Processing File: Retail Item-221 Sandwich_01.xlsx
09-09-19T17:31:18: Finished File: Retail Item-221 Sandwich_01.xlsx
09-09-19T17:31:18: File created in final csv folder: Retail Item-221 Sandwich_01.csv
09-09-19T17:31:18: ...
09-09-19T17:31:18: Processing File: Retail Item-231 Fresh Bakery_01.xlsx
09-09-19T17:31:20: Finished File: Retail Item-231 Fresh Bakery_01.xlsx
09-09-19T17:31:20: File created in final csv folder: Retail Item-231 Fresh Bakery_01.csv
09-09-19T17:31:20: ...
09-09-19T17:31:20: Processing File: Retail Item-401 Beer & Wine_01.xlsx
09-09-19T17:31:22: Finished File: Retail Item-401 Beer & Wine_01.xlsx
09-09-19T17:31:22: File created in final csv folder: Retail Item-401 Beer & Wine_01.csv
09-09-19T17:31:23: ...
09-09-19T17:31:23: Processing File: Retail Item-501 Cigarettes_01.xlsx
09-09-19T17:31:25: Finished File: Retail Item-501 Cigarettes_01.xlsx
09-09-19T17:31:25: File created in final csv folder: Retail Item-501 Cigarettes_01.csv
09-09-19T17:31:25: ...
09-09-19T17:31:25: Processing File: Retail Item-601 General Merchan_01.xlsx
09-09-19T17:31:27: Finished File: Retail Item-601 General Merchan_01.xlsx
09-09-19T17:31:27: File created in final csv folder: Retail Item-601 General Merchan_01.csv
09-09-19T17:31:27: ...
09-09-19T17:31:27: Processing File: Retail Item-706 Consignment - Gen Mdse_01.xlsx
09-09-19T17:31:30: Finished File: Retail Item-706 Consignment - Gen Mdse_01.xlsx
09-09-19T17:31:30: File created in final csv folder: Retail Item-706 Consignment - Gen Mdse_01.csv
09-09-19T17:31:30: ...
09-09-19T17:31:30: Processing File: Retail Item-77 Store Supplies_01.xlsx
09-09-19T17:31:31: Finished File: Retail Item-77 Store Supplies_01.xlsx
09-09-19T17:31:31: File created in final csv folder: Retail Item-77 Store Supplies_01.csv
09-09-19T17:31:31: ...
09-09-19T17:31:31: Processing File: Retail Item-901 Soft Drinks_01.xlsx
09-09-19T17:31:33: Finished File: Retail Item-901 Soft Drinks_01.xlsx
09-09-19T17:31:33: File created in final csv folder: Retail Item-901 Soft Drinks_01.csv
09-09-19T17:31:34: ...
09-09-19T17:31:34: End Log
