09-11-19T10:55:01: Start Log
09-11-19T10:55:01: Processing File: Retail Item Fix Missing Attributes (Test) 09-10-2019.xlsx
09-11-19T10:55:02: Finished File: Retail Item Fix Missing Attributes (Test) 09-10-2019.xlsx
09-11-19T10:55:02: File created in final csv folder: Retail Item Fix Missing Attributes (Test) 09-10-2019.csv
09-11-19T10:55:02: ...
09-11-19T10:55:02: Processing File: Retail Item Fix Missing Attributes (Test2) 09-10-2019.xlsx
09-11-19T10:55:04: Finished File: Retail Item Fix Missing Attributes (Test2) 09-10-2019.xlsx
09-11-19T10:55:04: File created in final csv folder: Retail Item Fix Missing Attributes (Test2) 09-10-2019.csv
09-11-19T10:55:04: ...
09-11-19T10:55:04: Processing File: Retail Item Fix Missing Attributes 09-10-2019.xlsx
09-11-19T10:55:06: Finished File: Retail Item Fix Missing Attributes 09-10-2019.xlsx
09-11-19T10:55:06: File created in final csv folder: Retail Item Fix Missing Attributes 09-10-2019.csv
09-11-19T10:55:06: ...
09-11-19T10:55:06: Processing File: Retail Item-06 Eby Tote_01.xlsx
09-11-19T10:55:08: Finished File: Retail Item-06 Eby Tote_01.xlsx
09-11-19T10:55:08: File created in final csv folder: Retail Item-06 Eby Tote_01.csv
09-11-19T10:55:08: ...
09-11-19T10:55:08: Processing File: Retail Item-201 Other Fast Food_01.xlsx
09-11-19T10:55:10: Finished File: Retail Item-201 Other Fast Food_01.xlsx
09-11-19T10:55:10: File created in final csv folder: Retail Item-201 Other Fast Food_01.csv
09-11-19T10:55:10: ...
09-11-19T10:55:10: Processing File: Retail Item-206 Franchise Food_01.xlsx
09-11-19T10:55:12: Finished File: Retail Item-206 Franchise Food_01.xlsx
09-11-19T10:55:12: File created in final csv folder: Retail Item-206 Franchise Food_01.csv
09-11-19T10:55:12: ...
09-11-19T10:55:12: Processing File: Retail Item-212 Hot Beverage_01.xlsx
09-11-19T10:55:14: Finished File: Retail Item-212 Hot Beverage_01.xlsx
09-11-19T10:55:14: File created in final csv folder: Retail Item-212 Hot Beverage_01.csv
09-11-19T10:55:14: ...
09-11-19T10:55:14: Processing File: Retail Item-215 Cold Beverage_01.xlsx
09-11-19T10:55:16: Finished File: Retail Item-215 Cold Beverage_01.xlsx
09-11-19T10:55:16: File created in final csv folder: Retail Item-215 Cold Beverage_01.csv
09-11-19T10:55:16: ...
09-11-19T10:55:16: Processing File: Retail Item-218 Hot Food_01.xlsx
09-11-19T10:55:18: Finished File: Retail Item-218 Hot Food_01.xlsx
09-11-19T10:55:18: File created in final csv folder: Retail Item-218 Hot Food_01.csv
09-11-19T10:55:18: ...
09-11-19T10:55:18: Processing File: Retail Item-221 Sandwich_01.xlsx
09-11-19T10:55:20: Finished File: Retail Item-221 Sandwich_01.xlsx
09-11-19T10:55:20: File created in final csv folder: Retail Item-221 Sandwich_01.csv
09-11-19T10:55:20: ...
09-11-19T10:55:20: Processing File: Retail Item-231 Fresh Bakery_01.xlsx
09-11-19T10:55:21: Finished File: Retail Item-231 Fresh Bakery_01.xlsx
09-11-19T10:55:21: File created in final csv folder: Retail Item-231 Fresh Bakery_01.csv
09-11-19T10:55:21: ...
09-11-19T10:55:21: Processing File: Retail Item-401 Beer & Wine_01.xlsx
09-11-19T10:55:23: Finished File: Retail Item-401 Beer & Wine_01.xlsx
09-11-19T10:55:23: File created in final csv folder: Retail Item-401 Beer & Wine_01.csv
09-11-19T10:55:23: ...
09-11-19T10:55:23: Processing File: Retail Item-501 Cigarettes_01.xlsx
09-11-19T10:55:25: Finished File: Retail Item-501 Cigarettes_01.xlsx
09-11-19T10:55:25: File created in final csv folder: Retail Item-501 Cigarettes_01.csv
09-11-19T10:55:25: ...
09-11-19T10:55:25: Processing File: Retail Item-601 General Merchan_01 (1).xlsx
09-11-19T10:55:26: Finished File: Retail Item-601 General Merchan_01 (1).xlsx
09-11-19T10:55:26: File created in final csv folder: Retail Item-601 General Merchan_01 (1).csv
09-11-19T10:55:26: ...
09-11-19T10:55:26: Processing File: Retail Item-601 General Merchan_01.xlsx
09-11-19T10:55:28: Finished File: Retail Item-601 General Merchan_01.xlsx
09-11-19T10:55:28: File created in final csv folder: Retail Item-601 General Merchan_01.csv
09-11-19T10:55:28: ...
09-11-19T10:55:28: Processing File: Retail Item-706 Consignment - Gen Mdse_01.xlsx
09-11-19T10:55:30: Finished File: Retail Item-706 Consignment - Gen Mdse_01.xlsx
09-11-19T10:55:30: File created in final csv folder: Retail Item-706 Consignment - Gen Mdse_01.csv
09-11-19T10:55:30: ...
09-11-19T10:55:30: Processing File: Retail Item-77 Store Supplies_01.xlsx
09-11-19T10:55:32: Finished File: Retail Item-77 Store Supplies_01.xlsx
09-11-19T10:55:32: File created in final csv folder: Retail Item-77 Store Supplies_01.csv
09-11-19T10:55:32: ...
09-11-19T10:55:32: Processing File: Retail Item-901 Soft Drinks_01.xlsx
09-11-19T10:55:34: Finished File: Retail Item-901 Soft Drinks_01.xlsx
09-11-19T10:55:34: File created in final csv folder: Retail Item-901 Soft Drinks_01.csv
09-11-19T10:55:34: ...
09-11-19T10:55:34: Processing File: Retail Item-Missing Items Based on Spreadsheet.xlsx
09-11-19T10:55:35: Finished File: Retail Item-Missing Items Based on Spreadsheet.xlsx
09-11-19T10:55:35: File created in final csv folder: Retail Item-Missing Items Based on Spreadsheet.csv
09-11-19T10:55:35: ...
09-11-19T10:55:35: End Log
