04-19-19T13:04:23: Start Log
04-19-19T13:04:23: Processing File: Retail Item- Invalid Catgory items.xlsx
04-19-19T13:04:25: Finished File: Retail Item- Invalid Catgory items.xlsx
04-19-19T13:04:25: File created in final csv folder: Retail Item- Invalid Catgory items.csv
04-19-19T13:04:25: ...
04-19-19T13:04:25: Processing File: Retail Item-221 Sandwich_01.xlsx
04-19-19T13:04:27: Finished File: Retail Item-221 Sandwich_01.xlsx
04-19-19T13:04:27: File created in final csv folder: Retail Item-221 Sandwich_01.csv
04-19-19T13:04:27: ...
04-19-19T13:04:27: Processing File: Retail Item-401 Beer & Wine_01.xlsx
04-19-19T13:04:29: Finished File: Retail Item-401 Beer & Wine_01.xlsx
04-19-19T13:04:29: File created in final csv folder: Retail Item-401 Beer & Wine_01.csv
04-19-19T13:04:29: ...
04-19-19T13:04:29: Processing File: Retail Item-601 General Merchan_01.xlsx
04-19-19T13:04:31: Finished File: Retail Item-601 General Merchan_01.xlsx
04-19-19T13:04:31: File created in final csv folder: Retail Item-601 General Merchan_01.csv
04-19-19T13:04:31: ...
04-19-19T13:04:31: Processing File: Retail Item-601 General Merchan_07.xlsx
04-19-19T13:04:33: Finished File: Retail Item-601 General Merchan_07.xlsx
04-19-19T13:04:33: File created in final csv folder: Retail Item-601 General Merchan_07.csv
04-19-19T13:04:33: ...
04-19-19T13:04:33: Processing File: Retail Item-707 Consignment - Foodservice_01.xlsx
04-19-19T13:04:35: Finished File: Retail Item-707 Consignment - Foodservice_01.xlsx
04-19-19T13:04:35: File created in final csv folder: Retail Item-707 Consignment - Foodservice_01.csv
04-19-19T13:04:35: ...
04-19-19T13:04:35: Processing File: Retail Item-77 Store Supplies_01.xlsx
04-19-19T13:04:37: Finished File: Retail Item-77 Store Supplies_01.xlsx
04-19-19T13:04:37: File created in final csv folder: Retail Item-77 Store Supplies_01.csv
04-19-19T13:04:37: ...
04-19-19T13:04:37: End Log
