09-17-19T15:59:51: Start Log
09-17-19T15:59:51: Processing File: Retail Item Fix Missing Attributes 09-10-2019.xlsx
09-17-19T15:59:56: Finished File: Retail Item Fix Missing Attributes 09-10-2019.xlsx
09-17-19T15:59:56: File created in final csv folder: Retail Item Fix Missing Attributes 09-10-2019.csv
09-17-19T15:59:56: ...
09-17-19T15:59:56: Processing File: Retail Item-06 Eby Tote_01.xlsx
09-17-19T15:59:59: Finished File: Retail Item-06 Eby Tote_01.xlsx
09-17-19T15:59:59: File created in final csv folder: Retail Item-06 Eby Tote_01.csv
09-17-19T15:59:59: ...
09-17-19T15:59:59: Processing File: Retail Item-201 Other Fast Food_01.xlsx
09-17-19T16:00:01: Finished File: Retail Item-201 Other Fast Food_01.xlsx
09-17-19T16:00:01: File created in final csv folder: Retail Item-201 Other Fast Food_01.csv
09-17-19T16:00:01: ...
09-17-19T16:00:01: Processing File: Retail Item-206 Franchise Food_01.xlsx
09-17-19T16:00:05: Finished File: Retail Item-206 Franchise Food_01.xlsx
09-17-19T16:00:05: File created in final csv folder: Retail Item-206 Franchise Food_01.csv
09-17-19T16:00:05: ...
09-17-19T16:00:05: Processing File: Retail Item-212 Hot Beverage_01.xlsx
09-17-19T16:00:08: Finished File: Retail Item-212 Hot Beverage_01.xlsx
09-17-19T16:00:08: File created in final csv folder: Retail Item-212 Hot Beverage_01.csv
09-17-19T16:00:08: ...
09-17-19T16:00:08: Processing File: Retail Item-215 Cold Beverage_01.xlsx
09-17-19T16:00:11: Finished File: Retail Item-215 Cold Beverage_01.xlsx
09-17-19T16:00:11: File created in final csv folder: Retail Item-215 Cold Beverage_01.csv
09-17-19T16:00:11: ...
09-17-19T16:00:11: Processing File: Retail Item-218 Hot Food_01.xlsx
09-17-19T16:00:14: Finished File: Retail Item-218 Hot Food_01.xlsx
09-17-19T16:00:14: File created in final csv folder: Retail Item-218 Hot Food_01.csv
09-17-19T16:00:14: ...
09-17-19T16:00:14: Processing File: Retail Item-221 Sandwich_01.xlsx
09-17-19T16:00:17: Finished File: Retail Item-221 Sandwich_01.xlsx
09-17-19T16:00:17: File created in final csv folder: Retail Item-221 Sandwich_01.csv
09-17-19T16:00:18: ...
09-17-19T16:00:18: Processing File: Retail Item-231 Fresh Bakery_01.xlsx
09-17-19T16:00:20: Finished File: Retail Item-231 Fresh Bakery_01.xlsx
09-17-19T16:00:20: File created in final csv folder: Retail Item-231 Fresh Bakery_01.csv
09-17-19T16:00:20: ...
09-17-19T16:00:21: Processing File: Retail Item-401 Beer & Wine_01.xlsx
09-17-19T16:00:24: Finished File: Retail Item-401 Beer & Wine_01.xlsx
09-17-19T16:00:24: File created in final csv folder: Retail Item-401 Beer & Wine_01.csv
09-17-19T16:00:24: ...
09-17-19T16:00:24: Processing File: Retail Item-501 Cigarettes_01.xlsx
09-17-19T16:00:26: Finished File: Retail Item-501 Cigarettes_01.xlsx
09-17-19T16:00:26: File created in final csv folder: Retail Item-501 Cigarettes_01.csv
09-17-19T16:00:26: ...
09-17-19T16:00:26: Processing File: Retail Item-601 General Merchan_01.xlsx
09-17-19T16:00:30: Finished File: Retail Item-601 General Merchan_01.xlsx
09-17-19T16:00:30: File created in final csv folder: Retail Item-601 General Merchan_01.csv
09-17-19T16:00:30: ...
09-17-19T16:00:30: Processing File: Retail Item-706 Consignment - Gen Mdse_01.xlsx
09-17-19T16:00:33: Finished File: Retail Item-706 Consignment - Gen Mdse_01.xlsx
09-17-19T16:00:33: File created in final csv folder: Retail Item-706 Consignment - Gen Mdse_01.csv
09-17-19T16:00:33: ...
09-17-19T16:00:33: Processing File: Retail Item-77 Store Supplies_01.xlsx
09-17-19T16:00:36: Finished File: Retail Item-77 Store Supplies_01.xlsx
09-17-19T16:00:36: File created in final csv folder: Retail Item-77 Store Supplies_01.csv
09-17-19T16:00:36: ...
09-17-19T16:00:36: Processing File: Retail Item-901 Soft Drinks_01.xlsx
09-17-19T16:00:39: Finished File: Retail Item-901 Soft Drinks_01.xlsx
09-17-19T16:00:39: File created in final csv folder: Retail Item-901 Soft Drinks_01.csv
09-17-19T16:00:39: ...
09-17-19T16:00:39: Processing File: Retail Item-Missing Items Based on Spreadsheet.xlsx
09-17-19T16:00:43: Finished File: Retail Item-Missing Items Based on Spreadsheet.xlsx
09-17-19T16:00:43: File created in final csv folder: Retail Item-Missing Items Based on Spreadsheet.csv
09-17-19T16:00:43: ...
09-17-19T16:00:43: Processing File: Test of Barcode Search Issue.xlsx
09-17-19T16:00:46: Finished File: Test of Barcode Search Issue.xlsx
09-17-19T16:00:46: File created in final csv folder: Test of Barcode Search Issue.csv
09-17-19T16:00:46: ...
09-17-19T16:00:46: End Log
