05-20-19T16:52:49: Start Log
05-20-19T16:52:49: Processing File: Retail Item-201 Other Fast Food_01.xlsx
05-20-19T16:52:51: Finished File: Retail Item-201 Other Fast Food_01.xlsx
05-20-19T16:52:51: File created in final csv folder: Retail Item-201 Other Fast Food_01.csv
05-20-19T16:52:51: ...
05-20-19T16:52:51: Processing File: Retail Item-206 Franchise Food_01.xlsx
05-20-19T16:52:55: Finished File: Retail Item-206 Franchise Food_01.xlsx
05-20-19T16:52:55: File created in final csv folder: Retail Item-206 Franchise Food_01.csv
05-20-19T16:52:55: ...
05-20-19T16:52:56: Processing File: Retail Item-212 Hot Beverage_01.xlsx
05-20-19T16:52:58: Finished File: Retail Item-212 Hot Beverage_01.xlsx
05-20-19T16:52:58: File created in final csv folder: Retail Item-212 Hot Beverage_01.csv
05-20-19T16:52:58: ...
05-20-19T16:52:58: Processing File: Retail Item-215 Cold Beverage_01.xlsx
05-20-19T16:53:01: Finished File: Retail Item-215 Cold Beverage_01.xlsx
05-20-19T16:53:01: File created in final csv folder: Retail Item-215 Cold Beverage_01.csv
05-20-19T16:53:01: ...
05-20-19T16:53:02: Processing File: Retail Item-218 Hot Food_01.xlsx
05-20-19T16:53:05: Finished File: Retail Item-218 Hot Food_01.xlsx
05-20-19T16:53:05: File created in final csv folder: Retail Item-218 Hot Food_01.csv
05-20-19T16:53:05: ...
05-20-19T16:53:05: Processing File: Retail Item-221 Sandwich_01.xlsx
05-20-19T16:53:09: Finished File: Retail Item-221 Sandwich_01.xlsx
05-20-19T16:53:09: File created in final csv folder: Retail Item-221 Sandwich_01.csv
05-20-19T16:53:09: ...
05-20-19T16:53:09: Processing File: Retail Item-231 Fresh Bakery_01.xlsx
05-20-19T16:53:13: Finished File: Retail Item-231 Fresh Bakery_01.xlsx
05-20-19T16:53:13: File created in final csv folder: Retail Item-231 Fresh Bakery_01.csv
05-20-19T16:53:13: ...
05-20-19T16:53:13: Processing File: Retail Item-401 Beer & Wine_01.xlsx
05-20-19T16:53:17: Finished File: Retail Item-401 Beer & Wine_01.xlsx
05-20-19T16:53:17: File created in final csv folder: Retail Item-401 Beer & Wine_01.csv
05-20-19T16:53:17: ...
05-20-19T16:53:17: Processing File: Retail Item-501 Cigarettes_01.xlsx
05-20-19T16:53:21: Finished File: Retail Item-501 Cigarettes_01.xlsx
05-20-19T16:53:21: File created in final csv folder: Retail Item-501 Cigarettes_01.csv
05-20-19T16:53:21: ...
05-20-19T16:53:21: Processing File: Retail Item-601 General Merchan_01.xlsx
05-20-19T16:53:27: Finished File: Retail Item-601 General Merchan_01.xlsx
05-20-19T16:53:27: File created in final csv folder: Retail Item-601 General Merchan_01.csv
05-20-19T16:53:27: ...
05-20-19T16:53:27: Processing File: Retail Item-706 Consignment - Gen Mdse_01.xlsx
05-20-19T16:53:31: Finished File: Retail Item-706 Consignment - Gen Mdse_01.xlsx
05-20-19T16:53:31: File created in final csv folder: Retail Item-706 Consignment - Gen Mdse_01.csv
05-20-19T16:53:31: ...
05-20-19T16:53:31: Processing File: Retail Item-707 Consignment - Foodservice_01.xlsx
05-20-19T16:53:36: Finished File: Retail Item-707 Consignment - Foodservice_01.xlsx
05-20-19T16:53:36: File created in final csv folder: Retail Item-707 Consignment - Foodservice_01.csv
05-20-19T16:53:36: ...
05-20-19T16:53:36: Processing File: Retail Item-77 Store Supplies_01.xlsx
05-20-19T16:53:40: Finished File: Retail Item-77 Store Supplies_01.xlsx
05-20-19T16:53:40: File created in final csv folder: Retail Item-77 Store Supplies_01.csv
05-20-19T16:53:40: ...
05-20-19T16:53:40: Processing File: Retail Item-800 Miscellanous Sales_01.xlsx
05-20-19T16:53:45: Finished File: Retail Item-800 Miscellanous Sales_01.xlsx
05-20-19T16:53:45: File created in final csv folder: Retail Item-800 Miscellanous Sales_01.csv
05-20-19T16:53:45: ...
05-20-19T16:53:45: Processing File: Retail Item-901 Soft Drinks_01.xlsx
05-20-19T16:53:49: Finished File: Retail Item-901 Soft Drinks_01.xlsx
05-20-19T16:53:50: File created in final csv folder: Retail Item-901 Soft Drinks_01.csv
05-20-19T16:53:50: ...
05-20-19T16:53:50: End Log
