04-03-19T09:22:34: Start Log
04-03-19T09:22:34: Found Input File: C:\Users\chuck\Documents\ROC\Speedway-Source\Data Extraction And Loading\Import Files\Retail Item\FinalCSV\Retail Item-221 Sandwich_01.csv
04-03-19T09:22:34: Items Rows: 10
04-03-19T09:22:34: Items Rows: 20
04-03-19T09:22:34: Items Rows: 30
04-03-19T09:22:34: Items Rows: 40
04-03-19T09:22:34: Items Rows: 50
04-03-19T09:22:34: Items Rows: 60
04-03-19T09:22:34: Items Rows: 70
04-03-19T09:22:34: Items Rows: 80
04-03-19T09:22:34: Items Rows: 90
04-03-19T09:22:34: Items Rows: 100
04-03-19T09:22:34: Items Rows: 110
04-03-19T09:22:34: Items Rows: 120
04-03-19T09:22:34: Items Rows: 130
04-03-19T09:22:34: Items Rows: 140
04-03-19T09:22:34: Items Rows: 150
04-03-19T09:22:34: Items Rows: 160
04-03-19T09:22:34: Items Rows: 170
04-03-19T09:22:34: Items Rows: 180
04-03-19T09:22:34: Items Rows: 190
04-03-19T09:22:34: Items Rows: 200
04-03-19T09:22:34: Items Rows: 210
04-03-19T09:22:34: Items Rows: 220
04-03-19T09:22:34: Items Rows: 230
04-03-19T09:22:34: Items Rows: 240
04-03-19T09:22:34: Items Rows: 250
04-03-19T09:22:34: Items Rows: 260
04-03-19T09:22:34: Items Rows: 270
04-03-19T09:22:34: Items Rows: 280
04-03-19T09:22:34: Items Rows: 290
04-03-19T09:22:34: Items Rows: 300
04-03-19T09:22:34: Items Rows: 310
04-03-19T09:22:34: Items Rows: 320
04-03-19T09:22:34: Items Rows: 330
04-03-19T09:22:34: Items Rows: 340
04-03-19T09:22:34: Items Rows: 350
04-03-19T09:22:34: Items Rows: 360
04-03-19T09:22:34: Items Rows: 370
04-03-19T09:22:34: Items Rows: 380
04-03-19T09:22:34: Items Rows: 390
04-03-19T09:22:34: Items Rows: 400
04-03-19T09:22:34: Items Rows: 410
04-03-19T09:22:34: Items Rows: 420
04-03-19T09:22:34: Items Rows: 430
04-03-19T09:22:34: Items Rows: 440
04-03-19T09:22:34: Items Rows: 450
04-03-19T09:22:34: Items Rows: 460
04-03-19T09:22:34: Items Rows: 470
04-03-19T09:22:34: Items Rows: 480
04-03-19T09:22:34: Items Rows: 490
04-03-19T09:22:34: Items Rows: 500
04-03-19T09:22:34: Items Rows: 510
04-03-19T09:22:34: Items Rows: 520
04-03-19T09:22:34: Items Rows: 530
04-03-19T09:22:34: Items Rows: 540
04-03-19T09:22:34: Items Rows: 550
04-03-19T09:22:34: Items Rows: 560
04-03-19T09:22:34: Items Rows: 570
04-03-19T09:22:34: Items Rows: 580
04-03-19T09:22:34: Items Rows: 590
04-03-19T09:22:34: Items Rows: 600
04-03-19T09:22:34: Items Rows: 610
04-03-19T09:22:34: Items Rows: 620
04-03-19T09:22:34: Items Rows: 630
04-03-19T09:22:34: Items Rows: 640
04-03-19T09:22:34: Items Rows: 650
04-03-19T09:22:34: Items Rows: 660
04-03-19T09:22:34: Items Rows: 670
04-03-19T09:22:34: Items Rows: 680
04-03-19T09:22:34: Items Rows: 690
04-03-19T09:22:34: Items Rows: 700
04-03-19T09:22:34: Items Rows: 710
04-03-19T09:22:34: Items Rows: 720
04-03-19T09:22:34: Items Rows: 730
04-03-19T09:22:34: Items Rows: 740
04-03-19T09:22:34: Items Rows: 750
04-03-19T09:22:34: Items Rows: 760
04-03-19T09:22:34: Items Rows: 770
04-03-19T09:22:34: Items Rows: 780
04-03-19T09:22:34: Items Rows: 790
04-03-19T09:22:34: Starting XSL Transform, this may take awhile.
04-03-19T09:22:34: XSL Transform Complete.
04-03-19T09:22:34: Finished Items
04-03-19T09:22:34: Total Items: 791
04-03-19T09:22:34: File created in final xml folder: Retail Item-221 Sandwich_01.xml
04-03-19T09:22:34: ...
04-03-19T09:22:34: End Log
