06-27-19T11:47:04: Start Log
06-27-19T11:47:04: Processing File: Retail Item-401 Beer & Wine_01.xlsx
06-27-19T11:47:07: Finished File: Retail Item-401 Beer & Wine_01.xlsx
06-27-19T11:47:07: File created in final csv folder: Retail Item-401 Beer & Wine_01.csv
06-27-19T11:47:07: ...
06-27-19T11:47:07: Processing File: Retail Item-601 General Merchan_01.xlsx
06-27-19T11:47:11: Finished File: Retail Item-601 General Merchan_01.xlsx
06-27-19T11:47:11: File created in final csv folder: Retail Item-601 General Merchan_01.csv
06-27-19T11:47:11: ...
06-27-19T11:47:11: Processing File: Retail Item-601 General Merchan_02.xlsx
06-27-19T11:47:15: Finished File: Retail Item-601 General Merchan_02.xlsx
06-27-19T11:47:15: File created in final csv folder: Retail Item-601 General Merchan_02.csv
06-27-19T11:47:15: ...
06-27-19T11:47:15: Processing File: Retail Item-64 M&S Gift Card & Resale_01.xlsx
06-27-19T11:47:19: Finished File: Retail Item-64 M&S Gift Card & Resale_01.xlsx
06-27-19T11:47:19: File created in final csv folder: Retail Item-64 M&S Gift Card & Resale_01.csv
06-27-19T11:47:19: ...
06-27-19T11:47:20: Processing File: Retail Item-800 Miscellanous Sales_01.xlsx
06-27-19T11:47:24: Finished File: Retail Item-800 Miscellanous Sales_01.xlsx
06-27-19T11:47:24: File created in final csv folder: Retail Item-800 Miscellanous Sales_01.csv
06-27-19T11:47:24: ...
06-27-19T11:47:24: Processing File: Retail Item-901 Soft Drinks_01.xlsx
06-27-19T11:47:29: Finished File: Retail Item-901 Soft Drinks_01.xlsx
06-27-19T11:47:29: File created in final csv folder: Retail Item-901 Soft Drinks_01.csv
06-27-19T11:47:29: ...
06-27-19T11:47:29: Processing File: Retail Item-VC Vendor Credit_01.xlsx
06-27-19T11:47:34: Finished File: Retail Item-VC Vendor Credit_01.xlsx
06-27-19T11:47:35: File created in final csv folder: Retail Item-VC Vendor Credit_01.csv
06-27-19T11:47:35: ...
06-27-19T11:47:35: End Log
