09-18-19T14:17:44: Start Log
09-18-19T14:17:44: Processing File: 401 Missing Attributes.xlsx
09-18-19T14:17:46: Finished File: 401 Missing Attributes.xlsx
09-18-19T14:17:46: File created in final csv folder: 401 Missing Attributes.csv
09-18-19T14:17:46: ...
09-18-19T14:17:46: Processing File: 501 Missing Attributes.xlsx
09-18-19T14:17:49: Finished File: 501 Missing Attributes.xlsx
09-18-19T14:17:49: File created in final csv folder: 501 Missing Attributes.csv
09-18-19T14:17:49: ...
09-18-19T14:17:49: Processing File: 601 Missing Attributes.xlsx
09-18-19T14:17:51: Finished File: 601 Missing Attributes.xlsx
09-18-19T14:17:51: File created in final csv folder: 601 Missing Attributes.csv
09-18-19T14:17:51: ...
09-18-19T14:17:51: Processing File: 901 Missing Attributes.xlsx
09-18-19T14:17:53: Finished File: 901 Missing Attributes.xlsx
09-18-19T14:17:53: File created in final csv folder: 901 Missing Attributes.csv
09-18-19T14:17:53: ...
09-18-19T14:17:53: Processing File: Test of Barcode Search Issue.xlsx
09-18-19T14:17:55: Finished File: Test of Barcode Search Issue.xlsx
09-18-19T14:17:55: File created in final csv folder: Test of Barcode Search Issue.csv
09-18-19T14:17:55: ...
09-18-19T14:17:55: End Log
