04-15-19T10:45:46: Start Log
04-15-19T10:45:46: Processing File: Retail Item- Invalid Catgory items.xlsx
04-15-19T10:45:49: Finished File: Retail Item- Invalid Catgory items.xlsx
04-15-19T10:45:49: File created in final csv folder: Retail Item- Invalid Catgory items.csv
04-15-19T10:45:49: ...
04-15-19T10:45:49: Processing File: Retail Item-221 Sandwich_01.xlsx
04-15-19T10:45:52: Finished File: Retail Item-221 Sandwich_01.xlsx
04-15-19T10:45:52: File created in final csv folder: Retail Item-221 Sandwich_01.csv
04-15-19T10:45:52: ...
04-15-19T10:45:52: Processing File: Retail Item-401 Beer & Wine_01.xlsx
04-15-19T10:45:55: Finished File: Retail Item-401 Beer & Wine_01.xlsx
04-15-19T10:45:55: File created in final csv folder: Retail Item-401 Beer & Wine_01.csv
04-15-19T10:45:55: ...
04-15-19T10:45:55: Processing File: Retail Item-601 General Merchan_07.xlsx
04-15-19T10:45:58: Finished File: Retail Item-601 General Merchan_07.xlsx
04-15-19T10:45:58: File created in final csv folder: Retail Item-601 General Merchan_07.csv
04-15-19T10:45:58: ...
04-15-19T10:45:58: Processing File: Retail Item-77 Store Supplies_01.xlsx
04-15-19T10:46:01: Finished File: Retail Item-77 Store Supplies_01.xlsx
04-15-19T10:46:01: File created in final csv folder: Retail Item-77 Store Supplies_01.csv
04-15-19T10:46:01: ...
04-15-19T10:46:01: End Log
