05-20-19T12:28:26: Start Log
05-20-19T12:28:26: Processing File: Retail Item-201 Other Fast Food_01.xlsx
05-20-19T12:28:29: Finished File: Retail Item-201 Other Fast Food_01.xlsx
05-20-19T12:28:29: File created in final csv folder: Retail Item-201 Other Fast Food_01.csv
05-20-19T12:28:29: ...
05-20-19T12:28:29: Processing File: Retail Item-206 Franchise Food_01.xlsx
05-20-19T12:28:32: Finished File: Retail Item-206 Franchise Food_01.xlsx
05-20-19T12:28:32: File created in final csv folder: Retail Item-206 Franchise Food_01.csv
05-20-19T12:28:32: ...
05-20-19T12:28:32: Processing File: Retail Item-212 Hot Beverage_01.xlsx
05-20-19T12:28:34: Finished File: Retail Item-212 Hot Beverage_01.xlsx
05-20-19T12:28:34: File created in final csv folder: Retail Item-212 Hot Beverage_01.csv
05-20-19T12:28:34: ...
05-20-19T12:28:34: Processing File: Retail Item-215 Cold Beverage_01.xlsx
05-20-19T12:28:37: Finished File: Retail Item-215 Cold Beverage_01.xlsx
05-20-19T12:28:37: File created in final csv folder: Retail Item-215 Cold Beverage_01.csv
05-20-19T12:28:37: ...
05-20-19T12:28:37: Processing File: Retail Item-218 Hot Food_01.xlsx
05-20-19T12:28:40: Finished File: Retail Item-218 Hot Food_01.xlsx
05-20-19T12:28:40: File created in final csv folder: Retail Item-218 Hot Food_01.csv
05-20-19T12:28:40: ...
05-20-19T12:28:40: Processing File: Retail Item-221 Sandwich_01.xlsx
05-20-19T12:28:43: Finished File: Retail Item-221 Sandwich_01.xlsx
05-20-19T12:28:43: File created in final csv folder: Retail Item-221 Sandwich_01.csv
05-20-19T12:28:43: ...
05-20-19T12:28:43: Processing File: Retail Item-231 Fresh Bakery_01.xlsx
05-20-19T12:28:45: Finished File: Retail Item-231 Fresh Bakery_01.xlsx
05-20-19T12:28:45: File created in final csv folder: Retail Item-231 Fresh Bakery_01.csv
05-20-19T12:28:45: ...
05-20-19T12:28:45: Processing File: Retail Item-401 Beer & Wine_01.xlsx
05-20-19T12:28:48: Finished File: Retail Item-401 Beer & Wine_01.xlsx
05-20-19T12:28:48: File created in final csv folder: Retail Item-401 Beer & Wine_01.csv
05-20-19T12:28:48: ...
05-20-19T12:28:48: Processing File: Retail Item-501 Cigarettes_01.xlsx
05-20-19T12:28:50: Finished File: Retail Item-501 Cigarettes_01.xlsx
05-20-19T12:28:50: File created in final csv folder: Retail Item-501 Cigarettes_01.csv
05-20-19T12:28:50: ...
05-20-19T12:28:50: Processing File: Retail Item-601 General Merchan_01.xlsx
05-20-19T12:28:53: Finished File: Retail Item-601 General Merchan_01.xlsx
05-20-19T12:28:53: File created in final csv folder: Retail Item-601 General Merchan_01.csv
05-20-19T12:28:53: ...
05-20-19T12:28:53: Processing File: Retail Item-706 Consignment - Gen Mdse_01.xlsx
05-20-19T12:28:56: Finished File: Retail Item-706 Consignment - Gen Mdse_01.xlsx
05-20-19T12:28:56: File created in final csv folder: Retail Item-706 Consignment - Gen Mdse_01.csv
05-20-19T12:28:56: ...
05-20-19T12:28:56: Processing File: Retail Item-707 Consignment - Foodservice_01.xlsx
05-20-19T12:28:58: Finished File: Retail Item-707 Consignment - Foodservice_01.xlsx
05-20-19T12:28:58: File created in final csv folder: Retail Item-707 Consignment - Foodservice_01.csv
05-20-19T12:28:58: ...
05-20-19T12:28:58: Processing File: Retail Item-77 Store Supplies_01.xlsx
05-20-19T12:29:01: Finished File: Retail Item-77 Store Supplies_01.xlsx
05-20-19T12:29:01: File created in final csv folder: Retail Item-77 Store Supplies_01.csv
05-20-19T12:29:01: ...
05-20-19T12:29:01: Processing File: Retail Item-800 Miscellanous Sales_01.xlsx
05-20-19T12:29:03: Finished File: Retail Item-800 Miscellanous Sales_01.xlsx
05-20-19T12:29:03: File created in final csv folder: Retail Item-800 Miscellanous Sales_01.csv
05-20-19T12:29:03: ...
05-20-19T12:29:03: Processing File: Retail Item-901 Soft Drinks_01.xlsx
05-20-19T12:29:05: Finished File: Retail Item-901 Soft Drinks_01.xlsx
05-20-19T12:29:05: File created in final csv folder: Retail Item-901 Soft Drinks_01.csv
05-20-19T12:29:05: ...
05-20-19T12:29:05: End Log
