09-09-19T19:23:23: Start Log
09-09-19T19:23:23: Processing File: Retail Item-06 Eby Tote_01.xlsx
09-09-19T19:23:25: Finished File: Retail Item-06 Eby Tote_01.xlsx
09-09-19T19:23:25: File created in final csv folder: Retail Item-06 Eby Tote_01.csv
09-09-19T19:23:25: ...
09-09-19T19:23:25: Processing File: Retail Item-201 Other Fast Food_01.xlsx
09-09-19T19:23:28: Finished File: Retail Item-201 Other Fast Food_01.xlsx
09-09-19T19:23:28: File created in final csv folder: Retail Item-201 Other Fast Food_01.csv
09-09-19T19:23:28: ...
09-09-19T19:23:28: Processing File: Retail Item-206 Franchise Food_01.xlsx
09-09-19T19:23:31: Finished File: Retail Item-206 Franchise Food_01.xlsx
09-09-19T19:23:31: File created in final csv folder: Retail Item-206 Franchise Food_01.csv
09-09-19T19:23:31: ...
09-09-19T19:23:31: Processing File: Retail Item-212 Hot Beverage_01.xlsx
09-09-19T19:23:34: Finished File: Retail Item-212 Hot Beverage_01.xlsx
09-09-19T19:23:34: File created in final csv folder: Retail Item-212 Hot Beverage_01.csv
09-09-19T19:23:34: ...
09-09-19T19:23:34: Processing File: Retail Item-215 Cold Beverage_01.xlsx
09-09-19T19:23:37: Finished File: Retail Item-215 Cold Beverage_01.xlsx
09-09-19T19:23:37: File created in final csv folder: Retail Item-215 Cold Beverage_01.csv
09-09-19T19:23:37: ...
09-09-19T19:23:37: Processing File: Retail Item-218 Hot Food_01.xlsx
09-09-19T19:23:40: Finished File: Retail Item-218 Hot Food_01.xlsx
09-09-19T19:23:40: File created in final csv folder: Retail Item-218 Hot Food_01.csv
09-09-19T19:23:40: ...
09-09-19T19:23:40: Processing File: Retail Item-221 Sandwich_01.xlsx
09-09-19T19:23:44: Finished File: Retail Item-221 Sandwich_01.xlsx
09-09-19T19:23:44: File created in final csv folder: Retail Item-221 Sandwich_01.csv
09-09-19T19:23:44: ...
09-09-19T19:23:44: Processing File: Retail Item-231 Fresh Bakery_01.xlsx
09-09-19T19:23:46: Finished File: Retail Item-231 Fresh Bakery_01.xlsx
09-09-19T19:23:46: File created in final csv folder: Retail Item-231 Fresh Bakery_01.csv
09-09-19T19:23:47: ...
09-09-19T19:23:47: Processing File: Retail Item-401 Beer & Wine_01.xlsx
09-09-19T19:23:50: Finished File: Retail Item-401 Beer & Wine_01.xlsx
09-09-19T19:23:50: File created in final csv folder: Retail Item-401 Beer & Wine_01.csv
09-09-19T19:23:50: ...
09-09-19T19:23:50: Processing File: Retail Item-501 Cigarettes_01.xlsx
09-09-19T19:23:53: Finished File: Retail Item-501 Cigarettes_01.xlsx
09-09-19T19:23:53: File created in final csv folder: Retail Item-501 Cigarettes_01.csv
09-09-19T19:23:53: ...
09-09-19T19:23:53: Processing File: Retail Item-601 General Merchan_01.xlsx
09-09-19T19:23:57: Finished File: Retail Item-601 General Merchan_01.xlsx
09-09-19T19:23:57: File created in final csv folder: Retail Item-601 General Merchan_01.csv
09-09-19T19:23:57: ...
09-09-19T19:23:57: Processing File: Retail Item-706 Consignment - Gen Mdse_01.xlsx
09-09-19T19:24:01: Finished File: Retail Item-706 Consignment - Gen Mdse_01.xlsx
09-09-19T19:24:01: File created in final csv folder: Retail Item-706 Consignment - Gen Mdse_01.csv
09-09-19T19:24:01: ...
09-09-19T19:24:01: Processing File: Retail Item-77 Store Supplies_01.xlsx
09-09-19T19:24:03: Finished File: Retail Item-77 Store Supplies_01.xlsx
09-09-19T19:24:03: File created in final csv folder: Retail Item-77 Store Supplies_01.csv
09-09-19T19:24:03: ...
09-09-19T19:24:03: Processing File: Retail Item-901 Soft Drinks_01.xlsx
09-09-19T19:24:06: Finished File: Retail Item-901 Soft Drinks_01.xlsx
09-09-19T19:24:06: File created in final csv folder: Retail Item-901 Soft Drinks_01.csv
09-09-19T19:24:07: ...
09-09-19T19:24:07: End Log
