09-11-19T12:54:50: Start Log
09-11-19T12:54:50: Processing File: Retail Item Fix Missing Attributes 09-10-2019.xlsx
09-11-19T12:54:52: Finished File: Retail Item Fix Missing Attributes 09-10-2019.xlsx
09-11-19T12:54:52: File created in final csv folder: Retail Item Fix Missing Attributes 09-10-2019.csv
09-11-19T12:54:52: ...
09-11-19T12:54:52: Processing File: Retail Item-06 Eby Tote_01.xlsx
09-11-19T12:54:55: Finished File: Retail Item-06 Eby Tote_01.xlsx
09-11-19T12:54:55: File created in final csv folder: Retail Item-06 Eby Tote_01.csv
09-11-19T12:54:55: ...
09-11-19T12:54:56: Processing File: Retail Item-201 Other Fast Food_01.xlsx
09-11-19T12:54:58: Finished File: Retail Item-201 Other Fast Food_01.xlsx
09-11-19T12:54:58: File created in final csv folder: Retail Item-201 Other Fast Food_01.csv
09-11-19T12:54:58: ...
09-11-19T12:54:58: Processing File: Retail Item-206 Franchise Food_01.xlsx
09-11-19T12:55:01: Finished File: Retail Item-206 Franchise Food_01.xlsx
09-11-19T12:55:01: File created in final csv folder: Retail Item-206 Franchise Food_01.csv
09-11-19T12:55:01: ...
09-11-19T12:55:01: Processing File: Retail Item-212 Hot Beverage_01.xlsx
09-11-19T12:55:03: Finished File: Retail Item-212 Hot Beverage_01.xlsx
09-11-19T12:55:03: File created in final csv folder: Retail Item-212 Hot Beverage_01.csv
09-11-19T12:55:03: ...
09-11-19T12:55:04: Processing File: Retail Item-215 Cold Beverage_01.xlsx
09-11-19T12:55:05: Finished File: Retail Item-215 Cold Beverage_01.xlsx
09-11-19T12:55:05: File created in final csv folder: Retail Item-215 Cold Beverage_01.csv
09-11-19T12:55:05: ...
09-11-19T12:55:05: Processing File: Retail Item-218 Hot Food_01.xlsx
09-11-19T12:55:08: Finished File: Retail Item-218 Hot Food_01.xlsx
09-11-19T12:55:08: File created in final csv folder: Retail Item-218 Hot Food_01.csv
09-11-19T12:55:08: ...
09-11-19T12:55:08: Processing File: Retail Item-221 Sandwich_01.xlsx
09-11-19T12:55:10: Finished File: Retail Item-221 Sandwich_01.xlsx
09-11-19T12:55:10: File created in final csv folder: Retail Item-221 Sandwich_01.csv
09-11-19T12:55:10: ...
09-11-19T12:55:10: Processing File: Retail Item-231 Fresh Bakery_01.xlsx
09-11-19T12:55:12: Finished File: Retail Item-231 Fresh Bakery_01.xlsx
09-11-19T12:55:12: File created in final csv folder: Retail Item-231 Fresh Bakery_01.csv
09-11-19T12:55:12: ...
09-11-19T12:55:12: Processing File: Retail Item-401 Beer & Wine_01.xlsx
09-11-19T12:55:15: Finished File: Retail Item-401 Beer & Wine_01.xlsx
09-11-19T12:55:15: File created in final csv folder: Retail Item-401 Beer & Wine_01.csv
09-11-19T12:55:15: ...
09-11-19T12:55:15: Processing File: Retail Item-501 Cigarettes_01.xlsx
09-11-19T12:55:17: Finished File: Retail Item-501 Cigarettes_01.xlsx
09-11-19T12:55:17: File created in final csv folder: Retail Item-501 Cigarettes_01.csv
09-11-19T12:55:17: ...
09-11-19T12:55:17: Processing File: Retail Item-601 General Merchan_01.xlsx
09-11-19T12:55:19: Finished File: Retail Item-601 General Merchan_01.xlsx
09-11-19T12:55:19: File created in final csv folder: Retail Item-601 General Merchan_01.csv
09-11-19T12:55:19: ...
09-11-19T12:55:20: Processing File: Retail Item-706 Consignment - Gen Mdse_01.xlsx
09-11-19T12:55:22: Finished File: Retail Item-706 Consignment - Gen Mdse_01.xlsx
09-11-19T12:55:22: File created in final csv folder: Retail Item-706 Consignment - Gen Mdse_01.csv
09-11-19T12:55:22: ...
09-11-19T12:55:22: Processing File: Retail Item-77 Store Supplies_01.xlsx
09-11-19T12:55:24: Finished File: Retail Item-77 Store Supplies_01.xlsx
09-11-19T12:55:24: File created in final csv folder: Retail Item-77 Store Supplies_01.csv
09-11-19T12:55:24: ...
09-11-19T12:55:24: Processing File: Retail Item-901 Soft Drinks_01.xlsx
09-11-19T12:55:26: Finished File: Retail Item-901 Soft Drinks_01.xlsx
09-11-19T12:55:26: File created in final csv folder: Retail Item-901 Soft Drinks_01.csv
09-11-19T12:55:26: ...
09-11-19T12:55:27: Processing File: Retail Item-Missing Items Based on Spreadsheet.xlsx
09-11-19T12:55:29: Finished File: Retail Item-Missing Items Based on Spreadsheet.xlsx
09-11-19T12:55:29: File created in final csv folder: Retail Item-Missing Items Based on Spreadsheet.csv
09-11-19T12:55:29: ...
09-11-19T12:55:29: End Log
