09-11-19T12:09:21: Start Log
09-11-19T12:09:21: Processing File: Retail Item Fix Missing Attributes 09-10-2019.xlsx
09-11-19T12:09:23: Finished File: Retail Item Fix Missing Attributes 09-10-2019.xlsx
09-11-19T12:09:23: File created in final csv folder: Retail Item Fix Missing Attributes 09-10-2019.csv
09-11-19T12:09:23: ...
09-11-19T12:09:23: Processing File: Retail Item-06 Eby Tote_01.xlsx
09-11-19T12:09:25: Finished File: Retail Item-06 Eby Tote_01.xlsx
09-11-19T12:09:25: File created in final csv folder: Retail Item-06 Eby Tote_01.csv
09-11-19T12:09:25: ...
09-11-19T12:09:25: Processing File: Retail Item-201 Other Fast Food_01.xlsx
09-11-19T12:09:27: Finished File: Retail Item-201 Other Fast Food_01.xlsx
09-11-19T12:09:27: File created in final csv folder: Retail Item-201 Other Fast Food_01.csv
09-11-19T12:09:27: ...
09-11-19T12:09:27: Processing File: Retail Item-206 Franchise Food_01.xlsx
09-11-19T12:09:28: Finished File: Retail Item-206 Franchise Food_01.xlsx
09-11-19T12:09:28: File created in final csv folder: Retail Item-206 Franchise Food_01.csv
09-11-19T12:09:28: ...
09-11-19T12:09:29: Processing File: Retail Item-212 Hot Beverage_01.xlsx
09-11-19T12:09:30: Finished File: Retail Item-212 Hot Beverage_01.xlsx
09-11-19T12:09:30: File created in final csv folder: Retail Item-212 Hot Beverage_01.csv
09-11-19T12:09:30: ...
09-11-19T12:09:30: Processing File: Retail Item-215 Cold Beverage_01.xlsx
09-11-19T12:09:32: Finished File: Retail Item-215 Cold Beverage_01.xlsx
09-11-19T12:09:32: File created in final csv folder: Retail Item-215 Cold Beverage_01.csv
09-11-19T12:09:32: ...
09-11-19T12:09:32: Processing File: Retail Item-218 Hot Food_01.xlsx
09-11-19T12:09:34: Finished File: Retail Item-218 Hot Food_01.xlsx
09-11-19T12:09:34: File created in final csv folder: Retail Item-218 Hot Food_01.csv
09-11-19T12:09:34: ...
09-11-19T12:09:34: Processing File: Retail Item-221 Sandwich_01.xlsx
09-11-19T12:09:36: Finished File: Retail Item-221 Sandwich_01.xlsx
09-11-19T12:09:36: File created in final csv folder: Retail Item-221 Sandwich_01.csv
09-11-19T12:09:36: ...
09-11-19T12:09:36: Processing File: Retail Item-231 Fresh Bakery_01.xlsx
09-11-19T12:09:38: Finished File: Retail Item-231 Fresh Bakery_01.xlsx
09-11-19T12:09:38: File created in final csv folder: Retail Item-231 Fresh Bakery_01.csv
09-11-19T12:09:38: ...
09-11-19T12:09:38: Processing File: Retail Item-401 Beer & Wine_01.xlsx
09-11-19T12:09:40: Finished File: Retail Item-401 Beer & Wine_01.xlsx
09-11-19T12:09:40: File created in final csv folder: Retail Item-401 Beer & Wine_01.csv
09-11-19T12:09:40: ...
09-11-19T12:09:40: Processing File: Retail Item-501 Cigarettes_01.xlsx
09-11-19T12:09:42: Finished File: Retail Item-501 Cigarettes_01.xlsx
09-11-19T12:09:42: File created in final csv folder: Retail Item-501 Cigarettes_01.csv
09-11-19T12:09:42: ...
09-11-19T12:09:42: Processing File: Retail Item-601 General Merchan_01.xlsx
09-11-19T12:09:44: Finished File: Retail Item-601 General Merchan_01.xlsx
09-11-19T12:09:44: File created in final csv folder: Retail Item-601 General Merchan_01.csv
09-11-19T12:09:44: ...
09-11-19T12:09:44: Processing File: Retail Item-706 Consignment - Gen Mdse_01.xlsx
09-11-19T12:09:46: Finished File: Retail Item-706 Consignment - Gen Mdse_01.xlsx
09-11-19T12:09:46: File created in final csv folder: Retail Item-706 Consignment - Gen Mdse_01.csv
09-11-19T12:09:46: ...
09-11-19T12:09:46: Processing File: Retail Item-77 Store Supplies_01.xlsx
09-11-19T12:09:48: Finished File: Retail Item-77 Store Supplies_01.xlsx
09-11-19T12:09:48: File created in final csv folder: Retail Item-77 Store Supplies_01.csv
09-11-19T12:09:48: ...
09-11-19T12:09:49: Processing File: Retail Item-901 Soft Drinks_01.xlsx
09-11-19T12:09:51: Finished File: Retail Item-901 Soft Drinks_01.xlsx
09-11-19T12:09:51: File created in final csv folder: Retail Item-901 Soft Drinks_01.csv
09-11-19T12:09:51: ...
09-11-19T12:09:51: Processing File: Retail Item-Missing Items Based on Spreadsheet.xlsx
09-11-19T12:09:53: Finished File: Retail Item-Missing Items Based on Spreadsheet.xlsx
09-11-19T12:09:53: File created in final csv folder: Retail Item-Missing Items Based on Spreadsheet.csv
09-11-19T12:09:53: ...
09-11-19T12:09:53: End Log
