09-09-19T19:54:12: Start Log
09-09-19T19:54:12: Processing File: Retail Item-06 Eby Tote_01.xlsx
09-09-19T19:54:14: Finished File: Retail Item-06 Eby Tote_01.xlsx
09-09-19T19:54:14: File created in final csv folder: Retail Item-06 Eby Tote_01.csv
09-09-19T19:54:14: ...
09-09-19T19:54:14: Processing File: Retail Item-201 Other Fast Food_01.xlsx
09-09-19T19:54:17: Finished File: Retail Item-201 Other Fast Food_01.xlsx
09-09-19T19:54:17: File created in final csv folder: Retail Item-201 Other Fast Food_01.csv
09-09-19T19:54:17: ...
09-09-19T19:54:17: Processing File: Retail Item-206 Franchise Food_01.xlsx
09-09-19T19:54:20: Finished File: Retail Item-206 Franchise Food_01.xlsx
09-09-19T19:54:21: File created in final csv folder: Retail Item-206 Franchise Food_01.csv
09-09-19T19:54:21: ...
09-09-19T19:54:21: Processing File: Retail Item-212 Hot Beverage_01.xlsx
09-09-19T19:54:24: Finished File: Retail Item-212 Hot Beverage_01.xlsx
09-09-19T19:54:24: File created in final csv folder: Retail Item-212 Hot Beverage_01.csv
09-09-19T19:54:24: ...
09-09-19T19:54:24: Processing File: Retail Item-215 Cold Beverage_01.xlsx
09-09-19T19:54:30: Item Rows: 10, External Id: 37003380
09-09-19T19:54:31: Finished File: Retail Item-215 Cold Beverage_01.xlsx
09-09-19T19:54:31: File created in final csv folder: Retail Item-215 Cold Beverage_01.csv
09-09-19T19:54:31: ...
09-09-19T19:54:31: Processing File: Retail Item-218 Hot Food_01.xlsx
09-09-19T19:54:40: Item Rows: 10, External Id: 1125833
09-09-19T19:54:41: Item Rows: 20, External Id: 1125886
09-09-19T19:54:42: Item Rows: 30, External Id: 1125903
09-09-19T19:54:45: Item Rows: 40, External Id: 1125926
09-09-19T19:54:45: Finished File: Retail Item-218 Hot Food_01.xlsx
09-09-19T19:54:45: File created in final csv folder: Retail Item-218 Hot Food_01.csv
09-09-19T19:54:45: ...
09-09-19T19:54:45: Processing File: Retail Item-221 Sandwich_01.xlsx
09-09-19T19:54:50: Item Rows: 10, External Id: 1125312
09-09-19T19:54:50: Item Rows: 20, External Id: 1125786
09-09-19T19:54:51: Finished File: Retail Item-221 Sandwich_01.xlsx
09-09-19T19:54:51: File created in final csv folder: Retail Item-221 Sandwich_01.csv
09-09-19T19:54:51: ...
09-09-19T19:54:51: Processing File: Retail Item-231 Fresh Bakery_01.xlsx
09-09-19T19:54:55: Item Rows: 10, External Id: 37003373
09-09-19T19:54:56: Item Rows: 20, External Id: 1125574
09-09-19T19:54:57: Item Rows: 30, External Id: 1126150
09-09-19T19:54:57: Item Rows: 40, External Id: 1126160
09-09-19T19:54:59: Item Rows: 50, External Id: 1126170
09-09-19T19:55:00: Finished File: Retail Item-231 Fresh Bakery_01.xlsx
09-09-19T19:55:00: File created in final csv folder: Retail Item-231 Fresh Bakery_01.csv
09-09-19T19:55:00: ...
09-09-19T19:55:00: Processing File: Retail Item-401 Beer & Wine_01.xlsx
09-09-19T19:55:04: Item Rows: 10, External Id: 1125328
09-09-19T19:55:04: Item Rows: 20, External Id: 38002010
09-09-19T19:55:05: Item Rows: 30, External Id: 1125425
09-09-19T19:55:06: Item Rows: 40, External Id: 1125537
09-09-19T19:55:06: Item Rows: 50, External Id: 1125555
09-09-19T19:55:07: Item Rows: 60, External Id: 1125565
09-09-19T19:55:08: Item Rows: 70, External Id: 1125607
09-09-19T19:55:08: Item Rows: 80, External Id: 1125617
09-09-19T19:55:09: Item Rows: 90, External Id: 1125653
09-09-19T19:55:10: Item Rows: 100, External Id: 1125674
09-09-19T19:55:11: Item Rows: 110, External Id: 1125701
09-09-19T19:55:12: Item Rows: 120, External Id: 1125719
09-09-19T19:55:12: Item Rows: 130, External Id: 1125936
09-09-19T19:55:13: Item Rows: 140, External Id: 1126090
09-09-19T19:55:14: Item Rows: 150, External Id: 1126118
09-09-19T19:55:14: Item Rows: 160, External Id: 1126129
09-09-19T19:55:15: Item Rows: 170, External Id: 1126138
09-09-19T19:55:16: Item Rows: 180, External Id: 1014865
09-09-19T19:55:17: Item Rows: 190, External Id: 1116196
09-09-19T19:55:17: Item Rows: 200, External Id: 1116277
09-09-19T19:55:18: Item Rows: 210, External Id: 1116305
09-09-19T19:55:18: Item Rows: 220, External Id: 1116320
09-09-19T19:55:19: Item Rows: 230, External Id: 1116354
09-09-19T19:55:20: Item Rows: 240, External Id: 1116376
09-09-19T19:55:20: Item Rows: 250, External Id: 1116389
09-09-19T19:55:21: Item Rows: 260, External Id: 1116459
09-09-19T19:55:22: Item Rows: 270, External Id: 1116490
09-09-19T19:55:22: Finished File: Retail Item-401 Beer & Wine_01.xlsx
09-09-19T19:55:22: File created in final csv folder: Retail Item-401 Beer & Wine_01.csv
09-09-19T19:55:22: ...
09-09-19T19:55:22: Processing File: Retail Item-501 Cigarettes_01.xlsx
09-09-19T19:55:25: Item Rows: 10, External Id: 1126186
09-09-19T19:55:26: Finished File: Retail Item-501 Cigarettes_01.xlsx
09-09-19T19:55:26: File created in final csv folder: Retail Item-501 Cigarettes_01.csv
09-09-19T19:55:26: ...
09-09-19T19:55:26: Processing File: Retail Item-601 General Merchan_01.xlsx
09-09-19T19:55:29: Item Rows: 10, External Id: 1125099
09-09-19T19:55:30: Item Rows: 20, External Id: 1125109
09-09-19T19:55:31: Item Rows: 30, External Id: 1125119
09-09-19T19:55:32: Item Rows: 40, External Id: 1125129
09-09-19T19:55:33: Item Rows: 50, External Id: 1125139
09-09-19T19:55:33: Item Rows: 60, External Id: 1125153
09-09-19T19:55:34: Item Rows: 70, External Id: 1125163
09-09-19T19:55:35: Item Rows: 80, External Id: 1125173
09-09-19T19:55:36: Item Rows: 90, External Id: 1125183
09-09-19T19:55:36: Item Rows: 100, External Id: 1125198
09-09-19T19:55:37: Item Rows: 110, External Id: 1125208
09-09-19T19:55:38: Item Rows: 120, External Id: 1125225
09-09-19T19:55:38: Item Rows: 130, External Id: 1125244
09-09-19T19:55:39: Item Rows: 140, External Id: 1125263
09-09-19T19:55:39: Item Rows: 150, External Id: 1125273
09-09-19T19:55:40: Item Rows: 160, External Id: 1125315
09-09-19T19:55:41: Item Rows: 170, External Id: 1125335
09-09-19T19:55:42: Item Rows: 180, External Id: 1125347
09-09-19T19:55:42: Item Rows: 190, External Id: 1125378
09-09-19T19:55:43: Item Rows: 200, External Id: 1125445
09-09-19T19:55:44: Item Rows: 210, External Id: 1125474
09-09-19T19:55:44: Item Rows: 220, External Id: 1125490
09-09-19T19:55:45: Item Rows: 230, External Id: 1125520
09-09-19T19:55:46: Item Rows: 240, External Id: 1125533
09-09-19T19:55:47: Item Rows: 250, External Id: 1125570
09-09-19T19:55:47: Item Rows: 260, External Id: 1125620
09-09-19T19:55:48: Item Rows: 270, External Id: 1125636
09-09-19T19:55:49: Item Rows: 280, External Id: 1125656
09-09-19T19:55:49: Item Rows: 290, External Id: 1125688
09-09-19T19:55:50: Item Rows: 300, External Id: 1125725
09-09-19T19:55:50: Item Rows: 310, External Id: 1125749
09-09-19T19:55:51: Item Rows: 320, External Id: 1125840
09-09-19T19:55:52: Item Rows: 330, External Id: 1125851
09-09-19T19:55:53: Item Rows: 340, External Id: 1125863
09-09-19T19:55:54: Item Rows: 350, External Id: 1125919
09-09-19T19:55:55: Item Rows: 360, External Id: 1125943
09-09-19T19:55:56: Item Rows: 370, External Id: 1126064
09-09-19T19:55:57: Item Rows: 380, External Id: 1126249
09-09-19T19:55:58: Item Rows: 390, External Id: 1126258
09-09-19T19:55:58: Item Rows: 400, External Id: 1126268
09-09-19T19:55:59: Item Rows: 410, External Id: 1126278
09-09-19T19:56:00: Item Rows: 420, External Id: 1126289
09-09-19T19:56:01: Item Rows: 430, External Id: 1126299
09-09-19T19:56:02: Finished File: Retail Item-601 General Merchan_01.xlsx
09-09-19T19:56:02: File created in final csv folder: Retail Item-601 General Merchan_01.csv
09-09-19T19:56:02: ...
09-09-19T19:56:02: Processing File: Retail Item-706 Consignment - Gen Mdse_01.xlsx
09-09-19T19:56:06: Item Rows: 10, External Id: 1125360
09-09-19T19:56:06: Item Rows: 20, External Id: 1125403
09-09-19T19:56:07: Item Rows: 30, External Id: 1125413
09-09-19T19:56:08: Item Rows: 40, External Id: 1125510
09-09-19T19:56:08: Item Rows: 50, External Id: 1125709
09-09-19T19:56:09: Item Rows: 60, External Id: 1126016
09-09-19T19:56:10: Item Rows: 70, External Id: 1126027
09-09-19T19:56:10: Item Rows: 80, External Id: 1126203
09-09-19T19:56:11: Item Rows: 90, External Id: 1126224
09-09-19T19:56:11: Item Rows: 100, External Id: 1068078
09-09-19T19:56:11: Finished File: Retail Item-706 Consignment - Gen Mdse_01.xlsx
09-09-19T19:56:11: File created in final csv folder: Retail Item-706 Consignment - Gen Mdse_01.csv
09-09-19T19:56:11: ...
09-09-19T19:56:11: Processing File: Retail Item-77 Store Supplies_01.xlsx
09-09-19T19:56:15: Finished File: Retail Item-77 Store Supplies_01.xlsx
09-09-19T19:56:15: File created in final csv folder: Retail Item-77 Store Supplies_01.csv
09-09-19T19:56:15: ...
09-09-19T19:56:15: Processing File: Retail Item-901 Soft Drinks_01.xlsx
09-09-19T19:56:19: Item Rows: 10, External Id: 1126235
09-09-19T19:56:19: Finished File: Retail Item-901 Soft Drinks_01.xlsx
09-09-19T19:56:19: File created in final csv folder: Retail Item-901 Soft Drinks_01.csv
09-09-19T19:56:19: ...
09-09-19T19:56:19: End Log
