04-04-19T10:53:36: Start Log
04-04-19T10:53:36: Found Input File: C:\Users\chuck\Documents\ROC\Speedway-Source\Data Extraction And Loading\Import Files\Retail Item\FinalCSV\Retail Item-201 Other Fast Food_01.csv
04-04-19T10:53:43: Items Rows: 10
04-04-19T10:53:43: Items Rows: 20
04-04-19T10:53:43: Items Rows: 30
04-04-19T10:53:43: Items Rows: 40
04-04-19T10:53:43: Items Rows: 50
04-04-19T10:53:43: Items Rows: 60
04-04-19T10:53:43: Items Rows: 70
04-04-19T10:53:43: Items Rows: 80
04-04-19T10:53:43: Items Rows: 90
04-04-19T10:53:43: Items Rows: 100
04-04-19T10:53:43: Items Rows: 110
04-04-19T10:53:43: Items Rows: 120
04-04-19T10:53:43: Items Rows: 130
04-04-19T10:53:43: Items Rows: 140
04-04-19T10:53:43: Items Rows: 150
04-04-19T10:53:43: Items Rows: 160
04-04-19T10:53:43: Items Rows: 170
04-04-19T10:53:43: Items Rows: 180
04-04-19T10:53:43: Items Rows: 190
04-04-19T10:53:43: Starting XSL Transform, this may take awhile.
04-04-19T10:53:43: XSL Transform Complete.
04-04-19T10:53:43: Finished Items
04-04-19T10:53:43: Total Items: 194
04-04-19T10:53:43: File created in final xml folder: Retail Item-201 Other Fast Food_01.xml
04-04-19T10:53:43: ...
04-04-19T10:53:43: Found Input File: C:\Users\chuck\Documents\ROC\Speedway-Source\Data Extraction And Loading\Import Files\Retail Item\FinalCSV\Retail Item-601 General Merchan_01.csv
04-04-19T10:53:43: Items Rows: 10
04-04-19T10:53:43: Items Rows: 20
04-04-19T10:53:43: Items Rows: 30
04-04-19T10:53:43: Items Rows: 40
04-04-19T10:53:43: Items Rows: 50
04-04-19T10:53:43: Items Rows: 60
04-04-19T10:53:43: Items Rows: 70
04-04-19T10:53:46: Items Rows: 80
04-04-19T10:53:46: Items Rows: 90
04-04-19T10:53:46: Items Rows: 100
04-04-19T10:53:46: Items Rows: 110
04-04-19T10:53:46: Items Rows: 120
04-04-19T10:53:50: Items Rows: 130
04-04-19T10:53:50: Items Rows: 140
04-04-19T10:53:50: Items Rows: 150
04-04-19T10:53:50: Items Rows: 160
04-04-19T10:53:50: Items Rows: 170
