04-04-19T14:50:00: Start Log
04-04-19T14:50:00: Processing File: Retail Item-201 Other Fast Food_01.xlsx
04-04-19T14:50:03: Finished File: Retail Item-201 Other Fast Food_01.xlsx
04-04-19T14:50:03: File created in final csv folder: Retail Item-201 Other Fast Food_01.csv
04-04-19T14:50:03: ...
04-04-19T14:50:03: Processing File: Retail Item-215 Cold Beverage_01.xlsx
04-04-19T14:50:06: Finished File: Retail Item-215 Cold Beverage_01.xlsx
04-04-19T14:50:06: File created in final csv folder: Retail Item-215 Cold Beverage_01.csv
04-04-19T14:50:06: ...
04-04-19T14:50:06: Processing File: Retail Item-218 Hot Food_01.xlsx
04-04-19T14:50:09: Finished File: Retail Item-218 Hot Food_01.xlsx
04-04-19T14:50:09: File created in final csv folder: Retail Item-218 Hot Food_01.csv
04-04-19T14:50:09: ...
04-04-19T14:50:09: Processing File: Retail Item-221 Sandwich_01.xlsx
04-04-19T14:50:12: Finished File: Retail Item-221 Sandwich_01.xlsx
04-04-19T14:50:12: File created in final csv folder: Retail Item-221 Sandwich_01.csv
04-04-19T14:50:12: ...
04-04-19T14:50:12: Processing File: Retail Item-221 Sandwich_02.xlsx
04-04-19T14:50:15: Finished File: Retail Item-221 Sandwich_02.xlsx
04-04-19T14:50:15: File created in final csv folder: Retail Item-221 Sandwich_02.csv
04-04-19T14:50:15: ...
04-04-19T14:50:15: Processing File: Retail Item-221 Sandwich_03.xlsx
04-04-19T14:50:18: Finished File: Retail Item-221 Sandwich_03.xlsx
04-04-19T14:50:18: File created in final csv folder: Retail Item-221 Sandwich_03.csv
04-04-19T14:50:18: ...
04-04-19T14:50:18: Processing File: Retail Item-231 Fresh Bakery_01.xlsx
04-04-19T14:50:22: Finished File: Retail Item-231 Fresh Bakery_01.xlsx
04-04-19T14:50:22: File created in final csv folder: Retail Item-231 Fresh Bakery_01.csv
04-04-19T14:50:22: ...
04-04-19T14:50:22: Processing File: Retail Item-401 Beer & Wine_01.xlsx
04-04-19T14:50:25: Finished File: Retail Item-401 Beer & Wine_01.xlsx
04-04-19T14:50:25: File created in final csv folder: Retail Item-401 Beer & Wine_01.csv
04-04-19T14:50:25: ...
04-04-19T14:50:25: Processing File: Retail Item-401 Beer & Wine_02.xlsx
04-04-19T14:50:28: Finished File: Retail Item-401 Beer & Wine_02.xlsx
04-04-19T14:50:28: File created in final csv folder: Retail Item-401 Beer & Wine_02.csv
04-04-19T14:50:28: ...
04-04-19T14:50:28: Processing File: Retail Item-401 Beer & Wine_03.xlsx
04-04-19T14:50:31: Finished File: Retail Item-401 Beer & Wine_03.xlsx
04-04-19T14:50:31: File created in final csv folder: Retail Item-401 Beer & Wine_03.csv
04-04-19T14:50:31: ...
04-04-19T14:50:31: Processing File: Retail Item-401 Beer & Wine_04.xlsx
04-04-19T14:50:34: Finished File: Retail Item-401 Beer & Wine_04.xlsx
04-04-19T14:50:34: File created in final csv folder: Retail Item-401 Beer & Wine_04.csv
04-04-19T14:50:34: ...
04-04-19T14:50:34: Processing File: Retail Item-401 Beer & Wine_05.xlsx
04-04-19T14:50:37: Finished File: Retail Item-401 Beer & Wine_05.xlsx
04-04-19T14:50:37: File created in final csv folder: Retail Item-401 Beer & Wine_05.csv
04-04-19T14:50:37: ...
04-04-19T14:50:37: Processing File: Retail Item-401 Beer & Wine_06.xlsx
04-04-19T14:50:40: Finished File: Retail Item-401 Beer & Wine_06.xlsx
04-04-19T14:50:40: File created in final csv folder: Retail Item-401 Beer & Wine_06.csv
04-04-19T14:50:40: ...
04-04-19T14:50:40: Processing File: Retail Item-401 Beer & Wine_07.xlsx
04-04-19T14:50:43: Finished File: Retail Item-401 Beer & Wine_07.xlsx
04-04-19T14:50:43: File created in final csv folder: Retail Item-401 Beer & Wine_07.csv
04-04-19T14:50:43: ...
04-04-19T14:50:43: Processing File: Retail Item-501 Cigarettes_01.xlsx
04-04-19T14:50:46: Finished File: Retail Item-501 Cigarettes_01.xlsx
04-04-19T14:50:46: File created in final csv folder: Retail Item-501 Cigarettes_01.csv
04-04-19T14:50:46: ...
04-04-19T14:50:46: Processing File: Retail Item-501 Cigarettes_03.xlsx
04-04-19T14:50:49: Finished File: Retail Item-501 Cigarettes_03.xlsx
04-04-19T14:50:49: File created in final csv folder: Retail Item-501 Cigarettes_03.csv
04-04-19T14:50:49: ...
04-04-19T14:50:49: Processing File: Retail Item-601 General Merchan_01.xlsx
04-04-19T14:50:52: Finished File: Retail Item-601 General Merchan_01.xlsx
04-04-19T14:50:52: File created in final csv folder: Retail Item-601 General Merchan_01.csv
04-04-19T14:50:52: ...
04-04-19T14:50:52: Processing File: Retail Item-601 General Merchan_02.xlsx
04-04-19T14:50:55: Finished File: Retail Item-601 General Merchan_02.xlsx
04-04-19T14:50:55: File created in final csv folder: Retail Item-601 General Merchan_02.csv
04-04-19T14:50:55: ...
04-04-19T14:50:55: Processing File: Retail Item-601 General Merchan_03.xlsx
04-04-19T14:50:58: Finished File: Retail Item-601 General Merchan_03.xlsx
04-04-19T14:50:58: File created in final csv folder: Retail Item-601 General Merchan_03.csv
04-04-19T14:50:58: ...
04-04-19T14:50:58: Processing File: Retail Item-601 General Merchan_04.xlsx
04-04-19T14:51:02: Finished File: Retail Item-601 General Merchan_04.xlsx
04-04-19T14:51:02: File created in final csv folder: Retail Item-601 General Merchan_04.csv
04-04-19T14:51:02: ...
04-04-19T14:51:02: Processing File: Retail Item-601 General Merchan_05.xlsx
04-04-19T14:51:04: Finished File: Retail Item-601 General Merchan_05.xlsx
04-04-19T14:51:04: File created in final csv folder: Retail Item-601 General Merchan_05.csv
04-04-19T14:51:04: ...
04-04-19T14:51:04: Processing File: Retail Item-601 General Merchan_06.xlsx
04-04-19T14:51:07: Finished File: Retail Item-601 General Merchan_06.xlsx
04-04-19T14:51:07: File created in final csv folder: Retail Item-601 General Merchan_06.csv
04-04-19T14:51:07: ...
04-04-19T14:51:08: Processing File: Retail Item-601 General Merchan_07.xlsx
04-04-19T14:51:10: Finished File: Retail Item-601 General Merchan_07.xlsx
04-04-19T14:51:10: File created in final csv folder: Retail Item-601 General Merchan_07.csv
04-04-19T14:51:10: ...
04-04-19T14:51:10: Processing File: Retail Item-601 General Merchan_08.xlsx
04-04-19T14:51:13: Finished File: Retail Item-601 General Merchan_08.xlsx
04-04-19T14:51:13: File created in final csv folder: Retail Item-601 General Merchan_08.csv
04-04-19T14:51:13: ...
04-04-19T14:51:13: Processing File: Retail Item-601 General Merchan_09.xlsx
04-04-19T14:51:16: Finished File: Retail Item-601 General Merchan_09.xlsx
04-04-19T14:51:16: File created in final csv folder: Retail Item-601 General Merchan_09.csv
04-04-19T14:51:16: ...
04-04-19T14:51:16: Processing File: Retail Item-601 General Merchan_10.xlsx
04-04-19T14:51:19: Finished File: Retail Item-601 General Merchan_10.xlsx
04-04-19T14:51:19: File created in final csv folder: Retail Item-601 General Merchan_10.csv
04-04-19T14:51:19: ...
04-04-19T14:51:20: Processing File: Retail Item-601 General Merchan_11.xlsx
04-04-19T14:51:23: Finished File: Retail Item-601 General Merchan_11.xlsx
04-04-19T14:51:23: File created in final csv folder: Retail Item-601 General Merchan_11.csv
04-04-19T14:51:23: ...
04-04-19T14:51:23: Processing File: Retail Item-601 General Merchan_12.xlsx
04-04-19T14:51:26: Finished File: Retail Item-601 General Merchan_12.xlsx
04-04-19T14:51:26: File created in final csv folder: Retail Item-601 General Merchan_12.csv
04-04-19T14:51:26: ...
04-04-19T14:51:26: Processing File: Retail Item-601 General Merchan_13.xlsx
04-04-19T14:51:29: Finished File: Retail Item-601 General Merchan_13.xlsx
04-04-19T14:51:29: File created in final csv folder: Retail Item-601 General Merchan_13.csv
04-04-19T14:51:29: ...
04-04-19T14:51:29: Processing File: Retail Item-601 General Merchan_14.xlsx
04-04-19T14:51:32: Finished File: Retail Item-601 General Merchan_14.xlsx
04-04-19T14:51:32: File created in final csv folder: Retail Item-601 General Merchan_14.csv
04-04-19T14:51:32: ...
04-04-19T14:51:32: Processing File: Retail Item-601 General Merchan_15.xlsx
04-04-19T14:51:35: Finished File: Retail Item-601 General Merchan_15.xlsx
04-04-19T14:51:35: File created in final csv folder: Retail Item-601 General Merchan_15.csv
04-04-19T14:51:35: ...
04-04-19T14:51:36: Processing File: Retail Item-601 General Merchan_16.xlsx
04-04-19T14:51:39: Finished File: Retail Item-601 General Merchan_16.xlsx
04-04-19T14:51:39: File created in final csv folder: Retail Item-601 General Merchan_16.csv
04-04-19T14:51:39: ...
04-04-19T14:51:39: Processing File: Retail Item-601 General Merchan_17.xlsx
04-04-19T14:51:42: Finished File: Retail Item-601 General Merchan_17.xlsx
04-04-19T14:51:42: File created in final csv folder: Retail Item-601 General Merchan_17.csv
04-04-19T14:51:42: ...
04-04-19T14:51:42: Processing File: Retail Item-601 General Merchan_18.xlsx
04-04-19T14:51:44: Finished File: Retail Item-601 General Merchan_18.xlsx
04-04-19T14:51:45: File created in final csv folder: Retail Item-601 General Merchan_18.csv
04-04-19T14:51:45: ...
04-04-19T14:51:45: Processing File: Retail Item-601 General Merchan_19.xlsx
04-04-19T14:51:48: Finished File: Retail Item-601 General Merchan_19.xlsx
04-04-19T14:51:48: File created in final csv folder: Retail Item-601 General Merchan_19.csv
04-04-19T14:51:48: ...
04-04-19T14:51:48: Processing File: Retail Item-601 General Merchan_20.xlsx
04-04-19T14:51:51: Finished File: Retail Item-601 General Merchan_20.xlsx
04-04-19T14:51:51: File created in final csv folder: Retail Item-601 General Merchan_20.csv
04-04-19T14:51:51: ...
04-04-19T14:51:51: Processing File: Retail Item-601 General Merchan_21.xlsx
04-04-19T14:51:54: Finished File: Retail Item-601 General Merchan_21.xlsx
04-04-19T14:51:54: File created in final csv folder: Retail Item-601 General Merchan_21.csv
04-04-19T14:51:54: ...
04-04-19T14:51:54: Processing File: Retail Item-601 General Merchan_22.xlsx
04-04-19T14:51:57: Finished File: Retail Item-601 General Merchan_22.xlsx
04-04-19T14:51:57: File created in final csv folder: Retail Item-601 General Merchan_22.csv
04-04-19T14:51:57: ...
04-04-19T14:51:57: Processing File: Retail Item-601 General Merchan_23.xlsx
04-04-19T14:52:00: Finished File: Retail Item-601 General Merchan_23.xlsx
04-04-19T14:52:00: File created in final csv folder: Retail Item-601 General Merchan_23.csv
04-04-19T14:52:00: ...
04-04-19T14:52:00: Processing File: Retail Item-601 General Merchan_24.xlsx
04-04-19T14:52:03: Finished File: Retail Item-601 General Merchan_24.xlsx
04-04-19T14:52:03: File created in final csv folder: Retail Item-601 General Merchan_24.csv
04-04-19T14:52:03: ...
04-04-19T14:52:03: Processing File: Retail Item-601 General Merchan_25.xlsx
04-04-19T14:52:06: Finished File: Retail Item-601 General Merchan_25.xlsx
04-04-19T14:52:06: File created in final csv folder: Retail Item-601 General Merchan_25.csv
04-04-19T14:52:06: ...
04-04-19T14:52:07: Processing File: Retail Item-601 General Merchan_26.xlsx
04-04-19T14:52:09: Finished File: Retail Item-601 General Merchan_26.xlsx
04-04-19T14:52:09: File created in final csv folder: Retail Item-601 General Merchan_26.csv
04-04-19T14:52:09: ...
04-04-19T14:52:10: Processing File: Retail Item-601 General Merchan_27.xlsx
04-04-19T14:52:13: Finished File: Retail Item-601 General Merchan_27.xlsx
04-04-19T14:52:13: File created in final csv folder: Retail Item-601 General Merchan_27.csv
04-04-19T14:52:13: ...
04-04-19T14:52:13: Processing File: Retail Item-601 General Merchan_28.xlsx
04-04-19T14:52:16: Finished File: Retail Item-601 General Merchan_28.xlsx
04-04-19T14:52:16: File created in final csv folder: Retail Item-601 General Merchan_28.csv
04-04-19T14:52:16: ...
04-04-19T14:52:16: Processing File: Retail Item-601 General Merchan_29.xlsx
04-04-19T14:52:19: Finished File: Retail Item-601 General Merchan_29.xlsx
04-04-19T14:52:19: File created in final csv folder: Retail Item-601 General Merchan_29.csv
04-04-19T14:52:19: ...
04-04-19T14:52:19: Processing File: Retail Item-601 General Merchan_30.xlsx
04-04-19T14:52:22: Finished File: Retail Item-601 General Merchan_30.xlsx
04-04-19T14:52:22: File created in final csv folder: Retail Item-601 General Merchan_30.csv
04-04-19T14:52:22: ...
04-04-19T14:52:22: Processing File: Retail Item-601 General Merchan_31.xlsx
04-04-19T14:52:25: Finished File: Retail Item-601 General Merchan_31.xlsx
04-04-19T14:52:25: File created in final csv folder: Retail Item-601 General Merchan_31.csv
04-04-19T14:52:25: ...
04-04-19T14:52:25: Processing File: Retail Item-601 General Merchan_32.xlsx
04-04-19T14:52:29: Finished File: Retail Item-601 General Merchan_32.xlsx
04-04-19T14:52:29: File created in final csv folder: Retail Item-601 General Merchan_32.csv
04-04-19T14:52:29: ...
04-04-19T14:52:29: Processing File: Retail Item-601 General Merchan_33.xlsx
04-04-19T14:52:32: Finished File: Retail Item-601 General Merchan_33.xlsx
04-04-19T14:52:32: File created in final csv folder: Retail Item-601 General Merchan_33.csv
04-04-19T14:52:32: ...
04-04-19T14:52:32: Processing File: Retail Item-601 General Merchan_34.xlsx
04-04-19T14:52:36: Finished File: Retail Item-601 General Merchan_34.xlsx
04-04-19T14:52:36: File created in final csv folder: Retail Item-601 General Merchan_34.csv
04-04-19T14:52:36: ...
04-04-19T14:52:36: Processing File: Retail Item-601 General Merchan_35.xlsx
04-04-19T14:52:39: Finished File: Retail Item-601 General Merchan_35.xlsx
04-04-19T14:52:39: File created in final csv folder: Retail Item-601 General Merchan_35.csv
04-04-19T14:52:39: ...
04-04-19T14:52:39: Processing File: Retail Item-601 General Merchan_36.xlsx
04-04-19T14:52:43: Finished File: Retail Item-601 General Merchan_36.xlsx
04-04-19T14:52:43: File created in final csv folder: Retail Item-601 General Merchan_36.csv
04-04-19T14:52:43: ...
04-04-19T14:52:43: Processing File: Retail Item-601 General Merchan_37.xlsx
04-04-19T14:52:48: Finished File: Retail Item-601 General Merchan_37.xlsx
04-04-19T14:52:48: File created in final csv folder: Retail Item-601 General Merchan_37.csv
04-04-19T14:52:48: ...
04-04-19T14:52:48: Processing File: Retail Item-601 General Merchan_38.xlsx
04-04-19T14:52:56: Finished File: Retail Item-601 General Merchan_38.xlsx
04-04-19T14:52:56: File created in final csv folder: Retail Item-601 General Merchan_38.csv
04-04-19T14:52:56: ...
04-04-19T14:52:56: Processing File: Retail Item-601 General Merchan_39.xlsx
04-04-19T14:53:01: Finished File: Retail Item-601 General Merchan_39.xlsx
04-04-19T14:53:01: File created in final csv folder: Retail Item-601 General Merchan_39.csv
04-04-19T14:53:01: ...
04-04-19T14:53:01: Processing File: Retail Item-601 General Merchan_40.xlsx
04-04-19T14:53:07: Finished File: Retail Item-601 General Merchan_40.xlsx
04-04-19T14:53:07: File created in final csv folder: Retail Item-601 General Merchan_40.csv
04-04-19T14:53:07: ...
04-04-19T14:53:07: Processing File: Retail Item-601 General Merchan_41.xlsx
04-04-19T14:53:11: Finished File: Retail Item-601 General Merchan_41.xlsx
04-04-19T14:53:11: File created in final csv folder: Retail Item-601 General Merchan_41.csv
04-04-19T14:53:11: ...
04-04-19T14:53:11: Processing File: Retail Item-601 General Merchan_42.xlsx
04-04-19T14:53:14: Finished File: Retail Item-601 General Merchan_42.xlsx
04-04-19T14:53:14: File created in final csv folder: Retail Item-601 General Merchan_42.csv
04-04-19T14:53:14: ...
04-04-19T14:53:14: Processing File: Retail Item-601 General Merchan_43.xlsx
04-04-19T14:53:17: Finished File: Retail Item-601 General Merchan_43.xlsx
04-04-19T14:53:17: File created in final csv folder: Retail Item-601 General Merchan_43.csv
04-04-19T14:53:17: ...
04-04-19T14:53:17: Processing File: Retail Item-901 Soft Drinks_01.xlsx
04-04-19T14:53:21: Finished File: Retail Item-901 Soft Drinks_01.xlsx
04-04-19T14:53:21: File created in final csv folder: Retail Item-901 Soft Drinks_01.csv
04-04-19T14:53:21: ...
04-04-19T14:53:21: Processing File: Retail Item-901 Soft Drinks_02.xlsx
04-04-19T14:53:24: Finished File: Retail Item-901 Soft Drinks_02.xlsx
04-04-19T14:53:24: File created in final csv folder: Retail Item-901 Soft Drinks_02.csv
04-04-19T14:53:24: ...
04-04-19T14:53:24: Processing File: Retail Item-901 Soft Drinks_03.xlsx
04-04-19T14:53:27: Finished File: Retail Item-901 Soft Drinks_03.xlsx
04-04-19T14:53:27: File created in final csv folder: Retail Item-901 Soft Drinks_03.csv
04-04-19T14:53:27: ...
04-04-19T14:53:27: End Log
