06-27-19T14:23:04: Start Log
06-27-19T14:23:04: Processing File: Retail Item-401 Beer & Wine_01.xlsx
06-27-19T14:23:06: Finished File: Retail Item-401 Beer & Wine_01.xlsx
06-27-19T14:23:06: File created in final csv folder: Retail Item-401 Beer & Wine_01.csv
06-27-19T14:23:06: ...
06-27-19T14:23:06: Processing File: Retail Item-601 General Merchan_01.xlsx
06-27-19T14:23:09: Finished File: Retail Item-601 General Merchan_01.xlsx
06-27-19T14:23:09: File created in final csv folder: Retail Item-601 General Merchan_01.csv
06-27-19T14:23:09: ...
06-27-19T14:23:09: Processing File: Retail Item-601 General Merchan_02.xlsx
06-27-19T14:23:12: Finished File: Retail Item-601 General Merchan_02.xlsx
06-27-19T14:23:12: File created in final csv folder: Retail Item-601 General Merchan_02.csv
06-27-19T14:23:12: ...
06-27-19T14:23:12: Processing File: Retail Item-64 M&S Gift Card & Resale_01.xlsx
06-27-19T14:23:15: Finished File: Retail Item-64 M&S Gift Card & Resale_01.xlsx
06-27-19T14:23:15: File created in final csv folder: Retail Item-64 M&S Gift Card & Resale_01.csv
06-27-19T14:23:15: ...
06-27-19T14:23:15: Processing File: Retail Item-800 Miscellanous Sales_01.xlsx
06-27-19T14:23:18: Finished File: Retail Item-800 Miscellanous Sales_01.xlsx
06-27-19T14:23:18: File created in final csv folder: Retail Item-800 Miscellanous Sales_01.csv
06-27-19T14:23:18: ...
06-27-19T14:23:18: Processing File: Retail Item-901 Soft Drinks_01.xlsx
06-27-19T14:23:21: Finished File: Retail Item-901 Soft Drinks_01.xlsx
06-27-19T14:23:21: File created in final csv folder: Retail Item-901 Soft Drinks_01.csv
06-27-19T14:23:21: ...
06-27-19T14:23:21: Processing File: Retail Item-VC Vendor Credit_01.xlsx
06-27-19T14:23:23: Finished File: Retail Item-VC Vendor Credit_01.xlsx
06-27-19T14:23:24: File created in final csv folder: Retail Item-VC Vendor Credit_01.csv
06-27-19T14:23:24: ...
06-27-19T14:23:24: End Log
