09-02-19T14:03:45: Start Log
09-02-19T14:03:45: Found Input File: Retail Item-06 Eby Tote_01.csv
09-02-19T14:03:45: Department: 06 Eby Tote
09-02-19T14:03:46: Finished Department: 06 Eby Tote
09-02-19T14:03:46: Total Items: 1
09-02-19T14:03:46: File created in working xls folder: Retail Item-Retail Item-06 Eby Tote_01.xlsx
09-02-19T14:03:46: Moving file Retail Item-06 Eby Tote_01.csv to Archive 
09-02-19T14:03:46: ...
09-02-19T14:03:46: Found Input File: Retail Item-201 Other Fast Food_01.csv
09-02-19T14:03:46: Department: 201 Other Fast Food
09-02-19T14:03:48: Finished Department: 201 Other Fast Food
09-02-19T14:03:48: Total Items: 1
09-02-19T14:03:48: File created in working xls folder: Retail Item-Retail Item-201 Other Fast Food_01.xlsx
09-02-19T14:03:48: Moving file Retail Item-201 Other Fast Food_01.csv to Archive 
09-02-19T14:03:48: ...
09-02-19T14:03:48: Found Input File: Retail Item-206 Franchise Food_01.csv
09-02-19T14:03:48: Department: 206 Franchise Food
09-02-19T14:03:50: Finished Department: 206 Franchise Food
09-02-19T14:03:50: Total Items: 5
09-02-19T14:03:50: File created in working xls folder: Retail Item-Retail Item-206 Franchise Food_01.xlsx
09-02-19T14:03:50: Moving file Retail Item-206 Franchise Food_01.csv to Archive 
09-02-19T14:03:50: ...
09-02-19T14:03:50: Found Input File: Retail Item-212 Hot Beverage_01.csv
09-02-19T14:03:50: Department: 212 Hot Beverage
09-02-19T14:03:52: Item Rows: 10
09-02-19T14:03:52: Finished Department: 212 Hot Beverage
09-02-19T14:03:52: Total Items: 7
09-02-19T14:03:52: File created in working xls folder: Retail Item-Retail Item-212 Hot Beverage_01.xlsx
09-02-19T14:03:52: Moving file Retail Item-212 Hot Beverage_01.csv to Archive 
09-02-19T14:03:52: ...
09-02-19T14:03:52: Found Input File: Retail Item-215 Cold Beverage_01.csv
09-02-19T14:03:52: Department: 215 Cold Beverage
09-02-19T14:03:54: Item Rows: 10
09-02-19T14:03:54: Finished Department: 215 Cold Beverage
09-02-19T14:03:54: Total Items: 14
09-02-19T14:03:54: File created in working xls folder: Retail Item-Retail Item-215 Cold Beverage_01.xlsx
09-02-19T14:03:54: Moving file Retail Item-215 Cold Beverage_01.csv to Archive 
09-02-19T14:03:54: ...
09-02-19T14:03:54: Found Input File: Retail Item-218 Hot Food_01.csv
09-02-19T14:03:54: Department: 218 Hot Food
09-02-19T14:03:56: Item Rows: 10
09-02-19T14:03:56: Item Rows: 20
09-02-19T14:03:56: Item Rows: 30
09-02-19T14:03:56: Item Rows: 40
09-02-19T14:03:57: Finished Department: 218 Hot Food
09-02-19T14:03:57: Total Items: 45
09-02-19T14:03:57: File created in working xls folder: Retail Item-Retail Item-218 Hot Food_01.xlsx
09-02-19T14:03:57: Moving file Retail Item-218 Hot Food_01.csv to Archive 
09-02-19T14:03:57: ...
09-02-19T14:03:57: Found Input File: Retail Item-221 Sandwich_01.csv
09-02-19T14:03:57: Department: 221 Sandwich
09-02-19T14:03:59: Item Rows: 10
09-02-19T14:03:59: Item Rows: 20
09-02-19T14:03:59: Item Rows: 30
09-02-19T14:03:59: Item Rows: 40
09-02-19T14:03:59: Item Rows: 50
09-02-19T14:03:59: Finished Department: 221 Sandwich
09-02-19T14:03:59: Total Items: 55
09-02-19T14:03:59: File created in working xls folder: Retail Item-Retail Item-221 Sandwich_01.xlsx
09-02-19T14:03:59: Moving file Retail Item-221 Sandwich_01.csv to Archive 
09-02-19T14:03:59: ...
09-02-19T14:03:59: Found Input File: Retail Item-231 Fresh Bakery_01.csv
09-02-19T14:03:59: Department: 231 Fresh Bakery
09-02-19T14:04:01: Item Rows: 10
09-02-19T14:04:01: Item Rows: 20
09-02-19T14:04:01: Item Rows: 30
09-02-19T14:04:01: Item Rows: 40
09-02-19T14:04:01: Item Rows: 50
09-02-19T14:04:01: Item Rows: 60
09-02-19T14:04:01: Finished Department: 231 Fresh Bakery
09-02-19T14:04:01: Total Items: 57
09-02-19T14:04:01: File created in working xls folder: Retail Item-Retail Item-231 Fresh Bakery_01.xlsx
09-02-19T14:04:01: Moving file Retail Item-231 Fresh Bakery_01.csv to Archive 
09-02-19T14:04:01: ...
09-02-19T14:04:01: Found Input File: Retail Item-401 Beer & Wine_01.csv
09-02-19T14:04:02: Department: 401 Beer & Wine
09-02-19T14:04:03: Item Rows: 10
09-02-19T14:04:03: Item Rows: 20
09-02-19T14:04:03: Item Rows: 30
09-02-19T14:04:03: Item Rows: 40
09-02-19T14:04:03: Item Rows: 50
09-02-19T14:04:03: Item Rows: 60
09-02-19T14:04:03: Item Rows: 70
09-02-19T14:04:03: Item Rows: 80
09-02-19T14:04:03: Item Rows: 90
09-02-19T14:04:03: Item Rows: 100
09-02-19T14:04:04: Item Rows: 110
09-02-19T14:04:04: Item Rows: 120
09-02-19T14:04:04: Item Rows: 130
09-02-19T14:04:04: Item Rows: 140
09-02-19T14:04:04: Item Rows: 150
09-02-19T14:04:04: Item Rows: 160
09-02-19T14:04:04: Item Rows: 170
09-02-19T14:04:04: Item Rows: 180
09-02-19T14:04:04: Finished Department: 401 Beer & Wine
09-02-19T14:04:04: Total Items: 178
09-02-19T14:04:04: File created in working xls folder: Retail Item-Retail Item-401 Beer & Wine_01.xlsx
09-02-19T14:04:04: Moving file Retail Item-401 Beer & Wine_01.csv to Archive 
09-02-19T14:04:04: ...
09-02-19T14:04:04: Found Input File: Retail Item-501 Cigarettes_01.csv
09-02-19T14:04:04: Department: 501 Cigarettes
09-02-19T14:04:05: Item Rows: 10
09-02-19T14:04:06: Finished Department: 501 Cigarettes
09-02-19T14:04:06: Total Items: 11
09-02-19T14:04:06: File created in working xls folder: Retail Item-Retail Item-501 Cigarettes_01.xlsx
09-02-19T14:04:06: Moving file Retail Item-501 Cigarettes_01.csv to Archive 
09-02-19T14:04:06: ...
09-02-19T14:04:06: Found Input File: Retail Item-601 General Merchan_01.csv
09-02-19T14:04:06: Department: 601 General Merchan
09-02-19T14:04:07: Item Rows: 10
09-02-19T14:04:07: Item Rows: 20
09-02-19T14:04:07: Item Rows: 30
09-02-19T14:04:08: Item Rows: 40
09-02-19T14:04:08: Item Rows: 50
09-02-19T14:04:08: Item Rows: 60
09-02-19T14:04:08: Item Rows: 70
09-02-19T14:04:08: Item Rows: 80
09-02-19T14:04:08: Item Rows: 90
09-02-19T14:04:08: Item Rows: 100
09-02-19T14:04:08: Item Rows: 110
09-02-19T14:04:08: Item Rows: 120
09-02-19T14:04:08: Item Rows: 130
09-02-19T14:04:08: Item Rows: 140
09-02-19T14:04:08: Item Rows: 150
09-02-19T14:04:09: Item Rows: 160
09-02-19T14:04:09: Item Rows: 170
09-02-19T14:04:09: Item Rows: 180
09-02-19T14:04:09: Item Rows: 190
09-02-19T14:04:09: Item Rows: 200
09-02-19T14:04:09: Item Rows: 210
09-02-19T14:04:09: Item Rows: 220
09-02-19T14:04:09: Item Rows: 230
09-02-19T14:04:09: Item Rows: 240
09-02-19T14:04:09: Item Rows: 250
09-02-19T14:04:09: Item Rows: 260
09-02-19T14:04:09: Item Rows: 270
09-02-19T14:04:09: Item Rows: 280
09-02-19T14:04:09: Item Rows: 290
09-02-19T14:04:10: Item Rows: 300
09-02-19T14:04:10: Item Rows: 310
09-02-19T14:04:10: Item Rows: 320
09-02-19T14:04:10: Item Rows: 330
09-02-19T14:04:10: Item Rows: 340
09-02-19T14:04:10: Item Rows: 350
09-02-19T14:04:10: Item Rows: 360
09-02-19T14:04:10: Item Rows: 370
09-02-19T14:04:10: Item Rows: 380
09-02-19T14:04:10: Item Rows: 390
09-02-19T14:04:10: Item Rows: 400
09-02-19T14:04:10: Item Rows: 410
09-02-19T14:04:10: Item Rows: 420
09-02-19T14:04:10: Item Rows: 430
09-02-19T14:04:10: Item Rows: 440
09-02-19T14:04:11: Item Rows: 450
09-02-19T14:04:11: Finished Department: 601 General Merchan
09-02-19T14:04:11: Total Items: 453
09-02-19T14:04:11: File created in working xls folder: Retail Item-Retail Item-601 General Merchan_01.xlsx
09-02-19T14:04:11: Moving file Retail Item-601 General Merchan_01.csv to Archive 
09-02-19T14:04:11: ...
09-02-19T14:04:11: Found Input File: Retail Item-706 Consignment - Gen Mdse_01.csv
09-02-19T14:04:11: Department: 706 Consignment - Gen Mdse
09-02-19T14:04:12: Item Rows: 10
09-02-19T14:04:12: Item Rows: 20
09-02-19T14:04:12: Item Rows: 30
09-02-19T14:04:13: Item Rows: 40
09-02-19T14:04:13: Item Rows: 50
09-02-19T14:04:13: Item Rows: 60
09-02-19T14:04:13: Item Rows: 70
09-02-19T14:04:13: Item Rows: 80
09-02-19T14:04:13: Item Rows: 90
09-02-19T14:04:13: Item Rows: 100
09-02-19T14:04:13: Item Rows: 110
09-02-19T14:04:13: Item Rows: 120
09-02-19T14:04:13: Finished Department: 706 Consignment - Gen Mdse
09-02-19T14:04:13: Total Items: 116
09-02-19T14:04:13: File created in working xls folder: Retail Item-Retail Item-706 Consignment - Gen Mdse_01.xlsx
09-02-19T14:04:13: Moving file Retail Item-706 Consignment - Gen Mdse_01.csv to Archive 
09-02-19T14:04:13: ...
09-02-19T14:04:13: Found Input File: Retail Item-77 Store Supplies_01.csv
09-02-19T14:04:13: Department: 77 Store Supplies
09-02-19T14:04:15: Finished Department: 77 Store Supplies
09-02-19T14:04:15: Total Items: 5
09-02-19T14:04:15: File created in working xls folder: Retail Item-Retail Item-77 Store Supplies_01.xlsx
09-02-19T14:04:15: Moving file Retail Item-77 Store Supplies_01.csv to Archive 
09-02-19T14:04:15: ...
09-02-19T14:04:15: Found Input File: Retail Item-901 Soft Drinks_01.csv
09-02-19T14:04:15: Department: 901 Soft Drinks
09-02-19T14:04:16: Item Rows: 10
09-02-19T14:04:16: Finished Department: 901 Soft Drinks
09-02-19T14:04:16: Total Items: 7
09-02-19T14:04:16: File created in working xls folder: Retail Item-Retail Item-901 Soft Drinks_01.xlsx
09-02-19T14:04:16: Moving file Retail Item-901 Soft Drinks_01.csv to Archive 
09-02-19T14:04:16: ...
09-02-19T14:04:16: End Log
