04-16-19T10:03:03: Start Log
04-16-19T10:03:03: Found Input File: C:\Users\chuck\Documents\ROC\Speedway-Source\Data Extraction And Loading\Import Files\Retail Item\FinalCSV\Retail Item- Invalid Catgory items.csv
04-16-19T10:03:03: Items Rows: 10
04-16-19T10:03:03: Items Rows: 20
04-16-19T10:03:03: Items Rows: 30
04-16-19T10:03:03: Items Rows: 40
04-16-19T10:03:03: Items Rows: 50
04-16-19T10:03:03: Items Rows: 60
04-16-19T10:03:03: Starting XSL Transform, this may take awhile.
04-16-19T10:03:03: XSL Transform Complete.
04-16-19T10:03:03: Finished Items
04-16-19T10:03:03: Total Items: 66
04-16-19T10:03:03: File created in final xml folder: Retail Item- Invalid Catgory items.xml
04-16-19T10:03:03: ...
04-16-19T10:03:03: Found Input File: C:\Users\chuck\Documents\ROC\Speedway-Source\Data Extraction And Loading\Import Files\Retail Item\FinalCSV\Retail Item-221 Sandwich_01.csv
04-16-19T10:03:03: Items Rows: 10
04-16-19T10:03:03: Items Rows: 20
04-16-19T10:03:03: Items Rows: 30
04-16-19T10:03:03: Items Rows: 40
04-16-19T10:03:03: Items Rows: 50
04-16-19T10:03:03: Items Rows: 60
04-16-19T10:03:03: Items Rows: 70
04-16-19T10:03:03: Items Rows: 80
04-16-19T10:03:03: Items Rows: 90
04-16-19T10:03:03: Items Rows: 100
04-16-19T10:03:03: Items Rows: 110
04-16-19T10:03:03: Items Rows: 120
04-16-19T10:03:03: Items Rows: 130
04-16-19T10:03:03: Items Rows: 140
04-16-19T10:03:03: Items Rows: 150
04-16-19T10:03:03: Items Rows: 160
04-16-19T10:03:03: Items Rows: 170
04-16-19T10:03:03: Items Rows: 180
04-16-19T10:03:03: Items Rows: 190
04-16-19T10:03:03: Items Rows: 200
04-16-19T10:03:03: Items Rows: 210
04-16-19T10:03:03: Items Rows: 220
04-16-19T10:03:03: Items Rows: 230
04-16-19T10:03:03: Items Rows: 240
04-16-19T10:03:03: Items Rows: 250
04-16-19T10:03:03: Items Rows: 260
04-16-19T10:03:03: Items Rows: 270
04-16-19T10:03:03: Items Rows: 280
04-16-19T10:03:03: Items Rows: 290
04-16-19T10:03:03: Items Rows: 300
04-16-19T10:03:03: Items Rows: 310
04-16-19T10:03:03: Items Rows: 320
04-16-19T10:03:03: Items Rows: 330
04-16-19T10:03:03: Items Rows: 340
04-16-19T10:03:03: Items Rows: 350
04-16-19T10:03:03: Items Rows: 360
04-16-19T10:03:03: Items Rows: 370
04-16-19T10:03:03: Items Rows: 380
04-16-19T10:03:03: Items Rows: 390
04-16-19T10:03:03: Items Rows: 400
04-16-19T10:03:03: Items Rows: 410
04-16-19T10:03:03: Items Rows: 420
04-16-19T10:03:03: Items Rows: 430
04-16-19T10:03:03: Items Rows: 440
04-16-19T10:03:03: Items Rows: 450
04-16-19T10:03:03: Items Rows: 460
04-16-19T10:03:03: Items Rows: 470
04-16-19T10:03:03: Items Rows: 480
04-16-19T10:03:03: Items Rows: 490
04-16-19T10:03:03: Items Rows: 500
04-16-19T10:03:03: Items Rows: 510
04-16-19T10:03:03: Items Rows: 520
04-16-19T10:03:03: Items Rows: 530
04-16-19T10:03:03: Items Rows: 540
04-16-19T10:03:03: Items Rows: 550
04-16-19T10:03:03: Items Rows: 560
04-16-19T10:03:03: Items Rows: 570
04-16-19T10:03:03: Items Rows: 580
04-16-19T10:03:03: Items Rows: 590
04-16-19T10:03:03: Items Rows: 600
04-16-19T10:03:03: Items Rows: 610
04-16-19T10:03:03: Items Rows: 620
04-16-19T10:03:03: Items Rows: 630
04-16-19T10:03:03: Items Rows: 640
04-16-19T10:03:03: Items Rows: 650
04-16-19T10:03:03: Items Rows: 660
04-16-19T10:03:03: Items Rows: 670
04-16-19T10:03:03: Items Rows: 680
04-16-19T10:03:03: Items Rows: 690
04-16-19T10:03:03: Items Rows: 700
04-16-19T10:03:03: Items Rows: 710
04-16-19T10:03:03: Items Rows: 720
04-16-19T10:03:03: Items Rows: 730
04-16-19T10:03:03: Items Rows: 740
04-16-19T10:03:03: Items Rows: 750
04-16-19T10:03:03: Items Rows: 760
04-16-19T10:03:03: Items Rows: 770
04-16-19T10:03:03: Items Rows: 780
04-16-19T10:03:03: Items Rows: 790
04-16-19T10:03:03: Starting XSL Transform, this may take awhile.
04-16-19T10:03:03: XSL Transform Complete.
04-16-19T10:03:03: Finished Items
04-16-19T10:03:03: Total Items: 791
04-16-19T10:03:03: File created in final xml folder: Retail Item-221 Sandwich_01.xml
04-16-19T10:03:03: ...
04-16-19T10:03:03: Found Input File: C:\Users\chuck\Documents\ROC\Speedway-Source\Data Extraction And Loading\Import Files\Retail Item\FinalCSV\Retail Item-401 Beer & Wine_01.csv
04-16-19T10:03:03: Items Rows: 10
04-16-19T10:03:03: Items Rows: 20
04-16-19T10:03:03: Items Rows: 30
04-16-19T10:03:03: Items Rows: 40
04-16-19T10:03:03: Items Rows: 50
04-16-19T10:03:03: Items Rows: 60
04-16-19T10:03:03: Items Rows: 70
04-16-19T10:03:03: Items Rows: 80
04-16-19T10:03:03: Items Rows: 90
04-16-19T10:03:03: Items Rows: 100
04-16-19T10:03:03: Items Rows: 110
04-16-19T10:03:03: Items Rows: 120
04-16-19T10:03:03: Items Rows: 130
04-16-19T10:03:03: Items Rows: 140
04-16-19T10:03:03: Items Rows: 150
04-16-19T10:03:04: Items Rows: 160
04-16-19T10:03:04: Items Rows: 170
04-16-19T10:03:04: Items Rows: 180
04-16-19T10:03:04: Items Rows: 190
04-16-19T10:03:04: Items Rows: 200
04-16-19T10:03:04: Items Rows: 210
04-16-19T10:03:04: Items Rows: 220
04-16-19T10:03:04: Items Rows: 230
04-16-19T10:03:04: Items Rows: 240
04-16-19T10:03:04: Items Rows: 250
04-16-19T10:03:04: Items Rows: 260
04-16-19T10:03:04: Items Rows: 270
04-16-19T10:03:04: Items Rows: 280
04-16-19T10:03:04: Items Rows: 290
04-16-19T10:03:04: Items Rows: 300
04-16-19T10:03:04: Items Rows: 310
04-16-19T10:03:04: Items Rows: 320
04-16-19T10:03:04: Items Rows: 330
04-16-19T10:03:04: Items Rows: 340
04-16-19T10:03:04: Items Rows: 350
04-16-19T10:03:04: Items Rows: 360
04-16-19T10:03:04: Items Rows: 370
04-16-19T10:03:04: Items Rows: 380
04-16-19T10:03:04: Items Rows: 390
04-16-19T10:03:04: Items Rows: 400
04-16-19T10:03:04: Items Rows: 410
04-16-19T10:03:04: Items Rows: 420
04-16-19T10:03:04: Items Rows: 430
04-16-19T10:03:04: Items Rows: 440
04-16-19T10:03:04: Items Rows: 450
04-16-19T10:03:04: Items Rows: 460
04-16-19T10:03:04: Items Rows: 470
04-16-19T10:03:04: Items Rows: 480
04-16-19T10:03:04: Items Rows: 490
04-16-19T10:03:04: Items Rows: 500
04-16-19T10:03:04: Items Rows: 510
04-16-19T10:03:04: Items Rows: 520
04-16-19T10:03:04: Items Rows: 530
04-16-19T10:03:04: Items Rows: 540
04-16-19T10:03:04: Items Rows: 550
04-16-19T10:03:04: Items Rows: 560
04-16-19T10:03:04: Items Rows: 570
04-16-19T10:03:04: Items Rows: 580
04-16-19T10:03:04: Items Rows: 590
04-16-19T10:03:04: Items Rows: 600
04-16-19T10:03:04: Items Rows: 610
04-16-19T10:03:04: Items Rows: 620
04-16-19T10:03:04: Items Rows: 630
04-16-19T10:03:04: Items Rows: 640
04-16-19T10:03:04: Items Rows: 650
04-16-19T10:03:04: Items Rows: 660
04-16-19T10:03:04: Items Rows: 670
04-16-19T10:03:04: Items Rows: 680
04-16-19T10:03:04: Items Rows: 690
04-16-19T10:03:04: Items Rows: 700
04-16-19T10:03:04: Items Rows: 710
04-16-19T10:03:04: Items Rows: 720
04-16-19T10:03:04: Items Rows: 730
04-16-19T10:03:04: Items Rows: 740
04-16-19T10:03:04: Items Rows: 750
04-16-19T10:03:04: Items Rows: 760
04-16-19T10:03:04: Items Rows: 770
04-16-19T10:03:04: Items Rows: 780
04-16-19T10:03:04: Items Rows: 790
04-16-19T10:03:04: Items Rows: 800
04-16-19T10:03:04: Items Rows: 810
04-16-19T10:03:04: Items Rows: 820
04-16-19T10:03:04: Items Rows: 830
04-16-19T10:03:04: Items Rows: 840
04-16-19T10:03:04: Items Rows: 850
04-16-19T10:03:04: Items Rows: 860
04-16-19T10:03:04: Items Rows: 870
04-16-19T10:03:04: Items Rows: 880
04-16-19T10:03:04: Items Rows: 890
04-16-19T10:03:04: Items Rows: 900
04-16-19T10:03:04: Items Rows: 910
04-16-19T10:03:04: Items Rows: 920
04-16-19T10:03:04: Items Rows: 930
04-16-19T10:03:04: Items Rows: 940
04-16-19T10:03:04: Items Rows: 950
04-16-19T10:03:04: Items Rows: 960
04-16-19T10:03:04: Items Rows: 970
04-16-19T10:03:04: Items Rows: 980
04-16-19T10:03:04: Items Rows: 990
04-16-19T10:03:04: Items Rows: 1000
04-16-19T10:03:04: Items Rows: 1010
04-16-19T10:03:04: Items Rows: 1020
04-16-19T10:03:04: Items Rows: 1030
04-16-19T10:03:04: Items Rows: 1040
04-16-19T10:03:04: Items Rows: 1050
04-16-19T10:03:04: Items Rows: 1060
04-16-19T10:03:04: Starting XSL Transform, this may take awhile.
04-16-19T10:03:04: XSL Transform Complete.
04-16-19T10:03:04: Finished Items
04-16-19T10:03:04: Total Items: 1065
04-16-19T10:03:04: File created in final xml folder: Retail Item-401 Beer & Wine_01.xml
04-16-19T10:03:04: ...
04-16-19T10:03:04: Found Input File: C:\Users\chuck\Documents\ROC\Speedway-Source\Data Extraction And Loading\Import Files\Retail Item\FinalCSV\Retail Item-601 General Merchan_07.csv
04-16-19T10:03:04: Items Rows: 10
04-16-19T10:03:04: Items Rows: 20
04-16-19T10:03:04: Items Rows: 30
04-16-19T10:03:04: Items Rows: 40
04-16-19T10:03:04: Items Rows: 50
04-16-19T10:03:04: Items Rows: 60
04-16-19T10:03:04: Items Rows: 70
04-16-19T10:03:04: Items Rows: 80
04-16-19T10:03:04: Items Rows: 90
04-16-19T10:03:04: Items Rows: 100
04-16-19T10:03:04: Items Rows: 110
04-16-19T10:03:04: Items Rows: 120
04-16-19T10:03:04: Items Rows: 130
04-16-19T10:03:04: Items Rows: 140
04-16-19T10:03:04: Items Rows: 150
04-16-19T10:03:04: Items Rows: 160
04-16-19T10:03:04: Items Rows: 170
04-16-19T10:03:05: Items Rows: 180
04-16-19T10:03:05: Items Rows: 190
04-16-19T10:03:05: Items Rows: 200
04-16-19T10:03:05: Items Rows: 210
04-16-19T10:03:05: Items Rows: 220
04-16-19T10:03:05: Items Rows: 230
04-16-19T10:03:05: Items Rows: 240
04-16-19T10:03:05: Items Rows: 250
04-16-19T10:03:05: Items Rows: 260
04-16-19T10:03:05: Items Rows: 270
04-16-19T10:03:05: Items Rows: 280
04-16-19T10:03:05: Items Rows: 290
04-16-19T10:03:05: Items Rows: 300
04-16-19T10:03:05: Items Rows: 310
04-16-19T10:03:05: Items Rows: 320
04-16-19T10:03:05: Items Rows: 330
04-16-19T10:03:05: Items Rows: 340
04-16-19T10:03:05: Items Rows: 350
04-16-19T10:03:05: Items Rows: 360
04-16-19T10:03:05: Items Rows: 370
04-16-19T10:03:05: Items Rows: 380
04-16-19T10:03:05: Items Rows: 390
04-16-19T10:03:05: Items Rows: 400
04-16-19T10:03:05: Items Rows: 410
04-16-19T10:03:05: Items Rows: 420
04-16-19T10:03:05: Items Rows: 430
04-16-19T10:03:05: Items Rows: 440
04-16-19T10:03:05: Items Rows: 450
04-16-19T10:03:05: Items Rows: 460
04-16-19T10:03:05: Items Rows: 470
04-16-19T10:03:05: Items Rows: 480
04-16-19T10:03:05: Items Rows: 490
04-16-19T10:03:05: Items Rows: 500
04-16-19T10:03:05: Items Rows: 510
04-16-19T10:03:05: Items Rows: 520
04-16-19T10:03:05: Items Rows: 530
04-16-19T10:03:05: Items Rows: 540
04-16-19T10:03:05: Items Rows: 550
04-16-19T10:03:05: Items Rows: 560
04-16-19T10:03:05: Items Rows: 570
04-16-19T10:03:05: Items Rows: 580
04-16-19T10:03:05: Items Rows: 590
04-16-19T10:03:05: Items Rows: 600
04-16-19T10:03:05: Items Rows: 610
04-16-19T10:03:05: Items Rows: 620
04-16-19T10:03:05: Items Rows: 630
04-16-19T10:03:05: Items Rows: 640
04-16-19T10:03:05: Items Rows: 650
04-16-19T10:03:05: Items Rows: 660
04-16-19T10:03:05: Items Rows: 670
04-16-19T10:03:05: Items Rows: 680
04-16-19T10:03:05: Items Rows: 690
04-16-19T10:03:05: Items Rows: 700
04-16-19T10:03:05: Items Rows: 710
04-16-19T10:03:05: Items Rows: 720
04-16-19T10:03:05: Items Rows: 730
04-16-19T10:03:05: Items Rows: 740
04-16-19T10:03:05: Items Rows: 750
04-16-19T10:03:05: Items Rows: 760
04-16-19T10:03:05: Items Rows: 770
04-16-19T10:03:05: Items Rows: 780
04-16-19T10:03:05: Items Rows: 790
04-16-19T10:03:05: Items Rows: 800
04-16-19T10:03:05: Items Rows: 810
04-16-19T10:03:05: Items Rows: 820
04-16-19T10:03:05: Items Rows: 830
04-16-19T10:03:05: Items Rows: 840
04-16-19T10:03:05: Items Rows: 850
04-16-19T10:03:05: Items Rows: 860
04-16-19T10:03:05: Items Rows: 870
04-16-19T10:03:05: Items Rows: 880
04-16-19T10:03:05: Items Rows: 890
04-16-19T10:03:05: Items Rows: 900
04-16-19T10:03:05: Items Rows: 910
04-16-19T10:03:05: Items Rows: 920
04-16-19T10:03:05: Items Rows: 930
04-16-19T10:03:05: Items Rows: 940
04-16-19T10:03:05: Items Rows: 950
04-16-19T10:03:05: Items Rows: 960
04-16-19T10:03:05: Items Rows: 970
04-16-19T10:03:05: Items Rows: 980
04-16-19T10:03:05: Items Rows: 990
04-16-19T10:03:05: Items Rows: 1000
04-16-19T10:03:05: Items Rows: 1010
04-16-19T10:03:05: Items Rows: 1020
04-16-19T10:03:05: Items Rows: 1030
04-16-19T10:03:05: Items Rows: 1040
04-16-19T10:03:05: Items Rows: 1050
04-16-19T10:03:05: Items Rows: 1060
04-16-19T10:03:05: Items Rows: 1070
04-16-19T10:03:05: Items Rows: 1080
04-16-19T10:03:05: Items Rows: 1090
04-16-19T10:03:05: Items Rows: 1100
04-16-19T10:03:05: Items Rows: 1110
04-16-19T10:03:05: Items Rows: 1120
04-16-19T10:03:05: Items Rows: 1130
04-16-19T10:03:05: Items Rows: 1140
04-16-19T10:03:05: Items Rows: 1150
04-16-19T10:03:05: Items Rows: 1160
04-16-19T10:03:05: Items Rows: 1170
04-16-19T10:03:05: Items Rows: 1180
04-16-19T10:03:05: Items Rows: 1190
04-16-19T10:03:05: Items Rows: 1200
04-16-19T10:03:05: Items Rows: 1210
04-16-19T10:03:05: Items Rows: 1220
04-16-19T10:03:05: Items Rows: 1230
04-16-19T10:03:05: Starting XSL Transform, this may take awhile.
04-16-19T10:03:05: XSL Transform Complete.
04-16-19T10:03:05: Finished Items
04-16-19T10:03:05: Total Items: 1233
04-16-19T10:03:05: File created in final xml folder: Retail Item-601 General Merchan_07.xml
04-16-19T10:03:05: ...
04-16-19T10:03:05: Found Input File: C:\Users\chuck\Documents\ROC\Speedway-Source\Data Extraction And Loading\Import Files\Retail Item\FinalCSV\Retail Item-707 Consignment - Foodservice_01.csv
04-16-19T10:03:05: Items Rows: 10
04-16-19T10:03:05: Items Rows: 20
04-16-19T10:03:05: Items Rows: 30
04-16-19T10:03:05: Items Rows: 40
04-16-19T10:03:05: Items Rows: 50
04-16-19T10:03:05: Items Rows: 60
04-16-19T10:03:05: Items Rows: 70
04-16-19T10:03:05: Items Rows: 80
04-16-19T10:03:05: Items Rows: 90
04-16-19T10:03:05: Items Rows: 100
04-16-19T10:03:05: Items Rows: 110
04-16-19T10:03:05: Items Rows: 120
04-16-19T10:03:05: Items Rows: 130
04-16-19T10:03:05: Items Rows: 140
04-16-19T10:03:05: Items Rows: 150
04-16-19T10:03:05: Items Rows: 160
04-16-19T10:03:05: Items Rows: 170
04-16-19T10:03:05: Items Rows: 180
04-16-19T10:03:05: Items Rows: 190
04-16-19T10:03:05: Items Rows: 200
04-16-19T10:03:05: Items Rows: 210
04-16-19T10:03:05: Items Rows: 220
04-16-19T10:03:05: Items Rows: 230
04-16-19T10:03:05: Items Rows: 240
04-16-19T10:03:05: Items Rows: 250
04-16-19T10:03:05: Items Rows: 260
04-16-19T10:03:05: Items Rows: 270
04-16-19T10:03:06: Items Rows: 280
04-16-19T10:03:06: Items Rows: 290
04-16-19T10:03:06: Items Rows: 300
04-16-19T10:03:06: Items Rows: 310
04-16-19T10:03:06: Items Rows: 320
04-16-19T10:03:06: Items Rows: 330
04-16-19T10:03:06: Items Rows: 340
04-16-19T10:03:06: Items Rows: 350
04-16-19T10:03:06: Items Rows: 360
04-16-19T10:03:06: Items Rows: 370
04-16-19T10:03:06: Items Rows: 380
04-16-19T10:03:06: Items Rows: 390
04-16-19T10:03:06: Items Rows: 400
04-16-19T10:03:06: Items Rows: 410
04-16-19T10:03:06: Items Rows: 420
04-16-19T10:03:06: Items Rows: 430
04-16-19T10:03:06: Items Rows: 440
04-16-19T10:03:06: Items Rows: 450
04-16-19T10:03:06: Items Rows: 460
04-16-19T10:03:06: Items Rows: 470
04-16-19T10:03:06: Items Rows: 480
04-16-19T10:03:06: Items Rows: 490
04-16-19T10:03:06: Items Rows: 500
04-16-19T10:03:06: Items Rows: 510
04-16-19T10:03:06: Items Rows: 520
04-16-19T10:03:06: Items Rows: 530
04-16-19T10:03:06: Items Rows: 540
04-16-19T10:03:06: Items Rows: 550
04-16-19T10:03:06: Items Rows: 560
04-16-19T10:03:06: Items Rows: 570
04-16-19T10:03:06: Items Rows: 580
04-16-19T10:03:06: Items Rows: 590
04-16-19T10:03:06: Items Rows: 600
04-16-19T10:03:06: Starting XSL Transform, this may take awhile.
04-16-19T10:03:06: XSL Transform Complete.
04-16-19T10:03:06: Finished Items
04-16-19T10:03:06: Total Items: 601
04-16-19T10:03:06: File created in final xml folder: Retail Item-707 Consignment - Foodservice_01.xml
04-16-19T10:03:06: ...
04-16-19T10:03:06: Found Input File: C:\Users\chuck\Documents\ROC\Speedway-Source\Data Extraction And Loading\Import Files\Retail Item\FinalCSV\Retail Item-77 Store Supplies_01.csv
04-16-19T10:03:06: Items Rows: 10
04-16-19T10:03:06: Items Rows: 20
04-16-19T10:03:06: Items Rows: 30
04-16-19T10:03:06: Items Rows: 40
04-16-19T10:03:06: Items Rows: 50
04-16-19T10:03:06: Items Rows: 60
04-16-19T10:03:06: Items Rows: 70
04-16-19T10:03:06: Items Rows: 80
04-16-19T10:03:06: Items Rows: 90
04-16-19T10:03:06: Items Rows: 100
04-16-19T10:03:06: Items Rows: 110
04-16-19T10:03:06: Items Rows: 120
04-16-19T10:03:06: Items Rows: 130
04-16-19T10:03:06: Items Rows: 140
04-16-19T10:03:06: Items Rows: 150
04-16-19T10:03:06: Items Rows: 160
04-16-19T10:03:06: Items Rows: 170
04-16-19T10:03:06: Items Rows: 180
04-16-19T10:03:06: Items Rows: 190
04-16-19T10:03:06: Items Rows: 200
04-16-19T10:03:06: Items Rows: 210
04-16-19T10:03:06: Items Rows: 220
04-16-19T10:03:06: Items Rows: 230
04-16-19T10:03:06: Items Rows: 240
04-16-19T10:03:06: Items Rows: 250
04-16-19T10:03:06: Items Rows: 260
04-16-19T10:03:06: Items Rows: 270
04-16-19T10:03:06: Items Rows: 280
04-16-19T10:03:06: Items Rows: 290
04-16-19T10:03:06: Items Rows: 300
04-16-19T10:03:06: Items Rows: 310
04-16-19T10:03:06: Items Rows: 320
04-16-19T10:03:06: Items Rows: 330
04-16-19T10:03:06: Items Rows: 340
04-16-19T10:03:06: Items Rows: 350
04-16-19T10:03:06: Items Rows: 360
04-16-19T10:03:06: Items Rows: 370
04-16-19T10:03:06: Items Rows: 380
04-16-19T10:03:06: Items Rows: 390
04-16-19T10:03:06: Items Rows: 400
04-16-19T10:03:06: Items Rows: 410
04-16-19T10:03:06: Items Rows: 420
04-16-19T10:03:06: Items Rows: 430
04-16-19T10:03:06: Items Rows: 440
04-16-19T10:03:06: Items Rows: 450
04-16-19T10:03:06: Items Rows: 460
04-16-19T10:03:06: Items Rows: 470
04-16-19T10:03:06: Items Rows: 480
04-16-19T10:03:06: Items Rows: 490
04-16-19T10:03:06: Items Rows: 500
04-16-19T10:03:06: Items Rows: 510
04-16-19T10:03:06: Items Rows: 520
04-16-19T10:03:06: Items Rows: 530
04-16-19T10:03:06: Items Rows: 540
04-16-19T10:03:06: Items Rows: 550
04-16-19T10:03:06: Items Rows: 560
04-16-19T10:03:06: Items Rows: 570
04-16-19T10:03:06: Items Rows: 580
04-16-19T10:03:06: Items Rows: 590
04-16-19T10:03:06: Items Rows: 600
04-16-19T10:03:06: Items Rows: 610
04-16-19T10:03:06: Items Rows: 620
04-16-19T10:03:06: Items Rows: 630
04-16-19T10:03:06: Items Rows: 640
04-16-19T10:03:06: Items Rows: 650
04-16-19T10:03:06: Items Rows: 660
04-16-19T10:03:06: Items Rows: 670
04-16-19T10:03:06: Items Rows: 680
04-16-19T10:03:06: Items Rows: 690
04-16-19T10:03:06: Items Rows: 700
04-16-19T10:03:06: Items Rows: 710
04-16-19T10:03:06: Items Rows: 720
04-16-19T10:03:06: Items Rows: 730
04-16-19T10:03:06: Items Rows: 740
04-16-19T10:03:06: Items Rows: 750
04-16-19T10:03:06: Items Rows: 760
04-16-19T10:03:06: Items Rows: 770
04-16-19T10:03:06: Items Rows: 780
04-16-19T10:03:06: Items Rows: 790
04-16-19T10:03:06: Items Rows: 800
04-16-19T10:03:06: Items Rows: 810
04-16-19T10:03:06: Items Rows: 820
04-16-19T10:03:06: Items Rows: 830
04-16-19T10:03:06: Items Rows: 840
04-16-19T10:03:06: Items Rows: 850
04-16-19T10:03:06: Items Rows: 860
04-16-19T10:03:06: Items Rows: 870
04-16-19T10:03:06: Items Rows: 880
04-16-19T10:03:06: Items Rows: 890
04-16-19T10:03:06: Items Rows: 900
04-16-19T10:03:06: Items Rows: 910
04-16-19T10:03:06: Items Rows: 920
04-16-19T10:03:06: Items Rows: 930
04-16-19T10:03:06: Items Rows: 940
04-16-19T10:03:06: Items Rows: 950
04-16-19T10:03:06: Items Rows: 960
04-16-19T10:03:06: Items Rows: 970
04-16-19T10:03:06: Items Rows: 980
04-16-19T10:03:06: Items Rows: 990
04-16-19T10:03:06: Items Rows: 1000
04-16-19T10:03:06: Items Rows: 1010
04-16-19T10:03:06: Items Rows: 1020
04-16-19T10:03:06: Items Rows: 1030
04-16-19T10:03:06: Items Rows: 1040
04-16-19T10:03:06: Items Rows: 1050
04-16-19T10:03:06: Items Rows: 1060
04-16-19T10:03:06: Items Rows: 1070
04-16-19T10:03:06: Items Rows: 1080
04-16-19T10:03:06: Items Rows: 1090
04-16-19T10:03:06: Items Rows: 1100
04-16-19T10:03:06: Items Rows: 1110
04-16-19T10:03:06: Items Rows: 1120
04-16-19T10:03:06: Items Rows: 1130
04-16-19T10:03:06: Items Rows: 1140
04-16-19T10:03:06: Items Rows: 1150
04-16-19T10:03:06: Items Rows: 1160
04-16-19T10:03:06: Items Rows: 1170
04-16-19T10:03:06: Items Rows: 1180
04-16-19T10:03:06: Items Rows: 1190
04-16-19T10:03:06: Items Rows: 1200
04-16-19T10:03:06: Items Rows: 1210
04-16-19T10:03:06: Items Rows: 1220
04-16-19T10:03:06: Items Rows: 1230
04-16-19T10:03:06: Items Rows: 1240
04-16-19T10:03:06: Items Rows: 1250
04-16-19T10:03:06: Items Rows: 1260
04-16-19T10:03:06: Items Rows: 1270
04-16-19T10:03:06: Items Rows: 1280
04-16-19T10:03:06: Items Rows: 1290
04-16-19T10:03:06: Items Rows: 1300
04-16-19T10:03:06: Items Rows: 1310
04-16-19T10:03:06: Items Rows: 1320
04-16-19T10:03:06: Items Rows: 1330
04-16-19T10:03:06: Items Rows: 1340
04-16-19T10:03:06: Items Rows: 1350
04-16-19T10:03:06: Items Rows: 1360
04-16-19T10:03:06: Items Rows: 1370
04-16-19T10:03:06: Items Rows: 1380
04-16-19T10:03:06: Items Rows: 1390
04-16-19T10:03:06: Items Rows: 1400
04-16-19T10:03:06: Items Rows: 1410
04-16-19T10:03:06: Items Rows: 1420
04-16-19T10:03:06: Items Rows: 1430
04-16-19T10:03:06: Items Rows: 1440
04-16-19T10:03:06: Items Rows: 1450
04-16-19T10:03:06: Items Rows: 1460
04-16-19T10:03:06: Items Rows: 1470
04-16-19T10:03:06: Items Rows: 1480
04-16-19T10:03:06: Starting XSL Transform, this may take awhile.
04-16-19T10:03:06: XSL Transform Complete.
04-16-19T10:03:06: Finished Items
04-16-19T10:03:06: Total Items: 1480
04-16-19T10:03:06: File created in final xml folder: Retail Item-77 Store Supplies_01.xml
04-16-19T10:03:06: ...
04-16-19T10:03:06: End Log
