06-27-19T12:47:28: Start Log
06-27-19T12:47:28: Processing File: Retail Item-401 Beer & Wine_01.xlsx
06-27-19T12:47:31: Finished File: Retail Item-401 Beer & Wine_01.xlsx
06-27-19T12:47:31: File created in final csv folder: Retail Item-401 Beer & Wine_01.csv
06-27-19T12:47:31: ...
06-27-19T12:47:31: Processing File: Retail Item-601 General Merchan_01.xlsx
06-27-19T12:47:36: Finished File: Retail Item-601 General Merchan_01.xlsx
06-27-19T12:47:36: File created in final csv folder: Retail Item-601 General Merchan_01.csv
06-27-19T12:47:36: ...
06-27-19T12:47:36: Processing File: Retail Item-601 General Merchan_02.xlsx
06-27-19T12:47:40: Finished File: Retail Item-601 General Merchan_02.xlsx
06-27-19T12:47:40: File created in final csv folder: Retail Item-601 General Merchan_02.csv
06-27-19T12:47:40: ...
06-27-19T12:47:40: Processing File: Retail Item-64 M&S Gift Card & Resale_01.xlsx
06-27-19T12:47:44: Finished File: Retail Item-64 M&S Gift Card & Resale_01.xlsx
06-27-19T12:47:44: File created in final csv folder: Retail Item-64 M&S Gift Card & Resale_01.csv
06-27-19T12:47:44: ...
06-27-19T12:47:44: Processing File: Retail Item-800 Miscellanous Sales_01.xlsx
06-27-19T12:47:49: Finished File: Retail Item-800 Miscellanous Sales_01.xlsx
06-27-19T12:47:49: File created in final csv folder: Retail Item-800 Miscellanous Sales_01.csv
06-27-19T12:47:49: ...
06-27-19T12:47:49: Processing File: Retail Item-901 Soft Drinks_01.xlsx
06-27-19T12:47:53: Finished File: Retail Item-901 Soft Drinks_01.xlsx
06-27-19T12:47:53: File created in final csv folder: Retail Item-901 Soft Drinks_01.csv
06-27-19T12:47:53: ...
06-27-19T12:47:54: Processing File: Retail Item-VC Vendor Credit_01.xlsx
06-27-19T12:47:58: Finished File: Retail Item-VC Vendor Credit_01.xlsx
06-27-19T12:47:58: File created in final csv folder: Retail Item-VC Vendor Credit_01.csv
06-27-19T12:47:58: ...
06-27-19T12:47:58: End Log
