09-17-19T16:16:38: Start Log
09-17-19T16:16:38: Processing File: Retail Item Fix Missing Attributes 09-10-2019.xlsx
09-17-19T16:16:42: Finished File: Retail Item Fix Missing Attributes 09-10-2019.xlsx
09-17-19T16:16:42: File created in final csv folder: Retail Item Fix Missing Attributes 09-10-2019.csv
09-17-19T16:16:42: ...
09-17-19T16:16:42: Processing File: Retail Item-06 Eby Tote_01.xlsx
09-17-19T16:16:45: Finished File: Retail Item-06 Eby Tote_01.xlsx
09-17-19T16:16:45: File created in final csv folder: Retail Item-06 Eby Tote_01.csv
09-17-19T16:16:45: ...
09-17-19T16:16:45: Processing File: Retail Item-201 Other Fast Food_01.xlsx
09-17-19T16:16:48: Finished File: Retail Item-201 Other Fast Food_01.xlsx
09-17-19T16:16:48: File created in final csv folder: Retail Item-201 Other Fast Food_01.csv
09-17-19T16:16:48: ...
09-17-19T16:16:48: Processing File: Retail Item-206 Franchise Food_01.xlsx
09-17-19T16:16:52: Finished File: Retail Item-206 Franchise Food_01.xlsx
09-17-19T16:16:52: File created in final csv folder: Retail Item-206 Franchise Food_01.csv
09-17-19T16:16:52: ...
09-17-19T16:16:52: Processing File: Retail Item-212 Hot Beverage_01.xlsx
09-17-19T16:16:55: Finished File: Retail Item-212 Hot Beverage_01.xlsx
09-17-19T16:16:55: File created in final csv folder: Retail Item-212 Hot Beverage_01.csv
09-17-19T16:16:55: ...
09-17-19T16:16:55: Processing File: Retail Item-215 Cold Beverage_01.xlsx
09-17-19T16:16:58: Finished File: Retail Item-215 Cold Beverage_01.xlsx
09-17-19T16:16:58: File created in final csv folder: Retail Item-215 Cold Beverage_01.csv
09-17-19T16:16:58: ...
09-17-19T16:16:58: Processing File: Retail Item-218 Hot Food_01.xlsx
09-17-19T16:17:03: Finished File: Retail Item-218 Hot Food_01.xlsx
09-17-19T16:17:03: File created in final csv folder: Retail Item-218 Hot Food_01.csv
09-17-19T16:17:04: ...
09-17-19T16:17:04: Processing File: Retail Item-221 Sandwich_01.xlsx
09-17-19T16:17:08: Finished File: Retail Item-221 Sandwich_01.xlsx
09-17-19T16:17:08: File created in final csv folder: Retail Item-221 Sandwich_01.csv
09-17-19T16:17:08: ...
09-17-19T16:17:08: Processing File: Retail Item-231 Fresh Bakery_01.xlsx
09-17-19T16:17:11: Finished File: Retail Item-231 Fresh Bakery_01.xlsx
09-17-19T16:17:11: File created in final csv folder: Retail Item-231 Fresh Bakery_01.csv
09-17-19T16:17:11: ...
09-17-19T16:17:11: Processing File: Retail Item-401 Beer & Wine_01.xlsx
09-17-19T16:17:14: Finished File: Retail Item-401 Beer & Wine_01.xlsx
09-17-19T16:17:14: File created in final csv folder: Retail Item-401 Beer & Wine_01.csv
09-17-19T16:17:14: ...
09-17-19T16:17:14: Processing File: Retail Item-501 Cigarettes_01.xlsx
09-17-19T16:17:16: Finished File: Retail Item-501 Cigarettes_01.xlsx
09-17-19T16:17:16: File created in final csv folder: Retail Item-501 Cigarettes_01.csv
09-17-19T16:17:16: ...
09-17-19T16:17:16: Processing File: Retail Item-601 General Merchan_01.xlsx
09-17-19T16:17:20: Finished File: Retail Item-601 General Merchan_01.xlsx
09-17-19T16:17:20: File created in final csv folder: Retail Item-601 General Merchan_01.csv
09-17-19T16:17:20: ...
09-17-19T16:17:20: Processing File: Retail Item-706 Consignment - Gen Mdse_01.xlsx
09-17-19T16:17:22: Finished File: Retail Item-706 Consignment - Gen Mdse_01.xlsx
09-17-19T16:17:22: File created in final csv folder: Retail Item-706 Consignment - Gen Mdse_01.csv
09-17-19T16:17:22: ...
09-17-19T16:17:22: Processing File: Retail Item-77 Store Supplies_01.xlsx
09-17-19T16:17:25: Finished File: Retail Item-77 Store Supplies_01.xlsx
09-17-19T16:17:25: File created in final csv folder: Retail Item-77 Store Supplies_01.csv
09-17-19T16:17:25: ...
09-17-19T16:17:25: Processing File: Retail Item-901 Soft Drinks_01.xlsx
09-17-19T16:17:28: Finished File: Retail Item-901 Soft Drinks_01.xlsx
09-17-19T16:17:28: File created in final csv folder: Retail Item-901 Soft Drinks_01.csv
09-17-19T16:17:28: ...
09-17-19T16:17:28: Processing File: Retail Item-Missing Items Based on Spreadsheet.xlsx
09-17-19T16:17:31: Finished File: Retail Item-Missing Items Based on Spreadsheet.xlsx
09-17-19T16:17:31: File created in final csv folder: Retail Item-Missing Items Based on Spreadsheet.csv
09-17-19T16:17:31: ...
09-17-19T16:17:31: Processing File: Test of Barcode Search Issue.xlsx
09-17-19T16:17:34: Finished File: Test of Barcode Search Issue.xlsx
09-17-19T16:17:34: File created in final csv folder: Test of Barcode Search Issue.csv
09-17-19T16:17:34: ...
09-17-19T16:17:34: End Log
