06-25-19T13:17:42: Start Log
06-25-19T13:17:42: Processing File: Retail Item-201 Other Fast Food_01.xlsx
06-25-19T13:17:44: Finished File: Retail Item-201 Other Fast Food_01.xlsx
06-25-19T13:17:44: File created in final csv folder: Retail Item-201 Other Fast Food_01.csv
06-25-19T13:17:44: ...
06-25-19T13:17:44: Processing File: Retail Item-206 Franchise Food_01.xlsx
06-25-19T13:17:46: Finished File: Retail Item-206 Franchise Food_01.xlsx
06-25-19T13:17:46: File created in final csv folder: Retail Item-206 Franchise Food_01.csv
06-25-19T13:17:46: ...
06-25-19T13:17:46: Processing File: Retail Item-212 Hot Beverage_01.xlsx
06-25-19T13:17:49: Finished File: Retail Item-212 Hot Beverage_01.xlsx
06-25-19T13:17:49: File created in final csv folder: Retail Item-212 Hot Beverage_01.csv
06-25-19T13:17:49: ...
06-25-19T13:17:49: Processing File: Retail Item-215 Cold Beverage_01.xlsx
06-25-19T13:17:50: Finished File: Retail Item-215 Cold Beverage_01.xlsx
06-25-19T13:17:50: File created in final csv folder: Retail Item-215 Cold Beverage_01.csv
06-25-19T13:17:50: ...
06-25-19T13:17:51: Processing File: Retail Item-218 Hot Food_01.xlsx
06-25-19T13:17:53: Finished File: Retail Item-218 Hot Food_01.xlsx
06-25-19T13:17:53: File created in final csv folder: Retail Item-218 Hot Food_01.csv
06-25-19T13:17:53: ...
06-25-19T13:17:53: Processing File: Retail Item-221 Sandwich_01.xlsx
06-25-19T13:17:55: Finished File: Retail Item-221 Sandwich_01.xlsx
06-25-19T13:17:55: File created in final csv folder: Retail Item-221 Sandwich_01.csv
06-25-19T13:17:55: ...
06-25-19T13:17:55: Processing File: Retail Item-231 Fresh Bakery_01.xlsx
06-25-19T13:17:57: Finished File: Retail Item-231 Fresh Bakery_01.xlsx
06-25-19T13:17:57: File created in final csv folder: Retail Item-231 Fresh Bakery_01.csv
06-25-19T13:17:57: ...
06-25-19T13:17:57: Processing File: Retail Item-401 Beer & Wine_01.xlsx
06-25-19T13:17:59: Finished File: Retail Item-401 Beer & Wine_01.xlsx
06-25-19T13:17:59: File created in final csv folder: Retail Item-401 Beer & Wine_01.csv
06-25-19T13:17:59: ...
06-25-19T13:17:59: Processing File: Retail Item-501 Cigarettes_01.xlsx
06-25-19T13:18:01: Finished File: Retail Item-501 Cigarettes_01.xlsx
06-25-19T13:18:01: File created in final csv folder: Retail Item-501 Cigarettes_01.csv
06-25-19T13:18:01: ...
06-25-19T13:18:01: Processing File: Retail Item-601 General Merchan_01.xlsx
06-25-19T13:18:03: Finished File: Retail Item-601 General Merchan_01.xlsx
06-25-19T13:18:03: File created in final csv folder: Retail Item-601 General Merchan_01.csv
06-25-19T13:18:03: ...
06-25-19T13:18:03: Processing File: Retail Item-601 General Merchan_02.xlsx
06-25-19T13:18:05: Finished File: Retail Item-601 General Merchan_02.xlsx
06-25-19T13:18:05: File created in final csv folder: Retail Item-601 General Merchan_02.csv
06-25-19T13:18:05: ...
06-25-19T13:18:05: Processing File: Retail Item-64 M&S Gift Card & Resale_01.xlsx
06-25-19T13:18:07: Finished File: Retail Item-64 M&S Gift Card & Resale_01.xlsx
06-25-19T13:18:07: File created in final csv folder: Retail Item-64 M&S Gift Card & Resale_01.csv
06-25-19T13:18:07: ...
06-25-19T13:18:07: Processing File: Retail Item-706 Consignment - Gen Mdse_01.xlsx
06-25-19T13:18:09: Finished File: Retail Item-706 Consignment - Gen Mdse_01.xlsx
06-25-19T13:18:09: File created in final csv folder: Retail Item-706 Consignment - Gen Mdse_01.csv
06-25-19T13:18:09: ...
06-25-19T13:18:09: Processing File: Retail Item-77 Store Supplies_01.xlsx
06-25-19T13:18:11: Finished File: Retail Item-77 Store Supplies_01.xlsx
06-25-19T13:18:11: File created in final csv folder: Retail Item-77 Store Supplies_01.csv
06-25-19T13:18:11: ...
06-25-19T13:18:11: Processing File: Retail Item-800 Miscellanous Sales_01.xlsx
06-25-19T13:18:13: Finished File: Retail Item-800 Miscellanous Sales_01.xlsx
06-25-19T13:18:13: File created in final csv folder: Retail Item-800 Miscellanous Sales_01.csv
06-25-19T13:18:13: ...
06-25-19T13:18:13: Processing File: Retail Item-901 Soft Drinks_01.xlsx
06-25-19T13:18:15: Finished File: Retail Item-901 Soft Drinks_01.xlsx
06-25-19T13:18:15: File created in final csv folder: Retail Item-901 Soft Drinks_01.csv
06-25-19T13:18:15: ...
06-25-19T13:18:15: Processing File: Retail Item-VC Vendor Credit_01.xlsx
06-25-19T13:18:17: Finished File: Retail Item-VC Vendor Credit_01.xlsx
06-25-19T13:18:17: File created in final csv folder: Retail Item-VC Vendor Credit_01.csv
06-25-19T13:18:17: ...
06-25-19T13:18:17: End Log
