04-04-19T22:23:45: Start Log
04-04-19T22:23:45: Processing File: Copy of Retail Item-401 Beer  Wine_01.xlsx
04-04-19T22:23:47: Finished File: Copy of Retail Item-401 Beer  Wine_01.xlsx
04-04-19T22:23:47: File created in final csv folder: Copy of Retail Item-401 Beer  Wine_01.csv
04-04-19T22:23:47: ...
04-04-19T22:23:47: Processing File: Retail Item-221 Sandwich_02.xlsx
04-04-19T22:23:50: Finished File: Retail Item-221 Sandwich_02.xlsx
04-04-19T22:23:50: File created in final csv folder: Retail Item-221 Sandwich_02.csv
04-04-19T22:23:50: ...
04-04-19T22:23:50: Processing File: Retail Item-601 General Merchan_08.xlsx
04-04-19T22:23:52: Finished File: Retail Item-601 General Merchan_08.xlsx
04-04-19T22:23:52: File created in final csv folder: Retail Item-601 General Merchan_08.csv
04-04-19T22:23:52: ...
04-04-19T22:23:52: Processing File: Retail Item-601 General Merchan_09.xlsx
04-04-19T22:23:55: Finished File: Retail Item-601 General Merchan_09.xlsx
04-04-19T22:23:55: File created in final csv folder: Retail Item-601 General Merchan_09.csv
04-04-19T22:23:55: ...
04-04-19T22:23:55: Processing File: Retail Item-601 General Merchan_15.xlsx
04-04-19T22:23:58: Finished File: Retail Item-601 General Merchan_15.xlsx
04-04-19T22:23:58: File created in final csv folder: Retail Item-601 General Merchan_15.csv
04-04-19T22:23:58: ...
04-04-19T22:23:58: Processing File: Retail Item-601 General Merchan_16.xlsx
04-04-19T22:24:01: Finished File: Retail Item-601 General Merchan_16.xlsx
04-04-19T22:24:01: File created in final csv folder: Retail Item-601 General Merchan_16.csv
04-04-19T22:24:01: ...
04-04-19T22:24:01: End Log
