05-20-19T13:27:22: Start Log
05-20-19T13:27:22: Processing File: Retail Item-201 Other Fast Food_01.xlsx
05-20-19T13:27:24: Item Rows: 10, External Id: 1117437
05-20-19T13:27:25: Item Rows: 20, External Id: 37002042
05-20-19T13:27:25: Item Rows: 30, External Id: 37002039
05-20-19T13:27:26: Item Rows: 40, External Id: 37002158
05-20-19T13:27:26: Item Rows: 50, External Id: 37002407
05-20-19T13:27:26: Finished File: Retail Item-201 Other Fast Food_01.xlsx
05-20-19T13:27:26: File created in final csv folder: Retail Item-201 Other Fast Food_01.csv
05-20-19T13:27:26: ...
05-20-19T13:27:26: Processing File: Retail Item-206 Franchise Food_01.xlsx
05-20-19T13:27:28: Finished File: Retail Item-206 Franchise Food_01.xlsx
05-20-19T13:27:28: File created in final csv folder: Retail Item-206 Franchise Food_01.csv
05-20-19T13:27:28: ...
05-20-19T13:27:28: Processing File: Retail Item-212 Hot Beverage_01.xlsx
05-20-19T13:27:30: Item Rows: 10, External Id: 1116653
05-20-19T13:27:31: Item Rows: 20, External Id: 37002096
05-20-19T13:27:31: Item Rows: 30, External Id: 1120802
05-20-19T13:27:32: Item Rows: 40, External Id: 1120812
05-20-19T13:27:32: Finished File: Retail Item-212 Hot Beverage_01.xlsx
05-20-19T13:27:32: File created in final csv folder: Retail Item-212 Hot Beverage_01.csv
05-20-19T13:27:32: ...
05-20-19T13:27:32: Processing File: Retail Item-215 Cold Beverage_01.xlsx
05-20-19T13:27:35: Item Rows: 10, External Id: 36017619
05-20-19T13:27:35: Item Rows: 20, External Id: 36017633
05-20-19T13:27:36: Item Rows: 30, External Id: 37002180
05-20-19T13:27:36: Item Rows: 40, External Id: 37002409
05-20-19T13:27:37: Item Rows: 50, External Id: 37002419
05-20-19T13:27:37: Finished File: Retail Item-215 Cold Beverage_01.xlsx
05-20-19T13:27:37: File created in final csv folder: Retail Item-215 Cold Beverage_01.csv
05-20-19T13:27:37: ...
05-20-19T13:27:37: Processing File: Retail Item-218 Hot Food_01.xlsx
05-20-19T13:27:39: Item Rows: 10, External Id: 1116723
05-20-19T13:27:39: Item Rows: 20, External Id: 37002185
05-20-19T13:27:40: Item Rows: 30, External Id: 37002195
05-20-19T13:27:40: Finished File: Retail Item-218 Hot Food_01.xlsx
05-20-19T13:27:40: File created in final csv folder: Retail Item-218 Hot Food_01.csv
05-20-19T13:27:40: ...
05-20-19T13:27:40: Processing File: Retail Item-221 Sandwich_01.xlsx
05-20-19T13:27:42: Item Rows: 10, External Id: 33102525
05-20-19T13:27:43: Item Rows: 20, External Id: 33102535
05-20-19T13:27:43: Item Rows: 30, External Id: 33102545
05-20-19T13:27:44: Item Rows: 40, External Id: 33102555
05-20-19T13:27:44: Item Rows: 50, External Id: 33102565
05-20-19T13:27:45: Item Rows: 60, External Id: 33102587
05-20-19T13:27:46: Item Rows: 70, External Id: 33102598
05-20-19T13:27:46: Item Rows: 80, External Id: 33102608
05-20-19T13:27:47: Item Rows: 90, External Id: 33102631
05-20-19T13:27:47: Item Rows: 100, External Id: 33102641
05-20-19T13:27:48: Item Rows: 110, External Id: 33102653
05-20-19T13:27:48: Item Rows: 120, External Id: 33102664
05-20-19T13:27:49: Item Rows: 130, External Id: 33102674
05-20-19T13:27:49: Item Rows: 140, External Id: 33102684
05-20-19T13:27:50: Item Rows: 150, External Id: 33102694
05-20-19T13:27:50: Item Rows: 160, External Id: 33102707
05-20-19T13:27:51: Item Rows: 170, External Id: 33102718
05-20-19T13:27:52: Item Rows: 180, External Id: 33102728
05-20-19T13:27:52: Item Rows: 190, External Id: 1117726
05-20-19T13:27:53: Item Rows: 200, External Id: 1118014
05-20-19T13:27:53: Item Rows: 210, External Id: 1118821
05-20-19T13:27:54: Item Rows: 220, External Id: 37000983
05-20-19T13:27:54: Item Rows: 230, External Id: 1119529
05-20-19T13:27:55: Item Rows: 240, External Id: 37002000
05-20-19T13:27:56: Item Rows: 250, External Id: 37002072
05-20-19T13:27:57: Item Rows: 260, External Id: 37002040
05-20-19T13:27:58: Item Rows: 270, External Id: 37002122
05-20-19T13:27:58: Item Rows: 280, External Id: 37002070
05-20-19T13:27:59: Item Rows: 290, External Id: 37002098
05-20-19T13:28:00: Item Rows: 300, External Id: 37002054
05-20-19T13:28:00: Item Rows: 310, External Id: 37002069
05-20-19T13:28:01: Item Rows: 320, External Id: 37002133
05-20-19T13:28:01: Item Rows: 330, External Id: 37002116
05-20-19T13:28:02: Item Rows: 340, External Id: 37002119
05-20-19T13:28:04: Item Rows: 350, External Id: 37002149
05-20-19T13:28:05: Item Rows: 360, External Id: 37002259
05-20-19T13:28:06: Item Rows: 370, External Id: 37002307
05-20-19T13:28:07: Item Rows: 380, External Id: 37002425
05-20-19T13:28:09: Finished File: Retail Item-221 Sandwich_01.xlsx
05-20-19T13:28:09: File created in final csv folder: Retail Item-221 Sandwich_01.csv
05-20-19T13:28:09: ...
05-20-19T13:28:09: Processing File: Retail Item-231 Fresh Bakery_01.xlsx
05-20-19T13:28:14: Item Rows: 10, External Id: 33102619
05-20-19T13:28:15: Item Rows: 20, External Id: 1118005
05-20-19T13:28:16: Item Rows: 30, External Id: 1119564
05-20-19T13:28:17: Item Rows: 40, External Id: 37002038
05-20-19T13:28:18: Item Rows: 50, External Id: 37002379
05-20-19T13:28:19: Finished File: Retail Item-231 Fresh Bakery_01.xlsx
05-20-19T13:28:19: File created in final csv folder: Retail Item-231 Fresh Bakery_01.csv
05-20-19T13:28:19: ...
05-20-19T13:28:19: Processing File: Retail Item-401 Beer & Wine_01.xlsx
05-20-19T13:28:25: Item Rows: 10, External Id: 1116821
05-20-19T13:28:26: Item Rows: 20, External Id: 1117090
05-20-19T13:28:27: Item Rows: 30, External Id: 1117105
05-20-19T13:28:28: Item Rows: 40, External Id: 1117259
05-20-19T13:28:29: Item Rows: 50, External Id: 1117822
05-20-19T13:28:30: Item Rows: 60, External Id: 1118463
05-20-19T13:28:32: Item Rows: 70, External Id: 1119082
05-20-19T13:28:33: Item Rows: 80, External Id: 37001002
05-20-19T13:28:34: Item Rows: 90, External Id: 37001010
05-20-19T13:28:35: Item Rows: 100, External Id: 37001018
05-20-19T13:28:36: Item Rows: 110, External Id: 37001028
05-20-19T13:28:36: Item Rows: 120, External Id: 1119617
05-20-19T13:28:37: Item Rows: 130, External Id: 1119841
05-20-19T13:28:38: Item Rows: 140, External Id: 1119859
05-20-19T13:28:39: Item Rows: 150, External Id: 1120070
05-20-19T13:28:40: Item Rows: 160, External Id: 1120089
05-20-19T13:28:40: Item Rows: 170, External Id: 1120102
05-20-19T13:28:41: Item Rows: 180, External Id: 1120112
05-20-19T13:28:41: Item Rows: 190, External Id: 37001049
05-20-19T13:28:42: Item Rows: 200, External Id: 37001039
05-20-19T13:28:45: Item Rows: 210, External Id: 37001059
05-20-19T13:28:51: Item Rows: 220, External Id: 37001069
05-20-19T13:28:55: Item Rows: 230, External Id: 37001078
05-20-19T13:28:57: Item Rows: 240, External Id: 37001087
05-20-19T13:29:01: Item Rows: 250, External Id: 37001093
05-20-19T13:29:03: Item Rows: 260, External Id: 37001107
05-20-19T13:29:05: Item Rows: 270, External Id: 1120589
05-20-19T13:29:07: Item Rows: 280, External Id: 1120615
05-20-19T13:29:09: Item Rows: 290, External Id: 36020038
05-20-19T13:29:11: Item Rows: 300, External Id: 36020048
05-20-19T13:29:11: Finished File: Retail Item-401 Beer & Wine_01.xlsx
05-20-19T13:29:11: File created in final csv folder: Retail Item-401 Beer & Wine_01.csv
05-20-19T13:29:11: ...
05-20-19T13:29:11: Processing File: Retail Item-501 Cigarettes_01.xlsx
05-20-19T13:29:18: Item Rows: 10, External Id: 1116736
05-20-19T13:29:19: Item Rows: 20, External Id: 1120463
05-20-19T13:29:19: Finished File: Retail Item-501 Cigarettes_01.xlsx
05-20-19T13:29:19: File created in final csv folder: Retail Item-501 Cigarettes_01.csv
05-20-19T13:29:19: ...
05-20-19T13:29:19: Processing File: Retail Item-601 General Merchan_01.xlsx
05-20-19T13:29:25: Item Rows: 10, External Id: 1116657
05-20-19T13:29:26: Item Rows: 20, External Id: 1116668
05-20-19T13:29:27: Item Rows: 30, External Id: 1116678
05-20-19T13:29:28: Item Rows: 40, External Id: 1116689
05-20-19T13:29:29: Item Rows: 50, External Id: 1116704
05-20-19T13:29:29: Item Rows: 60, External Id: 1116732
05-20-19T13:29:30: Item Rows: 70, External Id: 36020028
05-20-19T13:29:30: Item Rows: 80, External Id: 1116759
05-20-19T13:29:31: Item Rows: 90, External Id: 1116853
05-20-19T13:29:32: Item Rows: 100, External Id: 1116872
05-20-19T13:29:32: Item Rows: 110, External Id: 1116883
05-20-19T13:29:33: Item Rows: 120, External Id: 1116895
05-20-19T13:29:33: Item Rows: 130, External Id: 1116905
05-20-19T13:29:33: Item Rows: 140, External Id: 1116915
05-20-19T13:29:34: Item Rows: 150, External Id: 1116929
05-20-19T13:29:34: Item Rows: 160, External Id: 1117013
05-20-19T13:29:35: Item Rows: 170, External Id: 1117070
05-20-19T13:29:35: Item Rows: 180, External Id: 1117116
05-20-19T13:29:35: Item Rows: 190, External Id: 1117133
05-20-19T13:29:36: Item Rows: 200, External Id: 1117154
05-20-19T13:29:36: Item Rows: 210, External Id: 1117179
05-20-19T13:29:37: Item Rows: 220, External Id: 1117189
05-20-19T13:29:37: Item Rows: 230, External Id: 1117199
05-20-19T13:29:37: Item Rows: 240, External Id: 1117209
05-20-19T13:29:38: Item Rows: 250, External Id: 1117223
05-20-19T13:29:38: Item Rows: 260, External Id: 1117270
05-20-19T13:29:39: Item Rows: 270, External Id: 1117282
05-20-19T13:29:39: Item Rows: 280, External Id: 1117292
05-20-19T13:29:39: Item Rows: 290, External Id: 1117302
05-20-19T13:29:40: Item Rows: 300, External Id: 1117305
05-20-19T13:29:40: Item Rows: 310, External Id: 1117311
05-20-19T13:29:40: Item Rows: 320, External Id: 1117319
05-20-19T13:29:41: Item Rows: 330, External Id: 1117328
05-20-19T13:29:41: Item Rows: 340, External Id: 1117338
05-20-19T13:29:42: Item Rows: 350, External Id: 1117348
05-20-19T13:29:42: Item Rows: 360, External Id: 1117368
05-20-19T13:29:43: Item Rows: 370, External Id: 1117378
05-20-19T13:29:43: Item Rows: 380, External Id: 1117388
05-20-19T13:29:44: Item Rows: 390, External Id: 1117399
05-20-19T13:29:44: Item Rows: 400, External Id: 1117412
05-20-19T13:29:45: Item Rows: 410, External Id: 1117423
05-20-19T13:29:46: Item Rows: 420, External Id: 1117433
05-20-19T13:29:46: Item Rows: 430, External Id: 1117446
05-20-19T13:29:46: Item Rows: 440, External Id: 1117456
05-20-19T13:29:47: Item Rows: 450, External Id: 1117466
05-20-19T13:29:47: Item Rows: 460, External Id: 1117476
05-20-19T13:29:48: Item Rows: 470, External Id: 1117486
05-20-19T13:29:48: Item Rows: 480, External Id: 1117496
05-20-19T13:29:49: Item Rows: 490, External Id: 1117515
05-20-19T13:29:49: Item Rows: 500, External Id: 1117529
05-20-19T13:29:49: Item Rows: 510, External Id: 1117540
05-20-19T13:29:50: Item Rows: 520, External Id: 1117554
05-20-19T13:29:50: Item Rows: 530, External Id: 1117562
05-20-19T13:29:50: Item Rows: 540, External Id: 1117575
05-20-19T13:29:51: Item Rows: 550, External Id: 1117620
05-20-19T13:29:51: Item Rows: 560, External Id: 1117650
05-20-19T13:29:52: Item Rows: 570, External Id: 1117660
05-20-19T13:29:52: Item Rows: 580, External Id: 1117696
05-20-19T13:29:53: Item Rows: 590, External Id: 1117757
05-20-19T13:29:53: Item Rows: 600, External Id: 1117819
05-20-19T13:29:54: Item Rows: 610, External Id: 37000808
05-20-19T13:29:54: Item Rows: 620, External Id: 37000798
05-20-19T13:29:55: Item Rows: 630, External Id: 37000782
05-20-19T13:29:56: Item Rows: 640, External Id: 37000768
05-20-19T13:29:56: Item Rows: 650, External Id: 37000753
05-20-19T13:29:57: Item Rows: 660, External Id: 37000743
05-20-19T13:29:57: Item Rows: 670, External Id: 37000699
05-20-19T13:29:58: Item Rows: 680, External Id: 37000689
05-20-19T13:29:58: Item Rows: 690, External Id: 1117926
05-20-19T13:29:59: Item Rows: 700, External Id: 1117936
05-20-19T13:29:59: Item Rows: 710, External Id: 1117947
05-20-19T13:30:00: Item Rows: 720, External Id: 1117957
05-20-19T13:30:00: Item Rows: 730, External Id: 1117967
05-20-19T13:30:01: Item Rows: 740, External Id: 1117984
05-20-19T13:30:01: Item Rows: 750, External Id: 1118004
05-20-19T13:30:02: Item Rows: 760, External Id: 1118034
05-20-19T13:30:02: Item Rows: 770, External Id: 1118066
05-20-19T13:30:02: Item Rows: 780, External Id: 1118076
05-20-19T13:30:03: Item Rows: 790, External Id: 1118086
05-20-19T13:30:04: Item Rows: 800, External Id: 1118096
05-20-19T13:30:04: Item Rows: 810, External Id: 1118106
05-20-19T13:30:05: Item Rows: 820, External Id: 1118116
05-20-19T13:30:05: Item Rows: 830, External Id: 1118126
05-20-19T13:30:06: Item Rows: 840, External Id: 1118136
05-20-19T13:30:07: Item Rows: 850, External Id: 1118146
05-20-19T13:30:07: Item Rows: 860, External Id: 1118156
05-20-19T13:30:08: Item Rows: 870, External Id: 1118166
05-20-19T13:30:09: Item Rows: 880, External Id: 1118176
05-20-19T13:30:09: Item Rows: 890, External Id: 1118186
05-20-19T13:30:10: Item Rows: 900, External Id: 1118198
05-20-19T13:30:10: Item Rows: 910, External Id: 1118208
05-20-19T13:30:10: Item Rows: 920, External Id: 1118218
05-20-19T13:30:11: Item Rows: 930, External Id: 1118228
05-20-19T13:30:11: Item Rows: 940, External Id: 1118238
05-20-19T13:30:12: Item Rows: 950, External Id: 37000084
05-20-19T13:30:12: Item Rows: 960, External Id: 37000221
05-20-19T13:30:13: Item Rows: 970, External Id: 1118303
05-20-19T13:30:13: Item Rows: 980, External Id: 1118315
05-20-19T13:30:14: Item Rows: 990, External Id: 1118328
05-20-19T13:30:14: Item Rows: 1000, External Id: 1118349
05-20-19T13:30:15: Item Rows: 1010, External Id: 1118364
05-20-19T13:30:15: Item Rows: 1020, External Id: 1118374
05-20-19T13:30:16: Item Rows: 1030, External Id: 1118384
05-20-19T13:30:16: Item Rows: 1040, External Id: 1118394
05-20-19T13:30:17: Item Rows: 1050, External Id: 1118404
05-20-19T13:30:17: Item Rows: 1060, External Id: 1118414
05-20-19T13:30:18: Item Rows: 1070, External Id: 1118424
05-20-19T13:30:18: Item Rows: 1080, External Id: 1118436
05-20-19T13:30:19: Item Rows: 1090, External Id: 1118446
05-20-19T13:30:19: Item Rows: 1100, External Id: 1118456
05-20-19T13:30:20: Item Rows: 1110, External Id: 1118467
05-20-19T13:30:21: Item Rows: 1120, External Id: 1118478
05-20-19T13:30:21: Item Rows: 1130, External Id: 1118488
05-20-19T13:30:22: Item Rows: 1140, External Id: 1118498
05-20-19T13:30:22: Item Rows: 1150, External Id: 1118508
05-20-19T13:30:23: Item Rows: 1160, External Id: 37000223
05-20-19T13:30:23: Item Rows: 1170, External Id: 37000232
05-20-19T13:30:24: Item Rows: 1180, External Id: 37000262
05-20-19T13:30:24: Item Rows: 1190, External Id: 37000281
05-20-19T13:30:25: Item Rows: 1200, External Id: 37000299
05-20-19T13:30:25: Item Rows: 1210, External Id: 37000329
05-20-19T13:30:25: Item Rows: 1220, External Id: 37000341
05-20-19T13:30:26: Item Rows: 1230, External Id: 1118661
05-20-19T13:30:26: Item Rows: 1240, External Id: 1118671
05-20-19T13:30:27: Item Rows: 1250, External Id: 37000372
05-20-19T13:30:27: Item Rows: 1260, External Id: 1118692
05-20-19T13:30:28: Item Rows: 1270, External Id: 37000483
05-20-19T13:30:28: Item Rows: 1280, External Id: 1118727
05-20-19T13:30:29: Item Rows: 1290, External Id: 1118739
05-20-19T13:30:29: Item Rows: 1300, External Id: 37000509
05-20-19T13:30:30: Item Rows: 1310, External Id: 37000491
05-20-19T13:30:30: Item Rows: 1320, External Id: 37000528
05-20-19T13:30:30: Item Rows: 1330, External Id: 37000538
05-20-19T13:30:31: Item Rows: 1340, External Id: 37000495
05-20-19T13:30:32: Item Rows: 1350, External Id: 1118799
05-20-19T13:30:33: Item Rows: 1360, External Id: 37000209
05-20-19T13:30:33: Item Rows: 1370, External Id: 37000557
05-20-19T13:30:34: Item Rows: 1380, External Id: 1118833
05-20-19T13:30:34: Item Rows: 1390, External Id: 1118844
05-20-19T13:30:35: Item Rows: 1400, External Id: 1118856
05-20-19T13:30:35: Item Rows: 1410, External Id: 37000619
05-20-19T13:30:35: Item Rows: 1420, External Id: 1118872
05-20-19T13:30:36: Item Rows: 1430, External Id: 1118880
05-20-19T13:30:36: Item Rows: 1440, External Id: 1118890
05-20-19T13:30:37: Item Rows: 1450, External Id: 1118900
05-20-19T13:30:37: Item Rows: 1460, External Id: 1118921
05-20-19T13:30:38: Item Rows: 1470, External Id: 1118936
05-20-19T13:30:38: Item Rows: 1480, External Id: 1118946
05-20-19T13:30:39: Item Rows: 1490, External Id: 1118958
05-20-19T13:30:39: Item Rows: 1500, External Id: 1118968
05-20-19T13:30:40: Item Rows: 1510, External Id: 1118980
05-20-19T13:30:40: Item Rows: 1520, External Id: 1118997
05-20-19T13:30:40: Item Rows: 1530, External Id: 1119007
05-20-19T13:30:41: Item Rows: 1540, External Id: 1119017
05-20-19T13:30:41: Item Rows: 1550, External Id: 1119027
05-20-19T13:30:42: Item Rows: 1560, External Id: 1119045
05-20-19T13:30:42: Item Rows: 1570, External Id: 1119064
05-20-19T13:30:42: Item Rows: 1580, External Id: 1119076
05-20-19T13:30:43: Item Rows: 1590, External Id: 1119090
05-20-19T13:30:44: Item Rows: 1600, External Id: 37000948
05-20-19T13:30:45: Item Rows: 1610, External Id: 37000955
05-20-19T13:30:45: Item Rows: 1620, External Id: 37000959
05-20-19T13:30:45: Item Rows: 1630, External Id: 37000924
05-20-19T13:30:46: Item Rows: 1640, External Id: 37000928
05-20-19T13:30:47: Item Rows: 1650, External Id: 1119161
05-20-19T13:30:47: Item Rows: 1660, External Id: 1119172
05-20-19T13:30:48: Item Rows: 1670, External Id: 37000655
05-20-19T13:30:48: Item Rows: 1680, External Id: 37000667
05-20-19T13:30:48: Item Rows: 1690, External Id: 1119219
05-20-19T13:30:49: Item Rows: 1700, External Id: 37000680
05-20-19T13:30:49: Item Rows: 1710, External Id: 1119240
05-20-19T13:30:50: Item Rows: 1720, External Id: 1119250
05-20-19T13:30:50: Item Rows: 1730, External Id: 1119260
05-20-19T13:30:51: Item Rows: 1740, External Id: 1119270
05-20-19T13:30:51: Item Rows: 1750, External Id: 1119280
05-20-19T13:30:51: Item Rows: 1760, External Id: 1119290
05-20-19T13:30:52: Item Rows: 1770, External Id: 1119300
05-20-19T13:30:52: Item Rows: 1780, External Id: 1119326
05-20-19T13:30:53: Item Rows: 1790, External Id: 1119348
05-20-19T13:30:53: Item Rows: 1800, External Id: 1119428
05-20-19T13:30:54: Item Rows: 1810, External Id: 1119439
05-20-19T13:30:54: Item Rows: 1820, External Id: 1119451
05-20-19T13:30:55: Item Rows: 1830, External Id: 1119476
05-20-19T13:30:55: Item Rows: 1840, External Id: 1119489
05-20-19T13:30:55: Item Rows: 1850, External Id: 37000650
05-20-19T13:30:56: Item Rows: 1860, External Id: 37000723
05-20-19T13:30:56: Item Rows: 1870, External Id: 37000866
05-20-19T13:30:57: Item Rows: 1880, External Id: 37000872
05-20-19T13:30:57: Item Rows: 1890, External Id: 37000882
05-20-19T13:30:58: Item Rows: 1900, External Id: 1119611
05-20-19T13:30:58: Item Rows: 1910, External Id: 1119625
05-20-19T13:30:59: Item Rows: 1920, External Id: 1119858
05-20-19T13:30:59: Item Rows: 1930, External Id: 1119874
05-20-19T13:31:00: Item Rows: 1940, External Id: 1119937
05-20-19T13:31:00: Item Rows: 1950, External Id: 1120072
05-20-19T13:31:01: Item Rows: 1960, External Id: 1120131
05-20-19T13:31:01: Item Rows: 1970, External Id: 1120185
05-20-19T13:31:01: Item Rows: 1980, External Id: 1120225
05-20-19T13:31:02: Item Rows: 1990, External Id: 37002276
05-20-19T13:31:02: Item Rows: 2000, External Id: 37002286
05-20-19T13:31:03: Item Rows: 2010, External Id: 37002296
05-20-19T13:31:03: Item Rows: 2020, External Id: 37002310
05-20-19T13:31:04: Item Rows: 2030, External Id: 37002320
05-20-19T13:31:04: Item Rows: 2040, External Id: 37000891
05-20-19T13:31:04: Item Rows: 2050, External Id: 37000902
05-20-19T13:31:05: Item Rows: 2060, External Id: 37000912
05-20-19T13:31:06: Item Rows: 2070, External Id: 37000997
05-20-19T13:31:06: Item Rows: 2080, External Id: 37002328
05-20-19T13:31:07: Item Rows: 2090, External Id: 37002338
05-20-19T13:31:07: Item Rows: 2100, External Id: 37002348
05-20-19T13:31:08: Item Rows: 2110, External Id: 37002358
05-20-19T13:31:08: Item Rows: 2120, External Id: 1120476
05-20-19T13:31:08: Item Rows: 2130, External Id: 1120504
05-20-19T13:31:09: Item Rows: 2140, External Id: 1120532
05-20-19T13:31:09: Item Rows: 2150, External Id: 1120548
05-20-19T13:31:10: Item Rows: 2160, External Id: 37002372
05-20-19T13:31:10: Item Rows: 2170, External Id: 1120594
05-20-19T13:31:10: Item Rows: 2180, External Id: 1120614
05-20-19T13:31:11: Item Rows: 2190, External Id: 1120670
05-20-19T13:31:11: Item Rows: 2200, External Id: 1120709
05-20-19T13:31:11: Item Rows: 2210, External Id: 1120714
05-20-19T13:31:12: Item Rows: 2220, External Id: 1120720
05-20-19T13:31:12: Item Rows: 2230, External Id: 1120726
05-20-19T13:31:12: Item Rows: 2240, External Id: 1120738
05-20-19T13:31:13: Item Rows: 2250, External Id: 1120751
05-20-19T13:31:13: Item Rows: 2260, External Id: 1120768
05-20-19T13:31:14: Item Rows: 2270, External Id: 37002421
05-20-19T13:31:14: Finished File: Retail Item-601 General Merchan_01.xlsx
05-20-19T13:31:14: File created in final csv folder: Retail Item-601 General Merchan_01.csv
05-20-19T13:31:14: ...
05-20-19T13:31:14: Processing File: Retail Item-706 Consignment - Gen Mdse_01.xlsx
05-20-19T13:31:16: Item Rows: 10, External Id: 1116763
05-20-19T13:31:16: Item Rows: 20, External Id: 1117247
05-20-19T13:31:17: Item Rows: 30, External Id: 1117711
05-20-19T13:31:18: Item Rows: 40, External Id: 37000824
05-20-19T13:31:18: Item Rows: 50, External Id: 37000833
05-20-19T13:31:19: Item Rows: 60, External Id: 37000839
05-20-19T13:31:19: Item Rows: 70, External Id: 37000850
05-20-19T13:31:20: Item Rows: 80, External Id: 1120490
05-20-19T13:31:20: Item Rows: 90, External Id: 1120502
05-20-19T13:31:21: Item Rows: 100, External Id: 1120779
05-20-19T13:31:21: Finished File: Retail Item-706 Consignment - Gen Mdse_01.xlsx
05-20-19T13:31:21: File created in final csv folder: Retail Item-706 Consignment - Gen Mdse_01.csv
05-20-19T13:31:21: ...
05-20-19T13:31:21: Processing File: Retail Item-707 Consignment - Foodservice_01.xlsx
05-20-19T13:31:23: Item Rows: 10, External Id: 1118297
05-20-19T13:31:23: Finished File: Retail Item-707 Consignment - Foodservice_01.xlsx
05-20-19T13:31:23: File created in final csv folder: Retail Item-707 Consignment - Foodservice_01.csv
05-20-19T13:31:23: ...
05-20-19T13:31:23: Processing File: Retail Item-77 Store Supplies_01.xlsx
05-20-19T13:31:26: Item Rows: 10, External Id: 33102577
05-20-19T13:31:26: Item Rows: 20, External Id: 36017600
05-20-19T13:31:27: Item Rows: 30, External Id: 36017610
05-20-19T13:31:27: Item Rows: 40, External Id: 37002438
05-20-19T13:31:27: Finished File: Retail Item-77 Store Supplies_01.xlsx
05-20-19T13:31:27: File created in final csv folder: Retail Item-77 Store Supplies_01.csv
05-20-19T13:31:27: ...
05-20-19T13:31:27: Processing File: Retail Item-800 Miscellanous Sales_01.xlsx
05-20-19T13:31:29: Item Rows: 10, External Id: 1118953
05-20-19T13:31:30: Finished File: Retail Item-800 Miscellanous Sales_01.xlsx
05-20-19T13:31:30: File created in final csv folder: Retail Item-800 Miscellanous Sales_01.csv
05-20-19T13:31:30: ...
05-20-19T13:31:30: Processing File: Retail Item-901 Soft Drinks_01.xlsx
05-20-19T13:31:32: Item Rows: 10, External Id: 1117545
05-20-19T13:31:32: Item Rows: 20, External Id: 1117576
05-20-19T13:31:33: Item Rows: 30, External Id: 37000022
05-20-19T13:31:33: Item Rows: 40, External Id: 37000032
05-20-19T13:31:34: Item Rows: 50, External Id: 37000045
05-20-19T13:31:34: Item Rows: 60, External Id: 37000058
05-20-19T13:31:34: Item Rows: 70, External Id: 37000063
05-20-19T13:31:35: Item Rows: 80, External Id: 37000068
05-20-19T13:31:35: Item Rows: 90, External Id: 1118261
05-20-19T13:31:36: Item Rows: 100, External Id: 37000088
05-20-19T13:31:36: Item Rows: 110, External Id: 37000433
05-20-19T13:31:36: Finished File: Retail Item-901 Soft Drinks_01.xlsx
05-20-19T13:31:36: File created in final csv folder: Retail Item-901 Soft Drinks_01.csv
05-20-19T13:31:36: ...
05-20-19T13:31:36: End Log
