04-19-19T13:07:21: Start Log
04-19-19T13:07:21: Processing File: Retail Item- Invalid Catgory items.xlsx
04-19-19T13:07:23: Item Rows: 10, External Id: 187050
04-19-19T13:07:23: Item Rows: 20, External Id: 36013102
04-19-19T13:07:23: Item Rows: 30, External Id: undefined
04-19-19T13:07:23: Item Rows: 40, External Id: undefined
04-19-19T13:07:23: Item Rows: 50, External Id: undefined
04-19-19T13:07:23: Item Rows: 60, External Id: undefined
04-19-19T13:07:23: Item Rows: 70, External Id: undefined
04-19-19T13:07:23: Item Rows: 80, External Id: undefined
04-19-19T13:07:23: Item Rows: 90, External Id: undefined
04-19-19T13:07:23: Item Rows: 100, External Id: undefined
04-19-19T13:07:23: Item Rows: 110, External Id: undefined
04-19-19T13:07:23: Item Rows: 120, External Id: undefined
04-19-19T13:07:23: Item Rows: 130, External Id: undefined
04-19-19T13:07:23: Item Rows: 140, External Id: undefined
04-19-19T13:07:24: Item Rows: 150, External Id: undefined
04-19-19T13:07:24: Item Rows: 160, External Id: undefined
04-19-19T13:07:24: Item Rows: 170, External Id: undefined
04-19-19T13:07:24: Item Rows: 180, External Id: undefined
04-19-19T13:07:24: Item Rows: 190, External Id: undefined
04-19-19T13:07:24: Item Rows: 200, External Id: undefined
04-19-19T13:07:24: Item Rows: 210, External Id: undefined
04-19-19T13:07:24: Item Rows: 220, External Id: undefined
04-19-19T13:07:24: Item Rows: 230, External Id: undefined
04-19-19T13:07:24: Item Rows: 240, External Id: undefined
04-19-19T13:07:24: Item Rows: 250, External Id: undefined
04-19-19T13:07:24: Item Rows: 260, External Id: undefined
04-19-19T13:07:24: Item Rows: 270, External Id: undefined
04-19-19T13:07:24: Item Rows: 280, External Id: undefined
04-19-19T13:07:24: Item Rows: 290, External Id: undefined
04-19-19T13:07:24: Item Rows: 300, External Id: undefined
04-19-19T13:07:24: Item Rows: 310, External Id: undefined
04-19-19T13:07:24: Item Rows: 320, External Id: undefined
04-19-19T13:07:24: Item Rows: 330, External Id: undefined
04-19-19T13:07:24: Item Rows: 340, External Id: undefined
04-19-19T13:07:24: Item Rows: 350, External Id: undefined
04-19-19T13:07:24: Item Rows: 360, External Id: undefined
04-19-19T13:07:24: Item Rows: 370, External Id: undefined
04-19-19T13:07:24: Item Rows: 380, External Id: undefined
04-19-19T13:07:25: Item Rows: 390, External Id: undefined
04-19-19T13:07:25: Item Rows: 400, External Id: undefined
04-19-19T13:07:25: Item Rows: 410, External Id: undefined
04-19-19T13:07:25: Item Rows: 420, External Id: undefined
04-19-19T13:07:25: Item Rows: 430, External Id: undefined
04-19-19T13:07:25: Item Rows: 440, External Id: undefined
04-19-19T13:07:25: Item Rows: 450, External Id: undefined
04-19-19T13:07:25: Item Rows: 460, External Id: undefined
04-19-19T13:07:25: Item Rows: 470, External Id: undefined
04-19-19T13:07:25: Item Rows: 480, External Id: undefined
04-19-19T13:07:25: Item Rows: 490, External Id: undefined
04-19-19T13:07:25: Item Rows: 500, External Id: undefined
04-19-19T13:07:25: Item Rows: 510, External Id: undefined
04-19-19T13:07:25: Item Rows: 520, External Id: undefined
04-19-19T13:07:25: Item Rows: 530, External Id: undefined
04-19-19T13:07:25: Item Rows: 540, External Id: undefined
04-19-19T13:07:25: Item Rows: 550, External Id: undefined
04-19-19T13:07:25: Item Rows: 560, External Id: undefined
04-19-19T13:07:25: Item Rows: 570, External Id: undefined
04-19-19T13:07:25: Item Rows: 580, External Id: undefined
04-19-19T13:07:25: Item Rows: 590, External Id: undefined
04-19-19T13:07:25: Item Rows: 600, External Id: undefined
04-19-19T13:07:25: Item Rows: 610, External Id: undefined
04-19-19T13:07:25: Item Rows: 620, External Id: undefined
04-19-19T13:07:25: Item Rows: 630, External Id: undefined
04-19-19T13:07:25: Item Rows: 640, External Id: undefined
04-19-19T13:07:26: Item Rows: 650, External Id: undefined
04-19-19T13:07:26: Item Rows: 660, External Id: undefined
04-19-19T13:07:26: Item Rows: 670, External Id: undefined
04-19-19T13:07:26: Item Rows: 680, External Id: undefined
04-19-19T13:07:26: Item Rows: 690, External Id: undefined
04-19-19T13:07:26: Item Rows: 700, External Id: undefined
04-19-19T13:07:26: Item Rows: 710, External Id: undefined
04-19-19T13:07:26: Item Rows: 720, External Id: undefined
04-19-19T13:07:26: Item Rows: 730, External Id: undefined
04-19-19T13:07:26: Item Rows: 740, External Id: undefined
04-19-19T13:07:26: Item Rows: 750, External Id: undefined
04-19-19T13:07:26: Item Rows: 760, External Id: undefined
04-19-19T13:07:26: Item Rows: 770, External Id: undefined
04-19-19T13:07:26: Item Rows: 780, External Id: undefined
04-19-19T13:07:26: Item Rows: 790, External Id: undefined
04-19-19T13:07:26: Item Rows: 800, External Id: undefined
04-19-19T13:07:26: Item Rows: 810, External Id: undefined
04-19-19T13:07:26: Item Rows: 820, External Id: undefined
04-19-19T13:07:26: Item Rows: 830, External Id: undefined
04-19-19T13:07:26: Item Rows: 840, External Id: undefined
04-19-19T13:07:26: Item Rows: 850, External Id: undefined
04-19-19T13:07:26: Item Rows: 860, External Id: undefined
04-19-19T13:07:26: Item Rows: 870, External Id: undefined
04-19-19T13:07:26: Item Rows: 880, External Id: undefined
04-19-19T13:07:26: Item Rows: 890, External Id: undefined
04-19-19T13:07:26: Item Rows: 900, External Id: undefined
04-19-19T13:07:26: Item Rows: 910, External Id: undefined
04-19-19T13:07:27: Item Rows: 920, External Id: undefined
04-19-19T13:07:27: Item Rows: 930, External Id: undefined
04-19-19T13:07:27: Item Rows: 940, External Id: undefined
04-19-19T13:07:27: Item Rows: 950, External Id: undefined
04-19-19T13:07:27: Item Rows: 960, External Id: undefined
04-19-19T13:07:27: Item Rows: 970, External Id: undefined
04-19-19T13:07:27: Item Rows: 980, External Id: undefined
04-19-19T13:07:27: Item Rows: 990, External Id: undefined
04-19-19T13:07:27: Item Rows: 1000, External Id: undefined
04-19-19T13:07:27: Item Rows: 1010, External Id: undefined
04-19-19T13:07:27: Item Rows: 1020, External Id: undefined
04-19-19T13:07:27: Item Rows: 1030, External Id: undefined
04-19-19T13:07:27: Item Rows: 1040, External Id: undefined
04-19-19T13:07:27: Item Rows: 1050, External Id: undefined
04-19-19T13:07:27: Item Rows: 1060, External Id: undefined
04-19-19T13:07:27: Item Rows: 1070, External Id: undefined
04-19-19T13:07:27: Item Rows: 1080, External Id: undefined
04-19-19T13:07:27: Item Rows: 1090, External Id: undefined
04-19-19T13:07:27: Item Rows: 1100, External Id: undefined
04-19-19T13:07:27: Item Rows: 1110, External Id: undefined
04-19-19T13:07:27: Item Rows: 1120, External Id: undefined
04-19-19T13:07:27: Item Rows: 1130, External Id: undefined
04-19-19T13:07:27: Item Rows: 1140, External Id: undefined
04-19-19T13:07:27: Item Rows: 1150, External Id: undefined
04-19-19T13:07:27: Item Rows: 1160, External Id: undefined
04-19-19T13:07:28: Item Rows: 1170, External Id: undefined
04-19-19T13:07:28: Item Rows: 1180, External Id: undefined
04-19-19T13:07:28: Item Rows: 1190, External Id: undefined
04-19-19T13:07:28: Item Rows: 1200, External Id: undefined
04-19-19T13:07:28: Item Rows: 1210, External Id: undefined
04-19-19T13:07:28: Item Rows: 1220, External Id: undefined
04-19-19T13:07:28: Item Rows: 1230, External Id: undefined
04-19-19T13:07:28: Item Rows: 1240, External Id: undefined
04-19-19T13:07:28: Item Rows: 1250, External Id: undefined
04-19-19T13:07:28: Item Rows: 1260, External Id: undefined
04-19-19T13:07:28: Item Rows: 1270, External Id: undefined
04-19-19T13:07:28: Item Rows: 1280, External Id: undefined
04-19-19T13:07:28: Item Rows: 1290, External Id: undefined
04-19-19T13:07:28: Item Rows: 1300, External Id: undefined
04-19-19T13:07:28: Item Rows: 1310, External Id: undefined
04-19-19T13:07:28: Item Rows: 1320, External Id: undefined
04-19-19T13:07:28: Item Rows: 1330, External Id: undefined
04-19-19T13:07:28: Item Rows: 1340, External Id: undefined
04-19-19T13:07:28: Item Rows: 1350, External Id: undefined
04-19-19T13:07:28: Item Rows: 1360, External Id: undefined
04-19-19T13:07:28: Item Rows: 1370, External Id: undefined
04-19-19T13:07:28: Item Rows: 1380, External Id: undefined
04-19-19T13:07:28: Item Rows: 1390, External Id: undefined
04-19-19T13:07:28: Item Rows: 1400, External Id: undefined
04-19-19T13:07:28: Item Rows: 1410, External Id: undefined
04-19-19T13:07:29: Item Rows: 1420, External Id: undefined
04-19-19T13:07:29: Item Rows: 1430, External Id: undefined
04-19-19T13:07:29: Item Rows: 1440, External Id: undefined
04-19-19T13:07:29: Item Rows: 1450, External Id: undefined
04-19-19T13:07:29: Item Rows: 1460, External Id: undefined
04-19-19T13:07:29: Item Rows: 1470, External Id: undefined
04-19-19T13:07:29: Item Rows: 1480, External Id: undefined
04-19-19T13:07:29: Item Rows: 1490, External Id: undefined
04-19-19T13:07:29: Item Rows: 1500, External Id: undefined
04-19-19T13:07:29: Item Rows: 1510, External Id: undefined
04-19-19T13:07:29: Item Rows: 1520, External Id: undefined
04-19-19T13:07:29: Item Rows: 1530, External Id: undefined
04-19-19T13:07:29: Item Rows: 1540, External Id: undefined
04-19-19T13:07:29: Item Rows: 1550, External Id: undefined
04-19-19T13:07:29: Item Rows: 1560, External Id: undefined
04-19-19T13:07:29: Item Rows: 1570, External Id: undefined
04-19-19T13:07:29: Item Rows: 1580, External Id: undefined
04-19-19T13:07:29: Item Rows: 1590, External Id: undefined
04-19-19T13:07:29: Item Rows: 1600, External Id: undefined
04-19-19T13:07:29: Item Rows: 1610, External Id: undefined
04-19-19T13:07:29: Item Rows: 1620, External Id: undefined
04-19-19T13:07:29: Item Rows: 1630, External Id: undefined
04-19-19T13:07:29: Item Rows: 1640, External Id: undefined
04-19-19T13:07:29: Item Rows: 1650, External Id: undefined
04-19-19T13:07:29: Item Rows: 1660, External Id: undefined
04-19-19T13:07:29: Item Rows: 1670, External Id: undefined
04-19-19T13:07:29: Item Rows: 1680, External Id: undefined
04-19-19T13:07:30: Item Rows: 1690, External Id: undefined
04-19-19T13:07:30: Item Rows: 1700, External Id: undefined
04-19-19T13:07:30: Item Rows: 1710, External Id: undefined
04-19-19T13:07:30: Item Rows: 1720, External Id: undefined
04-19-19T13:07:30: Item Rows: 1730, External Id: undefined
04-19-19T13:07:30: Item Rows: 1740, External Id: undefined
04-19-19T13:07:30: Item Rows: 1750, External Id: undefined
04-19-19T13:07:30: Item Rows: 1760, External Id: undefined
04-19-19T13:07:30: Item Rows: 1770, External Id: undefined
04-19-19T13:07:30: Item Rows: 1780, External Id: undefined
04-19-19T13:07:30: Item Rows: 1790, External Id: undefined
04-19-19T13:07:30: Item Rows: 1800, External Id: undefined
04-19-19T13:07:30: Item Rows: 1810, External Id: undefined
04-19-19T13:07:30: Item Rows: 1820, External Id: undefined
04-19-19T13:07:30: Item Rows: 1830, External Id: undefined
04-19-19T13:07:30: Item Rows: 1840, External Id: undefined
04-19-19T13:07:30: Item Rows: 1850, External Id: undefined
04-19-19T13:07:30: Item Rows: 1860, External Id: undefined
04-19-19T13:07:30: Item Rows: 1870, External Id: undefined
04-19-19T13:07:30: Item Rows: 1880, External Id: undefined
04-19-19T13:07:30: Item Rows: 1890, External Id: undefined
04-19-19T13:07:30: Item Rows: 1900, External Id: undefined
04-19-19T13:07:30: Item Rows: 1910, External Id: undefined
04-19-19T13:07:30: Item Rows: 1920, External Id: undefined
04-19-19T13:07:30: Item Rows: 1930, External Id: undefined
04-19-19T13:07:30: Item Rows: 1940, External Id: undefined
04-19-19T13:07:30: Item Rows: 1950, External Id: undefined
04-19-19T13:07:30: Item Rows: 1960, External Id: undefined
04-19-19T13:07:31: Item Rows: 1970, External Id: undefined
04-19-19T13:07:31: Item Rows: 1980, External Id: undefined
04-19-19T13:07:31: Item Rows: 1990, External Id: undefined
04-19-19T13:07:31: Item Rows: 2000, External Id: undefined
04-19-19T13:07:31: Item Rows: 2010, External Id: undefined
04-19-19T13:07:31: Item Rows: 2020, External Id: undefined
04-19-19T13:07:31: Item Rows: 2030, External Id: undefined
04-19-19T13:07:31: Item Rows: 2040, External Id: undefined
04-19-19T13:07:31: Item Rows: 2050, External Id: undefined
04-19-19T13:07:31: Item Rows: 2060, External Id: undefined
04-19-19T13:07:31: Item Rows: 2070, External Id: undefined
04-19-19T13:07:31: Item Rows: 2080, External Id: undefined
04-19-19T13:07:31: Item Rows: 2090, External Id: undefined
04-19-19T13:07:31: Item Rows: 2100, External Id: undefined
04-19-19T13:07:31: Item Rows: 2110, External Id: undefined
04-19-19T13:07:31: Item Rows: 2120, External Id: undefined
04-19-19T13:07:31: Item Rows: 2130, External Id: undefined
04-19-19T13:07:31: Item Rows: 2140, External Id: undefined
04-19-19T13:07:31: Item Rows: 2150, External Id: undefined
04-19-19T13:07:31: Item Rows: 2160, External Id: undefined
04-19-19T13:07:31: Item Rows: 2170, External Id: undefined
04-19-19T13:07:31: Item Rows: 2180, External Id: undefined
04-19-19T13:07:31: Item Rows: 2190, External Id: undefined
04-19-19T13:07:31: Item Rows: 2200, External Id: undefined
04-19-19T13:07:31: Item Rows: 2210, External Id: undefined
04-19-19T13:07:31: Item Rows: 2220, External Id: undefined
04-19-19T13:07:31: Item Rows: 2230, External Id: undefined
04-19-19T13:07:31: Item Rows: 2240, External Id: undefined
04-19-19T13:07:31: Item Rows: 2250, External Id: undefined
04-19-19T13:07:32: Item Rows: 2260, External Id: undefined
04-19-19T13:07:32: Item Rows: 2270, External Id: undefined
04-19-19T13:07:32: Item Rows: 2280, External Id: undefined
04-19-19T13:07:32: Item Rows: 2290, External Id: undefined
04-19-19T13:07:32: Item Rows: 2300, External Id: undefined
04-19-19T13:07:32: Item Rows: 2310, External Id: undefined
04-19-19T13:07:32: Item Rows: 2320, External Id: undefined
04-19-19T13:07:32: Item Rows: 2330, External Id: undefined
04-19-19T13:07:32: Item Rows: 2340, External Id: undefined
04-19-19T13:07:32: Item Rows: 2350, External Id: undefined
04-19-19T13:07:32: Item Rows: 2360, External Id: undefined
04-19-19T13:07:32: Item Rows: 2370, External Id: undefined
04-19-19T13:07:32: Item Rows: 2380, External Id: undefined
04-19-19T13:07:32: Item Rows: 2390, External Id: undefined
04-19-19T13:07:32: Item Rows: 2400, External Id: undefined
04-19-19T13:07:32: Item Rows: 2410, External Id: undefined
04-19-19T13:07:32: Item Rows: 2420, External Id: undefined
04-19-19T13:07:32: Item Rows: 2430, External Id: undefined
04-19-19T13:07:32: Item Rows: 2440, External Id: undefined
04-19-19T13:07:32: Item Rows: 2450, External Id: undefined
04-19-19T13:07:32: Item Rows: 2460, External Id: undefined
04-19-19T13:07:32: Item Rows: 2470, External Id: undefined
04-19-19T13:07:32: Item Rows: 2480, External Id: undefined
04-19-19T13:07:32: Item Rows: 2490, External Id: undefined
04-19-19T13:07:32: Item Rows: 2500, External Id: undefined
04-19-19T13:07:32: Item Rows: 2510, External Id: undefined
04-19-19T13:07:32: Item Rows: 2520, External Id: undefined
04-19-19T13:07:33: Item Rows: 2530, External Id: undefined
04-19-19T13:07:33: Item Rows: 2540, External Id: undefined
04-19-19T13:07:33: Item Rows: 2550, External Id: undefined
04-19-19T13:07:33: Item Rows: 2560, External Id: undefined
04-19-19T13:07:33: Item Rows: 2570, External Id: undefined
04-19-19T13:07:33: Item Rows: 2580, External Id: undefined
04-19-19T13:07:33: Item Rows: 2590, External Id: undefined
04-19-19T13:07:33: Item Rows: 2600, External Id: undefined
04-19-19T13:07:33: Item Rows: 2610, External Id: undefined
04-19-19T13:07:33: Item Rows: 2620, External Id: undefined
04-19-19T13:07:33: Item Rows: 2630, External Id: undefined
04-19-19T13:07:33: Item Rows: 2640, External Id: undefined
04-19-19T13:07:33: Item Rows: 2650, External Id: undefined
04-19-19T13:07:33: Item Rows: 2660, External Id: undefined
04-19-19T13:07:33: Item Rows: 2670, External Id: undefined
04-19-19T13:07:33: Item Rows: 2680, External Id: undefined
04-19-19T13:07:33: Item Rows: 2690, External Id: undefined
04-19-19T13:07:33: Item Rows: 2700, External Id: undefined
04-19-19T13:07:33: Item Rows: 2710, External Id: undefined
04-19-19T13:07:33: Item Rows: 2720, External Id: undefined
04-19-19T13:07:33: Item Rows: 2730, External Id: undefined
04-19-19T13:07:33: Item Rows: 2740, External Id: undefined
04-19-19T13:07:33: Item Rows: 2750, External Id: undefined
04-19-19T13:07:33: Item Rows: 2760, External Id: undefined
04-19-19T13:07:33: Item Rows: 2770, External Id: undefined
04-19-19T13:07:33: Item Rows: 2780, External Id: undefined
04-19-19T13:07:33: Item Rows: 2790, External Id: undefined
04-19-19T13:07:33: Item Rows: 2800, External Id: undefined
04-19-19T13:07:34: Item Rows: 2810, External Id: undefined
04-19-19T13:07:34: Item Rows: 2820, External Id: undefined
04-19-19T13:07:34: Item Rows: 2830, External Id: undefined
04-19-19T13:07:34: Item Rows: 2840, External Id: undefined
04-19-19T13:07:34: Item Rows: 2850, External Id: undefined
04-19-19T13:07:34: Item Rows: 2860, External Id: undefined
04-19-19T13:07:34: Item Rows: 2870, External Id: undefined
04-19-19T13:07:34: Item Rows: 2880, External Id: undefined
04-19-19T13:07:34: Item Rows: 2890, External Id: undefined
04-19-19T13:07:34: Item Rows: 2900, External Id: undefined
04-19-19T13:07:34: Item Rows: 2910, External Id: undefined
04-19-19T13:07:34: Item Rows: 2920, External Id: undefined
04-19-19T13:07:34: Item Rows: 2930, External Id: undefined
04-19-19T13:07:34: Item Rows: 2940, External Id: undefined
04-19-19T13:07:34: Item Rows: 2950, External Id: undefined
04-19-19T13:07:34: Item Rows: 2960, External Id: undefined
04-19-19T13:07:34: Item Rows: 2970, External Id: undefined
04-19-19T13:07:34: Item Rows: 2980, External Id: undefined
04-19-19T13:07:34: Item Rows: 2990, External Id: undefined
04-19-19T13:07:34: Item Rows: 3000, External Id: undefined
04-19-19T13:07:34: Item Rows: 3010, External Id: undefined
04-19-19T13:07:34: Item Rows: 3020, External Id: undefined
04-19-19T13:07:34: Item Rows: 3030, External Id: undefined
04-19-19T13:07:34: Item Rows: 3040, External Id: undefined
04-19-19T13:07:34: Item Rows: 3050, External Id: undefined
04-19-19T13:07:34: Item Rows: 3060, External Id: undefined
04-19-19T13:07:34: Item Rows: 3070, External Id: undefined
04-19-19T13:07:34: Item Rows: 3080, External Id: undefined
04-19-19T13:07:35: Item Rows: 3090, External Id: undefined
04-19-19T13:07:35: Item Rows: 3100, External Id: undefined
04-19-19T13:07:35: Item Rows: 3110, External Id: undefined
04-19-19T13:07:35: Item Rows: 3120, External Id: undefined
04-19-19T13:07:35: Item Rows: 3130, External Id: undefined
04-19-19T13:07:35: Item Rows: 3140, External Id: undefined
04-19-19T13:07:35: Item Rows: 3150, External Id: undefined
04-19-19T13:07:35: Item Rows: 3160, External Id: undefined
04-19-19T13:07:35: Item Rows: 3170, External Id: undefined
04-19-19T13:07:35: Item Rows: 3180, External Id: undefined
04-19-19T13:07:35: Item Rows: 3190, External Id: undefined
04-19-19T13:07:35: Item Rows: 3200, External Id: undefined
04-19-19T13:07:35: Item Rows: 3210, External Id: undefined
04-19-19T13:07:35: Item Rows: 3220, External Id: undefined
04-19-19T13:07:35: Item Rows: 3230, External Id: undefined
04-19-19T13:07:35: Item Rows: 3240, External Id: undefined
04-19-19T13:07:35: Item Rows: 3250, External Id: undefined
04-19-19T13:07:35: Item Rows: 3260, External Id: undefined
04-19-19T13:07:35: Item Rows: 3270, External Id: undefined
04-19-19T13:07:35: Item Rows: 3280, External Id: undefined
04-19-19T13:07:35: Item Rows: 3290, External Id: undefined
04-19-19T13:07:35: Item Rows: 3300, External Id: undefined
04-19-19T13:07:35: Item Rows: 3310, External Id: undefined
04-19-19T13:07:35: Item Rows: 3320, External Id: undefined
04-19-19T13:07:35: Item Rows: 3330, External Id: undefined
04-19-19T13:07:35: Item Rows: 3340, External Id: undefined
04-19-19T13:07:35: Item Rows: 3350, External Id: undefined
04-19-19T13:07:35: Item Rows: 3360, External Id: undefined
04-19-19T13:07:36: Item Rows: 3370, External Id: undefined
04-19-19T13:07:36: Item Rows: 3380, External Id: undefined
04-19-19T13:07:36: Item Rows: 3390, External Id: undefined
04-19-19T13:07:36: Item Rows: 3400, External Id: undefined
04-19-19T13:07:36: Item Rows: 3410, External Id: undefined
04-19-19T13:07:36: Item Rows: 3420, External Id: undefined
04-19-19T13:07:36: Item Rows: 3430, External Id: undefined
04-19-19T13:07:36: Item Rows: 3440, External Id: undefined
04-19-19T13:07:36: Item Rows: 3450, External Id: undefined
04-19-19T13:07:36: Item Rows: 3460, External Id: undefined
04-19-19T13:07:36: Item Rows: 3470, External Id: undefined
04-19-19T13:07:36: Item Rows: 3480, External Id: undefined
04-19-19T13:07:36: Item Rows: 3490, External Id: undefined
04-19-19T13:07:36: Item Rows: 3500, External Id: undefined
04-19-19T13:07:36: Item Rows: 3510, External Id: undefined
04-19-19T13:07:36: Item Rows: 3520, External Id: undefined
04-19-19T13:07:36: Item Rows: 3530, External Id: undefined
04-19-19T13:07:36: Item Rows: 3540, External Id: undefined
04-19-19T13:07:36: Item Rows: 3550, External Id: undefined
04-19-19T13:07:36: Item Rows: 3560, External Id: undefined
04-19-19T13:07:36: Item Rows: 3570, External Id: undefined
04-19-19T13:07:37: Item Rows: 3580, External Id: undefined
04-19-19T13:07:37: Item Rows: 3590, External Id: undefined
04-19-19T13:07:37: Item Rows: 3600, External Id: undefined
04-19-19T13:07:37: Item Rows: 3610, External Id: undefined
04-19-19T13:07:37: Item Rows: 3620, External Id: undefined
04-19-19T13:07:37: Item Rows: 3630, External Id: undefined
04-19-19T13:07:37: Item Rows: 3640, External Id: undefined
04-19-19T13:07:37: Item Rows: 3650, External Id: undefined
04-19-19T13:07:37: Item Rows: 3660, External Id: undefined
04-19-19T13:07:37: Item Rows: 3670, External Id: undefined
04-19-19T13:07:37: Item Rows: 3680, External Id: undefined
04-19-19T13:07:37: Item Rows: 3690, External Id: undefined
04-19-19T13:07:37: Item Rows: 3700, External Id: undefined
04-19-19T13:07:37: Item Rows: 3710, External Id: undefined
04-19-19T13:07:37: Item Rows: 3720, External Id: undefined
04-19-19T13:07:37: Item Rows: 3730, External Id: undefined
04-19-19T13:07:37: Item Rows: 3740, External Id: undefined
04-19-19T13:07:37: Item Rows: 3750, External Id: undefined
04-19-19T13:07:37: Item Rows: 3760, External Id: undefined
04-19-19T13:07:37: Item Rows: 3770, External Id: undefined
04-19-19T13:07:37: Item Rows: 3780, External Id: undefined
04-19-19T13:07:37: Item Rows: 3790, External Id: undefined
04-19-19T13:07:37: Item Rows: 3800, External Id: undefined
04-19-19T13:07:38: Item Rows: 3810, External Id: undefined
04-19-19T13:07:38: Item Rows: 3820, External Id: undefined
04-19-19T13:07:38: Item Rows: 3830, External Id: undefined
04-19-19T13:07:38: Item Rows: 3840, External Id: undefined
04-19-19T13:07:38: Item Rows: 3850, External Id: undefined
04-19-19T13:07:38: Item Rows: 3860, External Id: undefined
04-19-19T13:07:38: Item Rows: 3870, External Id: undefined
04-19-19T13:07:38: Item Rows: 3880, External Id: undefined
04-19-19T13:07:38: Item Rows: 3890, External Id: undefined
04-19-19T13:07:38: Item Rows: 3900, External Id: undefined
04-19-19T13:07:38: Item Rows: 3910, External Id: undefined
04-19-19T13:07:38: Item Rows: 3920, External Id: undefined
04-19-19T13:07:38: Item Rows: 3930, External Id: undefined
04-19-19T13:07:38: Item Rows: 3940, External Id: undefined
04-19-19T13:07:38: Item Rows: 3950, External Id: undefined
04-19-19T13:07:38: Item Rows: 3960, External Id: undefined
04-19-19T13:07:38: Item Rows: 3970, External Id: undefined
04-19-19T13:07:38: Item Rows: 3980, External Id: undefined
04-19-19T13:07:38: Item Rows: 3990, External Id: undefined
04-19-19T13:07:38: Item Rows: 4000, External Id: undefined
04-19-19T13:07:39: Item Rows: 4010, External Id: undefined
04-19-19T13:07:39: Item Rows: 4020, External Id: undefined
04-19-19T13:07:39: Item Rows: 4030, External Id: undefined
04-19-19T13:07:39: Item Rows: 4040, External Id: undefined
04-19-19T13:07:39: Item Rows: 4050, External Id: undefined
04-19-19T13:07:39: Item Rows: 4060, External Id: undefined
04-19-19T13:07:39: Item Rows: 4070, External Id: undefined
04-19-19T13:07:39: Item Rows: 4080, External Id: undefined
04-19-19T13:07:39: Item Rows: 4090, External Id: undefined
04-19-19T13:07:39: Item Rows: 4100, External Id: undefined
04-19-19T13:07:39: Item Rows: 4110, External Id: undefined
04-19-19T13:07:39: Item Rows: 4120, External Id: undefined
04-19-19T13:07:39: Item Rows: 4130, External Id: undefined
04-19-19T13:07:39: Item Rows: 4140, External Id: undefined
04-19-19T13:07:39: Item Rows: 4150, External Id: undefined
04-19-19T13:07:39: Item Rows: 4160, External Id: undefined
04-19-19T13:07:39: Item Rows: 4170, External Id: undefined
04-19-19T13:07:40: Item Rows: 4180, External Id: undefined
04-19-19T13:07:40: Item Rows: 4190, External Id: undefined
04-19-19T13:07:40: Item Rows: 4200, External Id: undefined
04-19-19T13:07:40: Item Rows: 4210, External Id: undefined
04-19-19T13:07:40: Item Rows: 4220, External Id: undefined
04-19-19T13:07:40: Item Rows: 4230, External Id: undefined
04-19-19T13:07:40: Item Rows: 4240, External Id: undefined
04-19-19T13:07:40: Item Rows: 4250, External Id: undefined
04-19-19T13:07:40: Item Rows: 4260, External Id: undefined
04-19-19T13:07:40: Item Rows: 4270, External Id: undefined
04-19-19T13:07:40: Item Rows: 4280, External Id: undefined
04-19-19T13:07:40: Item Rows: 4290, External Id: undefined
04-19-19T13:07:40: Item Rows: 4300, External Id: undefined
04-19-19T13:07:40: Item Rows: 4310, External Id: undefined
04-19-19T13:07:40: Item Rows: 4320, External Id: undefined
04-19-19T13:07:40: Item Rows: 4330, External Id: undefined
04-19-19T13:07:40: Item Rows: 4340, External Id: undefined
04-19-19T13:07:40: Item Rows: 4350, External Id: undefined
04-19-19T13:07:40: Item Rows: 4360, External Id: undefined
04-19-19T13:07:40: Item Rows: 4370, External Id: undefined
04-19-19T13:07:40: Item Rows: 4380, External Id: undefined
04-19-19T13:07:40: Item Rows: 4390, External Id: undefined
04-19-19T13:07:41: Item Rows: 4400, External Id: undefined
04-19-19T13:07:41: Item Rows: 4410, External Id: undefined
04-19-19T13:07:41: Item Rows: 4420, External Id: undefined
04-19-19T13:07:41: Item Rows: 4430, External Id: undefined
04-19-19T13:07:41: Item Rows: 4440, External Id: undefined
04-19-19T13:07:41: Item Rows: 4450, External Id: undefined
04-19-19T13:07:41: Item Rows: 4460, External Id: undefined
04-19-19T13:07:41: Item Rows: 4470, External Id: undefined
04-19-19T13:07:41: Item Rows: 4480, External Id: undefined
04-19-19T13:07:41: Item Rows: 4490, External Id: undefined
04-19-19T13:07:41: Item Rows: 4500, External Id: undefined
04-19-19T13:07:41: Item Rows: 4510, External Id: undefined
04-19-19T13:07:41: Item Rows: 4520, External Id: undefined
04-19-19T13:07:41: Item Rows: 4530, External Id: undefined
04-19-19T13:07:41: Item Rows: 4540, External Id: undefined
04-19-19T13:07:41: Item Rows: 4550, External Id: undefined
04-19-19T13:07:41: Item Rows: 4560, External Id: undefined
04-19-19T13:07:41: Item Rows: 4570, External Id: undefined
04-19-19T13:07:41: Item Rows: 4580, External Id: undefined
04-19-19T13:07:41: Item Rows: 4590, External Id: undefined
04-19-19T13:07:41: Item Rows: 4600, External Id: undefined
04-19-19T13:07:41: Item Rows: 4610, External Id: undefined
04-19-19T13:07:41: Item Rows: 4620, External Id: undefined
04-19-19T13:07:41: Item Rows: 4630, External Id: undefined
04-19-19T13:07:42: Item Rows: 4640, External Id: undefined
04-19-19T13:07:42: Item Rows: 4650, External Id: undefined
04-19-19T13:07:42: Item Rows: 4660, External Id: undefined
04-19-19T13:07:42: Item Rows: 4670, External Id: undefined
04-19-19T13:07:42: Item Rows: 4680, External Id: undefined
04-19-19T13:07:42: Item Rows: 4690, External Id: undefined
04-19-19T13:07:42: Item Rows: 4700, External Id: undefined
04-19-19T13:07:42: Item Rows: 4710, External Id: undefined
04-19-19T13:07:42: Item Rows: 4720, External Id: undefined
04-19-19T13:07:42: Item Rows: 4730, External Id: undefined
04-19-19T13:07:42: Item Rows: 4740, External Id: undefined
04-19-19T13:07:42: Item Rows: 4750, External Id: undefined
04-19-19T13:07:42: Item Rows: 4760, External Id: undefined
04-19-19T13:07:42: Item Rows: 4770, External Id: undefined
04-19-19T13:07:42: Item Rows: 4780, External Id: undefined
04-19-19T13:07:42: Item Rows: 4790, External Id: undefined
04-19-19T13:07:42: Item Rows: 4800, External Id: undefined
04-19-19T13:07:42: Item Rows: 4810, External Id: undefined
04-19-19T13:07:42: Item Rows: 4820, External Id: undefined
04-19-19T13:07:42: Item Rows: 4830, External Id: undefined
04-19-19T13:07:42: Item Rows: 4840, External Id: undefined
04-19-19T13:07:42: Item Rows: 4850, External Id: undefined
04-19-19T13:07:42: Item Rows: 4860, External Id: undefined
04-19-19T13:07:42: Item Rows: 4870, External Id: undefined
04-19-19T13:07:42: Item Rows: 4880, External Id: undefined
04-19-19T13:07:43: Item Rows: 4890, External Id: undefined
04-19-19T13:07:43: Item Rows: 4900, External Id: undefined
04-19-19T13:07:43: Item Rows: 4910, External Id: undefined
04-19-19T13:07:43: Item Rows: 4920, External Id: undefined
04-19-19T13:07:43: Item Rows: 4930, External Id: undefined
04-19-19T13:07:43: Item Rows: 4940, External Id: undefined
04-19-19T13:07:43: Item Rows: 4950, External Id: undefined
04-19-19T13:07:43: Item Rows: 4960, External Id: undefined
04-19-19T13:07:43: Item Rows: 4970, External Id: undefined
04-19-19T13:07:43: Item Rows: 4980, External Id: undefined
04-19-19T13:07:43: Item Rows: 4990, External Id: undefined
04-19-19T13:07:43: Item Rows: 5000, External Id: undefined
04-19-19T13:07:43: Item Rows: 5010, External Id: undefined
04-19-19T13:07:43: Item Rows: 5020, External Id: undefined
04-19-19T13:07:43: Item Rows: 5030, External Id: undefined
04-19-19T13:07:43: Item Rows: 5040, External Id: undefined
04-19-19T13:07:43: Item Rows: 5050, External Id: undefined
04-19-19T13:07:43: Item Rows: 5060, External Id: undefined
04-19-19T13:07:43: Item Rows: 5070, External Id: undefined
04-19-19T13:07:43: Item Rows: 5080, External Id: undefined
04-19-19T13:07:44: Item Rows: 5090, External Id: undefined
04-19-19T13:07:44: Item Rows: 5100, External Id: undefined
04-19-19T13:07:44: Item Rows: 5110, External Id: undefined
04-19-19T13:07:44: Item Rows: 5120, External Id: undefined
04-19-19T13:07:44: Item Rows: 5130, External Id: undefined
04-19-19T13:07:44: Item Rows: 5140, External Id: undefined
04-19-19T13:07:44: Item Rows: 5150, External Id: undefined
04-19-19T13:07:44: Item Rows: 5160, External Id: undefined
04-19-19T13:07:44: Item Rows: 5170, External Id: undefined
04-19-19T13:07:44: Item Rows: 5180, External Id: undefined
04-19-19T13:07:44: Item Rows: 5190, External Id: undefined
04-19-19T13:07:44: Item Rows: 5200, External Id: undefined
04-19-19T13:07:44: Item Rows: 5210, External Id: undefined
04-19-19T13:07:44: Item Rows: 5220, External Id: undefined
04-19-19T13:07:44: Item Rows: 5230, External Id: undefined
04-19-19T13:07:44: Item Rows: 5240, External Id: undefined
04-19-19T13:07:44: Item Rows: 5250, External Id: undefined
04-19-19T13:07:44: Item Rows: 5260, External Id: undefined
04-19-19T13:07:44: Item Rows: 5270, External Id: undefined
04-19-19T13:07:44: Item Rows: 5280, External Id: undefined
04-19-19T13:07:44: Item Rows: 5290, External Id: undefined
04-19-19T13:07:44: Item Rows: 5300, External Id: undefined
04-19-19T13:07:44: Item Rows: 5310, External Id: undefined
04-19-19T13:07:45: Item Rows: 5320, External Id: undefined
04-19-19T13:07:45: Item Rows: 5330, External Id: undefined
04-19-19T13:07:45: Item Rows: 5340, External Id: undefined
04-19-19T13:07:45: Item Rows: 5350, External Id: undefined
04-19-19T13:07:45: Item Rows: 5360, External Id: undefined
04-19-19T13:07:45: Item Rows: 5370, External Id: undefined
04-19-19T13:07:45: Item Rows: 5380, External Id: undefined
04-19-19T13:07:45: Item Rows: 5390, External Id: undefined
04-19-19T13:07:45: Item Rows: 5400, External Id: undefined
04-19-19T13:07:45: Item Rows: 5410, External Id: undefined
04-19-19T13:07:45: Item Rows: 5420, External Id: undefined
04-19-19T13:07:45: Item Rows: 5430, External Id: undefined
04-19-19T13:07:45: Item Rows: 5440, External Id: undefined
04-19-19T13:07:45: Item Rows: 5450, External Id: undefined
04-19-19T13:07:45: Item Rows: 5460, External Id: undefined
04-19-19T13:07:45: Item Rows: 5470, External Id: undefined
04-19-19T13:07:45: Item Rows: 5480, External Id: undefined
04-19-19T13:07:45: Item Rows: 5490, External Id: undefined
04-19-19T13:07:45: Item Rows: 5500, External Id: undefined
04-19-19T13:07:45: Item Rows: 5510, External Id: undefined
04-19-19T13:07:45: Item Rows: 5520, External Id: undefined
04-19-19T13:07:45: Item Rows: 5530, External Id: undefined
04-19-19T13:07:45: Item Rows: 5540, External Id: undefined
04-19-19T13:07:45: Item Rows: 5550, External Id: undefined
04-19-19T13:07:45: Item Rows: 5560, External Id: undefined
04-19-19T13:07:45: Item Rows: 5570, External Id: undefined
04-19-19T13:07:46: Item Rows: 5580, External Id: undefined
04-19-19T13:07:46: Item Rows: 5590, External Id: undefined
04-19-19T13:07:46: Item Rows: 5600, External Id: undefined
04-19-19T13:07:46: Item Rows: 5610, External Id: undefined
04-19-19T13:07:46: Item Rows: 5620, External Id: undefined
04-19-19T13:07:46: Item Rows: 5630, External Id: undefined
04-19-19T13:07:46: Item Rows: 5640, External Id: undefined
04-19-19T13:07:46: Item Rows: 5650, External Id: undefined
04-19-19T13:07:46: Item Rows: 5660, External Id: undefined
04-19-19T13:07:46: Item Rows: 5670, External Id: undefined
04-19-19T13:07:46: Item Rows: 5680, External Id: undefined
04-19-19T13:07:46: Item Rows: 5690, External Id: undefined
04-19-19T13:07:46: Item Rows: 5700, External Id: undefined
04-19-19T13:07:46: Item Rows: 5710, External Id: undefined
04-19-19T13:07:46: Item Rows: 5720, External Id: undefined
04-19-19T13:07:46: Item Rows: 5730, External Id: undefined
04-19-19T13:07:46: Item Rows: 5740, External Id: undefined
04-19-19T13:07:46: Item Rows: 5750, External Id: undefined
04-19-19T13:07:46: Item Rows: 5760, External Id: undefined
04-19-19T13:07:46: Item Rows: 5770, External Id: undefined
04-19-19T13:07:46: Item Rows: 5780, External Id: undefined
04-19-19T13:07:46: Item Rows: 5790, External Id: undefined
04-19-19T13:07:46: Item Rows: 5800, External Id: undefined
04-19-19T13:07:46: Item Rows: 5810, External Id: undefined
04-19-19T13:07:46: Item Rows: 5820, External Id: undefined
04-19-19T13:07:47: Item Rows: 5830, External Id: undefined
04-19-19T13:07:47: Item Rows: 5840, External Id: undefined
04-19-19T13:07:47: Item Rows: 5850, External Id: undefined
04-19-19T13:07:47: Item Rows: 5860, External Id: undefined
04-19-19T13:07:47: Item Rows: 5870, External Id: undefined
04-19-19T13:07:47: Item Rows: 5880, External Id: undefined
04-19-19T13:07:47: Item Rows: 5890, External Id: undefined
04-19-19T13:07:47: Item Rows: 5900, External Id: undefined
04-19-19T13:07:47: Item Rows: 5910, External Id: undefined
04-19-19T13:07:47: Item Rows: 5920, External Id: undefined
04-19-19T13:07:47: Item Rows: 5930, External Id: undefined
04-19-19T13:07:47: Item Rows: 5940, External Id: undefined
04-19-19T13:07:47: Item Rows: 5950, External Id: undefined
04-19-19T13:07:47: Item Rows: 5960, External Id: undefined
04-19-19T13:07:47: Item Rows: 5970, External Id: undefined
04-19-19T13:07:47: Item Rows: 5980, External Id: undefined
04-19-19T13:07:47: Item Rows: 5990, External Id: undefined
04-19-19T13:07:47: Item Rows: 6000, External Id: undefined
04-19-19T13:07:47: Item Rows: 6010, External Id: undefined
04-19-19T13:07:47: Item Rows: 6020, External Id: undefined
04-19-19T13:07:47: Item Rows: 6030, External Id: undefined
04-19-19T13:07:47: Item Rows: 6040, External Id: undefined
04-19-19T13:07:48: Item Rows: 6050, External Id: undefined
04-19-19T13:07:48: Item Rows: 6060, External Id: undefined
04-19-19T13:07:48: Item Rows: 6070, External Id: undefined
04-19-19T13:07:48: Item Rows: 6080, External Id: undefined
04-19-19T13:07:48: Item Rows: 6090, External Id: undefined
04-19-19T13:07:48: Item Rows: 6100, External Id: undefined
04-19-19T13:07:48: Item Rows: 6110, External Id: undefined
04-19-19T13:07:48: Item Rows: 6120, External Id: undefined
04-19-19T13:07:48: Item Rows: 6130, External Id: undefined
04-19-19T13:07:48: Item Rows: 6140, External Id: undefined
04-19-19T13:07:48: Item Rows: 6150, External Id: undefined
04-19-19T13:07:48: Item Rows: 6160, External Id: undefined
04-19-19T13:07:48: Item Rows: 6170, External Id: undefined
04-19-19T13:07:48: Item Rows: 6180, External Id: undefined
04-19-19T13:07:48: Item Rows: 6190, External Id: undefined
04-19-19T13:07:48: Item Rows: 6200, External Id: undefined
04-19-19T13:07:48: Item Rows: 6210, External Id: undefined
04-19-19T13:07:48: Item Rows: 6220, External Id: undefined
04-19-19T13:07:48: Item Rows: 6230, External Id: undefined
04-19-19T13:07:48: Item Rows: 6240, External Id: undefined
04-19-19T13:07:48: Item Rows: 6250, External Id: undefined
04-19-19T13:07:48: Item Rows: 6260, External Id: undefined
04-19-19T13:07:48: Item Rows: 6270, External Id: undefined
04-19-19T13:07:49: Item Rows: 6280, External Id: undefined
04-19-19T13:07:49: Item Rows: 6290, External Id: undefined
04-19-19T13:07:49: Item Rows: 6300, External Id: undefined
04-19-19T13:07:49: Item Rows: 6310, External Id: undefined
04-19-19T13:07:49: Item Rows: 6320, External Id: undefined
04-19-19T13:07:49: Item Rows: 6330, External Id: undefined
04-19-19T13:07:49: Item Rows: 6340, External Id: undefined
04-19-19T13:07:49: Item Rows: 6350, External Id: undefined
04-19-19T13:07:49: Item Rows: 6360, External Id: undefined
04-19-19T13:07:49: Item Rows: 6370, External Id: undefined
04-19-19T13:07:49: Item Rows: 6380, External Id: undefined
04-19-19T13:07:49: Item Rows: 6390, External Id: undefined
04-19-19T13:07:49: Item Rows: 6400, External Id: undefined
04-19-19T13:07:49: Item Rows: 6410, External Id: undefined
04-19-19T13:07:49: Item Rows: 6420, External Id: undefined
04-19-19T13:07:49: Item Rows: 6430, External Id: undefined
04-19-19T13:07:49: Item Rows: 6440, External Id: undefined
04-19-19T13:07:49: Item Rows: 6450, External Id: undefined
04-19-19T13:07:49: Item Rows: 6460, External Id: undefined
04-19-19T13:07:49: Item Rows: 6470, External Id: undefined
04-19-19T13:07:49: Item Rows: 6480, External Id: undefined
04-19-19T13:07:49: Item Rows: 6490, External Id: undefined
04-19-19T13:07:50: Item Rows: 6500, External Id: undefined
04-19-19T13:07:50: Item Rows: 6510, External Id: undefined
04-19-19T13:07:50: Item Rows: 6520, External Id: undefined
04-19-19T13:07:50: Item Rows: 6530, External Id: undefined
04-19-19T13:07:50: Item Rows: 6540, External Id: undefined
04-19-19T13:07:50: Item Rows: 6550, External Id: undefined
04-19-19T13:07:50: Item Rows: 6560, External Id: undefined
04-19-19T13:07:50: Item Rows: 6570, External Id: undefined
04-19-19T13:07:50: Item Rows: 6580, External Id: undefined
04-19-19T13:07:50: Item Rows: 6590, External Id: undefined
04-19-19T13:07:50: Item Rows: 6600, External Id: undefined
04-19-19T13:07:50: Item Rows: 6610, External Id: undefined
04-19-19T13:07:50: Item Rows: 6620, External Id: undefined
04-19-19T13:07:50: Item Rows: 6630, External Id: undefined
04-19-19T13:07:50: Item Rows: 6640, External Id: undefined
04-19-19T13:07:50: Item Rows: 6650, External Id: undefined
04-19-19T13:07:50: Item Rows: 6660, External Id: undefined
04-19-19T13:07:50: Item Rows: 6670, External Id: undefined
04-19-19T13:07:50: Item Rows: 6680, External Id: undefined
04-19-19T13:07:50: Item Rows: 6690, External Id: undefined
04-19-19T13:07:50: Item Rows: 6700, External Id: undefined
04-19-19T13:07:51: Item Rows: 6710, External Id: undefined
04-19-19T13:07:51: Item Rows: 6720, External Id: undefined
04-19-19T13:07:51: Item Rows: 6730, External Id: undefined
04-19-19T13:07:51: Item Rows: 6740, External Id: undefined
04-19-19T13:07:51: Item Rows: 6750, External Id: undefined
04-19-19T13:07:51: Item Rows: 6760, External Id: undefined
04-19-19T13:07:51: Item Rows: 6770, External Id: undefined
04-19-19T13:07:51: Item Rows: 6780, External Id: undefined
04-19-19T13:07:51: Item Rows: 6790, External Id: undefined
04-19-19T13:07:51: Item Rows: 6800, External Id: undefined
04-19-19T13:07:51: Item Rows: 6810, External Id: undefined
04-19-19T13:07:51: Item Rows: 6820, External Id: undefined
04-19-19T13:07:51: Item Rows: 6830, External Id: undefined
04-19-19T13:07:51: Item Rows: 6840, External Id: undefined
04-19-19T13:07:51: Item Rows: 6850, External Id: undefined
04-19-19T13:07:51: Item Rows: 6860, External Id: undefined
04-19-19T13:07:51: Item Rows: 6870, External Id: undefined
04-19-19T13:07:51: Item Rows: 6880, External Id: undefined
04-19-19T13:07:51: Item Rows: 6890, External Id: undefined
04-19-19T13:07:51: Item Rows: 6900, External Id: undefined
04-19-19T13:07:51: Item Rows: 6910, External Id: undefined
04-19-19T13:07:51: Item Rows: 6920, External Id: undefined
04-19-19T13:07:51: Item Rows: 6930, External Id: undefined
04-19-19T13:07:52: Item Rows: 6940, External Id: undefined
04-19-19T13:07:52: Item Rows: 6950, External Id: undefined
04-19-19T13:07:52: Item Rows: 6960, External Id: undefined
04-19-19T13:07:52: Item Rows: 6970, External Id: undefined
04-19-19T13:07:52: Item Rows: 6980, External Id: undefined
04-19-19T13:07:52: Item Rows: 6990, External Id: undefined
04-19-19T13:07:52: Item Rows: 7000, External Id: undefined
04-19-19T13:07:52: Item Rows: 7010, External Id: undefined
04-19-19T13:07:52: Item Rows: 7020, External Id: undefined
04-19-19T13:07:52: Item Rows: 7030, External Id: undefined
04-19-19T13:07:52: Item Rows: 7040, External Id: undefined
04-19-19T13:07:52: Item Rows: 7050, External Id: undefined
04-19-19T13:07:52: Item Rows: 7060, External Id: undefined
04-19-19T13:07:52: Item Rows: 7070, External Id: undefined
04-19-19T13:07:52: Item Rows: 7080, External Id: undefined
04-19-19T13:07:52: Item Rows: 7090, External Id: undefined
04-19-19T13:07:52: Item Rows: 7100, External Id: undefined
04-19-19T13:07:52: Item Rows: 7110, External Id: undefined
04-19-19T13:07:52: Item Rows: 7120, External Id: undefined
04-19-19T13:07:52: Item Rows: 7130, External Id: undefined
04-19-19T13:07:52: Item Rows: 7140, External Id: undefined
04-19-19T13:07:52: Item Rows: 7150, External Id: undefined
04-19-19T13:07:52: Item Rows: 7160, External Id: undefined
04-19-19T13:07:52: Item Rows: 7170, External Id: undefined
04-19-19T13:07:53: Item Rows: 7180, External Id: undefined
04-19-19T13:07:53: Item Rows: 7190, External Id: undefined
04-19-19T13:07:53: Item Rows: 7200, External Id: undefined
04-19-19T13:07:53: Item Rows: 7210, External Id: undefined
04-19-19T13:07:53: Item Rows: 7220, External Id: undefined
04-19-19T13:07:53: Item Rows: 7230, External Id: undefined
04-19-19T13:07:53: Item Rows: 7240, External Id: undefined
04-19-19T13:07:53: Item Rows: 7250, External Id: undefined
04-19-19T13:07:53: Item Rows: 7260, External Id: undefined
04-19-19T13:07:53: Item Rows: 7270, External Id: undefined
04-19-19T13:07:53: Item Rows: 7280, External Id: undefined
04-19-19T13:07:53: Item Rows: 7290, External Id: undefined
04-19-19T13:07:53: Item Rows: 7300, External Id: undefined
04-19-19T13:07:53: Item Rows: 7310, External Id: undefined
04-19-19T13:07:53: Item Rows: 7320, External Id: undefined
04-19-19T13:07:53: Item Rows: 7330, External Id: undefined
04-19-19T13:07:53: Item Rows: 7340, External Id: undefined
04-19-19T13:07:53: Item Rows: 7350, External Id: undefined
04-19-19T13:07:53: Item Rows: 7360, External Id: undefined
04-19-19T13:07:53: Item Rows: 7370, External Id: undefined
04-19-19T13:07:54: Item Rows: 7380, External Id: undefined
04-19-19T13:07:54: Item Rows: 7390, External Id: undefined
04-19-19T13:07:54: Item Rows: 7400, External Id: undefined
04-19-19T13:07:54: Item Rows: 7410, External Id: undefined
04-19-19T13:07:54: Item Rows: 7420, External Id: undefined
04-19-19T13:07:54: Item Rows: 7430, External Id: undefined
04-19-19T13:07:54: Item Rows: 7440, External Id: undefined
04-19-19T13:07:54: Item Rows: 7450, External Id: undefined
04-19-19T13:07:54: Item Rows: 7460, External Id: undefined
04-19-19T13:07:54: Item Rows: 7470, External Id: undefined
04-19-19T13:07:54: Item Rows: 7480, External Id: undefined
04-19-19T13:07:54: Item Rows: 7490, External Id: undefined
04-19-19T13:07:54: Item Rows: 7500, External Id: undefined
04-19-19T13:07:54: Item Rows: 7510, External Id: undefined
04-19-19T13:07:54: Item Rows: 7520, External Id: undefined
04-19-19T13:07:54: Item Rows: 7530, External Id: undefined
04-19-19T13:07:54: Item Rows: 7540, External Id: undefined
04-19-19T13:07:54: Item Rows: 7550, External Id: undefined
04-19-19T13:07:54: Item Rows: 7560, External Id: undefined
04-19-19T13:07:54: Item Rows: 7570, External Id: undefined
04-19-19T13:07:54: Item Rows: 7580, External Id: undefined
04-19-19T13:07:55: Item Rows: 7590, External Id: undefined
04-19-19T13:07:55: Item Rows: 7600, External Id: undefined
04-19-19T13:07:55: Item Rows: 7610, External Id: undefined
04-19-19T13:07:55: Item Rows: 7620, External Id: undefined
04-19-19T13:07:55: Item Rows: 7630, External Id: undefined
04-19-19T13:07:55: Item Rows: 7640, External Id: undefined
04-19-19T13:07:55: Item Rows: 7650, External Id: undefined
04-19-19T13:07:55: Item Rows: 7660, External Id: undefined
04-19-19T13:07:55: Item Rows: 7670, External Id: undefined
04-19-19T13:07:55: Item Rows: 7680, External Id: undefined
04-19-19T13:07:55: Item Rows: 7690, External Id: undefined
04-19-19T13:07:55: Item Rows: 7700, External Id: undefined
04-19-19T13:07:55: Item Rows: 7710, External Id: undefined
04-19-19T13:07:55: Item Rows: 7720, External Id: undefined
04-19-19T13:07:55: Item Rows: 7730, External Id: undefined
04-19-19T13:07:55: Item Rows: 7740, External Id: undefined
04-19-19T13:07:55: Item Rows: 7750, External Id: undefined
04-19-19T13:07:55: Item Rows: 7760, External Id: undefined
04-19-19T13:07:55: Item Rows: 7770, External Id: undefined
04-19-19T13:07:55: Item Rows: 7780, External Id: undefined
04-19-19T13:07:55: Item Rows: 7790, External Id: undefined
04-19-19T13:07:55: Item Rows: 7800, External Id: undefined
04-19-19T13:07:56: Item Rows: 7810, External Id: undefined
04-19-19T13:07:56: Item Rows: 7820, External Id: undefined
04-19-19T13:07:56: Item Rows: 7830, External Id: undefined
04-19-19T13:07:56: Item Rows: 7840, External Id: undefined
04-19-19T13:07:56: Item Rows: 7850, External Id: undefined
04-19-19T13:07:56: Item Rows: 7860, External Id: undefined
04-19-19T13:07:56: Item Rows: 7870, External Id: undefined
04-19-19T13:07:56: Item Rows: 7880, External Id: undefined
04-19-19T13:07:56: Item Rows: 7890, External Id: undefined
04-19-19T13:07:56: Item Rows: 7900, External Id: undefined
04-19-19T13:07:56: Item Rows: 7910, External Id: undefined
04-19-19T13:07:56: Item Rows: 7920, External Id: undefined
04-19-19T13:07:56: Item Rows: 7930, External Id: undefined
04-19-19T13:07:56: Item Rows: 7940, External Id: undefined
04-19-19T13:07:56: Item Rows: 7950, External Id: undefined
04-19-19T13:07:56: Item Rows: 7960, External Id: undefined
04-19-19T13:07:56: Item Rows: 7970, External Id: undefined
04-19-19T13:07:56: Item Rows: 7980, External Id: undefined
04-19-19T13:07:56: Item Rows: 7990, External Id: undefined
04-19-19T13:07:56: Item Rows: 8000, External Id: undefined
04-19-19T13:07:56: Item Rows: 8010, External Id: undefined
04-19-19T13:07:56: Item Rows: 8020, External Id: undefined
04-19-19T13:07:57: Item Rows: 8030, External Id: undefined
04-19-19T13:07:57: Item Rows: 8040, External Id: undefined
04-19-19T13:07:57: Item Rows: 8050, External Id: undefined
04-19-19T13:07:57: Item Rows: 8060, External Id: undefined
04-19-19T13:07:57: Item Rows: 8070, External Id: undefined
04-19-19T13:07:57: Item Rows: 8080, External Id: undefined
04-19-19T13:07:57: Item Rows: 8090, External Id: undefined
04-19-19T13:07:57: Item Rows: 8100, External Id: undefined
04-19-19T13:07:57: Item Rows: 8110, External Id: undefined
04-19-19T13:07:57: Item Rows: 8120, External Id: undefined
04-19-19T13:07:57: Item Rows: 8130, External Id: undefined
04-19-19T13:07:57: Item Rows: 8140, External Id: undefined
04-19-19T13:07:57: Item Rows: 8150, External Id: undefined
04-19-19T13:07:57: Item Rows: 8160, External Id: undefined
