05-20-19T16:42:08: Start Log
05-20-19T16:42:08: Processing File: Retail Item-201 Other Fast Food_01.xlsx
05-20-19T16:42:14: Finished File: Retail Item-201 Other Fast Food_01.xlsx
05-20-19T16:42:14: File created in final csv folder: Retail Item-201 Other Fast Food_01.csv
05-20-19T16:42:14: ...
05-20-19T16:42:14: Processing File: Retail Item-206 Franchise Food_01.xlsx
05-20-19T16:42:17: Finished File: Retail Item-206 Franchise Food_01.xlsx
05-20-19T16:42:17: File created in final csv folder: Retail Item-206 Franchise Food_01.csv
05-20-19T16:42:17: ...
05-20-19T16:42:17: Processing File: Retail Item-212 Hot Beverage_01.xlsx
05-20-19T16:42:19: Finished File: Retail Item-212 Hot Beverage_01.xlsx
05-20-19T16:42:19: File created in final csv folder: Retail Item-212 Hot Beverage_01.csv
05-20-19T16:42:19: ...
05-20-19T16:42:19: Processing File: Retail Item-215 Cold Beverage_01.xlsx
05-20-19T16:42:21: Finished File: Retail Item-215 Cold Beverage_01.xlsx
05-20-19T16:42:21: File created in final csv folder: Retail Item-215 Cold Beverage_01.csv
05-20-19T16:42:21: ...
05-20-19T16:42:22: Processing File: Retail Item-218 Hot Food_01.xlsx
05-20-19T16:42:24: Finished File: Retail Item-218 Hot Food_01.xlsx
05-20-19T16:42:24: File created in final csv folder: Retail Item-218 Hot Food_01.csv
05-20-19T16:42:24: ...
05-20-19T16:42:24: Processing File: Retail Item-221 Sandwich_01.xlsx
05-20-19T16:42:26: Finished File: Retail Item-221 Sandwich_01.xlsx
05-20-19T16:42:26: File created in final csv folder: Retail Item-221 Sandwich_01.csv
05-20-19T16:42:26: ...
05-20-19T16:42:26: Processing File: Retail Item-231 Fresh Bakery_01.xlsx
05-20-19T16:42:29: Finished File: Retail Item-231 Fresh Bakery_01.xlsx
05-20-19T16:42:29: File created in final csv folder: Retail Item-231 Fresh Bakery_01.csv
05-20-19T16:42:29: ...
05-20-19T16:42:29: Processing File: Retail Item-401 Beer & Wine_01.xlsx
05-20-19T16:42:31: Finished File: Retail Item-401 Beer & Wine_01.xlsx
05-20-19T16:42:31: File created in final csv folder: Retail Item-401 Beer & Wine_01.csv
05-20-19T16:42:31: ...
05-20-19T16:42:31: Processing File: Retail Item-501 Cigarettes_01.xlsx
05-20-19T16:42:34: Finished File: Retail Item-501 Cigarettes_01.xlsx
05-20-19T16:42:34: File created in final csv folder: Retail Item-501 Cigarettes_01.csv
05-20-19T16:42:34: ...
05-20-19T16:42:34: Processing File: Retail Item-601 General Merchan_01.xlsx
05-20-19T16:42:37: Finished File: Retail Item-601 General Merchan_01.xlsx
05-20-19T16:42:37: File created in final csv folder: Retail Item-601 General Merchan_01.csv
05-20-19T16:42:37: ...
05-20-19T16:42:37: Processing File: Retail Item-706 Consignment - Gen Mdse_01.xlsx
05-20-19T16:42:40: Finished File: Retail Item-706 Consignment - Gen Mdse_01.xlsx
05-20-19T16:42:40: File created in final csv folder: Retail Item-706 Consignment - Gen Mdse_01.csv
05-20-19T16:42:40: ...
05-20-19T16:42:40: Processing File: Retail Item-707 Consignment - Foodservice_01.xlsx
05-20-19T16:42:42: Finished File: Retail Item-707 Consignment - Foodservice_01.xlsx
05-20-19T16:42:42: File created in final csv folder: Retail Item-707 Consignment - Foodservice_01.csv
05-20-19T16:42:42: ...
05-20-19T16:42:43: Processing File: Retail Item-77 Store Supplies_01.xlsx
05-20-19T16:42:46: Finished File: Retail Item-77 Store Supplies_01.xlsx
05-20-19T16:42:46: File created in final csv folder: Retail Item-77 Store Supplies_01.csv
05-20-19T16:42:46: ...
05-20-19T16:42:46: Processing File: Retail Item-800 Miscellanous Sales_01.xlsx
05-20-19T16:42:48: Finished File: Retail Item-800 Miscellanous Sales_01.xlsx
05-20-19T16:42:48: File created in final csv folder: Retail Item-800 Miscellanous Sales_01.csv
05-20-19T16:42:48: ...
05-20-19T16:42:48: Processing File: Retail Item-901 Soft Drinks_01.xlsx
05-20-19T16:42:51: Finished File: Retail Item-901 Soft Drinks_01.xlsx
05-20-19T16:42:51: File created in final csv folder: Retail Item-901 Soft Drinks_01.csv
05-20-19T16:42:51: ...
05-20-19T16:42:51: End Log
