04-03-19T16:09:30: Start Log
04-03-19T16:09:30: Processing File: Retail Item-601 General Merchan_01.xlsx
04-03-19T16:09:32: Finished File: Retail Item-601 General Merchan_01.xlsx
04-03-19T16:09:32: File created in final csv folder: Retail Item-601 General Merchan_01.csv
04-03-19T16:09:32: ...
04-03-19T16:09:32: Processing File: Retail Item-601 General Merchan_07.xlsx
04-03-19T16:09:34: Finished File: Retail Item-601 General Merchan_07.xlsx
04-03-19T16:09:34: File created in final csv folder: Retail Item-601 General Merchan_07.csv
04-03-19T16:09:34: ...
04-03-19T16:09:34: Processing File: Retail Item-601 General Merchan_08.xlsx
04-03-19T16:09:36: Finished File: Retail Item-601 General Merchan_08.xlsx
04-03-19T16:09:36: File created in final csv folder: Retail Item-601 General Merchan_08.csv
04-03-19T16:09:36: ...
04-03-19T16:09:36: Processing File: Retail Item-601 General Merchan_09.xlsx
04-03-19T16:09:38: Finished File: Retail Item-601 General Merchan_09.xlsx
04-03-19T16:09:38: File created in final csv folder: Retail Item-601 General Merchan_09.csv
04-03-19T16:09:39: ...
04-03-19T16:09:39: Processing File: Retail Item-601 General Merchan_12.xlsx
04-03-19T16:09:41: Finished File: Retail Item-601 General Merchan_12.xlsx
04-03-19T16:09:41: File created in final csv folder: Retail Item-601 General Merchan_12.csv
04-03-19T16:09:41: ...
04-03-19T16:09:41: Processing File: Retail Item-601 General Merchan_29.xlsx
04-03-19T16:09:43: Finished File: Retail Item-601 General Merchan_29.xlsx
04-03-19T16:09:43: File created in final csv folder: Retail Item-601 General Merchan_29.csv
04-03-19T16:09:43: ...
04-03-19T16:09:43: Processing File: Retail Item-601 General Merchan_30.xlsx
04-03-19T16:09:45: Finished File: Retail Item-601 General Merchan_30.xlsx
04-03-19T16:09:45: File created in final csv folder: Retail Item-601 General Merchan_30.csv
04-03-19T16:09:45: ...
04-03-19T16:09:45: Processing File: Retail Item-601 General Merchan_34.xlsx
04-03-19T16:09:48: Finished File: Retail Item-601 General Merchan_34.xlsx
04-03-19T16:09:48: File created in final csv folder: Retail Item-601 General Merchan_34.csv
04-03-19T16:09:48: ...
04-03-19T16:09:48: Processing File: Retail Item-601 General Merchan_35.xlsx
04-03-19T16:09:51: Finished File: Retail Item-601 General Merchan_35.xlsx
04-03-19T16:09:51: File created in final csv folder: Retail Item-601 General Merchan_35.csv
04-03-19T16:09:51: ...
04-03-19T16:09:51: Processing File: Retail Item-601 General Merchan_40.xlsx
04-03-19T16:09:54: Finished File: Retail Item-601 General Merchan_40.xlsx
04-03-19T16:09:54: File created in final csv folder: Retail Item-601 General Merchan_40.csv
04-03-19T16:09:54: ...
04-03-19T16:09:54: End Log
