09-10-19T11:24:42: Start Log
09-10-19T11:24:42: Processing File: Retail Item-06 Eby Tote_01.xlsx
09-10-19T11:24:44: Finished File: Retail Item-06 Eby Tote_01.xlsx
09-10-19T11:24:44: File created in final csv folder: Retail Item-06 Eby Tote_01.csv
09-10-19T11:24:44: ...
09-10-19T11:24:44: Processing File: Retail Item-201 Other Fast Food_01.xlsx
09-10-19T11:24:47: Finished File: Retail Item-201 Other Fast Food_01.xlsx
09-10-19T11:24:47: File created in final csv folder: Retail Item-201 Other Fast Food_01.csv
09-10-19T11:24:47: ...
09-10-19T11:24:47: Processing File: Retail Item-206 Franchise Food_01.xlsx
09-10-19T11:24:49: Finished File: Retail Item-206 Franchise Food_01.xlsx
09-10-19T11:24:49: File created in final csv folder: Retail Item-206 Franchise Food_01.csv
09-10-19T11:24:49: ...
09-10-19T11:24:49: Processing File: Retail Item-212 Hot Beverage_01.xlsx
09-10-19T11:24:51: Finished File: Retail Item-212 Hot Beverage_01.xlsx
09-10-19T11:24:51: File created in final csv folder: Retail Item-212 Hot Beverage_01.csv
09-10-19T11:24:51: ...
09-10-19T11:24:51: Processing File: Retail Item-215 Cold Beverage_01.xlsx
09-10-19T11:24:54: Finished File: Retail Item-215 Cold Beverage_01.xlsx
09-10-19T11:24:54: File created in final csv folder: Retail Item-215 Cold Beverage_01.csv
09-10-19T11:24:54: ...
09-10-19T11:24:54: Processing File: Retail Item-218 Hot Food_01.xlsx
09-10-19T11:24:56: Finished File: Retail Item-218 Hot Food_01.xlsx
09-10-19T11:24:56: File created in final csv folder: Retail Item-218 Hot Food_01.csv
09-10-19T11:24:56: ...
09-10-19T11:24:56: Processing File: Retail Item-221 Sandwich_01.xlsx
09-10-19T11:24:58: Finished File: Retail Item-221 Sandwich_01.xlsx
09-10-19T11:24:58: File created in final csv folder: Retail Item-221 Sandwich_01.csv
09-10-19T11:24:58: ...
09-10-19T11:24:58: Processing File: Retail Item-231 Fresh Bakery_01.xlsx
09-10-19T11:25:01: Finished File: Retail Item-231 Fresh Bakery_01.xlsx
09-10-19T11:25:01: File created in final csv folder: Retail Item-231 Fresh Bakery_01.csv
09-10-19T11:25:01: ...
09-10-19T11:25:01: Processing File: Retail Item-401 Beer & Wine_01.xlsx
09-10-19T11:25:03: Finished File: Retail Item-401 Beer & Wine_01.xlsx
09-10-19T11:25:03: File created in final csv folder: Retail Item-401 Beer & Wine_01.csv
09-10-19T11:25:03: ...
09-10-19T11:25:03: Processing File: Retail Item-501 Cigarettes_01.xlsx
09-10-19T11:25:06: Finished File: Retail Item-501 Cigarettes_01.xlsx
09-10-19T11:25:06: File created in final csv folder: Retail Item-501 Cigarettes_01.csv
09-10-19T11:25:06: ...
09-10-19T11:25:06: Processing File: Retail Item-601 General Merchan_01.xlsx
09-10-19T11:25:08: Finished File: Retail Item-601 General Merchan_01.xlsx
09-10-19T11:25:08: File created in final csv folder: Retail Item-601 General Merchan_01.csv
09-10-19T11:25:08: ...
09-10-19T11:25:08: Processing File: Retail Item-706 Consignment - Gen Mdse_01.xlsx
09-10-19T11:25:11: Finished File: Retail Item-706 Consignment - Gen Mdse_01.xlsx
09-10-19T11:25:11: File created in final csv folder: Retail Item-706 Consignment - Gen Mdse_01.csv
09-10-19T11:25:11: ...
09-10-19T11:25:11: Processing File: Retail Item-77 Store Supplies_01.xlsx
09-10-19T11:25:14: Finished File: Retail Item-77 Store Supplies_01.xlsx
09-10-19T11:25:14: File created in final csv folder: Retail Item-77 Store Supplies_01.csv
09-10-19T11:25:14: ...
09-10-19T11:25:14: Processing File: Retail Item-901 Soft Drinks_01.xlsx
09-10-19T11:25:16: Finished File: Retail Item-901 Soft Drinks_01.xlsx
09-10-19T11:25:16: File created in final csv folder: Retail Item-901 Soft Drinks_01.csv
09-10-19T11:25:16: ...
09-10-19T11:25:16: End Log
