09-11-19T13:24:40: Start Log
09-11-19T13:24:40: Processing File: Retail Item Fix Missing Attributes 09-10-2019.xlsx
09-11-19T13:24:42: Finished File: Retail Item Fix Missing Attributes 09-10-2019.xlsx
09-11-19T13:24:42: File created in final csv folder: Retail Item Fix Missing Attributes 09-10-2019.csv
09-11-19T13:24:42: ...
09-11-19T13:24:42: Processing File: Retail Item-06 Eby Tote_01.xlsx
09-11-19T13:24:43: Finished File: Retail Item-06 Eby Tote_01.xlsx
09-11-19T13:24:43: File created in final csv folder: Retail Item-06 Eby Tote_01.csv
09-11-19T13:24:43: ...
09-11-19T13:24:43: Processing File: Retail Item-201 Other Fast Food_01.xlsx
09-11-19T13:24:45: Finished File: Retail Item-201 Other Fast Food_01.xlsx
09-11-19T13:24:45: File created in final csv folder: Retail Item-201 Other Fast Food_01.csv
09-11-19T13:24:45: ...
09-11-19T13:24:45: Processing File: Retail Item-206 Franchise Food_01.xlsx
09-11-19T13:24:47: Finished File: Retail Item-206 Franchise Food_01.xlsx
09-11-19T13:24:47: File created in final csv folder: Retail Item-206 Franchise Food_01.csv
09-11-19T13:24:47: ...
09-11-19T13:24:47: Processing File: Retail Item-212 Hot Beverage_01.xlsx
09-11-19T13:24:49: Finished File: Retail Item-212 Hot Beverage_01.xlsx
09-11-19T13:24:49: File created in final csv folder: Retail Item-212 Hot Beverage_01.csv
09-11-19T13:24:49: ...
09-11-19T13:24:49: Processing File: Retail Item-215 Cold Beverage_01.xlsx
09-11-19T13:24:51: Finished File: Retail Item-215 Cold Beverage_01.xlsx
09-11-19T13:24:51: File created in final csv folder: Retail Item-215 Cold Beverage_01.csv
09-11-19T13:24:51: ...
09-11-19T13:24:51: Processing File: Retail Item-218 Hot Food_01.xlsx
09-11-19T13:24:52: Finished File: Retail Item-218 Hot Food_01.xlsx
09-11-19T13:24:52: File created in final csv folder: Retail Item-218 Hot Food_01.csv
09-11-19T13:24:52: ...
09-11-19T13:24:53: Processing File: Retail Item-221 Sandwich_01.xlsx
09-11-19T13:24:54: Finished File: Retail Item-221 Sandwich_01.xlsx
09-11-19T13:24:54: File created in final csv folder: Retail Item-221 Sandwich_01.csv
09-11-19T13:24:54: ...
09-11-19T13:24:54: Processing File: Retail Item-231 Fresh Bakery_01.xlsx
09-11-19T13:24:56: Finished File: Retail Item-231 Fresh Bakery_01.xlsx
09-11-19T13:24:56: File created in final csv folder: Retail Item-231 Fresh Bakery_01.csv
09-11-19T13:24:56: ...
09-11-19T13:24:56: Processing File: Retail Item-401 Beer & Wine_01.xlsx
09-11-19T13:24:58: Finished File: Retail Item-401 Beer & Wine_01.xlsx
09-11-19T13:24:58: File created in final csv folder: Retail Item-401 Beer & Wine_01.csv
09-11-19T13:24:58: ...
09-11-19T13:24:58: Processing File: Retail Item-501 Cigarettes_01.xlsx
09-11-19T13:24:59: Finished File: Retail Item-501 Cigarettes_01.xlsx
09-11-19T13:24:59: File created in final csv folder: Retail Item-501 Cigarettes_01.csv
09-11-19T13:24:59: ...
09-11-19T13:24:59: Processing File: Retail Item-601 General Merchan_01.xlsx
09-11-19T13:25:01: Finished File: Retail Item-601 General Merchan_01.xlsx
09-11-19T13:25:01: File created in final csv folder: Retail Item-601 General Merchan_01.csv
09-11-19T13:25:01: ...
09-11-19T13:25:01: Processing File: Retail Item-706 Consignment - Gen Mdse_01.xlsx
09-11-19T13:25:03: Finished File: Retail Item-706 Consignment - Gen Mdse_01.xlsx
09-11-19T13:25:03: File created in final csv folder: Retail Item-706 Consignment - Gen Mdse_01.csv
09-11-19T13:25:03: ...
09-11-19T13:25:03: Processing File: Retail Item-77 Store Supplies_01.xlsx
09-11-19T13:25:04: Finished File: Retail Item-77 Store Supplies_01.xlsx
09-11-19T13:25:04: File created in final csv folder: Retail Item-77 Store Supplies_01.csv
09-11-19T13:25:04: ...
09-11-19T13:25:04: Processing File: Retail Item-901 Soft Drinks_01.xlsx
09-11-19T13:25:06: Finished File: Retail Item-901 Soft Drinks_01.xlsx
09-11-19T13:25:06: File created in final csv folder: Retail Item-901 Soft Drinks_01.csv
09-11-19T13:25:06: ...
09-11-19T13:25:06: Processing File: Retail Item-Missing Items Based on Spreadsheet.xlsx
09-11-19T13:25:08: Finished File: Retail Item-Missing Items Based on Spreadsheet.xlsx
09-11-19T13:25:08: File created in final csv folder: Retail Item-Missing Items Based on Spreadsheet.csv
09-11-19T13:25:08: ...
09-11-19T13:25:08: End Log
