06-25-19T13:24:31: Start Log
06-25-19T13:24:31: Processing File: Retail Item-201 Other Fast Food_01.xlsx
06-25-19T13:24:33: Finished File: Retail Item-201 Other Fast Food_01.xlsx
06-25-19T13:24:33: File created in final csv folder: Retail Item-201 Other Fast Food_01.csv
06-25-19T13:24:33: ...
06-25-19T13:24:33: Processing File: Retail Item-206 Franchise Food_01.xlsx
06-25-19T13:24:34: Item Rows: 10, External Id: 37002960
06-25-19T13:24:35: Item Rows: 20, External Id: 37002970
06-25-19T13:24:35: Item Rows: 30, External Id: 37002980
06-25-19T13:24:36: Item Rows: 40, External Id: 37002990
06-25-19T13:24:36: Item Rows: 50, External Id: 37003000
06-25-19T13:24:36: Item Rows: 60, External Id: 37003010
06-25-19T13:24:37: Item Rows: 70, External Id: 37003019
06-25-19T13:24:37: Finished File: Retail Item-206 Franchise Food_01.xlsx
06-25-19T13:24:37: File created in final csv folder: Retail Item-206 Franchise Food_01.csv
06-25-19T13:24:37: ...
06-25-19T13:24:37: Processing File: Retail Item-212 Hot Beverage_01.xlsx
06-25-19T13:24:39: Item Rows: 10, External Id: 1123568
06-25-19T13:24:39: Finished File: Retail Item-212 Hot Beverage_01.xlsx
06-25-19T13:24:39: File created in final csv folder: Retail Item-212 Hot Beverage_01.csv
06-25-19T13:24:39: ...
06-25-19T13:24:39: Processing File: Retail Item-215 Cold Beverage_01.xlsx
06-25-19T13:24:41: Item Rows: 10, External Id: 37002469
06-25-19T13:24:41: Finished File: Retail Item-215 Cold Beverage_01.xlsx
06-25-19T13:24:41: File created in final csv folder: Retail Item-215 Cold Beverage_01.csv
06-25-19T13:24:41: ...
06-25-19T13:24:41: Processing File: Retail Item-218 Hot Food_01.xlsx
06-25-19T13:24:43: Item Rows: 10, External Id: 36019227
06-25-19T13:24:43: Finished File: Retail Item-218 Hot Food_01.xlsx
06-25-19T13:24:43: File created in final csv folder: Retail Item-218 Hot Food_01.csv
06-25-19T13:24:43: ...
06-25-19T13:24:43: Processing File: Retail Item-221 Sandwich_01.xlsx
06-25-19T13:24:44: Item Rows: 10, External Id: 37002462
06-25-19T13:24:45: Item Rows: 20, External Id: 37002489
06-25-19T13:24:45: Item Rows: 30, External Id: 37002507
06-25-19T13:24:46: Item Rows: 40, External Id: 37002518
06-25-19T13:24:46: Item Rows: 50, External Id: 37002528
06-25-19T13:24:47: Item Rows: 60, External Id: 1122655
06-25-19T13:24:47: Item Rows: 70, External Id: 36019224
06-25-19T13:24:47: Item Rows: 80, External Id: 36019237
06-25-19T13:24:48: Finished File: Retail Item-221 Sandwich_01.xlsx
06-25-19T13:24:48: File created in final csv folder: Retail Item-221 Sandwich_01.csv
06-25-19T13:24:48: ...
06-25-19T13:24:48: Processing File: Retail Item-231 Fresh Bakery_01.xlsx
06-25-19T13:24:50: Item Rows: 10, External Id: 1122121
06-25-19T13:24:50: Item Rows: 20, External Id: 1123551
06-25-19T13:24:50: Finished File: Retail Item-231 Fresh Bakery_01.xlsx
06-25-19T13:24:50: File created in final csv folder: Retail Item-231 Fresh Bakery_01.csv
06-25-19T13:24:50: ...
06-25-19T13:24:50: Processing File: Retail Item-401 Beer & Wine_01.xlsx
06-25-19T13:24:52: Item Rows: 10, External Id: 1120932
06-25-19T13:24:52: Item Rows: 20, External Id: 38000952
06-25-19T13:24:52: Item Rows: 30, External Id: 38000963
06-25-19T13:24:53: Item Rows: 40, External Id: 38000974
06-25-19T13:24:53: Item Rows: 50, External Id: 38000984
06-25-19T13:24:54: Item Rows: 60, External Id: 38000994
06-25-19T13:24:54: Item Rows: 70, External Id: 38001004
06-25-19T13:24:55: Item Rows: 80, External Id: 38001048
06-25-19T13:24:55: Item Rows: 90, External Id: 38001015
06-25-19T13:24:55: Item Rows: 100, External Id: 38001062
06-25-19T13:24:56: Item Rows: 110, External Id: 38001069
06-25-19T13:24:56: Item Rows: 120, External Id: 38001028
06-25-19T13:24:57: Item Rows: 130, External Id: 38001080
06-25-19T13:24:57: Item Rows: 140, External Id: 38001040
06-25-19T13:24:58: Item Rows: 150, External Id: 1122659
06-25-19T13:24:58: Item Rows: 160, External Id: 37002878
06-25-19T13:24:59: Item Rows: 170, External Id: 37002950
06-25-19T13:24:59: Item Rows: 180, External Id: 1124140
06-25-19T13:24:59: Finished File: Retail Item-401 Beer & Wine_01.xlsx
06-25-19T13:24:59: File created in final csv folder: Retail Item-401 Beer & Wine_01.csv
06-25-19T13:24:59: ...
06-25-19T13:24:59: Processing File: Retail Item-501 Cigarettes_01.xlsx
06-25-19T13:25:01: Finished File: Retail Item-501 Cigarettes_01.xlsx
06-25-19T13:25:01: File created in final csv folder: Retail Item-501 Cigarettes_01.csv
06-25-19T13:25:01: ...
06-25-19T13:25:01: Processing File: Retail Item-601 General Merchan_01.xlsx
06-25-19T13:25:03: Item Rows: 10, External Id: 1120902
06-25-19T13:25:03: Item Rows: 20, External Id: 37002487
06-25-19T13:25:03: Item Rows: 30, External Id: 38000158
06-25-19T13:25:04: Item Rows: 40, External Id: 38000088
06-25-19T13:25:04: Item Rows: 50, External Id: 38000334
06-25-19T13:25:05: Item Rows: 60, External Id: 38000035
06-25-19T13:25:05: Item Rows: 70, External Id: 38000268
06-25-19T13:25:06: Item Rows: 80, External Id: 38000141
06-25-19T13:25:06: Item Rows: 90, External Id: 38000114
06-25-19T13:25:07: Item Rows: 100, External Id: 38000119
06-25-19T13:25:07: Item Rows: 110, External Id: 38000177
06-25-19T13:25:08: Item Rows: 120, External Id: 38000344
06-25-19T13:25:08: Item Rows: 130, External Id: 38000183
06-25-19T13:25:08: Item Rows: 140, External Id: 38000350
06-25-19T13:25:09: Item Rows: 150, External Id: 38000301
06-25-19T13:25:09: Item Rows: 160, External Id: 38000496
06-25-19T13:25:10: Item Rows: 170, External Id: 38000565
06-25-19T13:25:10: Item Rows: 180, External Id: 38000572
06-25-19T13:25:11: Item Rows: 190, External Id: 38000375
06-25-19T13:25:11: Item Rows: 200, External Id: 38000584
06-25-19T13:25:12: Item Rows: 210, External Id: 38000523
06-25-19T13:25:12: Item Rows: 220, External Id: 38000125
06-25-19T13:25:13: Item Rows: 230, External Id: 38000547
06-25-19T13:25:13: Item Rows: 240, External Id: 38000203
06-25-19T13:25:14: Item Rows: 250, External Id: 38000644
06-25-19T13:25:14: Item Rows: 260, External Id: 38000653
06-25-19T13:25:15: Item Rows: 270, External Id: 38000611
06-25-19T13:25:15: Item Rows: 280, External Id: 38000625
06-25-19T13:25:15: Item Rows: 290, External Id: 38000637
06-25-19T13:25:16: Item Rows: 300, External Id: 38000439
06-25-19T13:25:16: Item Rows: 310, External Id: 38000447
06-25-19T13:25:17: Item Rows: 320, External Id: 38000453
06-25-19T13:25:17: Item Rows: 330, External Id: 38000705
06-25-19T13:25:18: Item Rows: 340, External Id: 38000468
06-25-19T13:25:18: Item Rows: 350, External Id: 38000789
06-25-19T13:25:19: Item Rows: 360, External Id: 38000803
06-25-19T13:25:19: Item Rows: 370, External Id: 38000822
06-25-19T13:25:20: Item Rows: 380, External Id: 38000741
06-25-19T13:25:20: Item Rows: 390, External Id: 38000885
06-25-19T13:25:21: Item Rows: 400, External Id: 38000890
06-25-19T13:25:21: Item Rows: 410, External Id: 38000774
06-25-19T13:25:21: Item Rows: 420, External Id: 38001109
06-25-19T13:25:22: Item Rows: 430, External Id: 38001211
06-25-19T13:25:22: Item Rows: 440, External Id: 38001222
06-25-19T13:25:23: Item Rows: 450, External Id: 38001121
06-25-19T13:25:23: Item Rows: 460, External Id: 38001240
06-25-19T13:25:24: Item Rows: 470, External Id: 38001139
06-25-19T13:25:24: Item Rows: 480, External Id: 38000830
06-25-19T13:25:25: Item Rows: 490, External Id: 38001245
06-25-19T13:25:25: Item Rows: 500, External Id: 38000872
06-25-19T13:25:26: Item Rows: 510, External Id: 38001577
06-25-19T13:25:26: Item Rows: 520, External Id: 38001587
06-25-19T13:25:27: Item Rows: 530, External Id: 38001438
06-25-19T13:25:27: Item Rows: 540, External Id: 38000727
06-25-19T13:25:28: Item Rows: 550, External Id: 38001606
06-25-19T13:25:28: Item Rows: 560, External Id: 38001413
06-25-19T13:25:28: Item Rows: 570, External Id: 38001422
06-25-19T13:25:29: Item Rows: 580, External Id: 38001431
06-25-19T13:25:29: Item Rows: 590, External Id: 38001532
06-25-19T13:25:30: Item Rows: 600, External Id: 38001333
06-25-19T13:25:30: Item Rows: 610, External Id: 38001339
06-25-19T13:25:31: Item Rows: 620, External Id: 38001344
06-25-19T13:25:31: Item Rows: 630, External Id: 38001351
06-25-19T13:25:32: Item Rows: 640, External Id: 38001278
06-25-19T13:25:32: Item Rows: 650, External Id: 38001361
06-25-19T13:25:33: Item Rows: 660, External Id: 38001377
06-25-19T13:25:33: Item Rows: 670, External Id: 38001311
06-25-19T13:25:34: Item Rows: 680, External Id: 38001455
06-25-19T13:25:34: Item Rows: 690, External Id: 38001470
06-25-19T13:25:34: Item Rows: 700, External Id: 38001490
06-25-19T13:25:35: Item Rows: 710, External Id: 1122644
06-25-19T13:25:35: Item Rows: 720, External Id: 38001646
06-25-19T13:25:36: Item Rows: 730, External Id: 38001667
06-25-19T13:25:36: Item Rows: 740, External Id: 1122840
06-25-19T13:25:37: Item Rows: 750, External Id: 1123106
06-25-19T13:25:37: Item Rows: 760, External Id: 38001916
06-25-19T13:25:38: Item Rows: 770, External Id: 37002683
06-25-19T13:25:38: Item Rows: 780, External Id: 37002696
06-25-19T13:25:39: Item Rows: 790, External Id: 37002709
06-25-19T13:25:39: Item Rows: 800, External Id: 37002717
06-25-19T13:25:40: Item Rows: 810, External Id: 37002729
06-25-19T13:25:40: Item Rows: 820, External Id: 37002738
06-25-19T13:25:41: Item Rows: 830, External Id: 37002847
06-25-19T13:25:41: Item Rows: 840, External Id: 37002771
06-25-19T13:25:42: Item Rows: 850, External Id: 37002786
06-25-19T13:25:42: Item Rows: 860, External Id: 1123556
06-25-19T13:25:42: Item Rows: 870, External Id: 1123584
06-25-19T13:25:43: Item Rows: 880, External Id: 1123606
06-25-19T13:25:43: Item Rows: 890, External Id: 1123626
06-25-19T13:25:44: Item Rows: 900, External Id: 37002884
06-25-19T13:25:44: Item Rows: 910, External Id: 37002904
06-25-19T13:25:45: Item Rows: 920, External Id: 37002927
06-25-19T13:25:45: Item Rows: 930, External Id: 1123740
06-25-19T13:25:46: Item Rows: 940, External Id: 1123776
06-25-19T13:25:46: Item Rows: 950, External Id: 1123796
06-25-19T13:25:47: Item Rows: 960, External Id: 1123816
06-25-19T13:25:47: Item Rows: 970, External Id: 1123836
06-25-19T13:25:48: Item Rows: 980, External Id: 1123856
06-25-19T13:25:48: Item Rows: 990, External Id: 1123876
06-25-19T13:25:49: Item Rows: 1000, External Id: 1123902
06-25-19T13:25:49: Item Rows: 1010, External Id: 1123992
06-25-19T13:25:49: Item Rows: 1020, External Id: 1124016
06-25-19T13:25:50: Item Rows: 1030, External Id: 1124034
06-25-19T13:25:50: Item Rows: 1040, External Id: 1124058
06-25-19T13:25:51: Item Rows: 1050, External Id: 1124078
06-25-19T13:25:51: Item Rows: 1060, External Id: 1124104
06-25-19T13:25:52: Item Rows: 1070, External Id: 1124134
06-25-19T13:25:52: Item Rows: 1080, External Id: 1124160
06-25-19T13:25:53: Item Rows: 1090, External Id: 1124182
06-25-19T13:25:53: Item Rows: 1100, External Id: 1124212
06-25-19T13:25:53: Finished File: Retail Item-601 General Merchan_01.xlsx
06-25-19T13:25:53: File created in final csv folder: Retail Item-601 General Merchan_01.csv
06-25-19T13:25:53: ...
06-25-19T13:25:53: Processing File: Retail Item-601 General Merchan_02.xlsx
06-25-19T13:25:55: Item Rows: 10, External Id: 1120891
06-25-19T13:25:56: Item Rows: 20, External Id: 37002460
06-25-19T13:25:56: Item Rows: 30, External Id: 38000325
06-25-19T13:25:56: Item Rows: 40, External Id: 38000156
06-25-19T13:25:57: Item Rows: 50, External Id: 38000330
06-25-19T13:25:57: Item Rows: 60, External Id: 38000095
06-25-19T13:25:58: Item Rows: 70, External Id: 38000145
06-25-19T13:25:58: Item Rows: 80, External Id: 38000338
06-25-19T13:25:59: Item Rows: 90, External Id: 38000485
06-25-19T13:25:59: Item Rows: 100, External Id: 38000042
06-25-19T13:25:59: Item Rows: 110, External Id: 38000048
06-25-19T13:26:00: Item Rows: 120, External Id: 38000052
06-25-19T13:26:00: Item Rows: 130, External Id: 38000289
06-25-19T13:26:01: Item Rows: 140, External Id: 38000347
06-25-19T13:26:01: Item Rows: 150, External Id: 38000351
06-25-19T13:26:02: Item Rows: 160, External Id: 38000492
06-25-19T13:26:02: Item Rows: 170, External Id: 38000189
06-25-19T13:26:02: Item Rows: 180, External Id: 38000360
06-25-19T13:26:03: Item Rows: 190, External Id: 38000574
06-25-19T13:26:03: Item Rows: 200, External Id: 38000579
06-25-19T13:26:04: Item Rows: 210, External Id: 38000516
06-25-19T13:26:04: Item Rows: 220, External Id: 38000534
06-25-19T13:26:05: Item Rows: 230, External Id: 38000586
06-25-19T13:26:05: Item Rows: 240, External Id: 38000200
06-25-19T13:26:06: Item Rows: 250, External Id: 38000645
06-25-19T13:26:06: Item Rows: 260, External Id: 38000226
06-25-19T13:26:06: Item Rows: 270, External Id: 38000609
06-25-19T13:26:07: Item Rows: 280, External Id: 38000623
06-25-19T13:26:07: Item Rows: 290, External Id: 38000671
06-25-19T13:26:08: Item Rows: 300, External Id: 38000593
06-25-19T13:26:08: Item Rows: 310, External Id: 38000446
06-25-19T13:26:09: Item Rows: 320, External Id: 38000606
06-25-19T13:26:09: Item Rows: 330, External Id: 38000460
06-25-19T13:26:10: Item Rows: 340, External Id: 37002498
06-25-19T13:26:10: Item Rows: 350, External Id: 38000786
06-25-19T13:26:11: Item Rows: 360, External Id: 38000798
06-25-19T13:26:11: Item Rows: 370, External Id: 38000812
06-25-19T13:26:12: Item Rows: 380, External Id: 38000737
06-25-19T13:26:12: Item Rows: 390, External Id: 38000753
06-25-19T13:26:13: Item Rows: 400, External Id: 38000769
06-25-19T13:26:13: Item Rows: 410, External Id: 38000900
06-25-19T13:26:14: Item Rows: 420, External Id: 38001118
06-25-19T13:26:14: Item Rows: 430, External Id: 38001219
06-25-19T13:26:15: Item Rows: 440, External Id: 38001231
06-25-19T13:26:15: Item Rows: 450, External Id: 38001242
06-25-19T13:26:16: Item Rows: 460, External Id: 38001143
06-25-19T13:26:16: Item Rows: 470, External Id: 38000842
06-25-19T13:26:17: Item Rows: 480, External Id: 38000851
06-25-19T13:26:17: Item Rows: 490, External Id: 38001571
06-25-19T13:26:18: Item Rows: 500, External Id: 38001508
06-25-19T13:26:18: Item Rows: 510, External Id: 38001396
06-25-19T13:26:19: Item Rows: 520, External Id: 38001441
06-25-19T13:26:19: Item Rows: 530, External Id: 38000732
06-25-19T13:26:20: Item Rows: 540, External Id: 38001611
06-25-19T13:26:20: Item Rows: 550, External Id: 38001416
06-25-19T13:26:20: Item Rows: 560, External Id: 38001518
06-25-19T13:26:21: Item Rows: 570, External Id: 38001524
06-25-19T13:26:21: Item Rows: 580, External Id: 38001329
06-25-19T13:26:22: Item Rows: 590, External Id: 38001542
06-25-19T13:26:22: Item Rows: 600, External Id: 38001552
06-25-19T13:26:23: Item Rows: 610, External Id: 38001551
06-25-19T13:26:23: Item Rows: 620, External Id: 38001557
06-25-19T13:26:23: Item Rows: 630, External Id: 38001562
06-25-19T13:26:24: Item Rows: 640, External Id: 38001364
06-25-19T13:26:24: Item Rows: 650, External Id: 38001380
06-25-19T13:26:25: Item Rows: 660, External Id: 1122551
06-25-19T13:26:25: Item Rows: 670, External Id: 1122561
06-25-19T13:26:26: Item Rows: 680, External Id: 38001469
06-25-19T13:26:26: Item Rows: 690, External Id: 38001489
06-25-19T13:26:27: Item Rows: 700, External Id: 1122641
06-25-19T13:26:27: Item Rows: 710, External Id: 38001639
06-25-19T13:26:28: Item Rows: 720, External Id: 38001657
06-25-19T13:26:28: Item Rows: 730, External Id: 1122811
06-25-19T13:26:29: Item Rows: 740, External Id: 1122919
06-25-19T13:26:29: Item Rows: 750, External Id: 1123107
06-25-19T13:26:30: Item Rows: 760, External Id: 37002679
06-25-19T13:26:30: Item Rows: 770, External Id: 37002695
06-25-19T13:26:30: Item Rows: 780, External Id: 37002817
06-25-19T13:26:31: Item Rows: 790, External Id: 37002829
06-25-19T13:26:31: Item Rows: 800, External Id: 37002864
06-25-19T13:26:32: Item Rows: 810, External Id: 37002739
06-25-19T13:26:32: Item Rows: 820, External Id: 37002846
06-25-19T13:26:33: Item Rows: 830, External Id: 37002770
06-25-19T13:26:33: Item Rows: 840, External Id: 37002783
06-25-19T13:26:34: Item Rows: 850, External Id: 1123557
06-25-19T13:26:34: Item Rows: 860, External Id: 1123583
06-25-19T13:26:35: Item Rows: 870, External Id: 1123603
06-25-19T13:26:35: Item Rows: 880, External Id: 1123623
06-25-19T13:26:36: Item Rows: 890, External Id: 1123643
06-25-19T13:26:36: Item Rows: 900, External Id: 37002901
06-25-19T13:26:37: Item Rows: 910, External Id: 37002920
06-25-19T13:26:37: Item Rows: 920, External Id: 37002941
06-25-19T13:26:38: Item Rows: 930, External Id: 1123747
06-25-19T13:26:38: Item Rows: 940, External Id: 1123781
06-25-19T13:26:39: Item Rows: 950, External Id: 1123801
06-25-19T13:26:39: Item Rows: 960, External Id: 1123821
06-25-19T13:26:40: Item Rows: 970, External Id: 1123841
06-25-19T13:26:40: Item Rows: 980, External Id: 1123861
06-25-19T13:26:40: Item Rows: 990, External Id: 1123881
06-25-19T13:26:41: Item Rows: 1000, External Id: 1123907
06-25-19T13:26:41: Item Rows: 1010, External Id: 1123995
06-25-19T13:26:42: Item Rows: 1020, External Id: 1124021
06-25-19T13:26:42: Item Rows: 1030, External Id: 1124047
06-25-19T13:26:43: Item Rows: 1040, External Id: 1124067
06-25-19T13:26:43: Item Rows: 1050, External Id: 1124087
06-25-19T13:26:44: Item Rows: 1060, External Id: 1124111
06-25-19T13:26:44: Item Rows: 1070, External Id: 1124149
06-25-19T13:26:45: Item Rows: 1080, External Id: 1124171
06-25-19T13:26:45: Item Rows: 1090, External Id: 1124197
06-25-19T13:26:46: Item Rows: 1100, External Id: 1124217
06-25-19T13:26:46: Finished File: Retail Item-601 General Merchan_02.xlsx
06-25-19T13:26:46: File created in final csv folder: Retail Item-601 General Merchan_02.csv
06-25-19T13:26:46: ...
06-25-19T13:26:46: Processing File: Retail Item-64 M&S Gift Card & Resale_01.xlsx
06-25-19T13:26:47: Finished File: Retail Item-64 M&S Gift Card & Resale_01.xlsx
06-25-19T13:26:47: File created in final csv folder: Retail Item-64 M&S Gift Card & Resale_01.csv
06-25-19T13:26:47: ...
06-25-19T13:26:47: Processing File: Retail Item-706 Consignment - Gen Mdse_01.xlsx
06-25-19T13:26:49: Item Rows: 10, External Id: 38000003
06-25-19T13:26:50: Item Rows: 20, External Id: 38000012
06-25-19T13:26:50: Item Rows: 30, External Id: 38000404
06-25-19T13:26:50: Item Rows: 40, External Id: 38000025
06-25-19T13:26:51: Item Rows: 50, External Id: 38000409
06-25-19T13:26:51: Item Rows: 60, External Id: 38000417
06-25-19T13:26:52: Item Rows: 70, External Id: 38000429
06-25-19T13:26:52: Item Rows: 80, External Id: 1121494
06-25-19T13:26:53: Item Rows: 90, External Id: 37002544
06-25-19T13:26:53: Item Rows: 100, External Id: 37002556
06-25-19T13:26:54: Item Rows: 110, External Id: 37002565
06-25-19T13:26:54: Item Rows: 120, External Id: 37002580
06-25-19T13:26:55: Item Rows: 130, External Id: 1123602
06-25-19T13:26:55: Item Rows: 140, External Id: 1124246
06-25-19T13:26:55: Finished File: Retail Item-706 Consignment - Gen Mdse_01.xlsx
06-25-19T13:26:55: File created in final csv folder: Retail Item-706 Consignment - Gen Mdse_01.csv
06-25-19T13:26:55: ...
06-25-19T13:26:55: Processing File: Retail Item-77 Store Supplies_01.xlsx
06-25-19T13:26:57: Item Rows: 10, External Id: 37002492
06-25-19T13:26:57: Item Rows: 20, External Id: 36019207
06-25-19T13:26:57: Finished File: Retail Item-77 Store Supplies_01.xlsx
06-25-19T13:26:57: File created in final csv folder: Retail Item-77 Store Supplies_01.csv
06-25-19T13:26:57: ...
06-25-19T13:26:57: Processing File: Retail Item-800 Miscellanous Sales_01.xlsx
06-25-19T13:26:59: Item Rows: 10, External Id: 37003036
06-25-19T13:26:59: Finished File: Retail Item-800 Miscellanous Sales_01.xlsx
06-25-19T13:26:59: File created in final csv folder: Retail Item-800 Miscellanous Sales_01.csv
06-25-19T13:26:59: ...
06-25-19T13:26:59: Processing File: Retail Item-901 Soft Drinks_01.xlsx
06-25-19T13:27:01: Item Rows: 10, External Id: 1120889
06-25-19T13:27:01: Finished File: Retail Item-901 Soft Drinks_01.xlsx
06-25-19T13:27:01: File created in final csv folder: Retail Item-901 Soft Drinks_01.csv
06-25-19T13:27:01: ...
06-25-19T13:27:01: Processing File: Retail Item-VC Vendor Credit_01.xlsx
06-25-19T13:27:03: Finished File: Retail Item-VC Vendor Credit_01.xlsx
06-25-19T13:27:03: File created in final csv folder: Retail Item-VC Vendor Credit_01.csv
06-25-19T13:27:03: ...
06-25-19T13:27:03: End Log
