04-19-19T13:06:26: Start Log
04-19-19T13:06:26: Processing File: Retail Item- Invalid Catgory items.xlsx
04-19-19T13:06:30: Finished File: Retail Item- Invalid Catgory items.xlsx
04-19-19T13:06:30: File created in final csv folder: Retail Item- Invalid Catgory items.csv
04-19-19T13:06:30: ...
04-19-19T13:06:30: Processing File: Retail Item-221 Sandwich_01.xlsx
04-19-19T13:06:34: Finished File: Retail Item-221 Sandwich_01.xlsx
04-19-19T13:06:34: File created in final csv folder: Retail Item-221 Sandwich_01.csv
04-19-19T13:06:34: ...
04-19-19T13:06:34: Processing File: Retail Item-401 Beer & Wine_01.xlsx
04-19-19T13:06:37: Finished File: Retail Item-401 Beer & Wine_01.xlsx
04-19-19T13:06:37: File created in final csv folder: Retail Item-401 Beer & Wine_01.csv
04-19-19T13:06:37: ...
04-19-19T13:06:37: Processing File: Retail Item-601 General Merchan_01.xlsx
04-19-19T13:06:39: Finished File: Retail Item-601 General Merchan_01.xlsx
04-19-19T13:06:39: File created in final csv folder: Retail Item-601 General Merchan_01.csv
04-19-19T13:06:39: ...
04-19-19T13:06:40: Processing File: Retail Item-601 General Merchan_07.xlsx
04-19-19T13:06:42: Finished File: Retail Item-601 General Merchan_07.xlsx
04-19-19T13:06:42: File created in final csv folder: Retail Item-601 General Merchan_07.csv
04-19-19T13:06:42: ...
04-19-19T13:06:42: Processing File: Retail Item-707 Consignment - Foodservice_01.xlsx
04-19-19T13:06:45: Finished File: Retail Item-707 Consignment - Foodservice_01.xlsx
04-19-19T13:06:45: File created in final csv folder: Retail Item-707 Consignment - Foodservice_01.csv
04-19-19T13:06:45: ...
04-19-19T13:06:45: Processing File: Retail Item-77 Store Supplies_01.xlsx
04-19-19T13:06:47: Finished File: Retail Item-77 Store Supplies_01.xlsx
04-19-19T13:06:47: File created in final csv folder: Retail Item-77 Store Supplies_01.csv
04-19-19T13:06:47: ...
04-19-19T13:06:47: End Log
