04-04-19T20:21:32: Start Log
04-04-19T20:21:32: Processing File: Retail Item-201 Other Fast Food_01.xlsx
04-04-19T20:21:34: Finished File: Retail Item-201 Other Fast Food_01.xlsx
04-04-19T20:21:34: File created in final csv folder: Retail Item-201 Other Fast Food_01.csv
04-04-19T20:21:34: ...
04-04-19T20:21:34: Processing File: Retail Item-215 Cold Beverage_01.xlsx
04-04-19T20:21:37: Finished File: Retail Item-215 Cold Beverage_01.xlsx
04-04-19T20:21:37: File created in final csv folder: Retail Item-215 Cold Beverage_01.csv
04-04-19T20:21:37: ...
04-04-19T20:21:37: Processing File: Retail Item-218 Hot Food_01.xlsx
04-04-19T20:21:40: Finished File: Retail Item-218 Hot Food_01.xlsx
04-04-19T20:21:40: File created in final csv folder: Retail Item-218 Hot Food_01.csv
04-04-19T20:21:40: ...
04-04-19T20:21:40: Processing File: Retail Item-221 Sandwich_01.xlsx
04-04-19T20:21:43: Finished File: Retail Item-221 Sandwich_01.xlsx
04-04-19T20:21:43: File created in final csv folder: Retail Item-221 Sandwich_01.csv
04-04-19T20:21:43: ...
04-04-19T20:21:43: Processing File: Retail Item-221 Sandwich_02.xlsx
04-04-19T20:21:45: Finished File: Retail Item-221 Sandwich_02.xlsx
04-04-19T20:21:45: File created in final csv folder: Retail Item-221 Sandwich_02.csv
04-04-19T20:21:45: ...
04-04-19T20:21:45: Processing File: Retail Item-221 Sandwich_03.xlsx
04-04-19T20:21:48: Finished File: Retail Item-221 Sandwich_03.xlsx
04-04-19T20:21:48: File created in final csv folder: Retail Item-221 Sandwich_03.csv
04-04-19T20:21:48: ...
04-04-19T20:21:48: Processing File: Retail Item-231 Fresh Bakery_01.xlsx
04-04-19T20:21:52: Finished File: Retail Item-231 Fresh Bakery_01.xlsx
04-04-19T20:21:52: File created in final csv folder: Retail Item-231 Fresh Bakery_01.csv
04-04-19T20:21:52: ...
04-04-19T20:21:52: Processing File: Retail Item-401 Beer & Wine_01.xlsx
04-04-19T20:21:55: Finished File: Retail Item-401 Beer & Wine_01.xlsx
04-04-19T20:21:55: File created in final csv folder: Retail Item-401 Beer & Wine_01.csv
04-04-19T20:21:55: ...
04-04-19T20:21:55: Processing File: Retail Item-401 Beer & Wine_02.xlsx
04-04-19T20:21:57: Finished File: Retail Item-401 Beer & Wine_02.xlsx
04-04-19T20:21:57: File created in final csv folder: Retail Item-401 Beer & Wine_02.csv
04-04-19T20:21:57: ...
04-04-19T20:21:57: Processing File: Retail Item-401 Beer & Wine_03.xlsx
04-04-19T20:22:00: Finished File: Retail Item-401 Beer & Wine_03.xlsx
04-04-19T20:22:00: File created in final csv folder: Retail Item-401 Beer & Wine_03.csv
04-04-19T20:22:00: ...
04-04-19T20:22:00: Processing File: Retail Item-401 Beer & Wine_04.xlsx
04-04-19T20:22:03: Finished File: Retail Item-401 Beer & Wine_04.xlsx
04-04-19T20:22:03: File created in final csv folder: Retail Item-401 Beer & Wine_04.csv
04-04-19T20:22:03: ...
04-04-19T20:22:03: Processing File: Retail Item-401 Beer & Wine_05.xlsx
04-04-19T20:22:06: Finished File: Retail Item-401 Beer & Wine_05.xlsx
04-04-19T20:22:06: File created in final csv folder: Retail Item-401 Beer & Wine_05.csv
04-04-19T20:22:06: ...
04-04-19T20:22:06: Processing File: Retail Item-401 Beer & Wine_06.xlsx
04-04-19T20:22:09: Finished File: Retail Item-401 Beer & Wine_06.xlsx
04-04-19T20:22:09: File created in final csv folder: Retail Item-401 Beer & Wine_06.csv
04-04-19T20:22:09: ...
04-04-19T20:22:09: Processing File: Retail Item-401 Beer & Wine_07.xlsx
04-04-19T20:22:12: Finished File: Retail Item-401 Beer & Wine_07.xlsx
04-04-19T20:22:12: File created in final csv folder: Retail Item-401 Beer & Wine_07.csv
04-04-19T20:22:12: ...
04-04-19T20:22:12: Processing File: Retail Item-501 Cigarettes_01.xlsx
04-04-19T20:22:15: Finished File: Retail Item-501 Cigarettes_01.xlsx
04-04-19T20:22:15: File created in final csv folder: Retail Item-501 Cigarettes_01.csv
04-04-19T20:22:15: ...
04-04-19T20:22:15: Processing File: Retail Item-501 Cigarettes_03.xlsx
04-04-19T20:22:18: Finished File: Retail Item-501 Cigarettes_03.xlsx
04-04-19T20:22:18: File created in final csv folder: Retail Item-501 Cigarettes_03.csv
04-04-19T20:22:18: ...
04-04-19T20:22:18: Processing File: Retail Item-601 General Merchan_01.xlsx
04-04-19T20:22:21: Finished File: Retail Item-601 General Merchan_01.xlsx
04-04-19T20:22:21: File created in final csv folder: Retail Item-601 General Merchan_01.csv
04-04-19T20:22:21: ...
04-04-19T20:22:21: Processing File: Retail Item-601 General Merchan_02.xlsx
04-04-19T20:22:23: Finished File: Retail Item-601 General Merchan_02.xlsx
04-04-19T20:22:23: File created in final csv folder: Retail Item-601 General Merchan_02.csv
04-04-19T20:22:23: ...
04-04-19T20:22:23: Processing File: Retail Item-601 General Merchan_03.xlsx
04-04-19T20:22:26: Finished File: Retail Item-601 General Merchan_03.xlsx
04-04-19T20:22:26: File created in final csv folder: Retail Item-601 General Merchan_03.csv
04-04-19T20:22:27: ...
04-04-19T20:22:27: Processing File: Retail Item-601 General Merchan_04.xlsx
04-04-19T20:22:30: Finished File: Retail Item-601 General Merchan_04.xlsx
04-04-19T20:22:30: File created in final csv folder: Retail Item-601 General Merchan_04.csv
04-04-19T20:22:30: ...
04-04-19T20:22:30: Processing File: Retail Item-601 General Merchan_05.xlsx
04-04-19T20:22:32: Finished File: Retail Item-601 General Merchan_05.xlsx
04-04-19T20:22:32: File created in final csv folder: Retail Item-601 General Merchan_05.csv
04-04-19T20:22:33: ...
04-04-19T20:22:33: Processing File: Retail Item-601 General Merchan_06.xlsx
04-04-19T20:22:36: Finished File: Retail Item-601 General Merchan_06.xlsx
04-04-19T20:22:36: File created in final csv folder: Retail Item-601 General Merchan_06.csv
04-04-19T20:22:36: ...
04-04-19T20:22:36: Processing File: Retail Item-601 General Merchan_07.xlsx
04-04-19T20:22:38: Finished File: Retail Item-601 General Merchan_07.xlsx
04-04-19T20:22:38: File created in final csv folder: Retail Item-601 General Merchan_07.csv
04-04-19T20:22:38: ...
04-04-19T20:22:38: Processing File: Retail Item-601 General Merchan_08.xlsx
04-04-19T20:22:41: Finished File: Retail Item-601 General Merchan_08.xlsx
04-04-19T20:22:41: File created in final csv folder: Retail Item-601 General Merchan_08.csv
04-04-19T20:22:42: ...
04-04-19T20:22:42: Processing File: Retail Item-601 General Merchan_09.xlsx
04-04-19T20:22:44: Finished File: Retail Item-601 General Merchan_09.xlsx
04-04-19T20:22:44: File created in final csv folder: Retail Item-601 General Merchan_09.csv
04-04-19T20:22:44: ...
04-04-19T20:22:44: Processing File: Retail Item-601 General Merchan_10.xlsx
04-04-19T20:22:48: Finished File: Retail Item-601 General Merchan_10.xlsx
04-04-19T20:22:48: File created in final csv folder: Retail Item-601 General Merchan_10.csv
04-04-19T20:22:48: ...
04-04-19T20:22:48: Processing File: Retail Item-601 General Merchan_11.xlsx
04-04-19T20:22:51: Finished File: Retail Item-601 General Merchan_11.xlsx
04-04-19T20:22:51: File created in final csv folder: Retail Item-601 General Merchan_11.csv
04-04-19T20:22:51: ...
04-04-19T20:22:51: Processing File: Retail Item-601 General Merchan_12.xlsx
04-04-19T20:22:54: Finished File: Retail Item-601 General Merchan_12.xlsx
04-04-19T20:22:54: File created in final csv folder: Retail Item-601 General Merchan_12.csv
04-04-19T20:22:54: ...
04-04-19T20:22:54: Processing File: Retail Item-601 General Merchan_13.xlsx
04-04-19T20:22:57: Finished File: Retail Item-601 General Merchan_13.xlsx
04-04-19T20:22:57: File created in final csv folder: Retail Item-601 General Merchan_13.csv
04-04-19T20:22:57: ...
04-04-19T20:22:57: Processing File: Retail Item-601 General Merchan_14.xlsx
04-04-19T20:23:00: Finished File: Retail Item-601 General Merchan_14.xlsx
04-04-19T20:23:00: File created in final csv folder: Retail Item-601 General Merchan_14.csv
04-04-19T20:23:00: ...
04-04-19T20:23:00: Processing File: Retail Item-601 General Merchan_15.xlsx
04-04-19T20:23:03: Finished File: Retail Item-601 General Merchan_15.xlsx
04-04-19T20:23:03: File created in final csv folder: Retail Item-601 General Merchan_15.csv
04-04-19T20:23:03: ...
04-04-19T20:23:03: Processing File: Retail Item-601 General Merchan_16.xlsx
04-04-19T20:23:06: Finished File: Retail Item-601 General Merchan_16.xlsx
04-04-19T20:23:06: File created in final csv folder: Retail Item-601 General Merchan_16.csv
04-04-19T20:23:06: ...
04-04-19T20:23:06: Processing File: Retail Item-601 General Merchan_17.xlsx
04-04-19T20:23:09: Finished File: Retail Item-601 General Merchan_17.xlsx
04-04-19T20:23:09: File created in final csv folder: Retail Item-601 General Merchan_17.csv
04-04-19T20:23:09: ...
04-04-19T20:23:09: Processing File: Retail Item-601 General Merchan_18.xlsx
04-04-19T20:23:12: Finished File: Retail Item-601 General Merchan_18.xlsx
04-04-19T20:23:12: File created in final csv folder: Retail Item-601 General Merchan_18.csv
04-04-19T20:23:12: ...
04-04-19T20:23:12: Processing File: Retail Item-601 General Merchan_19.xlsx
04-04-19T20:23:15: Finished File: Retail Item-601 General Merchan_19.xlsx
04-04-19T20:23:15: File created in final csv folder: Retail Item-601 General Merchan_19.csv
04-04-19T20:23:15: ...
04-04-19T20:23:15: Processing File: Retail Item-601 General Merchan_20.xlsx
04-04-19T20:23:18: Finished File: Retail Item-601 General Merchan_20.xlsx
04-04-19T20:23:18: File created in final csv folder: Retail Item-601 General Merchan_20.csv
04-04-19T20:23:18: ...
04-04-19T20:23:18: Processing File: Retail Item-601 General Merchan_21.xlsx
04-04-19T20:23:21: Finished File: Retail Item-601 General Merchan_21.xlsx
04-04-19T20:23:21: File created in final csv folder: Retail Item-601 General Merchan_21.csv
04-04-19T20:23:21: ...
04-04-19T20:23:21: Processing File: Retail Item-601 General Merchan_22.xlsx
04-04-19T20:23:24: Finished File: Retail Item-601 General Merchan_22.xlsx
04-04-19T20:23:24: File created in final csv folder: Retail Item-601 General Merchan_22.csv
04-04-19T20:23:24: ...
04-04-19T20:23:24: Processing File: Retail Item-601 General Merchan_23.xlsx
04-04-19T20:23:27: Finished File: Retail Item-601 General Merchan_23.xlsx
04-04-19T20:23:27: File created in final csv folder: Retail Item-601 General Merchan_23.csv
04-04-19T20:23:27: ...
04-04-19T20:23:27: Processing File: Retail Item-601 General Merchan_24.xlsx
04-04-19T20:23:30: Finished File: Retail Item-601 General Merchan_24.xlsx
04-04-19T20:23:30: File created in final csv folder: Retail Item-601 General Merchan_24.csv
04-04-19T20:23:30: ...
04-04-19T20:23:30: Processing File: Retail Item-601 General Merchan_25.xlsx
04-04-19T20:23:33: Finished File: Retail Item-601 General Merchan_25.xlsx
04-04-19T20:23:33: File created in final csv folder: Retail Item-601 General Merchan_25.csv
04-04-19T20:23:33: ...
04-04-19T20:23:34: Processing File: Retail Item-601 General Merchan_26.xlsx
04-04-19T20:23:39: Finished File: Retail Item-601 General Merchan_26.xlsx
04-04-19T20:23:39: File created in final csv folder: Retail Item-601 General Merchan_26.csv
04-04-19T20:23:39: ...
04-04-19T20:23:39: Processing File: Retail Item-601 General Merchan_27.xlsx
04-04-19T20:23:43: Finished File: Retail Item-601 General Merchan_27.xlsx
04-04-19T20:23:43: File created in final csv folder: Retail Item-601 General Merchan_27.csv
04-04-19T20:23:43: ...
04-04-19T20:23:43: Processing File: Retail Item-601 General Merchan_28.xlsx
04-04-19T20:23:47: Finished File: Retail Item-601 General Merchan_28.xlsx
04-04-19T20:23:47: File created in final csv folder: Retail Item-601 General Merchan_28.csv
04-04-19T20:23:47: ...
04-04-19T20:23:47: Processing File: Retail Item-601 General Merchan_29.xlsx
04-04-19T20:23:50: Finished File: Retail Item-601 General Merchan_29.xlsx
04-04-19T20:23:50: File created in final csv folder: Retail Item-601 General Merchan_29.csv
04-04-19T20:23:50: ...
04-04-19T20:23:50: Processing File: Retail Item-601 General Merchan_30.xlsx
04-04-19T20:23:53: Finished File: Retail Item-601 General Merchan_30.xlsx
04-04-19T20:23:53: File created in final csv folder: Retail Item-601 General Merchan_30.csv
04-04-19T20:23:53: ...
04-04-19T20:23:54: Processing File: Retail Item-601 General Merchan_31.xlsx
04-04-19T20:23:56: Finished File: Retail Item-601 General Merchan_31.xlsx
04-04-19T20:23:56: File created in final csv folder: Retail Item-601 General Merchan_31.csv
04-04-19T20:23:56: ...
04-04-19T20:23:56: Processing File: Retail Item-601 General Merchan_32.xlsx
04-04-19T20:23:59: Finished File: Retail Item-601 General Merchan_32.xlsx
04-04-19T20:23:59: File created in final csv folder: Retail Item-601 General Merchan_32.csv
04-04-19T20:23:59: ...
04-04-19T20:23:59: Processing File: Retail Item-601 General Merchan_33.xlsx
04-04-19T20:24:02: Finished File: Retail Item-601 General Merchan_33.xlsx
04-04-19T20:24:02: File created in final csv folder: Retail Item-601 General Merchan_33.csv
04-04-19T20:24:02: ...
04-04-19T20:24:02: Processing File: Retail Item-601 General Merchan_34.xlsx
04-04-19T20:24:05: Finished File: Retail Item-601 General Merchan_34.xlsx
04-04-19T20:24:05: File created in final csv folder: Retail Item-601 General Merchan_34.csv
04-04-19T20:24:05: ...
04-04-19T20:24:05: Processing File: Retail Item-601 General Merchan_35.xlsx
04-04-19T20:24:08: Finished File: Retail Item-601 General Merchan_35.xlsx
04-04-19T20:24:08: File created in final csv folder: Retail Item-601 General Merchan_35.csv
04-04-19T20:24:08: ...
04-04-19T20:24:08: Processing File: Retail Item-601 General Merchan_36.xlsx
04-04-19T20:24:11: Finished File: Retail Item-601 General Merchan_36.xlsx
04-04-19T20:24:11: File created in final csv folder: Retail Item-601 General Merchan_36.csv
04-04-19T20:24:11: ...
04-04-19T20:24:11: Processing File: Retail Item-601 General Merchan_37.xlsx
04-04-19T20:24:14: Finished File: Retail Item-601 General Merchan_37.xlsx
04-04-19T20:24:14: File created in final csv folder: Retail Item-601 General Merchan_37.csv
04-04-19T20:24:14: ...
04-04-19T20:24:14: Processing File: Retail Item-601 General Merchan_38.xlsx
04-04-19T20:24:17: Finished File: Retail Item-601 General Merchan_38.xlsx
04-04-19T20:24:17: File created in final csv folder: Retail Item-601 General Merchan_38.csv
04-04-19T20:24:17: ...
04-04-19T20:24:17: Processing File: Retail Item-601 General Merchan_39.xlsx
04-04-19T20:24:20: Finished File: Retail Item-601 General Merchan_39.xlsx
04-04-19T20:24:20: File created in final csv folder: Retail Item-601 General Merchan_39.csv
04-04-19T20:24:20: ...
04-04-19T20:24:20: Processing File: Retail Item-601 General Merchan_40.xlsx
04-04-19T20:24:23: Finished File: Retail Item-601 General Merchan_40.xlsx
04-04-19T20:24:23: File created in final csv folder: Retail Item-601 General Merchan_40.csv
04-04-19T20:24:23: ...
04-04-19T20:24:23: Processing File: Retail Item-601 General Merchan_41.xlsx
04-04-19T20:24:27: Finished File: Retail Item-601 General Merchan_41.xlsx
04-04-19T20:24:27: File created in final csv folder: Retail Item-601 General Merchan_41.csv
04-04-19T20:24:27: ...
04-04-19T20:24:27: Processing File: Retail Item-601 General Merchan_42.xlsx
04-04-19T20:24:30: Finished File: Retail Item-601 General Merchan_42.xlsx
04-04-19T20:24:30: File created in final csv folder: Retail Item-601 General Merchan_42.csv
04-04-19T20:24:30: ...
04-04-19T20:24:30: Processing File: Retail Item-601 General Merchan_43.xlsx
04-04-19T20:24:34: Finished File: Retail Item-601 General Merchan_43.xlsx
04-04-19T20:24:34: File created in final csv folder: Retail Item-601 General Merchan_43.csv
04-04-19T20:24:34: ...
04-04-19T20:24:34: Processing File: Retail Item-901 Soft Drinks_01.xlsx
04-04-19T20:24:37: Finished File: Retail Item-901 Soft Drinks_01.xlsx
04-04-19T20:24:37: File created in final csv folder: Retail Item-901 Soft Drinks_01.csv
04-04-19T20:24:37: ...
04-04-19T20:24:37: Processing File: Retail Item-901 Soft Drinks_02.xlsx
04-04-19T20:24:39: Finished File: Retail Item-901 Soft Drinks_02.xlsx
04-04-19T20:24:39: File created in final csv folder: Retail Item-901 Soft Drinks_02.csv
04-04-19T20:24:39: ...
04-04-19T20:24:40: Processing File: Retail Item-901 Soft Drinks_03.xlsx
04-04-19T20:24:42: Finished File: Retail Item-901 Soft Drinks_03.xlsx
04-04-19T20:24:42: File created in final csv folder: Retail Item-901 Soft Drinks_03.csv
04-04-19T20:24:42: ...
04-04-19T20:24:42: End Log
