Sat 08/11/2018 18:14:17.26 Starting Retail Item Export 
 Volume in drive C is OS
 Volume Serial Number is 564A-8FFB

 Directory of C:\Users\chuck\Documents\ROC\Data Extraction and Loading 2\Import Files\Retail Item\SourceCSV

08/11/2018  06:14 PM               697 Retail Item-201 Other Fast Food_1.csv
08/11/2018  06:14 PM               697 Retail Item-204 Restaurant_1.csv
08/11/2018  06:14 PM               697 Retail Item-206 Franchise Food_1.csv
08/11/2018  06:14 PM               697 Retail Item-212 Hot Beverage_1.csv
08/11/2018  06:14 PM               697 Retail Item-215 Cold Beverage_1.csv
08/11/2018  06:14 PM               697 Retail Item-218 Hot Food_1.csv
08/11/2018  06:14 PM               388 Retail Item-221 Sandwich_1.csv
08/11/2018  06:14 PM               361 Retail Item-221 Sandwich_2.csv
08/11/2018  06:14 PM               697 Retail Item-231 Fresh Bakery_1.csv
08/11/2018  05:58 PM               366 Retail Item-401 Beer & Wine_01.csv
08/11/2018  05:58 PM               386 Retail Item-401 Beer & Wine_02.csv
08/11/2018  06:14 PM               191 Retail Item-401 Beer & Wine_1.csv
08/11/2018  06:14 PM               224 Retail Item-401 Beer & Wine_2.csv
08/11/2018  06:14 PM               230 Retail Item-401 Beer & Wine_3.csv
08/11/2018  06:14 PM               217 Retail Item-401 Beer & Wine_4.csv
08/11/2018  06:14 PM               285 Retail Item-501 Cigarettes_1.csv
08/11/2018  06:14 PM               284 Retail Item-501 Cigarettes_2.csv
08/11/2018  06:14 PM               236 Retail Item-501 Cigarettes_3.csv
08/11/2018  06:14 PM               697 Retail Item-511 Tourney_1.csv
08/11/2018  06:14 PM                60 Retail Item-601 General Merchan_1.csv
08/11/2018  06:14 PM                56 Retail Item-602 General Merchan_2.csv
08/11/2018  06:14 PM                60 Retail Item-603 General Merchan_3.csv
08/11/2018  06:14 PM                67 Retail Item-604 General Merchan_4.csv
08/11/2018  06:14 PM                56 Retail Item-605 General Merchan_5.csv
08/11/2018  06:14 PM                55 Retail Item-606 General Merchan_6.csv
08/11/2018  06:14 PM                56 Retail Item-607 General Merchan_7.csv
08/11/2018  06:14 PM                53 Retail Item-608 General Merchan_8.csv
08/11/2018  06:14 PM                59 Retail Item-609 General Merchan_9.csv
08/11/2018  06:14 PM                57 Retail Item-610 General Merchan_10.csv
08/11/2018  06:14 PM                73 Retail Item-611 General Merchan_11.csv
08/11/2018  06:14 PM                60 Retail Item-612 General Merchan_12.csv
08/11/2018  06:14 PM                61 Retail Item-613 General Merchan_13.csv
08/11/2018  06:14 PM                63 Retail Item-614 General Merchan_14.csv
08/11/2018  06:14 PM                56 Retail Item-615 General Merchan_15.csv
08/11/2018  06:14 PM                58 Retail Item-616 General Merchan_16.csv
08/11/2018  06:14 PM                68 Retail Item-617 General Merchan_17.csv
08/11/2018  06:14 PM                61 Retail Item-618 General Merchan_18.csv
08/11/2018  06:14 PM                66 Retail Item-619 General Merchan_19.csv
08/11/2018  06:14 PM                61 Retail Item-620 General Merchan_20.csv
08/11/2018  06:14 PM                56 Retail Item-621 General Merchan_21.csv
08/11/2018  06:14 PM                69 Retail Item-622 General Merchan_22.csv
08/11/2018  06:14 PM                58 Retail Item-623 General Merchan_23.csv
08/11/2018  06:14 PM                57 Retail Item-624 General Merchan_24.csv
08/11/2018  06:14 PM                55 Retail Item-625 General Merchan_25.csv
08/11/2018  06:14 PM                30 Retail Item-626 General Merchan_26.csv
08/11/2018  06:14 PM                30 Retail Item-627 General Merchan_27.csv
08/11/2018  06:14 PM               697 Retail Item-703 Sony MGM_1.csv
08/11/2018  06:14 PM               697 Retail Item-704 Incomm Prepaid Cards_1.csv
08/11/2018  06:14 PM               697 Retail Item-705 Netspend _1.csv
08/11/2018  06:14 PM               174 Retail Item-706 Consignment - Gen Mdse_1.csv
08/11/2018  06:14 PM               171 Retail Item-706 Consignment - Gen Mdse_2.csv
08/11/2018  06:14 PM               169 Retail Item-706 Consignment - Gen Mdse_3.csv
08/11/2018  06:14 PM               153 Retail Item-706 Consignment - Gen Mdse_4.csv
08/11/2018  06:14 PM               191 Retail Item-706 Consignment - Gen Mdse_5.csv
08/11/2018  06:14 PM               169 Retail Item-706 Consignment - Gen Mdse_6.csv
08/11/2018  06:14 PM               697 Retail Item-707 Consignment - Foodservice_1.csv
08/11/2018  06:14 PM               697 Retail Item-77 Store Supplies_1.csv
08/11/2018  06:14 PM               697 Retail Item-800 Miscellanous Sales_1.csv
08/11/2018  06:14 PM               366 Retail Item-901 Soft Drinks_1.csv
08/11/2018  06:14 PM               386 Retail Item-901 Soft Drinks_2.csv
08/11/2018  06:14 PM               697 Retail Item-952 Containers_1.csv
08/11/2018  06:14 PM               697 Retail Item-PGA Prepaid Card-Activate_1.csv
08/11/2018  06:14 PM               697 Retail Item-T5 Post Office_1.csv
08/11/2018  06:14 PM               697 Retail Item-TRU Truth MC New _1.csv
              64 File(s)         19,054 bytes
               0 Dir(s)  267,014,647,808 bytes free
Sat 08/11/2018 18:14:25.19 Completed Retail Item Export 
