04-21-19T15:58:48: Start Log
04-21-19T15:58:48: Processing File: Retail Item-Test Strategy and Manufacturer Fix 601 General Merchan_03 (After).xlsx
04-21-19T15:58:52: Item Rows: 10, External Id: 36015003
04-21-19T15:58:52: Item Rows: 20, External Id: 36014457
04-21-19T15:58:53: Item Rows: 30, External Id: 36016013
04-21-19T15:58:53: Item Rows: 40, External Id: 36016897
04-21-19T15:58:53: Item Rows: 50, External Id: 36015000
04-21-19T15:58:54: Item Rows: 60, External Id: 36016294
04-21-19T15:58:54: Finished File: Retail Item-Test Strategy and Manufacturer Fix 601 General Merchan_03 (After).xlsx
04-21-19T15:58:54: File created in final csv folder: Retail Item-Test Strategy and Manufacturer Fix 601 General Merchan_03 (After).csv
04-21-19T15:58:54: ...
04-21-19T15:58:54: Processing File: Retail Item-Test Strategy and Manufacturer Fix 601 General Merchan_03 (Before).xlsx
04-21-19T15:58:58: Item Rows: 10, External Id: 36015003
04-21-19T15:58:59: Item Rows: 20, External Id: 36014457
04-21-19T15:58:59: Item Rows: 30, External Id: 36016013
04-21-19T15:58:59: Item Rows: 40, External Id: 36016897
04-21-19T15:59:00: Item Rows: 50, External Id: 36015000
04-21-19T15:59:00: Item Rows: 60, External Id: 36016294
04-21-19T15:59:00: Finished File: Retail Item-Test Strategy and Manufacturer Fix 601 General Merchan_03 (Before).xlsx
04-21-19T15:59:00: File created in final csv folder: Retail Item-Test Strategy and Manufacturer Fix 601 General Merchan_03 (Before).csv
04-21-19T15:59:00: ...
04-21-19T15:59:00: End Log
