10-26-18T19:10:37: Start Log
10-26-18T19:10:37: Found Input File: GM15.csv
10-26-18T19:10:37: Department: 
10-26-18T19:10:41: Item Rows: 10
10-26-18T19:10:42: Item Rows: 20
10-26-18T19:10:42: Item Rows: 30
10-26-18T19:10:43: Item Rows: 40
10-26-18T19:10:43: Item Rows: 50
10-26-18T19:10:43: Item Rows: 60
10-26-18T19:10:44: Item Rows: 70
10-26-18T19:10:44: Item Rows: 80
10-26-18T19:10:45: Item Rows: 90
10-26-18T19:10:45: Item Rows: 100
10-26-18T19:10:45: Item Rows: 110
10-26-18T19:10:46: Item Rows: 120
10-26-18T19:10:46: Item Rows: 130
10-26-18T19:10:47: Item Rows: 140
10-26-18T19:10:47: Item Rows: 150
10-26-18T19:10:47: Item Rows: 160
10-26-18T19:10:48: Item Rows: 170
10-26-18T19:10:48: Item Rows: 180
10-26-18T19:10:49: Item Rows: 190
10-26-18T19:10:49: Item Rows: 200
10-26-18T19:10:49: Item Rows: 210
10-26-18T19:10:50: Item Rows: 220
10-26-18T19:10:50: Item Rows: 230
10-26-18T19:10:51: Item Rows: 240
10-26-18T19:10:51: Item Rows: 250
10-26-18T19:10:51: Item Rows: 260
10-26-18T19:10:52: Item Rows: 270
10-26-18T19:10:52: Item Rows: 280
10-26-18T19:10:52: Item Rows: 290
10-26-18T19:10:53: Item Rows: 300
10-26-18T19:10:53: Item Rows: 310
10-26-18T19:10:54: Item Rows: 320
10-26-18T19:10:54: Item Rows: 330
10-26-18T19:10:54: Item Rows: 340
10-26-18T19:10:55: Item Rows: 350
10-26-18T19:10:55: Item Rows: 360
10-26-18T19:10:55: Item Rows: 370
10-26-18T19:10:56: Item Rows: 380
10-26-18T19:10:56: Item Rows: 390
10-26-18T19:10:57: Item Rows: 400
10-26-18T19:10:57: Item Rows: 410
10-26-18T19:10:57: Item Rows: 420
10-26-18T19:10:58: Item Rows: 430
10-26-18T19:10:58: Item Rows: 440
10-26-18T19:10:58: Item Rows: 450
10-26-18T19:10:59: Item Rows: 460
10-26-18T19:10:59: Item Rows: 470
10-26-18T19:11:00: Item Rows: 480
10-26-18T19:11:00: Item Rows: 490
10-26-18T19:11:00: Item Rows: 500
10-26-18T19:11:01: Item Rows: 510
10-26-18T19:11:01: Item Rows: 520
10-26-18T19:11:01: Item Rows: 530
10-26-18T19:11:02: Item Rows: 540
10-26-18T19:11:02: Item Rows: 550
10-26-18T19:11:03: Item Rows: 560
10-26-18T19:11:03: Item Rows: 570
10-26-18T19:11:03: Item Rows: 580
10-26-18T19:11:04: Item Rows: 590
10-26-18T19:11:04: Item Rows: 600
10-26-18T19:11:04: Item Rows: 610
10-26-18T19:11:05: Item Rows: 620
10-26-18T19:11:05: Item Rows: 630
10-26-18T19:11:06: Item Rows: 640
10-26-18T19:11:06: Item Rows: 650
10-26-18T19:11:06: Item Rows: 660
10-26-18T19:11:07: Item Rows: 670
10-26-18T19:11:07: Item Rows: 680
10-26-18T19:11:08: Item Rows: 690
10-26-18T19:11:08: Item Rows: 700
10-26-18T19:11:08: Item Rows: 710
10-26-18T19:11:09: Item Rows: 720
10-26-18T19:11:09: Item Rows: 730
10-26-18T19:11:09: Item Rows: 740
10-26-18T19:11:10: Item Rows: 750
10-26-18T19:11:10: Item Rows: 760
10-26-18T19:11:10: Item Rows: 770
10-26-18T19:11:11: Item Rows: 780
10-26-18T19:11:11: Item Rows: 790
10-26-18T19:11:11: Item Rows: 800
10-26-18T19:11:12: Item Rows: 810
10-26-18T19:11:12: Item Rows: 820
10-26-18T19:11:13: Item Rows: 830
10-26-18T19:11:13: Item Rows: 840
10-26-18T19:11:13: Item Rows: 850
10-26-18T19:11:14: Item Rows: 860
10-26-18T19:11:14: Item Rows: 870
10-26-18T19:11:14: Item Rows: 880
10-26-18T19:11:15: Item Rows: 890
10-26-18T19:11:15: Item Rows: 900
10-26-18T19:11:15: Item Rows: 910
10-26-18T19:11:16: Item Rows: 920
10-26-18T19:11:16: Item Rows: 930
10-26-18T19:11:17: Item Rows: 940
10-26-18T19:11:17: Item Rows: 950
10-26-18T19:11:17: Item Rows: 960
10-26-18T19:11:18: Item Rows: 970
10-26-18T19:11:18: Item Rows: 980
10-26-18T19:11:19: Item Rows: 990
10-26-18T19:11:19: Item Rows: 1000
10-26-18T19:11:19: Item Rows: 1010
10-26-18T19:11:20: Item Rows: 1020
10-26-18T19:11:20: Item Rows: 1030
10-26-18T19:11:20: Item Rows: 1040
10-26-18T19:11:21: Item Rows: 1050
10-26-18T19:11:21: Item Rows: 1060
10-26-18T19:11:22: Item Rows: 1070
10-26-18T19:11:22: Item Rows: 1080
10-26-18T19:11:22: Item Rows: 1090
10-26-18T19:11:23: Item Rows: 1100
10-26-18T19:11:23: Item Rows: 1110
10-26-18T19:11:24: Item Rows: 1120
10-26-18T19:11:24: Item Rows: 1130
10-26-18T19:11:24: Item Rows: 1140
10-26-18T19:11:25: Item Rows: 1150
10-26-18T19:11:25: Item Rows: 1160
10-26-18T19:11:25: Item Rows: 1170
10-26-18T19:11:26: Item Rows: 1180
10-26-18T19:11:26: Item Rows: 1190
10-26-18T19:11:26: Item Rows: 1200
10-26-18T19:11:27: Item Rows: 1210
10-26-18T19:11:27: Item Rows: 1220
10-26-18T19:11:28: Item Rows: 1230
10-26-18T19:11:28: Item Rows: 1240
10-26-18T19:11:28: Item Rows: 1250
10-26-18T19:11:29: Item Rows: 1260
10-26-18T19:11:29: Item Rows: 1270
10-26-18T19:11:30: Item Rows: 1280
10-26-18T19:11:30: Item Rows: 1290
10-26-18T19:11:30: Item Rows: 1300
10-26-18T19:11:31: Item Rows: 1310
10-26-18T19:11:31: Item Rows: 1320
10-26-18T19:11:31: Item Rows: 1330
10-26-18T19:11:32: Item Rows: 1340
10-26-18T19:11:32: Item Rows: 1350
10-26-18T19:11:33: Item Rows: 1360
10-26-18T19:11:33: Item Rows: 1370
10-26-18T19:11:33: Item Rows: 1380
10-26-18T19:11:34: Item Rows: 1390
10-26-18T19:11:34: Item Rows: 1400
10-26-18T19:11:35: Item Rows: 1410
10-26-18T19:11:35: Item Rows: 1420
10-26-18T19:11:35: Item Rows: 1430
10-26-18T19:11:36: Item Rows: 1440
10-26-18T19:11:36: Item Rows: 1450
10-26-18T19:11:36: Item Rows: 1460
10-26-18T19:11:37: Item Rows: 1470
10-26-18T19:11:37: Item Rows: 1480
10-26-18T19:11:38: Item Rows: 1490
10-26-18T19:11:38: Item Rows: 1500
10-26-18T19:11:38: Item Rows: 1510
10-26-18T19:11:39: Item Rows: 1520
10-26-18T19:11:39: Item Rows: 1530
10-26-18T19:11:39: Item Rows: 1540
10-26-18T19:11:40: Item Rows: 1550
10-26-18T19:11:40: Item Rows: 1560
10-26-18T19:11:40: Item Rows: 1570
10-26-18T19:11:41: Item Rows: 1580
10-26-18T19:11:41: Item Rows: 1590
10-26-18T19:11:41: Item Rows: 1600
10-26-18T19:11:42: Item Rows: 1610
10-26-18T19:11:42: Item Rows: 1620
10-26-18T19:11:43: Item Rows: 1630
10-26-18T19:11:43: Item Rows: 1640
10-26-18T19:11:43: Item Rows: 1650
10-26-18T19:11:44: Item Rows: 1660
10-26-18T19:11:44: Item Rows: 1670
10-26-18T19:11:45: Item Rows: 1680
10-26-18T19:11:45: Item Rows: 1690
10-26-18T19:11:45: Item Rows: 1700
10-26-18T19:11:46: Item Rows: 1710
10-26-18T19:11:46: Item Rows: 1720
10-26-18T19:11:47: Item Rows: 1730
10-26-18T19:11:47: Item Rows: 1740
10-26-18T19:11:47: Item Rows: 1750
10-26-18T19:11:48: Item Rows: 1760
10-26-18T19:11:48: Item Rows: 1770
10-26-18T19:11:48: Item Rows: 1780
10-26-18T19:11:49: Item Rows: 1790
10-26-18T19:11:49: Item Rows: 1800
10-26-18T19:11:50: Item Rows: 1810
10-26-18T19:11:50: Item Rows: 1820
10-26-18T19:11:50: Item Rows: 1830
10-26-18T19:11:51: Item Rows: 1840
10-26-18T19:11:51: Item Rows: 1850
10-26-18T19:11:51: Item Rows: 1860
10-26-18T19:11:52: Item Rows: 1870
10-26-18T19:11:52: Item Rows: 1880
10-26-18T19:11:52: Item Rows: 1890
10-26-18T19:11:53: Item Rows: 1900
10-26-18T19:11:53: Item Rows: 1910
10-26-18T19:11:54: Item Rows: 1920
10-26-18T19:11:54: Item Rows: 1930
10-26-18T19:11:54: Item Rows: 1940
10-26-18T19:11:55: Item Rows: 1950
10-26-18T19:11:55: Item Rows: 1960
10-26-18T19:11:55: Item Rows: 1970
10-26-18T19:11:56: Item Rows: 1980
10-26-18T19:11:56: Item Rows: 1990
10-26-18T19:11:57: Item Rows: 2000
10-26-18T19:11:57: Item Rows: 2010
10-26-18T19:11:57: Item Rows: 2020
10-26-18T19:11:58: Item Rows: 2030
10-26-18T19:11:58: Item Rows: 2040
10-26-18T19:11:59: Item Rows: 2050
10-26-18T19:11:59: Item Rows: 2060
10-26-18T19:11:59: Item Rows: 2070
10-26-18T19:12:00: Item Rows: 2080
10-26-18T19:12:00: Item Rows: 2090
10-26-18T19:12:00: Item Rows: 2100
10-26-18T19:12:01: Item Rows: 2110
10-26-18T19:12:01: Item Rows: 2120
10-26-18T19:12:01: Item Rows: 2130
10-26-18T19:12:02: Item Rows: 2140
10-26-18T19:12:02: Item Rows: 2150
10-26-18T19:12:03: Item Rows: 2160
10-26-18T19:12:03: Item Rows: 2170
10-26-18T19:12:03: Item Rows: 2180
10-26-18T19:12:04: Item Rows: 2190
10-26-18T19:12:04: Item Rows: 2200
10-26-18T19:12:04: Item Rows: 2210
10-26-18T19:12:05: Item Rows: 2220
10-26-18T19:12:05: Item Rows: 2230
10-26-18T19:12:05: Item Rows: 2240
10-26-18T19:12:06: Item Rows: 2250
10-26-18T19:12:06: Item Rows: 2260
10-26-18T19:12:07: Item Rows: 2270
10-26-18T19:12:07: Item Rows: 2280
10-26-18T19:12:07: Item Rows: 2290
10-26-18T19:12:08: Item Rows: 2300
10-26-18T19:12:08: Item Rows: 2310
10-26-18T19:12:09: Item Rows: 2320
10-26-18T19:12:09: Item Rows: 2330
10-26-18T19:12:09: Item Rows: 2340
10-26-18T19:12:10: Item Rows: 2350
10-26-18T19:12:10: Item Rows: 2360
10-26-18T19:12:10: Item Rows: 2370
10-26-18T19:12:11: Item Rows: 2380
10-26-18T19:12:11: Item Rows: 2390
10-26-18T19:12:11: Item Rows: 2400
10-26-18T19:12:12: Item Rows: 2410
10-26-18T19:12:12: Item Rows: 2420
10-26-18T19:12:13: Item Rows: 2430
10-26-18T19:12:13: Item Rows: 2440
10-26-18T19:12:14: Item Rows: 2450
10-26-18T19:12:14: Item Rows: 2460
10-26-18T19:12:14: Item Rows: 2470
10-26-18T19:12:15: Item Rows: 2480
10-26-18T19:12:15: Item Rows: 2490
10-26-18T19:12:15: Item Rows: 2500
10-26-18T19:12:16: Item Rows: 2510
10-26-18T19:12:16: Item Rows: 2520
10-26-18T19:12:16: Item Rows: 2530
10-26-18T19:12:17: Item Rows: 2540
10-26-18T19:12:17: Item Rows: 2550
10-26-18T19:12:18: Item Rows: 2560
10-26-18T19:12:18: Item Rows: 2570
10-26-18T19:12:18: Item Rows: 2580
10-26-18T19:12:19: Item Rows: 2590
10-26-18T19:12:19: Item Rows: 2600
10-26-18T19:12:20: Item Rows: 2610
10-26-18T19:12:20: Item Rows: 2620
10-26-18T19:12:20: Item Rows: 2630
10-26-18T19:12:21: Item Rows: 2640
10-26-18T19:12:21: Item Rows: 2650
10-26-18T19:12:21: Finished Department: 
10-26-18T19:12:21: Total Items: 2649
10-26-18T19:12:21: File created in working xls folder: Retail Item-GM15.xlsx
10-26-18T19:12:21: Moving file GM15.csv to Archive 
10-26-18T19:12:21: ...
10-26-18T19:12:21: Found Input File: GM19.csv
10-26-18T19:12:21: Department: 
10-26-18T19:12:25: Item Rows: 10
10-26-18T19:12:25: Item Rows: 20
10-26-18T19:12:26: Item Rows: 30
10-26-18T19:12:27: Item Rows: 40
10-26-18T19:12:27: Item Rows: 50
10-26-18T19:12:28: Item Rows: 60
10-26-18T19:12:28: Item Rows: 70
10-26-18T19:12:29: Item Rows: 80
10-26-18T19:12:29: Item Rows: 90
10-26-18T19:12:29: Item Rows: 100
10-26-18T19:12:30: Item Rows: 110
10-26-18T19:12:30: Item Rows: 120
10-26-18T19:12:31: Item Rows: 130
10-26-18T19:12:31: Item Rows: 140
10-26-18T19:12:32: Item Rows: 150
10-26-18T19:12:32: Item Rows: 160
10-26-18T19:12:33: Item Rows: 170
10-26-18T19:12:33: Item Rows: 180
10-26-18T19:12:33: Item Rows: 190
10-26-18T19:12:34: Item Rows: 200
10-26-18T19:12:34: Item Rows: 210
10-26-18T19:12:35: Item Rows: 220
10-26-18T19:12:35: Item Rows: 230
10-26-18T19:12:35: Item Rows: 240
10-26-18T19:12:36: Item Rows: 250
10-26-18T19:12:36: Item Rows: 260
10-26-18T19:12:37: Item Rows: 270
10-26-18T19:12:37: Item Rows: 280
10-26-18T19:12:38: Item Rows: 290
10-26-18T19:12:38: Item Rows: 300
10-26-18T19:12:39: Item Rows: 310
10-26-18T19:12:39: Item Rows: 320
10-26-18T19:12:40: Item Rows: 330
10-26-18T19:12:40: Item Rows: 340
10-26-18T19:12:40: Item Rows: 350
10-26-18T19:12:41: Item Rows: 360
10-26-18T19:12:41: Item Rows: 370
10-26-18T19:12:42: Item Rows: 380
10-26-18T19:12:42: Item Rows: 390
10-26-18T19:12:43: Item Rows: 400
10-26-18T19:12:43: Item Rows: 410
10-26-18T19:12:43: Item Rows: 420
10-26-18T19:12:44: Item Rows: 430
10-26-18T19:12:44: Item Rows: 440
10-26-18T19:12:45: Item Rows: 450
10-26-18T19:12:45: Item Rows: 460
10-26-18T19:12:45: Item Rows: 470
10-26-18T19:12:46: Item Rows: 480
10-26-18T19:12:46: Item Rows: 490
10-26-18T19:12:46: Item Rows: 500
10-26-18T19:12:47: Item Rows: 510
10-26-18T19:12:47: Item Rows: 520
10-26-18T19:12:48: Item Rows: 530
10-26-18T19:12:48: Item Rows: 540
10-26-18T19:12:49: Item Rows: 550
10-26-18T19:12:49: Item Rows: 560
10-26-18T19:12:49: Item Rows: 570
10-26-18T19:12:50: Item Rows: 580
10-26-18T19:12:50: Item Rows: 590
10-26-18T19:12:51: Item Rows: 600
10-26-18T19:12:51: Item Rows: 610
10-26-18T19:12:51: Item Rows: 620
10-26-18T19:12:52: Item Rows: 630
10-26-18T19:12:52: Item Rows: 640
10-26-18T19:12:53: Item Rows: 650
10-26-18T19:12:53: Item Rows: 660
10-26-18T19:12:53: Item Rows: 670
10-26-18T19:12:54: Item Rows: 680
10-26-18T19:12:54: Item Rows: 690
10-26-18T19:12:55: Item Rows: 700
10-26-18T19:12:55: Item Rows: 710
10-26-18T19:12:55: Item Rows: 720
10-26-18T19:12:56: Item Rows: 730
10-26-18T19:12:56: Item Rows: 740
10-26-18T19:12:56: Item Rows: 750
10-26-18T19:12:57: Item Rows: 760
10-26-18T19:12:57: Item Rows: 770
10-26-18T19:12:58: Item Rows: 780
10-26-18T19:12:58: Item Rows: 790
10-26-18T19:12:58: Item Rows: 800
10-26-18T19:12:59: Item Rows: 810
10-26-18T19:12:59: Item Rows: 820
10-26-18T19:13:00: Item Rows: 830
10-26-18T19:13:00: Item Rows: 840
10-26-18T19:13:01: Item Rows: 850
10-26-18T19:13:01: Item Rows: 860
10-26-18T19:13:01: Item Rows: 870
10-26-18T19:13:02: Item Rows: 880
10-26-18T19:13:02: Item Rows: 890
10-26-18T19:13:03: Item Rows: 900
10-26-18T19:13:03: Item Rows: 910
10-26-18T19:13:04: Item Rows: 920
10-26-18T19:13:04: Item Rows: 930
10-26-18T19:13:04: Item Rows: 940
10-26-18T19:13:05: Item Rows: 950
10-26-18T19:13:05: Item Rows: 960
10-26-18T19:13:06: Item Rows: 970
10-26-18T19:13:06: Item Rows: 980
10-26-18T19:13:07: Item Rows: 990
10-26-18T19:13:07: Item Rows: 1000
10-26-18T19:13:07: Item Rows: 1010
10-26-18T19:13:08: Item Rows: 1020
10-26-18T19:13:08: Item Rows: 1030
10-26-18T19:13:09: Item Rows: 1040
10-26-18T19:13:09: Item Rows: 1050
10-26-18T19:13:09: Item Rows: 1060
10-26-18T19:13:10: Item Rows: 1070
10-26-18T19:13:10: Item Rows: 1080
10-26-18T19:13:11: Item Rows: 1090
10-26-18T19:13:11: Item Rows: 1100
10-26-18T19:13:11: Item Rows: 1110
10-26-18T19:13:12: Item Rows: 1120
10-26-18T19:13:12: Item Rows: 1130
10-26-18T19:13:13: Item Rows: 1140
10-26-18T19:13:13: Item Rows: 1150
10-26-18T19:13:13: Item Rows: 1160
10-26-18T19:13:14: Item Rows: 1170
10-26-18T19:13:14: Item Rows: 1180
10-26-18T19:13:15: Item Rows: 1190
10-26-18T19:13:15: Item Rows: 1200
10-26-18T19:13:15: Item Rows: 1210
10-26-18T19:13:16: Item Rows: 1220
10-26-18T19:13:16: Item Rows: 1230
10-26-18T19:13:16: Item Rows: 1240
10-26-18T19:13:17: Item Rows: 1250
10-26-18T19:13:17: Item Rows: 1260
10-26-18T19:13:18: Item Rows: 1270
10-26-18T19:13:18: Item Rows: 1280
10-26-18T19:13:18: Item Rows: 1290
10-26-18T19:13:19: Item Rows: 1300
10-26-18T19:13:19: Item Rows: 1310
10-26-18T19:13:20: Item Rows: 1320
10-26-18T19:13:20: Item Rows: 1330
10-26-18T19:13:20: Item Rows: 1340
10-26-18T19:13:21: Item Rows: 1350
10-26-18T19:13:21: Item Rows: 1360
10-26-18T19:13:22: Item Rows: 1370
10-26-18T19:13:22: Item Rows: 1380
10-26-18T19:13:22: Item Rows: 1390
10-26-18T19:13:23: Item Rows: 1400
10-26-18T19:13:23: Item Rows: 1410
10-26-18T19:13:24: Item Rows: 1420
10-26-18T19:13:24: Item Rows: 1430
10-26-18T19:13:24: Item Rows: 1440
10-26-18T19:13:25: Item Rows: 1450
10-26-18T19:13:25: Item Rows: 1460
10-26-18T19:13:26: Item Rows: 1470
10-26-18T19:13:26: Item Rows: 1480
10-26-18T19:13:26: Item Rows: 1490
10-26-18T19:13:27: Item Rows: 1500
10-26-18T19:13:27: Item Rows: 1510
10-26-18T19:13:27: Item Rows: 1520
10-26-18T19:13:28: Item Rows: 1530
10-26-18T19:13:28: Item Rows: 1540
10-26-18T19:13:29: Item Rows: 1550
10-26-18T19:13:29: Item Rows: 1560
10-26-18T19:13:29: Item Rows: 1570
10-26-18T19:13:30: Item Rows: 1580
10-26-18T19:13:30: Item Rows: 1590
10-26-18T19:13:31: Item Rows: 1600
10-26-18T19:13:31: Item Rows: 1610
10-26-18T19:13:31: Item Rows: 1620
10-26-18T19:13:32: Item Rows: 1630
10-26-18T19:13:32: Item Rows: 1640
10-26-18T19:13:33: Item Rows: 1650
10-26-18T19:13:33: Item Rows: 1660
10-26-18T19:13:33: Item Rows: 1670
10-26-18T19:13:34: Item Rows: 1680
10-26-18T19:13:34: Item Rows: 1690
10-26-18T19:13:35: Item Rows: 1700
10-26-18T19:13:35: Item Rows: 1710
10-26-18T19:13:36: Item Rows: 1720
10-26-18T19:13:36: Item Rows: 1730
10-26-18T19:13:37: Item Rows: 1740
10-26-18T19:13:37: Item Rows: 1750
10-26-18T19:13:37: Item Rows: 1760
10-26-18T19:13:38: Item Rows: 1770
10-26-18T19:13:38: Item Rows: 1780
10-26-18T19:13:39: Item Rows: 1790
10-26-18T19:13:39: Item Rows: 1800
10-26-18T19:13:39: Item Rows: 1810
10-26-18T19:13:40: Item Rows: 1820
10-26-18T19:13:40: Item Rows: 1830
10-26-18T19:13:40: Item Rows: 1840
10-26-18T19:13:41: Item Rows: 1850
10-26-18T19:13:41: Item Rows: 1860
10-26-18T19:13:42: Item Rows: 1870
10-26-18T19:13:42: Item Rows: 1880
10-26-18T19:13:42: Item Rows: 1890
10-26-18T19:13:43: Item Rows: 1900
10-26-18T19:13:43: Item Rows: 1910
10-26-18T19:13:44: Item Rows: 1920
10-26-18T19:13:44: Item Rows: 1930
10-26-18T19:13:44: Item Rows: 1940
10-26-18T19:13:45: Item Rows: 1950
10-26-18T19:13:45: Item Rows: 1960
10-26-18T19:13:46: Item Rows: 1970
10-26-18T19:13:46: Item Rows: 1980
10-26-18T19:13:46: Item Rows: 1990
10-26-18T19:13:47: Item Rows: 2000
10-26-18T19:13:47: Item Rows: 2010
10-26-18T19:13:48: Item Rows: 2020
10-26-18T19:13:48: Item Rows: 2030
10-26-18T19:13:49: Item Rows: 2040
10-26-18T19:13:49: Item Rows: 2050
10-26-18T19:13:49: Item Rows: 2060
10-26-18T19:13:50: Item Rows: 2070
10-26-18T19:13:50: Item Rows: 2080
10-26-18T19:13:50: Item Rows: 2090
10-26-18T19:13:51: Item Rows: 2100
10-26-18T19:13:51: Item Rows: 2110
10-26-18T19:13:52: Item Rows: 2120
10-26-18T19:13:52: Item Rows: 2130
10-26-18T19:13:52: Item Rows: 2140
10-26-18T19:13:53: Item Rows: 2150
10-26-18T19:13:53: Item Rows: 2160
10-26-18T19:13:54: Item Rows: 2170
10-26-18T19:13:54: Item Rows: 2180
10-26-18T19:13:54: Item Rows: 2190
10-26-18T19:13:55: Item Rows: 2200
10-26-18T19:13:55: Item Rows: 2210
10-26-18T19:13:55: Item Rows: 2220
10-26-18T19:13:56: Item Rows: 2230
10-26-18T19:13:56: Item Rows: 2240
10-26-18T19:13:57: Item Rows: 2250
10-26-18T19:13:57: Item Rows: 2260
10-26-18T19:13:58: Item Rows: 2270
10-26-18T19:13:58: Item Rows: 2280
10-26-18T19:13:58: Item Rows: 2290
10-26-18T19:13:59: Item Rows: 2300
10-26-18T19:13:59: Item Rows: 2310
10-26-18T19:13:59: Item Rows: 2320
10-26-18T19:14:00: Item Rows: 2330
10-26-18T19:14:00: Item Rows: 2340
10-26-18T19:14:01: Item Rows: 2350
10-26-18T19:14:01: Item Rows: 2360
10-26-18T19:14:02: Item Rows: 2370
10-26-18T19:14:02: Item Rows: 2380
10-26-18T19:14:02: Item Rows: 2390
10-26-18T19:14:03: Item Rows: 2400
10-26-18T19:14:03: Item Rows: 2410
10-26-18T19:14:03: Item Rows: 2420
10-26-18T19:14:04: Item Rows: 2430
10-26-18T19:14:04: Item Rows: 2440
10-26-18T19:14:05: Item Rows: 2450
10-26-18T19:14:05: Item Rows: 2460
10-26-18T19:14:05: Item Rows: 2470
10-26-18T19:14:06: Item Rows: 2480
10-26-18T19:14:06: Item Rows: 2490
10-26-18T19:14:06: Item Rows: 2500
10-26-18T19:14:07: Item Rows: 2510
10-26-18T19:14:07: Item Rows: 2520
10-26-18T19:14:08: Item Rows: 2530
10-26-18T19:14:08: Item Rows: 2540
10-26-18T19:14:09: Item Rows: 2550
10-26-18T19:14:09: Item Rows: 2560
10-26-18T19:14:09: Item Rows: 2570
10-26-18T19:14:10: Item Rows: 2580
10-26-18T19:14:10: Finished Department: 
10-26-18T19:14:10: Total Items: 2575
10-26-18T19:14:10: File created in working xls folder: Retail Item-GM19.xlsx
10-26-18T19:14:10: Moving file GM19.csv to Archive 
10-26-18T19:14:10: ...
10-26-18T19:14:10: End Log
