04-16-19T10:02:37: Start Log
04-16-19T10:02:37: Processing File: Retail Item- Invalid Catgory items.xlsx
04-16-19T10:02:40: Finished File: Retail Item- Invalid Catgory items.xlsx
04-16-19T10:02:40: File created in final csv folder: Retail Item- Invalid Catgory items.csv
04-16-19T10:02:40: ...
04-16-19T10:02:40: Processing File: Retail Item-221 Sandwich_01.xlsx
04-16-19T10:02:43: Finished File: Retail Item-221 Sandwich_01.xlsx
04-16-19T10:02:43: File created in final csv folder: Retail Item-221 Sandwich_01.csv
04-16-19T10:02:43: ...
04-16-19T10:02:43: Processing File: Retail Item-401 Beer & Wine_01.xlsx
04-16-19T10:02:46: Finished File: Retail Item-401 Beer & Wine_01.xlsx
04-16-19T10:02:46: File created in final csv folder: Retail Item-401 Beer & Wine_01.csv
04-16-19T10:02:46: ...
04-16-19T10:02:46: Processing File: Retail Item-601 General Merchan_07.xlsx
04-16-19T10:02:49: Finished File: Retail Item-601 General Merchan_07.xlsx
04-16-19T10:02:49: File created in final csv folder: Retail Item-601 General Merchan_07.csv
04-16-19T10:02:49: ...
04-16-19T10:02:49: Processing File: Retail Item-707 Consignment - Foodservice_01.xlsx
04-16-19T10:02:52: Finished File: Retail Item-707 Consignment - Foodservice_01.xlsx
04-16-19T10:02:52: File created in final csv folder: Retail Item-707 Consignment - Foodservice_01.csv
04-16-19T10:02:52: ...
04-16-19T10:02:52: Processing File: Retail Item-77 Store Supplies_01.xlsx
04-16-19T10:02:54: Finished File: Retail Item-77 Store Supplies_01.xlsx
04-16-19T10:02:54: File created in final csv folder: Retail Item-77 Store Supplies_01.csv
04-16-19T10:02:54: ...
04-16-19T10:02:54: End Log
