04-04-19T22:11:43: Start Log
04-04-19T22:11:43: Processing File: Retail Item-221 Sandwich_02.xlsx
04-04-19T22:11:45: Finished File: Retail Item-221 Sandwich_02.xlsx
04-04-19T22:11:45: File created in final csv folder: Retail Item-221 Sandwich_02.csv
04-04-19T22:11:45: ...
04-04-19T22:11:45: Processing File: Retail Item-601 General Merchan_08.xlsx
04-04-19T22:11:48: Finished File: Retail Item-601 General Merchan_08.xlsx
04-04-19T22:11:48: File created in final csv folder: Retail Item-601 General Merchan_08.csv
04-04-19T22:11:48: ...
04-04-19T22:11:48: Processing File: Retail Item-601 General Merchan_09.xlsx
04-04-19T22:11:50: Finished File: Retail Item-601 General Merchan_09.xlsx
04-04-19T22:11:50: File created in final csv folder: Retail Item-601 General Merchan_09.csv
04-04-19T22:11:50: ...
04-04-19T22:11:50: Processing File: Retail Item-601 General Merchan_15.xlsx
04-04-19T22:11:53: Finished File: Retail Item-601 General Merchan_15.xlsx
04-04-19T22:11:53: File created in final csv folder: Retail Item-601 General Merchan_15.csv
04-04-19T22:11:53: ...
04-04-19T22:11:53: Processing File: Retail Item-601 General Merchan_16.xlsx
04-04-19T22:11:56: Finished File: Retail Item-601 General Merchan_16.xlsx
04-04-19T22:11:56: File created in final csv folder: Retail Item-601 General Merchan_16.csv
04-04-19T22:11:56: ...
04-04-19T22:11:56: End Log
