10-31-18T18:42:09: Start Log
10-31-18T18:42:09: Processing File: Retail Item-221 Sandwich_01.xlsx
10-31-18T18:42:11: Finished File: Retail Item-221 Sandwich_01.xlsx
10-31-18T18:42:11: File created in final csv folder: Retail Item-221 Sandwich_01.csv
10-31-18T18:42:11: ...
10-31-18T18:42:11: Processing File: Retail Item-221 Sandwich_02.xlsx
10-31-18T18:42:13: Finished File: Retail Item-221 Sandwich_02.xlsx
10-31-18T18:42:13: File created in final csv folder: Retail Item-221 Sandwich_02.csv
10-31-18T18:42:13: ...
10-31-18T18:42:13: Processing File: Retail Item-401 Beer & Wine_01.xlsx
10-31-18T18:42:16: Finished File: Retail Item-401 Beer & Wine_01.xlsx
10-31-18T18:42:16: File created in final csv folder: Retail Item-401 Beer & Wine_01.csv
10-31-18T18:42:16: ...
10-31-18T18:42:16: Processing File: Retail Item-401 Beer & Wine_02.xlsx
10-31-18T18:42:18: Finished File: Retail Item-401 Beer & Wine_02.xlsx
10-31-18T18:42:18: File created in final csv folder: Retail Item-401 Beer & Wine_02.csv
10-31-18T18:42:18: ...
10-31-18T18:42:18: Processing File: Retail Item-401 Beer & Wine_03.xlsx
10-31-18T18:42:21: Finished File: Retail Item-401 Beer & Wine_03.xlsx
10-31-18T18:42:21: File created in final csv folder: Retail Item-401 Beer & Wine_03.csv
10-31-18T18:42:21: ...
10-31-18T18:42:21: Processing File: Retail Item-401 Beer & Wine_04.xlsx
10-31-18T18:42:23: Finished File: Retail Item-401 Beer & Wine_04.xlsx
10-31-18T18:42:23: File created in final csv folder: Retail Item-401 Beer & Wine_04.csv
10-31-18T18:42:23: ...
10-31-18T18:42:23: Processing File: Retail Item-401 Beer & Wine_05.xlsx
10-31-18T18:42:25: Finished File: Retail Item-401 Beer & Wine_05.xlsx
10-31-18T18:42:25: File created in final csv folder: Retail Item-401 Beer & Wine_05.csv
10-31-18T18:42:25: ...
10-31-18T18:42:25: Processing File: Retail Item-501 Cigarettes_01.xlsx
10-31-18T18:42:27: Finished File: Retail Item-501 Cigarettes_01.xlsx
10-31-18T18:42:27: File created in final csv folder: Retail Item-501 Cigarettes_01.csv
10-31-18T18:42:27: ...
10-31-18T18:42:27: Processing File: Retail Item-501 Cigarettes_02.xlsx
10-31-18T18:42:29: Finished File: Retail Item-501 Cigarettes_02.xlsx
10-31-18T18:42:29: File created in final csv folder: Retail Item-501 Cigarettes_02.csv
10-31-18T18:42:29: ...
10-31-18T18:42:29: Processing File: Retail Item-501 Cigarettes_03.xlsx
10-31-18T18:42:32: Finished File: Retail Item-501 Cigarettes_03.xlsx
10-31-18T18:42:32: File created in final csv folder: Retail Item-501 Cigarettes_03.csv
10-31-18T18:42:32: ...
10-31-18T18:42:32: Processing File: Retail Item-501 Cigarettes_04.xlsx
10-31-18T18:42:35: Finished File: Retail Item-501 Cigarettes_04.xlsx
10-31-18T18:42:35: File created in final csv folder: Retail Item-501 Cigarettes_04.csv
10-31-18T18:42:35: ...
10-31-18T18:42:35: Processing File: Retail Item-511 Tourney_01.xlsx
10-31-18T18:42:37: Finished File: Retail Item-511 Tourney_01.xlsx
10-31-18T18:42:37: File created in final csv folder: Retail Item-511 Tourney_01.csv
10-31-18T18:42:37: ...
10-31-18T18:42:37: Processing File: Retail Item-601 General Merchan_01.xlsx
10-31-18T18:42:40: Finished File: Retail Item-601 General Merchan_01.xlsx
10-31-18T18:42:40: File created in final csv folder: Retail Item-601 General Merchan_01.csv
10-31-18T18:42:41: ...
10-31-18T18:42:41: Processing File: Retail Item-601 General Merchan_02.xlsx
10-31-18T18:42:43: Finished File: Retail Item-601 General Merchan_02.xlsx
10-31-18T18:42:43: File created in final csv folder: Retail Item-601 General Merchan_02.csv
10-31-18T18:42:43: ...
10-31-18T18:42:43: Processing File: Retail Item-601 General Merchan_03.xlsx
10-31-18T18:42:45: Finished File: Retail Item-601 General Merchan_03.xlsx
10-31-18T18:42:45: File created in final csv folder: Retail Item-601 General Merchan_03.csv
10-31-18T18:42:45: ...
10-31-18T18:42:45: Processing File: Retail Item-601 General Merchan_04.xlsx
10-31-18T18:42:48: Finished File: Retail Item-601 General Merchan_04.xlsx
10-31-18T18:42:48: File created in final csv folder: Retail Item-601 General Merchan_04.csv
10-31-18T18:42:48: ...
10-31-18T18:42:48: Processing File: Retail Item-601 General Merchan_05.xlsx
10-31-18T18:42:50: Finished File: Retail Item-601 General Merchan_05.xlsx
10-31-18T18:42:50: File created in final csv folder: Retail Item-601 General Merchan_05.csv
10-31-18T18:42:50: ...
10-31-18T18:42:50: Processing File: Retail Item-601 General Merchan_06.xlsx
10-31-18T18:42:53: Finished File: Retail Item-601 General Merchan_06.xlsx
10-31-18T18:42:53: File created in final csv folder: Retail Item-601 General Merchan_06.csv
10-31-18T18:42:53: ...
10-31-18T18:42:53: Processing File: Retail Item-601 General Merchan_07.xlsx
10-31-18T18:42:55: Finished File: Retail Item-601 General Merchan_07.xlsx
10-31-18T18:42:55: File created in final csv folder: Retail Item-601 General Merchan_07.csv
10-31-18T18:42:55: ...
10-31-18T18:42:55: Processing File: Retail Item-601 General Merchan_08.xlsx
10-31-18T18:42:58: Finished File: Retail Item-601 General Merchan_08.xlsx
10-31-18T18:42:58: File created in final csv folder: Retail Item-601 General Merchan_08.csv
10-31-18T18:42:58: ...
10-31-18T18:42:58: Processing File: Retail Item-601 General Merchan_09.xlsx
10-31-18T18:43:00: Finished File: Retail Item-601 General Merchan_09.xlsx
10-31-18T18:43:00: File created in final csv folder: Retail Item-601 General Merchan_09.csv
10-31-18T18:43:00: ...
10-31-18T18:43:00: Processing File: Retail Item-601 General Merchan_10.xlsx
10-31-18T18:43:03: Finished File: Retail Item-601 General Merchan_10.xlsx
10-31-18T18:43:03: File created in final csv folder: Retail Item-601 General Merchan_10.csv
10-31-18T18:43:03: ...
10-31-18T18:43:03: Processing File: Retail Item-601 General Merchan_11.xlsx
10-31-18T18:43:05: Finished File: Retail Item-601 General Merchan_11.xlsx
10-31-18T18:43:05: File created in final csv folder: Retail Item-601 General Merchan_11.csv
10-31-18T18:43:05: ...
10-31-18T18:43:05: Processing File: Retail Item-601 General Merchan_12.xlsx
10-31-18T18:43:07: Finished File: Retail Item-601 General Merchan_12.xlsx
10-31-18T18:43:07: File created in final csv folder: Retail Item-601 General Merchan_12.csv
10-31-18T18:43:07: ...
10-31-18T18:43:07: Processing File: Retail Item-601 General Merchan_13.xlsx
10-31-18T18:43:10: Finished File: Retail Item-601 General Merchan_13.xlsx
10-31-18T18:43:10: File created in final csv folder: Retail Item-601 General Merchan_13.csv
10-31-18T18:43:10: ...
10-31-18T18:43:10: Processing File: Retail Item-601 General Merchan_14.xlsx
10-31-18T18:43:12: Finished File: Retail Item-601 General Merchan_14.xlsx
10-31-18T18:43:12: File created in final csv folder: Retail Item-601 General Merchan_14.csv
10-31-18T18:43:12: ...
10-31-18T18:43:12: Processing File: Retail Item-601 General Merchan_15.xlsx
10-31-18T18:43:15: Finished File: Retail Item-601 General Merchan_15.xlsx
10-31-18T18:43:15: File created in final csv folder: Retail Item-601 General Merchan_15.csv
10-31-18T18:43:15: ...
10-31-18T18:43:15: Processing File: Retail Item-601 General Merchan_16.xlsx
10-31-18T18:43:17: Finished File: Retail Item-601 General Merchan_16.xlsx
10-31-18T18:43:17: File created in final csv folder: Retail Item-601 General Merchan_16.csv
10-31-18T18:43:17: ...
10-31-18T18:43:17: Processing File: Retail Item-601 General Merchan_17.xlsx
10-31-18T18:43:19: Finished File: Retail Item-601 General Merchan_17.xlsx
10-31-18T18:43:19: File created in final csv folder: Retail Item-601 General Merchan_17.csv
10-31-18T18:43:19: ...
10-31-18T18:43:20: Processing File: Retail Item-601 General Merchan_18.xlsx
10-31-18T18:43:22: Finished File: Retail Item-601 General Merchan_18.xlsx
10-31-18T18:43:22: File created in final csv folder: Retail Item-601 General Merchan_18.csv
10-31-18T18:43:22: ...
10-31-18T18:43:22: Processing File: Retail Item-601 General Merchan_19.xlsx
10-31-18T18:43:24: Finished File: Retail Item-601 General Merchan_19.xlsx
10-31-18T18:43:24: File created in final csv folder: Retail Item-601 General Merchan_19.csv
10-31-18T18:43:24: ...
10-31-18T18:43:24: Processing File: Retail Item-601 General Merchan_20.xlsx
10-31-18T18:43:26: Finished File: Retail Item-601 General Merchan_20.xlsx
10-31-18T18:43:26: File created in final csv folder: Retail Item-601 General Merchan_20.csv
10-31-18T18:43:26: ...
10-31-18T18:43:27: Processing File: Retail Item-601 General Merchan_21.xlsx
10-31-18T18:43:29: Finished File: Retail Item-601 General Merchan_21.xlsx
10-31-18T18:43:29: File created in final csv folder: Retail Item-601 General Merchan_21.csv
10-31-18T18:43:29: ...
10-31-18T18:43:29: Processing File: Retail Item-601 General Merchan_22.xlsx
10-31-18T18:43:31: Finished File: Retail Item-601 General Merchan_22.xlsx
10-31-18T18:43:31: File created in final csv folder: Retail Item-601 General Merchan_22.csv
10-31-18T18:43:31: ...
10-31-18T18:43:31: Processing File: Retail Item-601 General Merchan_23.xlsx
10-31-18T18:43:33: Finished File: Retail Item-601 General Merchan_23.xlsx
10-31-18T18:43:34: File created in final csv folder: Retail Item-601 General Merchan_23.csv
10-31-18T18:43:34: ...
10-31-18T18:43:34: Processing File: Retail Item-601 General Merchan_24.xlsx
10-31-18T18:43:36: Finished File: Retail Item-601 General Merchan_24.xlsx
10-31-18T18:43:36: File created in final csv folder: Retail Item-601 General Merchan_24.csv
10-31-18T18:43:36: ...
10-31-18T18:43:36: Processing File: Retail Item-601 General Merchan_25.xlsx
10-31-18T18:43:38: Finished File: Retail Item-601 General Merchan_25.xlsx
10-31-18T18:43:38: File created in final csv folder: Retail Item-601 General Merchan_25.csv
10-31-18T18:43:38: ...
10-31-18T18:43:38: Processing File: Retail Item-601 General Merchan_26.xlsx
10-31-18T18:43:41: Finished File: Retail Item-601 General Merchan_26.xlsx
10-31-18T18:43:41: File created in final csv folder: Retail Item-601 General Merchan_26.csv
10-31-18T18:43:41: ...
10-31-18T18:43:41: Processing File: Retail Item-601 General Merchan_27.xlsx
10-31-18T18:43:43: Finished File: Retail Item-601 General Merchan_27.xlsx
10-31-18T18:43:43: File created in final csv folder: Retail Item-601 General Merchan_27.csv
10-31-18T18:43:43: ...
10-31-18T18:43:43: Processing File: Retail Item-601 General Merchan_28.xlsx
10-31-18T18:43:45: Finished File: Retail Item-601 General Merchan_28.xlsx
10-31-18T18:43:45: File created in final csv folder: Retail Item-601 General Merchan_28.csv
10-31-18T18:43:45: ...
10-31-18T18:43:45: Processing File: Retail Item-601 General Merchan_29.xlsx
10-31-18T18:43:48: Finished File: Retail Item-601 General Merchan_29.xlsx
10-31-18T18:43:48: File created in final csv folder: Retail Item-601 General Merchan_29.csv
10-31-18T18:43:48: ...
10-31-18T18:43:48: Processing File: Retail Item-601 General Merchan_30.xlsx
10-31-18T18:43:50: Finished File: Retail Item-601 General Merchan_30.xlsx
10-31-18T18:43:50: File created in final csv folder: Retail Item-601 General Merchan_30.csv
10-31-18T18:43:50: ...
10-31-18T18:43:50: Processing File: Retail Item-601 General Merchan_31.xlsx
10-31-18T18:43:53: Finished File: Retail Item-601 General Merchan_31.xlsx
10-31-18T18:43:53: File created in final csv folder: Retail Item-601 General Merchan_31.csv
10-31-18T18:43:53: ...
10-31-18T18:43:53: Processing File: Retail Item-703 Sony MGM_01.xlsx
10-31-18T18:43:55: Finished File: Retail Item-703 Sony MGM_01.xlsx
10-31-18T18:43:55: File created in final csv folder: Retail Item-703 Sony MGM_01.csv
10-31-18T18:43:55: ...
10-31-18T18:43:55: Processing File: Retail Item-704 Incomm Prepaid Cards_01.xlsx
10-31-18T18:43:57: Finished File: Retail Item-704 Incomm Prepaid Cards_01.xlsx
10-31-18T18:43:57: File created in final csv folder: Retail Item-704 Incomm Prepaid Cards_01.csv
10-31-18T18:43:57: ...
10-31-18T18:43:57: Processing File: Retail Item-705 Netspend _01.xlsx
10-31-18T18:43:59: Finished File: Retail Item-705 Netspend _01.xlsx
10-31-18T18:43:59: File created in final csv folder: Retail Item-705 Netspend _01.csv
10-31-18T18:43:59: ...
10-31-18T18:44:00: Processing File: Retail Item-706 Consignment - Gen Mdse_01.xlsx
10-31-18T18:44:02: Finished File: Retail Item-706 Consignment - Gen Mdse_01.xlsx
10-31-18T18:44:02: File created in final csv folder: Retail Item-706 Consignment - Gen Mdse_01.csv
10-31-18T18:44:02: ...
10-31-18T18:44:02: Processing File: Retail Item-706 Consignment - Gen Mdse_02.xlsx
10-31-18T18:44:04: Finished File: Retail Item-706 Consignment - Gen Mdse_02.xlsx
10-31-18T18:44:04: File created in final csv folder: Retail Item-706 Consignment - Gen Mdse_02.csv
10-31-18T18:44:04: ...
10-31-18T18:44:04: Processing File: Retail Item-706 Consignment - Gen Mdse_03.xlsx
10-31-18T18:44:06: Finished File: Retail Item-706 Consignment - Gen Mdse_03.xlsx
10-31-18T18:44:07: File created in final csv folder: Retail Item-706 Consignment - Gen Mdse_03.csv
10-31-18T18:44:07: ...
10-31-18T18:44:07: Processing File: Retail Item-706 Consignment - Gen Mdse_04.xlsx
10-31-18T18:44:09: Finished File: Retail Item-706 Consignment - Gen Mdse_04.xlsx
10-31-18T18:44:09: File created in final csv folder: Retail Item-706 Consignment - Gen Mdse_04.csv
10-31-18T18:44:09: ...
10-31-18T18:44:09: Processing File: Retail Item-706 Consignment - Gen Mdse_05.xlsx
10-31-18T18:44:11: Finished File: Retail Item-706 Consignment - Gen Mdse_05.xlsx
10-31-18T18:44:11: File created in final csv folder: Retail Item-706 Consignment - Gen Mdse_05.csv
10-31-18T18:44:11: ...
10-31-18T18:44:11: Processing File: Retail Item-706 Consignment - Gen Mdse_06.xlsx
10-31-18T18:44:14: Finished File: Retail Item-706 Consignment - Gen Mdse_06.xlsx
10-31-18T18:44:14: File created in final csv folder: Retail Item-706 Consignment - Gen Mdse_06.csv
10-31-18T18:44:14: ...
10-31-18T18:44:14: Processing File: Retail Item-707 Consignment - Foodservice_01.xlsx
10-31-18T18:44:16: Finished File: Retail Item-707 Consignment - Foodservice_01.xlsx
10-31-18T18:44:16: File created in final csv folder: Retail Item-707 Consignment - Foodservice_01.csv
10-31-18T18:44:16: ...
10-31-18T18:44:16: Processing File: Retail Item-800 Miscellanous Sales_01.xlsx
10-31-18T18:44:18: Finished File: Retail Item-800 Miscellanous Sales_01.xlsx
10-31-18T18:44:18: File created in final csv folder: Retail Item-800 Miscellanous Sales_01.csv
10-31-18T18:44:18: ...
10-31-18T18:44:19: Processing File: Retail Item-901 Soft Drinks_01.xlsx
10-31-18T18:44:21: Finished File: Retail Item-901 Soft Drinks_01.xlsx
10-31-18T18:44:21: File created in final csv folder: Retail Item-901 Soft Drinks_01.csv
10-31-18T18:44:21: ...
10-31-18T18:44:21: Processing File: Retail Item-901 Soft Drinks_02.xlsx
10-31-18T18:44:23: Finished File: Retail Item-901 Soft Drinks_02.xlsx
10-31-18T18:44:23: File created in final csv folder: Retail Item-901 Soft Drinks_02.csv
10-31-18T18:44:23: ...
10-31-18T18:44:23: Processing File: Retail Item-901 Soft Drinks_03.xlsx
10-31-18T18:44:25: Finished File: Retail Item-901 Soft Drinks_03.xlsx
10-31-18T18:44:25: File created in final csv folder: Retail Item-901 Soft Drinks_03.csv
10-31-18T18:44:25: ...
10-31-18T18:44:25: Processing File: Retail Item-909 Loyalty Soft Drinks_01.xlsx
10-31-18T18:44:27: Finished File: Retail Item-909 Loyalty Soft Drinks_01.xlsx
10-31-18T18:44:27: File created in final csv folder: Retail Item-909 Loyalty Soft Drinks_01.csv
10-31-18T18:44:27: ...
10-31-18T18:44:27: Processing File: Retail Item-952 Containers_01.xlsx
10-31-18T18:44:30: Finished File: Retail Item-952 Containers_01.xlsx
10-31-18T18:44:30: File created in final csv folder: Retail Item-952 Containers_01.csv
10-31-18T18:44:30: ...
10-31-18T18:44:30: Processing File: Retail Item-PGA Prepaid Card-Activate_01.xlsx
10-31-18T18:44:32: Finished File: Retail Item-PGA Prepaid Card-Activate_01.xlsx
10-31-18T18:44:32: File created in final csv folder: Retail Item-PGA Prepaid Card-Activate_01.csv
10-31-18T18:44:32: ...
10-31-18T18:44:32: Processing File: Retail Item-T5 Post Office_01.xlsx
10-31-18T18:44:34: Finished File: Retail Item-T5 Post Office_01.xlsx
10-31-18T18:44:34: File created in final csv folder: Retail Item-T5 Post Office_01.csv
10-31-18T18:44:34: ...
10-31-18T18:44:34: Processing File: Retail Item-TRU Truth MC New _01.xlsx
10-31-18T18:44:36: Finished File: Retail Item-TRU Truth MC New _01.xlsx
10-31-18T18:44:36: File created in final csv folder: Retail Item-TRU Truth MC New _01.csv
10-31-18T18:44:36: ...
10-31-18T18:44:36: End Log
