04-19-19T15:26:51: Start Log
04-19-19T15:26:51: Processing File: Chuck.xlsx
04-19-19T15:26:52: Item Rows: 10, External Id: 10901
04-19-19T15:26:52: Finished File: Chuck.xlsx
04-19-19T15:26:52: File created in final csv folder: Chuck.csv
04-19-19T15:26:52: ...
04-19-19T15:26:52: Processing File: Retail Item-601 General Merchan_02.xlsx
04-19-19T15:26:55: Item Rows: 10, External Id: 10784
04-19-19T15:26:55: Item Rows: 20, External Id: 102464
04-19-19T15:26:55: Item Rows: 30, External Id: 119507
04-19-19T15:26:56: Item Rows: 40, External Id: 134648
04-19-19T15:26:56: Item Rows: 50, External Id: 146350
04-19-19T15:26:57: Item Rows: 60, External Id: 153759
04-19-19T15:26:57: Item Rows: 70, External Id: 157027
04-19-19T15:26:57: Item Rows: 80, External Id: 164357
04-19-19T15:26:58: Item Rows: 90, External Id: 16678
04-19-19T15:26:58: Item Rows: 100, External Id: 167753
04-19-19T15:26:59: Item Rows: 110, External Id: 43854
04-19-19T15:26:59: Item Rows: 120, External Id: 1020864
04-19-19T15:26:59: Item Rows: 130, External Id: 85946
04-19-19T15:27:00: Item Rows: 140, External Id: 91391
04-19-19T15:27:00: Item Rows: 150, External Id: 169262
04-19-19T15:27:01: Item Rows: 160, External Id: 174137
04-19-19T15:27:01: Item Rows: 170, External Id: 175401
04-19-19T15:27:01: Item Rows: 180, External Id: 1032431
04-19-19T15:27:02: Item Rows: 190, External Id: 179174
04-19-19T15:27:02: Item Rows: 200, External Id: 179851
04-19-19T15:27:02: Item Rows: 210, External Id: 180133
04-19-19T15:27:02: Item Rows: 220, External Id: 180133
04-19-19T15:27:03: Item Rows: 230, External Id: 180891
04-19-19T15:27:03: Item Rows: 240, External Id: 182445
04-19-19T15:27:03: Item Rows: 250, External Id: 183468
04-19-19T15:27:04: Item Rows: 260, External Id: 184903
04-19-19T15:27:04: Item Rows: 270, External Id: 186026
04-19-19T15:27:04: Item Rows: 280, External Id: 186596
04-19-19T15:27:05: Item Rows: 290, External Id: 187161
04-19-19T15:27:05: Item Rows: 300, External Id: 10027901
04-19-19T15:27:06: Item Rows: 310, External Id: 1044686
04-19-19T15:27:06: Item Rows: 320, External Id: 1045116
04-19-19T15:27:06: Item Rows: 330, External Id: 189320
04-19-19T15:27:07: Item Rows: 340, External Id: 190026
04-19-19T15:27:07: Item Rows: 350, External Id: 1046965
04-19-19T15:27:07: Item Rows: 360, External Id: 1047438
04-19-19T15:27:08: Item Rows: 370, External Id: 191892
04-19-19T15:27:08: Item Rows: 380, External Id: 192650
04-19-19T15:27:08: Item Rows: 390, External Id: 1050104
04-19-19T15:27:09: Item Rows: 400, External Id: 1050491
04-19-19T15:27:09: Item Rows: 410, External Id: 1051136
04-19-19T15:27:10: Item Rows: 420, External Id: 1052297
04-19-19T15:27:10: Item Rows: 430, External Id: 1052727
04-19-19T15:27:10: Item Rows: 440, External Id: 1053071
04-19-19T15:27:11: Item Rows: 450, External Id: 1054103
04-19-19T15:27:11: Item Rows: 460, External Id: 1054791
04-19-19T15:27:11: Item Rows: 470, External Id: 1055780
04-19-19T15:27:12: Item Rows: 480, External Id: 1056984
04-19-19T15:27:12: Item Rows: 490, External Id: 1058102
04-19-19T15:27:13: Item Rows: 500, External Id: 10167142
04-19-19T15:27:13: Item Rows: 510, External Id: 10025207
04-19-19T15:27:13: Item Rows: 520, External Id: 1064165
04-19-19T15:27:14: Item Rows: 530, External Id: 1065369
04-19-19T15:27:14: Item Rows: 540, External Id: 1066530
04-19-19T15:27:15: Item Rows: 550, External Id: 1067261
04-19-19T15:27:15: Item Rows: 560, External Id: 20000151
04-19-19T15:27:16: Item Rows: 570, External Id: 20000778
04-19-19T15:27:16: Item Rows: 580, External Id: 20001011
04-19-19T15:27:17: Item Rows: 590, External Id: 20001399
04-19-19T15:27:17: Item Rows: 600, External Id: 20001871
04-19-19T15:27:18: Item Rows: 610, External Id: 20005898
04-19-19T15:27:18: Item Rows: 620, External Id: 20005516
04-19-19T15:27:19: Item Rows: 630, External Id: 20005125
04-19-19T15:27:19: Item Rows: 640, External Id: 20004913
04-19-19T15:27:19: Item Rows: 650, External Id: 20006195
04-19-19T15:27:20: Item Rows: 660, External Id: 20003565
04-19-19T15:27:20: Item Rows: 670, External Id: 20004096
04-19-19T15:27:21: Item Rows: 680, External Id: 20004349
04-19-19T15:27:21: Item Rows: 690, External Id: 1076033
04-19-19T15:27:22: Item Rows: 700, External Id: 1078570
04-19-19T15:27:22: Item Rows: 710, External Id: 1079774
04-19-19T15:27:22: Item Rows: 720, External Id: 1081408
04-19-19T15:27:23: Item Rows: 730, External Id: 1082139
04-19-19T15:27:23: Item Rows: 740, External Id: 1083429
04-19-19T15:27:24: Item Rows: 750, External Id: 1084934
04-19-19T15:27:24: Item Rows: 760, External Id: 1086267
04-19-19T15:27:24: Item Rows: 770, External Id: 1087342
04-19-19T15:27:25: Item Rows: 780, External Id: 1089191
04-19-19T15:27:25: Item Rows: 790, External Id: 32004179
04-19-19T15:27:26: Item Rows: 800, External Id: 32005365
04-19-19T15:27:26: Item Rows: 810, External Id: 33000272
04-19-19T15:27:27: Item Rows: 820, External Id: 35002433
04-19-19T15:27:27: Item Rows: 830, External Id: 35002488
04-19-19T15:27:27: Item Rows: 840, External Id: 35002966
04-19-19T15:27:28: Item Rows: 850, External Id: 35001349
04-19-19T15:27:28: Item Rows: 860, External Id: 35001394
04-19-19T15:27:29: Item Rows: 870, External Id: 34800157
04-19-19T15:27:29: Item Rows: 880, External Id: 34800636
04-19-19T15:27:30: Item Rows: 890, External Id: 34801064
04-19-19T15:27:30: Item Rows: 900, External Id: 34801337
04-19-19T15:27:30: Item Rows: 910, External Id: 36000737
04-19-19T15:27:31: Item Rows: 920, External Id: 36001642
04-19-19T15:27:31: Item Rows: 930, External Id: 36001176
04-19-19T15:27:32: Item Rows: 940, External Id: 36002333
04-19-19T15:27:32: Item Rows: 950, External Id: 36002046
04-19-19T15:27:32: Item Rows: 960, External Id: 36010672
04-19-19T15:27:33: Item Rows: 970, External Id: 36011103
04-19-19T15:27:33: Item Rows: 980, External Id: 36002867
04-19-19T15:27:34: Item Rows: 990, External Id: 36011872
04-19-19T15:27:34: Item Rows: 1000, External Id: 36003697
04-19-19T15:27:35: Item Rows: 1010, External Id: 36004873
04-19-19T15:27:35: Item Rows: 1020, External Id: 36012042
04-19-19T15:27:36: Item Rows: 1030, External Id: 36012071
04-19-19T15:27:36: Item Rows: 1040, External Id: 36012219
04-19-19T15:27:37: Item Rows: 1050, External Id: 36004762
04-19-19T15:27:37: Item Rows: 1060, External Id: 36008849
04-19-19T15:27:38: Item Rows: 1070, External Id: 36005916
04-19-19T15:27:38: Item Rows: 1080, External Id: 36009084
04-19-19T15:27:39: Item Rows: 1090, External Id: 36006234
04-19-19T15:27:39: Item Rows: 1100, External Id: 36006369
04-19-19T15:27:39: Item Rows: 1110, External Id: 36005287
04-19-19T15:27:40: Item Rows: 1120, External Id: 36009294
04-19-19T15:27:40: Item Rows: 1130, External Id: 36006866
04-19-19T15:27:41: Item Rows: 1140, External Id: 36009987
04-19-19T15:27:41: Item Rows: 1150, External Id: 36013918
04-19-19T15:27:42: Item Rows: 1160, External Id: 36017494
04-19-19T15:27:42: Item Rows: 1170, External Id: 36015106
04-19-19T15:27:42: Item Rows: 1180, External Id: 36015908
04-19-19T15:27:43: Item Rows: 1190, External Id: 36016170
04-19-19T15:27:43: Item Rows: 1200, External Id: 36016899
04-19-19T15:27:44: Item Rows: 1210, External Id: 36015008
04-19-19T15:27:44: Item Rows: 1220, External Id: 36016293
04-19-19T15:27:45: Finished File: Retail Item-601 General Merchan_02.xlsx
04-19-19T15:27:45: File created in final csv folder: Retail Item-601 General Merchan_02.csv
04-19-19T15:27:45: ...
04-19-19T15:27:45: Processing File: Retail Item-601 General Merchan_03.xlsx
04-19-19T15:27:46: Item Rows: 10, External Id: 107842
04-19-19T15:27:47: Item Rows: 20, External Id: 11702
04-19-19T15:27:47: Item Rows: 30, External Id: 131915
04-19-19T15:27:47: Item Rows: 40, External Id: 14891
04-19-19T15:27:48: Item Rows: 50, External Id: 1009470
04-19-19T15:27:48: Item Rows: 60, External Id: 159519
04-19-19T15:27:49: Item Rows: 70, External Id: 1016608
04-19-19T15:27:49: Item Rows: 80, External Id: 28801
04-19-19T15:27:49: Item Rows: 90, External Id: 64329
04-19-19T15:27:50: Item Rows: 100, External Id: 71983
04-19-19T15:27:50: Item Rows: 110, External Id: 90227
04-19-19T15:27:50: Item Rows: 120, External Id: 170304
04-19-19T15:27:51: Item Rows: 130, External Id: 174325
04-19-19T15:27:51: Item Rows: 140, External Id: 175889
04-19-19T15:27:51: Item Rows: 150, External Id: 178061
04-19-19T15:27:52: Item Rows: 160, External Id: 179135
04-19-19T15:27:52: Item Rows: 170, External Id: 180615
04-19-19T15:27:52: Item Rows: 180, External Id: 181635
04-19-19T15:27:53: Item Rows: 190, External Id: 183371
04-19-19T15:27:53: Item Rows: 200, External Id: 185351
04-19-19T15:27:54: Item Rows: 210, External Id: 186552
04-19-19T15:27:54: Item Rows: 220, External Id: 1043827
04-19-19T15:27:55: Item Rows: 230, External Id: 10002932
04-19-19T15:27:55: Item Rows: 240, External Id: 188278
04-19-19T15:27:56: Item Rows: 250, External Id: 1045117
04-19-19T15:27:56: Item Rows: 260, External Id: 1045719
04-19-19T15:27:57: Item Rows: 270, External Id: 189894
04-19-19T15:27:57: Item Rows: 280, External Id: 1046751
04-19-19T15:27:57: Item Rows: 290, External Id: 190787
04-19-19T15:27:58: Item Rows: 300, External Id: 191335
04-19-19T15:27:58: Item Rows: 310, External Id: 191997
04-19-19T15:27:58: Item Rows: 320, External Id: 192694
04-19-19T15:27:59: Item Rows: 330, External Id: 1050406
04-19-19T15:27:59: Item Rows: 340, External Id: 1051051
04-19-19T15:28:00: Item Rows: 350, External Id: 1052169
04-19-19T15:28:00: Item Rows: 360, External Id: 1052556
04-19-19T15:28:00: Item Rows: 370, External Id: 1053115
04-19-19T15:28:01: Item Rows: 380, External Id: 1054018
04-19-19T15:28:01: Item Rows: 390, External Id: 1054663
04-19-19T15:28:02: Item Rows: 400, External Id: 1055566
04-19-19T15:28:02: Item Rows: 410, External Id: 1056254
04-19-19T15:28:02: Item Rows: 420, External Id: 1057286
04-19-19T15:28:03: Item Rows: 430, External Id: 10014882
04-19-19T15:28:03: Item Rows: 440, External Id: 10193570
04-19-19T15:28:03: Item Rows: 450, External Id: 1063779
04-19-19T15:28:04: Item Rows: 460, External Id: 1064467
04-19-19T15:28:04: Item Rows: 470, External Id: 1066273
04-19-19T15:28:05: Item Rows: 480, External Id: 1066918
04-19-19T15:28:05: Item Rows: 490, External Id: 1068036
04-19-19T15:28:05: Item Rows: 500, External Id: 20000370
04-19-19T15:28:06: Item Rows: 510, External Id: 20000804
04-19-19T15:28:06: Item Rows: 520, External Id: 20001227
04-19-19T15:28:07: Item Rows: 530, External Id: 1070530
04-19-19T15:28:07: Item Rows: 540, External Id: 20002130
04-19-19T15:28:08: Item Rows: 550, External Id: 20006410
04-19-19T15:28:08: Item Rows: 560, External Id: 20005439
04-19-19T15:28:08: Item Rows: 570, External Id: 20005445
04-19-19T15:28:09: Item Rows: 580, External Id: 20006024
04-19-19T15:28:09: Item Rows: 590, External Id: 20003435
04-19-19T15:28:10: Item Rows: 600, External Id: 20003880
04-19-19T15:28:10: Item Rows: 610, External Id: 20004242
04-19-19T15:28:11: Item Rows: 620, External Id: 1075561
04-19-19T15:28:11: Item Rows: 630, External Id: 1077023
04-19-19T15:28:12: Item Rows: 640, External Id: 1078958
04-19-19T15:28:12: Item Rows: 650, External Id: 1080721
04-19-19T15:28:12: Item Rows: 660, External Id: 1081538
04-19-19T15:28:13: Item Rows: 670, External Id: 1082355
04-19-19T15:28:13: Item Rows: 680, External Id: 1084247
04-19-19T15:28:13: Item Rows: 690, External Id: 1085365
04-19-19T15:28:14: Item Rows: 700, External Id: 1086354
04-19-19T15:28:14: Item Rows: 710, External Id: 1087773
04-19-19T15:28:15: Item Rows: 720, External Id: 1089106
04-19-19T15:28:15: Item Rows: 730, External Id: 32006439
04-19-19T15:28:16: Item Rows: 740, External Id: 32005469
04-19-19T15:28:16: Item Rows: 750, External Id: 1090740
04-19-19T15:28:17: Item Rows: 760, External Id: 35001813
04-19-19T15:28:17: Item Rows: 770, External Id: 35002407
04-19-19T15:28:18: Item Rows: 780, External Id: 35001482
04-19-19T15:28:18: Item Rows: 790, External Id: 35001212
04-19-19T15:28:19: Item Rows: 800, External Id: 35000429
04-19-19T15:28:19: Item Rows: 810, External Id: 34800199
04-19-19T15:28:20: Item Rows: 820, External Id: 33000631
04-19-19T15:28:20: Item Rows: 830, External Id: 34801248
04-19-19T15:28:21: Item Rows: 840, External Id: 1100286
04-19-19T15:28:21: Item Rows: 850, External Id: 36000738
04-19-19T15:28:22: Item Rows: 860, External Id: 36001000
04-19-19T15:28:22: Item Rows: 870, External Id: 36001274
04-19-19T15:28:22: Item Rows: 880, External Id: 36002606
04-19-19T15:28:23: Item Rows: 890, External Id: 36002073
04-19-19T15:28:23: Item Rows: 900, External Id: 36010673
04-19-19T15:28:24: Item Rows: 910, External Id: 36011104
04-19-19T15:28:24: Item Rows: 920, External Id: 36011482
04-19-19T15:28:25: Item Rows: 930, External Id: 36011873
04-19-19T15:28:25: Item Rows: 940, External Id: 36003748
04-19-19T15:28:26: Item Rows: 950, External Id: 36003499
04-19-19T15:28:27: Item Rows: 960, External Id: 36011970
04-19-19T15:28:28: Item Rows: 970, External Id: 36004991
04-19-19T15:28:28: Item Rows: 980, External Id: 36004022
04-19-19T15:28:30: Item Rows: 990, External Id: 36003911
04-19-19T15:28:31: Item Rows: 1000, External Id: 36003754
04-19-19T15:28:31: Item Rows: 1010, External Id: 36005706
04-19-19T15:28:32: Item Rows: 1020, External Id: 36006466
04-19-19T15:28:33: Item Rows: 1030, External Id: 36005583
04-19-19T15:28:34: Item Rows: 1040, External Id: 36006374
04-19-19T15:28:34: Item Rows: 1050, External Id: 36003424
04-19-19T15:28:35: Item Rows: 1060, External Id: 36009316
04-19-19T15:28:35: Item Rows: 1070, External Id: 36010491
04-19-19T15:28:36: Item Rows: 1080, External Id: 36010162
04-19-19T15:28:36: Item Rows: 1090, External Id: 36014168
04-19-19T15:28:38: Item Rows: 1100, External Id: 36014898
04-19-19T15:28:38: Item Rows: 1110, External Id: 36014504
04-19-19T15:28:39: Item Rows: 1120, External Id: 36015586
04-19-19T15:28:39: Item Rows: 1130, External Id: 36017249
04-19-19T15:28:40: Item Rows: 1140, External Id: 36015979
04-19-19T15:28:40: Item Rows: 1150, External Id: 36016501
04-19-19T15:28:40: Item Rows: 1160, External Id: 36016713
04-19-19T15:28:41: Finished File: Retail Item-601 General Merchan_03.xlsx
04-19-19T15:28:41: File created in final csv folder: Retail Item-601 General Merchan_03.csv
04-19-19T15:28:41: ...
04-19-19T15:28:41: End Log
