10-06-18T15:41:52: Start Log
10-06-18T15:41:55: Found Input File: Retail Item-601 General Merchan_01.csv
10-06-18T15:41:55: Department: 601 General Merchan
10-06-18T15:41:59: Item Rows: 10
10-06-18T15:42:00: Item Rows: 20
10-06-18T15:42:00: Item Rows: 30
10-06-18T15:42:01: Item Rows: 40
10-06-18T15:42:02: Item Rows: 50
10-06-18T15:42:03: Item Rows: 60
10-06-18T15:42:04: Item Rows: 70
10-06-18T15:42:04: Item Rows: 80
10-06-18T15:42:05: Item Rows: 90
10-06-18T15:42:06: Item Rows: 100
10-06-18T15:42:06: Item Rows: 110
10-06-18T15:42:07: Item Rows: 120
10-06-18T15:42:07: Item Rows: 130
10-06-18T15:42:08: Item Rows: 140
10-06-18T15:42:08: Item Rows: 150
10-06-18T15:42:09: Item Rows: 160
10-06-18T15:42:09: Item Rows: 170
10-06-18T15:42:10: Item Rows: 180
10-06-18T15:42:10: Item Rows: 190
10-06-18T15:42:11: Item Rows: 200
10-06-18T15:42:11: Item Rows: 210
10-06-18T15:42:12: Item Rows: 220
10-06-18T15:42:12: Item Rows: 230
10-06-18T15:42:12: Item Rows: 240
10-06-18T15:42:13: Item Rows: 250
10-06-18T15:42:13: Item Rows: 260
10-06-18T15:42:14: Item Rows: 270
10-06-18T15:42:14: Item Rows: 280
10-06-18T15:42:15: Item Rows: 290
10-06-18T15:42:16: Item Rows: 300
10-06-18T15:42:16: Item Rows: 310
10-06-18T15:42:17: Item Rows: 320
10-06-18T15:42:17: Item Rows: 330
10-06-18T15:42:18: Item Rows: 340
10-06-18T15:42:18: Item Rows: 350
10-06-18T15:42:19: Item Rows: 360
10-06-18T15:42:19: Item Rows: 370
10-06-18T15:42:20: Item Rows: 380
10-06-18T15:42:20: Item Rows: 390
10-06-18T15:42:21: Item Rows: 400
10-06-18T15:42:21: Item Rows: 410
10-06-18T15:42:22: Item Rows: 420
10-06-18T15:42:22: Item Rows: 430
10-06-18T15:42:23: Item Rows: 440
10-06-18T15:42:23: Item Rows: 450
10-06-18T15:42:24: Item Rows: 460
10-06-18T15:42:24: Item Rows: 470
10-06-18T15:42:25: Item Rows: 480
10-06-18T15:42:25: Item Rows: 490
10-06-18T15:42:26: Item Rows: 500
10-06-18T15:42:26: Item Rows: 510
10-06-18T15:42:27: Item Rows: 520
10-06-18T15:42:28: Item Rows: 530
10-06-18T15:42:28: Item Rows: 540
10-06-18T15:42:29: Item Rows: 550
10-06-18T15:42:30: Item Rows: 560
10-06-18T15:42:30: Item Rows: 570
10-06-18T15:42:31: Item Rows: 580
10-06-18T15:42:31: Item Rows: 590
10-06-18T15:42:32: Item Rows: 600
10-06-18T15:42:32: Item Rows: 610
10-06-18T15:42:32: Item Rows: 620
10-06-18T15:42:33: Item Rows: 630
10-06-18T15:42:33: Item Rows: 640
10-06-18T15:42:34: Item Rows: 650
10-06-18T15:42:34: Item Rows: 660
10-06-18T15:42:35: Item Rows: 670
10-06-18T15:42:35: Item Rows: 680
10-06-18T15:42:36: Item Rows: 690
10-06-18T15:42:36: Item Rows: 700
10-06-18T15:42:37: Item Rows: 710
10-06-18T15:42:37: Item Rows: 720
10-06-18T15:42:37: Item Rows: 730
10-06-18T15:42:38: Item Rows: 740
10-06-18T15:42:38: Item Rows: 750
10-06-18T15:42:39: Item Rows: 760
10-06-18T15:42:39: Item Rows: 770
10-06-18T15:42:40: Item Rows: 780
10-06-18T15:42:40: Item Rows: 790
10-06-18T15:42:41: Item Rows: 800
10-06-18T15:42:41: Item Rows: 810
10-06-18T15:42:41: Item Rows: 820
10-06-18T15:42:42: Item Rows: 830
10-06-18T15:42:42: Item Rows: 840
10-06-18T15:42:43: Item Rows: 850
10-06-18T15:42:43: Item Rows: 860
10-06-18T15:42:44: Item Rows: 870
10-06-18T15:42:44: Item Rows: 880
10-06-18T15:42:45: Item Rows: 890
10-06-18T15:42:45: Item Rows: 900
10-06-18T15:42:46: Item Rows: 910
10-06-18T15:42:46: Item Rows: 920
10-06-18T15:42:47: Item Rows: 930
10-06-18T15:42:47: Item Rows: 940
10-06-18T15:42:47: Item Rows: 950
10-06-18T15:42:48: Item Rows: 960
10-06-18T15:42:48: Item Rows: 970
10-06-18T15:42:49: Item Rows: 980
10-06-18T15:42:49: Item Rows: 990
10-06-18T15:42:50: Item Rows: 1000
10-06-18T15:42:50: Item Rows: 1010
10-06-18T15:42:51: Item Rows: 1020
10-06-18T15:42:51: Item Rows: 1030
10-06-18T15:42:52: Item Rows: 1040
10-06-18T15:42:52: Item Rows: 1050
10-06-18T15:42:52: Item Rows: 1060
10-06-18T15:42:53: Item Rows: 1070
10-06-18T15:42:53: Item Rows: 1080
10-06-18T15:42:54: Item Rows: 1090
10-06-18T15:42:54: Item Rows: 1100
10-06-18T15:42:55: Item Rows: 1110
10-06-18T15:42:55: Item Rows: 1120
10-06-18T15:42:56: Item Rows: 1130
10-06-18T15:42:56: Item Rows: 1140
10-06-18T15:42:56: Item Rows: 1150
10-06-18T15:42:57: Item Rows: 1160
10-06-18T15:42:57: Item Rows: 1170
10-06-18T15:42:58: Item Rows: 1180
10-06-18T15:42:58: Item Rows: 1190
10-06-18T15:42:59: Item Rows: 1200
10-06-18T15:42:59: Item Rows: 1210
10-06-18T15:43:00: Item Rows: 1220
10-06-18T15:43:00: Item Rows: 1230
10-06-18T15:43:00: Item Rows: 1240
10-06-18T15:43:01: Item Rows: 1250
10-06-18T15:43:01: Item Rows: 1260
10-06-18T15:43:02: Item Rows: 1270
10-06-18T15:43:02: Item Rows: 1280
10-06-18T15:43:03: Item Rows: 1290
10-06-18T15:43:04: Item Rows: 1300
10-06-18T15:43:04: Item Rows: 1310
10-06-18T15:43:05: Item Rows: 1320
10-06-18T15:43:05: Item Rows: 1330
10-06-18T15:43:06: Item Rows: 1340
10-06-18T15:43:06: Item Rows: 1350
10-06-18T15:43:06: Item Rows: 1360
10-06-18T15:43:07: Item Rows: 1370
10-06-18T15:43:07: Item Rows: 1380
10-06-18T15:43:08: Item Rows: 1390
10-06-18T15:43:08: Item Rows: 1400
10-06-18T15:43:09: Item Rows: 1410
10-06-18T15:43:09: Item Rows: 1420
10-06-18T15:43:10: Item Rows: 1430
10-06-18T15:43:11: Item Rows: 1440
10-06-18T15:43:11: Item Rows: 1450
10-06-18T15:43:12: Item Rows: 1460
10-06-18T15:43:13: Item Rows: 1470
10-06-18T15:43:13: Item Rows: 1480
10-06-18T15:43:13: Item Rows: 1490
10-06-18T15:43:14: Item Rows: 1500
10-06-18T15:43:14: Item Rows: 1510
10-06-18T15:43:15: Item Rows: 1520
10-06-18T15:43:15: Item Rows: 1530
10-06-18T15:43:16: Item Rows: 1540
10-06-18T15:43:16: Item Rows: 1550
10-06-18T15:43:17: Item Rows: 1560
10-06-18T15:43:17: Item Rows: 1570
10-06-18T15:43:18: Item Rows: 1580
10-06-18T15:43:18: Item Rows: 1590
10-06-18T15:43:19: Item Rows: 1600
10-06-18T15:43:19: Item Rows: 1610
10-06-18T15:43:20: Item Rows: 1620
10-06-18T15:43:20: Item Rows: 1630
10-06-18T15:43:21: Item Rows: 1640
10-06-18T15:43:21: Item Rows: 1650
10-06-18T15:43:22: Item Rows: 1660
10-06-18T15:43:22: Item Rows: 1670
10-06-18T15:43:23: Item Rows: 1680
10-06-18T15:43:23: Item Rows: 1690
10-06-18T15:43:24: Item Rows: 1700
10-06-18T15:43:24: Item Rows: 1710
10-06-18T15:43:25: Item Rows: 1720
10-06-18T15:43:25: Item Rows: 1730
10-06-18T15:43:26: Item Rows: 1740
10-06-18T15:43:26: Item Rows: 1750
10-06-18T15:43:26: Item Rows: 1760
10-06-18T15:43:27: Item Rows: 1770
10-06-18T15:43:27: Item Rows: 1780
10-06-18T15:43:28: Item Rows: 1790
10-06-18T15:43:28: Item Rows: 1800
10-06-18T15:43:29: Item Rows: 1810
10-06-18T15:43:29: Item Rows: 1820
10-06-18T15:43:30: Item Rows: 1830
10-06-18T15:43:30: Item Rows: 1840
10-06-18T15:43:30: Item Rows: 1850
10-06-18T15:43:31: Item Rows: 1860
10-06-18T15:43:31: Item Rows: 1870
10-06-18T15:43:32: Item Rows: 1880
10-06-18T15:43:32: Item Rows: 1890
10-06-18T15:43:33: Item Rows: 1900
10-06-18T15:43:33: Item Rows: 1910
10-06-18T15:43:34: Item Rows: 1920
10-06-18T15:43:34: Item Rows: 1930
10-06-18T15:43:35: Item Rows: 1940
10-06-18T15:43:35: Item Rows: 1950
10-06-18T15:43:36: Item Rows: 1960
10-06-18T15:43:36: Item Rows: 1970
10-06-18T15:43:37: Item Rows: 1980
10-06-18T15:43:37: Item Rows: 1990
10-06-18T15:43:38: Item Rows: 2000
10-06-18T15:43:38: Item Rows: 2010
10-06-18T15:43:39: Item Rows: 2020
10-06-18T15:43:39: Item Rows: 2030
10-06-18T15:43:40: Item Rows: 2040
10-06-18T15:43:40: Item Rows: 2050
10-06-18T15:43:40: Item Rows: 2060
10-06-18T15:43:41: Item Rows: 2070
10-06-18T15:43:41: Item Rows: 2080
10-06-18T15:43:42: Item Rows: 2090
10-06-18T15:43:42: Item Rows: 2100
10-06-18T15:43:43: Item Rows: 2110
10-06-18T15:43:43: Item Rows: 2120
10-06-18T15:43:44: Item Rows: 2130
10-06-18T15:43:44: Item Rows: 2140
10-06-18T15:43:45: Item Rows: 2150
10-06-18T15:43:45: Item Rows: 2160
10-06-18T15:43:46: Item Rows: 2170
10-06-18T15:43:46: Item Rows: 2180
10-06-18T15:43:47: Item Rows: 2190
10-06-18T15:43:47: Item Rows: 2200
10-06-18T15:43:48: Item Rows: 2210
10-06-18T15:43:48: Item Rows: 2220
10-06-18T15:43:49: Item Rows: 2230
10-06-18T15:43:49: Item Rows: 2240
10-06-18T15:43:49: Item Rows: 2250
10-06-18T15:43:50: Item Rows: 2260
10-06-18T15:43:50: Item Rows: 2270
10-06-18T15:43:51: Item Rows: 2280
10-06-18T15:43:51: Item Rows: 2290
10-06-18T15:43:52: Item Rows: 2300
10-06-18T15:43:52: Item Rows: 2310
10-06-18T15:43:53: Item Rows: 2320
10-06-18T15:43:53: Item Rows: 2330
10-06-18T15:43:54: Item Rows: 2340
10-06-18T15:43:54: Item Rows: 2350
10-06-18T15:43:55: Item Rows: 2360
10-06-18T15:43:55: Item Rows: 2370
10-06-18T15:43:55: Item Rows: 2380
10-06-18T15:43:56: Item Rows: 2390
10-06-18T15:43:56: Item Rows: 2400
10-06-18T15:43:57: Item Rows: 2410
10-06-18T15:43:57: Item Rows: 2420
10-06-18T15:43:58: Item Rows: 2430
10-06-18T15:43:58: Item Rows: 2440
10-06-18T15:43:59: Item Rows: 2450
10-06-18T15:43:59: Item Rows: 2460
10-06-18T15:44:00: Item Rows: 2470
10-06-18T15:44:00: Item Rows: 2480
10-06-18T15:44:00: Item Rows: 2490
10-06-18T15:44:01: Item Rows: 2500
10-06-18T15:44:01: Item Rows: 2510
10-06-18T15:44:02: Item Rows: 2520
10-06-18T15:44:03: Item Rows: 2530
10-06-18T15:44:03: Item Rows: 2540
10-06-18T15:44:04: Item Rows: 2550
10-06-18T15:44:04: Item Rows: 2560
10-06-18T15:44:05: Item Rows: 2570
10-06-18T15:44:06: Item Rows: 2580
10-06-18T15:44:07: Finished Department: 601 General Merchan
10-06-18T15:44:07: Total Items: 2582
10-06-18T15:44:07: File created in working xls folder: Retail Item-Retail Item-601 General Merchan_01.xlsx
10-06-18T15:44:07: Moving file Retail Item-601 General Merchan_01.csv to Archive 
10-06-18T15:44:07: ...
10-06-18T15:44:07: End Log
