10-06-18T15:48:05: Start Log
10-06-18T15:48:05: Found Input File: Retail Item-601 General Merchan_01.csv
10-06-18T15:48:05: Department: 601 General Merchan
10-06-18T15:48:08: Item Rows: 10
10-06-18T15:48:09: Item Rows: 20
10-06-18T15:48:09: Item Rows: 30
10-06-18T15:48:10: Item Rows: 40
10-06-18T15:48:10: Item Rows: 50
10-06-18T15:48:11: Item Rows: 60
10-06-18T15:48:11: Item Rows: 70
10-06-18T15:48:12: Item Rows: 80
10-06-18T15:48:12: Item Rows: 90
10-06-18T15:48:13: Item Rows: 100
10-06-18T15:48:13: Item Rows: 110
10-06-18T15:48:14: Item Rows: 120
10-06-18T15:48:14: Item Rows: 130
10-06-18T15:48:15: Item Rows: 140
10-06-18T15:48:15: Item Rows: 150
10-06-18T15:48:16: Item Rows: 160
10-06-18T15:48:16: Item Rows: 170
10-06-18T15:48:17: Item Rows: 180
10-06-18T15:48:17: Item Rows: 190
10-06-18T15:48:17: Item Rows: 200
10-06-18T15:48:18: Item Rows: 210
10-06-18T15:48:18: Item Rows: 220
10-06-18T15:48:19: Item Rows: 230
10-06-18T15:48:19: Item Rows: 240
10-06-18T15:48:20: Item Rows: 250
10-06-18T15:48:20: Item Rows: 260
10-06-18T15:48:21: Item Rows: 270
10-06-18T15:48:21: Item Rows: 280
10-06-18T15:48:22: Item Rows: 290
10-06-18T15:48:22: Item Rows: 300
10-06-18T15:48:22: Item Rows: 310
10-06-18T15:48:23: Item Rows: 320
10-06-18T15:48:23: Item Rows: 330
10-06-18T15:48:24: Item Rows: 340
10-06-18T15:48:24: Item Rows: 350
10-06-18T15:48:25: Item Rows: 360
10-06-18T15:48:25: Item Rows: 370
10-06-18T15:48:26: Item Rows: 380
10-06-18T15:48:26: Item Rows: 390
10-06-18T15:48:27: Item Rows: 400
10-06-18T15:48:27: Item Rows: 410
10-06-18T15:48:27: Item Rows: 420
10-06-18T15:48:28: Item Rows: 430
10-06-18T15:48:28: Item Rows: 440
10-06-18T15:48:29: Item Rows: 450
10-06-18T15:48:29: Item Rows: 460
10-06-18T15:48:30: Item Rows: 470
10-06-18T15:48:30: Item Rows: 480
10-06-18T15:48:31: Item Rows: 490
10-06-18T15:48:31: Item Rows: 500
10-06-18T15:48:32: Item Rows: 510
10-06-18T15:48:32: Item Rows: 520
10-06-18T15:48:32: Item Rows: 530
10-06-18T15:48:33: Item Rows: 540
10-06-18T15:48:33: Item Rows: 550
10-06-18T15:48:34: Item Rows: 560
10-06-18T15:48:34: Item Rows: 570
10-06-18T15:48:35: Item Rows: 580
10-06-18T15:48:35: Item Rows: 590
10-06-18T15:48:36: Item Rows: 600
10-06-18T15:48:36: Item Rows: 610
10-06-18T15:48:36: Item Rows: 620
10-06-18T15:48:37: Item Rows: 630
10-06-18T15:48:37: Item Rows: 640
10-06-18T15:48:38: Item Rows: 650
10-06-18T15:48:38: Item Rows: 660
10-06-18T15:48:39: Item Rows: 670
10-06-18T15:48:40: Item Rows: 680
10-06-18T15:48:40: Item Rows: 690
10-06-18T15:48:41: Item Rows: 700
10-06-18T15:48:41: Item Rows: 710
10-06-18T15:48:41: Item Rows: 720
10-06-18T15:48:42: Item Rows: 730
10-06-18T15:48:42: Item Rows: 740
10-06-18T15:48:43: Item Rows: 750
10-06-18T15:48:43: Item Rows: 760
10-06-18T15:48:44: Item Rows: 770
10-06-18T15:48:44: Item Rows: 780
10-06-18T15:48:45: Item Rows: 790
10-06-18T15:48:45: Item Rows: 800
10-06-18T15:48:46: Item Rows: 810
10-06-18T15:48:46: Item Rows: 820
10-06-18T15:48:47: Item Rows: 830
10-06-18T15:48:47: Item Rows: 840
10-06-18T15:48:47: Item Rows: 850
10-06-18T15:48:48: Item Rows: 860
10-06-18T15:48:48: Item Rows: 870
10-06-18T15:48:49: Item Rows: 880
10-06-18T15:48:49: Item Rows: 890
10-06-18T15:48:50: Item Rows: 900
10-06-18T15:48:50: Item Rows: 910
10-06-18T15:48:51: Item Rows: 920
10-06-18T15:48:51: Item Rows: 930
10-06-18T15:48:52: Item Rows: 940
10-06-18T15:48:52: Item Rows: 950
10-06-18T15:48:53: Item Rows: 960
10-06-18T15:48:53: Item Rows: 970
10-06-18T15:48:54: Item Rows: 980
10-06-18T15:48:54: Item Rows: 990
10-06-18T15:48:54: Item Rows: 1000
10-06-18T15:48:55: Item Rows: 1010
10-06-18T15:48:55: Item Rows: 1020
10-06-18T15:48:56: Item Rows: 1030
10-06-18T15:48:56: Item Rows: 1040
10-06-18T15:48:58: Item Rows: 1050
10-06-18T15:48:58: Item Rows: 1060
10-06-18T15:48:59: Item Rows: 1070
10-06-18T15:48:59: Item Rows: 1080
10-06-18T15:49:00: Item Rows: 1090
10-06-18T15:49:00: Item Rows: 1100
10-06-18T15:49:01: Item Rows: 1110
10-06-18T15:49:02: Item Rows: 1120
10-06-18T15:49:02: Item Rows: 1130
10-06-18T15:49:03: Item Rows: 1140
10-06-18T15:49:03: Item Rows: 1150
10-06-18T15:49:04: Item Rows: 1160
10-06-18T15:49:05: Item Rows: 1170
10-06-18T15:49:06: Item Rows: 1180
10-06-18T15:49:06: Item Rows: 1190
10-06-18T15:49:07: Item Rows: 1200
10-06-18T15:49:07: Item Rows: 1210
10-06-18T15:49:07: Item Rows: 1220
10-06-18T15:49:08: Item Rows: 1230
10-06-18T15:49:08: Item Rows: 1240
10-06-18T15:49:09: Item Rows: 1250
10-06-18T15:49:09: Item Rows: 1260
10-06-18T15:49:10: Item Rows: 1270
10-06-18T15:49:10: Item Rows: 1280
10-06-18T15:49:11: Item Rows: 1290
10-06-18T15:49:11: Item Rows: 1300
10-06-18T15:49:12: Item Rows: 1310
10-06-18T15:49:12: Item Rows: 1320
10-06-18T15:49:13: Item Rows: 1330
10-06-18T15:49:13: Item Rows: 1340
10-06-18T15:49:13: Item Rows: 1350
10-06-18T15:49:14: Item Rows: 1360
10-06-18T15:49:14: Item Rows: 1370
10-06-18T15:49:15: Item Rows: 1380
10-06-18T15:49:15: Item Rows: 1390
10-06-18T15:49:16: Item Rows: 1400
10-06-18T15:49:16: Item Rows: 1410
10-06-18T15:49:17: Item Rows: 1420
10-06-18T15:49:17: Item Rows: 1430
10-06-18T15:49:18: Item Rows: 1440
10-06-18T15:49:18: Item Rows: 1450
10-06-18T15:49:18: Item Rows: 1460
10-06-18T15:49:19: Item Rows: 1470
10-06-18T15:49:19: Item Rows: 1480
10-06-18T15:49:20: Item Rows: 1490
10-06-18T15:49:20: Item Rows: 1500
10-06-18T15:49:21: Item Rows: 1510
10-06-18T15:49:21: Item Rows: 1520
10-06-18T15:49:21: Item Rows: 1530
10-06-18T15:49:22: Item Rows: 1540
10-06-18T15:49:22: Item Rows: 1550
10-06-18T15:49:23: Item Rows: 1560
10-06-18T15:49:23: Item Rows: 1570
10-06-18T15:49:24: Item Rows: 1580
10-06-18T15:49:24: Item Rows: 1590
10-06-18T15:49:24: Item Rows: 1600
10-06-18T15:49:25: Item Rows: 1610
10-06-18T15:49:25: Item Rows: 1620
10-06-18T15:49:26: Item Rows: 1630
10-06-18T15:49:26: Item Rows: 1640
10-06-18T15:49:27: Item Rows: 1650
10-06-18T15:49:27: Item Rows: 1660
10-06-18T15:49:28: Item Rows: 1670
10-06-18T15:49:28: Item Rows: 1680
10-06-18T15:49:28: Item Rows: 1690
10-06-18T15:49:29: Item Rows: 1700
10-06-18T15:49:29: Item Rows: 1710
10-06-18T15:49:30: Item Rows: 1720
10-06-18T15:49:30: Item Rows: 1730
10-06-18T15:49:31: Item Rows: 1740
10-06-18T15:49:31: Item Rows: 1750
10-06-18T15:49:31: Item Rows: 1760
10-06-18T15:49:32: Item Rows: 1770
10-06-18T15:49:32: Item Rows: 1780
10-06-18T15:49:33: Item Rows: 1790
10-06-18T15:49:33: Item Rows: 1800
10-06-18T15:49:34: Item Rows: 1810
10-06-18T15:49:34: Item Rows: 1820
10-06-18T15:49:35: Item Rows: 1830
10-06-18T15:49:35: Item Rows: 1840
10-06-18T15:49:35: Item Rows: 1850
10-06-18T15:49:36: Item Rows: 1860
10-06-18T15:49:36: Item Rows: 1870
10-06-18T15:49:37: Item Rows: 1880
10-06-18T15:49:37: Item Rows: 1890
10-06-18T15:49:38: Item Rows: 1900
10-06-18T15:49:38: Item Rows: 1910
10-06-18T15:49:39: Item Rows: 1920
10-06-18T15:49:39: Item Rows: 1930
10-06-18T15:49:39: Item Rows: 1940
10-06-18T15:49:40: Item Rows: 1950
10-06-18T15:49:40: Item Rows: 1960
10-06-18T15:49:41: Item Rows: 1970
10-06-18T15:49:41: Item Rows: 1980
10-06-18T15:49:42: Item Rows: 1990
10-06-18T15:49:42: Item Rows: 2000
10-06-18T15:49:43: Item Rows: 2010
10-06-18T15:49:43: Item Rows: 2020
10-06-18T15:49:44: Item Rows: 2030
10-06-18T15:49:44: Item Rows: 2040
10-06-18T15:49:44: Item Rows: 2050
10-06-18T15:49:45: Item Rows: 2060
10-06-18T15:49:45: Item Rows: 2070
10-06-18T15:49:46: Item Rows: 2080
10-06-18T15:49:46: Item Rows: 2090
10-06-18T15:49:47: Item Rows: 2100
10-06-18T15:49:47: Item Rows: 2110
10-06-18T15:49:48: Item Rows: 2120
10-06-18T15:49:48: Item Rows: 2130
10-06-18T15:49:49: Item Rows: 2140
10-06-18T15:49:49: Item Rows: 2150
10-06-18T15:49:49: Item Rows: 2160
10-06-18T15:49:50: Item Rows: 2170
10-06-18T15:49:50: Item Rows: 2180
10-06-18T15:49:51: Item Rows: 2190
10-06-18T15:49:51: Item Rows: 2200
10-06-18T15:49:52: Item Rows: 2210
10-06-18T15:49:52: Item Rows: 2220
10-06-18T15:49:53: Item Rows: 2230
10-06-18T15:49:53: Item Rows: 2240
10-06-18T15:49:53: Item Rows: 2250
10-06-18T15:49:54: Item Rows: 2260
10-06-18T15:49:55: Item Rows: 2270
10-06-18T15:49:55: Item Rows: 2280
10-06-18T15:49:55: Item Rows: 2290
10-06-18T15:49:56: Item Rows: 2300
10-06-18T15:49:56: Item Rows: 2310
10-06-18T15:49:57: Item Rows: 2320
10-06-18T15:49:57: Item Rows: 2330
10-06-18T15:49:58: Item Rows: 2340
10-06-18T15:49:58: Item Rows: 2350
10-06-18T15:49:59: Item Rows: 2360
10-06-18T15:49:59: Item Rows: 2370
10-06-18T15:50:00: Item Rows: 2380
10-06-18T15:50:00: Item Rows: 2390
10-06-18T15:50:01: Item Rows: 2400
10-06-18T15:50:01: Item Rows: 2410
10-06-18T15:50:01: Item Rows: 2420
10-06-18T15:50:02: Item Rows: 2430
10-06-18T15:50:02: Item Rows: 2440
10-06-18T15:50:03: Item Rows: 2450
10-06-18T15:50:03: Item Rows: 2460
10-06-18T15:50:04: Item Rows: 2470
10-06-18T15:50:04: Item Rows: 2480
10-06-18T15:50:05: Item Rows: 2490
10-06-18T15:50:05: Item Rows: 2500
10-06-18T15:50:06: Item Rows: 2510
10-06-18T15:50:07: Item Rows: 2520
10-06-18T15:50:07: Item Rows: 2530
10-06-18T15:50:07: Item Rows: 2540
10-06-18T15:50:08: Item Rows: 2550
10-06-18T15:50:08: Item Rows: 2560
10-06-18T15:50:09: Item Rows: 2570
10-06-18T15:50:09: Item Rows: 2580
10-06-18T15:50:10: Finished Department: 601 General Merchan
10-06-18T15:50:10: Total Items: 2582
10-06-18T15:50:10: File created in working xls folder: Retail Item-Retail Item-601 General Merchan_01.xlsx
10-06-18T15:50:10: Moving file Retail Item-601 General Merchan_01.csv to Archive 
10-06-18T15:50:10: ...
10-06-18T15:50:10: End Log
