08-29-18T17:27:07: Start Log
08-29-18T17:27:07: Found Input File: C:\Users\chuck\Documents\ROC\Data Extraction and Loading\Import Files\Retail Item\FinalCSV\Retail Item-601 General Merchan_01.csv
08-29-18T17:27:07: Items Rows: 10
08-29-18T17:27:07: Items Rows: 20
08-29-18T17:27:07: Items Rows: 30
08-29-18T17:27:07: Items Rows: 40
08-29-18T17:27:07: Items Rows: 50
08-29-18T17:27:07: Items Rows: 60
08-29-18T17:27:07: Items Rows: 70
08-29-18T17:27:07: Items Rows: 80
08-29-18T17:27:07: Items Rows: 90
08-29-18T17:27:07: Items Rows: 100
08-29-18T17:27:07: Items Rows: 110
08-29-18T17:27:07: Items Rows: 120
08-29-18T17:27:07: Items Rows: 130
08-29-18T17:27:07: Items Rows: 140
08-29-18T17:27:07: Items Rows: 150
08-29-18T17:27:07: Items Rows: 160
08-29-18T17:27:07: Items Rows: 170
08-29-18T17:27:07: Items Rows: 180
08-29-18T17:27:07: Items Rows: 190
08-29-18T17:27:07: Items Rows: 200
08-29-18T17:27:07: Items Rows: 210
08-29-18T17:27:07: Items Rows: 220
08-29-18T17:27:07: Items Rows: 230
08-29-18T17:27:07: Items Rows: 240
08-29-18T17:27:07: Items Rows: 250
08-29-18T17:27:07: Items Rows: 260
08-29-18T17:27:07: Items Rows: 270
08-29-18T17:27:07: Items Rows: 280
08-29-18T17:27:07: Items Rows: 290
08-29-18T17:27:07: Items Rows: 300
08-29-18T17:27:07: Items Rows: 310
08-29-18T17:27:07: Items Rows: 320
08-29-18T17:27:07: Items Rows: 330
08-29-18T17:27:07: Items Rows: 340
08-29-18T17:27:07: Items Rows: 350
08-29-18T17:27:07: Items Rows: 360
08-29-18T17:27:07: Items Rows: 370
08-29-18T17:27:07: Items Rows: 380
08-29-18T17:27:07: Items Rows: 390
08-29-18T17:27:07: Items Rows: 400
08-29-18T17:27:07: Items Rows: 410
08-29-18T17:27:07: Items Rows: 420
08-29-18T17:27:07: Items Rows: 430
08-29-18T17:27:07: Items Rows: 440
08-29-18T17:27:07: Items Rows: 450
08-29-18T17:27:07: Items Rows: 460
08-29-18T17:27:07: Items Rows: 470
08-29-18T17:27:07: Items Rows: 480
08-29-18T17:27:07: Items Rows: 490
08-29-18T17:27:07: Items Rows: 500
08-29-18T17:27:07: Items Rows: 510
08-29-18T17:27:07: Items Rows: 520
08-29-18T17:27:07: Items Rows: 530
08-29-18T17:27:07: Items Rows: 540
08-29-18T17:27:07: Items Rows: 550
08-29-18T17:27:07: Items Rows: 560
08-29-18T17:27:07: Items Rows: 570
08-29-18T17:27:07: Items Rows: 580
08-29-18T17:27:07: Items Rows: 590
08-29-18T17:27:07: Items Rows: 600
08-29-18T17:27:07: Items Rows: 610
08-29-18T17:27:07: Items Rows: 620
08-29-18T17:27:07: Items Rows: 630
08-29-18T17:27:07: Items Rows: 640
08-29-18T17:27:07: Items Rows: 650
08-29-18T17:27:07: Items Rows: 660
08-29-18T17:27:07: Items Rows: 670
08-29-18T17:27:07: Items Rows: 680
08-29-18T17:27:07: Items Rows: 690
08-29-18T17:27:07: Items Rows: 700
08-29-18T17:27:07: Items Rows: 710
08-29-18T17:27:07: Items Rows: 720
08-29-18T17:27:07: Items Rows: 730
08-29-18T17:27:07: Items Rows: 740
08-29-18T17:27:07: Items Rows: 750
08-29-18T17:27:07: Items Rows: 760
08-29-18T17:27:07: Items Rows: 770
08-29-18T17:27:07: Items Rows: 780
08-29-18T17:27:07: Items Rows: 790
08-29-18T17:27:07: Items Rows: 800
08-29-18T17:27:07: Items Rows: 810
08-29-18T17:27:07: Items Rows: 820
08-29-18T17:27:07: Items Rows: 830
08-29-18T17:27:07: Items Rows: 840
08-29-18T17:27:07: Items Rows: 850
08-29-18T17:27:07: Items Rows: 860
08-29-18T17:27:07: Items Rows: 870
08-29-18T17:27:07: Items Rows: 880
08-29-18T17:27:07: Items Rows: 890
08-29-18T17:27:07: Items Rows: 900
08-29-18T17:27:07: Items Rows: 910
08-29-18T17:27:07: Items Rows: 920
08-29-18T17:27:07: Items Rows: 930
08-29-18T17:27:07: Items Rows: 940
08-29-18T17:27:07: Items Rows: 950
08-29-18T17:27:07: Items Rows: 960
08-29-18T17:27:07: Items Rows: 970
08-29-18T17:27:07: Items Rows: 980
08-29-18T17:27:07: Items Rows: 990
08-29-18T17:27:07: Items Rows: 1000
08-29-18T17:27:07: Items Rows: 1010
08-29-18T17:27:07: Items Rows: 1020
08-29-18T17:27:07: Items Rows: 1030
08-29-18T17:27:07: Items Rows: 1040
08-29-18T17:27:07: Items Rows: 1050
08-29-18T17:27:07: Items Rows: 1060
08-29-18T17:27:07: Items Rows: 1070
08-29-18T17:27:07: Items Rows: 1080
08-29-18T17:27:07: Items Rows: 1090
08-29-18T17:27:07: Items Rows: 1100
08-29-18T17:27:07: Items Rows: 1110
08-29-18T17:27:07: Items Rows: 1120
08-29-18T17:27:07: Items Rows: 1130
08-29-18T17:27:07: Items Rows: 1140
08-29-18T17:27:07: Items Rows: 1150
08-29-18T17:27:07: Items Rows: 1160
08-29-18T17:27:07: Items Rows: 1170
08-29-18T17:27:07: Items Rows: 1180
08-29-18T17:27:07: Items Rows: 1190
08-29-18T17:27:07: Items Rows: 1200
08-29-18T17:27:07: Items Rows: 1210
08-29-18T17:27:07: Items Rows: 1220
08-29-18T17:27:07: Items Rows: 1230
08-29-18T17:27:07: Items Rows: 1240
08-29-18T17:27:07: Items Rows: 1250
08-29-18T17:27:07: Items Rows: 1260
08-29-18T17:27:07: Items Rows: 1270
08-29-18T17:27:07: Items Rows: 1280
08-29-18T17:27:07: Items Rows: 1290
08-29-18T17:27:07: Items Rows: 1300
08-29-18T17:27:07: Items Rows: 1310
08-29-18T17:27:07: Items Rows: 1320
08-29-18T17:27:07: Items Rows: 1330
08-29-18T17:27:07: Items Rows: 1340
08-29-18T17:27:07: Items Rows: 1350
08-29-18T17:27:07: Items Rows: 1360
08-29-18T17:27:07: Items Rows: 1370
08-29-18T17:27:07: Items Rows: 1380
08-29-18T17:27:07: Items Rows: 1390
08-29-18T17:27:07: Items Rows: 1400
08-29-18T17:27:07: Items Rows: 1410
08-29-18T17:27:07: Items Rows: 1420
08-29-18T17:27:07: Items Rows: 1430
08-29-18T17:27:07: Items Rows: 1440
08-29-18T17:27:07: Items Rows: 1450
08-29-18T17:27:07: Items Rows: 1460
08-29-18T17:27:07: Items Rows: 1470
08-29-18T17:27:07: Items Rows: 1480
08-29-18T17:27:07: Items Rows: 1490
08-29-18T17:27:07: Items Rows: 1500
08-29-18T17:27:07: Items Rows: 1510
08-29-18T17:27:07: Items Rows: 1520
08-29-18T17:27:07: Items Rows: 1530
08-29-18T17:27:07: Items Rows: 1540
08-29-18T17:27:07: Items Rows: 1550
08-29-18T17:27:07: Items Rows: 1560
08-29-18T17:27:07: Items Rows: 1570
08-29-18T17:27:07: Items Rows: 1580
08-29-18T17:27:07: Items Rows: 1590
08-29-18T17:27:07: Items Rows: 1600
08-29-18T17:27:07: Items Rows: 1610
08-29-18T17:27:07: Items Rows: 1620
08-29-18T17:27:07: Items Rows: 1630
08-29-18T17:27:07: Items Rows: 1640
08-29-18T17:27:07: Items Rows: 1650
08-29-18T17:27:07: Items Rows: 1660
08-29-18T17:27:07: Items Rows: 1670
08-29-18T17:27:07: Items Rows: 1680
08-29-18T17:27:07: Items Rows: 1690
08-29-18T17:27:07: Items Rows: 1700
08-29-18T17:27:07: Items Rows: 1710
08-29-18T17:27:07: Items Rows: 1720
08-29-18T17:27:07: Items Rows: 1730
08-29-18T17:27:07: Items Rows: 1740
08-29-18T17:27:07: Items Rows: 1750
08-29-18T17:27:07: Items Rows: 1760
08-29-18T17:27:07: Items Rows: 1770
08-29-18T17:27:07: Items Rows: 1780
08-29-18T17:27:07: Items Rows: 1790
08-29-18T17:27:07: Items Rows: 1800
08-29-18T17:27:07: Items Rows: 1810
08-29-18T17:27:07: Items Rows: 1820
08-29-18T17:27:07: Items Rows: 1830
08-29-18T17:27:07: Items Rows: 1840
08-29-18T17:27:07: Items Rows: 1850
08-29-18T17:27:07: Items Rows: 1860
08-29-18T17:27:07: Items Rows: 1870
08-29-18T17:27:07: Items Rows: 1880
08-29-18T17:27:07: Items Rows: 1890
08-29-18T17:27:07: Items Rows: 1900
08-29-18T17:27:07: Items Rows: 1910
08-29-18T17:27:07: Items Rows: 1920
08-29-18T17:27:07: Items Rows: 1930
08-29-18T17:27:07: Items Rows: 1940
08-29-18T17:27:07: Items Rows: 1950
08-29-18T17:27:07: Items Rows: 1960
08-29-18T17:27:07: Items Rows: 1970
08-29-18T17:27:07: Items Rows: 1980
08-29-18T17:27:07: Items Rows: 1990
08-29-18T17:27:07: Items Rows: 2000
08-29-18T17:27:07: Items Rows: 2010
08-29-18T17:27:07: Items Rows: 2020
08-29-18T17:27:07: Items Rows: 2030
08-29-18T17:27:07: Items Rows: 2040
08-29-18T17:27:07: Items Rows: 2050
08-29-18T17:27:07: Items Rows: 2060
08-29-18T17:27:07: Items Rows: 2070
08-29-18T17:27:07: Items Rows: 2080
08-29-18T17:27:07: Items Rows: 2090
08-29-18T17:27:07: Items Rows: 2100
08-29-18T17:27:07: Items Rows: 2110
08-29-18T17:27:07: Items Rows: 2120
08-29-18T17:27:07: Items Rows: 2130
08-29-18T17:27:07: Items Rows: 2140
08-29-18T17:27:07: Items Rows: 2150
08-29-18T17:27:07: Items Rows: 2160
08-29-18T17:27:07: Items Rows: 2170
08-29-18T17:27:07: Items Rows: 2180
08-29-18T17:27:07: Items Rows: 2190
08-29-18T17:27:07: Items Rows: 2200
08-29-18T17:27:07: Items Rows: 2210
08-29-18T17:27:07: Items Rows: 2220
08-29-18T17:27:35: Starting XSL Transform, this may take awhile.
08-29-18T17:27:35: XSL Transform Complete.
08-29-18T17:27:35: Finished Items
08-29-18T17:27:35: Total Items: 2226
08-29-18T17:27:35: File created in final xml folder: Retail Item-601 General Merchan_01.xml
08-29-18T17:27:35: ...
08-29-18T17:27:35: End Log
