09-06-18T14:26:02: Start Log
09-06-18T14:26:02: Found Input File: Test.csv
09-06-18T14:26:02: Department: 
09-06-18T14:26:06: Item Rows: 10
09-06-18T14:26:07: Item Rows: 20
09-06-18T14:26:07: Item Rows: 30
09-06-18T14:26:08: Item Rows: 40
09-06-18T14:26:08: Item Rows: 50
09-06-18T14:26:09: Item Rows: 60
09-06-18T14:26:09: Item Rows: 70
09-06-18T14:26:09: Item Rows: 80
09-06-18T14:26:10: Item Rows: 90
09-06-18T14:26:10: Item Rows: 100
09-06-18T14:26:11: Item Rows: 110
09-06-18T14:26:11: Item Rows: 120
09-06-18T14:26:12: Item Rows: 130
09-06-18T14:26:12: Item Rows: 140
09-06-18T14:26:13: Item Rows: 150
09-06-18T14:26:13: Item Rows: 160
09-06-18T14:26:14: Item Rows: 170
09-06-18T14:26:14: Item Rows: 180
09-06-18T14:26:14: Item Rows: 190
09-06-18T14:26:15: Item Rows: 200
09-06-18T14:26:15: Item Rows: 210
09-06-18T14:26:16: Item Rows: 220
09-06-18T14:26:16: Item Rows: 230
09-06-18T14:26:17: Item Rows: 240
09-06-18T14:26:17: Item Rows: 250
09-06-18T14:26:18: Item Rows: 260
09-06-18T14:26:18: Item Rows: 270
09-06-18T14:26:19: Item Rows: 280
09-06-18T14:26:19: Item Rows: 290
09-06-18T14:26:19: Item Rows: 300
09-06-18T14:26:20: Item Rows: 310
09-06-18T14:26:20: Item Rows: 320
09-06-18T14:26:21: Item Rows: 330
09-06-18T14:26:21: Item Rows: 340
09-06-18T14:26:22: Item Rows: 350
09-06-18T14:26:22: Item Rows: 360
09-06-18T14:26:23: Item Rows: 370
09-06-18T14:26:23: Item Rows: 380
09-06-18T14:26:24: Item Rows: 390
09-06-18T14:26:24: Item Rows: 400
09-06-18T14:26:24: Item Rows: 410
09-06-18T14:26:25: Item Rows: 420
09-06-18T14:26:25: Item Rows: 430
09-06-18T14:26:26: Item Rows: 440
09-06-18T14:26:26: Item Rows: 450
09-06-18T14:26:27: Item Rows: 460
09-06-18T14:26:27: Item Rows: 470
09-06-18T14:26:28: Item Rows: 480
09-06-18T14:26:28: Item Rows: 490
09-06-18T14:26:28: Item Rows: 500
09-06-18T14:26:29: Item Rows: 510
09-06-18T14:26:29: Item Rows: 520
09-06-18T14:26:30: Item Rows: 530
09-06-18T14:26:30: Item Rows: 540
09-06-18T14:26:31: Item Rows: 550
09-06-18T14:26:31: Item Rows: 560
09-06-18T14:26:32: Item Rows: 570
09-06-18T14:26:32: Item Rows: 580
09-06-18T14:26:32: Item Rows: 590
09-06-18T14:26:33: Item Rows: 600
09-06-18T14:26:33: Item Rows: 610
09-06-18T14:26:34: Item Rows: 620
09-06-18T14:26:34: Item Rows: 630
09-06-18T14:26:35: Item Rows: 640
09-06-18T14:26:35: Item Rows: 650
09-06-18T14:26:35: Item Rows: 660
09-06-18T14:26:36: Item Rows: 670
09-06-18T14:26:36: Item Rows: 680
09-06-18T14:26:37: Item Rows: 690
09-06-18T14:26:37: Item Rows: 700
09-06-18T14:26:38: Item Rows: 710
09-06-18T14:26:38: Item Rows: 720
09-06-18T14:26:39: Item Rows: 730
09-06-18T14:26:39: Item Rows: 740
09-06-18T14:26:40: Item Rows: 750
09-06-18T14:26:40: Item Rows: 760
09-06-18T14:26:41: Item Rows: 770
09-06-18T14:26:41: Item Rows: 780
09-06-18T14:26:42: Item Rows: 790
09-06-18T14:26:42: Item Rows: 800
09-06-18T14:26:43: Item Rows: 810
09-06-18T14:26:43: Item Rows: 820
09-06-18T14:26:44: Item Rows: 830
09-06-18T14:26:44: Item Rows: 840
09-06-18T14:26:44: Item Rows: 850
09-06-18T14:26:45: Item Rows: 860
09-06-18T14:26:45: Item Rows: 870
09-06-18T14:26:46: Item Rows: 880
09-06-18T14:26:46: Item Rows: 890
09-06-18T14:26:47: Item Rows: 900
09-06-18T14:26:47: Item Rows: 910
09-06-18T14:26:48: Item Rows: 920
09-06-18T14:26:48: Item Rows: 930
09-06-18T14:26:48: Item Rows: 940
09-06-18T14:26:49: Item Rows: 950
09-06-18T14:26:49: Item Rows: 960
09-06-18T14:26:50: Item Rows: 970
09-06-18T14:26:50: Item Rows: 980
09-06-18T14:26:51: Item Rows: 990
09-06-18T14:26:51: Item Rows: 1000
09-06-18T14:26:52: Item Rows: 1010
09-06-18T14:26:52: Item Rows: 1020
09-06-18T14:26:53: Item Rows: 1030
09-06-18T14:26:53: Item Rows: 1040
09-06-18T14:26:54: Item Rows: 1050
09-06-18T14:26:55: Item Rows: 1060
09-06-18T14:26:56: Item Rows: 1070
09-06-18T14:26:56: Item Rows: 1080
09-06-18T14:26:56: Item Rows: 1090
09-06-18T14:26:57: Item Rows: 1100
09-06-18T14:26:57: Item Rows: 1110
09-06-18T14:26:58: Item Rows: 1120
09-06-18T14:26:59: Item Rows: 1130
09-06-18T14:26:59: Item Rows: 1140
09-06-18T14:26:59: Item Rows: 1150
09-06-18T14:27:00: Item Rows: 1160
09-06-18T14:27:01: Item Rows: 1170
09-06-18T14:27:02: Item Rows: 1180
09-06-18T14:27:03: Item Rows: 1190
09-06-18T14:27:03: Item Rows: 1200
09-06-18T14:27:04: Item Rows: 1210
09-06-18T14:27:04: Item Rows: 1220
09-06-18T14:27:05: Item Rows: 1230
09-06-18T14:27:05: Item Rows: 1240
09-06-18T14:27:06: Item Rows: 1250
09-06-18T14:27:06: Item Rows: 1260
09-06-18T14:27:07: Item Rows: 1270
09-06-18T14:27:07: Item Rows: 1280
09-06-18T14:27:08: Item Rows: 1290
09-06-18T14:27:09: Item Rows: 1300
09-06-18T14:27:09: Item Rows: 1310
09-06-18T14:27:10: Item Rows: 1320
09-06-18T14:27:10: Item Rows: 1330
09-06-18T14:27:11: Item Rows: 1340
09-06-18T14:27:12: Item Rows: 1350
09-06-18T14:27:13: Item Rows: 1360
09-06-18T14:27:15: Item Rows: 1370
09-06-18T14:27:17: Item Rows: 1380
09-06-18T14:27:18: Item Rows: 1390
09-06-18T14:27:19: Item Rows: 1400
09-06-18T14:27:19: Item Rows: 1410
09-06-18T14:27:20: Item Rows: 1420
09-06-18T14:27:20: Item Rows: 1430
09-06-18T14:27:21: Item Rows: 1440
09-06-18T14:27:22: Item Rows: 1450
09-06-18T14:27:22: Item Rows: 1460
09-06-18T14:27:23: Item Rows: 1470
09-06-18T14:27:24: Item Rows: 1480
09-06-18T14:27:25: Item Rows: 1490
09-06-18T14:27:25: Item Rows: 1500
09-06-18T14:27:26: Item Rows: 1510
09-06-18T14:27:26: Item Rows: 1520
09-06-18T14:27:27: Item Rows: 1530
09-06-18T14:27:27: Item Rows: 1540
09-06-18T14:27:28: Item Rows: 1550
09-06-18T14:27:29: Item Rows: 1560
09-06-18T14:27:29: Item Rows: 1570
09-06-18T14:27:30: Item Rows: 1580
09-06-18T14:27:31: Item Rows: 1590
09-06-18T14:27:32: Item Rows: 1600
09-06-18T14:27:33: Item Rows: 1610
09-06-18T14:27:34: Item Rows: 1620
09-06-18T14:27:34: Item Rows: 1630
09-06-18T14:27:35: Item Rows: 1640
09-06-18T14:27:35: Item Rows: 1650
09-06-18T14:27:36: Item Rows: 1660
09-06-18T14:27:36: Item Rows: 1670
09-06-18T14:27:37: Item Rows: 1680
09-06-18T14:27:38: Item Rows: 1690
09-06-18T14:27:38: Item Rows: 1700
09-06-18T14:27:39: Item Rows: 1710
09-06-18T14:27:40: Item Rows: 1720
09-06-18T14:27:40: Item Rows: 1730
09-06-18T14:27:41: Item Rows: 1740
09-06-18T14:27:42: Item Rows: 1750
09-06-18T14:27:43: Item Rows: 1760
09-06-18T14:27:43: Item Rows: 1770
09-06-18T14:27:44: Item Rows: 1780
09-06-18T14:27:44: Item Rows: 1790
09-06-18T14:27:45: Item Rows: 1800
09-06-18T14:27:45: Item Rows: 1810
09-06-18T14:27:46: Item Rows: 1820
09-06-18T14:27:47: Item Rows: 1830
09-06-18T14:27:47: Item Rows: 1840
09-06-18T14:27:48: Item Rows: 1850
09-06-18T14:27:48: Item Rows: 1860
09-06-18T14:27:49: Item Rows: 1870
09-06-18T14:27:50: Item Rows: 1880
09-06-18T14:27:50: Item Rows: 1890
09-06-18T14:27:51: Item Rows: 1900
09-06-18T14:27:51: Item Rows: 1910
09-06-18T14:27:52: Item Rows: 1920
09-06-18T14:27:52: Item Rows: 1930
09-06-18T14:27:53: Item Rows: 1940
09-06-18T14:27:53: Item Rows: 1950
09-06-18T14:27:54: Item Rows: 1960
09-06-18T14:27:54: Item Rows: 1970
09-06-18T14:27:55: Item Rows: 1980
09-06-18T14:27:55: Item Rows: 1990
09-06-18T14:27:56: Item Rows: 2000
09-06-18T14:27:56: Item Rows: 2010
09-06-18T14:27:57: Item Rows: 2020
09-06-18T14:27:57: Item Rows: 2030
09-06-18T14:27:58: Item Rows: 2040
09-06-18T14:27:58: Item Rows: 2050
09-06-18T14:27:59: Item Rows: 2060
09-06-18T14:27:59: Item Rows: 2070
09-06-18T14:28:00: Item Rows: 2080
09-06-18T14:28:00: Item Rows: 2090
09-06-18T14:28:01: Item Rows: 2100
09-06-18T14:28:01: Item Rows: 2110
09-06-18T14:28:02: Item Rows: 2120
09-06-18T14:28:03: Item Rows: 2130
09-06-18T14:28:03: Item Rows: 2140
09-06-18T14:28:04: Item Rows: 2150
09-06-18T14:28:04: Item Rows: 2160
09-06-18T14:28:05: Item Rows: 2170
09-06-18T14:28:05: Item Rows: 2180
09-06-18T14:28:06: Item Rows: 2190
09-06-18T14:28:06: Item Rows: 2200
09-06-18T14:28:06: Item Rows: 2210
09-06-18T14:28:07: Item Rows: 2220
09-06-18T14:28:07: Item Rows: 2230
09-06-18T14:28:08: Finished Department: 
09-06-18T14:28:08: Total Items: 2225
09-06-18T14:28:08: File created in working xls folder: Retail Item-Test.xlsx
09-06-18T14:28:08: Moving file Test.csv to Archive 
09-06-18T14:28:08: ...
09-06-18T14:28:08: Found Input File: uomtest.csv
09-06-18T14:28:08: Department: 
09-06-18T14:28:12: Item Rows: 10
09-06-18T14:28:12: Item Rows: 20
09-06-18T14:28:13: Item Rows: 30
09-06-18T14:28:13: Item Rows: 40
09-06-18T14:28:14: Item Rows: 50
09-06-18T14:28:15: Item Rows: 60
09-06-18T14:28:15: Item Rows: 70
09-06-18T14:28:16: Item Rows: 80
09-06-18T14:28:16: Item Rows: 90
09-06-18T14:28:17: Item Rows: 100
09-06-18T14:28:17: Item Rows: 110
09-06-18T14:28:18: Item Rows: 120
09-06-18T14:28:18: Item Rows: 130
09-06-18T14:28:19: Item Rows: 140
09-06-18T14:28:20: Item Rows: 150
09-06-18T14:28:20: Item Rows: 160
09-06-18T14:28:21: Item Rows: 170
09-06-18T14:28:21: Item Rows: 180
09-06-18T14:28:22: Item Rows: 190
09-06-18T14:28:23: Item Rows: 200
09-06-18T14:28:24: Item Rows: 210
09-06-18T14:28:25: Item Rows: 220
09-06-18T14:28:27: Item Rows: 230
09-06-18T14:28:28: Item Rows: 240
09-06-18T14:28:30: Item Rows: 250
09-06-18T14:28:32: Item Rows: 260
09-06-18T14:28:33: Item Rows: 270
09-06-18T14:28:34: Item Rows: 280
09-06-18T14:28:36: Item Rows: 290
09-06-18T14:28:37: Item Rows: 300
09-06-18T14:28:38: Item Rows: 310
09-06-18T14:28:39: Item Rows: 320
09-06-18T14:28:40: Item Rows: 330
09-06-18T14:28:41: Item Rows: 340
09-06-18T14:28:42: Item Rows: 350
09-06-18T14:28:42: Item Rows: 360
09-06-18T14:28:43: Item Rows: 370
09-06-18T14:28:44: Item Rows: 380
09-06-18T14:28:46: Item Rows: 390
09-06-18T14:28:46: Item Rows: 400
09-06-18T14:28:47: Item Rows: 410
09-06-18T14:28:48: Item Rows: 420
09-06-18T14:28:49: Item Rows: 430
09-06-18T14:28:50: Item Rows: 440
09-06-18T14:28:51: Item Rows: 450
09-06-18T14:28:51: Item Rows: 460
09-06-18T14:28:52: Item Rows: 470
09-06-18T14:28:52: Item Rows: 480
09-06-18T14:28:53: Item Rows: 490
09-06-18T14:28:54: Item Rows: 500
09-06-18T14:28:54: Item Rows: 510
09-06-18T14:28:55: Item Rows: 520
09-06-18T14:28:55: Item Rows: 530
09-06-18T14:28:56: Item Rows: 540
09-06-18T14:28:57: Item Rows: 550
09-06-18T14:28:57: Item Rows: 560
09-06-18T14:28:58: Item Rows: 570
09-06-18T14:28:59: Item Rows: 580
09-06-18T14:29:00: Item Rows: 590
09-06-18T14:29:00: Item Rows: 600
09-06-18T14:29:01: Item Rows: 610
09-06-18T14:29:01: Item Rows: 620
09-06-18T14:29:02: Item Rows: 630
09-06-18T14:29:02: Item Rows: 640
09-06-18T14:29:03: Item Rows: 650
09-06-18T14:29:04: Item Rows: 660
09-06-18T14:29:04: Item Rows: 670
09-06-18T14:29:05: Item Rows: 680
09-06-18T14:29:05: Item Rows: 690
09-06-18T14:29:06: Item Rows: 700
09-06-18T14:29:06: Item Rows: 710
09-06-18T14:29:07: Item Rows: 720
09-06-18T14:29:07: Item Rows: 730
09-06-18T14:29:07: Item Rows: 740
09-06-18T14:29:08: Item Rows: 750
09-06-18T14:29:08: Item Rows: 760
09-06-18T14:29:09: Item Rows: 770
09-06-18T14:29:09: Item Rows: 780
09-06-18T14:29:10: Item Rows: 790
09-06-18T14:29:10: Item Rows: 800
09-06-18T14:29:10: Item Rows: 810
09-06-18T14:29:11: Item Rows: 820
09-06-18T14:29:11: Item Rows: 830
09-06-18T14:29:12: Item Rows: 840
09-06-18T14:29:12: Item Rows: 850
09-06-18T14:29:13: Item Rows: 860
09-06-18T14:29:13: Item Rows: 870
09-06-18T14:29:14: Item Rows: 880
09-06-18T14:29:14: Item Rows: 890
09-06-18T14:29:15: Item Rows: 900
09-06-18T14:29:15: Item Rows: 910
09-06-18T14:29:16: Item Rows: 920
09-06-18T14:29:16: Item Rows: 930
09-06-18T14:29:16: Item Rows: 940
09-06-18T14:29:17: Item Rows: 950
09-06-18T14:29:17: Item Rows: 960
09-06-18T14:29:18: Item Rows: 970
09-06-18T14:29:18: Item Rows: 980
09-06-18T14:29:18: Item Rows: 990
09-06-18T14:29:19: Item Rows: 1000
09-06-18T14:29:19: Item Rows: 1010
09-06-18T14:29:20: Item Rows: 1020
09-06-18T14:29:20: Item Rows: 1030
09-06-18T14:29:21: Item Rows: 1040
09-06-18T14:29:21: Item Rows: 1050
09-06-18T14:29:21: Item Rows: 1060
09-06-18T14:29:22: Item Rows: 1070
09-06-18T14:29:22: Item Rows: 1080
09-06-18T14:29:23: Item Rows: 1090
09-06-18T14:29:23: Item Rows: 1100
09-06-18T14:29:24: Item Rows: 1110
09-06-18T14:29:24: Item Rows: 1120
09-06-18T14:29:25: Item Rows: 1130
09-06-18T14:29:25: Item Rows: 1140
09-06-18T14:29:26: Item Rows: 1150
09-06-18T14:29:26: Item Rows: 1160
09-06-18T14:29:26: Item Rows: 1170
09-06-18T14:29:27: Item Rows: 1180
09-06-18T14:29:27: Item Rows: 1190
09-06-18T14:29:28: Item Rows: 1200
09-06-18T14:29:28: Item Rows: 1210
09-06-18T14:29:29: Item Rows: 1220
09-06-18T14:29:29: Item Rows: 1230
09-06-18T14:29:30: Item Rows: 1240
09-06-18T14:29:30: Item Rows: 1250
09-06-18T14:29:30: Item Rows: 1260
09-06-18T14:29:31: Item Rows: 1270
09-06-18T14:29:31: Item Rows: 1280
09-06-18T14:29:32: Item Rows: 1290
09-06-18T14:29:32: Item Rows: 1300
09-06-18T14:29:33: Item Rows: 1310
09-06-18T14:29:33: Item Rows: 1320
09-06-18T14:29:33: Item Rows: 1330
09-06-18T14:29:34: Item Rows: 1340
09-06-18T14:29:34: Item Rows: 1350
09-06-18T14:29:35: Item Rows: 1360
09-06-18T14:29:35: Item Rows: 1370
09-06-18T14:29:36: Item Rows: 1380
09-06-18T14:29:36: Item Rows: 1390
09-06-18T14:29:37: Item Rows: 1400
09-06-18T14:29:37: Item Rows: 1410
09-06-18T14:29:37: Item Rows: 1420
09-06-18T14:29:38: Item Rows: 1430
09-06-18T14:29:38: Item Rows: 1440
09-06-18T14:29:39: Item Rows: 1450
09-06-18T14:29:39: Item Rows: 1460
09-06-18T14:29:39: Item Rows: 1470
09-06-18T14:29:40: Item Rows: 1480
09-06-18T14:29:40: Item Rows: 1490
09-06-18T14:29:41: Item Rows: 1500
09-06-18T14:29:41: Item Rows: 1510
09-06-18T14:29:42: Item Rows: 1520
09-06-18T14:29:42: Item Rows: 1530
09-06-18T14:29:43: Item Rows: 1540
09-06-18T14:29:43: Item Rows: 1550
09-06-18T14:29:44: Item Rows: 1560
09-06-18T14:29:44: Item Rows: 1570
09-06-18T14:29:45: Item Rows: 1580
09-06-18T14:29:45: Item Rows: 1590
09-06-18T14:29:45: Item Rows: 1600
09-06-18T14:29:46: Item Rows: 1610
09-06-18T14:29:46: Item Rows: 1620
09-06-18T14:29:47: Item Rows: 1630
09-06-18T14:29:47: Item Rows: 1640
09-06-18T14:29:48: Item Rows: 1650
09-06-18T14:29:48: Item Rows: 1660
09-06-18T14:29:49: Item Rows: 1670
09-06-18T14:29:49: Item Rows: 1680
09-06-18T14:29:50: Item Rows: 1690
09-06-18T14:29:50: Item Rows: 1700
09-06-18T14:29:50: Item Rows: 1710
09-06-18T14:29:51: Item Rows: 1720
09-06-18T14:29:51: Item Rows: 1730
09-06-18T14:29:52: Item Rows: 1740
09-06-18T14:29:52: Item Rows: 1750
09-06-18T14:29:53: Item Rows: 1760
09-06-18T14:29:53: Item Rows: 1770
09-06-18T14:29:53: Item Rows: 1780
09-06-18T14:29:54: Item Rows: 1790
09-06-18T14:29:55: Item Rows: 1800
09-06-18T14:29:55: Item Rows: 1810
09-06-18T14:29:55: Item Rows: 1820
09-06-18T14:29:56: Item Rows: 1830
09-06-18T14:29:56: Item Rows: 1840
09-06-18T14:29:57: Item Rows: 1850
09-06-18T14:29:57: Item Rows: 1860
09-06-18T14:29:58: Item Rows: 1870
09-06-18T14:29:58: Item Rows: 1880
09-06-18T14:29:59: Item Rows: 1890
09-06-18T14:29:59: Item Rows: 1900
09-06-18T14:29:59: Item Rows: 1910
09-06-18T14:30:00: Item Rows: 1920
09-06-18T14:30:00: Item Rows: 1930
09-06-18T14:30:01: Item Rows: 1940
09-06-18T14:30:01: Item Rows: 1950
09-06-18T14:30:02: Item Rows: 1960
09-06-18T14:30:02: Item Rows: 1970
09-06-18T14:30:02: Item Rows: 1980
09-06-18T14:30:03: Item Rows: 1990
09-06-18T14:30:03: Item Rows: 2000
09-06-18T14:30:04: Item Rows: 2010
09-06-18T14:30:04: Item Rows: 2020
09-06-18T14:30:05: Item Rows: 2030
09-06-18T14:30:05: Item Rows: 2040
09-06-18T14:30:06: Item Rows: 2050
09-06-18T14:30:06: Item Rows: 2060
09-06-18T14:30:06: Item Rows: 2070
09-06-18T14:30:07: Item Rows: 2080
09-06-18T14:30:07: Item Rows: 2090
09-06-18T14:30:08: Item Rows: 2100
09-06-18T14:30:08: Item Rows: 2110
09-06-18T14:30:09: Item Rows: 2120
09-06-18T14:30:09: Item Rows: 2130
09-06-18T14:30:09: Item Rows: 2140
09-06-18T14:30:10: Item Rows: 2150
09-06-18T14:30:10: Item Rows: 2160
09-06-18T14:30:11: Item Rows: 2170
09-06-18T14:30:11: Item Rows: 2180
09-06-18T14:30:12: Item Rows: 2190
09-06-18T14:30:12: Item Rows: 2200
09-06-18T14:30:13: Item Rows: 2210
09-06-18T14:30:13: Item Rows: 2220
09-06-18T14:30:14: Item Rows: 2230
09-06-18T14:30:14: Item Rows: 2240
09-06-18T14:30:15: Item Rows: 2250
09-06-18T14:30:15: Item Rows: 2260
09-06-18T14:30:16: Item Rows: 2270
09-06-18T14:30:16: Item Rows: 2280
09-06-18T14:30:17: Item Rows: 2290
09-06-18T14:30:17: Item Rows: 2300
09-06-18T14:30:17: Item Rows: 2310
09-06-18T14:30:18: Item Rows: 2320
09-06-18T14:30:18: Item Rows: 2330
09-06-18T14:30:19: Item Rows: 2340
09-06-18T14:30:19: Item Rows: 2350
09-06-18T14:30:20: Item Rows: 2360
09-06-18T14:30:20: Item Rows: 2370
09-06-18T14:30:21: Item Rows: 2380
09-06-18T14:30:21: Item Rows: 2390
09-06-18T14:30:22: Item Rows: 2400
09-06-18T14:30:22: Item Rows: 2410
09-06-18T14:30:22: Item Rows: 2420
09-06-18T14:30:23: Item Rows: 2430
09-06-18T14:30:23: Item Rows: 2440
09-06-18T14:30:24: Item Rows: 2450
09-06-18T14:30:24: Item Rows: 2460
09-06-18T14:30:25: Item Rows: 2470
09-06-18T14:30:25: Item Rows: 2480
09-06-18T14:30:26: Item Rows: 2490
09-06-18T14:30:26: Item Rows: 2500
09-06-18T14:30:26: Item Rows: 2510
09-06-18T14:30:27: Item Rows: 2520
09-06-18T14:30:27: Item Rows: 2530
09-06-18T14:30:28: Item Rows: 2540
09-06-18T14:30:28: Finished Department: 
09-06-18T14:30:28: Total Items: 2536
09-06-18T14:30:28: File created in working xls folder: Retail Item-uomtest.xlsx
09-06-18T14:30:28: Moving file uomtest.csv to Archive 
09-06-18T14:30:28: ...
09-06-18T14:30:28: End Log
