08-29-18T17:16:54: Start Log
08-29-18T17:16:54: Found Input File: C:\Users\chuck\Documents\ROC\Data Extraction and Loading\Import Files\Retail Item\FinalCSV\Retail Item-601 General Merchan_01.csv
08-29-18T17:16:54: Items Rows: 10
08-29-18T17:16:54: Items Rows: 20
08-29-18T17:16:54: Items Rows: 30
08-29-18T17:16:54: Items Rows: 40
08-29-18T17:16:54: Items Rows: 50
08-29-18T17:16:54: Items Rows: 60
08-29-18T17:16:54: Items Rows: 70
08-29-18T17:16:54: Items Rows: 80
08-29-18T17:16:54: Items Rows: 90
08-29-18T17:16:54: Items Rows: 100
08-29-18T17:16:54: Items Rows: 110
08-29-18T17:16:54: Items Rows: 120
08-29-18T17:16:54: Items Rows: 130
08-29-18T17:16:54: Items Rows: 140
08-29-18T17:16:54: Items Rows: 150
08-29-18T17:16:54: Items Rows: 160
08-29-18T17:16:54: Items Rows: 170
08-29-18T17:16:54: Items Rows: 180
08-29-18T17:16:54: Items Rows: 190
08-29-18T17:16:54: Items Rows: 200
08-29-18T17:16:54: Items Rows: 210
08-29-18T17:16:54: Items Rows: 220
08-29-18T17:16:54: Items Rows: 230
08-29-18T17:16:54: Items Rows: 240
08-29-18T17:16:54: Items Rows: 250
08-29-18T17:16:54: Items Rows: 260
08-29-18T17:16:54: Items Rows: 270
08-29-18T17:16:54: Items Rows: 280
08-29-18T17:16:54: Items Rows: 290
08-29-18T17:16:54: Items Rows: 300
08-29-18T17:16:54: Items Rows: 310
08-29-18T17:16:54: Items Rows: 320
08-29-18T17:16:54: Items Rows: 330
08-29-18T17:16:54: Items Rows: 340
08-29-18T17:16:54: Items Rows: 350
08-29-18T17:16:54: Items Rows: 360
08-29-18T17:16:54: Items Rows: 370
08-29-18T17:16:54: Items Rows: 380
08-29-18T17:16:54: Items Rows: 390
08-29-18T17:16:54: Items Rows: 400
08-29-18T17:16:54: Items Rows: 410
08-29-18T17:16:54: Items Rows: 420
08-29-18T17:16:54: Items Rows: 430
08-29-18T17:16:54: Items Rows: 440
08-29-18T17:16:54: Items Rows: 450
08-29-18T17:16:54: Items Rows: 460
08-29-18T17:16:54: Items Rows: 470
08-29-18T17:16:54: Items Rows: 480
08-29-18T17:16:54: Items Rows: 490
08-29-18T17:16:54: Items Rows: 500
08-29-18T17:16:54: Items Rows: 510
08-29-18T17:16:54: Items Rows: 520
08-29-18T17:16:54: Items Rows: 530
08-29-18T17:16:54: Items Rows: 540
08-29-18T17:16:54: Items Rows: 550
08-29-18T17:16:54: Items Rows: 560
08-29-18T17:16:54: Items Rows: 570
08-29-18T17:16:54: Items Rows: 580
08-29-18T17:16:54: Items Rows: 590
08-29-18T17:16:54: Items Rows: 600
08-29-18T17:16:54: Items Rows: 610
08-29-18T17:16:54: Items Rows: 620
08-29-18T17:16:54: Items Rows: 630
08-29-18T17:16:54: Items Rows: 640
08-29-18T17:16:54: Items Rows: 650
08-29-18T17:16:54: Items Rows: 660
08-29-18T17:16:54: Items Rows: 670
08-29-18T17:16:54: Items Rows: 680
08-29-18T17:16:54: Items Rows: 690
08-29-18T17:16:54: Items Rows: 700
08-29-18T17:16:54: Items Rows: 710
08-29-18T17:16:54: Items Rows: 720
08-29-18T17:16:54: Items Rows: 730
08-29-18T17:16:54: Items Rows: 740
08-29-18T17:16:54: Items Rows: 750
08-29-18T17:16:54: Items Rows: 760
08-29-18T17:16:54: Items Rows: 770
08-29-18T17:16:54: Items Rows: 780
08-29-18T17:16:54: Items Rows: 790
08-29-18T17:16:54: Items Rows: 800
08-29-18T17:16:54: Items Rows: 810
08-29-18T17:16:54: Items Rows: 820
08-29-18T17:16:54: Items Rows: 830
08-29-18T17:16:54: Items Rows: 840
08-29-18T17:16:54: Items Rows: 850
08-29-18T17:16:54: Items Rows: 860
08-29-18T17:16:54: Items Rows: 870
08-29-18T17:16:54: Items Rows: 880
08-29-18T17:16:54: Items Rows: 890
08-29-18T17:16:54: Items Rows: 900
08-29-18T17:16:54: Items Rows: 910
08-29-18T17:16:54: Items Rows: 920
08-29-18T17:16:54: Items Rows: 930
08-29-18T17:16:54: Items Rows: 940
08-29-18T17:16:54: Items Rows: 950
08-29-18T17:16:54: Items Rows: 960
08-29-18T17:16:54: Error --> 'attributeName' is null or not an object
08-29-18T17:16:54: End Log
