04-21-19T15:34:34: Start Log
04-21-19T15:34:34: Processing File: Retail Item-Test Strategy and Manufacturer Fix 601 General Merchan_03 (After).xlsx
04-21-19T15:34:38: Item Rows: 10, External Id: 36015003
04-21-19T15:34:39: Item Rows: 20, External Id: 36014457
04-21-19T15:34:39: Item Rows: 30, External Id: 36016013
04-21-19T15:34:40: Item Rows: 40, External Id: 36016897
04-21-19T15:34:40: Item Rows: 50, External Id: 36015000
04-21-19T15:34:40: Item Rows: 60, External Id: 36016294
04-21-19T15:34:41: Finished File: Retail Item-Test Strategy and Manufacturer Fix 601 General Merchan_03 (After).xlsx
04-21-19T15:34:41: File created in final csv folder: Retail Item-Test Strategy and Manufacturer Fix 601 General Merchan_03 (After).csv
04-21-19T15:34:41: ...
04-21-19T15:34:41: Processing File: Retail Item-Test Strategy and Manufacturer Fix 601 General Merchan_03 (Before).xlsx
04-21-19T15:34:44: Item Rows: 10, External Id: 36015003
04-21-19T15:34:44: Item Rows: 20, External Id: 36014457
04-21-19T15:34:44: Item Rows: 30, External Id: 36016013
04-21-19T15:34:45: Item Rows: 40, External Id: 36016897
04-21-19T15:34:45: Item Rows: 50, External Id: 36015000
04-21-19T15:34:45: Item Rows: 60, External Id: 36016294
04-21-19T15:34:46: Finished File: Retail Item-Test Strategy and Manufacturer Fix 601 General Merchan_03 (Before).xlsx
04-21-19T15:34:46: File created in final csv folder: Retail Item-Test Strategy and Manufacturer Fix 601 General Merchan_03 (Before).csv
04-21-19T15:34:46: ...
04-21-19T15:34:46: End Log
