10-05-18T20:14:43: Start Log
10-05-18T20:14:43: Found Input File: C:\Users\chuck\Documents\ROC\Data Extraction and Loading\Import Files\Retail Item\FinalCSV\Retail Item-601 General Merchan_01.csv
10-05-18T20:14:43: Items Rows: 10
10-05-18T20:14:43: Items Rows: 20
10-05-18T20:14:43: Items Rows: 30
10-05-18T20:14:43: Items Rows: 40
10-05-18T20:14:43: Items Rows: 50
10-05-18T20:14:43: Items Rows: 60
10-05-18T20:14:43: Items Rows: 70
10-05-18T20:14:43: Items Rows: 80
10-05-18T20:14:43: Items Rows: 90
10-05-18T20:14:43: Items Rows: 100
10-05-18T20:14:43: Items Rows: 110
10-05-18T20:14:43: Items Rows: 120
10-05-18T20:14:43: Items Rows: 130
10-05-18T20:14:43: Items Rows: 140
10-05-18T20:14:43: Items Rows: 150
10-05-18T20:14:43: Items Rows: 160
10-05-18T20:14:43: Items Rows: 170
10-05-18T20:14:43: Items Rows: 180
10-05-18T20:14:43: Items Rows: 190
10-05-18T20:14:43: Items Rows: 200
10-05-18T20:14:43: Items Rows: 210
10-05-18T20:14:44: Items Rows: 220
10-05-18T20:14:44: Items Rows: 230
10-05-18T20:14:44: Items Rows: 240
10-05-18T20:14:44: Items Rows: 250
10-05-18T20:14:44: Items Rows: 260
10-05-18T20:14:44: Items Rows: 270
10-05-18T20:14:44: Items Rows: 280
10-05-18T20:14:44: Items Rows: 290
10-05-18T20:14:44: Items Rows: 300
10-05-18T20:14:44: Items Rows: 310
10-05-18T20:14:44: Items Rows: 320
10-05-18T20:14:44: Items Rows: 330
10-05-18T20:14:44: Items Rows: 340
10-05-18T20:14:44: Items Rows: 350
10-05-18T20:14:44: Items Rows: 360
10-05-18T20:14:44: Items Rows: 370
10-05-18T20:14:44: Items Rows: 380
10-05-18T20:14:44: Items Rows: 390
10-05-18T20:14:44: Items Rows: 400
10-05-18T20:14:44: Items Rows: 410
10-05-18T20:14:44: Items Rows: 420
10-05-18T20:14:44: Items Rows: 430
10-05-18T20:14:44: Items Rows: 440
10-05-18T20:14:44: Items Rows: 450
10-05-18T20:14:44: Items Rows: 460
10-05-18T20:14:44: Items Rows: 470
10-05-18T20:14:44: Items Rows: 480
10-05-18T20:14:44: Items Rows: 490
10-05-18T20:14:44: Items Rows: 500
10-05-18T20:14:44: Items Rows: 510
10-05-18T20:14:44: Items Rows: 520
10-05-18T20:14:44: Items Rows: 530
10-05-18T20:14:44: Items Rows: 540
10-05-18T20:14:44: Items Rows: 550
10-05-18T20:14:44: Items Rows: 560
10-05-18T20:14:44: Items Rows: 570
10-05-18T20:14:44: Items Rows: 580
10-05-18T20:14:44: Items Rows: 590
10-05-18T20:14:44: Items Rows: 600
10-05-18T20:14:44: Items Rows: 610
10-05-18T20:14:44: Items Rows: 620
10-05-18T20:14:44: Items Rows: 630
10-05-18T20:14:44: Items Rows: 640
10-05-18T20:14:44: Items Rows: 650
10-05-18T20:14:44: Items Rows: 660
10-05-18T20:14:44: Items Rows: 670
10-05-18T20:14:44: Items Rows: 680
10-05-18T20:14:44: Items Rows: 690
10-05-18T20:14:44: Items Rows: 700
10-05-18T20:14:44: Items Rows: 710
10-05-18T20:14:44: Items Rows: 720
10-05-18T20:14:44: Items Rows: 730
10-05-18T20:14:44: Items Rows: 740
10-05-18T20:14:44: Items Rows: 750
10-05-18T20:14:44: Items Rows: 760
10-05-18T20:14:44: Items Rows: 770
10-05-18T20:14:44: Items Rows: 780
10-05-18T20:14:44: Items Rows: 790
10-05-18T20:14:44: Items Rows: 800
10-05-18T20:14:44: Items Rows: 810
10-05-18T20:14:44: Items Rows: 820
10-05-18T20:14:44: Items Rows: 830
10-05-18T20:14:44: Items Rows: 840
10-05-18T20:14:44: Items Rows: 850
10-05-18T20:14:44: Items Rows: 860
10-05-18T20:14:44: Items Rows: 870
10-05-18T20:14:44: Items Rows: 880
10-05-18T20:14:44: Items Rows: 890
10-05-18T20:14:44: Items Rows: 900
10-05-18T20:14:44: Items Rows: 910
10-05-18T20:14:44: Items Rows: 920
10-05-18T20:14:44: Items Rows: 930
10-05-18T20:14:44: Items Rows: 940
10-05-18T20:14:44: Items Rows: 950
10-05-18T20:14:44: Items Rows: 960
10-05-18T20:14:44: Items Rows: 970
10-05-18T20:14:44: Items Rows: 980
10-05-18T20:14:44: Items Rows: 990
10-05-18T20:14:44: Items Rows: 1000
10-05-18T20:14:44: Items Rows: 1010
10-05-18T20:14:44: Items Rows: 1020
10-05-18T20:14:44: Items Rows: 1030
10-05-18T20:14:44: Items Rows: 1040
10-05-18T20:14:44: Items Rows: 1050
10-05-18T20:14:44: Items Rows: 1060
10-05-18T20:14:44: Items Rows: 1070
10-05-18T20:14:44: Items Rows: 1080
10-05-18T20:14:44: Items Rows: 1090
10-05-18T20:14:44: Items Rows: 1100
10-05-18T20:14:44: Items Rows: 1110
10-05-18T20:14:44: Items Rows: 1120
10-05-18T20:14:44: Items Rows: 1130
10-05-18T20:14:44: Items Rows: 1140
10-05-18T20:14:44: Items Rows: 1150
10-05-18T20:14:44: Items Rows: 1160
10-05-18T20:14:44: Items Rows: 1170
10-05-18T20:14:44: Items Rows: 1180
10-05-18T20:14:44: Items Rows: 1190
10-05-18T20:14:44: Items Rows: 1200
10-05-18T20:14:44: Items Rows: 1210
10-05-18T20:14:44: Items Rows: 1220
10-05-18T20:14:44: Items Rows: 1230
10-05-18T20:14:44: Items Rows: 1240
10-05-18T20:14:44: Items Rows: 1250
10-05-18T20:14:44: Items Rows: 1260
10-05-18T20:14:44: Items Rows: 1270
10-05-18T20:14:44: Items Rows: 1280
10-05-18T20:14:44: Items Rows: 1290
10-05-18T20:14:44: Items Rows: 1300
10-05-18T20:14:44: Items Rows: 1310
10-05-18T20:14:44: Items Rows: 1320
10-05-18T20:14:44: Items Rows: 1330
10-05-18T20:14:44: Items Rows: 1340
10-05-18T20:14:44: Items Rows: 1350
10-05-18T20:14:44: Items Rows: 1360
10-05-18T20:14:44: Items Rows: 1370
10-05-18T20:14:44: Items Rows: 1380
10-05-18T20:14:44: Items Rows: 1390
10-05-18T20:14:44: Items Rows: 1400
10-05-18T20:14:44: Items Rows: 1410
10-05-18T20:14:44: Items Rows: 1420
10-05-18T20:14:44: Items Rows: 1430
10-05-18T20:14:44: Items Rows: 1440
10-05-18T20:14:44: Items Rows: 1450
10-05-18T20:14:44: Items Rows: 1460
10-05-18T20:14:44: Items Rows: 1470
10-05-18T20:14:44: Items Rows: 1480
10-05-18T20:14:44: Items Rows: 1490
10-05-18T20:14:44: Items Rows: 1500
10-05-18T20:14:44: Items Rows: 1510
10-05-18T20:14:44: Items Rows: 1520
10-05-18T20:14:44: Items Rows: 1530
10-05-18T20:14:44: Items Rows: 1540
10-05-18T20:14:44: Items Rows: 1550
10-05-18T20:14:44: Items Rows: 1560
10-05-18T20:14:44: Items Rows: 1570
10-05-18T20:14:44: Items Rows: 1580
10-05-18T20:14:44: Items Rows: 1590
10-05-18T20:14:44: Items Rows: 1600
10-05-18T20:14:44: Items Rows: 1610
10-05-18T20:14:44: Items Rows: 1620
10-05-18T20:14:44: Items Rows: 1630
10-05-18T20:14:44: Items Rows: 1640
10-05-18T20:14:44: Items Rows: 1650
10-05-18T20:14:44: Items Rows: 1660
10-05-18T20:14:44: Items Rows: 1670
10-05-18T20:14:44: Items Rows: 1680
10-05-18T20:14:44: Items Rows: 1690
10-05-18T20:14:44: Items Rows: 1700
10-05-18T20:14:44: Items Rows: 1710
10-05-18T20:14:44: Items Rows: 1720
10-05-18T20:14:44: Items Rows: 1730
10-05-18T20:14:44: Items Rows: 1740
10-05-18T20:14:44: Items Rows: 1750
10-05-18T20:14:44: Items Rows: 1760
10-05-18T20:14:44: Items Rows: 1770
10-05-18T20:14:44: Items Rows: 1780
10-05-18T20:14:44: Items Rows: 1790
10-05-18T20:14:44: Items Rows: 1800
10-05-18T20:14:44: Items Rows: 1810
10-05-18T20:14:44: Items Rows: 1820
10-05-18T20:14:44: Items Rows: 1830
10-05-18T20:14:44: Items Rows: 1840
10-05-18T20:14:44: Items Rows: 1850
10-05-18T20:14:44: Items Rows: 1860
10-05-18T20:14:44: Items Rows: 1870
10-05-18T20:14:44: Items Rows: 1880
10-05-18T20:14:44: Items Rows: 1890
10-05-18T20:14:44: Items Rows: 1900
10-05-18T20:14:44: Items Rows: 1910
10-05-18T20:14:44: Items Rows: 1920
10-05-18T20:14:44: Items Rows: 1930
10-05-18T20:14:44: Items Rows: 1940
10-05-18T20:14:44: Items Rows: 1950
10-05-18T20:14:44: Items Rows: 1960
10-05-18T20:14:44: Items Rows: 1970
10-05-18T20:14:44: Items Rows: 1980
10-05-18T20:14:44: Items Rows: 1990
10-05-18T20:14:44: Items Rows: 2000
10-05-18T20:14:44: Items Rows: 2010
10-05-18T20:14:44: Items Rows: 2020
10-05-18T20:14:44: Items Rows: 2030
10-05-18T20:14:44: Items Rows: 2040
10-05-18T20:14:44: Items Rows: 2050
10-05-18T20:14:44: Items Rows: 2060
10-05-18T20:14:44: Items Rows: 2070
10-05-18T20:14:44: Items Rows: 2080
10-05-18T20:14:45: Items Rows: 2090
10-05-18T20:14:45: Items Rows: 2100
10-05-18T20:14:45: Items Rows: 2110
10-05-18T20:14:45: Items Rows: 2120
10-05-18T20:14:45: Items Rows: 2130
10-05-18T20:14:45: Items Rows: 2140
10-05-18T20:14:45: Items Rows: 2150
10-05-18T20:14:45: Items Rows: 2160
10-05-18T20:14:45: Items Rows: 2170
10-05-18T20:14:45: Items Rows: 2180
10-05-18T20:14:45: Items Rows: 2190
10-05-18T20:14:45: Items Rows: 2200
10-05-18T20:14:45: Items Rows: 2210
10-05-18T20:14:45: Items Rows: 2220
10-05-18T20:14:45: Items Rows: 2230
10-05-18T20:14:45: Items Rows: 2240
10-05-18T20:14:45: Items Rows: 2250
10-05-18T20:14:45: Items Rows: 2260
10-05-18T20:14:45: Items Rows: 2270
10-05-18T20:14:45: Items Rows: 2280
10-05-18T20:14:45: Items Rows: 2290
10-05-18T20:14:45: Items Rows: 2300
10-05-18T20:14:45: Items Rows: 2310
10-05-18T20:14:45: Items Rows: 2320
10-05-18T20:14:45: Items Rows: 2330
10-05-18T20:14:45: Items Rows: 2340
10-05-18T20:14:45: Items Rows: 2350
10-05-18T20:14:45: Items Rows: 2360
10-05-18T20:14:45: Items Rows: 2370
10-05-18T20:14:45: Items Rows: 2380
10-05-18T20:14:45: Items Rows: 2390
10-05-18T20:14:45: Items Rows: 2400
10-05-18T20:14:45: Items Rows: 2410
10-05-18T20:14:45: Items Rows: 2420
10-05-18T20:14:45: Items Rows: 2430
10-05-18T20:14:45: Items Rows: 2440
10-05-18T20:14:45: Items Rows: 2450
10-05-18T20:14:45: Items Rows: 2460
10-05-18T20:14:45: Items Rows: 2470
10-05-18T20:14:45: Items Rows: 2480
10-05-18T20:14:45: Items Rows: 2490
10-05-18T20:14:45: Items Rows: 2500
10-05-18T20:14:45: Items Rows: 2510
10-05-18T20:14:45: Items Rows: 2520
10-05-18T20:14:45: Items Rows: 2530
10-05-18T20:14:45: Items Rows: 2540
10-05-18T20:14:45: Items Rows: 2550
10-05-18T20:14:45: Items Rows: 2560
10-05-18T20:14:45: Items Rows: 2570
10-05-18T20:14:45: Items Rows: 2580
10-05-18T20:14:45: Starting XSL Transform, this may take awhile.
10-05-18T20:14:45: XSL Transform Complete.
10-05-18T20:14:45: Finished Items
10-05-18T20:14:45: Total Items: 2584
10-05-18T20:14:45: File created in final xml folder: Retail Item-601 General Merchan_01.xml
10-05-18T20:14:45: ...
10-05-18T20:14:45: End Log
