04-20-19T15:35:04: Start Log
04-20-19T15:35:04: Found Input File: C:\Users\chuck\Documents\ROC\Speedway-Source\Data Extraction And Loading\Import Files\Retail Item\FinalCSV\Chuck.csv
04-20-19T15:35:04: Starting XSL Transform, this may take awhile.
04-20-19T15:35:04: XSL Transform Complete.
04-20-19T15:35:04: Finished Items
04-20-19T15:35:04: Total Items: 7
04-20-19T15:35:04: File created in final xml folder: Chuck.xml
04-20-19T15:35:04: ...
04-20-19T15:35:04: Found Input File: C:\Users\chuck\Documents\ROC\Speedway-Source\Data Extraction And Loading\Import Files\Retail Item\FinalCSV\Retail Item- Invalid Catgory items.csv
04-20-19T15:35:04: Items Rows: 10
04-20-19T15:35:04: Items Rows: 20
04-20-19T15:35:04: Items Rows: 30
04-20-19T15:35:04: Items Rows: 40
04-20-19T15:35:04: Items Rows: 50
04-20-19T15:35:04: Items Rows: 60
04-20-19T15:35:04: Starting XSL Transform, this may take awhile.
04-20-19T15:35:04: XSL Transform Complete.
04-20-19T15:35:04: Finished Items
04-20-19T15:35:04: Total Items: 66
04-20-19T15:35:04: File created in final xml folder: Retail Item- Invalid Catgory items.xml
04-20-19T15:35:04: ...
04-20-19T15:35:04: Found Input File: C:\Users\chuck\Documents\ROC\Speedway-Source\Data Extraction And Loading\Import Files\Retail Item\FinalCSV\Retail Item-221 Sandwich_01.csv
04-20-19T15:35:04: Items Rows: 10
04-20-19T15:35:04: Items Rows: 20
04-20-19T15:35:04: Items Rows: 30
04-20-19T15:35:04: Items Rows: 40
04-20-19T15:35:04: Items Rows: 50
04-20-19T15:35:04: Items Rows: 60
04-20-19T15:35:04: Items Rows: 70
04-20-19T15:35:04: Items Rows: 80
04-20-19T15:35:04: Items Rows: 90
04-20-19T15:35:04: Items Rows: 100
04-20-19T15:35:04: Items Rows: 110
04-20-19T15:35:04: Items Rows: 120
04-20-19T15:35:04: Items Rows: 130
04-20-19T15:35:04: Items Rows: 140
04-20-19T15:35:04: Items Rows: 150
04-20-19T15:35:04: Items Rows: 160
04-20-19T15:35:04: Items Rows: 170
04-20-19T15:35:04: Items Rows: 180
04-20-19T15:35:04: Items Rows: 190
04-20-19T15:35:04: Items Rows: 200
04-20-19T15:35:04: Items Rows: 210
04-20-19T15:35:04: Items Rows: 220
04-20-19T15:35:05: Items Rows: 230
04-20-19T15:35:05: Items Rows: 240
04-20-19T15:35:05: Items Rows: 250
04-20-19T15:35:05: Items Rows: 260
04-20-19T15:35:05: Items Rows: 270
04-20-19T15:35:05: Items Rows: 280
04-20-19T15:35:05: Items Rows: 290
04-20-19T15:35:05: Items Rows: 300
04-20-19T15:35:05: Items Rows: 310
04-20-19T15:35:05: Items Rows: 320
04-20-19T15:35:05: Items Rows: 330
04-20-19T15:35:05: Items Rows: 340
04-20-19T15:35:05: Items Rows: 350
04-20-19T15:35:05: Items Rows: 360
04-20-19T15:35:05: Items Rows: 370
04-20-19T15:35:05: Items Rows: 380
04-20-19T15:35:05: Items Rows: 390
04-20-19T15:35:05: Items Rows: 400
04-20-19T15:35:05: Items Rows: 410
04-20-19T15:35:05: Items Rows: 420
04-20-19T15:35:05: Items Rows: 430
04-20-19T15:35:05: Items Rows: 440
04-20-19T15:35:05: Items Rows: 450
04-20-19T15:35:05: Items Rows: 460
04-20-19T15:35:05: Items Rows: 470
04-20-19T15:35:05: Items Rows: 480
04-20-19T15:35:05: Items Rows: 490
04-20-19T15:35:05: Items Rows: 500
04-20-19T15:35:05: Items Rows: 510
04-20-19T15:35:05: Items Rows: 520
04-20-19T15:35:05: Items Rows: 530
04-20-19T15:35:05: Items Rows: 540
04-20-19T15:35:05: Items Rows: 550
04-20-19T15:35:05: Items Rows: 560
04-20-19T15:35:05: Items Rows: 570
04-20-19T15:35:05: Items Rows: 580
04-20-19T15:35:05: Items Rows: 590
04-20-19T15:35:05: Items Rows: 600
04-20-19T15:35:05: Items Rows: 610
04-20-19T15:35:05: Items Rows: 620
04-20-19T15:35:05: Items Rows: 630
04-20-19T15:35:05: Items Rows: 640
04-20-19T15:35:05: Items Rows: 650
04-20-19T15:35:05: Items Rows: 660
04-20-19T15:35:05: Items Rows: 670
04-20-19T15:35:05: Items Rows: 680
04-20-19T15:35:05: Items Rows: 690
04-20-19T15:35:05: Items Rows: 700
04-20-19T15:35:05: Items Rows: 710
04-20-19T15:35:05: Items Rows: 720
04-20-19T15:35:05: Items Rows: 730
04-20-19T15:35:05: Items Rows: 740
04-20-19T15:35:05: Items Rows: 750
04-20-19T15:35:05: Items Rows: 760
04-20-19T15:35:05: Items Rows: 770
04-20-19T15:35:05: Items Rows: 780
04-20-19T15:35:05: Items Rows: 790
04-20-19T15:35:05: Starting XSL Transform, this may take awhile.
04-20-19T15:35:05: XSL Transform Complete.
04-20-19T15:35:05: Finished Items
04-20-19T15:35:05: Total Items: 791
04-20-19T15:35:05: File created in final xml folder: Retail Item-221 Sandwich_01.xml
04-20-19T15:35:05: ...
04-20-19T15:35:05: Found Input File: C:\Users\chuck\Documents\ROC\Speedway-Source\Data Extraction And Loading\Import Files\Retail Item\FinalCSV\Retail Item-401 Beer & Wine_01.csv
04-20-19T15:35:05: Items Rows: 10
04-20-19T15:35:05: Items Rows: 20
04-20-19T15:35:05: Items Rows: 30
04-20-19T15:35:05: Items Rows: 40
04-20-19T15:35:05: Items Rows: 50
04-20-19T15:35:05: Items Rows: 60
04-20-19T15:35:05: Items Rows: 70
04-20-19T15:35:05: Items Rows: 80
04-20-19T15:35:05: Items Rows: 90
04-20-19T15:35:05: Items Rows: 100
04-20-19T15:35:05: Items Rows: 110
04-20-19T15:35:05: Items Rows: 120
04-20-19T15:35:05: Items Rows: 130
04-20-19T15:35:05: Items Rows: 140
04-20-19T15:35:05: Items Rows: 150
04-20-19T15:35:05: Items Rows: 160
04-20-19T15:35:05: Items Rows: 170
04-20-19T15:35:05: Items Rows: 180
04-20-19T15:35:05: Items Rows: 190
04-20-19T15:35:05: Items Rows: 200
04-20-19T15:35:05: Items Rows: 210
04-20-19T15:35:05: Items Rows: 220
04-20-19T15:35:05: Items Rows: 230
04-20-19T15:35:05: Items Rows: 240
04-20-19T15:35:05: Items Rows: 250
04-20-19T15:35:05: Items Rows: 260
04-20-19T15:35:05: Items Rows: 270
04-20-19T15:35:05: Items Rows: 280
04-20-19T15:35:05: Items Rows: 290
04-20-19T15:35:05: Items Rows: 300
04-20-19T15:35:05: Items Rows: 310
04-20-19T15:35:05: Items Rows: 320
04-20-19T15:35:05: Items Rows: 330
04-20-19T15:35:05: Items Rows: 340
04-20-19T15:35:05: Items Rows: 350
04-20-19T15:35:05: Items Rows: 360
04-20-19T15:35:05: Items Rows: 370
04-20-19T15:35:05: Items Rows: 380
04-20-19T15:35:05: Items Rows: 390
04-20-19T15:35:05: Items Rows: 400
04-20-19T15:35:05: Items Rows: 410
04-20-19T15:35:05: Items Rows: 420
04-20-19T15:35:05: Items Rows: 430
04-20-19T15:35:05: Items Rows: 440
04-20-19T15:35:05: Items Rows: 450
04-20-19T15:35:05: Items Rows: 460
04-20-19T15:35:05: Items Rows: 470
04-20-19T15:35:05: Items Rows: 480
04-20-19T15:35:05: Items Rows: 490
04-20-19T15:35:05: Items Rows: 500
04-20-19T15:35:05: Items Rows: 510
04-20-19T15:35:05: Items Rows: 520
04-20-19T15:35:05: Items Rows: 530
04-20-19T15:35:05: Items Rows: 540
04-20-19T15:35:05: Items Rows: 550
04-20-19T15:35:05: Items Rows: 560
04-20-19T15:35:05: Items Rows: 570
04-20-19T15:35:05: Items Rows: 580
04-20-19T15:35:05: Items Rows: 590
04-20-19T15:35:05: Items Rows: 600
04-20-19T15:35:06: Items Rows: 610
04-20-19T15:35:06: Items Rows: 620
04-20-19T15:35:06: Items Rows: 630
04-20-19T15:35:06: Items Rows: 640
04-20-19T15:35:06: Items Rows: 650
04-20-19T15:35:06: Items Rows: 660
04-20-19T15:35:06: Items Rows: 670
04-20-19T15:35:06: Items Rows: 680
04-20-19T15:35:06: Items Rows: 690
04-20-19T15:35:06: Items Rows: 700
04-20-19T15:35:06: Items Rows: 710
04-20-19T15:35:06: Items Rows: 720
04-20-19T15:35:06: Items Rows: 730
04-20-19T15:35:06: Items Rows: 740
04-20-19T15:35:06: Items Rows: 750
04-20-19T15:35:06: Items Rows: 760
04-20-19T15:35:06: Items Rows: 770
04-20-19T15:35:06: Items Rows: 780
04-20-19T15:35:06: Items Rows: 790
04-20-19T15:35:06: Items Rows: 800
04-20-19T15:35:06: Items Rows: 810
04-20-19T15:35:06: Items Rows: 820
04-20-19T15:35:06: Items Rows: 830
04-20-19T15:35:06: Items Rows: 840
04-20-19T15:35:06: Items Rows: 850
04-20-19T15:35:06: Items Rows: 860
04-20-19T15:35:06: Items Rows: 870
04-20-19T15:35:06: Items Rows: 880
04-20-19T15:35:06: Items Rows: 890
04-20-19T15:35:06: Items Rows: 900
04-20-19T15:35:06: Items Rows: 910
04-20-19T15:35:06: Items Rows: 920
04-20-19T15:35:06: Items Rows: 930
04-20-19T15:35:06: Items Rows: 940
04-20-19T15:35:06: Items Rows: 950
04-20-19T15:35:06: Items Rows: 960
04-20-19T15:35:06: Items Rows: 970
04-20-19T15:35:06: Items Rows: 980
04-20-19T15:35:06: Items Rows: 990
04-20-19T15:35:06: Items Rows: 1000
04-20-19T15:35:06: Items Rows: 1010
04-20-19T15:35:06: Items Rows: 1020
04-20-19T15:35:06: Items Rows: 1030
04-20-19T15:35:06: Items Rows: 1040
04-20-19T15:35:06: Items Rows: 1050
04-20-19T15:35:06: Items Rows: 1060
04-20-19T15:35:06: Starting XSL Transform, this may take awhile.
04-20-19T15:35:06: XSL Transform Complete.
04-20-19T15:35:06: Finished Items
04-20-19T15:35:06: Total Items: 1065
04-20-19T15:35:06: File created in final xml folder: Retail Item-401 Beer & Wine_01.xml
04-20-19T15:35:06: ...
04-20-19T15:35:06: Found Input File: C:\Users\chuck\Documents\ROC\Speedway-Source\Data Extraction And Loading\Import Files\Retail Item\FinalCSV\Retail Item-601 General Merchan_01.csv
04-20-19T15:35:06: Items Rows: 10
04-20-19T15:35:06: Items Rows: 20
04-20-19T15:35:06: Items Rows: 30
04-20-19T15:35:06: Items Rows: 40
04-20-19T15:35:06: Items Rows: 50
04-20-19T15:35:06: Items Rows: 60
04-20-19T15:35:06: Items Rows: 70
04-20-19T15:35:06: Items Rows: 80
04-20-19T15:35:06: Items Rows: 90
04-20-19T15:35:06: Items Rows: 100
04-20-19T15:35:06: Items Rows: 110
04-20-19T15:35:06: Items Rows: 120
04-20-19T15:35:06: Items Rows: 130
04-20-19T15:35:06: Items Rows: 140
04-20-19T15:35:06: Items Rows: 150
04-20-19T15:35:06: Items Rows: 160
04-20-19T15:35:06: Items Rows: 170
04-20-19T15:35:06: Items Rows: 180
04-20-19T15:35:06: Items Rows: 190
04-20-19T15:35:06: Items Rows: 200
04-20-19T15:35:06: Items Rows: 210
04-20-19T15:35:06: Items Rows: 220
04-20-19T15:35:06: Items Rows: 230
04-20-19T15:35:06: Items Rows: 240
04-20-19T15:35:06: Items Rows: 250
04-20-19T15:35:06: Items Rows: 260
04-20-19T15:35:06: Items Rows: 270
04-20-19T15:35:06: Items Rows: 280
04-20-19T15:35:06: Items Rows: 290
04-20-19T15:35:06: Items Rows: 300
04-20-19T15:35:06: Items Rows: 310
04-20-19T15:35:06: Items Rows: 320
04-20-19T15:35:06: Items Rows: 330
04-20-19T15:35:06: Items Rows: 340
04-20-19T15:35:06: Items Rows: 350
04-20-19T15:35:06: Items Rows: 360
04-20-19T15:35:06: Items Rows: 370
04-20-19T15:35:06: Items Rows: 380
04-20-19T15:35:06: Items Rows: 390
04-20-19T15:35:06: Items Rows: 400
04-20-19T15:35:06: Items Rows: 410
04-20-19T15:35:06: Items Rows: 420
04-20-19T15:35:06: Items Rows: 430
04-20-19T15:35:06: Items Rows: 440
04-20-19T15:35:06: Items Rows: 450
04-20-19T15:35:06: Items Rows: 460
04-20-19T15:35:06: Items Rows: 470
04-20-19T15:35:06: Items Rows: 480
04-20-19T15:35:06: Items Rows: 490
04-20-19T15:35:06: Items Rows: 500
04-20-19T15:35:06: Items Rows: 510
04-20-19T15:35:06: Items Rows: 520
04-20-19T15:35:06: Items Rows: 530
04-20-19T15:35:06: Items Rows: 540
04-20-19T15:35:06: Items Rows: 550
04-20-19T15:35:06: Items Rows: 560
04-20-19T15:35:06: Items Rows: 570
04-20-19T15:35:06: Items Rows: 580
04-20-19T15:35:06: Items Rows: 590
04-20-19T15:35:06: Items Rows: 600
04-20-19T15:35:06: Items Rows: 610
04-20-19T15:35:06: Items Rows: 620
04-20-19T15:35:06: Items Rows: 630
04-20-19T15:35:06: Items Rows: 640
04-20-19T15:35:06: Items Rows: 650
04-20-19T15:35:06: Items Rows: 660
04-20-19T15:35:06: Items Rows: 670
04-20-19T15:35:07: Items Rows: 680
04-20-19T15:35:07: Items Rows: 690
04-20-19T15:35:07: Items Rows: 700
04-20-19T15:35:07: Items Rows: 710
04-20-19T15:35:07: Items Rows: 720
04-20-19T15:35:07: Items Rows: 730
04-20-19T15:35:07: Items Rows: 740
04-20-19T15:35:07: Items Rows: 750
04-20-19T15:35:07: Items Rows: 760
04-20-19T15:35:07: Items Rows: 770
04-20-19T15:35:07: Items Rows: 780
04-20-19T15:35:07: Items Rows: 790
04-20-19T15:35:07: Items Rows: 800
04-20-19T15:35:07: Items Rows: 810
04-20-19T15:35:07: Items Rows: 820
04-20-19T15:35:07: Items Rows: 830
04-20-19T15:35:07: Items Rows: 840
04-20-19T15:35:07: Items Rows: 850
04-20-19T15:35:07: Items Rows: 860
04-20-19T15:35:07: Items Rows: 870
04-20-19T15:35:07: Items Rows: 880
04-20-19T15:35:07: Items Rows: 890
04-20-19T15:35:07: Items Rows: 900
04-20-19T15:35:07: Items Rows: 910
04-20-19T15:35:07: Items Rows: 920
04-20-19T15:35:07: Items Rows: 930
04-20-19T15:35:07: Items Rows: 940
04-20-19T15:35:07: Items Rows: 950
04-20-19T15:35:07: Items Rows: 960
04-20-19T15:35:07: Items Rows: 970
04-20-19T15:35:07: Items Rows: 980
04-20-19T15:35:07: Items Rows: 990
04-20-19T15:35:07: Items Rows: 1000
04-20-19T15:35:07: Items Rows: 1010
04-20-19T15:35:07: Items Rows: 1020
04-20-19T15:35:07: Items Rows: 1030
04-20-19T15:35:07: Items Rows: 1040
04-20-19T15:35:07: Items Rows: 1050
04-20-19T15:35:07: Items Rows: 1060
04-20-19T15:35:07: Items Rows: 1070
04-20-19T15:35:07: Items Rows: 1080
04-20-19T15:35:07: Items Rows: 1090
04-20-19T15:35:07: Items Rows: 1100
04-20-19T15:35:07: Items Rows: 1110
04-20-19T15:35:07: Items Rows: 1120
04-20-19T15:35:07: Items Rows: 1130
04-20-19T15:35:07: Items Rows: 1140
04-20-19T15:35:07: Items Rows: 1150
04-20-19T15:35:07: Items Rows: 1160
04-20-19T15:35:07: Items Rows: 1170
04-20-19T15:35:07: Items Rows: 1180
04-20-19T15:35:07: Items Rows: 1190
04-20-19T15:35:07: Items Rows: 1200
04-20-19T15:35:07: Items Rows: 1210
04-20-19T15:35:07: Starting XSL Transform, this may take awhile.
04-20-19T15:35:07: XSL Transform Complete.
04-20-19T15:35:07: Finished Items
04-20-19T15:35:07: Total Items: 1216
04-20-19T15:35:07: File created in final xml folder: Retail Item-601 General Merchan_01.xml
04-20-19T15:35:07: ...
04-20-19T15:35:07: Found Input File: C:\Users\chuck\Documents\ROC\Speedway-Source\Data Extraction And Loading\Import Files\Retail Item\FinalCSV\Retail Item-601 General Merchan_02.csv
04-20-19T15:35:07: Items Rows: 10
04-20-19T15:35:07: Items Rows: 20
04-20-19T15:35:07: Items Rows: 30
04-20-19T15:35:07: Items Rows: 40
04-20-19T15:35:07: Items Rows: 50
04-20-19T15:35:07: Items Rows: 60
04-20-19T15:35:07: Items Rows: 70
04-20-19T15:35:07: Items Rows: 80
04-20-19T15:35:07: Items Rows: 90
04-20-19T15:35:07: Items Rows: 100
04-20-19T15:35:07: Items Rows: 110
04-20-19T15:35:07: Items Rows: 120
04-20-19T15:35:07: Items Rows: 130
04-20-19T15:35:07: Items Rows: 140
04-20-19T15:35:07: Items Rows: 150
04-20-19T15:35:07: Items Rows: 160
04-20-19T15:35:07: Items Rows: 170
04-20-19T15:35:07: Items Rows: 180
04-20-19T15:35:07: Items Rows: 190
04-20-19T15:35:07: Items Rows: 200
04-20-19T15:35:07: Items Rows: 210
04-20-19T15:35:07: Items Rows: 220
04-20-19T15:35:07: Items Rows: 230
04-20-19T15:35:07: Items Rows: 240
04-20-19T15:35:07: Items Rows: 250
04-20-19T15:35:07: Items Rows: 260
04-20-19T15:35:07: Items Rows: 270
04-20-19T15:35:07: Items Rows: 280
04-20-19T15:35:07: Items Rows: 290
04-20-19T15:35:07: Items Rows: 300
04-20-19T15:35:07: Items Rows: 310
04-20-19T15:35:07: Items Rows: 320
04-20-19T15:35:07: Items Rows: 330
04-20-19T15:35:07: Items Rows: 340
04-20-19T15:35:07: Items Rows: 350
04-20-19T15:35:07: Items Rows: 360
04-20-19T15:35:07: Items Rows: 370
04-20-19T15:35:07: Items Rows: 380
04-20-19T15:35:07: Items Rows: 390
04-20-19T15:35:07: Items Rows: 400
04-20-19T15:35:07: Items Rows: 410
04-20-19T15:35:07: Items Rows: 420
04-20-19T15:35:07: Items Rows: 430
04-20-19T15:35:07: Items Rows: 440
04-20-19T15:35:07: Items Rows: 450
04-20-19T15:35:07: Items Rows: 460
04-20-19T15:35:07: Items Rows: 470
04-20-19T15:35:07: Items Rows: 480
04-20-19T15:35:07: Items Rows: 490
04-20-19T15:35:07: Items Rows: 500
04-20-19T15:35:07: Items Rows: 510
04-20-19T15:35:07: Items Rows: 520
04-20-19T15:35:07: Items Rows: 530
04-20-19T15:35:07: Items Rows: 540
04-20-19T15:35:07: Items Rows: 550
04-20-19T15:35:07: Items Rows: 560
04-20-19T15:35:08: Items Rows: 570
04-20-19T15:35:08: Items Rows: 580
04-20-19T15:35:08: Items Rows: 590
04-20-19T15:35:08: Items Rows: 600
04-20-19T15:35:08: Items Rows: 610
04-20-19T15:35:08: Items Rows: 620
04-20-19T15:35:08: Items Rows: 630
04-20-19T15:35:08: Items Rows: 640
04-20-19T15:35:08: Items Rows: 650
04-20-19T15:35:08: Items Rows: 660
04-20-19T15:35:08: Items Rows: 670
04-20-19T15:35:08: Items Rows: 680
04-20-19T15:35:08: Items Rows: 690
04-20-19T15:35:08: Items Rows: 700
04-20-19T15:35:08: Items Rows: 710
04-20-19T15:35:08: Items Rows: 720
04-20-19T15:35:08: Items Rows: 730
04-20-19T15:35:08: Items Rows: 740
04-20-19T15:35:08: Items Rows: 750
04-20-19T15:35:08: Items Rows: 760
04-20-19T15:35:08: Items Rows: 770
04-20-19T15:35:08: Items Rows: 780
04-20-19T15:35:08: Items Rows: 790
04-20-19T15:35:08: Items Rows: 800
04-20-19T15:35:08: Items Rows: 810
04-20-19T15:35:08: Items Rows: 820
04-20-19T15:35:08: Items Rows: 830
04-20-19T15:35:08: Items Rows: 840
04-20-19T15:35:08: Items Rows: 850
04-20-19T15:35:08: Items Rows: 860
04-20-19T15:35:08: Items Rows: 870
04-20-19T15:35:08: Items Rows: 880
04-20-19T15:35:08: Items Rows: 890
04-20-19T15:35:08: Items Rows: 900
04-20-19T15:35:08: Items Rows: 910
04-20-19T15:35:08: Items Rows: 920
04-20-19T15:35:08: Items Rows: 930
04-20-19T15:35:08: Items Rows: 940
04-20-19T15:35:08: Items Rows: 950
04-20-19T15:35:08: Items Rows: 960
04-20-19T15:35:08: Items Rows: 970
04-20-19T15:35:08: Items Rows: 980
04-20-19T15:35:08: Items Rows: 990
04-20-19T15:35:08: Items Rows: 1000
04-20-19T15:35:08: Items Rows: 1010
04-20-19T15:35:08: Items Rows: 1020
04-20-19T15:35:08: Items Rows: 1030
04-20-19T15:35:08: Items Rows: 1040
04-20-19T15:35:08: Items Rows: 1050
04-20-19T15:35:08: Items Rows: 1060
04-20-19T15:35:08: Items Rows: 1070
04-20-19T15:35:08: Items Rows: 1080
04-20-19T15:35:08: Items Rows: 1090
04-20-19T15:35:08: Items Rows: 1100
04-20-19T15:35:08: Items Rows: 1110
04-20-19T15:35:08: Items Rows: 1120
04-20-19T15:35:08: Items Rows: 1130
04-20-19T15:35:08: Items Rows: 1140
04-20-19T15:35:08: Items Rows: 1150
04-20-19T15:35:08: Items Rows: 1160
04-20-19T15:35:08: Items Rows: 1170
04-20-19T15:35:08: Items Rows: 1180
04-20-19T15:35:08: Items Rows: 1190
04-20-19T15:35:08: Items Rows: 1200
04-20-19T15:35:08: Items Rows: 1210
04-20-19T15:35:08: Items Rows: 1220
04-20-19T15:35:08: Starting XSL Transform, this may take awhile.
04-20-19T15:35:08: XSL Transform Complete.
04-20-19T15:35:08: Finished Items
04-20-19T15:35:08: Total Items: 1225
04-20-19T15:35:08: File created in final xml folder: Retail Item-601 General Merchan_02.xml
04-20-19T15:35:08: ...
04-20-19T15:35:08: Found Input File: C:\Users\chuck\Documents\ROC\Speedway-Source\Data Extraction And Loading\Import Files\Retail Item\FinalCSV\Retail Item-601 General Merchan_03.csv
04-20-19T15:35:08: Items Rows: 10
04-20-19T15:35:08: Items Rows: 20
04-20-19T15:35:08: Items Rows: 30
04-20-19T15:35:08: Items Rows: 40
04-20-19T15:35:08: Items Rows: 50
04-20-19T15:35:08: Items Rows: 60
04-20-19T15:35:08: Items Rows: 70
04-20-19T15:35:08: Items Rows: 80
04-20-19T15:35:08: Items Rows: 90
04-20-19T15:35:08: Items Rows: 100
04-20-19T15:35:08: Items Rows: 110
04-20-19T15:35:08: Items Rows: 120
04-20-19T15:35:08: Items Rows: 130
04-20-19T15:35:08: Items Rows: 140
04-20-19T15:35:08: Items Rows: 150
04-20-19T15:35:08: Items Rows: 160
04-20-19T15:35:08: Items Rows: 170
04-20-19T15:35:08: Items Rows: 180
04-20-19T15:35:08: Items Rows: 190
04-20-19T15:35:08: Items Rows: 200
04-20-19T15:35:08: Items Rows: 210
04-20-19T15:35:08: Items Rows: 220
04-20-19T15:35:08: Items Rows: 230
04-20-19T15:35:08: Items Rows: 240
04-20-19T15:35:08: Items Rows: 250
04-20-19T15:35:08: Items Rows: 260
04-20-19T15:35:08: Items Rows: 270
04-20-19T15:35:08: Items Rows: 280
04-20-19T15:35:08: Items Rows: 290
04-20-19T15:35:08: Items Rows: 300
04-20-19T15:35:08: Items Rows: 310
04-20-19T15:35:09: Items Rows: 320
04-20-19T15:35:09: Items Rows: 330
04-20-19T15:35:09: Items Rows: 340
04-20-19T15:35:09: Items Rows: 350
04-20-19T15:35:09: Items Rows: 360
04-20-19T15:35:09: Items Rows: 370
04-20-19T15:35:09: Items Rows: 380
04-20-19T15:35:09: Items Rows: 390
04-20-19T15:35:09: Items Rows: 400
04-20-19T15:35:09: Items Rows: 410
04-20-19T15:35:09: Items Rows: 420
04-20-19T15:35:09: Items Rows: 430
04-20-19T15:35:09: Items Rows: 440
04-20-19T15:35:09: Items Rows: 450
04-20-19T15:35:09: Items Rows: 460
04-20-19T15:35:09: Items Rows: 470
04-20-19T15:35:09: Items Rows: 480
04-20-19T15:35:09: Items Rows: 490
04-20-19T15:35:09: Items Rows: 500
04-20-19T15:35:09: Items Rows: 510
04-20-19T15:35:09: Items Rows: 520
04-20-19T15:35:09: Items Rows: 530
04-20-19T15:35:09: Items Rows: 540
04-20-19T15:35:09: Items Rows: 550
04-20-19T15:35:09: Items Rows: 560
04-20-19T15:35:09: Items Rows: 570
04-20-19T15:35:09: Items Rows: 580
04-20-19T15:35:09: Items Rows: 590
04-20-19T15:35:09: Items Rows: 600
04-20-19T15:35:09: Items Rows: 610
04-20-19T15:35:09: Items Rows: 620
04-20-19T15:35:09: Items Rows: 630
04-20-19T15:35:09: Items Rows: 640
04-20-19T15:35:09: Items Rows: 650
04-20-19T15:35:09: Items Rows: 660
04-20-19T15:35:09: Items Rows: 670
04-20-19T15:35:09: Items Rows: 680
04-20-19T15:35:09: Items Rows: 690
04-20-19T15:35:09: Items Rows: 700
04-20-19T15:35:09: Items Rows: 710
04-20-19T15:35:09: Items Rows: 720
04-20-19T15:35:09: Items Rows: 730
04-20-19T15:35:09: Items Rows: 740
04-20-19T15:35:09: Items Rows: 750
04-20-19T15:35:09: Items Rows: 760
04-20-19T15:35:09: Items Rows: 770
04-20-19T15:35:09: Items Rows: 780
04-20-19T15:35:09: Items Rows: 790
04-20-19T15:35:09: Items Rows: 800
04-20-19T15:35:09: Items Rows: 810
04-20-19T15:35:09: Items Rows: 820
04-20-19T15:35:09: Items Rows: 830
04-20-19T15:35:09: Items Rows: 840
04-20-19T15:35:09: Items Rows: 850
04-20-19T15:35:09: Items Rows: 860
04-20-19T15:35:09: Items Rows: 870
04-20-19T15:35:09: Items Rows: 880
04-20-19T15:35:09: Items Rows: 890
04-20-19T15:35:09: Items Rows: 900
04-20-19T15:35:09: Items Rows: 910
04-20-19T15:35:09: Items Rows: 920
04-20-19T15:35:09: Items Rows: 930
04-20-19T15:35:09: Items Rows: 940
04-20-19T15:35:09: Items Rows: 950
04-20-19T15:35:09: Items Rows: 960
04-20-19T15:35:09: Items Rows: 970
04-20-19T15:35:09: Items Rows: 980
04-20-19T15:35:09: Items Rows: 990
04-20-19T15:35:09: Items Rows: 1000
04-20-19T15:35:09: Items Rows: 1010
04-20-19T15:35:09: Items Rows: 1020
04-20-19T15:35:09: Items Rows: 1030
04-20-19T15:35:09: Items Rows: 1040
04-20-19T15:35:09: Items Rows: 1050
04-20-19T15:35:09: Items Rows: 1060
04-20-19T15:35:09: Items Rows: 1070
04-20-19T15:35:09: Items Rows: 1080
04-20-19T15:35:09: Items Rows: 1090
04-20-19T15:35:09: Items Rows: 1100
04-20-19T15:35:09: Items Rows: 1110
04-20-19T15:35:09: Items Rows: 1120
04-20-19T15:35:09: Items Rows: 1130
04-20-19T15:35:09: Items Rows: 1140
04-20-19T15:35:09: Items Rows: 1150
04-20-19T15:35:09: Items Rows: 1160
04-20-19T15:35:09: Starting XSL Transform, this may take awhile.
04-20-19T15:35:09: XSL Transform Complete.
04-20-19T15:35:09: Finished Items
04-20-19T15:35:09: Total Items: 1161
04-20-19T15:35:09: File created in final xml folder: Retail Item-601 General Merchan_03.xml
04-20-19T15:35:09: ...
04-20-19T15:35:09: Found Input File: C:\Users\chuck\Documents\ROC\Speedway-Source\Data Extraction And Loading\Import Files\Retail Item\FinalCSV\Retail Item-601 General Merchan_07.csv
04-20-19T15:35:09: Items Rows: 10
04-20-19T15:35:09: Items Rows: 20
04-20-19T15:35:09: Items Rows: 30
04-20-19T15:35:09: Items Rows: 40
04-20-19T15:35:10: Items Rows: 50
04-20-19T15:35:10: Items Rows: 60
04-20-19T15:35:10: Items Rows: 70
04-20-19T15:35:10: Items Rows: 80
04-20-19T15:35:10: Items Rows: 90
04-20-19T15:35:10: Items Rows: 100
04-20-19T15:35:10: Items Rows: 110
04-20-19T15:35:10: Items Rows: 120
04-20-19T15:35:10: Items Rows: 130
04-20-19T15:35:10: Items Rows: 140
04-20-19T15:35:10: Items Rows: 150
04-20-19T15:35:10: Items Rows: 160
04-20-19T15:35:10: Items Rows: 170
04-20-19T15:35:10: Items Rows: 180
04-20-19T15:35:10: Items Rows: 190
04-20-19T15:35:10: Items Rows: 200
04-20-19T15:35:10: Items Rows: 210
04-20-19T15:35:10: Items Rows: 220
04-20-19T15:35:10: Items Rows: 230
04-20-19T15:35:10: Items Rows: 240
04-20-19T15:35:10: Items Rows: 250
04-20-19T15:35:10: Items Rows: 260
04-20-19T15:35:10: Items Rows: 270
04-20-19T15:35:10: Items Rows: 280
04-20-19T15:35:10: Items Rows: 290
04-20-19T15:35:10: Items Rows: 300
04-20-19T15:35:10: Items Rows: 310
04-20-19T15:35:10: Items Rows: 320
04-20-19T15:35:10: Items Rows: 330
04-20-19T15:35:10: Items Rows: 340
04-20-19T15:35:10: Items Rows: 350
04-20-19T15:35:10: Items Rows: 360
04-20-19T15:35:10: Items Rows: 370
04-20-19T15:35:10: Items Rows: 380
04-20-19T15:35:10: Items Rows: 390
04-20-19T15:35:10: Items Rows: 400
04-20-19T15:35:10: Items Rows: 410
04-20-19T15:35:10: Items Rows: 420
04-20-19T15:35:10: Items Rows: 430
04-20-19T15:35:10: Items Rows: 440
04-20-19T15:35:10: Items Rows: 450
04-20-19T15:35:10: Items Rows: 460
04-20-19T15:35:10: Items Rows: 470
04-20-19T15:35:10: Items Rows: 480
04-20-19T15:35:10: Items Rows: 490
04-20-19T15:35:10: Items Rows: 500
04-20-19T15:35:10: Items Rows: 510
04-20-19T15:35:10: Items Rows: 520
04-20-19T15:35:10: Items Rows: 530
04-20-19T15:35:10: Items Rows: 540
04-20-19T15:35:10: Items Rows: 550
04-20-19T15:35:10: Items Rows: 560
04-20-19T15:35:10: Items Rows: 570
04-20-19T15:35:10: Items Rows: 580
04-20-19T15:35:10: Items Rows: 590
04-20-19T15:35:10: Items Rows: 600
04-20-19T15:35:10: Items Rows: 610
04-20-19T15:35:10: Items Rows: 620
04-20-19T15:35:10: Items Rows: 630
04-20-19T15:35:10: Items Rows: 640
04-20-19T15:35:10: Items Rows: 650
04-20-19T15:35:10: Items Rows: 660
04-20-19T15:35:10: Items Rows: 670
04-20-19T15:35:10: Items Rows: 680
04-20-19T15:35:10: Items Rows: 690
04-20-19T15:35:10: Items Rows: 700
04-20-19T15:35:10: Items Rows: 710
04-20-19T15:35:10: Items Rows: 720
04-20-19T15:35:10: Items Rows: 730
04-20-19T15:35:10: Items Rows: 740
04-20-19T15:35:10: Items Rows: 750
04-20-19T15:35:10: Items Rows: 760
04-20-19T15:35:10: Items Rows: 770
04-20-19T15:35:10: Items Rows: 780
04-20-19T15:35:10: Items Rows: 790
04-20-19T15:35:10: Items Rows: 800
04-20-19T15:35:10: Items Rows: 810
04-20-19T15:35:10: Items Rows: 820
04-20-19T15:35:10: Items Rows: 830
04-20-19T15:35:10: Items Rows: 840
04-20-19T15:35:10: Items Rows: 850
04-20-19T15:35:10: Items Rows: 860
04-20-19T15:35:10: Items Rows: 870
04-20-19T15:35:10: Items Rows: 880
04-20-19T15:35:10: Items Rows: 890
04-20-19T15:35:10: Items Rows: 900
04-20-19T15:35:10: Items Rows: 910
04-20-19T15:35:10: Items Rows: 920
04-20-19T15:35:10: Items Rows: 930
04-20-19T15:35:10: Items Rows: 940
04-20-19T15:35:10: Items Rows: 950
04-20-19T15:35:10: Items Rows: 960
04-20-19T15:35:10: Items Rows: 970
04-20-19T15:35:10: Items Rows: 980
04-20-19T15:35:10: Items Rows: 990
04-20-19T15:35:10: Items Rows: 1000
04-20-19T15:35:10: Items Rows: 1010
04-20-19T15:35:10: Items Rows: 1020
04-20-19T15:35:10: Items Rows: 1030
04-20-19T15:35:10: Items Rows: 1040
04-20-19T15:35:10: Items Rows: 1050
04-20-19T15:35:10: Items Rows: 1060
04-20-19T15:35:10: Items Rows: 1070
04-20-19T15:35:10: Items Rows: 1080
04-20-19T15:35:10: Items Rows: 1090
04-20-19T15:35:10: Items Rows: 1100
04-20-19T15:35:10: Items Rows: 1110
04-20-19T15:35:10: Items Rows: 1120
04-20-19T15:35:10: Items Rows: 1130
04-20-19T15:35:10: Items Rows: 1140
04-20-19T15:35:10: Items Rows: 1150
04-20-19T15:35:10: Items Rows: 1160
04-20-19T15:35:10: Items Rows: 1170
04-20-19T15:35:10: Items Rows: 1180
04-20-19T15:35:10: Items Rows: 1190
04-20-19T15:35:10: Items Rows: 1200
04-20-19T15:35:10: Items Rows: 1210
04-20-19T15:35:10: Items Rows: 1220
04-20-19T15:35:10: Items Rows: 1230
04-20-19T15:35:10: Starting XSL Transform, this may take awhile.
04-20-19T15:35:11: XSL Transform Complete.
04-20-19T15:35:11: Finished Items
04-20-19T15:35:11: Total Items: 1233
04-20-19T15:35:11: File created in final xml folder: Retail Item-601 General Merchan_07.xml
04-20-19T15:35:11: ...
04-20-19T15:35:11: Found Input File: C:\Users\chuck\Documents\ROC\Speedway-Source\Data Extraction And Loading\Import Files\Retail Item\FinalCSV\Retail Item-707 Consignment - Foodservice_01.csv
04-20-19T15:35:11: Items Rows: 10
04-20-19T15:35:11: Items Rows: 20
04-20-19T15:35:11: Items Rows: 30
04-20-19T15:35:11: Items Rows: 40
04-20-19T15:35:11: Items Rows: 50
04-20-19T15:35:11: Items Rows: 60
04-20-19T15:35:11: Items Rows: 70
04-20-19T15:35:11: Items Rows: 80
04-20-19T15:35:11: Items Rows: 90
04-20-19T15:35:11: Items Rows: 100
04-20-19T15:35:11: Items Rows: 110
04-20-19T15:35:11: Items Rows: 120
04-20-19T15:35:11: Items Rows: 130
04-20-19T15:35:11: Items Rows: 140
04-20-19T15:35:11: Items Rows: 150
04-20-19T15:35:11: Items Rows: 160
04-20-19T15:35:11: Items Rows: 170
04-20-19T15:35:11: Items Rows: 180
04-20-19T15:35:11: Items Rows: 190
04-20-19T15:35:11: Items Rows: 200
04-20-19T15:35:11: Items Rows: 210
04-20-19T15:35:11: Items Rows: 220
04-20-19T15:35:11: Items Rows: 230
04-20-19T15:35:11: Items Rows: 240
04-20-19T15:35:11: Items Rows: 250
04-20-19T15:35:11: Items Rows: 260
04-20-19T15:35:11: Items Rows: 270
04-20-19T15:35:11: Items Rows: 280
04-20-19T15:35:11: Items Rows: 290
04-20-19T15:35:11: Items Rows: 300
04-20-19T15:35:11: Items Rows: 310
04-20-19T15:35:11: Items Rows: 320
04-20-19T15:35:11: Items Rows: 330
04-20-19T15:35:11: Items Rows: 340
04-20-19T15:35:11: Items Rows: 350
04-20-19T15:35:11: Items Rows: 360
04-20-19T15:35:11: Items Rows: 370
04-20-19T15:35:11: Items Rows: 380
04-20-19T15:35:11: Items Rows: 390
04-20-19T15:35:11: Items Rows: 400
04-20-19T15:35:11: Items Rows: 410
04-20-19T15:35:11: Items Rows: 420
04-20-19T15:35:11: Items Rows: 430
04-20-19T15:35:11: Items Rows: 440
04-20-19T15:35:11: Items Rows: 450
04-20-19T15:35:11: Items Rows: 460
04-20-19T15:35:11: Items Rows: 470
04-20-19T15:35:11: Items Rows: 480
04-20-19T15:35:11: Items Rows: 490
04-20-19T15:35:11: Items Rows: 500
04-20-19T15:35:11: Items Rows: 510
04-20-19T15:35:11: Items Rows: 520
04-20-19T15:35:11: Items Rows: 530
04-20-19T15:35:11: Items Rows: 540
04-20-19T15:35:11: Items Rows: 550
04-20-19T15:35:11: Items Rows: 560
04-20-19T15:35:11: Items Rows: 570
04-20-19T15:35:11: Items Rows: 580
04-20-19T15:35:11: Items Rows: 590
04-20-19T15:35:11: Items Rows: 600
04-20-19T15:35:11: Starting XSL Transform, this may take awhile.
04-20-19T15:35:11: XSL Transform Complete.
04-20-19T15:35:11: Finished Items
04-20-19T15:35:11: Total Items: 601
04-20-19T15:35:11: File created in final xml folder: Retail Item-707 Consignment - Foodservice_01.xml
04-20-19T15:35:11: ...
04-20-19T15:35:11: Found Input File: C:\Users\chuck\Documents\ROC\Speedway-Source\Data Extraction And Loading\Import Files\Retail Item\FinalCSV\Retail Item-77 Store Supplies_01.csv
04-20-19T15:35:11: Items Rows: 10
04-20-19T15:35:11: Items Rows: 20
04-20-19T15:35:11: Items Rows: 30
04-20-19T15:35:11: Items Rows: 40
04-20-19T15:35:11: Items Rows: 50
04-20-19T15:35:11: Items Rows: 60
04-20-19T15:35:11: Items Rows: 70
04-20-19T15:35:11: Items Rows: 80
04-20-19T15:35:11: Items Rows: 90
04-20-19T15:35:11: Items Rows: 100
04-20-19T15:35:11: Items Rows: 110
04-20-19T15:35:11: Items Rows: 120
04-20-19T15:35:11: Items Rows: 130
04-20-19T15:35:11: Items Rows: 140
04-20-19T15:35:11: Items Rows: 150
04-20-19T15:35:11: Items Rows: 160
04-20-19T15:35:11: Items Rows: 170
04-20-19T15:35:11: Items Rows: 180
04-20-19T15:35:11: Items Rows: 190
04-20-19T15:35:11: Items Rows: 200
04-20-19T15:35:11: Items Rows: 210
04-20-19T15:35:11: Items Rows: 220
04-20-19T15:35:11: Items Rows: 230
04-20-19T15:35:11: Items Rows: 240
04-20-19T15:35:11: Items Rows: 250
04-20-19T15:35:11: Items Rows: 260
04-20-19T15:35:11: Items Rows: 270
04-20-19T15:35:11: Items Rows: 280
04-20-19T15:35:11: Items Rows: 290
04-20-19T15:35:11: Items Rows: 300
04-20-19T15:35:11: Items Rows: 310
04-20-19T15:35:11: Items Rows: 320
04-20-19T15:35:11: Items Rows: 330
04-20-19T15:35:11: Items Rows: 340
04-20-19T15:35:11: Items Rows: 350
04-20-19T15:35:11: Items Rows: 360
04-20-19T15:35:11: Items Rows: 370
04-20-19T15:35:11: Items Rows: 380
04-20-19T15:35:11: Items Rows: 390
04-20-19T15:35:11: Items Rows: 400
04-20-19T15:35:11: Items Rows: 410
04-20-19T15:35:11: Items Rows: 420
04-20-19T15:35:11: Items Rows: 430
04-20-19T15:35:11: Items Rows: 440
04-20-19T15:35:11: Items Rows: 450
04-20-19T15:35:11: Items Rows: 460
04-20-19T15:35:11: Items Rows: 470
04-20-19T15:35:11: Items Rows: 480
04-20-19T15:35:11: Items Rows: 490
04-20-19T15:35:11: Items Rows: 500
04-20-19T15:35:11: Items Rows: 510
04-20-19T15:35:11: Items Rows: 520
04-20-19T15:35:11: Items Rows: 530
04-20-19T15:35:11: Items Rows: 540
04-20-19T15:35:11: Items Rows: 550
04-20-19T15:35:11: Items Rows: 560
04-20-19T15:35:11: Items Rows: 570
04-20-19T15:35:11: Items Rows: 580
04-20-19T15:35:11: Items Rows: 590
04-20-19T15:35:11: Items Rows: 600
04-20-19T15:35:11: Items Rows: 610
04-20-19T15:35:11: Items Rows: 620
04-20-19T15:35:11: Items Rows: 630
04-20-19T15:35:11: Items Rows: 640
04-20-19T15:35:11: Items Rows: 650
04-20-19T15:35:11: Items Rows: 660
04-20-19T15:35:11: Items Rows: 670
04-20-19T15:35:11: Items Rows: 680
04-20-19T15:35:11: Items Rows: 690
04-20-19T15:35:11: Items Rows: 700
04-20-19T15:35:11: Items Rows: 710
04-20-19T15:35:11: Items Rows: 720
04-20-19T15:35:11: Items Rows: 730
04-20-19T15:35:11: Items Rows: 740
04-20-19T15:35:11: Items Rows: 750
04-20-19T15:35:11: Items Rows: 760
04-20-19T15:35:11: Items Rows: 770
04-20-19T15:35:11: Items Rows: 780
04-20-19T15:35:11: Items Rows: 790
04-20-19T15:35:11: Items Rows: 800
04-20-19T15:35:11: Items Rows: 810
04-20-19T15:35:11: Items Rows: 820
04-20-19T15:35:11: Items Rows: 830
04-20-19T15:35:11: Items Rows: 840
04-20-19T15:35:11: Items Rows: 850
04-20-19T15:35:11: Items Rows: 860
04-20-19T15:35:11: Items Rows: 870
04-20-19T15:35:11: Items Rows: 880
04-20-19T15:35:11: Items Rows: 890
04-20-19T15:35:11: Items Rows: 900
04-20-19T15:35:11: Items Rows: 910
04-20-19T15:35:11: Items Rows: 920
04-20-19T15:35:11: Items Rows: 930
04-20-19T15:35:11: Items Rows: 940
04-20-19T15:35:11: Items Rows: 950
04-20-19T15:35:11: Items Rows: 960
04-20-19T15:35:11: Items Rows: 970
04-20-19T15:35:11: Items Rows: 980
04-20-19T15:35:11: Items Rows: 990
04-20-19T15:35:11: Items Rows: 1000
04-20-19T15:35:11: Items Rows: 1010
04-20-19T15:35:11: Items Rows: 1020
04-20-19T15:35:11: Items Rows: 1030
04-20-19T15:35:11: Items Rows: 1040
04-20-19T15:35:11: Items Rows: 1050
04-20-19T15:35:11: Items Rows: 1060
04-20-19T15:35:11: Items Rows: 1070
04-20-19T15:35:11: Items Rows: 1080
04-20-19T15:35:11: Items Rows: 1090
04-20-19T15:35:11: Items Rows: 1100
04-20-19T15:35:11: Items Rows: 1110
04-20-19T15:35:12: Items Rows: 1120
04-20-19T15:35:12: Items Rows: 1130
04-20-19T15:35:12: Items Rows: 1140
04-20-19T15:35:12: Items Rows: 1150
04-20-19T15:35:12: Items Rows: 1160
04-20-19T15:35:12: Items Rows: 1170
04-20-19T15:35:12: Items Rows: 1180
04-20-19T15:35:12: Items Rows: 1190
04-20-19T15:35:12: Items Rows: 1200
04-20-19T15:35:12: Items Rows: 1210
04-20-19T15:35:12: Items Rows: 1220
04-20-19T15:35:12: Items Rows: 1230
04-20-19T15:35:12: Items Rows: 1240
04-20-19T15:35:12: Items Rows: 1250
04-20-19T15:35:12: Items Rows: 1260
04-20-19T15:35:12: Items Rows: 1270
04-20-19T15:35:12: Items Rows: 1280
04-20-19T15:35:12: Items Rows: 1290
04-20-19T15:35:12: Items Rows: 1300
04-20-19T15:35:12: Items Rows: 1310
04-20-19T15:35:12: Items Rows: 1320
04-20-19T15:35:12: Items Rows: 1330
04-20-19T15:35:12: Items Rows: 1340
04-20-19T15:35:12: Items Rows: 1350
04-20-19T15:35:12: Items Rows: 1360
04-20-19T15:35:12: Items Rows: 1370
04-20-19T15:35:12: Items Rows: 1380
04-20-19T15:35:12: Items Rows: 1390
04-20-19T15:35:12: Items Rows: 1400
04-20-19T15:35:12: Items Rows: 1410
04-20-19T15:35:12: Items Rows: 1420
04-20-19T15:35:12: Items Rows: 1430
04-20-19T15:35:12: Items Rows: 1440
04-20-19T15:35:12: Items Rows: 1450
04-20-19T15:35:12: Items Rows: 1460
04-20-19T15:35:12: Items Rows: 1470
04-20-19T15:35:12: Items Rows: 1480
04-20-19T15:35:12: Starting XSL Transform, this may take awhile.
04-20-19T15:35:12: XSL Transform Complete.
04-20-19T15:35:12: Finished Items
04-20-19T15:35:12: Total Items: 1480
04-20-19T15:35:12: File created in final xml folder: Retail Item-77 Store Supplies_01.xml
04-20-19T15:35:12: ...
04-20-19T15:35:12: Found Input File: C:\Users\chuck\Documents\ROC\Speedway-Source\Data Extraction And Loading\Import Files\Retail Item\FinalCSV\Retail Item-Bottom 601 General Merchan_03.csv
04-20-19T15:35:12: Items Rows: 10
04-20-19T15:35:12: Items Rows: 20
04-20-19T15:35:12: Items Rows: 30
04-20-19T15:35:12: Items Rows: 40
04-20-19T15:35:12: Items Rows: 50
04-20-19T15:35:12: Items Rows: 60
04-20-19T15:35:12: Starting XSL Transform, this may take awhile.
04-20-19T15:35:12: XSL Transform Complete.
04-20-19T15:35:12: Finished Items
04-20-19T15:35:12: Total Items: 65
04-20-19T15:35:12: File created in final xml folder: Retail Item-Bottom 601 General Merchan_03.xml
04-20-19T15:35:12: ...
04-20-19T15:35:12: End Log
