09-06-18T21:50:21: Start Log
09-06-18T21:50:21: Found Input File: Test.csv
09-06-18T21:50:21: Department: 
09-06-18T21:50:24: Item Rows: 10
09-06-18T21:50:25: Item Rows: 20
09-06-18T21:50:25: Item Rows: 30
09-06-18T21:50:26: Item Rows: 40
09-06-18T21:50:27: Item Rows: 50
09-06-18T21:50:27: Item Rows: 60
09-06-18T21:50:28: Item Rows: 70
09-06-18T21:50:28: Item Rows: 80
09-06-18T21:50:29: Item Rows: 90
09-06-18T21:50:29: Item Rows: 100
09-06-18T21:50:30: Item Rows: 110
09-06-18T21:50:31: Item Rows: 120
09-06-18T21:50:31: Item Rows: 130
09-06-18T21:50:32: Item Rows: 140
09-06-18T21:50:32: Item Rows: 150
09-06-18T21:50:33: Item Rows: 160
09-06-18T21:50:33: Item Rows: 170
09-06-18T21:50:34: Item Rows: 180
09-06-18T21:50:35: Item Rows: 190
09-06-18T21:50:36: Item Rows: 200
09-06-18T21:50:37: Item Rows: 210
09-06-18T21:50:37: Item Rows: 220
09-06-18T21:50:38: Item Rows: 230
09-06-18T21:50:39: Item Rows: 240
09-06-18T21:50:40: Item Rows: 250
09-06-18T21:50:41: Item Rows: 260
09-06-18T21:50:41: Item Rows: 270
09-06-18T21:50:42: Item Rows: 280
09-06-18T21:50:42: Item Rows: 290
09-06-18T21:50:43: Item Rows: 300
09-06-18T21:50:43: Item Rows: 310
09-06-18T21:50:44: Item Rows: 320
09-06-18T21:50:44: Item Rows: 330
09-06-18T21:50:45: Item Rows: 340
09-06-18T21:50:46: Item Rows: 350
09-06-18T21:50:46: Item Rows: 360
09-06-18T21:50:47: Item Rows: 370
09-06-18T21:50:48: Item Rows: 380
09-06-18T21:50:49: Item Rows: 390
09-06-18T21:50:49: Item Rows: 400
09-06-18T21:50:50: Item Rows: 410
09-06-18T21:50:50: Item Rows: 420
09-06-18T21:50:51: Item Rows: 430
09-06-18T21:50:51: Item Rows: 440
09-06-18T21:50:52: Item Rows: 450
09-06-18T21:50:52: Item Rows: 460
09-06-18T21:50:53: Item Rows: 470
09-06-18T21:50:53: Item Rows: 480
09-06-18T21:50:54: Item Rows: 490
09-06-18T21:50:54: Item Rows: 500
09-06-18T21:50:54: Item Rows: 510
09-06-18T21:50:55: Item Rows: 520
09-06-18T21:50:55: Item Rows: 530
09-06-18T21:50:55: Item Rows: 540
09-06-18T21:50:56: Item Rows: 550
09-06-18T21:50:56: Item Rows: 560
09-06-18T21:50:57: Item Rows: 570
09-06-18T21:50:57: Item Rows: 580
09-06-18T21:50:57: Item Rows: 590
09-06-18T21:50:58: Item Rows: 600
09-06-18T21:50:58: Item Rows: 610
09-06-18T21:50:58: Item Rows: 620
09-06-18T21:50:59: Item Rows: 630
09-06-18T21:50:59: Item Rows: 640
09-06-18T21:51:00: Item Rows: 650
09-06-18T21:51:00: Item Rows: 660
09-06-18T21:51:00: Item Rows: 670
09-06-18T21:51:01: Item Rows: 680
09-06-18T21:51:01: Item Rows: 690
09-06-18T21:51:01: Item Rows: 700
09-06-18T21:51:02: Item Rows: 710
09-06-18T21:51:02: Item Rows: 720
09-06-18T21:51:03: Item Rows: 730
09-06-18T21:51:03: Item Rows: 740
09-06-18T21:51:03: Item Rows: 750
09-06-18T21:51:04: Item Rows: 760
09-06-18T21:51:04: Item Rows: 770
09-06-18T21:51:04: Item Rows: 780
09-06-18T21:51:05: Item Rows: 790
09-06-18T21:51:05: Item Rows: 800
09-06-18T21:51:06: Item Rows: 810
09-06-18T21:51:06: Item Rows: 820
09-06-18T21:51:06: Item Rows: 830
09-06-18T21:51:07: Item Rows: 840
09-06-18T21:51:07: Item Rows: 850
09-06-18T21:51:07: Item Rows: 860
09-06-18T21:51:08: Item Rows: 870
09-06-18T21:51:08: Item Rows: 880
09-06-18T21:51:09: Item Rows: 890
09-06-18T21:51:09: Item Rows: 900
09-06-18T21:51:09: Item Rows: 910
09-06-18T21:51:10: Item Rows: 920
09-06-18T21:51:10: Item Rows: 930
09-06-18T21:51:10: Item Rows: 940
09-06-18T21:51:11: Item Rows: 950
09-06-18T21:51:11: Item Rows: 960
09-06-18T21:51:12: Item Rows: 970
09-06-18T21:51:12: Item Rows: 980
09-06-18T21:51:12: Item Rows: 990
09-06-18T21:51:13: Item Rows: 1000
09-06-18T21:51:13: Item Rows: 1010
09-06-18T21:51:13: Item Rows: 1020
09-06-18T21:51:14: Item Rows: 1030
09-06-18T21:51:14: Item Rows: 1040
09-06-18T21:51:14: Item Rows: 1050
09-06-18T21:51:15: Item Rows: 1060
09-06-18T21:51:15: Item Rows: 1070
09-06-18T21:51:16: Item Rows: 1080
09-06-18T21:51:16: Item Rows: 1090
09-06-18T21:51:16: Item Rows: 1100
09-06-18T21:51:17: Item Rows: 1110
09-06-18T21:51:17: Item Rows: 1120
09-06-18T21:51:17: Item Rows: 1130
09-06-18T21:51:18: Item Rows: 1140
09-06-18T21:51:18: Item Rows: 1150
09-06-18T21:51:19: Item Rows: 1160
09-06-18T21:51:19: Item Rows: 1170
09-06-18T21:51:19: Item Rows: 1180
09-06-18T21:51:20: Item Rows: 1190
09-06-18T21:51:20: Item Rows: 1200
09-06-18T21:51:20: Item Rows: 1210
09-06-18T21:51:21: Item Rows: 1220
09-06-18T21:51:21: Item Rows: 1230
09-06-18T21:51:22: Item Rows: 1240
09-06-18T21:51:22: Item Rows: 1250
09-06-18T21:51:22: Item Rows: 1260
09-06-18T21:51:23: Item Rows: 1270
09-06-18T21:51:23: Item Rows: 1280
09-06-18T21:51:23: Item Rows: 1290
09-06-18T21:51:24: Item Rows: 1300
09-06-18T21:51:24: Item Rows: 1310
09-06-18T21:51:25: Item Rows: 1320
09-06-18T21:51:25: Item Rows: 1330
09-06-18T21:51:25: Item Rows: 1340
09-06-18T21:51:26: Item Rows: 1350
09-06-18T21:51:26: Item Rows: 1360
09-06-18T21:51:26: Item Rows: 1370
09-06-18T21:51:27: Item Rows: 1380
09-06-18T21:51:27: Item Rows: 1390
09-06-18T21:51:28: Item Rows: 1400
09-06-18T21:51:28: Item Rows: 1410
09-06-18T21:51:28: Item Rows: 1420
09-06-18T21:51:29: Item Rows: 1430
09-06-18T21:51:29: Item Rows: 1440
09-06-18T21:51:29: Item Rows: 1450
09-06-18T21:51:30: Item Rows: 1460
09-06-18T21:51:30: Item Rows: 1470
09-06-18T21:51:31: Item Rows: 1480
09-06-18T21:51:31: Item Rows: 1490
09-06-18T21:51:31: Item Rows: 1500
09-06-18T21:51:32: Item Rows: 1510
09-06-18T21:51:32: Item Rows: 1520
09-06-18T21:51:32: Item Rows: 1530
09-06-18T21:51:33: Item Rows: 1540
09-06-18T21:51:33: Item Rows: 1550
09-06-18T21:51:34: Item Rows: 1560
09-06-18T21:51:34: Item Rows: 1570
09-06-18T21:51:34: Item Rows: 1580
09-06-18T21:51:35: Item Rows: 1590
09-06-18T21:51:35: Item Rows: 1600
09-06-18T21:51:35: Item Rows: 1610
09-06-18T21:51:36: Item Rows: 1620
09-06-18T21:51:36: Item Rows: 1630
09-06-18T21:51:37: Item Rows: 1640
09-06-18T21:51:37: Item Rows: 1650
09-06-18T21:51:37: Item Rows: 1660
09-06-18T21:51:38: Item Rows: 1670
09-06-18T21:51:38: Item Rows: 1680
09-06-18T21:51:38: Item Rows: 1690
09-06-18T21:51:39: Item Rows: 1700
09-06-18T21:51:39: Item Rows: 1710
09-06-18T21:51:40: Item Rows: 1720
09-06-18T21:51:40: Item Rows: 1730
09-06-18T21:51:40: Item Rows: 1740
09-06-18T21:51:41: Item Rows: 1750
09-06-18T21:51:41: Item Rows: 1760
09-06-18T21:51:42: Item Rows: 1770
09-06-18T21:51:42: Item Rows: 1780
09-06-18T21:51:42: Item Rows: 1790
09-06-18T21:51:43: Item Rows: 1800
09-06-18T21:51:43: Item Rows: 1810
09-06-18T21:51:43: Item Rows: 1820
09-06-18T21:51:44: Item Rows: 1830
09-06-18T21:51:44: Item Rows: 1840
09-06-18T21:51:45: Item Rows: 1850
09-06-18T21:51:45: Item Rows: 1860
09-06-18T21:51:45: Item Rows: 1870
09-06-18T21:51:46: Item Rows: 1880
09-06-18T21:51:46: Item Rows: 1890
09-06-18T21:51:46: Item Rows: 1900
09-06-18T21:51:47: Item Rows: 1910
09-06-18T21:51:47: Item Rows: 1920
09-06-18T21:51:48: Item Rows: 1930
09-06-18T21:51:48: Item Rows: 1940
09-06-18T21:51:48: Item Rows: 1950
09-06-18T21:51:49: Item Rows: 1960
09-06-18T21:51:49: Item Rows: 1970
09-06-18T21:51:50: Item Rows: 1980
09-06-18T21:51:50: Item Rows: 1990
09-06-18T21:51:50: Item Rows: 2000
09-06-18T21:51:51: Item Rows: 2010
09-06-18T21:51:51: Item Rows: 2020
09-06-18T21:51:52: Item Rows: 2030
09-06-18T21:51:52: Item Rows: 2040
09-06-18T21:51:52: Item Rows: 2050
09-06-18T21:51:53: Item Rows: 2060
09-06-18T21:51:53: Item Rows: 2070
09-06-18T21:51:53: Item Rows: 2080
09-06-18T21:51:54: Item Rows: 2090
09-06-18T21:51:54: Item Rows: 2100
09-06-18T21:51:55: Item Rows: 2110
09-06-18T21:51:55: Item Rows: 2120
09-06-18T21:51:55: Item Rows: 2130
09-06-18T21:51:56: Item Rows: 2140
09-06-18T21:51:56: Item Rows: 2150
09-06-18T21:51:56: Item Rows: 2160
09-06-18T21:51:57: Item Rows: 2170
09-06-18T21:51:57: Item Rows: 2180
09-06-18T21:51:58: Item Rows: 2190
09-06-18T21:51:58: Item Rows: 2200
09-06-18T21:51:58: Item Rows: 2210
09-06-18T21:51:59: Item Rows: 2220
09-06-18T21:51:59: Item Rows: 2230
09-06-18T21:51:59: Finished Department: 
09-06-18T21:51:59: Total Items: 2225
09-06-18T21:51:59: File created in working xls folder: Retail Item-Test.xlsx
09-06-18T21:51:59: Moving file Test.csv to Archive 
09-06-18T21:51:59: ...
09-06-18T21:51:59: Found Input File: uomtest.csv
09-06-18T21:51:59: Department: 
09-06-18T21:52:03: Item Rows: 10
09-06-18T21:52:04: Item Rows: 20
09-06-18T21:52:04: Item Rows: 30
09-06-18T21:52:05: Item Rows: 40
09-06-18T21:52:06: Item Rows: 50
09-06-18T21:52:06: Item Rows: 60
09-06-18T21:52:07: Item Rows: 70
09-06-18T21:52:08: Item Rows: 80
09-06-18T21:52:09: Item Rows: 90
09-06-18T21:52:09: Item Rows: 100
09-06-18T21:52:10: Item Rows: 110
09-06-18T21:52:11: Item Rows: 120
09-06-18T21:52:12: Item Rows: 130
09-06-18T21:52:12: Item Rows: 140
09-06-18T21:52:13: Item Rows: 150
09-06-18T21:52:13: Item Rows: 160
09-06-18T21:52:14: Item Rows: 170
09-06-18T21:52:15: Item Rows: 180
09-06-18T21:52:15: Item Rows: 190
09-06-18T21:52:16: Item Rows: 200
09-06-18T21:52:17: Item Rows: 210
09-06-18T21:52:18: Item Rows: 220
09-06-18T21:52:18: Item Rows: 230
09-06-18T21:52:19: Item Rows: 240
09-06-18T21:52:20: Item Rows: 250
09-06-18T21:52:20: Item Rows: 260
09-06-18T21:52:21: Item Rows: 270
09-06-18T21:52:21: Item Rows: 280
09-06-18T21:52:22: Item Rows: 290
09-06-18T21:52:22: Item Rows: 300
09-06-18T21:52:23: Item Rows: 310
09-06-18T21:52:24: Item Rows: 320
09-06-18T21:52:24: Item Rows: 330
09-06-18T21:52:25: Item Rows: 340
09-06-18T21:52:26: Item Rows: 350
09-06-18T21:52:26: Item Rows: 360
09-06-18T21:52:27: Item Rows: 370
09-06-18T21:52:28: Item Rows: 380
09-06-18T21:52:29: Item Rows: 390
09-06-18T21:52:29: Item Rows: 400
09-06-18T21:52:30: Item Rows: 410
09-06-18T21:52:31: Item Rows: 420
09-06-18T21:52:31: Item Rows: 430
09-06-18T21:52:31: Item Rows: 440
09-06-18T21:52:32: Item Rows: 450
09-06-18T21:52:32: Item Rows: 460
09-06-18T21:52:33: Item Rows: 470
09-06-18T21:52:33: Item Rows: 480
09-06-18T21:52:33: Item Rows: 490
09-06-18T21:52:34: Item Rows: 500
09-06-18T21:52:34: Item Rows: 510
09-06-18T21:52:35: Item Rows: 520
09-06-18T21:52:35: Item Rows: 530
09-06-18T21:52:35: Item Rows: 540
09-06-18T21:52:36: Item Rows: 550
09-06-18T21:52:36: Item Rows: 560
09-06-18T21:52:36: Item Rows: 570
09-06-18T21:52:37: Item Rows: 580
09-06-18T21:52:37: Item Rows: 590
09-06-18T21:52:38: Item Rows: 600
09-06-18T21:52:38: Item Rows: 610
09-06-18T21:52:38: Item Rows: 620
09-06-18T21:52:39: Item Rows: 630
09-06-18T21:52:39: Item Rows: 640
09-06-18T21:52:39: Item Rows: 650
09-06-18T21:52:40: Item Rows: 660
09-06-18T21:52:40: Item Rows: 670
09-06-18T21:52:41: Item Rows: 680
09-06-18T21:52:41: Item Rows: 690
09-06-18T21:52:41: Item Rows: 700
09-06-18T21:52:42: Item Rows: 710
09-06-18T21:52:42: Item Rows: 720
09-06-18T21:52:43: Item Rows: 730
09-06-18T21:52:43: Item Rows: 740
09-06-18T21:52:43: Item Rows: 750
09-06-18T21:52:44: Item Rows: 760
09-06-18T21:52:44: Item Rows: 770
09-06-18T21:52:44: Item Rows: 780
09-06-18T21:52:45: Item Rows: 790
09-06-18T21:52:45: Item Rows: 800
09-06-18T21:52:46: Item Rows: 810
09-06-18T21:52:46: Item Rows: 820
09-06-18T21:52:46: Item Rows: 830
09-06-18T21:52:47: Item Rows: 840
09-06-18T21:52:47: Item Rows: 850
09-06-18T21:52:47: Item Rows: 860
09-06-18T21:52:48: Item Rows: 870
09-06-18T21:52:48: Item Rows: 880
09-06-18T21:52:49: Item Rows: 890
09-06-18T21:52:49: Item Rows: 900
09-06-18T21:52:49: Item Rows: 910
09-06-18T21:52:50: Item Rows: 920
09-06-18T21:52:50: Item Rows: 930
09-06-18T21:52:51: Item Rows: 940
09-06-18T21:52:51: Item Rows: 950
09-06-18T21:52:51: Item Rows: 960
09-06-18T21:52:52: Item Rows: 970
09-06-18T21:52:52: Item Rows: 980
09-06-18T21:52:52: Item Rows: 990
09-06-18T21:52:53: Item Rows: 1000
09-06-18T21:52:53: Item Rows: 1010
09-06-18T21:52:54: Item Rows: 1020
09-06-18T21:52:54: Item Rows: 1030
09-06-18T21:52:54: Item Rows: 1040
09-06-18T21:52:55: Item Rows: 1050
09-06-18T21:52:55: Item Rows: 1060
09-06-18T21:52:55: Item Rows: 1070
09-06-18T21:52:56: Item Rows: 1080
09-06-18T21:52:56: Item Rows: 1090
09-06-18T21:52:57: Item Rows: 1100
09-06-18T21:52:57: Item Rows: 1110
09-06-18T21:52:57: Item Rows: 1120
09-06-18T21:52:58: Item Rows: 1130
09-06-18T21:52:58: Item Rows: 1140
09-06-18T21:52:59: Item Rows: 1150
09-06-18T21:52:59: Item Rows: 1160
09-06-18T21:52:59: Item Rows: 1170
09-06-18T21:53:00: Item Rows: 1180
09-06-18T21:53:00: Item Rows: 1190
09-06-18T21:53:00: Item Rows: 1200
09-06-18T21:53:01: Item Rows: 1210
09-06-18T21:53:01: Item Rows: 1220
09-06-18T21:53:02: Item Rows: 1230
09-06-18T21:53:02: Item Rows: 1240
09-06-18T21:53:02: Item Rows: 1250
09-06-18T21:53:03: Item Rows: 1260
09-06-18T21:53:03: Item Rows: 1270
09-06-18T21:53:04: Item Rows: 1280
09-06-18T21:53:04: Item Rows: 1290
09-06-18T21:53:04: Item Rows: 1300
09-06-18T21:53:05: Item Rows: 1310
09-06-18T21:53:05: Item Rows: 1320
09-06-18T21:53:05: Item Rows: 1330
09-06-18T21:53:06: Item Rows: 1340
09-06-18T21:53:06: Item Rows: 1350
09-06-18T21:53:07: Item Rows: 1360
09-06-18T21:53:07: Item Rows: 1370
09-06-18T21:53:07: Item Rows: 1380
09-06-18T21:53:08: Item Rows: 1390
09-06-18T21:53:08: Item Rows: 1400
09-06-18T21:53:09: Item Rows: 1410
09-06-18T21:53:09: Item Rows: 1420
09-06-18T21:53:09: Item Rows: 1430
09-06-18T21:53:10: Item Rows: 1440
09-06-18T21:53:10: Item Rows: 1450
09-06-18T21:53:10: Item Rows: 1460
09-06-18T21:53:11: Item Rows: 1470
09-06-18T21:53:11: Item Rows: 1480
09-06-18T21:53:12: Item Rows: 1490
09-06-18T21:53:12: Item Rows: 1500
09-06-18T21:53:12: Item Rows: 1510
09-06-18T21:53:13: Item Rows: 1520
09-06-18T21:53:13: Item Rows: 1530
09-06-18T21:53:13: Item Rows: 1540
09-06-18T21:53:14: Item Rows: 1550
09-06-18T21:53:14: Item Rows: 1560
09-06-18T21:53:15: Item Rows: 1570
09-06-18T21:53:15: Item Rows: 1580
09-06-18T21:53:15: Item Rows: 1590
09-06-18T21:53:16: Item Rows: 1600
09-06-18T21:53:16: Item Rows: 1610
09-06-18T21:53:17: Item Rows: 1620
09-06-18T21:53:17: Item Rows: 1630
09-06-18T21:53:17: Item Rows: 1640
09-06-18T21:53:18: Item Rows: 1650
09-06-18T21:53:18: Item Rows: 1660
09-06-18T21:53:18: Item Rows: 1670
09-06-18T21:53:19: Item Rows: 1680
09-06-18T21:53:19: Item Rows: 1690
09-06-18T21:53:20: Item Rows: 1700
09-06-18T21:53:20: Item Rows: 1710
09-06-18T21:53:20: Item Rows: 1720
09-06-18T21:53:21: Item Rows: 1730
09-06-18T21:53:21: Item Rows: 1740
09-06-18T21:53:21: Item Rows: 1750
09-06-18T21:53:22: Item Rows: 1760
09-06-18T21:53:22: Item Rows: 1770
09-06-18T21:53:23: Item Rows: 1780
09-06-18T21:53:23: Item Rows: 1790
09-06-18T21:53:23: Item Rows: 1800
09-06-18T21:53:24: Item Rows: 1810
09-06-18T21:53:24: Item Rows: 1820
09-06-18T21:53:25: Item Rows: 1830
09-06-18T21:53:25: Item Rows: 1840
09-06-18T21:53:25: Item Rows: 1850
09-06-18T21:53:26: Item Rows: 1860
09-06-18T21:53:26: Item Rows: 1870
09-06-18T21:53:27: Item Rows: 1880
09-06-18T21:53:27: Item Rows: 1890
09-06-18T21:53:27: Item Rows: 1900
09-06-18T21:53:28: Item Rows: 1910
09-06-18T21:53:28: Item Rows: 1920
09-06-18T21:53:28: Item Rows: 1930
09-06-18T21:53:29: Item Rows: 1940
09-06-18T21:53:29: Item Rows: 1950
09-06-18T21:53:30: Item Rows: 1960
09-06-18T21:53:30: Item Rows: 1970
09-06-18T21:53:30: Item Rows: 1980
09-06-18T21:53:31: Item Rows: 1990
09-06-18T21:53:31: Item Rows: 2000
09-06-18T21:53:31: Item Rows: 2010
09-06-18T21:53:32: Item Rows: 2020
09-06-18T21:53:32: Item Rows: 2030
09-06-18T21:53:33: Item Rows: 2040
09-06-18T21:53:33: Item Rows: 2050
09-06-18T21:53:33: Item Rows: 2060
09-06-18T21:53:34: Item Rows: 2070
09-06-18T21:53:34: Item Rows: 2080
09-06-18T21:53:34: Item Rows: 2090
09-06-18T21:53:35: Item Rows: 2100
09-06-18T21:53:35: Item Rows: 2110
09-06-18T21:53:36: Item Rows: 2120
09-06-18T21:53:36: Item Rows: 2130
09-06-18T21:53:36: Item Rows: 2140
09-06-18T21:53:37: Item Rows: 2150
09-06-18T21:53:37: Item Rows: 2160
09-06-18T21:53:38: Item Rows: 2170
09-06-18T21:53:38: Item Rows: 2180
09-06-18T21:53:38: Item Rows: 2190
09-06-18T21:53:39: Item Rows: 2200
09-06-18T21:53:39: Item Rows: 2210
09-06-18T21:53:39: Item Rows: 2220
09-06-18T21:53:40: Item Rows: 2230
09-06-18T21:53:40: Item Rows: 2240
09-06-18T21:53:41: Item Rows: 2250
09-06-18T21:53:41: Item Rows: 2260
09-06-18T21:53:41: Item Rows: 2270
09-06-18T21:53:42: Item Rows: 2280
09-06-18T21:53:42: Item Rows: 2290
09-06-18T21:53:43: Item Rows: 2300
09-06-18T21:53:43: Item Rows: 2310
09-06-18T21:53:43: Item Rows: 2320
09-06-18T21:53:44: Item Rows: 2330
09-06-18T21:53:44: Item Rows: 2340
09-06-18T21:53:44: Item Rows: 2350
09-06-18T21:53:45: Item Rows: 2360
09-06-18T21:53:45: Item Rows: 2370
09-06-18T21:53:46: Item Rows: 2380
09-06-18T21:53:46: Item Rows: 2390
09-06-18T21:53:46: Item Rows: 2400
09-06-18T21:53:47: Item Rows: 2410
09-06-18T21:53:47: Item Rows: 2420
09-06-18T21:53:47: Item Rows: 2430
09-06-18T21:53:48: Item Rows: 2440
09-06-18T21:53:48: Item Rows: 2450
09-06-18T21:53:49: Item Rows: 2460
09-06-18T21:53:49: Item Rows: 2470
09-06-18T21:53:49: Item Rows: 2480
09-06-18T21:53:50: Item Rows: 2490
09-06-18T21:53:50: Item Rows: 2500
09-06-18T21:53:51: Item Rows: 2510
09-06-18T21:53:51: Item Rows: 2520
09-06-18T21:53:51: Item Rows: 2530
09-06-18T21:53:52: Item Rows: 2540
09-06-18T21:53:52: Finished Department: 
09-06-18T21:53:52: Total Items: 2536
09-06-18T21:53:52: File created in working xls folder: Retail Item-uomtest.xlsx
09-06-18T21:53:52: Moving file uomtest.csv to Archive 
09-06-18T21:53:52: ...
09-06-18T21:53:52: End Log
