04-04-19T22:24:11: Start Log
04-04-19T22:24:11: Found Input File: C:\Users\chuck\Documents\ROC\Speedway-Source\Data Extraction And Loading\Import Files\Retail Item\FinalCSV\Copy of Retail Item-401 Beer  Wine_01.csv
04-04-19T22:24:11: Items Rows: 10
04-04-19T22:24:11: Items Rows: 20
04-04-19T22:24:11: Items Rows: 30
04-04-19T22:24:11: Items Rows: 40
04-04-19T22:24:11: Items Rows: 50
04-04-19T22:24:11: Items Rows: 60
04-04-19T22:24:11: Items Rows: 70
04-04-19T22:24:11: Items Rows: 80
04-04-19T22:24:11: Items Rows: 90
04-04-19T22:24:11: Items Rows: 100
04-04-19T22:24:11: Items Rows: 110
04-04-19T22:24:11: Items Rows: 120
04-04-19T22:24:11: Items Rows: 130
04-04-19T22:24:11: Items Rows: 140
04-04-19T22:24:11: Items Rows: 150
04-04-19T22:24:11: Items Rows: 160
04-04-19T22:24:11: Items Rows: 170
04-04-19T22:24:11: Items Rows: 180
04-04-19T22:24:11: Items Rows: 190
04-04-19T22:24:11: Items Rows: 200
04-04-19T22:24:11: Items Rows: 210
04-04-19T22:24:11: Items Rows: 220
04-04-19T22:24:11: Items Rows: 230
04-04-19T22:24:11: Items Rows: 240
04-04-19T22:24:11: Items Rows: 250
04-04-19T22:24:11: Items Rows: 260
04-04-19T22:24:11: Items Rows: 270
04-04-19T22:24:11: Items Rows: 280
04-04-19T22:24:11: Items Rows: 290
04-04-19T22:24:11: Items Rows: 300
04-04-19T22:24:11: Items Rows: 310
04-04-19T22:24:11: Items Rows: 320
04-04-19T22:24:11: Items Rows: 330
04-04-19T22:24:11: Items Rows: 340
04-04-19T22:24:11: Items Rows: 350
04-04-19T22:24:11: Items Rows: 360
04-04-19T22:24:11: Items Rows: 370
04-04-19T22:24:11: Items Rows: 380
04-04-19T22:24:11: Items Rows: 390
04-04-19T22:24:11: Items Rows: 400
04-04-19T22:24:11: Items Rows: 410
04-04-19T22:24:11: Items Rows: 420
04-04-19T22:24:11: Items Rows: 430
04-04-19T22:24:11: Items Rows: 440
04-04-19T22:24:11: Items Rows: 450
04-04-19T22:24:11: Items Rows: 460
04-04-19T22:24:11: Items Rows: 470
04-04-19T22:24:11: Items Rows: 480
04-04-19T22:24:11: Items Rows: 490
04-04-19T22:24:11: Items Rows: 500
04-04-19T22:24:11: Items Rows: 510
04-04-19T22:24:11: Items Rows: 520
04-04-19T22:24:11: Items Rows: 530
04-04-19T22:24:11: Items Rows: 540
04-04-19T22:24:11: Items Rows: 550
04-04-19T22:24:11: Items Rows: 560
04-04-19T22:24:11: Items Rows: 570
04-04-19T22:24:11: Items Rows: 580
04-04-19T22:24:11: Items Rows: 590
04-04-19T22:24:11: Items Rows: 600
04-04-19T22:24:11: Items Rows: 610
04-04-19T22:24:11: Items Rows: 620
04-04-19T22:24:11: Items Rows: 630
04-04-19T22:24:11: Items Rows: 640
04-04-19T22:24:11: Items Rows: 650
04-04-19T22:24:11: Items Rows: 660
04-04-19T22:24:11: Items Rows: 670
04-04-19T22:24:11: Items Rows: 680
04-04-19T22:24:11: Items Rows: 690
04-04-19T22:24:11: Items Rows: 700
04-04-19T22:24:11: Items Rows: 710
04-04-19T22:24:11: Items Rows: 720
04-04-19T22:24:11: Items Rows: 730
04-04-19T22:24:11: Items Rows: 740
04-04-19T22:24:11: Items Rows: 750
04-04-19T22:24:11: Items Rows: 760
04-04-19T22:24:11: Items Rows: 770
04-04-19T22:24:11: Items Rows: 780
04-04-19T22:24:11: Items Rows: 790
04-04-19T22:24:11: Items Rows: 800
04-04-19T22:24:11: Items Rows: 810
04-04-19T22:24:11: Items Rows: 820
04-04-19T22:24:12: Items Rows: 830
04-04-19T22:24:12: Items Rows: 840
04-04-19T22:24:12: Items Rows: 850
04-04-19T22:24:12: Items Rows: 860
04-04-19T22:24:12: Items Rows: 870
04-04-19T22:24:12: Items Rows: 880
04-04-19T22:24:12: Items Rows: 890
04-04-19T22:24:12: Items Rows: 900
04-04-19T22:24:12: Items Rows: 910
04-04-19T22:24:12: Items Rows: 920
04-04-19T22:24:12: Items Rows: 930
04-04-19T22:24:12: Items Rows: 940
04-04-19T22:24:12: Items Rows: 950
04-04-19T22:24:12: Items Rows: 960
04-04-19T22:24:12: Items Rows: 970
04-04-19T22:24:12: Items Rows: 980
04-04-19T22:24:12: Items Rows: 990
04-04-19T22:24:12: Items Rows: 1000
04-04-19T22:24:12: Items Rows: 1010
04-04-19T22:24:12: Items Rows: 1020
04-04-19T22:24:12: Items Rows: 1030
04-04-19T22:24:12: Items Rows: 1040
04-04-19T22:24:12: Items Rows: 1050
04-04-19T22:24:12: Items Rows: 1060
04-04-19T22:24:12: Starting XSL Transform, this may take awhile.
04-04-19T22:24:12: XSL Transform Complete.
04-04-19T22:24:12: Finished Items
04-04-19T22:24:12: Total Items: 1065
04-04-19T22:24:12: File created in final xml folder: Copy of Retail Item-401 Beer  Wine_01.xml
04-04-19T22:24:12: ...
04-04-19T22:24:12: Found Input File: C:\Users\chuck\Documents\ROC\Speedway-Source\Data Extraction And Loading\Import Files\Retail Item\FinalCSV\Retail Item-221 Sandwich_02.csv
04-04-19T22:24:12: Items Rows: 10
04-04-19T22:24:12: Items Rows: 20
04-04-19T22:24:12: Items Rows: 30
04-04-19T22:24:12: Items Rows: 40
04-04-19T22:24:12: Items Rows: 50
04-04-19T22:24:12: Items Rows: 60
04-04-19T22:24:12: Items Rows: 70
04-04-19T22:24:12: Items Rows: 80
04-04-19T22:24:12: Items Rows: 90
04-04-19T22:24:12: Items Rows: 100
04-04-19T22:24:12: Items Rows: 110
04-04-19T22:24:12: Items Rows: 120
04-04-19T22:24:12: Items Rows: 130
04-04-19T22:24:12: Items Rows: 140
04-04-19T22:24:12: Items Rows: 150
04-04-19T22:24:12: Items Rows: 160
04-04-19T22:24:12: Items Rows: 170
04-04-19T22:24:12: Items Rows: 180
04-04-19T22:24:12: Items Rows: 190
04-04-19T22:24:12: Items Rows: 200
04-04-19T22:24:12: Items Rows: 210
04-04-19T22:24:12: Items Rows: 220
04-04-19T22:24:12: Items Rows: 230
04-04-19T22:24:12: Items Rows: 240
04-04-19T22:24:12: Items Rows: 250
04-04-19T22:24:12: Items Rows: 260
04-04-19T22:24:12: Items Rows: 270
04-04-19T22:24:12: Items Rows: 280
04-04-19T22:24:12: Items Rows: 290
04-04-19T22:24:12: Items Rows: 300
04-04-19T22:24:12: Items Rows: 310
04-04-19T22:24:12: Items Rows: 320
04-04-19T22:24:12: Items Rows: 330
04-04-19T22:24:12: Items Rows: 340
04-04-19T22:24:12: Items Rows: 350
04-04-19T22:24:12: Items Rows: 360
04-04-19T22:24:12: Items Rows: 370
04-04-19T22:24:12: Items Rows: 380
04-04-19T22:24:12: Items Rows: 390
04-04-19T22:24:12: Items Rows: 400
04-04-19T22:24:12: Items Rows: 410
04-04-19T22:24:12: Items Rows: 420
04-04-19T22:24:12: Items Rows: 430
04-04-19T22:24:12: Items Rows: 440
04-04-19T22:24:12: Items Rows: 450
04-04-19T22:24:12: Items Rows: 460
04-04-19T22:24:12: Items Rows: 470
04-04-19T22:24:12: Items Rows: 480
04-04-19T22:24:12: Items Rows: 490
04-04-19T22:24:12: Items Rows: 500
04-04-19T22:24:12: Items Rows: 510
04-04-19T22:24:12: Items Rows: 520
04-04-19T22:24:12: Items Rows: 530
04-04-19T22:24:12: Items Rows: 540
04-04-19T22:24:12: Items Rows: 550
04-04-19T22:24:12: Items Rows: 560
04-04-19T22:24:12: Items Rows: 570
04-04-19T22:24:12: Items Rows: 580
04-04-19T22:24:12: Items Rows: 590
04-04-19T22:24:12: Items Rows: 600
04-04-19T22:24:12: Items Rows: 610
04-04-19T22:24:12: Items Rows: 620
04-04-19T22:24:12: Items Rows: 630
04-04-19T22:24:12: Items Rows: 640
04-04-19T22:24:12: Items Rows: 650
04-04-19T22:24:12: Items Rows: 660
04-04-19T22:24:12: Items Rows: 670
04-04-19T22:24:12: Items Rows: 680
04-04-19T22:24:12: Items Rows: 690
04-04-19T22:24:12: Items Rows: 700
04-04-19T22:24:12: Items Rows: 710
04-04-19T22:24:12: Items Rows: 720
04-04-19T22:24:12: Items Rows: 730
04-04-19T22:24:12: Items Rows: 740
04-04-19T22:24:12: Items Rows: 750
04-04-19T22:24:12: Items Rows: 760
04-04-19T22:24:12: Items Rows: 770
04-04-19T22:24:12: Items Rows: 780
04-04-19T22:24:13: Items Rows: 790
04-04-19T22:24:13: Starting XSL Transform, this may take awhile.
04-04-19T22:24:13: XSL Transform Complete.
04-04-19T22:24:13: Finished Items
04-04-19T22:24:13: Total Items: 799
04-04-19T22:24:13: File created in final xml folder: Retail Item-221 Sandwich_02.xml
04-04-19T22:24:13: ...
04-04-19T22:24:13: Found Input File: C:\Users\chuck\Documents\ROC\Speedway-Source\Data Extraction And Loading\Import Files\Retail Item\FinalCSV\Retail Item-601 General Merchan_08.csv
04-04-19T22:24:13: Items Rows: 10
04-04-19T22:24:13: Items Rows: 20
04-04-19T22:24:13: Items Rows: 30
04-04-19T22:24:13: Items Rows: 40
04-04-19T22:24:13: Items Rows: 50
04-04-19T22:24:13: Items Rows: 60
04-04-19T22:24:13: Items Rows: 70
04-04-19T22:24:13: Items Rows: 80
04-04-19T22:24:13: Items Rows: 90
04-04-19T22:24:13: Items Rows: 100
04-04-19T22:24:13: Items Rows: 110
04-04-19T22:24:13: Items Rows: 120
04-04-19T22:24:13: Items Rows: 130
04-04-19T22:24:13: Items Rows: 140
04-04-19T22:24:13: Items Rows: 150
04-04-19T22:24:13: Items Rows: 160
04-04-19T22:24:13: Items Rows: 170
04-04-19T22:24:13: Items Rows: 180
04-04-19T22:24:13: Items Rows: 190
04-04-19T22:24:13: Items Rows: 200
04-04-19T22:24:13: Items Rows: 210
04-04-19T22:24:13: Items Rows: 220
04-04-19T22:24:13: Items Rows: 230
04-04-19T22:24:13: Items Rows: 240
04-04-19T22:24:13: Items Rows: 250
04-04-19T22:24:13: Items Rows: 260
04-04-19T22:24:13: Items Rows: 270
04-04-19T22:24:13: Items Rows: 280
04-04-19T22:24:13: Items Rows: 290
04-04-19T22:24:13: Items Rows: 300
04-04-19T22:24:13: Items Rows: 310
04-04-19T22:24:13: Items Rows: 320
04-04-19T22:24:13: Items Rows: 330
04-04-19T22:24:13: Items Rows: 340
04-04-19T22:24:13: Items Rows: 350
04-04-19T22:24:13: Items Rows: 360
04-04-19T22:24:13: Items Rows: 370
04-04-19T22:24:13: Items Rows: 380
04-04-19T22:24:13: Items Rows: 390
04-04-19T22:24:13: Items Rows: 400
04-04-19T22:24:13: Items Rows: 410
04-04-19T22:24:13: Items Rows: 420
04-04-19T22:24:13: Items Rows: 430
04-04-19T22:24:13: Items Rows: 440
04-04-19T22:24:13: Items Rows: 450
04-04-19T22:24:13: Items Rows: 460
04-04-19T22:24:13: Items Rows: 470
04-04-19T22:24:13: Items Rows: 480
04-04-19T22:24:13: Items Rows: 490
04-04-19T22:24:13: Items Rows: 500
04-04-19T22:24:13: Items Rows: 510
04-04-19T22:24:13: Items Rows: 520
04-04-19T22:24:13: Items Rows: 530
04-04-19T22:24:13: Items Rows: 540
04-04-19T22:24:13: Items Rows: 550
04-04-19T22:24:13: Items Rows: 560
04-04-19T22:24:13: Items Rows: 570
04-04-19T22:24:13: Items Rows: 580
04-04-19T22:24:13: Items Rows: 590
04-04-19T22:24:13: Items Rows: 600
04-04-19T22:24:13: Items Rows: 610
04-04-19T22:24:13: Items Rows: 620
04-04-19T22:24:13: Items Rows: 630
04-04-19T22:24:13: Items Rows: 640
04-04-19T22:24:13: Items Rows: 650
04-04-19T22:24:13: Items Rows: 660
04-04-19T22:24:13: Items Rows: 670
04-04-19T22:24:13: Items Rows: 680
04-04-19T22:24:13: Items Rows: 690
04-04-19T22:24:13: Items Rows: 700
04-04-19T22:24:13: Items Rows: 710
04-04-19T22:24:13: Items Rows: 720
04-04-19T22:24:13: Items Rows: 730
04-04-19T22:24:13: Items Rows: 740
04-04-19T22:24:13: Items Rows: 750
04-04-19T22:24:13: Items Rows: 760
04-04-19T22:24:13: Items Rows: 770
04-04-19T22:24:13: Items Rows: 780
04-04-19T22:24:13: Items Rows: 790
04-04-19T22:24:13: Items Rows: 800
04-04-19T22:24:13: Items Rows: 810
04-04-19T22:24:13: Items Rows: 820
04-04-19T22:24:13: Items Rows: 830
04-04-19T22:24:13: Items Rows: 840
04-04-19T22:24:13: Items Rows: 850
04-04-19T22:24:13: Items Rows: 860
04-04-19T22:24:14: Items Rows: 870
04-04-19T22:24:14: Items Rows: 880
04-04-19T22:24:14: Items Rows: 890
04-04-19T22:24:14: Items Rows: 900
04-04-19T22:24:14: Items Rows: 910
04-04-19T22:24:14: Items Rows: 920
04-04-19T22:24:14: Items Rows: 930
04-04-19T22:24:14: Items Rows: 940
04-04-19T22:24:14: Items Rows: 950
04-04-19T22:24:14: Items Rows: 960
04-04-19T22:24:14: Items Rows: 970
04-04-19T22:24:14: Items Rows: 980
04-04-19T22:24:14: Items Rows: 990
04-04-19T22:24:14: Items Rows: 1000
04-04-19T22:24:14: Items Rows: 1010
04-04-19T22:24:14: Items Rows: 1020
04-04-19T22:24:14: Items Rows: 1030
04-04-19T22:24:14: Items Rows: 1040
04-04-19T22:24:14: Items Rows: 1050
04-04-19T22:24:14: Items Rows: 1060
04-04-19T22:24:14: Items Rows: 1070
04-04-19T22:24:14: Items Rows: 1080
04-04-19T22:24:14: Items Rows: 1090
04-04-19T22:24:14: Items Rows: 1100
04-04-19T22:24:14: Items Rows: 1110
04-04-19T22:24:14: Items Rows: 1120
04-04-19T22:24:14: Items Rows: 1130
04-04-19T22:24:14: Items Rows: 1140
04-04-19T22:24:14: Items Rows: 1150
04-04-19T22:24:14: Items Rows: 1160
04-04-19T22:24:14: Items Rows: 1170
04-04-19T22:24:14: Items Rows: 1180
04-04-19T22:24:14: Items Rows: 1190
04-04-19T22:24:14: Items Rows: 1200
04-04-19T22:24:14: Starting XSL Transform, this may take awhile.
04-04-19T22:24:14: XSL Transform Complete.
04-04-19T22:24:14: Finished Items
04-04-19T22:24:14: Total Items: 1200
04-04-19T22:24:14: File created in final xml folder: Retail Item-601 General Merchan_08.xml
04-04-19T22:24:14: ...
04-04-19T22:24:14: Found Input File: C:\Users\chuck\Documents\ROC\Speedway-Source\Data Extraction And Loading\Import Files\Retail Item\FinalCSV\Retail Item-601 General Merchan_09.csv
04-04-19T22:24:14: Items Rows: 10
04-04-19T22:24:14: Items Rows: 20
04-04-19T22:24:14: Items Rows: 30
04-04-19T22:24:14: Items Rows: 40
04-04-19T22:24:14: Items Rows: 50
04-04-19T22:24:14: Items Rows: 60
04-04-19T22:24:14: Items Rows: 70
04-04-19T22:24:14: Items Rows: 80
04-04-19T22:24:14: Items Rows: 90
04-04-19T22:24:14: Items Rows: 100
04-04-19T22:24:14: Items Rows: 110
04-04-19T22:24:14: Items Rows: 120
04-04-19T22:24:14: Items Rows: 130
04-04-19T22:24:14: Items Rows: 140
04-04-19T22:24:14: Items Rows: 150
04-04-19T22:24:14: Items Rows: 160
04-04-19T22:24:14: Items Rows: 170
04-04-19T22:24:14: Items Rows: 180
04-04-19T22:24:14: Items Rows: 190
04-04-19T22:24:14: Items Rows: 200
04-04-19T22:24:14: Items Rows: 210
04-04-19T22:24:14: Items Rows: 220
04-04-19T22:24:14: Items Rows: 230
04-04-19T22:24:14: Items Rows: 240
04-04-19T22:24:14: Items Rows: 250
04-04-19T22:24:14: Items Rows: 260
04-04-19T22:24:14: Items Rows: 270
04-04-19T22:24:14: Items Rows: 280
04-04-19T22:24:14: Items Rows: 290
04-04-19T22:24:14: Items Rows: 300
04-04-19T22:24:14: Items Rows: 310
04-04-19T22:24:14: Items Rows: 320
04-04-19T22:24:14: Items Rows: 330
04-04-19T22:24:14: Items Rows: 340
04-04-19T22:24:14: Items Rows: 350
04-04-19T22:24:14: Items Rows: 360
04-04-19T22:24:14: Items Rows: 370
04-04-19T22:24:14: Items Rows: 380
04-04-19T22:24:14: Items Rows: 390
04-04-19T22:24:14: Items Rows: 400
04-04-19T22:24:14: Items Rows: 410
04-04-19T22:24:14: Items Rows: 420
04-04-19T22:24:14: Items Rows: 430
04-04-19T22:24:14: Items Rows: 440
04-04-19T22:24:14: Items Rows: 450
04-04-19T22:24:14: Items Rows: 460
04-04-19T22:24:14: Items Rows: 470
04-04-19T22:24:14: Items Rows: 480
04-04-19T22:24:14: Items Rows: 490
04-04-19T22:24:14: Items Rows: 500
04-04-19T22:24:14: Items Rows: 510
04-04-19T22:24:14: Items Rows: 520
04-04-19T22:24:14: Items Rows: 530
04-04-19T22:24:14: Items Rows: 540
04-04-19T22:24:14: Items Rows: 550
04-04-19T22:24:14: Items Rows: 560
04-04-19T22:24:14: Items Rows: 570
04-04-19T22:24:14: Items Rows: 580
04-04-19T22:24:14: Items Rows: 590
04-04-19T22:24:14: Items Rows: 600
04-04-19T22:24:14: Items Rows: 610
04-04-19T22:24:15: Items Rows: 620
04-04-19T22:24:15: Items Rows: 630
04-04-19T22:24:15: Items Rows: 640
04-04-19T22:24:15: Items Rows: 650
04-04-19T22:24:15: Items Rows: 660
04-04-19T22:24:15: Items Rows: 670
04-04-19T22:24:15: Items Rows: 680
04-04-19T22:24:15: Items Rows: 690
04-04-19T22:24:15: Items Rows: 700
04-04-19T22:24:15: Items Rows: 710
04-04-19T22:24:15: Items Rows: 720
04-04-19T22:24:15: Items Rows: 730
04-04-19T22:24:15: Items Rows: 740
04-04-19T22:24:15: Items Rows: 750
04-04-19T22:24:15: Items Rows: 760
04-04-19T22:24:15: Items Rows: 770
04-04-19T22:24:15: Items Rows: 780
04-04-19T22:24:15: Items Rows: 790
04-04-19T22:24:15: Items Rows: 800
04-04-19T22:24:15: Items Rows: 810
04-04-19T22:24:15: Items Rows: 820
04-04-19T22:24:15: Items Rows: 830
04-04-19T22:24:15: Items Rows: 840
04-04-19T22:24:15: Items Rows: 850
04-04-19T22:24:15: Items Rows: 860
04-04-19T22:24:15: Items Rows: 870
04-04-19T22:24:15: Items Rows: 880
04-04-19T22:24:15: Items Rows: 890
04-04-19T22:24:15: Items Rows: 900
04-04-19T22:24:15: Items Rows: 910
04-04-19T22:24:15: Items Rows: 920
04-04-19T22:24:15: Items Rows: 930
04-04-19T22:24:15: Items Rows: 940
04-04-19T22:24:15: Items Rows: 950
04-04-19T22:24:15: Items Rows: 960
04-04-19T22:24:15: Items Rows: 970
04-04-19T22:24:15: Items Rows: 980
04-04-19T22:24:15: Items Rows: 990
04-04-19T22:24:15: Items Rows: 1000
04-04-19T22:24:15: Items Rows: 1010
04-04-19T22:24:15: Items Rows: 1020
04-04-19T22:24:15: Items Rows: 1030
04-04-19T22:24:15: Items Rows: 1040
04-04-19T22:24:15: Items Rows: 1050
04-04-19T22:24:15: Items Rows: 1060
04-04-19T22:24:15: Items Rows: 1070
04-04-19T22:24:15: Items Rows: 1080
04-04-19T22:24:15: Items Rows: 1090
04-04-19T22:24:15: Items Rows: 1100
04-04-19T22:24:15: Items Rows: 1110
04-04-19T22:24:15: Items Rows: 1120
04-04-19T22:24:15: Items Rows: 1130
04-04-19T22:24:15: Items Rows: 1140
04-04-19T22:24:15: Items Rows: 1150
04-04-19T22:24:15: Items Rows: 1160
04-04-19T22:24:15: Items Rows: 1170
04-04-19T22:24:15: Items Rows: 1180
04-04-19T22:24:15: Items Rows: 1190
04-04-19T22:24:15: Starting XSL Transform, this may take awhile.
04-04-19T22:24:15: XSL Transform Complete.
04-04-19T22:24:15: Finished Items
04-04-19T22:24:15: Total Items: 1198
04-04-19T22:24:15: File created in final xml folder: Retail Item-601 General Merchan_09.xml
04-04-19T22:24:15: ...
04-04-19T22:24:15: Found Input File: C:\Users\chuck\Documents\ROC\Speedway-Source\Data Extraction And Loading\Import Files\Retail Item\FinalCSV\Retail Item-601 General Merchan_15.csv
04-04-19T22:24:15: Items Rows: 10
04-04-19T22:24:15: Items Rows: 20
04-04-19T22:24:15: Items Rows: 30
04-04-19T22:24:15: Items Rows: 40
04-04-19T22:24:15: Items Rows: 50
04-04-19T22:24:15: Items Rows: 60
04-04-19T22:24:15: Items Rows: 70
04-04-19T22:24:15: Items Rows: 80
04-04-19T22:24:15: Items Rows: 90
04-04-19T22:24:15: Items Rows: 100
04-04-19T22:24:15: Items Rows: 110
04-04-19T22:24:15: Items Rows: 120
04-04-19T22:24:15: Items Rows: 130
04-04-19T22:24:15: Items Rows: 140
04-04-19T22:24:15: Items Rows: 150
04-04-19T22:24:15: Items Rows: 160
04-04-19T22:24:15: Items Rows: 170
04-04-19T22:24:15: Items Rows: 180
04-04-19T22:24:15: Items Rows: 190
04-04-19T22:24:15: Items Rows: 200
04-04-19T22:24:15: Items Rows: 210
04-04-19T22:24:15: Items Rows: 220
04-04-19T22:24:15: Items Rows: 230
04-04-19T22:24:15: Items Rows: 240
04-04-19T22:24:15: Items Rows: 250
04-04-19T22:24:15: Items Rows: 260
04-04-19T22:24:15: Items Rows: 270
04-04-19T22:24:15: Items Rows: 280
04-04-19T22:24:15: Items Rows: 290
04-04-19T22:24:15: Items Rows: 300
04-04-19T22:24:15: Items Rows: 310
04-04-19T22:24:15: Items Rows: 320
04-04-19T22:24:15: Items Rows: 330
04-04-19T22:24:15: Items Rows: 340
04-04-19T22:24:15: Items Rows: 350
04-04-19T22:24:16: Items Rows: 360
04-04-19T22:24:16: Items Rows: 370
04-04-19T22:24:16: Items Rows: 380
04-04-19T22:24:16: Items Rows: 390
04-04-19T22:24:16: Items Rows: 400
04-04-19T22:24:16: Items Rows: 410
04-04-19T22:24:16: Items Rows: 420
04-04-19T22:24:16: Items Rows: 430
04-04-19T22:24:16: Items Rows: 440
04-04-19T22:24:16: Items Rows: 450
04-04-19T22:24:16: Items Rows: 460
04-04-19T22:24:16: Items Rows: 470
04-04-19T22:24:16: Items Rows: 480
04-04-19T22:24:16: Items Rows: 490
04-04-19T22:24:16: Items Rows: 500
04-04-19T22:24:16: Items Rows: 510
04-04-19T22:24:16: Items Rows: 520
04-04-19T22:24:16: Items Rows: 530
04-04-19T22:24:16: Items Rows: 540
04-04-19T22:24:16: Items Rows: 550
04-04-19T22:24:16: Items Rows: 560
04-04-19T22:24:16: Items Rows: 570
04-04-19T22:24:16: Items Rows: 580
04-04-19T22:24:16: Items Rows: 590
04-04-19T22:24:16: Items Rows: 600
04-04-19T22:24:16: Items Rows: 610
04-04-19T22:24:16: Items Rows: 620
04-04-19T22:24:16: Items Rows: 630
04-04-19T22:24:16: Items Rows: 640
04-04-19T22:24:16: Items Rows: 650
04-04-19T22:24:16: Items Rows: 660
04-04-19T22:24:16: Items Rows: 670
04-04-19T22:24:16: Items Rows: 680
04-04-19T22:24:16: Items Rows: 690
04-04-19T22:24:16: Items Rows: 700
04-04-19T22:24:16: Items Rows: 710
04-04-19T22:24:16: Items Rows: 720
04-04-19T22:24:16: Items Rows: 730
04-04-19T22:24:16: Items Rows: 740
04-04-19T22:24:16: Items Rows: 750
04-04-19T22:24:16: Items Rows: 760
04-04-19T22:24:16: Items Rows: 770
04-04-19T22:24:16: Items Rows: 780
04-04-19T22:24:16: Items Rows: 790
04-04-19T22:24:16: Items Rows: 800
04-04-19T22:24:16: Items Rows: 810
04-04-19T22:24:16: Items Rows: 820
04-04-19T22:24:16: Items Rows: 830
04-04-19T22:24:16: Items Rows: 840
04-04-19T22:24:16: Items Rows: 850
04-04-19T22:24:16: Items Rows: 860
04-04-19T22:24:16: Items Rows: 870
04-04-19T22:24:16: Items Rows: 880
04-04-19T22:24:16: Items Rows: 890
04-04-19T22:24:16: Items Rows: 900
04-04-19T22:24:16: Items Rows: 910
04-04-19T22:24:16: Items Rows: 920
04-04-19T22:24:16: Items Rows: 930
04-04-19T22:24:16: Items Rows: 940
04-04-19T22:24:16: Items Rows: 950
04-04-19T22:24:16: Items Rows: 960
04-04-19T22:24:16: Items Rows: 970
04-04-19T22:24:16: Items Rows: 980
04-04-19T22:24:16: Items Rows: 990
04-04-19T22:24:16: Items Rows: 1000
04-04-19T22:24:16: Items Rows: 1010
04-04-19T22:24:16: Items Rows: 1020
04-04-19T22:24:16: Items Rows: 1030
04-04-19T22:24:16: Items Rows: 1040
04-04-19T22:24:16: Items Rows: 1050
04-04-19T22:24:16: Items Rows: 1060
04-04-19T22:24:16: Items Rows: 1070
04-04-19T22:24:16: Items Rows: 1080
04-04-19T22:24:16: Items Rows: 1090
04-04-19T22:24:16: Items Rows: 1100
04-04-19T22:24:16: Items Rows: 1110
04-04-19T22:24:16: Items Rows: 1120
04-04-19T22:24:16: Items Rows: 1130
04-04-19T22:24:16: Items Rows: 1140
04-04-19T22:24:16: Items Rows: 1150
04-04-19T22:24:16: Items Rows: 1160
04-04-19T22:24:16: Items Rows: 1170
04-04-19T22:24:16: Starting XSL Transform, this may take awhile.
04-04-19T22:24:16: XSL Transform Complete.
04-04-19T22:24:16: Finished Items
04-04-19T22:24:16: Total Items: 1173
04-04-19T22:24:16: File created in final xml folder: Retail Item-601 General Merchan_15.xml
04-04-19T22:24:16: ...
04-04-19T22:24:16: Found Input File: C:\Users\chuck\Documents\ROC\Speedway-Source\Data Extraction And Loading\Import Files\Retail Item\FinalCSV\Retail Item-601 General Merchan_16.csv
04-04-19T22:24:16: Items Rows: 10
04-04-19T22:24:16: Items Rows: 20
04-04-19T22:24:16: Items Rows: 30
04-04-19T22:24:16: Items Rows: 40
04-04-19T22:24:16: Items Rows: 50
04-04-19T22:24:16: Items Rows: 60
04-04-19T22:24:16: Items Rows: 70
04-04-19T22:24:16: Items Rows: 80
04-04-19T22:24:17: Items Rows: 90
04-04-19T22:24:17: Items Rows: 100
04-04-19T22:24:17: Items Rows: 110
04-04-19T22:24:17: Items Rows: 120
04-04-19T22:24:17: Items Rows: 130
04-04-19T22:24:17: Items Rows: 140
04-04-19T22:24:17: Items Rows: 150
04-04-19T22:24:17: Items Rows: 160
04-04-19T22:24:17: Items Rows: 170
04-04-19T22:24:17: Items Rows: 180
04-04-19T22:24:17: Items Rows: 190
04-04-19T22:24:17: Items Rows: 200
04-04-19T22:24:17: Items Rows: 210
04-04-19T22:24:17: Items Rows: 220
04-04-19T22:24:17: Items Rows: 230
04-04-19T22:24:17: Items Rows: 240
04-04-19T22:24:17: Items Rows: 250
04-04-19T22:24:17: Items Rows: 260
04-04-19T22:24:17: Items Rows: 270
04-04-19T22:24:17: Items Rows: 280
04-04-19T22:24:17: Items Rows: 290
04-04-19T22:24:17: Items Rows: 300
04-04-19T22:24:17: Items Rows: 310
04-04-19T22:24:17: Items Rows: 320
04-04-19T22:24:17: Items Rows: 330
04-04-19T22:24:17: Items Rows: 340
04-04-19T22:24:17: Items Rows: 350
04-04-19T22:24:17: Items Rows: 360
04-04-19T22:24:17: Items Rows: 370
04-04-19T22:24:17: Items Rows: 380
04-04-19T22:24:17: Items Rows: 390
04-04-19T22:24:17: Items Rows: 400
04-04-19T22:24:17: Items Rows: 410
04-04-19T22:24:17: Items Rows: 420
04-04-19T22:24:17: Items Rows: 430
04-04-19T22:24:17: Items Rows: 440
04-04-19T22:24:17: Items Rows: 450
04-04-19T22:24:17: Items Rows: 460
04-04-19T22:24:17: Items Rows: 470
04-04-19T22:24:17: Items Rows: 480
04-04-19T22:24:17: Items Rows: 490
04-04-19T22:24:17: Items Rows: 500
04-04-19T22:24:17: Items Rows: 510
04-04-19T22:24:17: Items Rows: 520
04-04-19T22:24:17: Items Rows: 530
04-04-19T22:24:17: Items Rows: 540
04-04-19T22:24:17: Items Rows: 550
04-04-19T22:24:17: Items Rows: 560
04-04-19T22:24:17: Items Rows: 570
04-04-19T22:24:17: Items Rows: 580
04-04-19T22:24:17: Items Rows: 590
04-04-19T22:24:17: Items Rows: 600
04-04-19T22:24:17: Items Rows: 610
04-04-19T22:24:17: Items Rows: 620
04-04-19T22:24:17: Items Rows: 630
04-04-19T22:24:17: Items Rows: 640
04-04-19T22:24:17: Items Rows: 650
04-04-19T22:24:17: Items Rows: 660
04-04-19T22:24:17: Items Rows: 670
04-04-19T22:24:17: Items Rows: 680
04-04-19T22:24:17: Items Rows: 690
04-04-19T22:24:17: Items Rows: 700
04-04-19T22:24:17: Items Rows: 710
04-04-19T22:24:17: Items Rows: 720
04-04-19T22:24:17: Items Rows: 730
04-04-19T22:24:17: Items Rows: 740
04-04-19T22:24:17: Items Rows: 750
04-04-19T22:24:17: Items Rows: 760
04-04-19T22:24:17: Items Rows: 770
04-04-19T22:24:17: Items Rows: 780
04-04-19T22:24:17: Items Rows: 790
04-04-19T22:24:17: Items Rows: 800
04-04-19T22:24:17: Items Rows: 810
04-04-19T22:24:17: Items Rows: 820
04-04-19T22:24:17: Items Rows: 830
04-04-19T22:24:17: Items Rows: 840
04-04-19T22:24:17: Items Rows: 850
04-04-19T22:24:17: Items Rows: 860
04-04-19T22:24:17: Items Rows: 870
04-04-19T22:24:17: Items Rows: 880
04-04-19T22:24:17: Items Rows: 890
04-04-19T22:24:17: Items Rows: 900
04-04-19T22:24:17: Items Rows: 910
04-04-19T22:24:17: Items Rows: 920
04-04-19T22:24:17: Items Rows: 930
04-04-19T22:24:17: Items Rows: 940
04-04-19T22:24:17: Items Rows: 950
04-04-19T22:24:17: Items Rows: 960
04-04-19T22:24:17: Items Rows: 970
04-04-19T22:24:17: Items Rows: 980
04-04-19T22:24:17: Items Rows: 990
04-04-19T22:24:17: Items Rows: 1000
04-04-19T22:24:17: Items Rows: 1010
04-04-19T22:24:17: Items Rows: 1020
04-04-19T22:24:17: Items Rows: 1030
04-04-19T22:24:17: Items Rows: 1040
04-04-19T22:24:17: Items Rows: 1050
04-04-19T22:24:17: Items Rows: 1060
04-04-19T22:24:17: Items Rows: 1070
04-04-19T22:24:17: Items Rows: 1080
04-04-19T22:24:17: Items Rows: 1090
04-04-19T22:24:17: Items Rows: 1100
04-04-19T22:24:17: Items Rows: 1110
04-04-19T22:24:17: Items Rows: 1120
04-04-19T22:24:18: Items Rows: 1130
04-04-19T22:24:18: Items Rows: 1140
04-04-19T22:24:18: Items Rows: 1150
04-04-19T22:24:18: Items Rows: 1160
04-04-19T22:24:18: Items Rows: 1170
04-04-19T22:24:18: Items Rows: 1180
04-04-19T22:24:18: Items Rows: 1190
04-04-19T22:24:18: Starting XSL Transform, this may take awhile.
04-04-19T22:24:18: XSL Transform Complete.
04-04-19T22:24:18: Finished Items
04-04-19T22:24:18: Total Items: 1192
04-04-19T22:24:18: File created in final xml folder: Retail Item-601 General Merchan_16.xml
04-04-19T22:24:18: ...
04-04-19T22:24:18: End Log
