09-06-18T20:37:18: Start Log
09-06-18T20:37:18: Found Input File: Test.csv
09-06-18T20:37:18: Department: 
09-06-18T20:37:22: Item Rows: 10
09-06-18T20:37:22: Item Rows: 20
09-06-18T20:37:22: Item Rows: 30
09-06-18T20:37:23: Item Rows: 40
09-06-18T20:37:23: Item Rows: 50
09-06-18T20:37:23: Item Rows: 60
09-06-18T20:37:24: Item Rows: 70
09-06-18T20:37:24: Item Rows: 80
09-06-18T20:37:25: Item Rows: 90
09-06-18T20:37:25: Item Rows: 100
09-06-18T20:37:25: Item Rows: 110
09-06-18T20:37:26: Item Rows: 120
09-06-18T20:37:26: Item Rows: 130
09-06-18T20:37:26: Item Rows: 140
09-06-18T20:37:27: Item Rows: 150
09-06-18T20:37:27: Item Rows: 160
09-06-18T20:37:27: Item Rows: 170
09-06-18T20:37:28: Item Rows: 180
09-06-18T20:37:28: Item Rows: 190
09-06-18T20:37:28: Item Rows: 200
09-06-18T20:37:29: Item Rows: 210
09-06-18T20:37:29: Item Rows: 220
09-06-18T20:37:30: Item Rows: 230
09-06-18T20:37:30: Item Rows: 240
09-06-18T20:37:30: Item Rows: 250
09-06-18T20:37:31: Item Rows: 260
09-06-18T20:37:31: Item Rows: 270
09-06-18T20:37:31: Item Rows: 280
09-06-18T20:37:32: Item Rows: 290
09-06-18T20:37:32: Item Rows: 300
09-06-18T20:37:32: Item Rows: 310
09-06-18T20:37:33: Item Rows: 320
09-06-18T20:37:33: Item Rows: 330
09-06-18T20:37:33: Item Rows: 340
09-06-18T20:37:34: Item Rows: 350
09-06-18T20:37:34: Item Rows: 360
09-06-18T20:37:34: Item Rows: 370
09-06-18T20:37:35: Item Rows: 380
09-06-18T20:37:35: Item Rows: 390
09-06-18T20:37:35: Item Rows: 400
09-06-18T20:37:36: Item Rows: 410
09-06-18T20:37:36: Item Rows: 420
09-06-18T20:37:36: Item Rows: 430
09-06-18T20:37:37: Item Rows: 440
09-06-18T20:37:37: Item Rows: 450
09-06-18T20:37:37: Item Rows: 460
09-06-18T20:37:38: Item Rows: 470
09-06-18T20:37:38: Item Rows: 480
09-06-18T20:37:38: Item Rows: 490
09-06-18T20:37:39: Item Rows: 500
09-06-18T20:37:39: Item Rows: 510
09-06-18T20:37:39: Item Rows: 520
09-06-18T20:37:40: Item Rows: 530
09-06-18T20:37:40: Item Rows: 540
09-06-18T20:37:40: Item Rows: 550
09-06-18T20:37:41: Item Rows: 560
09-06-18T20:37:41: Item Rows: 570
09-06-18T20:37:41: Item Rows: 580
09-06-18T20:37:42: Item Rows: 590
09-06-18T20:37:42: Item Rows: 600
09-06-18T20:37:42: Item Rows: 610
09-06-18T20:37:43: Item Rows: 620
09-06-18T20:37:43: Item Rows: 630
09-06-18T20:37:44: Item Rows: 640
09-06-18T20:37:44: Item Rows: 650
09-06-18T20:37:44: Item Rows: 660
09-06-18T20:37:45: Item Rows: 670
09-06-18T20:37:45: Item Rows: 680
09-06-18T20:37:45: Item Rows: 690
09-06-18T20:37:46: Item Rows: 700
09-06-18T20:37:46: Item Rows: 710
09-06-18T20:37:46: Item Rows: 720
09-06-18T20:37:47: Item Rows: 730
09-06-18T20:37:47: Item Rows: 740
09-06-18T20:37:47: Item Rows: 750
09-06-18T20:37:48: Item Rows: 760
09-06-18T20:37:48: Item Rows: 770
09-06-18T20:37:48: Item Rows: 780
09-06-18T20:37:49: Item Rows: 790
09-06-18T20:37:49: Item Rows: 800
09-06-18T20:37:49: Item Rows: 810
09-06-18T20:37:50: Item Rows: 820
09-06-18T20:37:50: Item Rows: 830
09-06-18T20:37:50: Item Rows: 840
09-06-18T20:37:51: Item Rows: 850
09-06-18T20:37:51: Item Rows: 860
09-06-18T20:37:51: Item Rows: 870
09-06-18T20:37:52: Item Rows: 880
09-06-18T20:37:52: Item Rows: 890
09-06-18T20:37:52: Item Rows: 900
09-06-18T20:37:53: Item Rows: 910
09-06-18T20:37:53: Item Rows: 920
09-06-18T20:37:53: Item Rows: 930
09-06-18T20:37:54: Item Rows: 940
09-06-18T20:37:54: Item Rows: 950
09-06-18T20:37:54: Item Rows: 960
09-06-18T20:37:55: Item Rows: 970
09-06-18T20:37:55: Item Rows: 980
09-06-18T20:37:55: Item Rows: 990
09-06-18T20:37:56: Item Rows: 1000
09-06-18T20:37:56: Item Rows: 1010
09-06-18T20:37:56: Item Rows: 1020
09-06-18T20:37:57: Item Rows: 1030
09-06-18T20:37:57: Item Rows: 1040
09-06-18T20:37:57: Item Rows: 1050
09-06-18T20:37:58: Item Rows: 1060
09-06-18T20:37:58: Item Rows: 1070
09-06-18T20:37:58: Item Rows: 1080
09-06-18T20:37:59: Item Rows: 1090
09-06-18T20:37:59: Item Rows: 1100
09-06-18T20:37:59: Item Rows: 1110
09-06-18T20:38:00: Item Rows: 1120
09-06-18T20:38:00: Item Rows: 1130
09-06-18T20:38:00: Item Rows: 1140
09-06-18T20:38:01: Item Rows: 1150
09-06-18T20:38:01: Item Rows: 1160
09-06-18T20:38:01: Item Rows: 1170
09-06-18T20:38:02: Item Rows: 1180
09-06-18T20:38:02: Item Rows: 1190
09-06-18T20:38:02: Item Rows: 1200
09-06-18T20:38:03: Item Rows: 1210
09-06-18T20:38:03: Item Rows: 1220
09-06-18T20:38:03: Item Rows: 1230
09-06-18T20:38:04: Item Rows: 1240
09-06-18T20:38:04: Item Rows: 1250
09-06-18T20:38:04: Item Rows: 1260
09-06-18T20:38:04: Item Rows: 1270
09-06-18T20:38:05: Item Rows: 1280
09-06-18T20:38:05: Item Rows: 1290
09-06-18T20:38:06: Item Rows: 1300
09-06-18T20:38:06: Item Rows: 1310
09-06-18T20:38:06: Item Rows: 1320
09-06-18T20:38:07: Item Rows: 1330
09-06-18T20:38:07: Item Rows: 1340
09-06-18T20:38:07: Item Rows: 1350
09-06-18T20:38:08: Item Rows: 1360
09-06-18T20:38:08: Item Rows: 1370
09-06-18T20:38:08: Item Rows: 1380
09-06-18T20:38:09: Item Rows: 1390
09-06-18T20:38:10: Item Rows: 1400
09-06-18T20:38:10: Item Rows: 1410
09-06-18T20:38:11: Item Rows: 1420
09-06-18T20:38:11: Item Rows: 1430
09-06-18T20:38:12: Item Rows: 1440
09-06-18T20:38:12: Item Rows: 1450
09-06-18T20:38:12: Item Rows: 1460
09-06-18T20:38:13: Item Rows: 1470
09-06-18T20:38:13: Item Rows: 1480
09-06-18T20:38:14: Item Rows: 1490
09-06-18T20:38:15: Item Rows: 1500
09-06-18T20:38:16: Item Rows: 1510
09-06-18T20:38:16: Item Rows: 1520
09-06-18T20:38:17: Item Rows: 1530
09-06-18T20:38:17: Item Rows: 1540
09-06-18T20:38:18: Item Rows: 1550
09-06-18T20:38:18: Item Rows: 1560
09-06-18T20:38:18: Item Rows: 1570
09-06-18T20:38:19: Item Rows: 1580
09-06-18T20:38:19: Item Rows: 1590
09-06-18T20:38:19: Item Rows: 1600
09-06-18T20:38:20: Item Rows: 1610
09-06-18T20:38:20: Item Rows: 1620
09-06-18T20:38:21: Item Rows: 1630
09-06-18T20:38:22: Item Rows: 1640
09-06-18T20:38:23: Item Rows: 1650
09-06-18T20:38:23: Item Rows: 1660
09-06-18T20:38:23: Item Rows: 1670
09-06-18T20:38:24: Item Rows: 1680
09-06-18T20:38:24: Item Rows: 1690
09-06-18T20:38:24: Item Rows: 1700
09-06-18T20:38:25: Item Rows: 1710
09-06-18T20:38:25: Item Rows: 1720
09-06-18T20:38:25: Item Rows: 1730
09-06-18T20:38:26: Item Rows: 1740
09-06-18T20:38:26: Item Rows: 1750
09-06-18T20:38:26: Item Rows: 1760
09-06-18T20:38:27: Item Rows: 1770
09-06-18T20:38:27: Item Rows: 1780
09-06-18T20:38:27: Item Rows: 1790
09-06-18T20:38:28: Item Rows: 1800
09-06-18T20:38:28: Item Rows: 1810
09-06-18T20:38:28: Item Rows: 1820
09-06-18T20:38:29: Item Rows: 1830
09-06-18T20:38:29: Item Rows: 1840
09-06-18T20:38:30: Item Rows: 1850
09-06-18T20:38:30: Item Rows: 1860
09-06-18T20:38:31: Item Rows: 1870
09-06-18T20:38:31: Item Rows: 1880
09-06-18T20:38:32: Item Rows: 1890
09-06-18T20:38:33: Item Rows: 1900
09-06-18T20:38:33: Item Rows: 1910
09-06-18T20:38:34: Item Rows: 1920
09-06-18T20:38:34: Item Rows: 1930
09-06-18T20:38:34: Item Rows: 1940
09-06-18T20:38:35: Item Rows: 1950
09-06-18T20:38:35: Item Rows: 1960
09-06-18T20:38:36: Item Rows: 1970
09-06-18T20:38:36: Item Rows: 1980
09-06-18T20:38:36: Item Rows: 1990
09-06-18T20:38:37: Item Rows: 2000
09-06-18T20:38:37: Item Rows: 2010
09-06-18T20:38:37: Item Rows: 2020
09-06-18T20:38:38: Item Rows: 2030
09-06-18T20:38:38: Item Rows: 2040
09-06-18T20:38:39: Item Rows: 2050
09-06-18T20:38:39: Item Rows: 2060
09-06-18T20:38:39: Item Rows: 2070
09-06-18T20:38:40: Item Rows: 2080
09-06-18T20:38:40: Item Rows: 2090
09-06-18T20:38:41: Item Rows: 2100
09-06-18T20:38:42: Item Rows: 2110
09-06-18T20:38:42: Item Rows: 2120
09-06-18T20:38:43: Item Rows: 2130
09-06-18T20:38:43: Item Rows: 2140
09-06-18T20:38:43: Item Rows: 2150
09-06-18T20:38:44: Item Rows: 2160
09-06-18T20:38:44: Item Rows: 2170
09-06-18T20:38:44: Item Rows: 2180
09-06-18T20:38:45: Item Rows: 2190
09-06-18T20:38:45: Item Rows: 2200
09-06-18T20:38:45: Item Rows: 2210
09-06-18T20:38:46: Item Rows: 2220
09-06-18T20:38:46: Item Rows: 2230
09-06-18T20:38:46: Finished Department: 
09-06-18T20:38:46: Total Items: 2225
09-06-18T20:38:46: File created in working xls folder: Retail Item-Test.xlsx
09-06-18T20:38:46: Moving file Test.csv to Archive 
09-06-18T20:38:46: ...
09-06-18T20:38:47: Found Input File: uomtest.csv
09-06-18T20:38:47: Department: 
09-06-18T20:38:49: Item Rows: 10
09-06-18T20:38:49: Item Rows: 20
09-06-18T20:38:50: Item Rows: 30
09-06-18T20:38:50: Item Rows: 40
09-06-18T20:38:50: Item Rows: 50
09-06-18T20:38:51: Item Rows: 60
09-06-18T20:38:51: Item Rows: 70
09-06-18T20:38:52: Item Rows: 80
09-06-18T20:38:52: Item Rows: 90
09-06-18T20:38:52: Item Rows: 100
09-06-18T20:38:53: Item Rows: 110
09-06-18T20:38:53: Item Rows: 120
09-06-18T20:38:53: Item Rows: 130
09-06-18T20:38:54: Item Rows: 140
09-06-18T20:38:54: Item Rows: 150
09-06-18T20:38:55: Item Rows: 160
09-06-18T20:38:55: Item Rows: 170
09-06-18T20:38:55: Item Rows: 180
09-06-18T20:38:56: Item Rows: 190
09-06-18T20:38:56: Item Rows: 200
09-06-18T20:38:56: Item Rows: 210
09-06-18T20:38:57: Item Rows: 220
09-06-18T20:38:57: Item Rows: 230
09-06-18T20:38:58: Item Rows: 240
09-06-18T20:38:58: Item Rows: 250
09-06-18T20:38:59: Item Rows: 260
09-06-18T20:38:59: Item Rows: 270
09-06-18T20:39:00: Item Rows: 280
09-06-18T20:39:00: Item Rows: 290
09-06-18T20:39:00: Item Rows: 300
09-06-18T20:39:01: Item Rows: 310
09-06-18T20:39:01: Item Rows: 320
09-06-18T20:39:01: Item Rows: 330
09-06-18T20:39:02: Item Rows: 340
09-06-18T20:39:02: Item Rows: 350
09-06-18T20:39:02: Item Rows: 360
09-06-18T20:39:03: Item Rows: 370
09-06-18T20:39:03: Item Rows: 380
09-06-18T20:39:04: Item Rows: 390
09-06-18T20:39:04: Item Rows: 400
09-06-18T20:39:04: Item Rows: 410
09-06-18T20:39:05: Item Rows: 420
09-06-18T20:39:05: Item Rows: 430
09-06-18T20:39:05: Item Rows: 440
09-06-18T20:39:06: Item Rows: 450
09-06-18T20:39:06: Item Rows: 460
09-06-18T20:39:07: Item Rows: 470
09-06-18T20:39:07: Item Rows: 480
09-06-18T20:39:07: Item Rows: 490
09-06-18T20:39:08: Item Rows: 500
09-06-18T20:39:08: Item Rows: 510
09-06-18T20:39:08: Item Rows: 520
09-06-18T20:39:09: Item Rows: 530
09-06-18T20:39:09: Item Rows: 540
09-06-18T20:39:10: Item Rows: 550
09-06-18T20:39:10: Item Rows: 560
09-06-18T20:39:10: Item Rows: 570
09-06-18T20:39:11: Item Rows: 580
09-06-18T20:39:11: Item Rows: 590
09-06-18T20:39:11: Item Rows: 600
09-06-18T20:39:12: Item Rows: 610
09-06-18T20:39:12: Item Rows: 620
09-06-18T20:39:12: Item Rows: 630
09-06-18T20:39:13: Item Rows: 640
09-06-18T20:39:13: Item Rows: 650
09-06-18T20:39:13: Item Rows: 660
09-06-18T20:39:14: Item Rows: 670
09-06-18T20:39:14: Item Rows: 680
09-06-18T20:39:14: Item Rows: 690
09-06-18T20:39:15: Item Rows: 700
09-06-18T20:39:15: Item Rows: 710
09-06-18T20:39:15: Item Rows: 720
09-06-18T20:39:16: Item Rows: 730
09-06-18T20:39:16: Item Rows: 740
09-06-18T20:39:17: Item Rows: 750
09-06-18T20:39:17: Item Rows: 760
09-06-18T20:39:17: Item Rows: 770
09-06-18T20:39:18: Item Rows: 780
09-06-18T20:39:18: Item Rows: 790
09-06-18T20:39:18: Item Rows: 800
09-06-18T20:39:19: Item Rows: 810
09-06-18T20:39:19: Item Rows: 820
09-06-18T20:39:19: Item Rows: 830
09-06-18T20:39:20: Item Rows: 840
09-06-18T20:39:20: Item Rows: 850
09-06-18T20:39:20: Item Rows: 860
09-06-18T20:39:21: Item Rows: 870
09-06-18T20:39:21: Item Rows: 880
09-06-18T20:39:21: Item Rows: 890
09-06-18T20:39:22: Item Rows: 900
09-06-18T20:39:22: Item Rows: 910
09-06-18T20:39:22: Item Rows: 920
09-06-18T20:39:23: Item Rows: 930
09-06-18T20:39:23: Item Rows: 940
09-06-18T20:39:23: Item Rows: 950
09-06-18T20:39:24: Item Rows: 960
09-06-18T20:39:24: Item Rows: 970
09-06-18T20:39:24: Item Rows: 980
09-06-18T20:39:25: Item Rows: 990
09-06-18T20:39:25: Item Rows: 1000
09-06-18T20:39:26: Item Rows: 1010
09-06-18T20:39:26: Item Rows: 1020
09-06-18T20:39:26: Item Rows: 1030
09-06-18T20:39:27: Item Rows: 1040
09-06-18T20:39:27: Item Rows: 1050
09-06-18T20:39:28: Item Rows: 1060
09-06-18T20:39:28: Item Rows: 1070
09-06-18T20:39:28: Item Rows: 1080
09-06-18T20:39:29: Item Rows: 1090
09-06-18T20:39:29: Item Rows: 1100
09-06-18T20:39:29: Item Rows: 1110
09-06-18T20:39:30: Item Rows: 1120
09-06-18T20:39:30: Item Rows: 1130
09-06-18T20:39:30: Item Rows: 1140
09-06-18T20:39:31: Item Rows: 1150
09-06-18T20:39:31: Item Rows: 1160
09-06-18T20:39:31: Item Rows: 1170
09-06-18T20:39:32: Item Rows: 1180
09-06-18T20:39:32: Item Rows: 1190
09-06-18T20:39:32: Item Rows: 1200
09-06-18T20:39:33: Item Rows: 1210
09-06-18T20:39:33: Item Rows: 1220
09-06-18T20:39:33: Item Rows: 1230
09-06-18T20:39:34: Item Rows: 1240
09-06-18T20:39:34: Item Rows: 1250
09-06-18T20:39:34: Item Rows: 1260
09-06-18T20:39:35: Item Rows: 1270
09-06-18T20:39:35: Item Rows: 1280
09-06-18T20:39:35: Item Rows: 1290
09-06-18T20:39:36: Item Rows: 1300
09-06-18T20:39:36: Item Rows: 1310
09-06-18T20:39:36: Item Rows: 1320
09-06-18T20:39:37: Item Rows: 1330
09-06-18T20:39:37: Item Rows: 1340
09-06-18T20:39:38: Item Rows: 1350
09-06-18T20:39:38: Item Rows: 1360
09-06-18T20:39:38: Item Rows: 1370
09-06-18T20:39:39: Item Rows: 1380
09-06-18T20:39:39: Item Rows: 1390
09-06-18T20:39:39: Item Rows: 1400
09-06-18T20:39:40: Item Rows: 1410
09-06-18T20:39:40: Item Rows: 1420
09-06-18T20:39:40: Item Rows: 1430
09-06-18T20:39:41: Item Rows: 1440
09-06-18T20:39:41: Item Rows: 1450
09-06-18T20:39:42: Item Rows: 1460
09-06-18T20:39:42: Item Rows: 1470
09-06-18T20:39:42: Item Rows: 1480
09-06-18T20:39:43: Item Rows: 1490
09-06-18T20:39:43: Item Rows: 1500
09-06-18T20:39:44: Item Rows: 1510
09-06-18T20:39:44: Item Rows: 1520
09-06-18T20:39:44: Item Rows: 1530
09-06-18T20:39:45: Item Rows: 1540
09-06-18T20:39:45: Item Rows: 1550
09-06-18T20:39:45: Item Rows: 1560
09-06-18T20:39:46: Item Rows: 1570
09-06-18T20:39:46: Item Rows: 1580
09-06-18T20:39:46: Item Rows: 1590
09-06-18T20:39:47: Item Rows: 1600
09-06-18T20:39:47: Item Rows: 1610
09-06-18T20:39:47: Item Rows: 1620
09-06-18T20:39:48: Item Rows: 1630
09-06-18T20:39:48: Item Rows: 1640
09-06-18T20:39:48: Item Rows: 1650
09-06-18T20:39:49: Item Rows: 1660
09-06-18T20:39:49: Item Rows: 1670
09-06-18T20:39:50: Item Rows: 1680
09-06-18T20:39:50: Item Rows: 1690
09-06-18T20:39:50: Item Rows: 1700
09-06-18T20:39:51: Item Rows: 1710
09-06-18T20:39:51: Item Rows: 1720
09-06-18T20:39:51: Item Rows: 1730
09-06-18T20:39:52: Item Rows: 1740
09-06-18T20:39:52: Item Rows: 1750
09-06-18T20:39:53: Item Rows: 1760
09-06-18T20:39:53: Item Rows: 1770
09-06-18T20:39:53: Item Rows: 1780
09-06-18T20:39:54: Item Rows: 1790
09-06-18T20:39:54: Item Rows: 1800
09-06-18T20:39:54: Item Rows: 1810
09-06-18T20:39:55: Item Rows: 1820
09-06-18T20:39:55: Item Rows: 1830
09-06-18T20:39:55: Item Rows: 1840
09-06-18T20:39:56: Item Rows: 1850
09-06-18T20:39:56: Item Rows: 1860
09-06-18T20:39:57: Item Rows: 1870
09-06-18T20:39:58: Item Rows: 1880
09-06-18T20:39:58: Item Rows: 1890
09-06-18T20:39:58: Item Rows: 1900
09-06-18T20:39:59: Item Rows: 1910
09-06-18T20:39:59: Item Rows: 1920
09-06-18T20:39:59: Item Rows: 1930
09-06-18T20:40:00: Item Rows: 1940
09-06-18T20:40:00: Item Rows: 1950
09-06-18T20:40:00: Item Rows: 1960
09-06-18T20:40:01: Item Rows: 1970
09-06-18T20:40:01: Item Rows: 1980
09-06-18T20:40:01: Item Rows: 1990
09-06-18T20:40:02: Item Rows: 2000
09-06-18T20:40:02: Item Rows: 2010
09-06-18T20:40:03: Item Rows: 2020
09-06-18T20:40:03: Item Rows: 2030
09-06-18T20:40:03: Item Rows: 2040
09-06-18T20:40:04: Item Rows: 2050
09-06-18T20:40:04: Item Rows: 2060
09-06-18T20:40:04: Item Rows: 2070
09-06-18T20:40:05: Item Rows: 2080
09-06-18T20:40:05: Item Rows: 2090
09-06-18T20:40:05: Item Rows: 2100
09-06-18T20:40:06: Item Rows: 2110
09-06-18T20:40:06: Item Rows: 2120
09-06-18T20:40:07: Item Rows: 2130
09-06-18T20:40:07: Item Rows: 2140
09-06-18T20:40:07: Item Rows: 2150
09-06-18T20:40:08: Item Rows: 2160
09-06-18T20:40:08: Item Rows: 2170
09-06-18T20:40:08: Item Rows: 2180
09-06-18T20:40:09: Item Rows: 2190
09-06-18T20:40:09: Item Rows: 2200
09-06-18T20:40:09: Item Rows: 2210
09-06-18T20:40:10: Item Rows: 2220
09-06-18T20:40:10: Item Rows: 2230
09-06-18T20:40:10: Item Rows: 2240
09-06-18T20:40:11: Item Rows: 2250
09-06-18T20:40:11: Item Rows: 2260
09-06-18T20:40:11: Item Rows: 2270
09-06-18T20:40:12: Finished Department: 
09-06-18T20:40:12: Total Items: 2271
09-06-18T20:40:12: File created in working xls folder: Retail Item-uomtest.xlsx
09-06-18T20:40:12: Moving file uomtest.csv to Archive 
09-06-18T20:40:12: ...
09-06-18T20:40:12: End Log
