09-06-18T21:55:29: Start Log
09-06-18T21:55:29: Processing File: Not Sold.xlsx
09-06-18T21:55:33: Finished File: Not Sold.xlsx
09-06-18T21:55:33: File created in final csv folder: Not Sold.csv
09-06-18T21:55:33: ...
09-06-18T21:55:33: Processing File: Not Sold2.xlsx
09-06-18T21:55:37: Finished File: Not Sold2.xlsx
09-06-18T21:55:37: File created in final csv folder: Not Sold2.csv
09-06-18T21:55:37: ...
09-06-18T21:55:37: Processing File: Test.xlsx
09-06-18T21:55:41: Finished File: Test.xlsx
09-06-18T21:55:41: File created in final csv folder: Test.csv
09-06-18T21:55:41: ...
09-06-18T21:55:41: Processing File: uomtest.xlsx
09-06-18T21:55:44: Finished File: uomtest.xlsx
09-06-18T21:55:44: File created in final csv folder: uomtest.csv
09-06-18T21:55:44: ...
09-06-18T21:55:45: Processing File: ~$Not Sold.xlsx
09-06-18T21:55:47: Error --> Excel cannot open the file '~$Not Sold.xlsx' because the file format or file extension is not valid. Verify that the file has not been corrupted and that the file extension matches the format of the file.
09-06-18T21:55:47: End Log
