06-13-19T15:25:22: Start Log
06-13-19T15:25:22: Found Input File: C:\Users\chuck\Documents\ROC\Speedway-Source\Data Extraction And Loading\Import Files\Receiving To Invoice\FinalCSV\Inovice 000106170067.csv
06-13-19T15:25:22: Invoice Line Item Rows: 10
06-13-19T15:25:22: Invoice Line Item Rows: 20
06-13-19T15:25:22: Invoice Line Item Rows: 30
06-13-19T15:25:22: Invoice Line Item Rows: 40
06-13-19T15:25:22: Invoice Line Item Rows: 50
06-13-19T15:25:22: Invoice Line Item Rows: 60
06-13-19T15:25:22: Invoice Line Item Rows: 70
06-13-19T15:25:22: Invoice Line Item Rows: 80
06-13-19T15:25:22: Invoice Line Item Rows: 90
06-13-19T15:25:22: Invoice Line Item Rows: 100
06-13-19T15:25:22: Invoice Line Item Rows: 110
06-13-19T15:25:22: Invoice Line Item Rows: 120
06-13-19T15:25:22: Invoice Line Item Rows: 130
06-13-19T15:25:22: Invoice Line Item Rows: 140
06-13-19T15:25:22: Invoice Line Item Rows: 150
06-13-19T15:25:22: Invoice Line Item Rows: 160
06-13-19T15:25:22: Invoice Line Item Rows: 170
06-13-19T15:25:22: Invoice Line Item Rows: 180
06-13-19T15:25:22: Invoice Line Item Rows: 190
06-13-19T15:25:22: Invoice Line Item Rows: 200
06-13-19T15:25:22: Invoice Line Item Rows: 210
06-13-19T15:25:22: Invoice Line Item Rows: 220
06-13-19T15:25:22: Invoice Line Item Rows: 230
06-13-19T15:25:22: Invoice Line Item Rows: 240
06-13-19T15:25:22: Invoice Line Item Rows: 250
06-13-19T15:25:22: Invoice Line Item Rows: 260
06-13-19T15:25:22: Invoice Line Item Rows: 270
06-13-19T15:25:22: Invoice Line Item Rows: 280
06-13-19T15:25:22: Invoice Line Item Rows: 290
06-13-19T15:25:22: Invoice Line Item Rows: 300
06-13-19T15:25:22: Invoice Line Item Rows: 310
06-13-19T15:25:22: Invoice Line Item Rows: 320
06-13-19T15:25:22: Invoice Line Item Rows: 330
06-13-19T15:25:22: Invoice Line Item Rows: 340
06-13-19T15:25:22: Invoice Line Item Rows: 350
06-13-19T15:25:22: Invoice Line Item Rows: 360
06-13-19T15:25:22: Invoice Line Item Rows: 370
06-13-19T15:25:22: Invoice Line Item Rows: 380
06-13-19T15:25:22: Invoice Line Item Rows: 390
06-13-19T15:25:22: Invoice Line Item Rows: 400
06-13-19T15:25:22: Invoice Line Item Rows: 410
06-13-19T15:25:22: Invoice Line Item Rows: 420
06-13-19T15:25:22: Invoice Line Item Rows: 430
06-13-19T15:25:22: Invoice Line Item Rows: 440
06-13-19T15:25:22: Transforming raw XML
06-13-19T15:25:22: Finished Receiving to Invoice
06-13-19T15:25:22: Total Items: 444
06-13-19T15:25:22: File created in final xml folder: Inovice 000106170067.xml
06-13-19T15:25:22: ...
06-13-19T15:25:22: Found Input File: C:\Users\chuck\Documents\ROC\Speedway-Source\Data Extraction And Loading\Import Files\Receiving To Invoice\FinalCSV\Inovice 000106170068.csv
06-13-19T15:25:22: Invoice Line Item Rows: 10
06-13-19T15:25:22: Invoice Line Item Rows: 20
06-13-19T15:25:22: Transforming raw XML
06-13-19T15:25:22: Finished Receiving to Invoice
06-13-19T15:25:22: Total Items: 21
06-13-19T15:25:22: File created in final xml folder: Inovice 000106170068.xml
06-13-19T15:25:22: ...
06-13-19T15:25:22: Found Input File: C:\Users\chuck\Documents\ROC\Speedway-Source\Data Extraction And Loading\Import Files\Receiving To Invoice\FinalCSV\Inovice 000106170069.csv
06-13-19T15:25:22: Invoice Line Item Rows: 10
06-13-19T15:25:22: Invoice Line Item Rows: 20
06-13-19T15:25:22: Invoice Line Item Rows: 30
06-13-19T15:25:22: Transforming raw XML
06-13-19T15:25:22: Finished Receiving to Invoice
06-13-19T15:25:22: Total Items: 30
06-13-19T15:25:22: File created in final xml folder: Inovice 000106170069.xml
06-13-19T15:25:22: ...
06-13-19T15:25:22: Found Input File: C:\Users\chuck\Documents\ROC\Speedway-Source\Data Extraction And Loading\Import Files\Receiving To Invoice\FinalCSV\Inovice 000106170070.csv
06-13-19T15:25:22: Invoice Line Item Rows: 10
06-13-19T15:25:22: Invoice Line Item Rows: 20
06-13-19T15:25:22: Invoice Line Item Rows: 30
06-13-19T15:25:22: Invoice Line Item Rows: 40
06-13-19T15:25:22: Invoice Line Item Rows: 50
06-13-19T15:25:22: Invoice Line Item Rows: 60
06-13-19T15:25:22: Invoice Line Item Rows: 70
06-13-19T15:25:22: Invoice Line Item Rows: 80
06-13-19T15:25:22: Invoice Line Item Rows: 90
06-13-19T15:25:22: Invoice Line Item Rows: 100
06-13-19T15:25:22: Invoice Line Item Rows: 110
06-13-19T15:25:22: Invoice Line Item Rows: 120
06-13-19T15:25:22: Invoice Line Item Rows: 130
06-13-19T15:25:22: Invoice Line Item Rows: 140
06-13-19T15:25:22: Invoice Line Item Rows: 150
06-13-19T15:25:22: Invoice Line Item Rows: 160
06-13-19T15:25:22: Invoice Line Item Rows: 170
06-13-19T15:25:22: Invoice Line Item Rows: 180
06-13-19T15:25:22: Invoice Line Item Rows: 190
06-13-19T15:25:22: Invoice Line Item Rows: 200
06-13-19T15:25:22: Invoice Line Item Rows: 210
06-13-19T15:25:22: Invoice Line Item Rows: 220
06-13-19T15:25:22: Invoice Line Item Rows: 230
06-13-19T15:25:22: Invoice Line Item Rows: 240
06-13-19T15:25:22: Invoice Line Item Rows: 250
06-13-19T15:25:22: Invoice Line Item Rows: 260
06-13-19T15:25:22: Invoice Line Item Rows: 270
06-13-19T15:25:22: Invoice Line Item Rows: 280
06-13-19T15:25:22: Invoice Line Item Rows: 290
06-13-19T15:25:22: Invoice Line Item Rows: 300
06-13-19T15:25:22: Invoice Line Item Rows: 310
06-13-19T15:25:22: Invoice Line Item Rows: 320
06-13-19T15:25:22: Invoice Line Item Rows: 330
06-13-19T15:25:22: Invoice Line Item Rows: 340
06-13-19T15:25:22: Invoice Line Item Rows: 350
06-13-19T15:25:22: Invoice Line Item Rows: 360
06-13-19T15:25:22: Invoice Line Item Rows: 370
06-13-19T15:25:22: Invoice Line Item Rows: 380
06-13-19T15:25:22: Invoice Line Item Rows: 390
06-13-19T15:25:22: Invoice Line Item Rows: 400
06-13-19T15:25:22: Invoice Line Item Rows: 410
06-13-19T15:25:22: Invoice Line Item Rows: 420
06-13-19T15:25:22: Invoice Line Item Rows: 430
06-13-19T15:25:22: Invoice Line Item Rows: 440
06-13-19T15:25:22: Transforming raw XML
06-13-19T15:25:22: Finished Receiving to Invoice
06-13-19T15:25:22: Total Items: 444
06-13-19T15:25:22: File created in final xml folder: Inovice 000106170070.xml
06-13-19T15:25:22: ...
06-13-19T15:25:22: Found Input File: C:\Users\chuck\Documents\ROC\Speedway-Source\Data Extraction And Loading\Import Files\Receiving To Invoice\FinalCSV\Inovice 000106184691.csv
06-13-19T15:25:22: Invoice Line Item Rows: 10
06-13-19T15:25:22: Invoice Line Item Rows: 20
06-13-19T15:25:22: Invoice Line Item Rows: 30
06-13-19T15:25:22: Invoice Line Item Rows: 40
06-13-19T15:25:22: Invoice Line Item Rows: 50
06-13-19T15:25:22: Invoice Line Item Rows: 60
06-13-19T15:25:22: Invoice Line Item Rows: 70
06-13-19T15:25:22: Invoice Line Item Rows: 80
06-13-19T15:25:22: Invoice Line Item Rows: 90
06-13-19T15:25:22: Invoice Line Item Rows: 100
06-13-19T15:25:22: Invoice Line Item Rows: 110
06-13-19T15:25:22: Invoice Line Item Rows: 120
06-13-19T15:25:22: Invoice Line Item Rows: 130
06-13-19T15:25:22: Invoice Line Item Rows: 140
06-13-19T15:25:22: Invoice Line Item Rows: 150
06-13-19T15:25:22: Invoice Line Item Rows: 160
06-13-19T15:25:22: Invoice Line Item Rows: 170
06-13-19T15:25:22: Invoice Line Item Rows: 180
06-13-19T15:25:22: Invoice Line Item Rows: 190
06-13-19T15:25:22: Invoice Line Item Rows: 200
06-13-19T15:25:22: Invoice Line Item Rows: 210
06-13-19T15:25:22: Invoice Line Item Rows: 220
06-13-19T15:25:22: Invoice Line Item Rows: 230
06-13-19T15:25:22: Invoice Line Item Rows: 240
06-13-19T15:25:22: Invoice Line Item Rows: 250
06-13-19T15:25:22: Invoice Line Item Rows: 260
06-13-19T15:25:22: Invoice Line Item Rows: 270
06-13-19T15:25:22: Invoice Line Item Rows: 280
06-13-19T15:25:22: Invoice Line Item Rows: 290
06-13-19T15:25:22: Invoice Line Item Rows: 300
06-13-19T15:25:22: Invoice Line Item Rows: 310
06-13-19T15:25:22: Invoice Line Item Rows: 320
06-13-19T15:25:22: Invoice Line Item Rows: 330
06-13-19T15:25:22: Invoice Line Item Rows: 340
06-13-19T15:25:22: Invoice Line Item Rows: 350
06-13-19T15:25:22: Invoice Line Item Rows: 360
06-13-19T15:25:22: Invoice Line Item Rows: 370
06-13-19T15:25:22: Invoice Line Item Rows: 380
06-13-19T15:25:22: Invoice Line Item Rows: 390
06-13-19T15:25:22: Invoice Line Item Rows: 400
06-13-19T15:25:22: Invoice Line Item Rows: 410
06-13-19T15:25:22: Invoice Line Item Rows: 420
06-13-19T15:25:22: Invoice Line Item Rows: 430
06-13-19T15:25:22: Invoice Line Item Rows: 440
06-13-19T15:25:22: Invoice Line Item Rows: 450
06-13-19T15:25:22: Invoice Line Item Rows: 460
06-13-19T15:25:22: Invoice Line Item Rows: 470
06-13-19T15:25:22: Transforming raw XML
06-13-19T15:25:22: Finished Receiving to Invoice
06-13-19T15:25:22: Total Items: 473
06-13-19T15:25:22: File created in final xml folder: Inovice 000106184691.xml
06-13-19T15:25:22: ...
06-13-19T15:25:22: Found Input File: C:\Users\chuck\Documents\ROC\Speedway-Source\Data Extraction And Loading\Import Files\Receiving To Invoice\FinalCSV\Inovice 000106205938.csv
06-13-19T15:25:22: Transforming raw XML
06-13-19T15:25:22: Finished Receiving to Invoice
06-13-19T15:25:22: Total Items: 3
06-13-19T15:25:22: File created in final xml folder: Inovice 000106205938.xml
06-13-19T15:25:22: ...
06-13-19T15:25:22: Found Input File: C:\Users\chuck\Documents\ROC\Speedway-Source\Data Extraction And Loading\Import Files\Receiving To Invoice\FinalCSV\Inovice 000106205939.csv
06-13-19T15:25:22: Invoice Line Item Rows: 10
06-13-19T15:25:22: Transforming raw XML
06-13-19T15:25:22: Finished Receiving to Invoice
06-13-19T15:25:22: Total Items: 11
06-13-19T15:25:22: File created in final xml folder: Inovice 000106205939.xml
06-13-19T15:25:22: ...
06-13-19T15:25:22: Found Input File: C:\Users\chuck\Documents\ROC\Speedway-Source\Data Extraction And Loading\Import Files\Receiving To Invoice\FinalCSV\Inovice 000106205940.csv
06-13-19T15:25:22: Invoice Line Item Rows: 10
06-13-19T15:25:22: Invoice Line Item Rows: 20
06-13-19T15:25:22: Invoice Line Item Rows: 30
06-13-19T15:25:22: Invoice Line Item Rows: 40
06-13-19T15:25:22: Invoice Line Item Rows: 50
06-13-19T15:25:22: Invoice Line Item Rows: 60
06-13-19T15:25:22: Invoice Line Item Rows: 70
06-13-19T15:25:22: Invoice Line Item Rows: 80
06-13-19T15:25:22: Invoice Line Item Rows: 90
06-13-19T15:25:22: Invoice Line Item Rows: 100
06-13-19T15:25:22: Invoice Line Item Rows: 110
06-13-19T15:25:22: Invoice Line Item Rows: 120
06-13-19T15:25:22: Invoice Line Item Rows: 130
06-13-19T15:25:22: Invoice Line Item Rows: 140
06-13-19T15:25:22: Invoice Line Item Rows: 150
06-13-19T15:25:22: Invoice Line Item Rows: 160
06-13-19T15:25:22: Invoice Line Item Rows: 170
06-13-19T15:25:22: Invoice Line Item Rows: 180
06-13-19T15:25:22: Invoice Line Item Rows: 190
06-13-19T15:25:22: Invoice Line Item Rows: 200
06-13-19T15:25:22: Invoice Line Item Rows: 210
06-13-19T15:25:22: Invoice Line Item Rows: 220
06-13-19T15:25:22: Invoice Line Item Rows: 230
06-13-19T15:25:22: Invoice Line Item Rows: 240
06-13-19T15:25:22: Invoice Line Item Rows: 250
06-13-19T15:25:22: Invoice Line Item Rows: 260
06-13-19T15:25:22: Invoice Line Item Rows: 270
06-13-19T15:25:22: Invoice Line Item Rows: 280
06-13-19T15:25:22: Invoice Line Item Rows: 290
06-13-19T15:25:22: Invoice Line Item Rows: 300
06-13-19T15:25:22: Invoice Line Item Rows: 310
06-13-19T15:25:22: Invoice Line Item Rows: 320
06-13-19T15:25:22: Invoice Line Item Rows: 330
06-13-19T15:25:22: Invoice Line Item Rows: 340
06-13-19T15:25:22: Invoice Line Item Rows: 350
06-13-19T15:25:22: Invoice Line Item Rows: 360
06-13-19T15:25:22: Invoice Line Item Rows: 370
06-13-19T15:25:22: Invoice Line Item Rows: 380
06-13-19T15:25:22: Invoice Line Item Rows: 390
06-13-19T15:25:22: Invoice Line Item Rows: 400
06-13-19T15:25:22: Invoice Line Item Rows: 410
06-13-19T15:25:22: Invoice Line Item Rows: 420
06-13-19T15:25:22: Invoice Line Item Rows: 430
06-13-19T15:25:22: Invoice Line Item Rows: 440
06-13-19T15:25:22: Transforming raw XML
06-13-19T15:25:22: Finished Receiving to Invoice
06-13-19T15:25:22: Total Items: 448
06-13-19T15:25:22: File created in final xml folder: Inovice 000106205940.xml
06-13-19T15:25:22: ...
06-13-19T15:25:22: Found Input File: C:\Users\chuck\Documents\ROC\Speedway-Source\Data Extraction And Loading\Import Files\Receiving To Invoice\FinalCSV\Inovice 000106205941.csv
06-13-19T15:25:22: Transforming raw XML
06-13-19T15:25:22: Finished Receiving to Invoice
06-13-19T15:25:22: Total Items: 3
06-13-19T15:25:22: File created in final xml folder: Inovice 000106205941.xml
06-13-19T15:25:22: ...
06-13-19T15:25:22: Found Input File: C:\Users\chuck\Documents\ROC\Speedway-Source\Data Extraction And Loading\Import Files\Receiving To Invoice\FinalCSV\Inovice 000106220053.csv
06-13-19T15:25:22: Invoice Line Item Rows: 10
06-13-19T15:25:22: Invoice Line Item Rows: 20
06-13-19T15:25:22: Invoice Line Item Rows: 30
06-13-19T15:25:22: Invoice Line Item Rows: 40
06-13-19T15:25:22: Invoice Line Item Rows: 50
06-13-19T15:25:22: Invoice Line Item Rows: 60
06-13-19T15:25:22: Invoice Line Item Rows: 70
06-13-19T15:25:22: Invoice Line Item Rows: 80
06-13-19T15:25:22: Invoice Line Item Rows: 90
06-13-19T15:25:22: Invoice Line Item Rows: 100
06-13-19T15:25:22: Invoice Line Item Rows: 110
06-13-19T15:25:22: Invoice Line Item Rows: 120
06-13-19T15:25:22: Invoice Line Item Rows: 130
06-13-19T15:25:22: Invoice Line Item Rows: 140
06-13-19T15:25:22: Invoice Line Item Rows: 150
06-13-19T15:25:22: Invoice Line Item Rows: 160
06-13-19T15:25:22: Invoice Line Item Rows: 170
06-13-19T15:25:22: Invoice Line Item Rows: 180
06-13-19T15:25:22: Invoice Line Item Rows: 190
06-13-19T15:25:22: Invoice Line Item Rows: 200
06-13-19T15:25:23: Invoice Line Item Rows: 210
06-13-19T15:25:23: Invoice Line Item Rows: 220
06-13-19T15:25:23: Invoice Line Item Rows: 230
06-13-19T15:25:23: Invoice Line Item Rows: 240
06-13-19T15:25:23: Invoice Line Item Rows: 250
06-13-19T15:25:23: Invoice Line Item Rows: 260
06-13-19T15:25:23: Invoice Line Item Rows: 270
06-13-19T15:25:23: Invoice Line Item Rows: 280
06-13-19T15:25:23: Invoice Line Item Rows: 290
06-13-19T15:25:23: Invoice Line Item Rows: 300
06-13-19T15:25:23: Invoice Line Item Rows: 310
06-13-19T15:25:23: Invoice Line Item Rows: 320
06-13-19T15:25:23: Invoice Line Item Rows: 330
06-13-19T15:25:23: Invoice Line Item Rows: 340
06-13-19T15:25:23: Invoice Line Item Rows: 350
06-13-19T15:25:23: Invoice Line Item Rows: 360
06-13-19T15:25:23: Invoice Line Item Rows: 370
06-13-19T15:25:23: Invoice Line Item Rows: 380
06-13-19T15:25:23: Invoice Line Item Rows: 390
06-13-19T15:25:23: Invoice Line Item Rows: 400
06-13-19T15:25:23: Invoice Line Item Rows: 410
06-13-19T15:25:23: Invoice Line Item Rows: 420
06-13-19T15:25:23: Invoice Line Item Rows: 430
06-13-19T15:25:23: Invoice Line Item Rows: 440
06-13-19T15:25:23: Invoice Line Item Rows: 450
06-13-19T15:25:23: Invoice Line Item Rows: 460
06-13-19T15:25:23: Invoice Line Item Rows: 470
06-13-19T15:25:23: Invoice Line Item Rows: 480
06-13-19T15:25:23: Transforming raw XML
06-13-19T15:25:23: Finished Receiving to Invoice
06-13-19T15:25:23: Total Items: 488
06-13-19T15:25:23: File created in final xml folder: Inovice 000106220053.xml
06-13-19T15:25:23: ...
06-13-19T15:25:23: Found Input File: C:\Users\chuck\Documents\ROC\Speedway-Source\Data Extraction And Loading\Import Files\Receiving To Invoice\FinalCSV\Inovice 000106241357.csv
06-13-19T15:25:23: Invoice Line Item Rows: 10
06-13-19T15:25:23: Transforming raw XML
06-13-19T15:25:23: Finished Receiving to Invoice
06-13-19T15:25:23: Total Items: 14
06-13-19T15:25:23: File created in final xml folder: Inovice 000106241357.xml
06-13-19T15:25:23: ...
06-13-19T15:25:23: Found Input File: C:\Users\chuck\Documents\ROC\Speedway-Source\Data Extraction And Loading\Import Files\Receiving To Invoice\FinalCSV\Inovice 000106241358.csv
06-13-19T15:25:23: Invoice Line Item Rows: 10
06-13-19T15:25:23: Invoice Line Item Rows: 20
06-13-19T15:25:23: Transforming raw XML
06-13-19T15:25:23: Finished Receiving to Invoice
06-13-19T15:25:23: Total Items: 21
06-13-19T15:25:23: File created in final xml folder: Inovice 000106241358.xml
06-13-19T15:25:23: ...
06-13-19T15:25:23: Found Input File: C:\Users\chuck\Documents\ROC\Speedway-Source\Data Extraction And Loading\Import Files\Receiving To Invoice\FinalCSV\Inovice 000106241359.csv
06-13-19T15:25:23: Invoice Line Item Rows: 10
06-13-19T15:25:23: Invoice Line Item Rows: 20
06-13-19T15:25:23: Invoice Line Item Rows: 30
06-13-19T15:25:23: Invoice Line Item Rows: 40
06-13-19T15:25:23: Invoice Line Item Rows: 50
06-13-19T15:25:23: Invoice Line Item Rows: 60
06-13-19T15:25:23: Invoice Line Item Rows: 70
06-13-19T15:25:23: Invoice Line Item Rows: 80
06-13-19T15:25:23: Invoice Line Item Rows: 90
06-13-19T15:25:23: Invoice Line Item Rows: 100
06-13-19T15:25:23: Invoice Line Item Rows: 110
06-13-19T15:25:23: Invoice Line Item Rows: 120
06-13-19T15:25:23: Invoice Line Item Rows: 130
06-13-19T15:25:23: Invoice Line Item Rows: 140
06-13-19T15:25:23: Invoice Line Item Rows: 150
06-13-19T15:25:23: Invoice Line Item Rows: 160
06-13-19T15:25:23: Invoice Line Item Rows: 170
06-13-19T15:25:23: Invoice Line Item Rows: 180
06-13-19T15:25:23: Invoice Line Item Rows: 190
06-13-19T15:25:23: Invoice Line Item Rows: 200
06-13-19T15:25:23: Invoice Line Item Rows: 210
06-13-19T15:25:23: Invoice Line Item Rows: 220
06-13-19T15:25:23: Invoice Line Item Rows: 230
06-13-19T15:25:23: Invoice Line Item Rows: 240
06-13-19T15:25:23: Invoice Line Item Rows: 250
06-13-19T15:25:23: Invoice Line Item Rows: 260
06-13-19T15:25:23: Invoice Line Item Rows: 270
06-13-19T15:25:23: Invoice Line Item Rows: 280
06-13-19T15:25:23: Invoice Line Item Rows: 290
06-13-19T15:25:23: Invoice Line Item Rows: 300
06-13-19T15:25:23: Invoice Line Item Rows: 310
06-13-19T15:25:23: Invoice Line Item Rows: 320
06-13-19T15:25:23: Invoice Line Item Rows: 330
06-13-19T15:25:23: Invoice Line Item Rows: 340
06-13-19T15:25:23: Invoice Line Item Rows: 350
06-13-19T15:25:23: Invoice Line Item Rows: 360
06-13-19T15:25:23: Invoice Line Item Rows: 370
06-13-19T15:25:23: Invoice Line Item Rows: 380
06-13-19T15:25:23: Invoice Line Item Rows: 390
06-13-19T15:25:23: Invoice Line Item Rows: 400
06-13-19T15:25:23: Invoice Line Item Rows: 410
06-13-19T15:25:23: Invoice Line Item Rows: 420
06-13-19T15:25:23: Invoice Line Item Rows: 430
06-13-19T15:25:23: Invoice Line Item Rows: 440
06-13-19T15:25:23: Invoice Line Item Rows: 450
06-13-19T15:25:23: Invoice Line Item Rows: 460
06-13-19T15:25:23: Invoice Line Item Rows: 470
06-13-19T15:25:23: Invoice Line Item Rows: 480
06-13-19T15:25:23: Invoice Line Item Rows: 490
06-13-19T15:25:23: Transforming raw XML
06-13-19T15:25:23: Finished Receiving to Invoice
06-13-19T15:25:23: Total Items: 490
06-13-19T15:25:23: File created in final xml folder: Inovice 000106241359.xml
06-13-19T15:25:23: ...
06-13-19T15:25:23: Found Input File: C:\Users\chuck\Documents\ROC\Speedway-Source\Data Extraction And Loading\Import Files\Receiving To Invoice\FinalCSV\Inovice 000106256296.csv
06-13-19T15:25:23: Invoice Line Item Rows: 10
06-13-19T15:25:23: Invoice Line Item Rows: 20
06-13-19T15:25:23: Invoice Line Item Rows: 30
06-13-19T15:25:23: Invoice Line Item Rows: 40
06-13-19T15:25:23: Invoice Line Item Rows: 50
06-13-19T15:25:23: Invoice Line Item Rows: 60
06-13-19T15:25:23: Invoice Line Item Rows: 70
06-13-19T15:25:23: Invoice Line Item Rows: 80
06-13-19T15:25:23: Invoice Line Item Rows: 90
06-13-19T15:25:23: Invoice Line Item Rows: 100
06-13-19T15:25:23: Invoice Line Item Rows: 110
06-13-19T15:25:23: Invoice Line Item Rows: 120
06-13-19T15:25:23: Invoice Line Item Rows: 130
06-13-19T15:25:23: Invoice Line Item Rows: 140
06-13-19T15:25:23: Invoice Line Item Rows: 150
06-13-19T15:25:23: Invoice Line Item Rows: 160
06-13-19T15:25:23: Invoice Line Item Rows: 170
06-13-19T15:25:23: Invoice Line Item Rows: 180
06-13-19T15:25:23: Invoice Line Item Rows: 190
06-13-19T15:25:23: Invoice Line Item Rows: 200
06-13-19T15:25:23: Invoice Line Item Rows: 210
06-13-19T15:25:23: Invoice Line Item Rows: 220
06-13-19T15:25:23: Invoice Line Item Rows: 230
06-13-19T15:25:23: Invoice Line Item Rows: 240
06-13-19T15:25:23: Invoice Line Item Rows: 250
06-13-19T15:25:23: Invoice Line Item Rows: 260
06-13-19T15:25:23: Invoice Line Item Rows: 270
06-13-19T15:25:23: Invoice Line Item Rows: 280
06-13-19T15:25:23: Invoice Line Item Rows: 290
06-13-19T15:25:23: Invoice Line Item Rows: 300
06-13-19T15:25:23: Invoice Line Item Rows: 310
06-13-19T15:25:23: Invoice Line Item Rows: 320
06-13-19T15:25:23: Invoice Line Item Rows: 330
06-13-19T15:25:23: Invoice Line Item Rows: 340
06-13-19T15:25:23: Invoice Line Item Rows: 350
06-13-19T15:25:23: Invoice Line Item Rows: 360
06-13-19T15:25:23: Invoice Line Item Rows: 370
06-13-19T15:25:23: Invoice Line Item Rows: 380
06-13-19T15:25:23: Invoice Line Item Rows: 390
06-13-19T15:25:23: Invoice Line Item Rows: 400
06-13-19T15:25:23: Invoice Line Item Rows: 410
06-13-19T15:25:23: Invoice Line Item Rows: 420
06-13-19T15:25:23: Invoice Line Item Rows: 430
06-13-19T15:25:23: Invoice Line Item Rows: 440
06-13-19T15:25:23: Invoice Line Item Rows: 450
06-13-19T15:25:23: Invoice Line Item Rows: 460
06-13-19T15:25:23: Invoice Line Item Rows: 470
06-13-19T15:25:23: Invoice Line Item Rows: 480
06-13-19T15:25:23: Invoice Line Item Rows: 490
06-13-19T15:25:23: Invoice Line Item Rows: 500
06-13-19T15:25:23: Invoice Line Item Rows: 510
06-13-19T15:25:24: Transforming raw XML
06-13-19T15:25:24: Finished Receiving to Invoice
06-13-19T15:25:24: Total Items: 514
06-13-19T15:25:24: File created in final xml folder: Inovice 000106256296.xml
06-13-19T15:25:24: ...
06-13-19T15:25:24: Found Input File: C:\Users\chuck\Documents\ROC\Speedway-Source\Data Extraction And Loading\Import Files\Receiving To Invoice\FinalCSV\Inovice 000106256297.csv
06-13-19T15:25:24: Transforming raw XML
06-13-19T15:25:24: Finished Receiving to Invoice
06-13-19T15:25:24: Total Items: 3
06-13-19T15:25:24: File created in final xml folder: Inovice 000106256297.xml
06-13-19T15:25:24: ...
06-13-19T15:25:24: Found Input File: C:\Users\chuck\Documents\ROC\Speedway-Source\Data Extraction And Loading\Import Files\Receiving To Invoice\FinalCSV\Inovice 000106278075.csv
06-13-19T15:25:24: Invoice Line Item Rows: 10
06-13-19T15:25:24: Invoice Line Item Rows: 20
06-13-19T15:25:24: Invoice Line Item Rows: 30
06-13-19T15:25:24: Invoice Line Item Rows: 40
06-13-19T15:25:24: Invoice Line Item Rows: 50
06-13-19T15:25:24: Invoice Line Item Rows: 60
06-13-19T15:25:24: Invoice Line Item Rows: 70
06-13-19T15:25:24: Transforming raw XML
06-13-19T15:25:24: Finished Receiving to Invoice
06-13-19T15:25:24: Total Items: 74
06-13-19T15:25:24: File created in final xml folder: Inovice 000106278075.xml
06-13-19T15:25:24: ...
06-13-19T15:25:24: Found Input File: C:\Users\chuck\Documents\ROC\Speedway-Source\Data Extraction And Loading\Import Files\Receiving To Invoice\FinalCSV\Inovice 000106278076.csv
06-13-19T15:25:24: Invoice Line Item Rows: 10
06-13-19T15:25:24: Transforming raw XML
06-13-19T15:25:24: Finished Receiving to Invoice
06-13-19T15:25:24: Total Items: 16
06-13-19T15:25:24: File created in final xml folder: Inovice 000106278076.xml
06-13-19T15:25:24: ...
06-13-19T15:25:24: Found Input File: C:\Users\chuck\Documents\ROC\Speedway-Source\Data Extraction And Loading\Import Files\Receiving To Invoice\FinalCSV\Inovice 000106278077.csv
06-13-19T15:25:24: Invoice Line Item Rows: 10
06-13-19T15:25:24: Invoice Line Item Rows: 20
06-13-19T15:25:24: Invoice Line Item Rows: 30
06-13-19T15:25:24: Invoice Line Item Rows: 40
06-13-19T15:25:24: Invoice Line Item Rows: 50
06-13-19T15:25:24: Invoice Line Item Rows: 60
06-13-19T15:25:24: Invoice Line Item Rows: 70
06-13-19T15:25:24: Invoice Line Item Rows: 80
06-13-19T15:25:24: Invoice Line Item Rows: 90
06-13-19T15:25:24: Invoice Line Item Rows: 100
06-13-19T15:25:24: Invoice Line Item Rows: 110
06-13-19T15:25:24: Invoice Line Item Rows: 120
06-13-19T15:25:24: Invoice Line Item Rows: 130
06-13-19T15:25:24: Invoice Line Item Rows: 140
06-13-19T15:25:24: Invoice Line Item Rows: 150
06-13-19T15:25:24: Invoice Line Item Rows: 160
06-13-19T15:25:24: Invoice Line Item Rows: 170
06-13-19T15:25:24: Invoice Line Item Rows: 180
06-13-19T15:25:24: Invoice Line Item Rows: 190
06-13-19T15:25:24: Invoice Line Item Rows: 200
06-13-19T15:25:24: Invoice Line Item Rows: 210
06-13-19T15:25:24: Invoice Line Item Rows: 220
06-13-19T15:25:24: Invoice Line Item Rows: 230
06-13-19T15:25:24: Invoice Line Item Rows: 240
06-13-19T15:25:24: Invoice Line Item Rows: 250
06-13-19T15:25:24: Invoice Line Item Rows: 260
06-13-19T15:25:24: Invoice Line Item Rows: 270
06-13-19T15:25:24: Invoice Line Item Rows: 280
06-13-19T15:25:24: Invoice Line Item Rows: 290
06-13-19T15:25:24: Invoice Line Item Rows: 300
06-13-19T15:25:24: Invoice Line Item Rows: 310
06-13-19T15:25:24: Invoice Line Item Rows: 320
06-13-19T15:25:24: Invoice Line Item Rows: 330
06-13-19T15:25:24: Invoice Line Item Rows: 340
06-13-19T15:25:24: Invoice Line Item Rows: 350
06-13-19T15:25:24: Invoice Line Item Rows: 360
06-13-19T15:25:24: Invoice Line Item Rows: 370
06-13-19T15:25:24: Invoice Line Item Rows: 380
06-13-19T15:25:24: Invoice Line Item Rows: 390
06-13-19T15:25:24: Invoice Line Item Rows: 400
06-13-19T15:25:24: Invoice Line Item Rows: 410
06-13-19T15:25:24: Invoice Line Item Rows: 420
06-13-19T15:25:24: Invoice Line Item Rows: 430
06-13-19T15:25:24: Invoice Line Item Rows: 440
06-13-19T15:25:24: Invoice Line Item Rows: 450
06-13-19T15:25:24: Invoice Line Item Rows: 460
06-13-19T15:25:24: Transforming raw XML
06-13-19T15:25:24: Finished Receiving to Invoice
06-13-19T15:25:24: Total Items: 464
06-13-19T15:25:24: File created in final xml folder: Inovice 000106278077.xml
06-13-19T15:25:24: ...
06-13-19T15:25:24: Found Input File: C:\Users\chuck\Documents\ROC\Speedway-Source\Data Extraction And Loading\Import Files\Receiving To Invoice\FinalCSV\Inovice 000106278079.csv
06-13-19T15:25:24: Transforming raw XML
06-13-19T15:25:24: Finished Receiving to Invoice
06-13-19T15:25:24: Total Items: 3
06-13-19T15:25:24: File created in final xml folder: Inovice 000106278079.xml
06-13-19T15:25:24: ...
06-13-19T15:25:24: End Log
