05-06-19T17:04:26: Start Log
05-06-19T17:04:26: Mapping Folder:  C:\Users\chuck\Documents\ROC\Speedway-Source\Data Extraction And Loading\Import Files\On Hand Qty from BC to ESO\MapFiles\
05-06-19T17:04:27: Item IDs in mapping array:  30775
05-06-19T17:04:27: Processing Item Id: inventory_item_id
05-06-19T17:04:29: Processing Item Id: 1000002
05-06-19T17:04:31: Processing Item Id: 1000003
05-06-19T17:04:32: Processing Item Id: 1000008
05-06-19T17:04:33: Processing Item Id: 1000010
05-06-19T17:04:33: Processing Item Id: 1000014
05-06-19T17:04:34: Processing Item Id: 1000015
05-06-19T17:04:35: Processing Item Id: 1000020
05-06-19T17:04:36: Processing Item Id: 1000026
05-06-19T17:04:38: Processing Item Id: 1000027
05-06-19T17:04:42: Processing Item Id: 1000028
05-06-19T17:04:43: Processing Item Id: 1000035
05-06-19T17:04:44: Processing Item Id: 1000039
05-06-19T17:04:45: Processing Item Id: 1000041
05-06-19T17:04:46: Processing Item Id: 1000043
05-06-19T17:04:47: Processing Item Id: 1000044
05-06-19T17:04:48: Processing Item Id: 1000045
05-06-19T17:04:49: Processing Item Id: 1000046
05-06-19T17:04:53: Processing Item Id: 1000048
05-06-19T17:04:54: Processing Item Id: 1000051
05-06-19T17:04:55: Processing Item Id: 1000052
05-06-19T17:04:55: Processing Item Id: 1000053
05-06-19T17:05:06: Processing Item Id: 1000056
05-06-19T17:05:07: Processing Item Id: 1000060
05-06-19T17:05:17: Processing Item Id: 1000062
