05-07-19T11:12:59: Start Log
05-07-19T11:12:59: Mapping Folder:  C:\Users\chuck\Documents\ROC\Speedway-Source\Data Extraction And Loading\Import Files\On Hand Qty from BC to ESO\MapFiles\
05-07-19T11:13:00: Item IDs in mapping array:  30775
05-07-19T11:13:00: Processing Item Id: 10024406
05-07-19T11:13:00: Processing Item Id: 10027038
05-07-19T11:13:00: Processing Item Id: 10041089
05-07-19T11:13:00: Processing Item Id: 10050743
05-07-19T11:13:00: Processing Item Id: 10018834
05-07-19T11:13:00: Processing Item Id: 10009677
05-07-19T11:13:00: Processing Item Id: 10007588
05-07-19T11:13:00: Processing Item Id: 10009678
05-07-19T11:13:00: Processing Item Id: 10006601
05-07-19T11:13:00: Processing Item Id: 10007589
05-07-19T11:13:00: Processing Item Id: 10008540
05-07-19T11:13:00: Processing Item Id: 10006602
05-07-19T11:13:00: Processing Item Id: 10009680
05-07-19T11:13:00: Processing Item Id: 10006603
05-07-19T11:13:00: Processing Item Id: 10007591
05-07-19T11:13:00: Processing Item Id: 10006604
05-07-19T11:13:00: Processing Item Id: 10006605
05-07-19T11:13:00: Processing Item Id: 10008544
05-07-19T11:13:00: Processing Item Id: 10008545
05-07-19T11:13:00: Processing Item Id: 10006606
05-07-19T11:13:00: Processing Item Id: 10007593
05-07-19T11:13:00: Processing Item Id: 10008546
05-07-19T11:13:00: Processing Item Id: 10009683
05-07-19T11:13:00: Processing Item Id: 10006607
05-07-19T11:13:00: Processing Item Id: 10007594
05-07-19T11:13:00: Processing Item Id: 10008547
05-07-19T11:13:00: Processing Item Id: 10009684
05-07-19T11:13:00: Processing Item Id: 10007595
05-07-19T11:13:00: Processing Item Id: 10009685
05-07-19T11:13:00: Processing Item Id: 10007596
05-07-19T11:13:00: Processing Item Id: 10008548
05-07-19T11:13:00: Processing Item Id: 10009686
05-07-19T11:13:00: Processing Item Id: 10006610
05-07-19T11:13:00: Processing Item Id: 10008549
05-07-19T11:13:00: Processing Item Id: 10007598
05-07-19T11:13:00: Processing Item Id: 10008550
05-07-19T11:13:00: Processing Item Id: 10009687
05-07-19T11:13:01: Processing Item Id: 10008551
05-07-19T11:13:01: Processing Item Id: 10009688
05-07-19T11:13:01: Processing Item Id: 10007599
05-07-19T11:13:01: Processing Item Id: 10008552
05-07-19T11:13:01: Processing Item Id: 10006614
05-07-19T11:13:01: Processing Item Id: 10007600
05-07-19T11:13:01: Processing Item Id: 10006615
05-07-19T11:13:01: Processing Item Id: 10008554
05-07-19T11:13:01: Processing Item Id: 10009691
05-07-19T11:13:01: Processing Item Id: 10008555
05-07-19T11:13:01: Processing Item Id: 10009692
05-07-19T11:13:01: Processing Item Id: 10006617
05-07-19T11:13:01: Processing Item Id: 10007602
05-07-19T11:13:01: Processing Item Id: 10008556
05-07-19T11:13:01: Processing Item Id: 10009693
05-07-19T11:13:01: Processing Item Id: 10006618
05-07-19T11:13:01: Processing Item Id: 10007603
05-07-19T11:13:01: Processing Item Id: 10006619
05-07-19T11:13:01: Processing Item Id: 10007604
05-07-19T11:13:01: Processing Item Id: 10008558
05-07-19T11:13:01: Processing Item Id: 10009695
05-07-19T11:13:01: Processing Item Id: 10008560
05-07-19T11:13:01: Processing Item Id: 10007607
05-07-19T11:13:01: Processing Item Id: 10007608
05-07-19T11:13:01: Processing Item Id: 10008562
05-07-19T11:13:01: Processing Item Id: 10006625
05-07-19T11:13:01: Processing Item Id: 10007611
05-07-19T11:13:01: Processing Item Id: 10008564
05-07-19T11:13:01: Processing Item Id: 10009699
05-07-19T11:13:01: Processing Item Id: 10035671
05-07-19T11:13:01: Processing Item Id: 10007612
05-07-19T11:13:01: Processing Item Id: 10008565
05-07-19T11:13:01: Processing Item Id: 10009700
05-07-19T11:13:01: Processing Item Id: 10007613
05-07-19T11:13:01: Processing Item Id: 10006628
05-07-19T11:13:01: Processing Item Id: 10007614
05-07-19T11:13:01: Processing Item Id: 10008566
05-07-19T11:13:02: Processing Item Id: 10008567
05-07-19T11:13:02: Processing Item Id: 10008568
05-07-19T11:13:02: Processing Item Id: 10009702
05-07-19T11:13:02: Processing Item Id: 10009703
05-07-19T11:13:02: Processing Item Id: 10050745
05-07-19T11:13:02: Processing Item Id: 10014497
05-07-19T11:13:02: Processing Item Id: 10018837
05-07-19T11:13:02: Processing Item Id: 10042703
05-07-19T11:13:02: Processing Item Id: 10044081
05-07-19T11:13:02: Processing Item Id: 10046546
05-07-19T11:13:02: Processing Item Id: 10049376
05-07-19T11:13:02: Processing Item Id: 10016019
05-07-19T11:13:02: Processing Item Id: 10017596
05-07-19T11:13:02: Processing Item Id: 10021836
05-07-19T11:13:02: Processing Item Id: 10029936
05-07-19T11:13:02: Processing Item Id: 10031339
05-07-19T11:13:02: Processing Item Id: 10033951
05-07-19T11:13:02: Processing Item Id: 10038275
05-07-19T11:13:02: Processing Item Id: 10041092
05-07-19T11:13:02: Processing Item Id: 10010478
05-07-19T11:13:02: Processing Item Id: 10014498
05-07-19T11:13:02: Processing Item Id: 10018839
05-07-19T11:13:02: Processing Item Id: 10028448
05-07-19T11:13:02: Processing Item Id: 10036885
05-07-19T11:13:02: Processing Item Id: 10038276
05-07-19T11:13:02: Processing Item Id: 10042705
05-07-19T11:13:02: Processing Item Id: 10046548
05-07-19T11:13:02: Processing Item Id: 10010479
05-07-19T11:13:02: Processing Item Id: 10011726
05-07-19T11:13:02: Processing Item Id: 10013112
05-07-19T11:13:02: Processing Item Id: 10017598
05-07-19T11:13:02: Processing Item Id: 10018840
05-07-19T11:13:02: Processing Item Id: 10023019
05-07-19T11:13:02: Processing Item Id: 10025800
05-07-19T11:13:02: Processing Item Id: 10028449
05-07-19T11:13:02: Processing Item Id: 10031341
05-07-19T11:13:02: Processing Item Id: 10035675
05-07-19T11:13:02: Processing Item Id: 10041094
05-07-19T11:13:02: Processing Item Id: 10045291
05-07-19T11:13:02: Processing Item Id: 10046549
05-07-19T11:13:02: Processing Item Id: 10049379
05-07-19T11:13:02: Processing Item Id: 10050749
05-07-19T11:13:03: Processing Item Id: 10013113
05-07-19T11:13:03: Processing Item Id: 10014500
05-07-19T11:13:03: Processing Item Id: 10021839
05-07-19T11:13:03: Processing Item Id: 10025801
05-07-19T11:13:03: Processing Item Id: 10029939
05-07-19T11:13:03: Processing Item Id: 10031342
05-07-19T11:13:03: Processing Item Id: 10004307
05-07-19T11:13:03: Processing Item Id: 10005542
05-07-19T11:13:03: Processing Item Id: 10038278
05-07-19T11:13:03: Processing Item Id: 10041095
05-07-19T11:13:03: Processing Item Id: 10045292
05-07-19T11:13:03: Processing Item Id: 10048012
05-07-19T11:13:03: Processing Item Id: 10050750
05-07-19T11:13:03: Processing Item Id: 10052323
05-07-19T11:13:03: Processing Item Id: 10006629
05-07-19T11:13:03: Processing Item Id: 10007615
05-07-19T11:13:03: Processing Item Id: 10008569
05-07-19T11:13:03: Processing Item Id: 10006630
05-07-19T11:13:03: Processing Item Id: 10007616
05-07-19T11:13:03: Processing Item Id: 10009704
05-07-19T11:13:03: Processing Item Id: 10014503
05-07-19T11:13:03: Processing Item Id: 10018842
05-07-19T11:13:03: Processing Item Id: 10029941
05-07-19T11:13:03: Processing Item Id: 10031345
05-07-19T11:13:03: Processing Item Id: 10041098
05-07-19T11:13:03: Processing Item Id: 10044088
05-07-19T11:13:03: Processing Item Id: 10002024
05-07-19T11:13:03: Processing Item Id: 10014504
05-07-19T11:13:03: Processing Item Id: 10016026
05-07-19T11:13:03: Processing Item Id: 10017602
05-07-19T11:13:03: Processing Item Id: 10018843
05-07-19T11:13:03: Processing Item Id: 10019749
05-07-19T11:13:03: Processing Item Id: 10021843
05-07-19T11:13:03: Processing Item Id: 10005543
05-07-19T11:13:03: Processing Item Id: 10049384
05-07-19T11:13:03: Processing Item Id: 10003116
05-07-19T11:13:03: Processing Item Id: 10025804
05-07-19T11:13:03: Processing Item Id: 10006631
05-07-19T11:13:03: Processing Item Id: 10008570
05-07-19T11:13:03: Processing Item Id: 10002025
05-07-19T11:13:03: Processing Item Id: 10059400
05-07-19T11:13:03: Processing Item Id: 10036892
05-07-19T11:13:03: Processing Item Id: 10035679
05-07-19T11:13:03: Processing Item Id: 10042710
05-07-19T11:13:03: Processing Item Id: 10049386
05-07-19T11:13:04: Processing Item Id: 10023027
05-07-19T11:13:04: Processing Item Id: 10059899
05-07-19T11:13:04: Processing Item Id: 10028455
05-07-19T11:13:04: Processing Item Id: 10029943
05-07-19T11:13:04: Processing Item Id: 10032588
05-07-19T11:13:04: Processing Item Id: 10031347
05-07-19T11:13:04: Processing Item Id: 10044091
05-07-19T11:13:04: Processing Item Id: 10002026
05-07-19T11:13:04: Processing Item Id: 10003117
05-07-19T11:13:04: Processing Item Id: 10007617
05-07-19T11:13:04: Processing Item Id: 10007618
05-07-19T11:13:04: Processing Item Id: 10009705
05-07-19T11:13:04: Processing Item Id: 10007619
05-07-19T11:13:04: Processing Item Id: 10007620
05-07-19T11:13:04: Processing Item Id: 10008572
05-07-19T11:13:04: Processing Item Id: 10009707
05-07-19T11:13:04: Processing Item Id: 10008573
05-07-19T11:13:04: Processing Item Id: 10007622
05-07-19T11:13:04: Processing Item Id: 10006635
05-07-19T11:13:04: Processing Item Id: 10014509
05-07-19T11:13:04: Processing Item Id: 10008575
05-07-19T11:13:04: Processing Item Id: 10009708
05-07-19T11:13:04: Processing Item Id: 10006637
05-07-19T11:13:04: Processing Item Id: 10008577
05-07-19T11:13:04: Processing Item Id: 10009709
05-07-19T11:13:04: Processing Item Id: 10006638
05-07-19T11:13:04: Processing Item Id: 10007624
05-07-19T11:13:04: Processing Item Id: 10009710
05-07-19T11:13:05: Processing Item Id: 10007625
05-07-19T11:13:05: Processing Item Id: 10009711
05-07-19T11:13:05: Processing Item Id: 10006641
05-07-19T11:13:05: Processing Item Id: 10007626
05-07-19T11:13:05: Processing Item Id: 10008581
05-07-19T11:13:05: Processing Item Id: 10009712
05-07-19T11:13:05: Processing Item Id: 10006642
05-07-19T11:13:05: Processing Item Id: 10007627
05-07-19T11:13:05: Processing Item Id: 10008582
05-07-19T11:13:05: Processing Item Id: 10009713
05-07-19T11:13:05: Processing Item Id: 10007628
05-07-19T11:13:05: Processing Item Id: 10006643
05-07-19T11:13:05: Processing Item Id: 10021847
05-07-19T11:13:05: Processing Item Id: 10023030
05-07-19T11:13:05: Processing Item Id: 10024417
05-07-19T11:13:05: Processing Item Id: 10008589
05-07-19T11:13:05: Processing Item Id: 10031348
05-07-19T11:13:05: Processing Item Id: 10033959
05-07-19T11:13:05: Processing Item Id: 10008590
05-07-19T11:13:05: Processing Item Id: 10046558
05-07-19T11:13:05: Processing Item Id: 10049388
05-07-19T11:13:05: Processing Item Id: 10017608
05-07-19T11:13:05: Processing Item Id: 10007640
05-07-19T11:13:05: Processing Item Id: 10009723
05-07-19T11:13:05: Processing Item Id: 10008595
05-07-19T11:13:05: Processing Item Id: 10006651
05-07-19T11:13:05: Processing Item Id: 10007642
05-07-19T11:13:05: Processing Item Id: 10007644
05-07-19T11:13:05: Processing Item Id: 10008599
05-07-19T11:13:05: Processing Item Id: 10010490
05-07-19T11:13:05: Processing Item Id: 10027051
05-07-19T11:13:05: Processing Item Id: 10029944
05-07-19T11:13:05: Processing Item Id: 10017612
05-07-19T11:13:05: Processing Item Id: 10021850
05-07-19T11:13:05: Processing Item Id: 10024421
05-07-19T11:13:05: Processing Item Id: 10025807
05-07-19T11:13:05: Processing Item Id: 10031350
05-07-19T11:13:05: Processing Item Id: 10019759
05-07-19T11:13:05: Processing Item Id: 10027052
05-07-19T11:13:05: Processing Item Id: 10028460
05-07-19T11:13:05: Processing Item Id: 10029946
05-07-19T11:13:05: Processing Item Id: 10032592
05-07-19T11:13:05: Processing Item Id: 10031351
05-07-19T11:13:05: Processing Item Id: 10003118
05-07-19T11:13:05: Processing Item Id: 10017614
05-07-19T11:13:05: Processing Item Id: 10023037
05-07-19T11:13:05: Processing Item Id: 10002027
05-07-19T11:13:05: Processing Item Id: 10025812
05-07-19T11:13:05: Processing Item Id: 10029949
05-07-19T11:13:05: Processing Item Id: 10016040
05-07-19T11:13:05: Processing Item Id: 10020379
05-07-19T11:13:05: Processing Item Id: 10028465
05-07-19T11:13:05: Processing Item Id: 10029950
05-07-19T11:13:06: Processing Item Id: 10035691
05-07-19T11:13:06: Processing Item Id: 10039566
05-07-19T11:13:06: Processing Item Id: 10041110
05-07-19T11:13:06: Processing Item Id: 10042720
05-07-19T11:13:06: Processing Item Id: 10052337
05-07-19T11:13:06: Processing Item Id: 10041111
05-07-19T11:13:06: Processing Item Id: 10007646
05-07-19T11:13:06: Processing Item Id: 10008604
05-07-19T11:13:06: Processing Item Id: 10059403
05-07-19T11:13:06: Processing Item Id: 10059903
05-07-19T11:13:06: Processing Item Id: 10059404
05-07-19T11:13:06: Processing Item Id: 10060728
05-07-19T11:13:06: Processing Item Id: 10057271
05-07-19T11:13:06: Processing Item Id: 10016043
05-07-19T11:13:06: Processing Item Id: 10017620
05-07-19T11:13:06: Processing Item Id: 10020381
05-07-19T11:13:06: Processing Item Id: 10028467
05-07-19T11:13:06: Processing Item Id: 10057797
05-07-19T11:13:06: Processing Item Id: 10046568
05-07-19T11:13:06: Processing Item Id: 10011747
05-07-19T11:13:06: Processing Item Id: 10000759
05-07-19T11:13:06: Processing Item Id: 10016048
05-07-19T11:13:06: Processing Item Id: 10042727
05-07-19T11:13:06: Processing Item Id: 10045312
05-07-19T11:13:06: Processing Item Id: 10041118
05-07-19T11:13:06: Processing Item Id: 10042728
05-07-19T11:13:06: Processing Item Id: 10046574
05-07-19T11:13:06: Processing Item Id: 10048037
05-07-19T11:13:06: Processing Item Id: 10036906
05-07-19T11:13:06: Processing Item Id: 10035700
05-07-19T11:13:06: Processing Item Id: 10039576
05-07-19T11:13:06: Processing Item Id: 10060729
05-07-19T11:13:06: Processing Item Id: 10059411
05-07-19T11:13:06: Processing Item Id: 10059910
05-07-19T11:13:06: Processing Item Id: 10059412
05-07-19T11:13:06: Processing Item Id: 10038301
05-07-19T11:13:06: Processing Item Id: 10042732
05-07-19T11:13:06: Processing Item Id: 10044112
05-07-19T11:13:06: Processing Item Id: 10045316
05-07-19T11:13:06: Processing Item Id: 10046577
05-07-19T11:13:06: Processing Item Id: 10049409
05-07-19T11:13:06: Processing Item Id: 10011752
05-07-19T11:13:06: Processing Item Id: 10014529
05-07-19T11:13:06: Processing Item Id: 10016051
05-07-19T11:13:06: Processing Item Id: 10027065
05-07-19T11:13:06: Processing Item Id: 10028473
05-07-19T11:13:07: Processing Item Id: 10048041
05-07-19T11:13:07: Processing Item Id: 10014530
05-07-19T11:13:07: Processing Item Id: 10016052
05-07-19T11:13:07: Processing Item Id: 10017627
05-07-19T11:13:07: Processing Item Id: 10031367
05-07-19T11:13:07: Processing Item Id: 10033978
05-07-19T11:13:07: Processing Item Id: 10036908
05-07-19T11:13:07: Processing Item Id: 10016054
05-07-19T11:13:07: Processing Item Id: 10017629
05-07-19T11:13:07: Processing Item Id: 10018868
05-07-19T11:13:07: Processing Item Id: 10021867
05-07-19T11:13:07: Processing Item Id: 10023052
05-07-19T11:13:07: Processing Item Id: 10024439
05-07-19T11:13:07: Processing Item Id: 10025826
05-07-19T11:13:07: Processing Item Id: 10027067
05-07-19T11:13:07: Processing Item Id: 10028475
05-07-19T11:13:07: Processing Item Id: 10029962
05-07-19T11:13:07: Processing Item Id: 10032612
05-07-19T11:13:07: Processing Item Id: 10003120
05-07-19T11:13:07: Processing Item Id: 10004310
05-07-19T11:13:07: Processing Item Id: 10024442
05-07-19T11:13:07: Processing Item Id: 10035709
05-07-19T11:13:07: Processing Item Id: 10042738
05-07-19T11:13:07: Processing Item Id: 10052353
05-07-19T11:13:07: Processing Item Id: 10020395
05-07-19T11:13:07: Processing Item Id: 10059913
05-07-19T11:13:07: Processing Item Id: 10044119
05-07-19T11:13:07: Processing Item Id: 10060734
05-07-19T11:13:07: Processing Item Id: 10059416
05-07-19T11:13:07: Processing Item Id: 10059417
05-07-19T11:13:07: Processing Item Id: 10059914
05-07-19T11:13:07: Processing Item Id: 10060735
05-07-19T11:13:07: Processing Item Id: 10059418
05-07-19T11:13:07: Processing Item Id: 10014537
05-07-19T11:13:07: Processing Item Id: 10005545
05-07-19T11:13:07: Processing Item Id: 10033986
05-07-19T11:13:07: Processing Item Id: 10041127
05-07-19T11:13:07: Processing Item Id: 10023056
05-07-19T11:13:07: Processing Item Id: 10024445
05-07-19T11:13:07: Processing Item Id: 10045323
05-07-19T11:13:07: Processing Item Id: 10048050
05-07-19T11:13:07: Processing Item Id: 10045325
05-07-19T11:13:07: Processing Item Id: 10046585
05-07-19T11:13:08: Processing Item Id: 10011760
05-07-19T11:13:08: Processing Item Id: 10023058
05-07-19T11:13:08: Processing Item Id: 10033989
05-07-19T11:13:08: Processing Item Id: 10028481
05-07-19T11:13:08: Processing Item Id: 10029970
05-07-19T11:13:08: Processing Item Id: 10032623
05-07-19T11:13:08: Processing Item Id: 10031379
05-07-19T11:13:08: Processing Item Id: 10033990
05-07-19T11:13:08: Processing Item Id: 10036920
05-07-19T11:13:08: Processing Item Id: 10038315
05-07-19T11:13:08: Processing Item Id: 10016064
05-07-19T11:13:08: Processing Item Id: 10018877
05-07-19T11:13:08: Processing Item Id: 10060737
05-07-19T11:13:08: Processing Item Id: 10059420
05-07-19T11:13:08: Processing Item Id: 10032625
05-07-19T11:13:08: Processing Item Id: 10031382
05-07-19T11:13:08: Processing Item Id: 10038318
05-07-19T11:13:08: Processing Item Id: 10048055
05-07-19T11:13:08: Processing Item Id: 10013149
05-07-19T11:13:08: Processing Item Id: 10018880
05-07-19T11:13:08: Processing Item Id: 10032626
05-07-19T11:13:08: Processing Item Id: 10059916
05-07-19T11:13:08: Processing Item Id: 10000763
05-07-19T11:13:08: Processing Item Id: 10049425
05-07-19T11:13:08: Processing Item Id: 10010518
05-07-19T11:13:08: Processing Item Id: 10011766
05-07-19T11:13:08: Processing Item Id: 10016068
05-07-19T11:13:08: Processing Item Id: 10002028
05-07-19T11:13:08: Processing Item Id: 10003121
05-07-19T11:13:08: Processing Item Id: 10028485
05-07-19T11:13:08: Processing Item Id: 10029977
05-07-19T11:13:08: Processing Item Id: 10048061
05-07-19T11:13:08: Processing Item Id: 10050797
05-07-19T11:13:08: Processing Item Id: 10021885
05-07-19T11:13:08: Processing Item Id: 10029978
05-07-19T11:13:08: Processing Item Id: 10005548
05-07-19T11:13:08: Processing Item Id: 10007654
05-07-19T11:13:08: Processing Item Id: 10016073
05-07-19T11:13:08: Processing Item Id: 10023069
05-07-19T11:13:08: Processing Item Id: 10024453
05-07-19T11:13:09: Processing Item Id: 10025841
05-07-19T11:13:09: Processing Item Id: 10028490
05-07-19T11:13:09: Processing Item Id: 10029981
05-07-19T11:13:09: Processing Item Id: 10002029
05-07-19T11:13:09: Processing Item Id: 10006667
05-07-19T11:13:09: Processing Item Id: 10005549
05-07-19T11:13:09: Processing Item Id: 10004312
05-07-19T11:13:09: Processing Item Id: 10036931
05-07-19T11:13:09: Processing Item Id: 10041139
05-07-19T11:13:09: Processing Item Id: 10044131
05-07-19T11:13:09: Processing Item Id: 10046600
05-07-19T11:13:09: Processing Item Id: 10006668
05-07-19T11:13:09: Processing Item Id: 10018886
05-07-19T11:13:09: Processing Item Id: 10002032
05-07-19T11:13:09: Processing Item Id: 10032636
05-07-19T11:13:09: Processing Item Id: 10027086
05-07-19T11:13:09: Processing Item Id: 10002033
05-07-19T11:13:09: Processing Item Id: 10003123
05-07-19T11:13:09: Processing Item Id: 10004313
05-07-19T11:13:09: Processing Item Id: 10005550
05-07-19T11:13:09: Processing Item Id: 10005551
05-07-19T11:13:09: Processing Item Id: 10017651
05-07-19T11:13:09: Processing Item Id: 10000768
05-07-19T11:13:09: Processing Item Id: 10013161
05-07-19T11:13:09: Processing Item Id: 10017652
05-07-19T11:13:09: Processing Item Id: 10021894
05-07-19T11:13:09: Processing Item Id: 10025848
05-07-19T11:13:09: Processing Item Id: 10027088
05-07-19T11:13:09: Processing Item Id: 10041143
05-07-19T11:13:09: Processing Item Id: 10042760
05-07-19T11:13:09: Processing Item Id: 10046604
05-07-19T11:13:09: Processing Item Id: 10025849
05-07-19T11:13:09: Processing Item Id: 10028495
05-07-19T11:13:09: Processing Item Id: 10041144
05-07-19T11:13:09: Processing Item Id: 10017653
05-07-19T11:13:09: Processing Item Id: 10018889
05-07-19T11:13:09: Processing Item Id: 10020419
05-07-19T11:13:09: Processing Item Id: 10000769
05-07-19T11:13:09: Processing Item Id: 10005552
05-07-19T11:13:09: Processing Item Id: 10059922
05-07-19T11:13:09: Processing Item Id: 10056364
05-07-19T11:13:09: Processing Item Id: 10038332
05-07-19T11:13:09: Processing Item Id: 10004314
05-07-19T11:13:09: Processing Item Id: 10025850
05-07-19T11:13:09: Processing Item Id: 10009738
05-07-19T11:13:09: Processing Item Id: 10006669
05-07-19T11:13:09: Processing Item Id: 10007655
05-07-19T11:13:09: Processing Item Id: 10046609
05-07-19T11:13:09: Processing Item Id: 10017657
05-07-19T11:13:09: Processing Item Id: 10018892
05-07-19T11:13:09: Processing Item Id: 10020423
05-07-19T11:13:09: Processing Item Id: 10057273
05-07-19T11:13:09: Processing Item Id: 10060745
05-07-19T11:13:09: Processing Item Id: 10027094
05-07-19T11:13:10: Processing Item Id: 10006671
05-07-19T11:13:10: Processing Item Id: 10060747
05-07-19T11:13:10: Processing Item Id: 10060748
05-07-19T11:13:10: Processing Item Id: 10002034
05-07-19T11:13:10: Processing Item Id: 10000770
05-07-19T11:13:10: Processing Item Id: 10035735
05-07-19T11:13:10: Processing Item Id: 10060749
05-07-19T11:13:10: Processing Item Id: 10039617
05-07-19T11:13:10: Processing Item Id: 10038341
05-07-19T11:13:10: Processing Item Id: 10041154
05-07-19T11:13:10: Processing Item Id: 10031402
05-07-19T11:13:10: Processing Item Id: 10002036
05-07-19T11:13:10: Processing Item Id: 10059928
05-07-19T11:13:10: Processing Item Id: 10021906
05-07-19T11:13:10: Processing Item Id: 10023090
05-07-19T11:13:10: Processing Item Id: 10024472
05-07-19T11:13:10: Processing Item Id: 10027103
05-07-19T11:13:10: Processing Item Id: 10028507
05-07-19T11:13:10: Processing Item Id: 10038346
05-07-19T11:13:10: Processing Item Id: 10030004
05-07-19T11:13:10: Processing Item Id: 10032651
05-07-19T11:13:10: Processing Item Id: 10052392
05-07-19T11:13:10: Processing Item Id: 10014575
05-07-19T11:13:10: Processing Item Id: 10044156
05-07-19T11:13:10: Processing Item Id: 10049453
05-07-19T11:13:10: Processing Item Id: 10050823
05-07-19T11:13:10: Processing Item Id: 10011796
05-07-19T11:13:10: Processing Item Id: 10018908
05-07-19T11:13:10: Processing Item Id: 10020438
05-07-19T11:13:10: Processing Item Id: 10025867
05-07-19T11:13:10: Processing Item Id: 10028513
05-07-19T11:13:10: Processing Item Id: 10030006
05-07-19T11:13:10: Processing Item Id: 10031412
05-07-19T11:13:10: Processing Item Id: 10035745
05-07-19T11:13:10: Processing Item Id: 10042781
05-07-19T11:13:10: Processing Item Id: 10045360
05-07-19T11:13:10: Processing Item Id: 10048085
05-07-19T11:13:10: Processing Item Id: 10050824
05-07-19T11:13:10: Processing Item Id: 10014578
05-07-19T11:13:11: Processing Item Id: 10009739
05-07-19T11:13:11: Processing Item Id: 10006672
05-07-19T11:13:11: Processing Item Id: 10046624
05-07-19T11:13:11: Processing Item Id: 10003126
05-07-19T11:13:11: Processing Item Id: 10005555
05-07-19T11:13:11: Processing Item Id: 10000772
05-07-19T11:13:11: Processing Item Id: 10002037
05-07-19T11:13:11: Processing Item Id: 10003127
05-07-19T11:13:11: Processing Item Id: 10004317
05-07-19T11:13:11: Processing Item Id: 10005556
05-07-19T11:13:11: Processing Item Id: 10000773
05-07-19T11:13:11: Processing Item Id: 10002038
05-07-19T11:13:11: Processing Item Id: 10003128
05-07-19T11:13:11: Processing Item Id: 10004318
05-07-19T11:13:11: Processing Item Id: 10005557
05-07-19T11:13:11: Processing Item Id: 10000774
05-07-19T11:13:11: Processing Item Id: 10002039
05-07-19T11:13:11: Processing Item Id: 10003129
05-07-19T11:13:11: Processing Item Id: 10004319
05-07-19T11:13:11: Processing Item Id: 10005558
05-07-19T11:13:11: Processing Item Id: 10000775
05-07-19T11:13:11: Processing Item Id: 10002040
05-07-19T11:13:11: Processing Item Id: 10003130
05-07-19T11:13:11: Processing Item Id: 10004320
05-07-19T11:13:11: Processing Item Id: 10005559
05-07-19T11:13:11: Processing Item Id: 10000776
05-07-19T11:13:11: Processing Item Id: 10002041
05-07-19T11:13:11: Processing Item Id: 10003131
05-07-19T11:13:11: Processing Item Id: 10000777
05-07-19T11:13:11: Processing Item Id: 10002042
05-07-19T11:13:11: Processing Item Id: 10003132
05-07-19T11:13:11: Processing Item Id: 10004322
05-07-19T11:13:11: Processing Item Id: 10005561
05-07-19T11:13:11: Processing Item Id: 10000778
05-07-19T11:13:11: Processing Item Id: 10002043
05-07-19T11:13:11: Processing Item Id: 10024481
05-07-19T11:13:11: Processing Item Id: 10003133
05-07-19T11:13:12: Processing Item Id: 10027113
05-07-19T11:13:12: Processing Item Id: 10028516
05-07-19T11:13:12: Processing Item Id: 10030010
05-07-19T11:13:12: Processing Item Id: 10031414
05-07-19T11:13:12: Processing Item Id: 10059930
05-07-19T11:13:12: Processing Item Id: 10057274
05-07-19T11:13:12: Processing Item Id: 10016102
05-07-19T11:13:12: Processing Item Id: 10003134
05-07-19T11:13:12: Processing Item Id: 10004323
05-07-19T11:13:12: Processing Item Id: 10005562
05-07-19T11:13:12: Processing Item Id: 10000779
05-07-19T11:13:12: Processing Item Id: 10002044
05-07-19T11:13:12: Processing Item Id: 10003135
05-07-19T11:13:12: Processing Item Id: 10004324
05-07-19T11:13:12: Processing Item Id: 10005563
05-07-19T11:13:12: Processing Item Id: 10000780
05-07-19T11:13:12: Processing Item Id: 10002045
05-07-19T11:13:12: Processing Item Id: 10044160
05-07-19T11:13:12: Processing Item Id: 10045364
05-07-19T11:13:12: Processing Item Id: 10052397
05-07-19T11:13:12: Processing Item Id: 10024484
05-07-19T11:13:12: Processing Item Id: 10060756
05-07-19T11:13:12: Processing Item Id: 10003136
05-07-19T11:13:12: Processing Item Id: 10036956
05-07-19T11:13:12: Processing Item Id: 10049459
05-07-19T11:13:12: Processing Item Id: 10017676
05-07-19T11:13:12: Processing Item Id: 10021916
05-07-19T11:13:12: Processing Item Id: 10023103
05-07-19T11:13:12: Processing Item Id: 10024486
05-07-19T11:13:12: Processing Item Id: 10041167
05-07-19T11:13:12: Processing Item Id: 10045367
05-07-19T11:13:12: Processing Item Id: 10024487
05-07-19T11:13:12: Processing Item Id: 10025876
05-07-19T11:13:12: Processing Item Id: 10027117
05-07-19T11:13:12: Processing Item Id: 10028521
05-07-19T11:13:12: Processing Item Id: 10030014
05-07-19T11:13:12: Processing Item Id: 10032660
05-07-19T11:13:12: Processing Item Id: 10031418
05-07-19T11:13:12: Processing Item Id: 10036958
05-07-19T11:13:12: Processing Item Id: 10060757
05-07-19T11:13:12: Processing Item Id: 10046629
05-07-19T11:13:12: Processing Item Id: 10003137
05-07-19T11:13:12: Processing Item Id: 10046630
05-07-19T11:13:12: Processing Item Id: 10050831
05-07-19T11:13:12: Processing Item Id: 10010555
05-07-19T11:13:12: Processing Item Id: 10046631
05-07-19T11:13:12: Processing Item Id: 10003138
05-07-19T11:13:12: Processing Item Id: 10000782
05-07-19T11:13:12: Processing Item Id: 10020447
05-07-19T11:13:12: Processing Item Id: 10024490
05-07-19T11:13:12: Processing Item Id: 10032663
05-07-19T11:13:12: Processing Item Id: 10031420
05-07-19T11:13:12: Processing Item Id: 10034031
05-07-19T11:13:12: Processing Item Id: 10036960
05-07-19T11:13:12: Processing Item Id: 10039637
05-07-19T11:13:12: Processing Item Id: 10038357
05-07-19T11:13:12: Processing Item Id: 10005565
05-07-19T11:13:12: Processing Item Id: 10008613
05-07-19T11:13:12: Processing Item Id: 10045371
05-07-19T11:13:13: Processing Item Id: 10046632
05-07-19T11:13:13: Processing Item Id: 10049464
05-07-19T11:13:13: Processing Item Id: 10052406
05-07-19T11:13:13: Processing Item Id: 10010558
05-07-19T11:13:13: Processing Item Id: 10011810
05-07-19T11:13:13: Processing Item Id: 10018922
05-07-19T11:13:13: Processing Item Id: 10023109
05-07-19T11:13:13: Processing Item Id: 10024493
05-07-19T11:13:13: Processing Item Id: 10025883
05-07-19T11:13:13: Processing Item Id: 10027124
05-07-19T11:13:13: Processing Item Id: 10030019
05-07-19T11:13:13: Processing Item Id: 10032666
05-07-19T11:13:13: Processing Item Id: 10031422
05-07-19T11:13:13: Processing Item Id: 10034034
05-07-19T11:13:13: Processing Item Id: 10038360
05-07-19T11:13:13: Processing Item Id: 10041174
05-07-19T11:13:13: Processing Item Id: 10044167
05-07-19T11:13:13: Processing Item Id: 10045373
05-07-19T11:13:13: Processing Item Id: 10046634
05-07-19T11:13:13: Processing Item Id: 10049466
05-07-19T11:13:13: Processing Item Id: 10048094
05-07-19T11:13:13: Processing Item Id: 10014592
05-07-19T11:13:13: Processing Item Id: 10017685
05-07-19T11:13:13: Processing Item Id: 10023110
05-07-19T11:13:13: Processing Item Id: 10024494
05-07-19T11:13:13: Processing Item Id: 10025884
05-07-19T11:13:13: Processing Item Id: 10028527
05-07-19T11:13:13: Processing Item Id: 10030020
05-07-19T11:13:13: Processing Item Id: 10032667
05-07-19T11:13:13: Processing Item Id: 10031423
05-07-19T11:13:13: Processing Item Id: 10034035
05-07-19T11:13:13: Processing Item Id: 10036964
05-07-19T11:13:13: Processing Item Id: 10035758
05-07-19T11:13:13: Processing Item Id: 10039641
05-07-19T11:13:13: Processing Item Id: 10038361
05-07-19T11:13:13: Processing Item Id: 10041175
05-07-19T11:13:13: Processing Item Id: 10042790
05-07-19T11:13:13: Processing Item Id: 10044168
05-07-19T11:13:13: Processing Item Id: 10045374
05-07-19T11:13:13: Processing Item Id: 10046635
05-07-19T11:13:13: Processing Item Id: 10049467
05-07-19T11:13:13: Processing Item Id: 10048095
05-07-19T11:13:13: Processing Item Id: 10050837
05-07-19T11:13:13: Processing Item Id: 10010560
05-07-19T11:13:13: Processing Item Id: 10013193
05-07-19T11:13:13: Processing Item Id: 10017686
05-07-19T11:13:13: Processing Item Id: 10021924
05-07-19T11:13:13: Processing Item Id: 10023111
05-07-19T11:13:13: Processing Item Id: 10024495
05-07-19T11:13:13: Processing Item Id: 10025885
05-07-19T11:13:13: Processing Item Id: 10027126
05-07-19T11:13:13: Processing Item Id: 10028528
05-07-19T11:13:13: Processing Item Id: 10030021
05-07-19T11:13:13: Processing Item Id: 10032668
05-07-19T11:13:13: Processing Item Id: 10031424
05-07-19T11:13:13: Processing Item Id: 10035759
05-07-19T11:13:13: Processing Item Id: 10049468
05-07-19T11:13:13: Processing Item Id: 10048096
05-07-19T11:13:13: Processing Item Id: 10050838
05-07-19T11:13:13: Processing Item Id: 10052409
05-07-19T11:13:13: Processing Item Id: 10010561
05-07-19T11:13:13: Processing Item Id: 10011813
05-07-19T11:13:14: Processing Item Id: 10013194
05-07-19T11:13:14: Processing Item Id: 10014594
05-07-19T11:13:14: Processing Item Id: 10018924
05-07-19T11:13:14: Processing Item Id: 10020452
05-07-19T11:13:14: Processing Item Id: 10021925
05-07-19T11:13:14: Processing Item Id: 10025887
05-07-19T11:13:14: Processing Item Id: 10011814
05-07-19T11:13:14: Processing Item Id: 10003140
05-07-19T11:13:14: Processing Item Id: 10004326
05-07-19T11:13:14: Processing Item Id: 10002048
05-07-19T11:13:14: Processing Item Id: 10003141
05-07-19T11:13:14: Processing Item Id: 10005567
05-07-19T11:13:14: Processing Item Id: 10004328
05-07-19T11:13:14: Processing Item Id: 10031426
05-07-19T11:13:14: Processing Item Id: 10036967
05-07-19T11:13:14: Processing Item Id: 10044173
05-07-19T11:13:14: Processing Item Id: 10045377
05-07-19T11:13:14: Processing Item Id: 10056365
05-07-19T11:13:14: Processing Item Id: 10027131
05-07-19T11:13:14: Processing Item Id: 10028532
05-07-19T11:13:14: Processing Item Id: 10032670
05-07-19T11:13:14: Processing Item Id: 10049472
05-07-19T11:13:14: Processing Item Id: 10032671
05-07-19T11:13:14: Processing Item Id: 10035765
05-07-19T11:13:14: Processing Item Id: 10004329
05-07-19T11:13:14: Processing Item Id: 10014600
05-07-19T11:13:14: Processing Item Id: 10016117
05-07-19T11:13:14: Processing Item Id: 10017692
05-07-19T11:13:14: Processing Item Id: 10018929
05-07-19T11:13:14: Processing Item Id: 10020456
05-07-19T11:13:14: Processing Item Id: 10023116
05-07-19T11:13:14: Processing Item Id: 10024500
05-07-19T11:13:14: Processing Item Id: 10028533
05-07-19T11:13:14: Processing Item Id: 10031429
05-07-19T11:13:14: Processing Item Id: 10034043
05-07-19T11:13:14: Processing Item Id: 10035766
05-07-19T11:13:14: Processing Item Id: 10046641
05-07-19T11:13:14: Processing Item Id: 10050844
05-07-19T11:13:14: Processing Item Id: 10013198
05-07-19T11:13:14: Processing Item Id: 10016118
05-07-19T11:13:14: Processing Item Id: 10031430
05-07-19T11:13:14: Processing Item Id: 10003142
05-07-19T11:13:14: Processing Item Id: 10018930
05-07-19T11:13:14: Processing Item Id: 10021931
05-07-19T11:13:14: Processing Item Id: 10000784
05-07-19T11:13:14: Processing Item Id: 10017694
05-07-19T11:13:14: Processing Item Id: 10010568
05-07-19T11:13:14: Processing Item Id: 10017696
05-07-19T11:13:14: Processing Item Id: 10018934
05-07-19T11:13:14: Processing Item Id: 10024505
05-07-19T11:13:14: Processing Item Id: 10038369
05-07-19T11:13:14: Processing Item Id: 10049480
05-07-19T11:13:14: Processing Item Id: 10011823
05-07-19T11:13:14: Processing Item Id: 10013204
05-07-19T11:13:14: Processing Item Id: 10038370
05-07-19T11:13:14: Processing Item Id: 10041190
05-07-19T11:13:14: Processing Item Id: 10021936
05-07-19T11:13:14: Processing Item Id: 10002050
05-07-19T11:13:14: Processing Item Id: 10027139
05-07-19T11:13:14: Processing Item Id: 10030036
05-07-19T11:13:14: Processing Item Id: 10020464
05-07-19T11:13:14: Processing Item Id: 10000012
05-07-19T11:13:14: Processing Item Id: 10000190
05-07-19T11:13:14: Processing Item Id: 10045387
05-07-19T11:13:14: Processing Item Id: 10000013
05-07-19T11:13:14: Processing Item Id: 10000785
05-07-19T11:13:15: Processing Item Id: 10002051
05-07-19T11:13:15: Processing Item Id: 10005568
05-07-19T11:13:15: Processing Item Id: 10003143
05-07-19T11:13:15: Processing Item Id: 10004330
05-07-19T11:13:15: Processing Item Id: 10003144
05-07-19T11:13:15: Processing Item Id: 10000786
05-07-19T11:13:15: Processing Item Id: 10002052
05-07-19T11:13:15: Processing Item Id: 10000787
05-07-19T11:13:15: Processing Item Id: 10005569
05-07-19T11:13:15: Processing Item Id: 10000788
05-07-19T11:13:15: Processing Item Id: 10003145
05-07-19T11:13:15: Processing Item Id: 10002053
05-07-19T11:13:15: Processing Item Id: 10003146
05-07-19T11:13:15: Processing Item Id: 10004332
05-07-19T11:13:15: Processing Item Id: 10002054
05-07-19T11:13:15: Processing Item Id: 10000790
05-07-19T11:13:15: Processing Item Id: 10005571
05-07-19T11:13:15: Processing Item Id: 10002055
05-07-19T11:13:15: Processing Item Id: 10002056
05-07-19T11:13:15: Processing Item Id: 10000791
05-07-19T11:13:15: Processing Item Id: 10028546
05-07-19T11:13:15: Processing Item Id: 10005572
05-07-19T11:13:15: Processing Item Id: 10032683
05-07-19T11:13:15: Processing Item Id: 10000792
05-07-19T11:13:15: Processing Item Id: 10002057
05-07-19T11:13:15: Processing Item Id: 10004333
05-07-19T11:13:15: Processing Item Id: 10045389
05-07-19T11:13:15: Processing Item Id: 10049484
05-07-19T11:13:15: Processing Item Id: 10048112
05-07-19T11:13:15: Processing Item Id: 10050854
05-07-19T11:13:15: Processing Item Id: 10002058
05-07-19T11:13:15: Processing Item Id: 10000793
05-07-19T11:13:15: Processing Item Id: 10005573
05-07-19T11:13:15: Processing Item Id: 10002059
05-07-19T11:13:15: Processing Item Id: 10003147
05-07-19T11:13:15: Processing Item Id: 10000794
05-07-19T11:13:15: Processing Item Id: 10002060
05-07-19T11:13:15: Processing Item Id: 10005574
05-07-19T11:13:15: Processing Item Id: 10000795
05-07-19T11:13:15: Processing Item Id: 10004335
05-07-19T11:13:15: Processing Item Id: 10004336
05-07-19T11:13:15: Processing Item Id: 10003148
05-07-19T11:13:15: Processing Item Id: 10004337
05-07-19T11:13:15: Processing Item Id: 10005575
05-07-19T11:13:15: Processing Item Id: 10000796
05-07-19T11:13:15: Processing Item Id: 10002061
05-07-19T11:13:15: Processing Item Id: 10005576
05-07-19T11:13:15: Processing Item Id: 10000797
05-07-19T11:13:15: Processing Item Id: 10002062
05-07-19T11:13:15: Processing Item Id: 10003149
05-07-19T11:13:15: Processing Item Id: 10002063
05-07-19T11:13:15: Processing Item Id: 10004338
05-07-19T11:13:15: Processing Item Id: 10003150
05-07-19T11:13:15: Processing Item Id: 10002064
05-07-19T11:13:15: Processing Item Id: 10016129
05-07-19T11:13:15: Processing Item Id: 10018941
05-07-19T11:13:15: Processing Item Id: 10025902
05-07-19T11:13:16: Processing Item Id: 10027144
05-07-19T11:13:16: Processing Item Id: 10003151
05-07-19T11:13:16: Processing Item Id: 10000798
05-07-19T11:13:16: Processing Item Id: 10004339
05-07-19T11:13:16: Processing Item Id: 10000799
05-07-19T11:13:16: Processing Item Id: 10020468
05-07-19T11:13:16: Processing Item Id: 10003152
05-07-19T11:13:16: Processing Item Id: 10027145
05-07-19T11:13:16: Processing Item Id: 10003153
05-07-19T11:13:16: Processing Item Id: 10004340
05-07-19T11:13:16: Processing Item Id: 10002065
05-07-19T11:13:16: Processing Item Id: 10004341
05-07-19T11:13:16: Processing Item Id: 10005577
05-07-19T11:13:16: Processing Item Id: 10002066
05-07-19T11:13:16: Processing Item Id: 10005578
05-07-19T11:13:16: Processing Item Id: 10002067
05-07-19T11:13:16: Processing Item Id: 10000801
05-07-19T11:13:16: Processing Item Id: 10013211
05-07-19T11:13:16: Processing Item Id: 10000802
05-07-19T11:13:16: Processing Item Id: 10028551
05-07-19T11:13:16: Processing Item Id: 10059943
05-07-19T11:13:16: Processing Item Id: 10025905
05-07-19T11:13:16: Processing Item Id: 10020471
05-07-19T11:13:16: Processing Item Id: 10021942
05-07-19T11:13:16: Processing Item Id: 10025906
05-07-19T11:13:16: Processing Item Id: 10028553
05-07-19T11:13:16: Processing Item Id: 10030040
05-07-19T11:13:16: Processing Item Id: 10039665
05-07-19T11:13:16: Processing Item Id: 10005580
05-07-19T11:13:16: Processing Item Id: 10002068
05-07-19T11:13:16: Processing Item Id: 10000803
05-07-19T11:13:16: Processing Item Id: 10021943
05-07-19T11:13:16: Processing Item Id: 10032690
05-07-19T11:13:16: Processing Item Id: 10002069
05-07-19T11:13:16: Processing Item Id: 10014614
05-07-19T11:13:16: Processing Item Id: 10023132
05-07-19T11:13:16: Processing Item Id: 10024515
05-07-19T11:13:16: Processing Item Id: 10046660
05-07-19T11:13:16: Processing Item Id: 10038384
05-07-19T11:13:16: Processing Item Id: 10041203
05-07-19T11:13:16: Processing Item Id: 10042817
05-07-19T11:13:16: Processing Item Id: 10057276
05-07-19T11:13:16: Processing Item Id: 10005581
05-07-19T11:13:16: Processing Item Id: 10000804
05-07-19T11:13:16: Processing Item Id: 10053671
05-07-19T11:13:16: Processing Item Id: 10003159
05-07-19T11:13:16: Processing Item Id: 10004346
05-07-19T11:13:16: Processing Item Id: 10055503
05-07-19T11:13:17: Processing Item Id: 10057277
05-07-19T11:13:17: Processing Item Id: 10057800
05-07-19T11:13:17: Processing Item Id: 10056366
05-07-19T11:13:17: Processing Item Id: 10057278
05-07-19T11:13:17: Processing Item Id: 10055504
05-07-19T11:13:17: Processing Item Id: 10056367
05-07-19T11:13:17: Processing Item Id: 10014617
05-07-19T11:13:17: Processing Item Id: 10023134
05-07-19T11:13:17: Processing Item Id: 10042820
05-07-19T11:13:17: Processing Item Id: 10023135
05-07-19T11:13:17: Processing Item Id: 10027153
05-07-19T11:13:17: Processing Item Id: 10028558
05-07-19T11:13:17: Processing Item Id: 10050868
05-07-19T11:13:17: Processing Item Id: 10039672
05-07-19T11:13:17: Processing Item Id: 10038388
05-07-19T11:13:17: Processing Item Id: 10060773
05-07-19T11:13:17: Processing Item Id: 10017717
05-07-19T11:13:17: Processing Item Id: 10060774
05-07-19T11:13:17: Processing Item Id: 10021949
05-07-19T11:13:17: Processing Item Id: 10038390
05-07-19T11:13:17: Processing Item Id: 10005583
05-07-19T11:13:17: Processing Item Id: 10030047
05-07-19T11:13:17: Processing Item Id: 10021952
05-07-19T11:13:17: Processing Item Id: 10059456
05-07-19T11:13:17: Processing Item Id: 10059457
05-07-19T11:13:17: Processing Item Id: 10032700
05-07-19T11:13:17: Processing Item Id: 10045407
05-07-19T11:13:17: Processing Item Id: 10025919
05-07-19T11:13:17: Processing Item Id: 10037000
05-07-19T11:13:17: Processing Item Id: 10052445
05-07-19T11:13:17: Processing Item Id: 10017726
05-07-19T11:13:17: Processing Item Id: 10059952
05-07-19T11:13:17: Processing Item Id: 10059459
05-07-19T11:13:17: Processing Item Id: 10059953
05-07-19T11:13:17: Processing Item Id: 10059460
05-07-19T11:13:17: Processing Item Id: 10060781
05-07-19T11:13:17: Processing Item Id: 10002072
05-07-19T11:13:17: Processing Item Id: 10060782
05-07-19T11:13:17: Processing Item Id: 10059954
05-07-19T11:13:17: Processing Item Id: 10059955
05-07-19T11:13:17: Processing Item Id: 10059956
05-07-19T11:13:17: Processing Item Id: 10048135
05-07-19T11:13:17: Processing Item Id: 10059958
05-07-19T11:13:17: Processing Item Id: 10059462
05-07-19T11:13:17: Processing Item Id: 10060785
05-07-19T11:13:17: Processing Item Id: 10060786
05-07-19T11:13:17: Processing Item Id: 10000807
05-07-19T11:13:17: Processing Item Id: 10059463
05-07-19T11:13:17: Processing Item Id: 10011845
05-07-19T11:13:17: Processing Item Id: 10013228
05-07-19T11:13:18: Processing Item Id: 10014629
05-07-19T11:13:18: Processing Item Id: 10059961
05-07-19T11:13:18: Processing Item Id: 10060787
05-07-19T11:13:18: Processing Item Id: 10059464
05-07-19T11:13:18: Processing Item Id: 10060788
05-07-19T11:13:18: Processing Item Id: 10059465
05-07-19T11:13:18: Processing Item Id: 10034074
05-07-19T11:13:18: Processing Item Id: 10060790
05-07-19T11:13:18: Processing Item Id: 10060791
05-07-19T11:13:18: Processing Item Id: 10008621
05-07-19T11:13:18: Processing Item Id: 10060792
05-07-19T11:13:18: Processing Item Id: 10059466
05-07-19T11:13:18: Processing Item Id: 10020488
05-07-19T11:13:18: Processing Item Id: 10028569
05-07-19T11:13:18: Processing Item Id: 10030056
05-07-19T11:13:18: Processing Item Id: 10060793
05-07-19T11:13:18: Processing Item Id: 10059468
05-07-19T11:13:18: Processing Item Id: 10060794
05-07-19T11:13:18: Processing Item Id: 10059469
05-07-19T11:13:18: Processing Item Id: 10059966
05-07-19T11:13:18: Processing Item Id: 10060795
05-07-19T11:13:18: Processing Item Id: 10060796
05-07-19T11:13:18: Processing Item Id: 10059967
05-07-19T11:13:18: Processing Item Id: 10059968
05-07-19T11:13:18: Processing Item Id: 10059470
05-07-19T11:13:18: Processing Item Id: 10060798
05-07-19T11:13:18: Processing Item Id: 10060799
05-07-19T11:13:18: Processing Item Id: 10059471
05-07-19T11:13:18: Processing Item Id: 10002074
05-07-19T11:13:18: Processing Item Id: 10059472
05-07-19T11:13:18: Processing Item Id: 10059971
05-07-19T11:13:18: Processing Item Id: 10060800
05-07-19T11:13:18: Processing Item Id: 10059972
05-07-19T11:13:18: Processing Item Id: 10059474
05-07-19T11:13:18: Processing Item Id: 10060801
05-07-19T11:13:18: Processing Item Id: 10059974
05-07-19T11:13:18: Processing Item Id: 10005585
05-07-19T11:13:18: Processing Item Id: 10042833
05-07-19T11:13:18: Processing Item Id: 10044213
05-07-19T11:13:18: Processing Item Id: 10016153
05-07-19T11:13:18: Processing Item Id: 10027169
05-07-19T11:13:18: Processing Item Id: 10018966
05-07-19T11:13:18: Processing Item Id: 10028573
05-07-19T11:13:18: Processing Item Id: 10030062
05-07-19T11:13:18: Processing Item Id: 10037007
05-07-19T11:13:18: Processing Item Id: 10059976
05-07-19T11:13:18: Processing Item Id: 10060806
05-07-19T11:13:18: Processing Item Id: 10050883
05-07-19T11:13:18: Processing Item Id: 10010604
05-07-19T11:13:18: Processing Item Id: 10004349
05-07-19T11:13:18: Processing Item Id: 10005587
05-07-19T11:13:18: Processing Item Id: 10034081
05-07-19T11:13:18: Processing Item Id: 10050884
05-07-19T11:13:18: Processing Item Id: 10052453
05-07-19T11:13:18: Processing Item Id: 10005588
05-07-19T11:13:18: Processing Item Id: 10005589
05-07-19T11:13:19: Processing Item Id: 10002077
05-07-19T11:13:19: Processing Item Id: 10003162
05-07-19T11:13:19: Processing Item Id: 10061320
05-07-19T11:13:19: Processing Item Id: 10061322
05-07-19T11:13:19: Processing Item Id: 10000808
05-07-19T11:13:19: Processing Item Id: 10027172
05-07-19T11:13:19: Processing Item Id: 10004350
05-07-19T11:13:19: Processing Item Id: 10002078
05-07-19T11:13:19: Processing Item Id: 10007662
05-07-19T11:13:19: Processing Item Id: 10005590
05-07-19T11:13:19: Processing Item Id: 10023152
05-07-19T11:13:19: Processing Item Id: 10024538
05-07-19T11:13:19: Processing Item Id: 10000809
05-07-19T11:13:19: Processing Item Id: 10037010
05-07-19T11:13:19: Processing Item Id: 10000810
05-07-19T11:13:19: Processing Item Id: 10060808
05-07-19T11:13:19: Processing Item Id: 10002079
05-07-19T11:13:19: Processing Item Id: 10000811
05-07-19T11:13:19: Processing Item Id: 10008623
05-07-19T11:13:19: Processing Item Id: 10009747
05-07-19T11:13:19: Processing Item Id: 10059978
05-07-19T11:13:19: Processing Item Id: 10016158
05-07-19T11:13:19: Processing Item Id: 10000014
05-07-19T11:13:19: Processing Item Id: 10000192
05-07-19T11:13:19: Processing Item Id: 10057801
05-07-19T11:13:19: Processing Item Id: 10004351
05-07-19T11:13:19: Processing Item Id: 10005591
05-07-19T11:13:19: Processing Item Id: 10004352
05-07-19T11:13:19: Processing Item Id: 10005592
05-07-19T11:13:19: Processing Item Id: 10004353
05-07-19T11:13:19: Processing Item Id: 10006682
05-07-19T11:13:19: Processing Item Id: 10046684
05-07-19T11:13:19: Processing Item Id: 10059485
05-07-19T11:13:19: Processing Item Id: 10044220
05-07-19T11:13:19: Processing Item Id: 10005593
05-07-19T11:13:19: Processing Item Id: 10003164
05-07-19T11:13:19: Processing Item Id: 10059983
05-07-19T11:13:20: Processing Item Id: 10006683
05-07-19T11:13:20: Processing Item Id: 10007663
05-07-19T11:13:20: Processing Item Id: 10008624
05-07-19T11:13:20: Processing Item Id: 10009748
05-07-19T11:13:20: Processing Item Id: 10006684
05-07-19T11:13:20: Processing Item Id: 10059488
05-07-19T11:13:20: Processing Item Id: 10055506
05-07-19T11:13:20: Processing Item Id: 10059490
05-07-19T11:13:20: Processing Item Id: 10013238
05-07-19T11:13:20: Processing Item Id: 10004354
05-07-19T11:13:20: Processing Item Id: 10059985
05-07-19T11:13:20: Processing Item Id: 10059986
05-07-19T11:13:20: Processing Item Id: 10011860
05-07-19T11:13:20: Processing Item Id: 10030072
05-07-19T11:13:20: Processing Item Id: 10004356
05-07-19T11:13:20: Processing Item Id: 10061784
05-07-19T11:13:20: Processing Item Id: 10009750
05-07-19T11:13:20: Processing Item Id: 10046691
05-07-19T11:13:20: Processing Item Id: 10045426
05-07-19T11:13:20: Processing Item Id: 10061383
05-07-19T11:13:20: Processing Item Id: 10061557
05-07-19T11:13:20: Processing Item Id: 10061586
05-07-19T11:13:20: Processing Item Id: 10000813
05-07-19T11:13:20: Processing Item Id: 10003166
05-07-19T11:13:20: Processing Item Id: 10016168
05-07-19T11:13:20: Processing Item Id: 10000814
05-07-19T11:13:20: Processing Item Id: 10005596
05-07-19T11:13:20: Processing Item Id: 10014648
05-07-19T11:13:20: Processing Item Id: 10016169
05-07-19T11:13:20: Processing Item Id: 10017746
05-07-19T11:13:20: Processing Item Id: 10020506
05-07-19T11:13:20: Processing Item Id: 10021973
05-07-19T11:13:20: Processing Item Id: 10028584
05-07-19T11:13:21: Processing Item Id: 10039695
05-07-19T11:13:21: Processing Item Id: 10038413
05-07-19T11:13:21: Processing Item Id: 10050892
05-07-19T11:13:21: Processing Item Id: 10013244
05-07-19T11:13:21: Processing Item Id: 10014649
05-07-19T11:13:21: Processing Item Id: 10018979
05-07-19T11:13:21: Processing Item Id: 10024546
05-07-19T11:13:21: Processing Item Id: 10006688
05-07-19T11:13:21: Processing Item Id: 10041238
05-07-19T11:13:21: Processing Item Id: 10010617
05-07-19T11:13:21: Processing Item Id: 10007665
05-07-19T11:13:21: Processing Item Id: 10006689
05-07-19T11:13:21: Processing Item Id: 10007666
05-07-19T11:13:21: Processing Item Id: 10008627
05-07-19T11:13:21: Processing Item Id: 10006690
05-07-19T11:13:21: Processing Item Id: 10009752
05-07-19T11:13:21: Processing Item Id: 10007668
05-07-19T11:13:21: Processing Item Id: 10008629
05-07-19T11:13:21: Processing Item Id: 10009753
05-07-19T11:13:21: Processing Item Id: 10006692
05-07-19T11:13:21: Processing Item Id: 10009754
05-07-19T11:13:21: Processing Item Id: 10060814
05-07-19T11:13:21: Processing Item Id: 10046694
05-07-19T11:13:21: Processing Item Id: 10059987
05-07-19T11:13:21: Processing Item Id: 10014651
05-07-19T11:13:21: Processing Item Id: 10049523
05-07-19T11:13:21: Processing Item Id: 10008646
05-07-19T11:13:21: Processing Item Id: 10008647
05-07-19T11:13:21: Processing Item Id: 10044232
05-07-19T11:13:21: Processing Item Id: 10045430
05-07-19T11:13:22: Processing Item Id: 10005597
05-07-19T11:13:22: Processing Item Id: 10002084
